[2023-01-20 21:57:38,512][__main__][INFO] - parameters: Parameter containing:
tensor([[0.8712, 0.1519, 0.9081, 0.7787, 0.0965, 0.8871, 0.7262, 0.1623, 0.0573,
         0.1883]], requires_grad=True)
[2023-01-20 21:57:38,722][__main__][INFO] - parameters: Parameter containing:
tensor([[0.8798, 0.1423, 0.8983, 0.7875, 0.1063, 0.8773, 0.7358, 0.1722, 0.0480,
         0.1976]], requires_grad=True)
[2023-01-20 21:57:38,910][__main__][INFO] - parameters: Parameter containing:
tensor([[0.8888, 0.1338, 0.8883, 0.7965, 0.1140, 0.8695, 0.7429, 0.1745, 0.0394,
         0.2065]], requires_grad=True)
[2023-01-20 21:57:39,082][__main__][INFO] - parameters: Parameter containing:
tensor([[0.8979, 0.1255, 0.8786, 0.8054, 0.1205, 0.8674, 0.7479, 0.1747, 0.0320,
         0.2158]], requires_grad=True)
[2023-01-20 21:57:39,250][__main__][INFO] - parameters: Parameter containing:
tensor([[0.9068, 0.1166, 0.8692, 0.8089, 0.1272, 0.8685, 0.7538, 0.1778, 0.0266,
         0.2254]], requires_grad=True)
[2023-01-20 21:57:39,436][__main__][INFO] - parameters: Parameter containing:
tensor([[0.9141, 0.1096, 0.8613, 0.8102, 0.1323, 0.8703, 0.7585, 0.1811, 0.0235,
         0.2310]], requires_grad=True)
[2023-01-20 21:57:39,617][__main__][INFO] - parameters: Parameter containing:
tensor([[0.9181, 0.1032, 0.8565, 0.8102, 0.1374, 0.8721, 0.7637, 0.1854, 0.0221,
         0.2360]], requires_grad=True)
[2023-01-20 21:57:39,795][__main__][INFO] - parameters: Parameter containing:
tensor([[0.9209, 0.0976, 0.8534, 0.8111, 0.1425, 0.8742, 0.7691, 0.1887, 0.0205,
         0.2399]], requires_grad=True)
[2023-01-20 21:57:39,996][__main__][INFO] - parameters: Parameter containing:
tensor([[0.9235, 0.0925, 0.8503, 0.8134, 0.1474, 0.8767, 0.7737, 0.1901, 0.0184,
         0.2454]], requires_grad=True)
[2023-01-20 21:57:40,170][__main__][INFO] - parameters: Parameter containing:
tensor([[0.9273, 0.0870, 0.8462, 0.8172, 0.1525, 0.8794, 0.7782, 0.1906, 0.0154,
         0.2519]], requires_grad=True)
[2023-01-20 21:57:40,347][__main__][INFO] - parameters: Parameter containing:
tensor([[0.9312, 0.0826, 0.8425, 0.8215, 0.1570, 0.8816, 0.7819, 0.1910, 0.0128,
         0.2564]], requires_grad=True)
[2023-01-20 21:57:40,541][__main__][INFO] - parameters: Parameter containing:
tensor([[0.9351, 0.0795, 0.8400, 0.8263, 0.1609, 0.8834, 0.7851, 0.1915, 0.0116,
         0.2585]], requires_grad=True)
[2023-01-20 21:57:40,719][__main__][INFO] - parameters: Parameter containing:
tensor([[0.9376, 0.0782, 0.8396, 0.8319, 0.1646, 0.8828, 0.7879, 0.1919, 0.0104,
         0.2598]], requires_grad=True)
[2023-01-20 21:57:40,907][__main__][INFO] - parameters: Parameter containing:
tensor([[0.9398, 0.0772, 0.8400, 0.8384, 0.1691, 0.8809, 0.7912, 0.1931, 0.0091,
         0.2613]], requires_grad=True)
[2023-01-20 21:57:41,114][__main__][INFO] - parameters: Parameter containing:
tensor([[0.9421, 0.0763, 0.8406, 0.8450, 0.1740, 0.8774, 0.7948, 0.1956, 0.0074,
         0.2619]], requires_grad=True)
[2023-01-20 21:57:41,294][__main__][INFO] - parameters: Parameter containing:
tensor([[0.9433, 0.0761, 0.8417, 0.8503, 0.1790, 0.8727, 0.7981, 0.1982, 0.0046,
         0.2623]], requires_grad=True)
[2023-01-20 21:57:41,479][__main__][INFO] - parameters: Parameter containing:
tensor([[0.9427, 0.0762, 0.8435, 0.8543, 0.1843, 0.8672, 0.8015, 0.2010, 0.0014,
         0.2638]], requires_grad=True)
[2023-01-20 21:57:41,675][__main__][INFO] - parameters: Parameter containing:
tensor([[ 0.9409,  0.0768,  0.8457,  0.8561,  0.1898,  0.8606,  0.8048,  0.2045,
         -0.0021,  0.2649]], requires_grad=True)
[2023-01-20 21:57:41,855][__main__][INFO] - parameters: Parameter containing:
tensor([[ 0.9383,  0.0776,  0.8479,  0.8568,  0.1952,  0.8535,  0.8077,  0.2085,
         -0.0058,  0.2662]], requires_grad=True)
[2023-01-20 21:57:42,029][__main__][INFO] - parameters: Parameter containing:
tensor([[ 0.9374,  0.0779,  0.8486,  0.8574,  0.2003,  0.8474,  0.8105,  0.2120,
         -0.0088,  0.2674]], requires_grad=True)
[2023-01-20 21:57:42,208][__main__][INFO] - parameters: Parameter containing:
tensor([[ 0.9374,  0.0775,  0.8480,  0.8578,  0.2051,  0.8423,  0.8130,  0.2152,
         -0.0112,  0.2700]], requires_grad=True)
[2023-01-20 21:57:42,395][__main__][INFO] - parameters: Parameter containing:
tensor([[ 0.9386,  0.0765,  0.8462,  0.8581,  0.2092,  0.8387,  0.8149,  0.2177,
         -0.0129,  0.2735]], requires_grad=True)
[2023-01-20 21:57:42,579][__main__][INFO] - parameters: Parameter containing:
tensor([[ 0.9404,  0.0755,  0.8438,  0.8587,  0.2125,  0.8362,  0.8163,  0.2198,
         -0.0139,  0.2771]], requires_grad=True)
[2023-01-20 21:57:42,762][__main__][INFO] - parameters: Parameter containing:
tensor([[ 0.9431,  0.0744,  0.8406,  0.8581,  0.2147,  0.8345,  0.8171,  0.2214,
         -0.0142,  0.2795]], requires_grad=True)
[2023-01-20 21:57:42,940][__main__][INFO] - parameters: Parameter containing:
tensor([[ 0.9444,  0.0733,  0.8376,  0.8565,  0.2166,  0.8332,  0.8174,  0.2231,
         -0.0141,  0.2830]], requires_grad=True)
[2023-01-20 21:57:43,113][__main__][INFO] - parameters: Parameter containing:
tensor([[ 0.9447,  0.0729,  0.8355,  0.8540,  0.2187,  0.8311,  0.8178,  0.2244,
         -0.0147,  0.2860]], requires_grad=True)
[2023-01-20 21:57:43,291][__main__][INFO] - parameters: Parameter containing:
tensor([[ 0.9443,  0.0734,  0.8344,  0.8509,  0.2208,  0.8286,  0.8182,  0.2249,
         -0.0161,  0.2886]], requires_grad=True)
[2023-01-20 21:57:43,473][__main__][INFO] - parameters: Parameter containing:
tensor([[ 0.9431,  0.0747,  0.8340,  0.8468,  0.2229,  0.8255,  0.8187,  0.2248,
         -0.0181,  0.2906]], requires_grad=True)
[2023-01-20 21:57:43,655][__main__][INFO] - parameters: Parameter containing:
tensor([[ 0.9412,  0.0765,  0.8342,  0.8417,  0.2249,  0.8220,  0.8197,  0.2242,
         -0.0202,  0.2923]], requires_grad=True)
[2023-01-20 21:57:43,846][__main__][INFO] - parameters: Parameter containing:
tensor([[ 0.9408,  0.0783,  0.8339,  0.8375,  0.2261,  0.8193,  0.8204,  0.2234,
         -0.0218,  0.2933]], requires_grad=True)
[2023-01-20 21:57:44,008][__main__][INFO] - parameters: Parameter containing:
tensor([[ 0.9419,  0.0797,  0.8328,  0.8343,  0.2267,  0.8182,  0.8205,  0.2221,
         -0.0228,  0.2934]], requires_grad=True)
[2023-01-20 21:57:44,171][__main__][INFO] - parameters: Parameter containing:
tensor([[ 0.9435,  0.0810,  0.8314,  0.8314,  0.2265,  0.8177,  0.8202,  0.2209,
         -0.0235,  0.2928]], requires_grad=True)
[2023-01-20 21:57:44,359][__main__][INFO] - parameters: Parameter containing:
tensor([[ 0.9455,  0.0826,  0.8304,  0.8288,  0.2259,  0.8178,  0.8199,  0.2195,
         -0.0238,  0.2914]], requires_grad=True)
[2023-01-20 21:57:44,563][__main__][INFO] - parameters: Parameter containing:
tensor([[ 0.9474,  0.0843,  0.8302,  0.8269,  0.2253,  0.8184,  0.8199,  0.2182,
         -0.0238,  0.2891]], requires_grad=True)
[2023-01-20 21:57:44,743][__main__][INFO] - parameters: Parameter containing:
tensor([[ 0.9492,  0.0870,  0.8313,  0.8264,  0.2248,  0.8193,  0.8197,  0.2163,
         -0.0241,  0.2853]], requires_grad=True)
[2023-01-20 21:57:44,913][__main__][INFO] - parameters: Parameter containing:
tensor([[ 0.9499,  0.0888,  0.8334,  0.8274,  0.2253,  0.8212,  0.8205,  0.2149,
         -0.0239,  0.2824]], requires_grad=True)
[2023-01-20 21:57:45,123][__main__][INFO] - parameters: Parameter containing:
tensor([[ 0.9501,  0.0892,  0.8357,  0.8290,  0.2266,  0.8236,  0.8226,  0.2147,
         -0.0233,  0.2800]], requires_grad=True)
[2023-01-20 21:57:45,300][__main__][INFO] - parameters: Parameter containing:
tensor([[ 0.9499,  0.0889,  0.8383,  0.8314,  0.2286,  0.8262,  0.8253,  0.2148,
         -0.0227,  0.2777]], requires_grad=True)
[2023-01-20 21:57:45,477][__main__][INFO] - parameters: Parameter containing:
tensor([[ 0.9515,  0.0875,  0.8397,  0.8343,  0.2303,  0.8296,  0.8279,  0.2155,
         -0.0221,  0.2755]], requires_grad=True)
[2023-01-20 21:57:45,668][__main__][INFO] - parameters: Parameter containing:
tensor([[ 0.9543,  0.0856,  0.8400,  0.8365,  0.2316,  0.8328,  0.8303,  0.2169,
         -0.0208,  0.2742]], requires_grad=True)
[2023-01-20 21:57:45,874][__main__][INFO] - parameters: Parameter containing:
tensor([[ 0.9552,  0.0845,  0.8413,  0.8378,  0.2327,  0.8348,  0.8321,  0.2174,
         -0.0196,  0.2746]], requires_grad=True)
[2023-01-20 21:57:46,035][__main__][INFO] - parameters: Parameter containing:
tensor([[ 0.9541,  0.0848,  0.8441,  0.8387,  0.2337,  0.8354,  0.8333,  0.2163,
         -0.0188,  0.2758]], requires_grad=True)
[2023-01-20 21:57:46,204][__main__][INFO] - parameters: Parameter containing:
tensor([[ 0.9531,  0.0853,  0.8466,  0.8390,  0.2347,  0.8358,  0.8337,  0.2155,
         -0.0176,  0.2784]], requires_grad=True)
[2023-01-20 21:57:46,379][__main__][INFO] - parameters: Parameter containing:
tensor([[ 0.9536,  0.0858,  0.8482,  0.8383,  0.2352,  0.8361,  0.8336,  0.2146,
         -0.0161,  0.2806]], requires_grad=True)
[2023-01-20 21:57:46,567][__main__][INFO] - parameters: Parameter containing:
tensor([[ 0.9556,  0.0863,  0.8486,  0.8366,  0.2355,  0.8363,  0.8329,  0.2136,
         -0.0145,  0.2819]], requires_grad=True)
[2023-01-20 21:57:46,742][__main__][INFO] - parameters: Parameter containing:
tensor([[ 0.9575,  0.0865,  0.8486,  0.8339,  0.2359,  0.8367,  0.8320,  0.2137,
         -0.0124,  0.2834]], requires_grad=True)
[2023-01-20 21:57:46,919][__main__][INFO] - parameters: Parameter containing:
tensor([[ 0.9588,  0.0866,  0.8484,  0.8309,  0.2366,  0.8367,  0.8309,  0.2135,
         -0.0107,  0.2844]], requires_grad=True)
[2023-01-20 21:57:47,105][__main__][INFO] - parameters: Parameter containing:
tensor([[ 0.9584,  0.0868,  0.8487,  0.8287,  0.2380,  0.8363,  0.8292,  0.2132,
         -0.0098,  0.2863]], requires_grad=True)
[2023-01-20 21:57:47,285][__main__][INFO] - parameters: Parameter containing:
tensor([[ 0.9571,  0.0862,  0.8487,  0.8271,  0.2402,  0.8361,  0.8272,  0.2135,
         -0.0092,  0.2892]], requires_grad=True)
[2023-01-20 21:57:47,462][__main__][INFO] - parameters: Parameter containing:
tensor([[ 0.9556,  0.0855,  0.8486,  0.8256,  0.2426,  0.8357,  0.8253,  0.2138,
         -0.0087,  0.2914]], requires_grad=True)
[2023-01-20 21:57:47,659][__main__][INFO] - parameters: Parameter containing:
tensor([[ 0.9542,  0.0845,  0.8483,  0.8253,  0.2452,  0.8353,  0.8228,  0.2147,
         -0.0086,  0.2918]], requires_grad=True)
[2023-01-20 21:57:47,856][__main__][INFO] - parameters: Parameter containing:
tensor([[ 0.9544,  0.0837,  0.8471,  0.8248,  0.2473,  0.8346,  0.8199,  0.2159,
         -0.0087,  0.2901]], requires_grad=True)
[2023-01-20 21:57:48,045][__main__][INFO] - parameters: Parameter containing:
tensor([[ 0.9548,  0.0828,  0.8457,  0.8254,  0.2496,  0.8340,  0.8168,  0.2169,
         -0.0091,  0.2874]], requires_grad=True)
[2023-01-20 21:57:48,241][__main__][INFO] - parameters: Parameter containing:
tensor([[ 0.9548,  0.0818,  0.8448,  0.8273,  0.2521,  0.8330,  0.8136,  0.2179,
         -0.0095,  0.2848]], requires_grad=True)
[2023-01-20 21:57:48,427][__main__][INFO] - parameters: Parameter containing:
tensor([[ 0.9538,  0.0816,  0.8455,  0.8295,  0.2549,  0.8317,  0.8104,  0.2184,
         -0.0093,  0.2823]], requires_grad=True)
[2023-01-20 21:57:48,607][__main__][INFO] - parameters: Parameter containing:
tensor([[ 0.9536,  0.0829,  0.8470,  0.8312,  0.2569,  0.8295,  0.8066,  0.2180,
         -0.0088,  0.2792]], requires_grad=True)
[2023-01-20 21:57:48,791][__main__][INFO] - parameters: Parameter containing:
tensor([[ 0.9555,  0.0839,  0.8472,  0.8331,  0.2587,  0.8273,  0.8029,  0.2181,
         -0.0080,  0.2759]], requires_grad=True)
[2023-01-20 21:57:48,988][__main__][INFO] - parameters: Parameter containing:
tensor([[ 0.9571,  0.0850,  0.8479,  0.8343,  0.2611,  0.8241,  0.8000,  0.2189,
         -0.0070,  0.2741]], requires_grad=True)
[2023-01-20 21:57:49,165][__main__][INFO] - parameters: Parameter containing:
tensor([[ 0.9566,  0.0861,  0.8499,  0.8351,  0.2641,  0.8203,  0.7979,  0.2200,
         -0.0057,  0.2742]], requires_grad=True)
[2023-01-20 21:57:49,395][__main__][INFO] - parameters: Parameter containing:
tensor([[ 0.9552,  0.0864,  0.8517,  0.8363,  0.2678,  0.8176,  0.7959,  0.2219,
         -0.0035,  0.2754]], requires_grad=True)
[2023-01-20 21:57:49,569][__main__][INFO] - parameters: Parameter containing:
tensor([[ 9.5541e-01,  8.5980e-02,  8.5235e-01,  8.3633e-01,  2.7104e-01,
          8.1501e-01,  7.9462e-01,  2.2461e-01, -1.0686e-04,  2.7618e-01]],
       requires_grad=True)
[2023-01-20 21:57:49,738][__main__][INFO] - parameters: Parameter containing:
tensor([[0.9565, 0.0862, 0.8528, 0.8355, 0.2735, 0.8120, 0.7934, 0.2271, 0.0039,
         0.2759]], requires_grad=True)
[2023-01-20 21:57:49,931][__main__][INFO] - parameters: Parameter containing:
tensor([[0.9583, 0.0863, 0.8527, 0.8333, 0.2757, 0.8090, 0.7926, 0.2299, 0.0085,
         0.2751]], requires_grad=True)
[2023-01-20 21:57:50,105][__main__][INFO] - parameters: Parameter containing:
tensor([[0.9585, 0.0858, 0.8530, 0.8323, 0.2787, 0.8069, 0.7919, 0.2328, 0.0131,
         0.2754]], requires_grad=True)
[2023-01-20 21:57:50,284][__main__][INFO] - parameters: Parameter containing:
tensor([[0.9575, 0.0846, 0.8539, 0.8323, 0.2824, 0.8058, 0.7919, 0.2351, 0.0176,
         0.2771]], requires_grad=True)
[2023-01-20 21:57:50,466][__main__][INFO] - parameters: Parameter containing:
tensor([[0.9563, 0.0830, 0.8544, 0.8320, 0.2857, 0.8060, 0.7918, 0.2361, 0.0226,
         0.2784]], requires_grad=True)
[2023-01-20 21:57:50,652][__main__][INFO] - parameters: Parameter containing:
tensor([[0.9561, 0.0814, 0.8543, 0.8307, 0.2883, 0.8065, 0.7918, 0.2372, 0.0281,
         0.2798]], requires_grad=True)
[2023-01-20 21:57:50,826][__main__][INFO] - parameters: Parameter containing:
tensor([[0.9564, 0.0805, 0.8540, 0.8289, 0.2903, 0.8070, 0.7913, 0.2376, 0.0335,
         0.2815]], requires_grad=True)
[2023-01-20 21:57:51,026][__main__][INFO] - parameters: Parameter containing:
tensor([[0.9573, 0.0801, 0.8534, 0.8264, 0.2917, 0.8069, 0.7905, 0.2374, 0.0387,
         0.2835]], requires_grad=True)
[2023-01-20 21:57:51,205][__main__][INFO] - parameters: Parameter containing:
tensor([[0.9579, 0.0802, 0.8531, 0.8245, 0.2930, 0.8070, 0.7891, 0.2350, 0.0432,
         0.2850]], requires_grad=True)
[2023-01-20 21:57:51,395][__main__][INFO] - parameters: Parameter containing:
tensor([[0.9580, 0.0806, 0.8531, 0.8236, 0.2947, 0.8070, 0.7873, 0.2310, 0.0467,
         0.2860]], requires_grad=True)
[2023-01-20 21:57:51,630][__main__][INFO] - parameters: Parameter containing:
tensor([[0.9577, 0.0812, 0.8533, 0.8240, 0.2972, 0.8069, 0.7854, 0.2258, 0.0487,
         0.2858]], requires_grad=True)
[2023-01-20 21:57:51,805][__main__][INFO] - parameters: Parameter containing:
tensor([[0.9571, 0.0822, 0.8539, 0.8249, 0.3000, 0.8063, 0.7833, 0.2198, 0.0493,
         0.2845]], requires_grad=True)
[2023-01-20 21:57:51,977][__main__][INFO] - parameters: Parameter containing:
tensor([[0.9567, 0.0826, 0.8543, 0.8262, 0.3031, 0.8060, 0.7818, 0.2133, 0.0494,
         0.2827]], requires_grad=True)
[2023-01-20 21:57:52,166][__main__][INFO] - parameters: Parameter containing:
tensor([[0.9579, 0.0827, 0.8535, 0.8268, 0.3058, 0.8053, 0.7812, 0.2072, 0.0493,
         0.2801]], requires_grad=True)
[2023-01-20 21:57:52,342][__main__][INFO] - parameters: Parameter containing:
tensor([[0.9580, 0.0816, 0.8529, 0.8285, 0.3096, 0.8053, 0.7809, 0.2029, 0.0493,
         0.2785]], requires_grad=True)
[2023-01-20 21:57:52,523][__main__][INFO] - parameters: Parameter containing:
tensor([[0.9578, 0.0805, 0.8526, 0.8298, 0.3138, 0.8052, 0.7807, 0.2005, 0.0496,
         0.2776]], requires_grad=True)
[2023-01-20 21:57:52,686][__main__][INFO] - parameters: Parameter containing:
tensor([[0.9581, 0.0791, 0.8516, 0.8293, 0.3176, 0.8049, 0.7807, 0.2005, 0.0504,
         0.2770]], requires_grad=True)
[2023-01-20 21:57:52,890][__main__][INFO] - parameters: Parameter containing:
tensor([[0.9582, 0.0784, 0.8507, 0.8278, 0.3211, 0.8041, 0.7801, 0.2019, 0.0512,
         0.2764]], requires_grad=True)
[2023-01-20 21:57:53,075][__main__][INFO] - parameters: Parameter containing:
tensor([[0.9579, 0.0783, 0.8503, 0.8262, 0.3246, 0.8026, 0.7788, 0.2040, 0.0511,
         0.2759]], requires_grad=True)
[2023-01-20 21:57:53,279][__main__][INFO] - parameters: Parameter containing:
tensor([[0.9572, 0.0789, 0.8501, 0.8239, 0.3283, 0.8002, 0.7775, 0.2069, 0.0503,
         0.2756]], requires_grad=True)
