[2023-01-16 22:14:52,592][choosing_descriptors][INFO] - There are total of 26 descriptors
[2023-01-16 22:14:56,870][choosing_descriptors][INFO] - Working on cluster 0
[2023-01-16 22:14:56,870][choosing_descriptors][INFO] - 0 most covering descriptor
[2023-01-16 22:14:56,870][choosing_descriptors][INFO] - Adding curvy to chosen descriptors
[2023-01-16 22:14:56,871][choosing_descriptors][INFO] - 1 most covering descriptor
[2023-01-16 22:14:56,873][choosing_descriptors][INFO] - proportioned has high IoU with curvy with iou 0.9045801526717556, skipping
[2023-01-16 22:14:56,873][choosing_descriptors][INFO] - 2 most covering descriptor
[2023-01-16 22:14:56,874][choosing_descriptors][INFO] - round apple has high IoU with curvy with iou 0.7662835249042146, skipping
[2023-01-16 22:14:56,874][choosing_descriptors][INFO] - 3 most covering descriptor
[2023-01-16 22:14:56,875][choosing_descriptors][INFO] - Adding short to chosen descriptors
[2023-01-16 22:14:56,876][choosing_descriptors][INFO] - 4 most covering descriptor
[2023-01-16 22:14:56,877][choosing_descriptors][INFO] - lean has high IoU with short with iou 0.7412587412587412, skipping
[2023-01-16 22:14:56,878][choosing_descriptors][INFO] - 5 most covering descriptor
[2023-01-16 22:14:56,879][choosing_descriptors][INFO] - fit has high IoU with short with iou 0.7291666666666666, skipping
[2023-01-16 22:14:56,879][choosing_descriptors][INFO] - 6 most covering descriptor
[2023-01-16 22:14:56,881][choosing_descriptors][INFO] - petite has high IoU with short with iou 0.7571428571428571, skipping
[2023-01-16 22:14:56,881][choosing_descriptors][INFO] - 7 most covering descriptor
[2023-01-16 22:14:56,883][choosing_descriptors][INFO] - masculine has high IoU with short with iou 0.7132867132867133, skipping
[2023-01-16 22:14:56,883][choosing_descriptors][INFO] - 8 most covering descriptor
[2023-01-16 22:14:56,885][choosing_descriptors][INFO] - Adding long legs to chosen descriptors
[2023-01-16 22:14:56,885][choosing_descriptors][INFO] - 9 most covering descriptor
[2023-01-16 22:14:56,888][choosing_descriptors][INFO] - Adding sexy to chosen descriptors
[2023-01-16 22:14:56,888][choosing_descriptors][INFO] - 10 most covering descriptor
[2023-01-16 22:14:56,891][choosing_descriptors][INFO] - Adding built to chosen descriptors
[2023-01-16 22:14:56,891][choosing_descriptors][INFO] - 11 most covering descriptor
[2023-01-16 22:14:56,895][choosing_descriptors][INFO] - muscular has high IoU with built with iou 0.8513513513513513, skipping
[2023-01-16 22:14:56,895][choosing_descriptors][INFO] - 12 most covering descriptor
[2023-01-16 22:14:56,899][choosing_descriptors][INFO] - Adding sturdy to chosen descriptors
[2023-01-16 22:14:56,899][choosing_descriptors][INFO] - currently chosen descriptors: {'curvy': {'iou': 0.13659089100058114, 'vertex_coverage': 258}, 'short': {'iou': 0.4152997871853899, 'vertex_coverage': 127}, 'long legs': {'iou': 0.14645519271619983, 'vertex_coverage': 103}, 'sexy': {'iou': 0.4482343356320469, 'vertex_coverage': 96}, 'built': {'iou': 0.4433696054265877, 'vertex_coverage': 73}, 'sturdy': {'iou': 0.30531646773477683, 'vertex_coverage': 61}}
[2023-01-16 22:14:56,899][choosing_descriptors][INFO] - Finished cluster 0
[2023-01-16 22:14:56,900][choosing_descriptors][INFO] - Working on cluster 1
[2023-01-16 22:14:56,900][choosing_descriptors][INFO] - 0 most covering descriptor
[2023-01-16 22:14:56,900][choosing_descriptors][INFO] - Adding broad shoulders to chosen descriptors
[2023-01-16 22:14:56,901][choosing_descriptors][INFO] - 1 most covering descriptor
[2023-01-16 22:14:56,902][choosing_descriptors][INFO] - thin has high IoU with broad shoulders with iou 0.824, skipping
[2023-01-16 22:14:56,902][choosing_descriptors][INFO] - 2 most covering descriptor
[2023-01-16 22:14:56,904][choosing_descriptors][INFO] - average has high IoU with broad shoulders with iou 0.7578125, skipping
[2023-01-16 22:14:56,904][choosing_descriptors][INFO] - 3 most covering descriptor
[2023-01-16 22:14:56,905][choosing_descriptors][INFO] - skinny has high IoU with broad shoulders with iou 0.8, skipping
[2023-01-16 22:14:56,905][choosing_descriptors][INFO] - 4 most covering descriptor
[2023-01-16 22:14:56,907][choosing_descriptors][INFO] - Adding narrow waist to chosen descriptors
[2023-01-16 22:14:56,908][choosing_descriptors][INFO] - 5 most covering descriptor
[2023-01-16 22:14:56,910][choosing_descriptors][INFO] - Adding tall to chosen descriptors
[2023-01-16 22:14:56,910][choosing_descriptors][INFO] - 6 most covering descriptor
[2023-01-16 22:14:56,913][choosing_descriptors][INFO] - Adding fat to chosen descriptors
[2023-01-16 22:14:56,913][choosing_descriptors][INFO] - 7 most covering descriptor
[2023-01-16 22:14:56,916][choosing_descriptors][INFO] - big has high IoU with fat with iou 0.8913043478260869, skipping
[2023-01-16 22:14:56,916][choosing_descriptors][INFO] - currently chosen descriptors: {'broad shoulders': {'iou': 0.4738041780574101, 'vertex_coverage': 123}, 'narrow waist': {'iou': 0.14499363393308, 'vertex_coverage': 79}, 'tall': {'iou': 0.4405816794018499, 'vertex_coverage': 73}, 'fat': {'iou': 0.34396378328106864, 'vertex_coverage': 46}}
[2023-01-16 22:14:56,916][choosing_descriptors][INFO] - Finished cluster 1
[2023-01-16 22:14:56,916][choosing_descriptors][INFO] - Working on cluster 2
[2023-01-16 22:14:56,917][choosing_descriptors][INFO] - 0 most covering descriptor
[2023-01-16 22:14:56,917][choosing_descriptors][INFO] - Adding rectangular to chosen descriptors
[2023-01-16 22:14:56,918][choosing_descriptors][INFO] - 1 most covering descriptor
[2023-01-16 22:14:56,920][choosing_descriptors][INFO] - Adding pear shaped to chosen descriptors
[2023-01-16 22:14:56,920][choosing_descriptors][INFO] - 2 most covering descriptor
[2023-01-16 22:14:56,922][choosing_descriptors][INFO] - small is correlated with {'rectangular': {'iou': 0.11561907297428485, 'vertex_coverage': 372}, 'pear shaped': {'iou': 0.13113449396006188, 'vertex_coverage': 250}} with corr 0.5816964381585672
[2023-01-16 22:14:56,922][choosing_descriptors][INFO] - 3 most covering descriptor
[2023-01-16 22:14:56,924][choosing_descriptors][INFO] - Adding stocky to chosen descriptors
[2023-01-16 22:14:56,924][choosing_descriptors][INFO] - 4 most covering descriptor
[2023-01-16 22:14:56,927][choosing_descriptors][INFO] - Adding heavyset to chosen descriptors
[2023-01-16 22:14:56,927][choosing_descriptors][INFO] - currently chosen descriptors: {'rectangular': {'iou': 0.11561907297428485, 'vertex_coverage': 372}, 'pear shaped': {'iou': 0.13113449396006188, 'vertex_coverage': 250}, 'stocky': {'iou': 0.2609472485194284, 'vertex_coverage': 67}, 'heavyset': {'iou': 0.32595648913470543, 'vertex_coverage': 43}}
[2023-01-16 22:14:56,927][choosing_descriptors][INFO] - Finished cluster 2
[2023-01-16 22:14:56,927][choosing_descriptors][INFO] - There are 14 chosen descriptors
[2023-01-16 22:14:56,927][choosing_descriptors][INFO] - chosen descriptors: [['curvy', 'short', 'long legs', 'sexy', 'built', 'sturdy'], ['broad shoulders', 'narrow waist', 'tall', 'fat'], ['rectangular', 'pear shaped', 'stocky', 'heavyset']]
