[2023-01-23 22:01:00,518][choosing_descriptors][INFO] - There are total of 23 descriptors
[2023-01-23 22:01:00,520][choosing_descriptors][INFO] - Working on cluster 0
[2023-01-23 22:01:00,520][choosing_descriptors][INFO] - 0 most variance descriptor - open mouth
[2023-01-23 22:01:00,520][choosing_descriptors][INFO] - Adding open mouth to chosen descriptors
[2023-01-23 22:01:00,520][choosing_descriptors][INFO] - 1 most variance descriptor - smiling
[2023-01-23 22:01:00,521][choosing_descriptors][INFO] - Adding smiling to chosen descriptors
[2023-01-23 22:01:00,521][choosing_descriptors][INFO] - 2 most variance descriptor - happy
[2023-01-23 22:01:00,522][choosing_descriptors][INFO] - happy is correlated with open mouth with corr 0.6034115565228041
[2023-01-23 22:01:00,522][choosing_descriptors][INFO] - 3 most variance descriptor - angry
[2023-01-23 22:01:00,522][choosing_descriptors][INFO] - angry is correlated with open mouth with corr 0.7363620036460965
[2023-01-23 22:01:00,522][choosing_descriptors][INFO] - 4 most variance descriptor - excited
[2023-01-23 22:01:00,523][choosing_descriptors][INFO] - excited is correlated with open mouth with corr 0.76899186303275
[2023-01-23 22:01:00,523][choosing_descriptors][INFO] - 5 most variance descriptor - surprised
[2023-01-23 22:01:00,523][choosing_descriptors][INFO] - surprised is correlated with open mouth with corr 0.7687695859158152
[2023-01-23 22:01:00,524][choosing_descriptors][INFO] - 6 most variance descriptor - pensive
[2023-01-23 22:01:00,524][choosing_descriptors][INFO] - pensive is correlated with smiling with corr -0.5239707416093944
[2023-01-23 22:01:00,525][choosing_descriptors][INFO] - 7 most variance descriptor - open eyes
[2023-01-23 22:01:00,525][choosing_descriptors][INFO] - open eyes is correlated with open mouth with corr 0.7415155451481605
[2023-01-23 22:01:00,525][choosing_descriptors][INFO] - 8 most variance descriptor - sleepy
[2023-01-23 22:01:00,526][choosing_descriptors][INFO] - sleepy is correlated with open mouth with corr 0.6912988387326392
[2023-01-23 22:01:00,526][choosing_descriptors][INFO] - 9 most variance descriptor - calm
[2023-01-23 22:01:00,526][choosing_descriptors][INFO] - calm is correlated with open mouth with corr 0.682660058937869
[2023-01-23 22:01:00,526][choosing_descriptors][INFO] - 10 most variance descriptor - bored
[2023-01-23 22:01:00,527][choosing_descriptors][INFO] - bored is correlated with open mouth with corr 0.861329469121124
[2023-01-23 22:01:00,527][choosing_descriptors][INFO] - 11 most variance descriptor - relaxed
[2023-01-23 22:01:00,528][choosing_descriptors][INFO] - relaxed is correlated with open mouth with corr 0.5548844179551785
[2023-01-23 22:01:00,528][choosing_descriptors][INFO] - 12 most variance descriptor - tired
[2023-01-23 22:01:00,528][choosing_descriptors][INFO] - tired is correlated with open mouth with corr 0.6939851731235444
[2023-01-23 22:01:00,528][choosing_descriptors][INFO] - 13 most variance descriptor - nervous
[2023-01-23 22:01:00,529][choosing_descriptors][INFO] - Adding nervous to chosen descriptors
[2023-01-23 22:01:00,530][choosing_descriptors][INFO] - 14 most variance descriptor - confused
[2023-01-23 22:01:00,530][choosing_descriptors][INFO] - confused is correlated with open mouth with corr 0.6580568101446859
[2023-01-23 22:01:00,530][choosing_descriptors][INFO] - 15 most variance descriptor - disgusted
[2023-01-23 22:01:00,531][choosing_descriptors][INFO] - disgusted is correlated with open mouth with corr 0.7884596807534427
[2023-01-23 22:01:00,531][choosing_descriptors][INFO] - 16 most variance descriptor - sad
[2023-01-23 22:01:00,532][choosing_descriptors][INFO] - sad is correlated with open mouth with corr 0.5634233710475007
[2023-01-23 22:01:00,532][choosing_descriptors][INFO] - currently chosen descriptors: {'open mouth': {'variance': 1.9951242487537362}, 'smiling': {'variance': 1.9283539637330411}, 'nervous': {'variance': 0.1831517844014062}}
[2023-01-23 22:01:00,532][choosing_descriptors][INFO] - Finished cluster 0
[2023-01-23 22:01:00,532][choosing_descriptors][INFO] - Working on cluster 1
[2023-01-23 22:01:00,532][choosing_descriptors][INFO] - 0 most variance descriptor - serious
[2023-01-23 22:01:00,532][choosing_descriptors][INFO] - Adding serious to chosen descriptors
[2023-01-23 22:01:00,532][choosing_descriptors][INFO] - 1 most variance descriptor - scared
[2023-01-23 22:01:00,533][choosing_descriptors][INFO] - Adding scared to chosen descriptors
[2023-01-23 22:01:00,533][choosing_descriptors][INFO] - 2 most variance descriptor - fearful
[2023-01-23 22:01:00,534][choosing_descriptors][INFO] - fearful is correlated with scared with corr 0.9067105686739875
[2023-01-23 22:01:00,534][choosing_descriptors][INFO] - 3 most variance descriptor - worried
[2023-01-23 22:01:00,535][choosing_descriptors][INFO] - worried is correlated with scared with corr 0.8034093277600445
[2023-01-23 22:01:00,535][choosing_descriptors][INFO] - 4 most variance descriptor - neutral
[2023-01-23 22:01:00,536][choosing_descriptors][INFO] - Adding neutral to chosen descriptors
[2023-01-23 22:01:00,536][choosing_descriptors][INFO] - 5 most variance descriptor - raised eyebrows
[2023-01-23 22:01:00,538][choosing_descriptors][INFO] - Adding raised eyebrows to chosen descriptors
[2023-01-23 22:01:00,538][choosing_descriptors][INFO] - currently chosen descriptors: {'serious': {'variance': 0.29897397606976367}, 'scared': {'variance': 0.2933769127463616}, 'neutral': {'variance': 0.15457214866103994}, 'raised eyebrows': {'variance': 0.08350287828721445}}
[2023-01-23 22:01:00,538][choosing_descriptors][INFO] - Finished cluster 1
[2023-01-23 22:01:00,538][choosing_descriptors][INFO] - There are 7 chosen descriptors in initial filter
[2023-01-23 22:01:00,538][choosing_descriptors][INFO] - chosen descriptors: [['open mouth', 'smiling', 'nervous'], ['serious', 'scared', 'neutral', 'raised eyebrows']]
[2023-01-23 22:01:00,538][choosing_descriptors][INFO] - Final filter
[2023-01-23 22:01:00,540][choosing_descriptors][INFO] - Descriptor open mouth has variance 1.9951242487537362
[2023-01-23 22:01:00,542][choosing_descriptors][INFO] - Descriptor open mouth is correlated with neutral with correlation 0.7154203705478146 - removing neutral
[2023-01-23 22:01:00,542][choosing_descriptors][INFO] - Descriptor open mouth is correlated with scared with correlation 0.6779081003132439 - removing scared
[2023-01-23 22:01:00,542][choosing_descriptors][INFO] - Descriptor smiling has variance 1.9283539637330411
[2023-01-23 22:01:00,543][choosing_descriptors][INFO] - Descriptor smiling is correlated with neutral with correlation 0.5811178319848769 - removing neutral
[2023-01-23 22:01:00,543][choosing_descriptors][INFO] - Descriptor serious has variance 0.29897397606976367
[2023-01-23 22:01:00,544][choosing_descriptors][INFO] - Descriptor nervous has variance 0.1831517844014062
[2023-01-23 22:01:00,545][choosing_descriptors][INFO] - Descriptor nervous is correlated with neutral with correlation 0.5311314352016355 - removing neutral
[2023-01-23 22:01:00,545][choosing_descriptors][INFO] - Descriptor nervous is correlated with scared with correlation 0.7990391030433481 - removing scared
[2023-01-23 22:01:00,545][choosing_descriptors][INFO] - Descriptor raised eyebrows has variance 0.08350287828721445
