[2023-01-21 21:58:19,481][__main__][INFO] - Starting descriptors ablation for flame neutral model
[2023-01-21 21:58:19,481][__main__][INFO] - Starting with 2 descriptors
[2023-01-21 21:58:20,638][choosing_descriptors][INFO] - There are total of 23 descriptors
[2023-01-21 21:58:20,639][choosing_descriptors][INFO] - Working on cluster 0
[2023-01-21 21:58:20,640][choosing_descriptors][INFO] - 0 most variance descriptor - open mouth
[2023-01-21 21:58:20,640][choosing_descriptors][INFO] - Adding open mouth to chosen descriptors
[2023-01-21 21:58:20,640][choosing_descriptors][INFO] - 1 most variance descriptor - smiling
[2023-01-21 21:58:20,640][choosing_descriptors][INFO] - Adding smiling to chosen descriptors
[2023-01-21 21:58:20,641][choosing_descriptors][INFO] - 2 most variance descriptor - happy
[2023-01-21 21:58:20,641][choosing_descriptors][INFO] - happy is correlated with open mouth with corr 0.6034115565228041
[2023-01-21 21:58:20,641][choosing_descriptors][INFO] - 3 most variance descriptor - excited
[2023-01-21 21:58:20,642][choosing_descriptors][INFO] - excited is correlated with open mouth with corr 0.76899186303275
[2023-01-21 21:58:20,642][choosing_descriptors][INFO] - 4 most variance descriptor - pensive
[2023-01-21 21:58:20,643][choosing_descriptors][INFO] - pensive is correlated with smiling with corr -0.5239707416093944
[2023-01-21 21:58:20,643][choosing_descriptors][INFO] - 5 most variance descriptor - open eyes
[2023-01-21 21:58:20,643][choosing_descriptors][INFO] - open eyes is correlated with open mouth with corr 0.7415155451481605
[2023-01-21 21:58:20,643][choosing_descriptors][INFO] - 6 most variance descriptor - sleepy
[2023-01-21 21:58:20,644][choosing_descriptors][INFO] - sleepy is correlated with open mouth with corr 0.6912988387326392
[2023-01-21 21:58:20,644][choosing_descriptors][INFO] - 7 most variance descriptor - calm
[2023-01-21 21:58:20,645][choosing_descriptors][INFO] - calm is correlated with open mouth with corr 0.682660058937869
[2023-01-21 21:58:20,645][choosing_descriptors][INFO] - 8 most variance descriptor - fearful
[2023-01-21 21:58:20,645][choosing_descriptors][INFO] - fearful is correlated with open mouth with corr 0.5960406000720171
[2023-01-21 21:58:20,645][choosing_descriptors][INFO] - 9 most variance descriptor - bored
[2023-01-21 21:58:20,646][choosing_descriptors][INFO] - bored is correlated with open mouth with corr 0.861329469121124
[2023-01-21 21:58:20,646][choosing_descriptors][INFO] - 10 most variance descriptor - relaxed
[2023-01-21 21:58:20,646][choosing_descriptors][INFO] - relaxed is correlated with open mouth with corr 0.5548844179551785
[2023-01-21 21:58:20,647][choosing_descriptors][INFO] - 11 most variance descriptor - tired
[2023-01-21 21:58:20,647][choosing_descriptors][INFO] - tired is correlated with open mouth with corr 0.6939851731235444
[2023-01-21 21:58:20,647][choosing_descriptors][INFO] - 12 most variance descriptor - worried
[2023-01-21 21:58:20,648][choosing_descriptors][INFO] - Adding worried to chosen descriptors
[2023-01-21 21:58:20,648][choosing_descriptors][INFO] - 13 most variance descriptor - nervous
[2023-01-21 21:58:20,650][choosing_descriptors][INFO] - nervous is correlated with worried with corr 0.8136514887736354
[2023-01-21 21:58:20,650][choosing_descriptors][INFO] - 14 most variance descriptor - confused
[2023-01-21 21:58:20,650][choosing_descriptors][INFO] - confused is correlated with open mouth with corr 0.6580568101446859
[2023-01-21 21:58:20,650][choosing_descriptors][INFO] - 15 most variance descriptor - disgusted
[2023-01-21 21:58:20,651][choosing_descriptors][INFO] - disgusted is correlated with open mouth with corr 0.7884596807534427
[2023-01-21 21:58:20,651][choosing_descriptors][INFO] - currently chosen descriptors: {'open mouth': {'variance': 1.9951242487537362}, 'smiling': {'variance': 1.9283539637330411}, 'worried': {'variance': 0.1832285467909967}}
[2023-01-21 21:58:20,651][choosing_descriptors][INFO] - Finished cluster 0
[2023-01-21 21:58:20,651][choosing_descriptors][INFO] - Working on cluster 1
[2023-01-21 21:58:20,651][choosing_descriptors][INFO] - 0 most variance descriptor - angry
[2023-01-21 21:58:20,651][choosing_descriptors][INFO] - Adding angry to chosen descriptors
[2023-01-21 21:58:20,652][choosing_descriptors][INFO] - 1 most variance descriptor - surprised
[2023-01-21 21:58:20,652][choosing_descriptors][INFO] - Adding surprised to chosen descriptors
[2023-01-21 21:58:20,652][choosing_descriptors][INFO] - 2 most variance descriptor - serious
[2023-01-21 21:58:20,653][choosing_descriptors][INFO] - Adding serious to chosen descriptors
[2023-01-21 21:58:20,653][choosing_descriptors][INFO] - 3 most variance descriptor - scared
[2023-01-21 21:58:20,655][choosing_descriptors][INFO] - scared is correlated with surprised with corr 0.8548306985752759
[2023-01-21 21:58:20,655][choosing_descriptors][INFO] - 4 most variance descriptor - neutral
[2023-01-21 21:58:20,657][choosing_descriptors][INFO] - neutral is correlated with surprised with corr 0.53676386862763
[2023-01-21 21:58:20,657][choosing_descriptors][INFO] - 5 most variance descriptor - sad
[2023-01-21 21:58:20,658][choosing_descriptors][INFO] - sad is correlated with surprised with corr 0.510765731739757
[2023-01-21 21:58:20,659][choosing_descriptors][INFO] - 6 most variance descriptor - raised eyebrows
[2023-01-21 21:58:20,661][choosing_descriptors][INFO] - Adding raised eyebrows to chosen descriptors
[2023-01-21 21:58:20,661][choosing_descriptors][INFO] - currently chosen descriptors: {'angry': {'variance': 0.9070730177910972}, 'surprised': {'variance': 0.5492131286431122}, 'serious': {'variance': 0.29897397606976367}, 'raised eyebrows': {'variance': 0.08350287828721445}}
[2023-01-21 21:58:20,661][choosing_descriptors][INFO] - Finished cluster 1
[2023-01-21 21:58:20,661][choosing_descriptors][INFO] - There are 7 chosen descriptors in initial filter
[2023-01-21 21:58:20,661][choosing_descriptors][INFO] - chosen descriptors: [['open mouth', 'smiling', 'worried'], ['angry', 'surprised', 'serious', 'raised eyebrows']]
[2023-01-21 21:58:20,661][choosing_descriptors][INFO] - Final filter
[2023-01-21 21:58:20,663][choosing_descriptors][INFO] - Descriptor open mouth has variance 1.9951242487537362
[2023-01-21 21:58:20,665][choosing_descriptors][INFO] - Descriptor open mouth is correlated with angry with correlation 0.7363620036460964 - removing angry
[2023-01-21 21:58:20,665][choosing_descriptors][INFO] - Descriptor open mouth is correlated with surprised with correlation 0.7687695859158153 - removing surprised
[2023-01-21 21:58:20,665][choosing_descriptors][INFO] - Descriptor smiling has variance 1.9283539637330411
[2023-01-21 21:58:20,666][choosing_descriptors][INFO] - Descriptor serious has variance 0.29897397606976367
[2023-01-21 21:58:20,668][choosing_descriptors][INFO] - Descriptor worried has variance 0.1832285467909967
[2023-01-21 21:58:20,669][choosing_descriptors][INFO] - Descriptor worried is correlated with surprised with correlation 0.6268842480392369 - removing surprised
[2023-01-21 21:58:20,669][choosing_descriptors][INFO] - Descriptor raised eyebrows has variance 0.08350287828721445
[2023-01-21 21:58:20,671][choosing_descriptors][INFO] - Too many descriptors (5) - reducing
[2023-01-21 21:58:20,671][__main__][INFO] - Chosen descriptors: ['open mouth', 'smiling']
[2023-01-21 21:58:20,671][__main__][INFO] - Starting training
[2023-01-21 21:58:20,688][clip2mesh.optimizations.train_mapper][INFO] - Instantiating callback <pytorch_lightning.callbacks.ModelCheckpoint>
[2023-01-21 21:58:20,689][clip2mesh.optimizations.train_mapper][INFO] - dataloader batch size: 200
[2023-01-21 21:58:20,689][clip2mesh.optimizations.train_mapper][INFO] - tensorboard run name: flame_neutral_2_descriptors
[2023-01-21 21:58:20,690][clip2mesh.optimizations.train_mapper][INFO] - instantiating model
[2023-01-21 21:58:20,696][clip2mesh.optimizations.train_mapper][INFO] - training model
[2023-01-21 21:58:36,185][clip2mesh.optimizations.train_mapper][INFO] - finished training in 15.513604402542114 seconds
[2023-01-21 21:58:36,186][__main__][INFO] - Starting evaluation
[2023-01-21 21:58:37,834][clip2mesh.data_management.data_observation.evaluate_performance][INFO] - IOU: 0.0650875796178344 | Overlap: 0.487460815047022
[2023-01-21 21:58:37,837][__main__][INFO] - Finished with 2 descriptors
[2023-01-21 21:58:37,837][__main__][INFO] - Starting with 5 descriptors
[2023-01-21 21:58:39,101][choosing_descriptors][INFO] - There are total of 23 descriptors
[2023-01-21 21:58:39,102][choosing_descriptors][INFO] - Working on cluster 0
[2023-01-21 21:58:39,102][choosing_descriptors][INFO] - 0 most variance descriptor - open mouth
[2023-01-21 21:58:39,102][choosing_descriptors][INFO] - Adding open mouth to chosen descriptors
[2023-01-21 21:58:39,103][choosing_descriptors][INFO] - 1 most variance descriptor - smiling
[2023-01-21 21:58:39,103][choosing_descriptors][INFO] - Adding smiling to chosen descriptors
[2023-01-21 21:58:39,103][choosing_descriptors][INFO] - 2 most variance descriptor - happy
[2023-01-21 21:58:39,104][choosing_descriptors][INFO] - happy is correlated with open mouth with corr 0.6034115565228041
[2023-01-21 21:58:39,104][choosing_descriptors][INFO] - 3 most variance descriptor - excited
[2023-01-21 21:58:39,104][choosing_descriptors][INFO] - excited is correlated with open mouth with corr 0.76899186303275
[2023-01-21 21:58:39,105][choosing_descriptors][INFO] - 4 most variance descriptor - pensive
[2023-01-21 21:58:39,105][choosing_descriptors][INFO] - pensive is correlated with smiling with corr -0.5239707416093944
[2023-01-21 21:58:39,106][choosing_descriptors][INFO] - 5 most variance descriptor - open eyes
[2023-01-21 21:58:39,106][choosing_descriptors][INFO] - open eyes is correlated with open mouth with corr 0.7415155451481605
[2023-01-21 21:58:39,106][choosing_descriptors][INFO] - 6 most variance descriptor - sleepy
[2023-01-21 21:58:39,107][choosing_descriptors][INFO] - sleepy is correlated with open mouth with corr 0.6912988387326392
[2023-01-21 21:58:39,107][choosing_descriptors][INFO] - 7 most variance descriptor - calm
[2023-01-21 21:58:39,107][choosing_descriptors][INFO] - calm is correlated with open mouth with corr 0.682660058937869
[2023-01-21 21:58:39,107][choosing_descriptors][INFO] - 8 most variance descriptor - fearful
[2023-01-21 21:58:39,108][choosing_descriptors][INFO] - fearful is correlated with open mouth with corr 0.5960406000720171
[2023-01-21 21:58:39,108][choosing_descriptors][INFO] - 9 most variance descriptor - bored
[2023-01-21 21:58:39,109][choosing_descriptors][INFO] - bored is correlated with open mouth with corr 0.861329469121124
[2023-01-21 21:58:39,109][choosing_descriptors][INFO] - 10 most variance descriptor - relaxed
[2023-01-21 21:58:39,109][choosing_descriptors][INFO] - relaxed is correlated with open mouth with corr 0.5548844179551785
[2023-01-21 21:58:39,109][choosing_descriptors][INFO] - 11 most variance descriptor - tired
[2023-01-21 21:58:39,110][choosing_descriptors][INFO] - tired is correlated with open mouth with corr 0.6939851731235444
[2023-01-21 21:58:39,110][choosing_descriptors][INFO] - 12 most variance descriptor - worried
[2023-01-21 21:58:39,111][choosing_descriptors][INFO] - Adding worried to chosen descriptors
[2023-01-21 21:58:39,111][choosing_descriptors][INFO] - 13 most variance descriptor - nervous
[2023-01-21 21:58:39,113][choosing_descriptors][INFO] - nervous is correlated with worried with corr 0.8136514887736354
[2023-01-21 21:58:39,113][choosing_descriptors][INFO] - 14 most variance descriptor - confused
[2023-01-21 21:58:39,113][choosing_descriptors][INFO] - confused is correlated with open mouth with corr 0.6580568101446859
[2023-01-21 21:58:39,113][choosing_descriptors][INFO] - 15 most variance descriptor - disgusted
[2023-01-21 21:58:39,114][choosing_descriptors][INFO] - disgusted is correlated with open mouth with corr 0.7884596807534427
[2023-01-21 21:58:39,114][choosing_descriptors][INFO] - currently chosen descriptors: {'open mouth': {'variance': 1.9951242487537362}, 'smiling': {'variance': 1.9283539637330411}, 'worried': {'variance': 0.1832285467909967}}
[2023-01-21 21:58:39,114][choosing_descriptors][INFO] - Finished cluster 0
[2023-01-21 21:58:39,114][choosing_descriptors][INFO] - Working on cluster 1
[2023-01-21 21:58:39,114][choosing_descriptors][INFO] - 0 most variance descriptor - angry
[2023-01-21 21:58:39,114][choosing_descriptors][INFO] - Adding angry to chosen descriptors
[2023-01-21 21:58:39,114][choosing_descriptors][INFO] - 1 most variance descriptor - surprised
[2023-01-21 21:58:39,115][choosing_descriptors][INFO] - Adding surprised to chosen descriptors
[2023-01-21 21:58:39,115][choosing_descriptors][INFO] - 2 most variance descriptor - serious
[2023-01-21 21:58:39,116][choosing_descriptors][INFO] - Adding serious to chosen descriptors
[2023-01-21 21:58:39,116][choosing_descriptors][INFO] - 3 most variance descriptor - scared
[2023-01-21 21:58:39,117][choosing_descriptors][INFO] - scared is correlated with surprised with corr 0.8548306985752759
[2023-01-21 21:58:39,117][choosing_descriptors][INFO] - 4 most variance descriptor - neutral
[2023-01-21 21:58:39,118][choosing_descriptors][INFO] - neutral is correlated with surprised with corr 0.53676386862763
[2023-01-21 21:58:39,118][choosing_descriptors][INFO] - 5 most variance descriptor - sad
[2023-01-21 21:58:39,119][choosing_descriptors][INFO] - sad is correlated with surprised with corr 0.510765731739757
[2023-01-21 21:58:39,119][choosing_descriptors][INFO] - 6 most variance descriptor - raised eyebrows
[2023-01-21 21:58:39,121][choosing_descriptors][INFO] - Adding raised eyebrows to chosen descriptors
[2023-01-21 21:58:39,121][choosing_descriptors][INFO] - currently chosen descriptors: {'angry': {'variance': 0.9070730177910972}, 'surprised': {'variance': 0.5492131286431122}, 'serious': {'variance': 0.29897397606976367}, 'raised eyebrows': {'variance': 0.08350287828721445}}
[2023-01-21 21:58:39,121][choosing_descriptors][INFO] - Finished cluster 1
[2023-01-21 21:58:39,121][choosing_descriptors][INFO] - There are 7 chosen descriptors in initial filter
[2023-01-21 21:58:39,121][choosing_descriptors][INFO] - chosen descriptors: [['open mouth', 'smiling', 'worried'], ['angry', 'surprised', 'serious', 'raised eyebrows']]
[2023-01-21 21:58:39,121][choosing_descriptors][INFO] - Final filter
[2023-01-21 21:58:39,122][choosing_descriptors][INFO] - Descriptor open mouth has variance 1.9951242487537362
[2023-01-21 21:58:39,124][choosing_descriptors][INFO] - Descriptor open mouth is correlated with angry with correlation 0.7363620036460964 - removing angry
[2023-01-21 21:58:39,124][choosing_descriptors][INFO] - Descriptor open mouth is correlated with surprised with correlation 0.7687695859158153 - removing surprised
[2023-01-21 21:58:39,124][choosing_descriptors][INFO] - Descriptor smiling has variance 1.9283539637330411
[2023-01-21 21:58:39,125][choosing_descriptors][INFO] - Descriptor serious has variance 0.29897397606976367
[2023-01-21 21:58:39,126][choosing_descriptors][INFO] - Descriptor worried has variance 0.1832285467909967
[2023-01-21 21:58:39,127][choosing_descriptors][INFO] - Descriptor worried is correlated with surprised with correlation 0.6268842480392369 - removing surprised
[2023-01-21 21:58:39,127][choosing_descriptors][INFO] - Descriptor raised eyebrows has variance 0.08350287828721445
[2023-01-21 21:58:39,129][__main__][INFO] - Chosen descriptors: ['open mouth', 'smiling', 'worried', 'serious', 'raised eyebrows']
[2023-01-21 21:58:39,129][__main__][INFO] - Starting training
[2023-01-21 21:58:39,139][clip2mesh.optimizations.train_mapper][INFO] - Instantiating callback <pytorch_lightning.callbacks.ModelCheckpoint>
[2023-01-21 21:58:39,140][clip2mesh.optimizations.train_mapper][INFO] - dataloader batch size: 200
[2023-01-21 21:58:39,141][clip2mesh.optimizations.train_mapper][INFO] - tensorboard run name: flame_neutral_5_descriptors
[2023-01-21 21:58:39,141][clip2mesh.optimizations.train_mapper][INFO] - instantiating model
[2023-01-21 21:58:39,145][clip2mesh.optimizations.train_mapper][INFO] - training model
[2023-01-21 21:58:53,291][clip2mesh.optimizations.train_mapper][INFO] - finished training in 14.16031789779663 seconds
[2023-01-21 21:58:53,291][__main__][INFO] - Starting evaluation
[2023-01-21 21:58:56,609][clip2mesh.data_management.data_observation.evaluate_performance][INFO] - IOU: 0.12898089171974522 | Overlap: 0.6625
[2023-01-21 21:58:56,612][__main__][INFO] - Finished with 5 descriptors
[2023-01-21 21:58:56,612][__main__][INFO] - Starting with 10 descriptors
[2023-01-21 21:58:57,682][choosing_descriptors][INFO] - There are total of 23 descriptors
[2023-01-21 21:58:57,684][choosing_descriptors][INFO] - Working on cluster 0
[2023-01-21 21:58:57,684][choosing_descriptors][INFO] - 0 most variance descriptor - open mouth
[2023-01-21 21:58:57,684][choosing_descriptors][INFO] - Adding open mouth to chosen descriptors
[2023-01-21 21:58:57,684][choosing_descriptors][INFO] - 1 most variance descriptor - smiling
[2023-01-21 21:58:57,685][choosing_descriptors][INFO] - Adding smiling to chosen descriptors
[2023-01-21 21:58:57,685][choosing_descriptors][INFO] - 2 most variance descriptor - happy
[2023-01-21 21:58:57,686][choosing_descriptors][INFO] - happy is correlated with open mouth with corr 0.6034115565228041
[2023-01-21 21:58:57,686][choosing_descriptors][INFO] - 3 most variance descriptor - excited
[2023-01-21 21:58:57,686][choosing_descriptors][INFO] - excited is correlated with open mouth with corr 0.76899186303275
[2023-01-21 21:58:57,686][choosing_descriptors][INFO] - 4 most variance descriptor - pensive
[2023-01-21 21:58:57,687][choosing_descriptors][INFO] - pensive is correlated with smiling with corr -0.5239707416093944
[2023-01-21 21:58:57,687][choosing_descriptors][INFO] - 5 most variance descriptor - open eyes
[2023-01-21 21:58:57,688][choosing_descriptors][INFO] - open eyes is correlated with open mouth with corr 0.7415155451481605
[2023-01-21 21:58:57,688][choosing_descriptors][INFO] - 6 most variance descriptor - sleepy
[2023-01-21 21:58:57,688][choosing_descriptors][INFO] - sleepy is correlated with open mouth with corr 0.6912988387326392
[2023-01-21 21:58:57,688][choosing_descriptors][INFO] - 7 most variance descriptor - calm
[2023-01-21 21:58:57,689][choosing_descriptors][INFO] - calm is correlated with open mouth with corr 0.682660058937869
[2023-01-21 21:58:57,689][choosing_descriptors][INFO] - 8 most variance descriptor - fearful
[2023-01-21 21:58:57,690][choosing_descriptors][INFO] - fearful is correlated with open mouth with corr 0.5960406000720171
[2023-01-21 21:58:57,690][choosing_descriptors][INFO] - 9 most variance descriptor - bored
[2023-01-21 21:58:57,691][choosing_descriptors][INFO] - bored is correlated with open mouth with corr 0.861329469121124
[2023-01-21 21:58:57,691][choosing_descriptors][INFO] - 10 most variance descriptor - relaxed
[2023-01-21 21:58:57,691][choosing_descriptors][INFO] - relaxed is correlated with open mouth with corr 0.5548844179551785
[2023-01-21 21:58:57,692][choosing_descriptors][INFO] - 11 most variance descriptor - tired
[2023-01-21 21:58:57,692][choosing_descriptors][INFO] - tired is correlated with open mouth with corr 0.6939851731235444
[2023-01-21 21:58:57,692][choosing_descriptors][INFO] - 12 most variance descriptor - worried
[2023-01-21 21:58:57,693][choosing_descriptors][INFO] - Adding worried to chosen descriptors
[2023-01-21 21:58:57,693][choosing_descriptors][INFO] - 13 most variance descriptor - nervous
[2023-01-21 21:58:57,694][choosing_descriptors][INFO] - nervous is correlated with worried with corr 0.8136514887736354
[2023-01-21 21:58:57,695][choosing_descriptors][INFO] - 14 most variance descriptor - confused
[2023-01-21 21:58:57,695][choosing_descriptors][INFO] - confused is correlated with open mouth with corr 0.6580568101446859
[2023-01-21 21:58:57,695][choosing_descriptors][INFO] - 15 most variance descriptor - disgusted
[2023-01-21 21:58:57,696][choosing_descriptors][INFO] - disgusted is correlated with open mouth with corr 0.7884596807534427
[2023-01-21 21:58:57,696][choosing_descriptors][INFO] - currently chosen descriptors: {'open mouth': {'variance': 1.9951242487537362}, 'smiling': {'variance': 1.9283539637330411}, 'worried': {'variance': 0.1832285467909967}}
[2023-01-21 21:58:57,696][choosing_descriptors][INFO] - Finished cluster 0
[2023-01-21 21:58:57,696][choosing_descriptors][INFO] - Working on cluster 1
[2023-01-21 21:58:57,696][choosing_descriptors][INFO] - 0 most variance descriptor - angry
[2023-01-21 21:58:57,696][choosing_descriptors][INFO] - Adding angry to chosen descriptors
[2023-01-21 21:58:57,696][choosing_descriptors][INFO] - 1 most variance descriptor - surprised
[2023-01-21 21:58:57,697][choosing_descriptors][INFO] - Adding surprised to chosen descriptors
[2023-01-21 21:58:57,697][choosing_descriptors][INFO] - 2 most variance descriptor - serious
[2023-01-21 21:58:57,698][choosing_descriptors][INFO] - Adding serious to chosen descriptors
[2023-01-21 21:58:57,698][choosing_descriptors][INFO] - 3 most variance descriptor - scared
[2023-01-21 21:58:57,699][choosing_descriptors][INFO] - scared is correlated with surprised with corr 0.8548306985752759
[2023-01-21 21:58:57,699][choosing_descriptors][INFO] - 4 most variance descriptor - neutral
[2023-01-21 21:58:57,700][choosing_descriptors][INFO] - neutral is correlated with surprised with corr 0.53676386862763
[2023-01-21 21:58:57,700][choosing_descriptors][INFO] - 5 most variance descriptor - sad
[2023-01-21 21:58:57,701][choosing_descriptors][INFO] - sad is correlated with surprised with corr 0.510765731739757
[2023-01-21 21:58:57,701][choosing_descriptors][INFO] - 6 most variance descriptor - raised eyebrows
[2023-01-21 21:58:57,702][choosing_descriptors][INFO] - Adding raised eyebrows to chosen descriptors
[2023-01-21 21:58:57,702][choosing_descriptors][INFO] - currently chosen descriptors: {'angry': {'variance': 0.9070730177910972}, 'surprised': {'variance': 0.5492131286431122}, 'serious': {'variance': 0.29897397606976367}, 'raised eyebrows': {'variance': 0.08350287828721445}}
[2023-01-21 21:58:57,702][choosing_descriptors][INFO] - Finished cluster 1
[2023-01-21 21:58:57,702][choosing_descriptors][INFO] - There are 7 chosen descriptors in initial filter
[2023-01-21 21:58:57,702][choosing_descriptors][INFO] - chosen descriptors: [['open mouth', 'smiling', 'worried'], ['angry', 'surprised', 'serious', 'raised eyebrows']]
[2023-01-21 21:58:57,702][choosing_descriptors][INFO] - Final filter
[2023-01-21 21:58:57,704][choosing_descriptors][INFO] - Descriptor open mouth has variance 1.9951242487537362
[2023-01-21 21:58:57,705][choosing_descriptors][INFO] - Descriptor open mouth is correlated with angry with correlation 0.7363620036460964 - removing angry
[2023-01-21 21:58:57,705][choosing_descriptors][INFO] - Descriptor open mouth is correlated with surprised with correlation 0.7687695859158153 - removing surprised
[2023-01-21 21:58:57,705][choosing_descriptors][INFO] - Descriptor smiling has variance 1.9283539637330411
[2023-01-21 21:58:57,706][choosing_descriptors][INFO] - Descriptor serious has variance 0.29897397606976367
[2023-01-21 21:58:57,707][choosing_descriptors][INFO] - Descriptor worried has variance 0.1832285467909967
[2023-01-21 21:58:57,707][choosing_descriptors][INFO] - Descriptor worried is correlated with surprised with correlation 0.6268842480392369 - removing surprised
[2023-01-21 21:58:57,707][choosing_descriptors][INFO] - Descriptor raised eyebrows has variance 0.08350287828721445
[2023-01-21 21:58:57,709][__main__][INFO] - Chosen descriptors: ['open mouth', 'smiling', 'worried', 'happy', 'excited', 'serious', 'raised eyebrows', 'angry', 'surprised', 'scared']
[2023-01-21 21:58:57,710][__main__][INFO] - Starting training
[2023-01-21 21:58:57,718][clip2mesh.optimizations.train_mapper][INFO] - Instantiating callback <pytorch_lightning.callbacks.ModelCheckpoint>
[2023-01-21 21:58:57,719][clip2mesh.optimizations.train_mapper][INFO] - dataloader batch size: 200
[2023-01-21 21:58:57,719][clip2mesh.optimizations.train_mapper][INFO] - tensorboard run name: flame_neutral_10_descriptors
[2023-01-21 21:58:57,719][clip2mesh.optimizations.train_mapper][INFO] - instantiating model
[2023-01-21 21:58:57,724][clip2mesh.optimizations.train_mapper][INFO] - training model
[2023-01-21 21:59:13,559][clip2mesh.optimizations.train_mapper][INFO] - finished training in 15.848202466964722 seconds
[2023-01-21 21:59:13,559][__main__][INFO] - Starting evaluation
[2023-01-21 21:59:20,571][clip2mesh.data_management.data_observation.evaluate_performance][INFO] - IOU: 0.15625 | Overlap: 0.7842221000549753
[2023-01-21 21:59:20,574][__main__][INFO] - Finished with 10 descriptors
[2023-01-21 21:59:20,574][__main__][INFO] - Starting with 15 descriptors
[2023-01-21 21:59:21,731][choosing_descriptors][INFO] - There are total of 23 descriptors
[2023-01-21 21:59:21,732][choosing_descriptors][INFO] - Working on cluster 0
[2023-01-21 21:59:21,733][choosing_descriptors][INFO] - 0 most variance descriptor - open mouth
[2023-01-21 21:59:21,733][choosing_descriptors][INFO] - Adding open mouth to chosen descriptors
[2023-01-21 21:59:21,733][choosing_descriptors][INFO] - 1 most variance descriptor - smiling
[2023-01-21 21:59:21,733][choosing_descriptors][INFO] - Adding smiling to chosen descriptors
[2023-01-21 21:59:21,733][choosing_descriptors][INFO] - 2 most variance descriptor - happy
[2023-01-21 21:59:21,734][choosing_descriptors][INFO] - happy is correlated with open mouth with corr 0.6034115565228041
[2023-01-21 21:59:21,734][choosing_descriptors][INFO] - 3 most variance descriptor - excited
[2023-01-21 21:59:21,735][choosing_descriptors][INFO] - excited is correlated with open mouth with corr 0.76899186303275
[2023-01-21 21:59:21,735][choosing_descriptors][INFO] - 4 most variance descriptor - pensive
[2023-01-21 21:59:21,736][choosing_descriptors][INFO] - pensive is correlated with smiling with corr -0.5239707416093944
[2023-01-21 21:59:21,736][choosing_descriptors][INFO] - 5 most variance descriptor - open eyes
[2023-01-21 21:59:21,736][choosing_descriptors][INFO] - open eyes is correlated with open mouth with corr 0.7415155451481605
[2023-01-21 21:59:21,736][choosing_descriptors][INFO] - 6 most variance descriptor - sleepy
[2023-01-21 21:59:21,737][choosing_descriptors][INFO] - sleepy is correlated with open mouth with corr 0.6912988387326392
[2023-01-21 21:59:21,737][choosing_descriptors][INFO] - 7 most variance descriptor - calm
[2023-01-21 21:59:21,737][choosing_descriptors][INFO] - calm is correlated with open mouth with corr 0.682660058937869
[2023-01-21 21:59:21,737][choosing_descriptors][INFO] - 8 most variance descriptor - fearful
[2023-01-21 21:59:21,738][choosing_descriptors][INFO] - fearful is correlated with open mouth with corr 0.5960406000720171
[2023-01-21 21:59:21,738][choosing_descriptors][INFO] - 9 most variance descriptor - bored
[2023-01-21 21:59:21,739][choosing_descriptors][INFO] - bored is correlated with open mouth with corr 0.861329469121124
[2023-01-21 21:59:21,739][choosing_descriptors][INFO] - 10 most variance descriptor - relaxed
[2023-01-21 21:59:21,739][choosing_descriptors][INFO] - relaxed is correlated with open mouth with corr 0.5548844179551785
[2023-01-21 21:59:21,739][choosing_descriptors][INFO] - 11 most variance descriptor - tired
[2023-01-21 21:59:21,740][choosing_descriptors][INFO] - tired is correlated with open mouth with corr 0.6939851731235444
[2023-01-21 21:59:21,740][choosing_descriptors][INFO] - 12 most variance descriptor - worried
[2023-01-21 21:59:21,741][choosing_descriptors][INFO] - Adding worried to chosen descriptors
[2023-01-21 21:59:21,741][choosing_descriptors][INFO] - 13 most variance descriptor - nervous
[2023-01-21 21:59:21,742][choosing_descriptors][INFO] - nervous is correlated with worried with corr 0.8136514887736354
[2023-01-21 21:59:21,742][choosing_descriptors][INFO] - 14 most variance descriptor - confused
[2023-01-21 21:59:21,743][choosing_descriptors][INFO] - confused is correlated with open mouth with corr 0.6580568101446859
[2023-01-21 21:59:21,743][choosing_descriptors][INFO] - 15 most variance descriptor - disgusted
[2023-01-21 21:59:21,743][choosing_descriptors][INFO] - disgusted is correlated with open mouth with corr 0.7884596807534427
[2023-01-21 21:59:21,743][choosing_descriptors][INFO] - currently chosen descriptors: {'open mouth': {'variance': 1.9951242487537362}, 'smiling': {'variance': 1.9283539637330411}, 'worried': {'variance': 0.1832285467909967}}
[2023-01-21 21:59:21,744][choosing_descriptors][INFO] - Finished cluster 0
[2023-01-21 21:59:21,744][choosing_descriptors][INFO] - Working on cluster 1
[2023-01-21 21:59:21,744][choosing_descriptors][INFO] - 0 most variance descriptor - angry
[2023-01-21 21:59:21,744][choosing_descriptors][INFO] - Adding angry to chosen descriptors
[2023-01-21 21:59:21,744][choosing_descriptors][INFO] - 1 most variance descriptor - surprised
[2023-01-21 21:59:21,745][choosing_descriptors][INFO] - Adding surprised to chosen descriptors
[2023-01-21 21:59:21,745][choosing_descriptors][INFO] - 2 most variance descriptor - serious
[2023-01-21 21:59:21,746][choosing_descriptors][INFO] - Adding serious to chosen descriptors
[2023-01-21 21:59:21,746][choosing_descriptors][INFO] - 3 most variance descriptor - scared
[2023-01-21 21:59:21,747][choosing_descriptors][INFO] - scared is correlated with surprised with corr 0.8548306985752759
[2023-01-21 21:59:21,747][choosing_descriptors][INFO] - 4 most variance descriptor - neutral
[2023-01-21 21:59:21,748][choosing_descriptors][INFO] - neutral is correlated with surprised with corr 0.53676386862763
[2023-01-21 21:59:21,748][choosing_descriptors][INFO] - 5 most variance descriptor - sad
[2023-01-21 21:59:21,749][choosing_descriptors][INFO] - sad is correlated with surprised with corr 0.510765731739757
[2023-01-21 21:59:21,749][choosing_descriptors][INFO] - 6 most variance descriptor - raised eyebrows
[2023-01-21 21:59:21,750][choosing_descriptors][INFO] - Adding raised eyebrows to chosen descriptors
[2023-01-21 21:59:21,750][choosing_descriptors][INFO] - currently chosen descriptors: {'angry': {'variance': 0.9070730177910972}, 'surprised': {'variance': 0.5492131286431122}, 'serious': {'variance': 0.29897397606976367}, 'raised eyebrows': {'variance': 0.08350287828721445}}
[2023-01-21 21:59:21,750][choosing_descriptors][INFO] - Finished cluster 1
[2023-01-21 21:59:21,750][choosing_descriptors][INFO] - There are 7 chosen descriptors in initial filter
[2023-01-21 21:59:21,750][choosing_descriptors][INFO] - chosen descriptors: [['open mouth', 'smiling', 'worried'], ['angry', 'surprised', 'serious', 'raised eyebrows']]
[2023-01-21 21:59:21,750][choosing_descriptors][INFO] - Final filter
[2023-01-21 21:59:21,751][choosing_descriptors][INFO] - Descriptor open mouth has variance 1.9951242487537362
[2023-01-21 21:59:21,752][choosing_descriptors][INFO] - Descriptor open mouth is correlated with angry with correlation 0.7363620036460964 - removing angry
[2023-01-21 21:59:21,752][choosing_descriptors][INFO] - Descriptor open mouth is correlated with surprised with correlation 0.7687695859158153 - removing surprised
[2023-01-21 21:59:21,752][choosing_descriptors][INFO] - Descriptor smiling has variance 1.9283539637330411
[2023-01-21 21:59:21,753][choosing_descriptors][INFO] - Descriptor serious has variance 0.29897397606976367
[2023-01-21 21:59:21,754][choosing_descriptors][INFO] - Descriptor worried has variance 0.1832285467909967
[2023-01-21 21:59:21,755][choosing_descriptors][INFO] - Descriptor worried is correlated with surprised with correlation 0.6268842480392369 - removing surprised
[2023-01-21 21:59:21,755][choosing_descriptors][INFO] - Descriptor raised eyebrows has variance 0.08350287828721445
[2023-01-21 21:59:21,758][__main__][INFO] - Chosen descriptors: ['open mouth', 'smiling', 'worried', 'happy', 'excited', 'pensive', 'open eyes', 'sleepy', 'calm', 'fearful', 'serious', 'raised eyebrows', 'angry', 'surprised', 'scared']
[2023-01-21 21:59:21,758][__main__][INFO] - Starting training
[2023-01-21 21:59:21,767][clip2mesh.optimizations.train_mapper][INFO] - Instantiating callback <pytorch_lightning.callbacks.ModelCheckpoint>
[2023-01-21 21:59:21,768][clip2mesh.optimizations.train_mapper][INFO] - dataloader batch size: 200
[2023-01-21 21:59:21,769][clip2mesh.optimizations.train_mapper][INFO] - tensorboard run name: flame_neutral_15_descriptors
[2023-01-21 21:59:21,769][clip2mesh.optimizations.train_mapper][INFO] - instantiating model
[2023-01-21 21:59:21,775][clip2mesh.optimizations.train_mapper][INFO] - training model
[2023-01-21 21:59:39,458][clip2mesh.optimizations.train_mapper][INFO] - finished training in 17.698906898498535 seconds
[2023-01-21 21:59:39,458][__main__][INFO] - Starting evaluation
[2023-01-21 21:59:50,730][clip2mesh.data_management.data_observation.evaluate_performance][INFO] - IOU: 0.160828025477707 | Overlap: 0.8481488442022176
[2023-01-21 21:59:50,734][__main__][INFO] - Finished with 15 descriptors
[2023-01-21 21:59:50,734][__main__][INFO] - Starting with 20 descriptors
[2023-01-21 21:59:51,929][choosing_descriptors][INFO] - There are total of 23 descriptors
[2023-01-21 21:59:51,930][choosing_descriptors][INFO] - Working on cluster 0
[2023-01-21 21:59:51,930][choosing_descriptors][INFO] - 0 most variance descriptor - open mouth
[2023-01-21 21:59:51,931][choosing_descriptors][INFO] - Adding open mouth to chosen descriptors
[2023-01-21 21:59:51,931][choosing_descriptors][INFO] - 1 most variance descriptor - smiling
[2023-01-21 21:59:51,932][choosing_descriptors][INFO] - Adding smiling to chosen descriptors
[2023-01-21 21:59:51,932][choosing_descriptors][INFO] - 2 most variance descriptor - happy
[2023-01-21 21:59:51,933][choosing_descriptors][INFO] - happy is correlated with open mouth with corr 0.6034115565228041
[2023-01-21 21:59:51,933][choosing_descriptors][INFO] - 3 most variance descriptor - excited
[2023-01-21 21:59:51,934][choosing_descriptors][INFO] - excited is correlated with open mouth with corr 0.76899186303275
[2023-01-21 21:59:51,934][choosing_descriptors][INFO] - 4 most variance descriptor - pensive
[2023-01-21 21:59:51,935][choosing_descriptors][INFO] - pensive is correlated with smiling with corr -0.5239707416093944
[2023-01-21 21:59:51,935][choosing_descriptors][INFO] - 5 most variance descriptor - open eyes
[2023-01-21 21:59:51,936][choosing_descriptors][INFO] - open eyes is correlated with open mouth with corr 0.7415155451481605
[2023-01-21 21:59:51,936][choosing_descriptors][INFO] - 6 most variance descriptor - sleepy
[2023-01-21 21:59:51,937][choosing_descriptors][INFO] - sleepy is correlated with open mouth with corr 0.6912988387326392
[2023-01-21 21:59:51,937][choosing_descriptors][INFO] - 7 most variance descriptor - calm
[2023-01-21 21:59:51,938][choosing_descriptors][INFO] - calm is correlated with open mouth with corr 0.682660058937869
[2023-01-21 21:59:51,938][choosing_descriptors][INFO] - 8 most variance descriptor - fearful
[2023-01-21 21:59:51,939][choosing_descriptors][INFO] - fearful is correlated with open mouth with corr 0.5960406000720171
[2023-01-21 21:59:51,939][choosing_descriptors][INFO] - 9 most variance descriptor - bored
[2023-01-21 21:59:51,939][choosing_descriptors][INFO] - bored is correlated with open mouth with corr 0.861329469121124
[2023-01-21 21:59:51,940][choosing_descriptors][INFO] - 10 most variance descriptor - relaxed
[2023-01-21 21:59:51,940][choosing_descriptors][INFO] - relaxed is correlated with open mouth with corr 0.5548844179551785
[2023-01-21 21:59:51,940][choosing_descriptors][INFO] - 11 most variance descriptor - tired
[2023-01-21 21:59:51,941][choosing_descriptors][INFO] - tired is correlated with open mouth with corr 0.6939851731235444
[2023-01-21 21:59:51,941][choosing_descriptors][INFO] - 12 most variance descriptor - worried
[2023-01-21 21:59:51,942][choosing_descriptors][INFO] - Adding worried to chosen descriptors
[2023-01-21 21:59:51,942][choosing_descriptors][INFO] - 13 most variance descriptor - nervous
[2023-01-21 21:59:51,944][choosing_descriptors][INFO] - nervous is correlated with worried with corr 0.8136514887736354
[2023-01-21 21:59:51,944][choosing_descriptors][INFO] - 14 most variance descriptor - confused
[2023-01-21 21:59:51,944][choosing_descriptors][INFO] - confused is correlated with open mouth with corr 0.6580568101446859
[2023-01-21 21:59:51,944][choosing_descriptors][INFO] - 15 most variance descriptor - disgusted
[2023-01-21 21:59:51,945][choosing_descriptors][INFO] - disgusted is correlated with open mouth with corr 0.7884596807534427
[2023-01-21 21:59:51,945][choosing_descriptors][INFO] - currently chosen descriptors: {'open mouth': {'variance': 1.9951242487537362}, 'smiling': {'variance': 1.9283539637330411}, 'worried': {'variance': 0.1832285467909967}}
[2023-01-21 21:59:51,945][choosing_descriptors][INFO] - Finished cluster 0
[2023-01-21 21:59:51,945][choosing_descriptors][INFO] - Working on cluster 1
[2023-01-21 21:59:51,946][choosing_descriptors][INFO] - 0 most variance descriptor - angry
[2023-01-21 21:59:51,946][choosing_descriptors][INFO] - Adding angry to chosen descriptors
[2023-01-21 21:59:51,946][choosing_descriptors][INFO] - 1 most variance descriptor - surprised
[2023-01-21 21:59:51,947][choosing_descriptors][INFO] - Adding surprised to chosen descriptors
[2023-01-21 21:59:51,947][choosing_descriptors][INFO] - 2 most variance descriptor - serious
[2023-01-21 21:59:51,948][choosing_descriptors][INFO] - Adding serious to chosen descriptors
[2023-01-21 21:59:51,948][choosing_descriptors][INFO] - 3 most variance descriptor - scared
[2023-01-21 21:59:51,949][choosing_descriptors][INFO] - scared is correlated with surprised with corr 0.8548306985752759
[2023-01-21 21:59:51,949][choosing_descriptors][INFO] - 4 most variance descriptor - neutral
[2023-01-21 21:59:51,951][choosing_descriptors][INFO] - neutral is correlated with surprised with corr 0.53676386862763
[2023-01-21 21:59:51,951][choosing_descriptors][INFO] - 5 most variance descriptor - sad
[2023-01-21 21:59:51,952][choosing_descriptors][INFO] - sad is correlated with surprised with corr 0.510765731739757
[2023-01-21 21:59:51,952][choosing_descriptors][INFO] - 6 most variance descriptor - raised eyebrows
[2023-01-21 21:59:51,953][choosing_descriptors][INFO] - Adding raised eyebrows to chosen descriptors
[2023-01-21 21:59:51,953][choosing_descriptors][INFO] - currently chosen descriptors: {'angry': {'variance': 0.9070730177910972}, 'surprised': {'variance': 0.5492131286431122}, 'serious': {'variance': 0.29897397606976367}, 'raised eyebrows': {'variance': 0.08350287828721445}}
[2023-01-21 21:59:51,953][choosing_descriptors][INFO] - Finished cluster 1
[2023-01-21 21:59:51,953][choosing_descriptors][INFO] - There are 7 chosen descriptors in initial filter
[2023-01-21 21:59:51,953][choosing_descriptors][INFO] - chosen descriptors: [['open mouth', 'smiling', 'worried'], ['angry', 'surprised', 'serious', 'raised eyebrows']]
[2023-01-21 21:59:51,953][choosing_descriptors][INFO] - Final filter
[2023-01-21 21:59:51,955][choosing_descriptors][INFO] - Descriptor open mouth has variance 1.9951242487537362
[2023-01-21 21:59:51,956][choosing_descriptors][INFO] - Descriptor open mouth is correlated with angry with correlation 0.7363620036460964 - removing angry
[2023-01-21 21:59:51,956][choosing_descriptors][INFO] - Descriptor open mouth is correlated with surprised with correlation 0.7687695859158153 - removing surprised
[2023-01-21 21:59:51,956][choosing_descriptors][INFO] - Descriptor smiling has variance 1.9283539637330411
[2023-01-21 21:59:51,957][choosing_descriptors][INFO] - Descriptor serious has variance 0.29897397606976367
[2023-01-21 21:59:51,957][choosing_descriptors][INFO] - Descriptor worried has variance 0.1832285467909967
[2023-01-21 21:59:51,958][choosing_descriptors][INFO] - Descriptor worried is correlated with surprised with correlation 0.6268842480392369 - removing surprised
[2023-01-21 21:59:51,958][choosing_descriptors][INFO] - Descriptor raised eyebrows has variance 0.08350287828721445
[2023-01-21 21:59:51,961][__main__][INFO] - Chosen descriptors: ['open mouth', 'smiling', 'worried', 'happy', 'excited', 'pensive', 'open eyes', 'sleepy', 'calm', 'fearful', 'bored', 'relaxed', 'tired', 'nervous', 'confused', 'serious', 'raised eyebrows', 'angry', 'surprised', 'scared']
[2023-01-21 21:59:51,961][__main__][INFO] - Starting training
[2023-01-21 21:59:51,971][clip2mesh.optimizations.train_mapper][INFO] - Instantiating callback <pytorch_lightning.callbacks.ModelCheckpoint>
[2023-01-21 21:59:51,972][clip2mesh.optimizations.train_mapper][INFO] - dataloader batch size: 200
[2023-01-21 21:59:51,972][clip2mesh.optimizations.train_mapper][INFO] - tensorboard run name: flame_neutral_20_descriptors
[2023-01-21 21:59:51,972][clip2mesh.optimizations.train_mapper][INFO] - instantiating model
[2023-01-21 21:59:51,977][clip2mesh.optimizations.train_mapper][INFO] - training model
[2023-01-21 22:00:11,449][clip2mesh.optimizations.train_mapper][INFO] - finished training in 19.486615419387817 seconds
[2023-01-21 22:00:11,449][__main__][INFO] - Starting evaluation
[2023-01-21 22:00:25,497][clip2mesh.data_management.data_observation.evaluate_performance][INFO] - IOU: 0.1480891719745223 | Overlap: 0.8900709219858156
[2023-01-21 22:00:25,500][__main__][INFO] - Finished with 20 descriptors
[2023-01-21 22:00:25,911][__main__][INFO] - Finished descriptors ablation for flame neutral
