[2023-01-21 19:57:34,544][__main__][INFO] - Starting descriptors ablation for smplx male model
[2023-01-21 19:57:34,544][__main__][INFO] - Starting with 15 descriptors
[2023-01-21 19:58:19,374][choosing_descriptors][INFO] - There are total of 30 descriptors
[2023-01-21 19:58:19,375][choosing_descriptors][INFO] - Working on cluster 0
[2023-01-21 19:58:19,376][choosing_descriptors][INFO] - 0 most variance descriptor - pear shaped
[2023-01-21 19:58:19,376][choosing_descriptors][INFO] - Adding pear shaped to chosen descriptors
[2023-01-21 19:58:19,376][choosing_descriptors][INFO] - 1 most variance descriptor - curvy
[2023-01-21 19:58:19,377][choosing_descriptors][INFO] - curvy is correlated with pear shaped with corr 0.9145364748020889
[2023-01-21 19:58:19,377][choosing_descriptors][INFO] - 2 most variance descriptor - long legs
[2023-01-21 19:58:19,378][choosing_descriptors][INFO] - long legs is correlated with pear shaped with corr -0.793691346068293
[2023-01-21 19:58:19,378][choosing_descriptors][INFO] - 3 most variance descriptor - stocky
[2023-01-21 19:58:19,379][choosing_descriptors][INFO] - stocky is correlated with pear shaped with corr 0.8232263925888044
[2023-01-21 19:58:19,379][choosing_descriptors][INFO] - 4 most variance descriptor - round apple
[2023-01-21 19:58:19,381][choosing_descriptors][INFO] - round apple is correlated with pear shaped with corr 0.8535856183344552
[2023-01-21 19:58:19,381][choosing_descriptors][INFO] - 5 most variance descriptor - short legs
[2023-01-21 19:58:19,381][choosing_descriptors][INFO] - short legs is correlated with pear shaped with corr -0.7164806827401229
[2023-01-21 19:58:19,382][choosing_descriptors][INFO] - 6 most variance descriptor - lean
[2023-01-21 19:58:19,382][choosing_descriptors][INFO] - lean is correlated with pear shaped with corr 0.5607238762743919
[2023-01-21 19:58:19,382][choosing_descriptors][INFO] - 7 most variance descriptor - hourglass
[2023-01-21 19:58:19,383][choosing_descriptors][INFO] - hourglass is correlated with pear shaped with corr 0.6731262201326506
[2023-01-21 19:58:19,383][choosing_descriptors][INFO] - 8 most variance descriptor - masculine
[2023-01-21 19:58:19,384][choosing_descriptors][INFO] - masculine is correlated with pear shaped with corr 0.539670139992468
[2023-01-21 19:58:19,384][choosing_descriptors][INFO] - 9 most variance descriptor - short
[2023-01-21 19:58:19,385][choosing_descriptors][INFO] - Adding short to chosen descriptors
[2023-01-21 19:58:19,385][choosing_descriptors][INFO] - 10 most variance descriptor - sturdy
[2023-01-21 19:58:19,385][choosing_descriptors][INFO] - sturdy is correlated with pear shaped with corr 0.7232078641199761
[2023-01-21 19:58:19,385][choosing_descriptors][INFO] - 11 most variance descriptor - muscular
[2023-01-21 19:58:19,386][choosing_descriptors][INFO] - Adding muscular to chosen descriptors
[2023-01-21 19:58:19,387][choosing_descriptors][INFO] - 12 most variance descriptor - sexy
[2023-01-21 19:58:19,388][choosing_descriptors][INFO] - sexy is correlated with muscular with corr 0.6551833636529514
[2023-01-21 19:58:19,388][choosing_descriptors][INFO] - 13 most variance descriptor - fit
[2023-01-21 19:58:19,390][choosing_descriptors][INFO] - fit is correlated with muscular with corr 0.6838445623113133
[2023-01-21 19:58:19,391][choosing_descriptors][INFO] - 14 most variance descriptor - built
[2023-01-21 19:58:19,392][choosing_descriptors][INFO] - built is correlated with muscular with corr 0.5421772340252001
[2023-01-21 19:58:19,392][choosing_descriptors][INFO] - 15 most variance descriptor - attractive
[2023-01-21 19:58:19,394][choosing_descriptors][INFO] - Adding attractive to chosen descriptors
[2023-01-21 19:58:19,394][choosing_descriptors][INFO] - currently chosen descriptors: {'pear shaped': {'variance': 0.780879238257509}, 'short': {'variance': 0.06938209200505986}, 'muscular': {'variance': 0.06374036911359755}, 'attractive': {'variance': 0.048583782187376696}}
[2023-01-21 19:58:19,394][choosing_descriptors][INFO] - Finished cluster 0
[2023-01-21 19:58:19,394][choosing_descriptors][INFO] - Working on cluster 1
[2023-01-21 19:58:19,394][choosing_descriptors][INFO] - 0 most variance descriptor - fat
[2023-01-21 19:58:19,394][choosing_descriptors][INFO] - Adding fat to chosen descriptors
[2023-01-21 19:58:19,395][choosing_descriptors][INFO] - 1 most variance descriptor - broad shoulders
[2023-01-21 19:58:19,395][choosing_descriptors][INFO] - broad shoulders is correlated with fat with corr -0.643906648022653
[2023-01-21 19:58:19,396][choosing_descriptors][INFO] - 2 most variance descriptor - long torso
[2023-01-21 19:58:19,396][choosing_descriptors][INFO] - long torso is correlated with fat with corr -0.5852352578663853
[2023-01-21 19:58:19,396][choosing_descriptors][INFO] - 3 most variance descriptor - tall
[2023-01-21 19:58:19,397][choosing_descriptors][INFO] - tall is correlated with fat with corr -0.7038442270895775
[2023-01-21 19:58:19,397][choosing_descriptors][INFO] - 4 most variance descriptor - narrow waist
[2023-01-21 19:58:19,398][choosing_descriptors][INFO] - narrow waist is correlated with fat with corr 0.6437913262519419
[2023-01-21 19:58:19,398][choosing_descriptors][INFO] - 5 most variance descriptor - short torso
[2023-01-21 19:58:19,399][choosing_descriptors][INFO] - Adding short torso to chosen descriptors
[2023-01-21 19:58:19,399][choosing_descriptors][INFO] - currently chosen descriptors: {'fat': {'variance': 1.3484755083232844}, 'short torso': {'variance': 0.05649857395671398}}
[2023-01-21 19:58:19,399][choosing_descriptors][INFO] - Finished cluster 1
[2023-01-21 19:58:19,399][choosing_descriptors][INFO] - Working on cluster 2
[2023-01-21 19:58:19,400][choosing_descriptors][INFO] - 0 most variance descriptor - big
[2023-01-21 19:58:19,400][choosing_descriptors][INFO] - Adding big to chosen descriptors
[2023-01-21 19:58:19,400][choosing_descriptors][INFO] - 1 most variance descriptor - heavyset
[2023-01-21 19:58:19,401][choosing_descriptors][INFO] - heavyset is correlated with big with corr 0.9472362013088065
[2023-01-21 19:58:19,401][choosing_descriptors][INFO] - 2 most variance descriptor - rectangular
[2023-01-21 19:58:19,401][choosing_descriptors][INFO] - Adding rectangular to chosen descriptors
[2023-01-21 19:58:19,401][choosing_descriptors][INFO] - currently chosen descriptors: {'big': {'variance': 0.36432661932053334}, 'rectangular': {'variance': 0.05887181657916897}}
[2023-01-21 19:58:19,401][choosing_descriptors][INFO] - Finished cluster 2
[2023-01-21 19:58:19,402][choosing_descriptors][INFO] - Working on cluster 3
[2023-01-21 19:58:19,402][choosing_descriptors][INFO] - 0 most variance descriptor - long
[2023-01-21 19:58:19,402][choosing_descriptors][INFO] - Adding long to chosen descriptors
[2023-01-21 19:58:19,402][choosing_descriptors][INFO] - 1 most variance descriptor - skinny
[2023-01-21 19:58:19,403][choosing_descriptors][INFO] - skinny is correlated with long with corr 0.7973280768962225
[2023-01-21 19:58:19,403][choosing_descriptors][INFO] - 2 most variance descriptor - proportioned
[2023-01-21 19:58:19,404][choosing_descriptors][INFO] - proportioned is correlated with long with corr 0.6854087130948872
[2023-01-21 19:58:19,404][choosing_descriptors][INFO] - currently chosen descriptors: {'long': {'variance': 0.11168338977959281}}
[2023-01-21 19:58:19,404][choosing_descriptors][INFO] - Finished cluster 3
[2023-01-21 19:58:19,404][choosing_descriptors][INFO] - Working on cluster 4
[2023-01-21 19:58:19,404][choosing_descriptors][INFO] - 0 most variance descriptor - petite
[2023-01-21 19:58:19,404][choosing_descriptors][INFO] - Adding petite to chosen descriptors
[2023-01-21 19:58:19,405][choosing_descriptors][INFO] - 1 most variance descriptor - small
[2023-01-21 19:58:19,405][choosing_descriptors][INFO] - small is correlated with petite with corr 0.5321996211710347
[2023-01-21 19:58:19,405][choosing_descriptors][INFO] - currently chosen descriptors: {'petite': {'variance': 0.11860583407674312}}
[2023-01-21 19:58:19,405][choosing_descriptors][INFO] - Finished cluster 4
[2023-01-21 19:58:19,405][choosing_descriptors][INFO] - There are 10 chosen descriptors in initial filter
[2023-01-21 19:58:19,405][choosing_descriptors][INFO] - chosen descriptors: [['pear shaped', 'short', 'muscular', 'attractive'], ['fat', 'short torso'], ['big', 'rectangular'], ['long'], ['petite']]
[2023-01-21 19:58:19,406][choosing_descriptors][INFO] - Final filter
[2023-01-21 19:58:19,407][choosing_descriptors][INFO] - Descriptor fat has variance 1.3484755083232844
[2023-01-21 19:58:19,408][choosing_descriptors][INFO] - Descriptor fat is correlated with pear shaped with correlation 0.9557319179463534 - removing pear shaped
[2023-01-21 19:58:19,409][choosing_descriptors][INFO] - Descriptor fat is correlated with big with correlation 0.9721916523143959 - removing big
[2023-01-21 19:58:19,410][choosing_descriptors][INFO] - Descriptor petite has variance 0.11860583407674312
[2023-01-21 19:58:19,411][choosing_descriptors][INFO] - Descriptor petite is correlated with short with correlation 0.673362665948652 - removing short
[2023-01-21 19:58:19,414][choosing_descriptors][INFO] - Descriptor long has variance 0.11168338977959281
[2023-01-21 19:58:19,415][choosing_descriptors][INFO] - Descriptor long is correlated with short torso with correlation 0.508877071121058 - removing short torso
[2023-01-21 19:58:19,417][choosing_descriptors][INFO] - Descriptor muscular has variance 0.06374036911359755
[2023-01-21 19:58:19,419][choosing_descriptors][INFO] - Descriptor muscular is correlated with big with correlation 0.5569334598253857 - removing big
[2023-01-21 19:58:19,419][choosing_descriptors][INFO] - Descriptor muscular is correlated with rectangular with correlation 0.5344097001831697 - removing rectangular
[2023-01-21 19:58:19,421][choosing_descriptors][INFO] - Descriptor attractive has variance 0.048583782187376696
[2023-01-21 19:58:19,422][choosing_descriptors][INFO] - Descriptor attractive is correlated with rectangular with correlation 0.6019503909114071 - removing rectangular
[2023-01-21 19:58:19,426][__main__][INFO] - Chosen descriptors: ['muscular', 'attractive', 'pear shaped', 'short', 'curvy', 'long legs', 'stocky', 'fat', 'short torso', 'broad shoulders', 'big', 'rectangular', 'heavyset', 'long', 'petite']
[2023-01-21 19:58:19,426][__main__][INFO] - Starting training
[2023-01-21 19:58:19,549][clip2mesh.optimizations.train_mapper][INFO] - Instantiating callback <pytorch_lightning.callbacks.ModelCheckpoint>
[2023-01-21 19:58:19,550][clip2mesh.optimizations.train_mapper][INFO] - dataloader batch size: 2500
[2023-01-21 19:58:19,551][clip2mesh.optimizations.train_mapper][INFO] - tensorboard run name: smplx_male_15_descriptors
[2023-01-21 19:58:19,551][clip2mesh.optimizations.train_mapper][INFO] - instantiating model
[2023-01-21 19:58:19,557][clip2mesh.optimizations.train_mapper][INFO] - training model
[2023-01-21 20:00:18,306][clip2mesh.optimizations.train_mapper][INFO] - finished training in 118.87720036506653 seconds
[2023-01-21 20:00:18,306][__main__][INFO] - Starting evaluation
[2023-01-21 20:00:34,419][clip2mesh.data_management.data_observation.evaluate_performance][INFO] - IOU: 0.031309660175639555 | Overlap: 0.8327383987761346
[2023-01-21 20:00:34,423][__main__][INFO] - Finished with 15 descriptors
[2023-01-21 20:00:34,423][__main__][INFO] - Starting with 20 descriptors
[2023-01-21 20:01:17,805][choosing_descriptors][INFO] - There are total of 30 descriptors
[2023-01-21 20:01:17,806][choosing_descriptors][INFO] - Working on cluster 0
[2023-01-21 20:01:17,807][choosing_descriptors][INFO] - 0 most variance descriptor - pear shaped
[2023-01-21 20:01:17,807][choosing_descriptors][INFO] - Adding pear shaped to chosen descriptors
[2023-01-21 20:01:17,807][choosing_descriptors][INFO] - 1 most variance descriptor - curvy
[2023-01-21 20:01:17,808][choosing_descriptors][INFO] - curvy is correlated with pear shaped with corr 0.9145364748020889
[2023-01-21 20:01:17,808][choosing_descriptors][INFO] - 2 most variance descriptor - long legs
[2023-01-21 20:01:17,809][choosing_descriptors][INFO] - long legs is correlated with pear shaped with corr -0.793691346068293
[2023-01-21 20:01:17,809][choosing_descriptors][INFO] - 3 most variance descriptor - stocky
[2023-01-21 20:01:17,809][choosing_descriptors][INFO] - stocky is correlated with pear shaped with corr 0.8232263925888044
[2023-01-21 20:01:17,810][choosing_descriptors][INFO] - 4 most variance descriptor - round apple
[2023-01-21 20:01:17,810][choosing_descriptors][INFO] - round apple is correlated with pear shaped with corr 0.8535856183344552
[2023-01-21 20:01:17,810][choosing_descriptors][INFO] - 5 most variance descriptor - short legs
[2023-01-21 20:01:17,811][choosing_descriptors][INFO] - short legs is correlated with pear shaped with corr -0.7164806827401229
[2023-01-21 20:01:17,811][choosing_descriptors][INFO] - 6 most variance descriptor - lean
[2023-01-21 20:01:17,812][choosing_descriptors][INFO] - lean is correlated with pear shaped with corr 0.5607238762743919
[2023-01-21 20:01:17,812][choosing_descriptors][INFO] - 7 most variance descriptor - hourglass
[2023-01-21 20:01:17,813][choosing_descriptors][INFO] - hourglass is correlated with pear shaped with corr 0.6731262201326506
[2023-01-21 20:01:17,813][choosing_descriptors][INFO] - 8 most variance descriptor - masculine
[2023-01-21 20:01:17,813][choosing_descriptors][INFO] - masculine is correlated with pear shaped with corr 0.539670139992468
[2023-01-21 20:01:17,814][choosing_descriptors][INFO] - 9 most variance descriptor - short
[2023-01-21 20:01:17,814][choosing_descriptors][INFO] - Adding short to chosen descriptors
[2023-01-21 20:01:17,814][choosing_descriptors][INFO] - 10 most variance descriptor - sturdy
[2023-01-21 20:01:17,815][choosing_descriptors][INFO] - sturdy is correlated with pear shaped with corr 0.7232078641199761
[2023-01-21 20:01:17,815][choosing_descriptors][INFO] - 11 most variance descriptor - muscular
[2023-01-21 20:01:17,816][choosing_descriptors][INFO] - Adding muscular to chosen descriptors
[2023-01-21 20:01:17,816][choosing_descriptors][INFO] - 12 most variance descriptor - sexy
[2023-01-21 20:01:17,818][choosing_descriptors][INFO] - sexy is correlated with muscular with corr 0.6551833636529514
[2023-01-21 20:01:17,818][choosing_descriptors][INFO] - 13 most variance descriptor - fit
[2023-01-21 20:01:17,819][choosing_descriptors][INFO] - fit is correlated with muscular with corr 0.6838445623113133
[2023-01-21 20:01:17,820][choosing_descriptors][INFO] - 14 most variance descriptor - built
[2023-01-21 20:01:17,821][choosing_descriptors][INFO] - built is correlated with muscular with corr 0.5421772340252001
[2023-01-21 20:01:17,821][choosing_descriptors][INFO] - 15 most variance descriptor - attractive
[2023-01-21 20:01:17,823][choosing_descriptors][INFO] - Adding attractive to chosen descriptors
[2023-01-21 20:01:17,823][choosing_descriptors][INFO] - currently chosen descriptors: {'pear shaped': {'variance': 0.780879238257509}, 'short': {'variance': 0.06938209200505986}, 'muscular': {'variance': 0.06374036911359755}, 'attractive': {'variance': 0.048583782187376696}}
[2023-01-21 20:01:17,823][choosing_descriptors][INFO] - Finished cluster 0
[2023-01-21 20:01:17,823][choosing_descriptors][INFO] - Working on cluster 1
[2023-01-21 20:01:17,824][choosing_descriptors][INFO] - 0 most variance descriptor - fat
[2023-01-21 20:01:17,824][choosing_descriptors][INFO] - Adding fat to chosen descriptors
[2023-01-21 20:01:17,824][choosing_descriptors][INFO] - 1 most variance descriptor - broad shoulders
[2023-01-21 20:01:17,825][choosing_descriptors][INFO] - broad shoulders is correlated with fat with corr -0.643906648022653
[2023-01-21 20:01:17,825][choosing_descriptors][INFO] - 2 most variance descriptor - long torso
[2023-01-21 20:01:17,826][choosing_descriptors][INFO] - long torso is correlated with fat with corr -0.5852352578663853
[2023-01-21 20:01:17,826][choosing_descriptors][INFO] - 3 most variance descriptor - tall
[2023-01-21 20:01:17,826][choosing_descriptors][INFO] - tall is correlated with fat with corr -0.7038442270895775
[2023-01-21 20:01:17,826][choosing_descriptors][INFO] - 4 most variance descriptor - narrow waist
[2023-01-21 20:01:17,827][choosing_descriptors][INFO] - narrow waist is correlated with fat with corr 0.6437913262519419
[2023-01-21 20:01:17,827][choosing_descriptors][INFO] - 5 most variance descriptor - short torso
[2023-01-21 20:01:17,828][choosing_descriptors][INFO] - Adding short torso to chosen descriptors
[2023-01-21 20:01:17,828][choosing_descriptors][INFO] - currently chosen descriptors: {'fat': {'variance': 1.3484755083232844}, 'short torso': {'variance': 0.05649857395671398}}
[2023-01-21 20:01:17,828][choosing_descriptors][INFO] - Finished cluster 1
[2023-01-21 20:01:17,828][choosing_descriptors][INFO] - Working on cluster 2
[2023-01-21 20:01:17,829][choosing_descriptors][INFO] - 0 most variance descriptor - big
[2023-01-21 20:01:17,829][choosing_descriptors][INFO] - Adding big to chosen descriptors
[2023-01-21 20:01:17,829][choosing_descriptors][INFO] - 1 most variance descriptor - heavyset
[2023-01-21 20:01:17,829][choosing_descriptors][INFO] - heavyset is correlated with big with corr 0.9472362013088065
[2023-01-21 20:01:17,830][choosing_descriptors][INFO] - 2 most variance descriptor - rectangular
[2023-01-21 20:01:17,830][choosing_descriptors][INFO] - Adding rectangular to chosen descriptors
[2023-01-21 20:01:17,830][choosing_descriptors][INFO] - currently chosen descriptors: {'big': {'variance': 0.36432661932053334}, 'rectangular': {'variance': 0.05887181657916897}}
[2023-01-21 20:01:17,830][choosing_descriptors][INFO] - Finished cluster 2
[2023-01-21 20:01:17,830][choosing_descriptors][INFO] - Working on cluster 3
[2023-01-21 20:01:17,831][choosing_descriptors][INFO] - 0 most variance descriptor - long
[2023-01-21 20:01:17,831][choosing_descriptors][INFO] - Adding long to chosen descriptors
[2023-01-21 20:01:17,831][choosing_descriptors][INFO] - 1 most variance descriptor - skinny
[2023-01-21 20:01:17,832][choosing_descriptors][INFO] - skinny is correlated with long with corr 0.7973280768962225
[2023-01-21 20:01:17,832][choosing_descriptors][INFO] - 2 most variance descriptor - proportioned
[2023-01-21 20:01:17,833][choosing_descriptors][INFO] - proportioned is correlated with long with corr 0.6854087130948872
[2023-01-21 20:01:17,833][choosing_descriptors][INFO] - currently chosen descriptors: {'long': {'variance': 0.11168338977959281}}
[2023-01-21 20:01:17,833][choosing_descriptors][INFO] - Finished cluster 3
[2023-01-21 20:01:17,833][choosing_descriptors][INFO] - Working on cluster 4
[2023-01-21 20:01:17,833][choosing_descriptors][INFO] - 0 most variance descriptor - petite
[2023-01-21 20:01:17,833][choosing_descriptors][INFO] - Adding petite to chosen descriptors
[2023-01-21 20:01:17,833][choosing_descriptors][INFO] - 1 most variance descriptor - small
[2023-01-21 20:01:17,834][choosing_descriptors][INFO] - small is correlated with petite with corr 0.5321996211710347
[2023-01-21 20:01:17,834][choosing_descriptors][INFO] - currently chosen descriptors: {'petite': {'variance': 0.11860583407674312}}
[2023-01-21 20:01:17,834][choosing_descriptors][INFO] - Finished cluster 4
[2023-01-21 20:01:17,834][choosing_descriptors][INFO] - There are 10 chosen descriptors in initial filter
[2023-01-21 20:01:17,834][choosing_descriptors][INFO] - chosen descriptors: [['pear shaped', 'short', 'muscular', 'attractive'], ['fat', 'short torso'], ['big', 'rectangular'], ['long'], ['petite']]
[2023-01-21 20:01:17,834][choosing_descriptors][INFO] - Final filter
[2023-01-21 20:01:17,836][choosing_descriptors][INFO] - Descriptor fat has variance 1.3484755083232844
[2023-01-21 20:01:17,837][choosing_descriptors][INFO] - Descriptor fat is correlated with pear shaped with correlation 0.9557319179463534 - removing pear shaped
[2023-01-21 20:01:17,837][choosing_descriptors][INFO] - Descriptor fat is correlated with big with correlation 0.9721916523143959 - removing big
[2023-01-21 20:01:17,839][choosing_descriptors][INFO] - Descriptor petite has variance 0.11860583407674312
[2023-01-21 20:01:17,840][choosing_descriptors][INFO] - Descriptor petite is correlated with short with correlation 0.673362665948652 - removing short
[2023-01-21 20:01:17,843][choosing_descriptors][INFO] - Descriptor long has variance 0.11168338977959281
[2023-01-21 20:01:17,844][choosing_descriptors][INFO] - Descriptor long is correlated with short torso with correlation 0.508877071121058 - removing short torso
[2023-01-21 20:01:17,846][choosing_descriptors][INFO] - Descriptor muscular has variance 0.06374036911359755
[2023-01-21 20:01:17,847][choosing_descriptors][INFO] - Descriptor muscular is correlated with big with correlation 0.5569334598253857 - removing big
[2023-01-21 20:01:17,847][choosing_descriptors][INFO] - Descriptor muscular is correlated with rectangular with correlation 0.5344097001831697 - removing rectangular
[2023-01-21 20:01:17,849][choosing_descriptors][INFO] - Descriptor attractive has variance 0.048583782187376696
[2023-01-21 20:01:17,850][choosing_descriptors][INFO] - Descriptor attractive is correlated with rectangular with correlation 0.6019503909114071 - removing rectangular
[2023-01-21 20:01:17,854][__main__][INFO] - Chosen descriptors: ['muscular', 'attractive', 'pear shaped', 'short', 'curvy', 'long legs', 'stocky', 'round apple', 'short legs', 'fat', 'short torso', 'broad shoulders', 'long torso', 'tall', 'narrow waist', 'big', 'rectangular', 'heavyset', 'long', 'petite']
[2023-01-21 20:01:17,854][__main__][INFO] - Starting training
[2023-01-21 20:01:17,995][clip2mesh.optimizations.train_mapper][INFO] - Instantiating callback <pytorch_lightning.callbacks.ModelCheckpoint>
[2023-01-21 20:01:17,996][clip2mesh.optimizations.train_mapper][INFO] - dataloader batch size: 2500
[2023-01-21 20:01:17,997][clip2mesh.optimizations.train_mapper][INFO] - tensorboard run name: smplx_male_20_descriptors
[2023-01-21 20:01:17,997][clip2mesh.optimizations.train_mapper][INFO] - instantiating model
[2023-01-21 20:01:18,002][clip2mesh.optimizations.train_mapper][INFO] - training model
[2023-01-21 20:03:26,511][clip2mesh.optimizations.train_mapper][INFO] - finished training in 128.65536236763 seconds
[2023-01-21 20:03:26,512][__main__][INFO] - Starting evaluation
[2023-01-21 20:03:48,563][clip2mesh.data_management.data_observation.evaluate_performance][INFO] - IOU: 0.03369606720122184 | Overlap: 0.8252475247524753
[2023-01-21 20:03:48,566][__main__][INFO] - Finished with 20 descriptors
[2023-01-21 20:03:48,566][__main__][INFO] - Starting with 25 descriptors
[2023-01-21 20:04:33,693][choosing_descriptors][INFO] - There are total of 30 descriptors
[2023-01-21 20:04:33,695][choosing_descriptors][INFO] - Working on cluster 0
[2023-01-21 20:04:33,695][choosing_descriptors][INFO] - 0 most variance descriptor - pear shaped
[2023-01-21 20:04:33,695][choosing_descriptors][INFO] - Adding pear shaped to chosen descriptors
[2023-01-21 20:04:33,696][choosing_descriptors][INFO] - 1 most variance descriptor - curvy
[2023-01-21 20:04:33,696][choosing_descriptors][INFO] - curvy is correlated with pear shaped with corr 0.9145364748020889
[2023-01-21 20:04:33,696][choosing_descriptors][INFO] - 2 most variance descriptor - long legs
[2023-01-21 20:04:33,697][choosing_descriptors][INFO] - long legs is correlated with pear shaped with corr -0.793691346068293
[2023-01-21 20:04:33,697][choosing_descriptors][INFO] - 3 most variance descriptor - stocky
[2023-01-21 20:04:33,698][choosing_descriptors][INFO] - stocky is correlated with pear shaped with corr 0.8232263925888044
[2023-01-21 20:04:33,698][choosing_descriptors][INFO] - 4 most variance descriptor - round apple
[2023-01-21 20:04:33,698][choosing_descriptors][INFO] - round apple is correlated with pear shaped with corr 0.8535856183344552
[2023-01-21 20:04:33,699][choosing_descriptors][INFO] - 5 most variance descriptor - short legs
[2023-01-21 20:04:33,699][choosing_descriptors][INFO] - short legs is correlated with pear shaped with corr -0.7164806827401229
[2023-01-21 20:04:33,700][choosing_descriptors][INFO] - 6 most variance descriptor - lean
[2023-01-21 20:04:33,700][choosing_descriptors][INFO] - lean is correlated with pear shaped with corr 0.5607238762743919
[2023-01-21 20:04:33,700][choosing_descriptors][INFO] - 7 most variance descriptor - hourglass
[2023-01-21 20:04:33,701][choosing_descriptors][INFO] - hourglass is correlated with pear shaped with corr 0.6731262201326506
[2023-01-21 20:04:33,701][choosing_descriptors][INFO] - 8 most variance descriptor - masculine
[2023-01-21 20:04:33,701][choosing_descriptors][INFO] - masculine is correlated with pear shaped with corr 0.539670139992468
[2023-01-21 20:04:33,701][choosing_descriptors][INFO] - 9 most variance descriptor - short
[2023-01-21 20:04:33,702][choosing_descriptors][INFO] - Adding short to chosen descriptors
[2023-01-21 20:04:33,702][choosing_descriptors][INFO] - 10 most variance descriptor - sturdy
[2023-01-21 20:04:33,703][choosing_descriptors][INFO] - sturdy is correlated with pear shaped with corr 0.7232078641199761
[2023-01-21 20:04:33,703][choosing_descriptors][INFO] - 11 most variance descriptor - muscular
[2023-01-21 20:04:33,704][choosing_descriptors][INFO] - Adding muscular to chosen descriptors
[2023-01-21 20:04:33,704][choosing_descriptors][INFO] - 12 most variance descriptor - sexy
[2023-01-21 20:04:33,706][choosing_descriptors][INFO] - sexy is correlated with muscular with corr 0.6551833636529514
[2023-01-21 20:04:33,706][choosing_descriptors][INFO] - 13 most variance descriptor - fit
[2023-01-21 20:04:33,707][choosing_descriptors][INFO] - fit is correlated with muscular with corr 0.6838445623113133
[2023-01-21 20:04:33,708][choosing_descriptors][INFO] - 14 most variance descriptor - built
[2023-01-21 20:04:33,709][choosing_descriptors][INFO] - built is correlated with muscular with corr 0.5421772340252001
[2023-01-21 20:04:33,709][choosing_descriptors][INFO] - 15 most variance descriptor - attractive
[2023-01-21 20:04:33,711][choosing_descriptors][INFO] - Adding attractive to chosen descriptors
[2023-01-21 20:04:33,711][choosing_descriptors][INFO] - currently chosen descriptors: {'pear shaped': {'variance': 0.780879238257509}, 'short': {'variance': 0.06938209200505986}, 'muscular': {'variance': 0.06374036911359755}, 'attractive': {'variance': 0.048583782187376696}}
[2023-01-21 20:04:33,712][choosing_descriptors][INFO] - Finished cluster 0
[2023-01-21 20:04:33,712][choosing_descriptors][INFO] - Working on cluster 1
[2023-01-21 20:04:33,712][choosing_descriptors][INFO] - 0 most variance descriptor - fat
[2023-01-21 20:04:33,712][choosing_descriptors][INFO] - Adding fat to chosen descriptors
[2023-01-21 20:04:33,712][choosing_descriptors][INFO] - 1 most variance descriptor - broad shoulders
[2023-01-21 20:04:33,713][choosing_descriptors][INFO] - broad shoulders is correlated with fat with corr -0.643906648022653
[2023-01-21 20:04:33,713][choosing_descriptors][INFO] - 2 most variance descriptor - long torso
[2023-01-21 20:04:33,714][choosing_descriptors][INFO] - long torso is correlated with fat with corr -0.5852352578663853
[2023-01-21 20:04:33,714][choosing_descriptors][INFO] - 3 most variance descriptor - tall
[2023-01-21 20:04:33,715][choosing_descriptors][INFO] - tall is correlated with fat with corr -0.7038442270895775
[2023-01-21 20:04:33,715][choosing_descriptors][INFO] - 4 most variance descriptor - narrow waist
[2023-01-21 20:04:33,716][choosing_descriptors][INFO] - narrow waist is correlated with fat with corr 0.6437913262519419
[2023-01-21 20:04:33,716][choosing_descriptors][INFO] - 5 most variance descriptor - short torso
[2023-01-21 20:04:33,717][choosing_descriptors][INFO] - Adding short torso to chosen descriptors
[2023-01-21 20:04:33,717][choosing_descriptors][INFO] - currently chosen descriptors: {'fat': {'variance': 1.3484755083232844}, 'short torso': {'variance': 0.05649857395671398}}
[2023-01-21 20:04:33,717][choosing_descriptors][INFO] - Finished cluster 1
[2023-01-21 20:04:33,717][choosing_descriptors][INFO] - Working on cluster 2
[2023-01-21 20:04:33,717][choosing_descriptors][INFO] - 0 most variance descriptor - big
[2023-01-21 20:04:33,718][choosing_descriptors][INFO] - Adding big to chosen descriptors
[2023-01-21 20:04:33,718][choosing_descriptors][INFO] - 1 most variance descriptor - heavyset
[2023-01-21 20:04:33,718][choosing_descriptors][INFO] - heavyset is correlated with big with corr 0.9472362013088065
[2023-01-21 20:04:33,719][choosing_descriptors][INFO] - 2 most variance descriptor - rectangular
[2023-01-21 20:04:33,719][choosing_descriptors][INFO] - Adding rectangular to chosen descriptors
[2023-01-21 20:04:33,719][choosing_descriptors][INFO] - currently chosen descriptors: {'big': {'variance': 0.36432661932053334}, 'rectangular': {'variance': 0.05887181657916897}}
[2023-01-21 20:04:33,719][choosing_descriptors][INFO] - Finished cluster 2
[2023-01-21 20:04:33,720][choosing_descriptors][INFO] - Working on cluster 3
[2023-01-21 20:04:33,720][choosing_descriptors][INFO] - 0 most variance descriptor - long
[2023-01-21 20:04:33,720][choosing_descriptors][INFO] - Adding long to chosen descriptors
[2023-01-21 20:04:33,720][choosing_descriptors][INFO] - 1 most variance descriptor - skinny
[2023-01-21 20:04:33,721][choosing_descriptors][INFO] - skinny is correlated with long with corr 0.7973280768962225
[2023-01-21 20:04:33,721][choosing_descriptors][INFO] - 2 most variance descriptor - proportioned
[2023-01-21 20:04:33,722][choosing_descriptors][INFO] - proportioned is correlated with long with corr 0.6854087130948872
[2023-01-21 20:04:33,722][choosing_descriptors][INFO] - currently chosen descriptors: {'long': {'variance': 0.11168338977959281}}
[2023-01-21 20:04:33,722][choosing_descriptors][INFO] - Finished cluster 3
[2023-01-21 20:04:33,722][choosing_descriptors][INFO] - Working on cluster 4
[2023-01-21 20:04:33,722][choosing_descriptors][INFO] - 0 most variance descriptor - petite
[2023-01-21 20:04:33,722][choosing_descriptors][INFO] - Adding petite to chosen descriptors
[2023-01-21 20:04:33,722][choosing_descriptors][INFO] - 1 most variance descriptor - small
[2023-01-21 20:04:33,723][choosing_descriptors][INFO] - small is correlated with petite with corr 0.5321996211710347
[2023-01-21 20:04:33,723][choosing_descriptors][INFO] - currently chosen descriptors: {'petite': {'variance': 0.11860583407674312}}
[2023-01-21 20:04:33,723][choosing_descriptors][INFO] - Finished cluster 4
[2023-01-21 20:04:33,723][choosing_descriptors][INFO] - There are 10 chosen descriptors in initial filter
[2023-01-21 20:04:33,723][choosing_descriptors][INFO] - chosen descriptors: [['pear shaped', 'short', 'muscular', 'attractive'], ['fat', 'short torso'], ['big', 'rectangular'], ['long'], ['petite']]
[2023-01-21 20:04:33,723][choosing_descriptors][INFO] - Final filter
[2023-01-21 20:04:33,724][choosing_descriptors][INFO] - Descriptor fat has variance 1.3484755083232844
[2023-01-21 20:04:33,725][choosing_descriptors][INFO] - Descriptor fat is correlated with pear shaped with correlation 0.9557319179463534 - removing pear shaped
[2023-01-21 20:04:33,726][choosing_descriptors][INFO] - Descriptor fat is correlated with big with correlation 0.9721916523143959 - removing big
[2023-01-21 20:04:33,728][choosing_descriptors][INFO] - Descriptor petite has variance 0.11860583407674312
[2023-01-21 20:04:33,729][choosing_descriptors][INFO] - Descriptor petite is correlated with short with correlation 0.673362665948652 - removing short
[2023-01-21 20:04:33,732][choosing_descriptors][INFO] - Descriptor long has variance 0.11168338977959281
[2023-01-21 20:04:33,733][choosing_descriptors][INFO] - Descriptor long is correlated with short torso with correlation 0.508877071121058 - removing short torso
[2023-01-21 20:04:33,735][choosing_descriptors][INFO] - Descriptor muscular has variance 0.06374036911359755
[2023-01-21 20:04:33,736][choosing_descriptors][INFO] - Descriptor muscular is correlated with big with correlation 0.5569334598253857 - removing big
[2023-01-21 20:04:33,736][choosing_descriptors][INFO] - Descriptor muscular is correlated with rectangular with correlation 0.5344097001831697 - removing rectangular
[2023-01-21 20:04:33,738][choosing_descriptors][INFO] - Descriptor attractive has variance 0.048583782187376696
[2023-01-21 20:04:33,739][choosing_descriptors][INFO] - Descriptor attractive is correlated with rectangular with correlation 0.6019503909114071 - removing rectangular
[2023-01-21 20:04:33,744][__main__][INFO] - Chosen descriptors: ['muscular', 'attractive', 'pear shaped', 'short', 'curvy', 'long legs', 'stocky', 'round apple', 'short legs', 'lean', 'hourglass', 'masculine', 'fat', 'short torso', 'broad shoulders', 'long torso', 'tall', 'narrow waist', 'big', 'rectangular', 'heavyset', 'long', 'skinny', 'petite', 'small']
[2023-01-21 20:04:33,744][__main__][INFO] - Starting training
[2023-01-21 20:04:33,853][clip2mesh.optimizations.train_mapper][INFO] - Instantiating callback <pytorch_lightning.callbacks.ModelCheckpoint>
[2023-01-21 20:04:33,854][clip2mesh.optimizations.train_mapper][INFO] - dataloader batch size: 2500
[2023-01-21 20:04:33,854][clip2mesh.optimizations.train_mapper][INFO] - tensorboard run name: smplx_male_25_descriptors
[2023-01-21 20:04:33,854][clip2mesh.optimizations.train_mapper][INFO] - instantiating model
[2023-01-21 20:04:33,863][clip2mesh.optimizations.train_mapper][INFO] - training model
[2023-01-21 20:06:53,094][clip2mesh.optimizations.train_mapper][INFO] - finished training in 139.3475980758667 seconds
[2023-01-21 20:06:53,094][__main__][INFO] - Starting evaluation
[2023-01-21 20:07:19,479][clip2mesh.data_management.data_observation.evaluate_performance][INFO] - IOU: 0.036941580756013746 | Overlap: 0.8643057503506312
[2023-01-21 20:07:19,482][__main__][INFO] - Finished with 25 descriptors
