[2023-01-20 20:55:56,731][choosing_descriptors][INFO] - There are total of 29 descriptors
[2023-01-20 20:56:42,350][choosing_descriptors][INFO] - Working on cluster 0
[2023-01-20 20:56:42,350][choosing_descriptors][INFO] - 0 most covering descriptor - curvy
[2023-01-20 20:56:42,351][choosing_descriptors][INFO] - Adding curvy to chosen descriptors
[2023-01-20 20:56:42,352][choosing_descriptors][INFO] - 1 most covering descriptor - pear shaped
[2023-01-20 20:56:42,353][choosing_descriptors][INFO] - pear shaped has high IoU with curvy with iou 0.3888888888888889, skipping
[2023-01-20 20:56:42,353][choosing_descriptors][INFO] - 2 most covering descriptor - fit
[2023-01-20 20:56:42,355][choosing_descriptors][INFO] - fit has high IoU with curvy with iou 0.5167464114832536, skipping
[2023-01-20 20:56:42,355][choosing_descriptors][INFO] - 3 most covering descriptor - short
[2023-01-20 20:56:42,357][choosing_descriptors][INFO] - Adding short to chosen descriptors
[2023-01-20 20:56:42,357][choosing_descriptors][INFO] - 4 most covering descriptor - long legs
[2023-01-20 20:56:42,359][choosing_descriptors][INFO] - long legs has high IoU with curvy with iou 0.3743589743589743, skipping
[2023-01-20 20:56:42,359][choosing_descriptors][INFO] - 5 most covering descriptor - lean
[2023-01-20 20:56:42,361][choosing_descriptors][INFO] - lean has high IoU with curvy with iou 0.2736318407960199, skipping
[2023-01-20 20:56:42,361][choosing_descriptors][INFO] - 6 most covering descriptor - masculine
[2023-01-20 20:56:42,363][choosing_descriptors][INFO] - masculine has high IoU with curvy with iou 0.3689839572192513, skipping
[2023-01-20 20:56:42,363][choosing_descriptors][INFO] - 7 most covering descriptor - muscular
[2023-01-20 20:56:42,365][choosing_descriptors][INFO] - muscular has high IoU with curvy with iou 0.2525773195876288, skipping
[2023-01-20 20:56:42,365][choosing_descriptors][INFO] - 8 most covering descriptor - round apple
[2023-01-20 20:56:42,368][choosing_descriptors][INFO] - round apple is correlated with curvy with corr 0.8594333476409223
[2023-01-20 20:56:42,368][choosing_descriptors][INFO] - 9 most covering descriptor - attractive
[2023-01-20 20:56:42,370][choosing_descriptors][INFO] - Adding attractive to chosen descriptors
[2023-01-20 20:56:42,371][choosing_descriptors][INFO] - 10 most covering descriptor - stocky
[2023-01-20 20:56:42,374][choosing_descriptors][INFO] - stocky has high IoU with attractive with iou 0.6666666666666666, skipping
[2023-01-20 20:56:42,374][choosing_descriptors][INFO] - 11 most covering descriptor - built
[2023-01-20 20:56:42,378][choosing_descriptors][INFO] - built has high IoU with attractive with iou 0.217391304347826, skipping
[2023-01-20 20:56:42,378][choosing_descriptors][INFO] - 12 most covering descriptor - sturdy
[2023-01-20 20:56:42,382][choosing_descriptors][INFO] - sturdy is correlated with curvy with corr 0.6592298122335114
[2023-01-20 20:56:42,382][choosing_descriptors][INFO] - 13 most covering descriptor - short legs
[2023-01-20 20:56:42,386][choosing_descriptors][INFO] - short legs is correlated with curvy with corr 0.693632991290143
[2023-01-20 20:56:42,386][choosing_descriptors][INFO] - 14 most covering descriptor - sexy
[2023-01-20 20:56:42,390][choosing_descriptors][INFO] - sexy has high IoU with attractive with iou 0.3513513513513513, skipping
[2023-01-20 20:56:42,390][choosing_descriptors][INFO] - currently chosen descriptors: {'curvy': {'iou': 0.20455225253625084, 'vertex_coverage': 187}, 'short': {'iou': 0.10945195492538917, 'vertex_coverage': 87}, 'attractive': {'iou': 0.22522510842805543, 'vertex_coverage': 34}}
[2023-01-20 20:56:42,390][choosing_descriptors][INFO] - Finished cluster 0
[2023-01-20 20:56:42,390][choosing_descriptors][INFO] - Working on cluster 1
[2023-01-20 20:56:42,390][choosing_descriptors][INFO] - 0 most covering descriptor - short torso
[2023-01-20 20:56:42,390][choosing_descriptors][INFO] - Adding short torso to chosen descriptors
[2023-01-20 20:56:42,391][choosing_descriptors][INFO] - 1 most covering descriptor - fat
[2023-01-20 20:56:42,393][choosing_descriptors][INFO] - fat has high IoU with short torso with iou 0.4502923976608187, skipping
[2023-01-20 20:56:42,393][choosing_descriptors][INFO] - 2 most covering descriptor - broad shoulders
[2023-01-20 20:56:42,395][choosing_descriptors][INFO] - broad shoulders is correlated with short torso with corr 0.5796289113655224
[2023-01-20 20:56:42,395][choosing_descriptors][INFO] - 3 most covering descriptor - long torso
[2023-01-20 20:56:42,397][choosing_descriptors][INFO] - long torso is correlated with short torso with corr 0.717333606916391
[2023-01-20 20:56:42,397][choosing_descriptors][INFO] - 4 most covering descriptor - narrow waist
[2023-01-20 20:56:42,399][choosing_descriptors][INFO] - narrow waist is correlated with short torso with corr 0.21915585602374757
[2023-01-20 20:56:42,399][choosing_descriptors][INFO] - 5 most covering descriptor - tall
[2023-01-20 20:56:42,401][choosing_descriptors][INFO] - tall is correlated with short torso with corr 0.47802341942570364
[2023-01-20 20:56:42,401][choosing_descriptors][INFO] - currently chosen descriptors: {'short torso': {'iou': 0.22474943436561426, 'vertex_coverage': 162}}
[2023-01-20 20:56:42,401][choosing_descriptors][INFO] - Finished cluster 1
[2023-01-20 20:56:42,401][choosing_descriptors][INFO] - Working on cluster 2
[2023-01-20 20:56:42,402][choosing_descriptors][INFO] - 0 most covering descriptor - heavyset
[2023-01-20 20:56:42,402][choosing_descriptors][INFO] - Adding heavyset to chosen descriptors
[2023-01-20 20:56:42,402][choosing_descriptors][INFO] - 1 most covering descriptor - rectangular
[2023-01-20 20:56:42,404][choosing_descriptors][INFO] - rectangular is correlated with heavyset with corr 0.30001125893322445
[2023-01-20 20:56:42,405][choosing_descriptors][INFO] - 2 most covering descriptor - big
[2023-01-20 20:56:42,405][choosing_descriptors][INFO] - big not in correlations df
[2023-01-20 20:56:42,405][choosing_descriptors][INFO] - currently chosen descriptors: {'heavyset': {'iou': 0.12305600213052922, 'vertex_coverage': 108}}
[2023-01-20 20:56:42,405][choosing_descriptors][INFO] - Finished cluster 2
[2023-01-20 20:56:42,405][choosing_descriptors][INFO] - Working on cluster 3
[2023-01-20 20:56:42,405][choosing_descriptors][INFO] - 0 most covering descriptor - skinny
[2023-01-20 20:56:42,405][choosing_descriptors][INFO] - Adding skinny to chosen descriptors
[2023-01-20 20:56:42,406][choosing_descriptors][INFO] - 1 most covering descriptor - proportioned
[2023-01-20 20:56:42,408][choosing_descriptors][INFO] - proportioned has high IoU with skinny with iou 0.2527472527472527, skipping
[2023-01-20 20:56:42,408][choosing_descriptors][INFO] - 2 most covering descriptor - long
[2023-01-20 20:56:42,410][choosing_descriptors][INFO] - long is correlated with skinny with corr 0.7973280768962225
[2023-01-20 20:56:42,410][choosing_descriptors][INFO] - currently chosen descriptors: {'skinny': {'iou': 0.18244426442912864, 'vertex_coverage': 60}}
[2023-01-20 20:56:42,410][choosing_descriptors][INFO] - Finished cluster 3
[2023-01-20 20:56:42,410][choosing_descriptors][INFO] - Working on cluster 4
[2023-01-20 20:56:42,411][choosing_descriptors][INFO] - 0 most covering descriptor - small
[2023-01-20 20:56:42,411][choosing_descriptors][INFO] - Adding small to chosen descriptors
[2023-01-20 20:56:42,412][choosing_descriptors][INFO] - 1 most covering descriptor - petite
[2023-01-20 20:56:42,414][choosing_descriptors][INFO] - petite is correlated with small with corr 0.5321996211710347
[2023-01-20 20:56:42,414][choosing_descriptors][INFO] - currently chosen descriptors: {'small': {'iou': 0.21252549252588285, 'vertex_coverage': 136}}
[2023-01-20 20:56:42,414][choosing_descriptors][INFO] - Finished cluster 4
[2023-01-20 20:56:42,414][choosing_descriptors][INFO] - There are 7 chosen descriptors
[2023-01-20 20:56:42,414][choosing_descriptors][INFO] - chosen descriptors: [['curvy', 'short', 'attractive'], ['short torso'], ['heavyset'], ['skinny'], ['small']]
