[2023-02-17 15:50:08,885][__main__][INFO] - Starting descriptors ablation for smplx male model
[2023-02-17 15:50:08,885][__main__][INFO] - Starting with 2 descriptors
[2023-02-17 15:50:17,956][__main__][INFO] - Chosen descriptors: ['fat', 'long torso']
[2023-02-17 15:50:17,956][__main__][INFO] - Starting training
[2023-02-17 15:50:17,991][clip2mesh.optimizations.train_mapper][INFO] - Instantiating callback <pytorch_lightning.callbacks.ModelCheckpoint>
[2023-02-17 15:50:17,993][clip2mesh.optimizations.train_mapper][INFO] - dataloader batch size: 200
[2023-02-17 15:50:17,993][clip2mesh.optimizations.train_mapper][INFO] - tensorboard run name: smplx_male_2_descriptors
[2023-02-17 15:50:17,993][clip2mesh.optimizations.train_mapper][INFO] - instantiating model
[2023-02-17 15:50:17,999][clip2mesh.optimizations.train_mapper][INFO] - training model
[2023-02-17 15:51:00,515][clip2mesh.optimizations.train_mapper][INFO] - finished training in 42.55779409408569 seconds
[2023-02-17 15:51:00,516][__main__][INFO] - Starting evaluation
[2023-02-17 15:51:04,889][clip2mesh.data_management.data_observation.evaluate_performance][INFO] - IOU: 0.7732913325696831 | Overlap: 0.4946981037924152
[2023-02-17 15:51:04,896][__main__][INFO] - Finished with 2 descriptors
[2023-02-17 15:51:04,896][__main__][INFO] - Starting with 5 descriptors
[2023-02-17 15:51:10,767][__main__][INFO] - Chosen descriptors: ['fat', 'rectangular', 'fit', 'long torso', 'petite']
[2023-02-17 15:51:10,769][__main__][INFO] - Starting training
[2023-02-17 15:51:10,830][clip2mesh.optimizations.train_mapper][INFO] - Instantiating callback <pytorch_lightning.callbacks.ModelCheckpoint>
[2023-02-17 15:51:10,832][clip2mesh.optimizations.train_mapper][INFO] - dataloader batch size: 200
[2023-02-17 15:51:10,833][clip2mesh.optimizations.train_mapper][INFO] - tensorboard run name: smplx_male_5_descriptors
[2023-02-17 15:51:10,833][clip2mesh.optimizations.train_mapper][INFO] - instantiating model
[2023-02-17 15:51:10,843][clip2mesh.optimizations.train_mapper][INFO] - training model
[2023-02-17 15:51:48,643][clip2mesh.optimizations.train_mapper][INFO] - finished training in 37.872366428375244 seconds
[2023-02-17 15:51:48,644][__main__][INFO] - Starting evaluation
[2023-02-17 15:51:57,053][clip2mesh.data_management.data_observation.evaluate_performance][INFO] - IOU: 0.8310423825887744 | Overlap: 0.775201404668457
[2023-02-17 15:51:57,059][__main__][INFO] - Finished with 5 descriptors
[2023-02-17 15:51:57,059][__main__][INFO] - Starting with 10 descriptors
[2023-02-17 15:52:01,649][__main__][INFO] - Chosen descriptors: ['fat', 'rectangular', 'fit', 'proportioned', 'pear shaped', 'curvy', 'long torso', 'petite', 'tall', 'small']
[2023-02-17 15:52:01,649][__main__][INFO] - Starting training
[2023-02-17 15:52:01,689][clip2mesh.optimizations.train_mapper][INFO] - Instantiating callback <pytorch_lightning.callbacks.ModelCheckpoint>
[2023-02-17 15:52:01,690][clip2mesh.optimizations.train_mapper][INFO] - dataloader batch size: 200
[2023-02-17 15:52:01,690][clip2mesh.optimizations.train_mapper][INFO] - tensorboard run name: smplx_male_10_descriptors
[2023-02-17 15:52:01,691][clip2mesh.optimizations.train_mapper][INFO] - instantiating model
[2023-02-17 15:52:01,696][clip2mesh.optimizations.train_mapper][INFO] - training model
[2023-02-17 15:52:44,361][clip2mesh.optimizations.train_mapper][INFO] - finished training in 42.71031975746155 seconds
[2023-02-17 15:52:44,361][__main__][INFO] - Starting evaluation
[2023-02-17 15:52:58,288][clip2mesh.data_management.data_observation.evaluate_performance][INFO] - IOU: 0.8349560901107292 | Overlap: 0.8894016791422213
[2023-02-17 15:52:58,292][__main__][INFO] - Finished with 10 descriptors
[2023-02-17 15:52:58,292][__main__][INFO] - Starting with 15 descriptors
[2023-02-17 15:53:03,073][__main__][INFO] - Chosen descriptors: ['fat', 'rectangular', 'fit', 'proportioned', 'pear shaped', 'curvy', 'long legs', 'heavyset', 'round apple', 'narrow waist', 'long torso', 'long', 'petite', 'tall', 'small']
[2023-02-17 15:53:03,073][__main__][INFO] - Starting training
[2023-02-17 15:53:03,131][clip2mesh.optimizations.train_mapper][INFO] - Instantiating callback <pytorch_lightning.callbacks.ModelCheckpoint>
[2023-02-17 15:53:03,133][clip2mesh.optimizations.train_mapper][INFO] - dataloader batch size: 200
[2023-02-17 15:53:03,134][clip2mesh.optimizations.train_mapper][INFO] - tensorboard run name: smplx_male_15_descriptors
[2023-02-17 15:53:03,134][clip2mesh.optimizations.train_mapper][INFO] - instantiating model
[2023-02-17 15:53:03,143][clip2mesh.optimizations.train_mapper][INFO] - training model
[2023-02-17 15:53:48,780][clip2mesh.optimizations.train_mapper][INFO] - finished training in 45.70431685447693 seconds
[2023-02-17 15:53:48,780][__main__][INFO] - Starting evaluation
[2023-02-17 15:54:08,059][clip2mesh.data_management.data_observation.evaluate_performance][INFO] - IOU: 0.8356242840778924 | Overlap: 0.9248583690987124
[2023-02-17 15:54:08,063][__main__][INFO] - Finished with 15 descriptors
[2023-02-17 15:54:08,063][__main__][INFO] - Starting with 20 descriptors
