[2023-01-21 14:34:50,993][choosing_descriptors][INFO] - There are total of 29 descriptors
[2023-01-21 14:34:50,995][choosing_descriptors][INFO] - Working on cluster 0
[2023-01-21 14:34:50,995][choosing_descriptors][INFO] - 0 most variance descriptor - fat
[2023-01-21 14:34:50,995][choosing_descriptors][INFO] - Adding fat to chosen descriptors
[2023-01-21 14:34:50,995][choosing_descriptors][INFO] - 1 most variance descriptor - pear shaped
[2023-01-21 14:34:50,996][choosing_descriptors][INFO] - pear shaped is correlated with fat with corr 0.9791604483454615
[2023-01-21 14:34:50,997][choosing_descriptors][INFO] - 2 most variance descriptor - curvy
[2023-01-21 14:34:50,997][choosing_descriptors][INFO] - curvy is correlated with fat with corr 0.9670049486961695
[2023-01-21 14:34:50,997][choosing_descriptors][INFO] - 3 most variance descriptor - long legs
[2023-01-21 14:34:50,998][choosing_descriptors][INFO] - long legs is correlated with fat with corr -0.8303095076392148
[2023-01-21 14:34:50,998][choosing_descriptors][INFO] - 4 most variance descriptor - round apple
[2023-01-21 14:34:50,998][choosing_descriptors][INFO] - round apple is correlated with fat with corr 0.9476862693922324
[2023-01-21 14:34:50,998][choosing_descriptors][INFO] - 5 most variance descriptor - big
[2023-01-21 14:34:50,999][choosing_descriptors][INFO] - big is correlated with fat with corr 0.9615306031922656
[2023-01-21 14:34:50,999][choosing_descriptors][INFO] - 6 most variance descriptor - long
[2023-01-21 14:34:51,000][choosing_descriptors][INFO] - long is correlated with fat with corr -0.5666718371741033
[2023-01-21 14:34:51,000][choosing_descriptors][INFO] - 7 most variance descriptor - short
[2023-01-21 14:34:51,001][choosing_descriptors][INFO] - Adding short to chosen descriptors
[2023-01-21 14:34:51,001][choosing_descriptors][INFO] - 8 most variance descriptor - short legs
[2023-01-21 14:34:51,001][choosing_descriptors][INFO] - short legs is correlated with fat with corr -0.6612544981768543
[2023-01-21 14:34:51,001][choosing_descriptors][INFO] - 9 most variance descriptor - heavyset
[2023-01-21 14:34:51,002][choosing_descriptors][INFO] - heavyset is correlated with fat with corr 0.9608976783439342
[2023-01-21 14:34:51,002][choosing_descriptors][INFO] - 10 most variance descriptor - petite
[2023-01-21 14:34:51,004][choosing_descriptors][INFO] - petite is correlated with short with corr 0.5363764554722389
[2023-01-21 14:34:51,004][choosing_descriptors][INFO] - 11 most variance descriptor - long torso
[2023-01-21 14:34:51,004][choosing_descriptors][INFO] - long torso is correlated with fat with corr -0.6581534380343124
[2023-01-21 14:34:51,005][choosing_descriptors][INFO] - 12 most variance descriptor - broad shoulders
[2023-01-21 14:34:51,005][choosing_descriptors][INFO] - broad shoulders is correlated with fat with corr -0.726073390701525
[2023-01-21 14:34:51,006][choosing_descriptors][INFO] - 13 most variance descriptor - hourglass
[2023-01-21 14:34:51,006][choosing_descriptors][INFO] - hourglass is correlated with fat with corr 0.5968826530126501
[2023-01-21 14:34:51,006][choosing_descriptors][INFO] - 14 most variance descriptor - sexy
[2023-01-21 14:34:51,007][choosing_descriptors][INFO] - sexy is correlated with fat with corr 0.7270226503979845
[2023-01-21 14:34:51,007][choosing_descriptors][INFO] - 15 most variance descriptor - stocky
[2023-01-21 14:34:51,008][choosing_descriptors][INFO] - stocky is correlated with fat with corr 0.8838951304277332
[2023-01-21 14:34:51,008][choosing_descriptors][INFO] - 16 most variance descriptor - fit
[2023-01-21 14:34:51,010][choosing_descriptors][INFO] - fit is correlated with short with corr 0.6347443602907961
[2023-01-21 14:34:51,010][choosing_descriptors][INFO] - 17 most variance descriptor - built
[2023-01-21 14:34:51,012][choosing_descriptors][INFO] - built is correlated with short with corr 0.7680806714076583
[2023-01-21 14:34:51,012][choosing_descriptors][INFO] - 18 most variance descriptor - lean
[2023-01-21 14:34:51,013][choosing_descriptors][INFO] - lean is correlated with fat with corr 0.6449434479332259
[2023-01-21 14:34:51,013][choosing_descriptors][INFO] - 19 most variance descriptor - short torso
[2023-01-21 14:34:51,014][choosing_descriptors][INFO] - Adding short torso to chosen descriptors
[2023-01-21 14:34:51,015][choosing_descriptors][INFO] - 20 most variance descriptor - sturdy
[2023-01-21 14:34:51,015][choosing_descriptors][INFO] - sturdy is correlated with fat with corr 0.7553686850897493
[2023-01-21 14:34:51,016][choosing_descriptors][INFO] - 21 most variance descriptor - skinny
[2023-01-21 14:34:51,017][choosing_descriptors][INFO] - skinny is correlated with short with corr 0.5077868773507267
[2023-01-21 14:34:51,017][choosing_descriptors][INFO] - 22 most variance descriptor - attractive
[2023-01-21 14:34:51,020][choosing_descriptors][INFO] - Adding attractive to chosen descriptors
[2023-01-21 14:34:51,020][choosing_descriptors][INFO] - 23 most variance descriptor - masculine
[2023-01-21 14:34:51,023][choosing_descriptors][INFO] - Adding masculine to chosen descriptors
[2023-01-21 14:34:51,023][choosing_descriptors][INFO] - currently chosen descriptors: {'fat': {'variance': 0.9524962133316125}, 'short': {'variance': 0.11585656186670203}, 'short torso': {'variance': 0.03765178830984187}, 'attractive': {'variance': 0.02600412190262451}, 'masculine': {'variance': 0.018842830931726347}}
[2023-01-21 14:34:51,024][choosing_descriptors][INFO] - Finished cluster 0
[2023-01-21 14:34:51,024][choosing_descriptors][INFO] - Working on cluster 1
[2023-01-21 14:34:51,024][choosing_descriptors][INFO] - 0 most variance descriptor - rectangular
[2023-01-21 14:34:51,025][choosing_descriptors][INFO] - Adding rectangular to chosen descriptors
[2023-01-21 14:34:51,025][choosing_descriptors][INFO] - 1 most variance descriptor - tall
[2023-01-21 14:34:51,026][choosing_descriptors][INFO] - tall is correlated with rectangular with corr 0.7598758942737456
[2023-01-21 14:34:51,026][choosing_descriptors][INFO] - 2 most variance descriptor - small
[2023-01-21 14:34:51,028][choosing_descriptors][INFO] - small is correlated with rectangular with corr 0.5367091452508832
[2023-01-21 14:34:51,028][choosing_descriptors][INFO] - 3 most variance descriptor - muscular
[2023-01-21 14:34:51,029][choosing_descriptors][INFO] - muscular is correlated with rectangular with corr 0.6348398602426351
[2023-01-21 14:34:51,029][choosing_descriptors][INFO] - 4 most variance descriptor - proportioned
[2023-01-21 14:34:51,030][choosing_descriptors][INFO] - proportioned is correlated with rectangular with corr 0.5590748983564362
[2023-01-21 14:34:51,030][choosing_descriptors][INFO] - currently chosen descriptors: {'rectangular': {'variance': 0.12696126357449292}}
[2023-01-21 14:34:51,030][choosing_descriptors][INFO] - Finished cluster 1
[2023-01-21 14:34:51,030][choosing_descriptors][INFO] - There are 6 chosen descriptors
[2023-01-21 14:34:51,030][choosing_descriptors][INFO] - chosen descriptors: [['fat', 'short', 'short torso', 'attractive', 'masculine'], ['rectangular']]
[2023-01-21 14:34:51,030][choosing_descriptors][INFO] - Final filter
[2023-01-21 14:34:51,032][choosing_descriptors][INFO] - Descriptor fat has variance 0.9524962133316125
[2023-01-21 14:34:51,033][choosing_descriptors][INFO] - Descriptor rectangular has variance 0.12696126357449292
[2023-01-21 14:34:51,034][choosing_descriptors][INFO] - Descriptor rectangular is correlated with masculine with correlation 0.566125919926334 - removing masculine
[2023-01-21 14:34:51,034][choosing_descriptors][INFO] - Descriptor rectangular is correlated with short with correlation 0.7921239007327199 - removing short
[2023-01-21 14:34:51,035][choosing_descriptors][INFO] - Descriptor short torso has variance 0.03765178830984187
[2023-01-21 14:34:51,036][choosing_descriptors][INFO] - Descriptor attractive has variance 0.02600412190262451
