[2023-02-11 16:19:18,464][choosing_descriptors][INFO] - There are total of 29 descriptors
[2023-02-11 16:19:18,465][choosing_descriptors][INFO] - Keeping []
[2023-02-11 16:19:18,466][choosing_descriptors][INFO] - Working on cluster 0
[2023-02-11 16:19:18,466][choosing_descriptors][INFO] - 0 most variance descriptor - fat
[2023-02-11 16:19:18,467][choosing_descriptors][INFO] - Adding fat to chosen descriptors
[2023-02-11 16:19:18,467][choosing_descriptors][INFO] - 1 most variance descriptor - pear shaped
[2023-02-11 16:19:18,468][choosing_descriptors][INFO] - pear shaped is correlated with fat with corr 0.9616705784413739
[2023-02-11 16:19:18,468][choosing_descriptors][INFO] - 2 most variance descriptor - curvy
[2023-02-11 16:19:18,468][choosing_descriptors][INFO] - curvy is correlated with fat with corr 0.9266046966818501
[2023-02-11 16:19:18,469][choosing_descriptors][INFO] - 3 most variance descriptor - long legs
[2023-02-11 16:19:18,469][choosing_descriptors][INFO] - long legs is correlated with fat with corr -0.813951888539338
[2023-02-11 16:19:18,469][choosing_descriptors][INFO] - 4 most variance descriptor - big
[2023-02-11 16:19:18,470][choosing_descriptors][INFO] - big is correlated with fat with corr 0.9731373103351822
[2023-02-11 16:19:18,470][choosing_descriptors][INFO] - 5 most variance descriptor - heavyset
[2023-02-11 16:19:18,471][choosing_descriptors][INFO] - heavyset is correlated with fat with corr 0.9814392175402243
[2023-02-11 16:19:18,471][choosing_descriptors][INFO] - 6 most variance descriptor - stocky
[2023-02-11 16:19:18,471][choosing_descriptors][INFO] - stocky is correlated with fat with corr 0.8519994107617093
[2023-02-11 16:19:18,471][choosing_descriptors][INFO] - 7 most variance descriptor - round apple
[2023-02-11 16:19:18,472][choosing_descriptors][INFO] - round apple is correlated with fat with corr 0.9342264295231081
[2023-02-11 16:19:18,472][choosing_descriptors][INFO] - 8 most variance descriptor - short legs
[2023-02-11 16:19:18,473][choosing_descriptors][INFO] - short legs is correlated with fat with corr -0.6763108298081136
[2023-02-11 16:19:18,473][choosing_descriptors][INFO] - 9 most variance descriptor - lean
[2023-02-11 16:19:18,474][choosing_descriptors][INFO] - lean is correlated with fat with corr 0.7017970408837239
[2023-02-11 16:19:18,474][choosing_descriptors][INFO] - 10 most variance descriptor - narrow waist
[2023-02-11 16:19:18,474][choosing_descriptors][INFO] - narrow waist is correlated with fat with corr 0.6713093399863208
[2023-02-11 16:19:18,475][choosing_descriptors][INFO] - 11 most variance descriptor - sturdy
[2023-02-11 16:19:18,475][choosing_descriptors][INFO] - sturdy is correlated with fat with corr 0.8131826537810817
[2023-02-11 16:19:18,476][choosing_descriptors][INFO] - 12 most variance descriptor - muscular
[2023-02-11 16:19:18,476][choosing_descriptors][INFO] - Adding muscular to chosen descriptors
[2023-02-11 16:19:18,476][choosing_descriptors][INFO] - 13 most variance descriptor - short
[2023-02-11 16:19:18,478][choosing_descriptors][INFO] - Adding short to chosen descriptors
[2023-02-11 16:19:18,478][choosing_descriptors][INFO] - 14 most variance descriptor - rectangular
[2023-02-11 16:19:18,480][choosing_descriptors][INFO] - Adding rectangular to chosen descriptors
[2023-02-11 16:19:18,480][choosing_descriptors][INFO] - 15 most variance descriptor - fit
[2023-02-11 16:19:18,481][choosing_descriptors][INFO] - fit is correlated with muscular with corr 0.6867438370880028
[2023-02-11 16:19:18,481][choosing_descriptors][INFO] - 16 most variance descriptor - proportioned
[2023-02-11 16:19:18,483][choosing_descriptors][INFO] - Adding proportioned to chosen descriptors
[2023-02-11 16:19:18,483][choosing_descriptors][INFO] - currently chosen descriptors: {'fat': {'variance': 1.3424149605586844}, 'muscular': {'variance': 0.0631597559429532}, 'short': {'variance': 0.06224508036424467}, 'rectangular': {'variance': 0.060694360983826204}, 'proportioned': {'variance': 0.051173179444146316}}
[2023-02-11 16:19:18,483][choosing_descriptors][INFO] - Finished cluster 0
[2023-02-11 16:19:18,483][choosing_descriptors][INFO] - Working on cluster 1
[2023-02-11 16:19:18,484][choosing_descriptors][INFO] - 0 most variance descriptor - long torso
[2023-02-11 16:19:18,484][choosing_descriptors][INFO] - Adding long torso to chosen descriptors
[2023-02-11 16:19:18,484][choosing_descriptors][INFO] - 1 most variance descriptor - long
[2023-02-11 16:19:18,485][choosing_descriptors][INFO] - long is correlated with long torso with corr 0.8689949153373556
[2023-02-11 16:19:18,485][choosing_descriptors][INFO] - 2 most variance descriptor - short torso
[2023-02-11 16:19:18,486][choosing_descriptors][INFO] - short torso is correlated with long torso with corr 0.6910622423950147
[2023-02-11 16:19:18,486][choosing_descriptors][INFO] - currently chosen descriptors: {'long torso': {'variance': 0.14417044263778034}}
[2023-02-11 16:19:18,486][choosing_descriptors][INFO] - Finished cluster 1
[2023-02-11 16:19:18,486][choosing_descriptors][INFO] - Working on cluster 2
[2023-02-11 16:19:18,486][choosing_descriptors][INFO] - 0 most variance descriptor - tall
[2023-02-11 16:19:18,487][choosing_descriptors][INFO] - Adding tall to chosen descriptors
[2023-02-11 16:19:18,487][choosing_descriptors][INFO] - 1 most variance descriptor - petite
[2023-02-11 16:19:18,488][choosing_descriptors][INFO] - Adding petite to chosen descriptors
[2023-02-11 16:19:18,488][choosing_descriptors][INFO] - 2 most variance descriptor - small
[2023-02-11 16:19:18,490][choosing_descriptors][INFO] - Adding small to chosen descriptors
[2023-02-11 16:19:18,490][choosing_descriptors][INFO] - 3 most variance descriptor - skinny
[2023-02-11 16:19:18,491][choosing_descriptors][INFO] - skinny is correlated with tall with corr 0.7125695527485595
[2023-02-11 16:19:18,491][choosing_descriptors][INFO] - currently chosen descriptors: {'tall': {'variance': 0.1404763882882836}, 'petite': {'variance': 0.10703590650008335}, 'small': {'variance': 0.0845765688172099}}
[2023-02-11 16:19:18,491][choosing_descriptors][INFO] - Finished cluster 2
[2023-02-11 16:19:18,491][choosing_descriptors][INFO] - There are 9 chosen descriptors in initial filter
[2023-02-11 16:19:18,491][choosing_descriptors][INFO] - chosen descriptors: [['fat', 'muscular', 'short', 'rectangular', 'proportioned'], ['long torso'], ['tall', 'petite', 'small']]
[2023-02-11 16:19:18,491][choosing_descriptors][INFO] - Final filter
[2023-02-11 16:19:18,493][choosing_descriptors][INFO] - Descriptor long torso has variance 0.14417044263778034
[2023-02-11 16:19:18,494][choosing_descriptors][INFO] - Descriptor long torso is correlated with proportioned with correlation 0.7103940672841167
[2023-02-11 16:19:18,494][choosing_descriptors][INFO] - Removing proportioned because it is correlated with long torso
[2023-02-11 16:19:19,521][choosing_descriptors][INFO] - Descriptor long torso is correlated with tall with correlation 0.9016607694002744
[2023-02-11 16:19:19,521][choosing_descriptors][INFO] - Removing tall because it is correlated with long torso
[2023-02-11 16:19:19,521][choosing_descriptors][INFO] - Descriptor petite has variance 0.10703590650008335
[2023-02-11 16:19:19,522][choosing_descriptors][INFO] - Descriptor petite is correlated with short with correlation 0.6467010961623146
[2023-02-11 16:19:19,522][choosing_descriptors][INFO] - Removing short because it is correlated with petite
[2023-02-11 16:19:19,583][choosing_descriptors][INFO] - Descriptor small has variance 0.0845765688172099
[2023-02-11 16:19:19,586][choosing_descriptors][INFO] - Descriptor muscular has variance 0.0631597559429532
[2023-02-11 16:19:19,588][choosing_descriptors][INFO] - Descriptor rectangular has variance 0.060694360983826204
[2023-02-11 16:19:19,590][choosing_descriptors][INFO] - Too few descriptors (6) - increasing
[2023-02-11 16:19:19,592][choosing_descriptors][INFO] - Descriptor short is an antonym of tall - skipping
