[2023-01-19 20:12:45,012][__main__][INFO] - parameters: Parameter containing:
tensor([[-0.1000, -0.1000, -0.1000, -0.1000, -0.1000, -0.1000, -0.1000, -0.1000,
         -0.1000, -0.1000]], requires_grad=True)
[2023-01-19 20:12:45,013][__main__][INFO] - scores: tensor([[24.7344, 25.3594, 24.2500, 23.1875, 24.4219]], device='cuda:0',
       dtype=torch.float16, grad_fn=<MmBackward>)
[2023-01-19 20:12:45,328][__main__][INFO] - parameters: Parameter containing:
tensor([[-0.1322, -0.1571, -0.1727, -0.1520, -0.1793, -0.1760, -0.1549, -0.1378,
         -0.1938, -0.1641]], requires_grad=True)
[2023-01-19 20:12:45,330][__main__][INFO] - scores: tensor([[24.6875, 25.2031, 24.1094, 23.1719, 24.1719]], device='cuda:0',
       dtype=torch.float16, grad_fn=<MmBackward>)
[2023-01-19 20:12:45,577][__main__][INFO] - parameters: Parameter containing:
tensor([[-0.2008, -0.2222, -0.1897, -0.2039, -0.2088, -0.2291, -0.1815, -0.1883,
         -0.1712, -0.1503]], requires_grad=True)
[2023-01-19 20:12:45,578][__main__][INFO] - scores: tensor([[24.5469, 25.1094, 23.9219, 23.1094, 24.2344]], device='cuda:0',
       dtype=torch.float16, grad_fn=<MmBackward>)
[2023-01-19 20:12:45,896][__main__][INFO] - parameters: Parameter containing:
tensor([[-0.1899, -0.2671, -0.1738, -0.2681, -0.2519, -0.2976, -0.2153, -0.2099,
         -0.1556, -0.1610]], requires_grad=True)
[2023-01-19 20:12:45,897][__main__][INFO] - scores: tensor([[24.5625, 25.0469, 23.9688, 23.1250, 24.1719]], device='cuda:0',
       dtype=torch.float16, grad_fn=<MmBackward>)
[2023-01-19 20:12:46,134][__main__][INFO] - parameters: Parameter containing:
tensor([[-0.1770, -0.3217, -0.1750, -0.2969, -0.2993, -0.3483, -0.2545, -0.2439,
         -0.1351, -0.1577]], requires_grad=True)
[2023-01-19 20:12:46,142][__main__][INFO] - scores: tensor([[24.5781, 25.0000, 23.9062, 23.0625, 24.1562]], device='cuda:0',
       dtype=torch.float16, grad_fn=<MmBackward>)
[2023-01-19 20:12:46,381][__main__][INFO] - parameters: Parameter containing:
tensor([[-0.1389, -0.3256, -0.1374, -0.3208, -0.3311, -0.3831, -0.2612, -0.2219,
         -0.1097, -0.1241]], requires_grad=True)
[2023-01-19 20:12:46,382][__main__][INFO] - scores: tensor([[24.5781, 25.0469, 23.9844, 22.9688, 24.1562]], device='cuda:0',
       dtype=torch.float16, grad_fn=<MmBackward>)
[2023-01-19 20:12:46,621][__main__][INFO] - parameters: Parameter containing:
tensor([[-0.0926, -0.3132, -0.0941, -0.3446, -0.3415, -0.4035, -0.2770, -0.2254,
         -0.1046, -0.1068]], requires_grad=True)
[2023-01-19 20:12:46,623][__main__][INFO] - scores: tensor([[24.5312, 25.0312, 23.8438, 22.9531, 24.1094]], device='cuda:0',
       dtype=torch.float16, grad_fn=<MmBackward>)
[2023-01-19 20:12:46,833][__main__][INFO] - parameters: Parameter containing:
tensor([[-0.0479, -0.3327, -0.0666, -0.3775, -0.3386, -0.3952, -0.3066, -0.2210,
         -0.1042, -0.0724]], requires_grad=True)
[2023-01-19 20:12:46,842][__main__][INFO] - scores: tensor([[24.5938, 25.0312, 23.9062, 22.9844, 24.1094]], device='cuda:0',
       dtype=torch.float16, grad_fn=<MmBackward>)
[2023-01-19 20:12:47,088][__main__][INFO] - parameters: Parameter containing:
tensor([[ 0.0148, -0.3389, -0.0143, -0.4327, -0.3703, -0.4282, -0.3508, -0.2148,
         -0.1000, -0.0883]], requires_grad=True)
[2023-01-19 20:12:47,091][__main__][INFO] - scores: tensor([[24.7344, 25.2031, 24.1719, 23.1250, 24.2656]], device='cuda:0',
       dtype=torch.float16, grad_fn=<MmBackward>)
[2023-01-19 20:12:47,297][__main__][INFO] - parameters: Parameter containing:
tensor([[ 0.0620, -0.3563,  0.0244, -0.4924, -0.3856, -0.4617, -0.3915, -0.2583,
         -0.1072, -0.1341]], requires_grad=True)
[2023-01-19 20:12:47,298][__main__][INFO] - scores: tensor([[24.6406, 25.1250, 24.0312, 23.1250, 24.2500]], device='cuda:0',
       dtype=torch.float16, grad_fn=<MmBackward>)
[2023-01-19 20:12:47,515][__main__][INFO] - parameters: Parameter containing:
tensor([[ 0.1152, -0.3861,  0.0645, -0.5626, -0.4158, -0.5087, -0.4396, -0.2860,
         -0.1089, -0.1564]], requires_grad=True)
[2023-01-19 20:12:47,521][__main__][INFO] - scores: tensor([[24.6562, 25.1250, 24.0625, 23.1094, 24.2344]], device='cuda:0',
       dtype=torch.float16, grad_fn=<MmBackward>)
[2023-01-19 20:12:47,731][__main__][INFO] - parameters: Parameter containing:
tensor([[ 0.1746, -0.4085,  0.1134, -0.6355, -0.4385, -0.5570, -0.4670, -0.2962,
         -0.1073, -0.1686]], requires_grad=True)
[2023-01-19 20:12:47,733][__main__][INFO] - scores: tensor([[24.6719, 25.2031, 24.0469, 23.0469, 24.3125]], device='cuda:0',
       dtype=torch.float16, grad_fn=<MmBackward>)
[2023-01-19 20:12:47,949][__main__][INFO] - parameters: Parameter containing:
tensor([[ 0.2187, -0.4050,  0.1737, -0.7066, -0.4378, -0.5896, -0.4820, -0.2865,
         -0.0967, -0.1644]], requires_grad=True)
[2023-01-19 20:12:47,951][__main__][INFO] - scores: tensor([[24.7500, 25.1406, 24.2344, 23.1875, 24.3281]], device='cuda:0',
       dtype=torch.float16, grad_fn=<MmBackward>)
[2023-01-19 20:12:48,193][__main__][INFO] - parameters: Parameter containing:
tensor([[ 0.2466, -0.4171,  0.2163, -0.7816, -0.4427, -0.6255, -0.5001, -0.2822,
         -0.0866, -0.1638]], requires_grad=True)
[2023-01-19 20:12:48,194][__main__][INFO] - scores: tensor([[24.7344, 25.1719, 24.3125, 23.2500, 24.2969]], device='cuda:0',
       dtype=torch.float16, grad_fn=<MmBackward>)
[2023-01-19 20:12:48,430][__main__][INFO] - parameters: Parameter containing:
tensor([[ 0.2723, -0.4437,  0.2598, -0.8600, -0.4585, -0.6689, -0.5121, -0.2833,
         -0.0519, -0.1527]], requires_grad=True)
[2023-01-19 20:12:48,432][__main__][INFO] - scores: tensor([[24.7188, 25.1719, 24.2969, 23.2500, 24.2969]], device='cuda:0',
       dtype=torch.float16, grad_fn=<MmBackward>)
[2023-01-19 20:12:48,660][__main__][INFO] - parameters: Parameter containing:
tensor([[ 0.2906, -0.4771,  0.3002, -0.9254, -0.4695, -0.7011, -0.5290, -0.2936,
         -0.0080, -0.1552]], requires_grad=True)
[2023-01-19 20:12:48,661][__main__][INFO] - scores: tensor([[24.7188, 25.1875, 24.2969, 23.2188, 24.3438]], device='cuda:0',
       dtype=torch.float16, grad_fn=<MmBackward>)
[2023-01-19 20:12:48,878][__main__][INFO] - parameters: Parameter containing:
tensor([[ 0.2856, -0.5329,  0.3065, -1.0026, -0.4947, -0.7438, -0.5681, -0.3262,
          0.0274, -0.1560]], requires_grad=True)
[2023-01-19 20:12:48,879][__main__][INFO] - scores: tensor([[24.7188, 25.2031, 24.3281, 23.2031, 24.3750]], device='cuda:0',
       dtype=torch.float16, grad_fn=<MmBackward>)
[2023-01-19 20:12:49,140][__main__][INFO] - parameters: Parameter containing:
tensor([[ 0.2565, -0.5957,  0.2912, -1.0811, -0.5067, -0.7690, -0.6103, -0.3396,
          0.0517, -0.1397]], requires_grad=True)
[2023-01-19 20:12:49,142][__main__][INFO] - scores: tensor([[24.7500, 25.0625, 24.1875, 22.9531, 24.2031]], device='cuda:0',
       dtype=torch.float16, grad_fn=<MmBackward>)
[2023-01-19 20:12:49,353][__main__][INFO] - parameters: Parameter containing:
tensor([[ 0.2251, -0.6532,  0.2799, -1.1510, -0.4963, -0.7747, -0.6464, -0.3492,
          0.0792, -0.1103]], requires_grad=True)
[2023-01-19 20:12:49,355][__main__][INFO] - scores: tensor([[24.6406, 25.1250, 24.2969, 23.0469, 24.3281]], device='cuda:0',
       dtype=torch.float16, grad_fn=<MmBackward>)
[2023-01-19 20:12:49,574][__main__][INFO] - parameters: Parameter containing:
tensor([[ 0.2116, -0.6960,  0.2753, -1.2100, -0.4991, -0.7874, -0.6800, -0.3373,
          0.0996, -0.0877]], requires_grad=True)
[2023-01-19 20:12:49,576][__main__][INFO] - scores: tensor([[24.7188, 25.1250, 24.1406, 22.9531, 24.3438]], device='cuda:0',
       dtype=torch.float16, grad_fn=<MmBackward>)
[2023-01-19 20:12:49,800][__main__][INFO] - parameters: Parameter containing:
tensor([[ 0.2031, -0.7430,  0.2663, -1.2542, -0.5061, -0.7904, -0.6989, -0.3343,
          0.1266, -0.0677]], requires_grad=True)
[2023-01-19 20:12:49,802][__main__][INFO] - scores: tensor([[24.7812, 25.1250, 24.2031, 23.0312, 24.2969]], device='cuda:0',
       dtype=torch.float16, grad_fn=<MmBackward>)
[2023-01-19 20:12:50,010][__main__][INFO] - parameters: Parameter containing:
tensor([[ 0.2055, -0.7743,  0.2616, -1.2742, -0.4993, -0.7756, -0.7054, -0.3390,
          0.1377, -0.0593]], requires_grad=True)
[2023-01-19 20:12:50,011][__main__][INFO] - scores: tensor([[24.6094, 25.0312, 24.0938, 22.9219, 24.1875]], device='cuda:0',
       dtype=torch.float16, grad_fn=<MmBackward>)
[2023-01-19 20:12:50,242][__main__][INFO] - parameters: Parameter containing:
tensor([[ 0.2160, -0.8120,  0.2599, -1.2981, -0.5029, -0.7707, -0.7161, -0.3519,
          0.1550, -0.0459]], requires_grad=True)
[2023-01-19 20:12:50,244][__main__][INFO] - scores: tensor([[24.6406, 25.0312, 24.1562, 22.8750, 24.1719]], device='cuda:0',
       dtype=torch.float16, grad_fn=<MmBackward>)
[2023-01-19 20:12:50,464][__main__][INFO] - parameters: Parameter containing:
tensor([[ 0.2604, -0.8724,  0.2826, -1.3120, -0.5294, -0.7568, -0.7407, -0.3033,
          0.2086,  0.0083]], requires_grad=True)
[2023-01-19 20:12:50,466][__main__][INFO] - scores: tensor([[24.6406, 25.0781, 24.2188, 22.9688, 24.2188]], device='cuda:0',
       dtype=torch.float16, grad_fn=<MmBackward>)
[2023-01-19 20:12:50,680][__main__][INFO] - parameters: Parameter containing:
tensor([[ 0.2960, -0.9319,  0.2967, -1.3263, -0.5468, -0.7363, -0.7680, -0.2608,
          0.2550,  0.0574]], requires_grad=True)
[2023-01-19 20:12:50,681][__main__][INFO] - scores: tensor([[24.6562, 25.1250, 24.3594, 22.9844, 24.2969]], device='cuda:0',
       dtype=torch.float16, grad_fn=<MmBackward>)
[2023-01-19 20:12:50,891][__main__][INFO] - parameters: Parameter containing:
tensor([[ 0.3193, -0.9964,  0.2931, -1.3423, -0.5553, -0.7083, -0.8018, -0.2236,
          0.2900,  0.1023]], requires_grad=True)
[2023-01-19 20:12:50,893][__main__][INFO] - scores: tensor([[24.7344, 25.1562, 24.4375, 22.9531, 24.3281]], device='cuda:0',
       dtype=torch.float16, grad_fn=<MmBackward>)
[2023-01-19 20:12:51,101][__main__][INFO] - parameters: Parameter containing:
tensor([[ 0.3321, -1.0556,  0.2772, -1.3590, -0.5419, -0.6636, -0.8333, -0.1859,
          0.3071,  0.1470]], requires_grad=True)
[2023-01-19 20:12:51,103][__main__][INFO] - scores: tensor([[24.7031, 25.1406, 24.4062, 22.9062, 24.3594]], device='cuda:0',
       dtype=torch.float16, grad_fn=<MmBackward>)
[2023-01-19 20:12:51,345][__main__][INFO] - parameters: Parameter containing:
tensor([[ 0.3434, -1.1013,  0.2727, -1.3649, -0.5306, -0.6258, -0.8553, -0.1524,
          0.3279,  0.1838]], requires_grad=True)
[2023-01-19 20:12:51,350][__main__][INFO] - scores: tensor([[24.6562, 25.1250, 24.3750, 22.8594, 24.3438]], device='cuda:0',
       dtype=torch.float16, grad_fn=<MmBackward>)
[2023-01-19 20:12:51,556][__main__][INFO] - parameters: Parameter containing:
tensor([[ 0.3465, -1.1575,  0.2551, -1.3695, -0.5155, -0.5862, -0.8606, -0.1195,
          0.3497,  0.2218]], requires_grad=True)
[2023-01-19 20:12:51,562][__main__][INFO] - scores: tensor([[24.7188, 25.1562, 24.4375, 22.9688, 24.4219]], device='cuda:0',
       dtype=torch.float16, grad_fn=<MmBackward>)
[2023-01-19 20:12:51,773][__main__][INFO] - parameters: Parameter containing:
tensor([[ 0.3591, -1.1981,  0.2624, -1.3750, -0.5078, -0.5601, -0.8512, -0.0889,
          0.3827,  0.2568]], requires_grad=True)
[2023-01-19 20:12:51,777][__main__][INFO] - scores: tensor([[24.6250, 25.1719, 24.4688, 22.9844, 24.3281]], device='cuda:0',
       dtype=torch.float16, grad_fn=<MmBackward>)
[2023-01-19 20:12:51,987][__main__][INFO] - parameters: Parameter containing:
tensor([[ 0.3503, -1.2417,  0.2486, -1.3658, -0.4806, -0.5176, -0.8457, -0.0686,
          0.4043,  0.2819]], requires_grad=True)
[2023-01-19 20:12:51,991][__main__][INFO] - scores: tensor([[24.6094, 25.1562, 24.4219, 22.9531, 24.3594]], device='cuda:0',
       dtype=torch.float16, grad_fn=<MmBackward>)
[2023-01-19 20:12:52,216][__main__][INFO] - parameters: Parameter containing:
tensor([[ 0.3420, -1.2871,  0.2311, -1.3554, -0.4578, -0.4837, -0.8393, -0.0532,
          0.4266,  0.3004]], requires_grad=True)
[2023-01-19 20:12:52,232][__main__][INFO] - scores: tensor([[24.6250, 25.2031, 24.4062, 22.9219, 24.3438]], device='cuda:0',
       dtype=torch.float16, grad_fn=<MmBackward>)
[2023-01-19 20:12:52,480][__main__][INFO] - parameters: Parameter containing:
tensor([[ 0.3376, -1.3373,  0.2102, -1.3718, -0.4585, -0.4671, -0.8538, -0.0337,
          0.4435,  0.3270]], requires_grad=True)
[2023-01-19 20:12:52,481][__main__][INFO] - scores: tensor([[24.7031, 25.2812, 24.5156, 23.0000, 24.3281]], device='cuda:0',
       dtype=torch.float16, grad_fn=<MmBackward>)
[2023-01-19 20:12:52,711][__main__][INFO] - parameters: Parameter containing:
tensor([[ 0.3157, -1.4021,  0.1698, -1.3931, -0.4483, -0.4405, -0.8584, -0.0164,
          0.4492,  0.3512]], requires_grad=True)
[2023-01-19 20:12:52,713][__main__][INFO] - scores: tensor([[24.6719, 25.2500, 24.5156, 23.0000, 24.3438]], device='cuda:0',
       dtype=torch.float16, grad_fn=<MmBackward>)
[2023-01-19 20:12:52,935][__main__][INFO] - parameters: Parameter containing:
tensor([[ 2.9288e-01, -1.4632e+00,  1.3429e-01, -1.4155e+00, -4.3328e-01,
         -4.0911e-01, -8.5622e-01, -8.2050e-05,  4.5893e-01,  3.7581e-01]],
       requires_grad=True)
[2023-01-19 20:12:52,937][__main__][INFO] - scores: tensor([[24.6719, 25.2500, 24.5469, 22.9844, 24.3594]], device='cuda:0',
       dtype=torch.float16, grad_fn=<MmBackward>)
[2023-01-19 20:12:53,147][__main__][INFO] - parameters: Parameter containing:
tensor([[ 0.2764, -1.5227,  0.0985, -1.4525, -0.4281, -0.3913, -0.8596,  0.0134,
          0.4583,  0.3966]], requires_grad=True)
[2023-01-19 20:12:53,149][__main__][INFO] - scores: tensor([[24.7969, 25.3750, 24.6250, 23.0781, 24.4375]], device='cuda:0',
       dtype=torch.float16, grad_fn=<MmBackward>)
[2023-01-19 20:12:53,379][__main__][INFO] - parameters: Parameter containing:
tensor([[ 0.2661, -1.5706,  0.0755, -1.4811, -0.4362, -0.3854, -0.8555,  0.0283,
          0.4664,  0.4089]], requires_grad=True)
[2023-01-19 20:12:53,382][__main__][INFO] - scores: tensor([[24.7500, 25.3750, 24.7344, 23.1250, 24.4219]], device='cuda:0',
       dtype=torch.float16, grad_fn=<MmBackward>)
[2023-01-19 20:12:53,602][__main__][INFO] - parameters: Parameter containing:
tensor([[ 0.2510, -1.6240,  0.0507, -1.5125, -0.4393, -0.3816, -0.8489,  0.0379,
          0.4781,  0.4236]], requires_grad=True)
[2023-01-19 20:12:53,604][__main__][INFO] - scores: tensor([[24.7031, 25.3125, 24.6719, 23.1094, 24.3750]], device='cuda:0',
       dtype=torch.float16, grad_fn=<MmBackward>)
[2023-01-19 20:12:53,814][__main__][INFO] - parameters: Parameter containing:
tensor([[ 0.2377, -1.6677,  0.0219, -1.5492, -0.4373, -0.3680, -0.8474,  0.0553,
          0.4726,  0.4417]], requires_grad=True)
[2023-01-19 20:12:53,816][__main__][INFO] - scores: tensor([[24.6719, 25.1719, 24.4688, 22.9375, 24.3594]], device='cuda:0',
       dtype=torch.float16, grad_fn=<MmBackward>)
[2023-01-19 20:12:54,031][__main__][INFO] - parameters: Parameter containing:
tensor([[ 0.2294, -1.7034, -0.0059, -1.5685, -0.4356, -0.3508, -0.8491,  0.0700,
          0.4649,  0.4585]], requires_grad=True)
[2023-01-19 20:12:54,037][__main__][INFO] - scores: tensor([[24.6406, 25.0938, 24.3281, 22.9531, 24.3281]], device='cuda:0',
       dtype=torch.float16, grad_fn=<MmBackward>)
[2023-01-19 20:12:54,256][__main__][INFO] - parameters: Parameter containing:
tensor([[ 0.2258, -1.7192, -0.0246, -1.5845, -0.4353, -0.3295, -0.8748,  0.0884,
          0.4506,  0.4756]], requires_grad=True)
[2023-01-19 20:12:54,257][__main__][INFO] - scores: tensor([[24.7031, 25.1875, 24.4531, 23.0312, 24.3594]], device='cuda:0',
       dtype=torch.float16, grad_fn=<MmBackward>)
[2023-01-19 20:12:54,479][__main__][INFO] - parameters: Parameter containing:
tensor([[ 0.2277, -1.7177, -0.0334, -1.5822, -0.4284, -0.3040, -0.9069,  0.1050,
          0.4365,  0.4863]], requires_grad=True)
[2023-01-19 20:12:54,481][__main__][INFO] - scores: tensor([[24.8438, 25.2656, 24.5938, 23.0312, 24.4531]], device='cuda:0',
       dtype=torch.float16, grad_fn=<MmBackward>)
[2023-01-19 20:12:54,700][__main__][INFO] - parameters: Parameter containing:
tensor([[ 0.2366, -1.7068, -0.0329, -1.5709, -0.4234, -0.2794, -0.9408,  0.1231,
          0.4250,  0.5005]], requires_grad=True)
[2023-01-19 20:12:54,707][__main__][INFO] - scores: tensor([[24.8438, 25.2500, 24.5781, 23.0312, 24.4375]], device='cuda:0',
       dtype=torch.float16, grad_fn=<MmBackward>)
[2023-01-19 20:12:54,930][__main__][INFO] - parameters: Parameter containing:
tensor([[ 0.2416, -1.6958, -0.0352, -1.5525, -0.4205, -0.2589, -0.9749,  0.1393,
          0.4146,  0.5096]], requires_grad=True)
[2023-01-19 20:12:54,936][__main__][INFO] - scores: tensor([[24.8281, 25.2344, 24.5781, 23.0156, 24.4219]], device='cuda:0',
       dtype=torch.float16, grad_fn=<MmBackward>)
[2023-01-19 20:12:55,155][__main__][INFO] - parameters: Parameter containing:
tensor([[ 0.2477, -1.6901, -0.0330, -1.5445, -0.4214, -0.2467, -1.0078,  0.1557,
          0.4109,  0.5189]], requires_grad=True)
[2023-01-19 20:12:55,162][__main__][INFO] - scores: tensor([[24.7969, 25.2188, 24.5469, 23.0000, 24.4531]], device='cuda:0',
       dtype=torch.float16, grad_fn=<MmBackward>)
[2023-01-19 20:12:55,410][__main__][INFO] - parameters: Parameter containing:
tensor([[ 0.2465, -1.6948, -0.0387, -1.5447, -0.4238, -0.2405, -1.0386,  0.1677,
          0.4102,  0.5261]], requires_grad=True)
[2023-01-19 20:12:55,413][__main__][INFO] - scores: tensor([[24.7969, 25.2188, 24.5469, 22.9688, 24.4375]], device='cuda:0',
       dtype=torch.float16, grad_fn=<MmBackward>)
[2023-01-19 20:12:55,635][__main__][INFO] - parameters: Parameter containing:
tensor([[ 0.2471, -1.7000, -0.0433, -1.5522, -0.4341, -0.2398, -1.0724,  0.1817,
          0.4089,  0.5379]], requires_grad=True)
[2023-01-19 20:12:55,637][__main__][INFO] - scores: tensor([[24.8281, 25.2188, 24.5469, 22.9844, 24.4531]], device='cuda:0',
       dtype=torch.float16, grad_fn=<MmBackward>)
[2023-01-19 20:12:55,845][__main__][INFO] - parameters: Parameter containing:
tensor([[ 0.2534, -1.7132, -0.0515, -1.5828, -0.4672, -0.2551, -1.1224,  0.2008,
          0.4005,  0.5550]], requires_grad=True)
[2023-01-19 20:12:55,847][__main__][INFO] - scores: tensor([[24.8750, 25.2344, 24.5312, 23.0156, 24.5000]], device='cuda:0',
       dtype=torch.float16, grad_fn=<MmBackward>)
[2023-01-19 20:12:56,073][__main__][INFO] - parameters: Parameter containing:
tensor([[ 0.2619, -1.7268, -0.0667, -1.6122, -0.5087, -0.2748, -1.1747,  0.2214,
          0.3845,  0.5682]], requires_grad=True)
[2023-01-19 20:12:56,075][__main__][INFO] - scores: tensor([[24.9219, 25.2344, 24.5781, 23.0469, 24.5000]], device='cuda:0',
       dtype=torch.float16, grad_fn=<MmBackward>)
[2023-01-19 20:12:56,289][__main__][INFO] - parameters: Parameter containing:
tensor([[ 0.2698, -1.7483, -0.0785, -1.6522, -0.5480, -0.3026, -1.2320,  0.2381,
          0.3725,  0.5787]], requires_grad=True)
[2023-01-19 20:12:56,291][__main__][INFO] - scores: tensor([[24.9375, 25.2656, 24.6250, 23.0781, 24.5625]], device='cuda:0',
       dtype=torch.float16, grad_fn=<MmBackward>)
[2023-01-19 20:12:56,528][__main__][INFO] - parameters: Parameter containing:
tensor([[ 0.2693, -1.7659, -0.0889, -1.6775, -0.5621, -0.3115, -1.2703,  0.2506,
          0.3628,  0.5866]], requires_grad=True)
[2023-01-19 20:12:56,540][__main__][INFO] - scores: tensor([[24.9531, 25.2031, 24.5469, 23.0156, 24.5156]], device='cuda:0',
       dtype=torch.float16, grad_fn=<MmBackward>)
[2023-01-19 20:12:56,794][__main__][INFO] - parameters: Parameter containing:
tensor([[ 0.2705, -1.7927, -0.1011, -1.6970, -0.5743, -0.3206, -1.2965,  0.2572,
          0.3594,  0.5919]], requires_grad=True)
[2023-01-19 20:12:56,800][__main__][INFO] - scores: tensor([[24.8750, 25.1875, 24.5000, 22.9844, 24.5156]], device='cuda:0',
       dtype=torch.float16, grad_fn=<MmBackward>)
[2023-01-19 20:12:57,022][__main__][INFO] - parameters: Parameter containing:
tensor([[ 0.2594, -1.8346, -0.1295, -1.7227, -0.5804, -0.3240, -1.3393,  0.2602,
          0.3502,  0.5983]], requires_grad=True)
[2023-01-19 20:12:57,024][__main__][INFO] - scores: tensor([[24.8594, 25.1719, 24.4688, 22.9375, 24.5312]], device='cuda:0',
       dtype=torch.float16, grad_fn=<MmBackward>)
[2023-01-19 20:12:57,271][__main__][INFO] - parameters: Parameter containing:
tensor([[ 0.2510, -1.8588, -0.1449, -1.7407, -0.5747, -0.3264, -1.3705,  0.2563,
          0.3418,  0.5974]], requires_grad=True)
[2023-01-19 20:12:57,273][__main__][INFO] - scores: tensor([[24.9844, 25.2812, 24.6094, 23.0469, 24.7188]], device='cuda:0',
       dtype=torch.float16, grad_fn=<MmBackward>)
[2023-01-19 20:12:57,500][__main__][INFO] - parameters: Parameter containing:
tensor([[ 0.2255, -1.8771, -0.1680, -1.7412, -0.5493, -0.3119, -1.3789,  0.2483,
          0.3317,  0.5917]], requires_grad=True)
[2023-01-19 20:12:57,502][__main__][INFO] - scores: tensor([[25.0000, 25.2969, 24.6094, 23.0625, 24.7031]], device='cuda:0',
       dtype=torch.float16, grad_fn=<MmBackward>)
[2023-01-19 20:12:57,735][__main__][INFO] - parameters: Parameter containing:
tensor([[ 0.1886, -1.9031, -0.2072, -1.7324, -0.5101, -0.2833, -1.3696,  0.2317,
          0.3149,  0.5763]], requires_grad=True)
[2023-01-19 20:12:57,737][__main__][INFO] - scores: tensor([[24.9062, 25.2188, 24.5781, 23.0156, 24.6094]], device='cuda:0',
       dtype=torch.float16, grad_fn=<MmBackward>)
[2023-01-19 20:12:57,964][__main__][INFO] - parameters: Parameter containing:
tensor([[ 0.1586, -1.9249, -0.2403, -1.7297, -0.4706, -0.2531, -1.3598,  0.2188,
          0.2949,  0.5621]], requires_grad=True)
[2023-01-19 20:12:57,970][__main__][INFO] - scores: tensor([[24.7656, 25.1250, 24.4375, 22.7812, 24.4688]], device='cuda:0',
       dtype=torch.float16, grad_fn=<MmBackward>)
[2023-01-19 20:12:58,192][__main__][INFO] - parameters: Parameter containing:
tensor([[ 0.1165, -1.9510, -0.2818, -1.7264, -0.4318, -0.2280, -1.3572,  0.2015,
          0.2737,  0.5578]], requires_grad=True)
[2023-01-19 20:12:58,198][__main__][INFO] - scores: tensor([[24.7656, 25.1719, 24.4688, 22.9062, 24.5000]], device='cuda:0',
       dtype=torch.float16, grad_fn=<MmBackward>)
[2023-01-19 20:12:58,418][__main__][INFO] - parameters: Parameter containing:
tensor([[ 0.0821, -1.9753, -0.3154, -1.7326, -0.4048, -0.2204, -1.3597,  0.1846,
          0.2540,  0.5564]], requires_grad=True)
[2023-01-19 20:12:58,425][__main__][INFO] - scores: tensor([[24.7344, 25.1875, 24.4375, 23.0781, 24.5781]], device='cuda:0',
       dtype=torch.float16, grad_fn=<MmBackward>)
[2023-01-19 20:12:58,640][__main__][INFO] - parameters: Parameter containing:
tensor([[ 0.0608, -1.9620, -0.3270, -1.7031, -0.3602, -0.1907, -1.3592,  0.1618,
          0.2367,  0.5520]], requires_grad=True)
[2023-01-19 20:12:58,642][__main__][INFO] - scores: tensor([[24.7188, 25.0781, 24.2656, 23.0625, 24.4844]], device='cuda:0',
       dtype=torch.float16, grad_fn=<MmBackward>)
[2023-01-19 20:12:58,864][__main__][INFO] - parameters: Parameter containing:
tensor([[ 0.0364, -1.9465, -0.3368, -1.6692, -0.3130, -0.1539, -1.3607,  0.1402,
          0.2261,  0.5463]], requires_grad=True)
[2023-01-19 20:12:58,866][__main__][INFO] - scores: tensor([[24.8906, 25.2031, 24.3906, 23.1875, 24.6250]], device='cuda:0',
       dtype=torch.float16, grad_fn=<MmBackward>)
[2023-01-19 20:12:59,086][__main__][INFO] - parameters: Parameter containing:
tensor([[ 0.0241, -1.9176, -0.3238, -1.6251, -0.2603, -0.1162, -1.3428,  0.1174,
          0.2304,  0.5430]], requires_grad=True)
[2023-01-19 20:12:59,088][__main__][INFO] - scores: tensor([[24.7500, 25.1562, 24.2969, 23.1250, 24.5625]], device='cuda:0',
       dtype=torch.float16, grad_fn=<MmBackward>)
[2023-01-19 20:12:59,305][__main__][INFO] - parameters: Parameter containing:
tensor([[ 0.0136, -1.8892, -0.3061, -1.5813, -0.1983, -0.0716, -1.3189,  0.0997,
          0.2379,  0.5440]], requires_grad=True)
[2023-01-19 20:12:59,307][__main__][INFO] - scores: tensor([[24.7031, 25.1406, 24.2500, 23.1094, 24.5625]], device='cuda:0',
       dtype=torch.float16, grad_fn=<MmBackward>)
[2023-01-19 20:12:59,530][__main__][INFO] - parameters: Parameter containing:
tensor([[-0.0053, -1.8752, -0.3028, -1.5553, -0.1514, -0.0399, -1.3038,  0.0875,
          0.2397,  0.5487]], requires_grad=True)
[2023-01-19 20:12:59,532][__main__][INFO] - scores: tensor([[24.7344, 25.0938, 24.1562, 23.0625, 24.4688]], device='cuda:0',
       dtype=torch.float16, grad_fn=<MmBackward>)
[2023-01-19 20:12:59,747][__main__][INFO] - parameters: Parameter containing:
tensor([[-0.0271, -1.8691, -0.3016, -1.5343, -0.1079, -0.0197, -1.2830,  0.0671,
          0.2466,  0.5542]], requires_grad=True)
[2023-01-19 20:12:59,749][__main__][INFO] - scores: tensor([[24.7500, 25.0469, 24.1406, 23.0469, 24.4531]], device='cuda:0',
       dtype=torch.float16, grad_fn=<MmBackward>)
[2023-01-19 20:12:59,962][__main__][INFO] - parameters: Parameter containing:
tensor([[-0.0418, -1.8635, -0.2879, -1.5287, -0.0748, -0.0175, -1.2665,  0.0535,
          0.2639,  0.5640]], requires_grad=True)
[2023-01-19 20:12:59,964][__main__][INFO] - scores: tensor([[24.7188, 25.0156, 24.0938, 23.0625, 24.4531]], device='cuda:0',
       dtype=torch.float16, grad_fn=<MmBackward>)
[2023-01-19 20:13:00,215][__main__][INFO] - parameters: Parameter containing:
tensor([[-0.0416, -1.8660, -0.2730, -1.5315, -0.0574, -0.0253, -1.2555,  0.0409,
          0.2835,  0.5724]], requires_grad=True)
[2023-01-19 20:13:00,217][__main__][INFO] - scores: tensor([[24.7188, 25.0625, 24.1406, 23.0938, 24.4688]], device='cuda:0',
       dtype=torch.float16, grad_fn=<MmBackward>)
[2023-01-19 20:13:00,453][__main__][INFO] - parameters: Parameter containing:
tensor([[-0.0254, -1.8654, -0.2427, -1.5322, -0.0462, -0.0415, -1.2390,  0.0291,
          0.3172,  0.5821]], requires_grad=True)
[2023-01-19 20:13:00,455][__main__][INFO] - scores: tensor([[24.7656, 25.0625, 24.1562, 23.0938, 24.4688]], device='cuda:0',
       dtype=torch.float16, grad_fn=<MmBackward>)
[2023-01-19 20:13:00,693][__main__][INFO] - parameters: Parameter containing:
tensor([[-0.0173, -1.8638, -0.2158, -1.5265, -0.0321, -0.0526, -1.2167,  0.0183,
          0.3518,  0.5879]], requires_grad=True)
[2023-01-19 20:13:00,695][__main__][INFO] - scores: tensor([[24.7656, 25.0469, 24.1406, 23.1094, 24.4688]], device='cuda:0',
       dtype=torch.float16, grad_fn=<MmBackward>)
[2023-01-19 20:13:00,918][__main__][INFO] - parameters: Parameter containing:
tensor([[ 0.0032, -1.8598, -0.1830, -1.5182, -0.0252, -0.0668, -1.2030,  0.0086,
          0.3905,  0.5949]], requires_grad=True)
[2023-01-19 20:13:00,919][__main__][INFO] - scores: tensor([[24.7656, 25.0000, 24.1250, 23.0781, 24.3906]], device='cuda:0',
       dtype=torch.float16, grad_fn=<MmBackward>)
[2023-01-19 20:13:01,139][__main__][INFO] - parameters: Parameter containing:
tensor([[ 0.0195, -1.8451, -0.1455, -1.5035, -0.0096, -0.0781, -1.1721,  0.0027,
          0.4319,  0.6052]], requires_grad=True)
[2023-01-19 20:13:01,141][__main__][INFO] - scores: tensor([[24.7188, 25.0781, 24.1875, 23.1250, 24.4531]], device='cuda:0',
       dtype=torch.float16, grad_fn=<MmBackward>)
[2023-01-19 20:13:01,363][__main__][INFO] - parameters: Parameter containing:
tensor([[ 1.6534e-02, -1.8345e+00, -1.2808e-01, -1.4981e+00,  6.0633e-03,
         -8.5460e-02, -1.1525e+00,  1.1649e-03,  4.5386e-01,  6.1648e-01]],
       requires_grad=True)
[2023-01-19 20:13:01,365][__main__][INFO] - scores: tensor([[24.7188, 25.1250, 24.2188, 23.1875, 24.4219]], device='cuda:0',
       dtype=torch.float16, grad_fn=<MmBackward>)
[2023-01-19 20:13:01,586][__main__][INFO] - parameters: Parameter containing:
tensor([[ 0.0111, -1.8253, -0.1172, -1.4824,  0.0307, -0.0865, -1.1247, -0.0061,
          0.4706,  0.6225]], requires_grad=True)
[2023-01-19 20:13:01,588][__main__][INFO] - scores: tensor([[24.6875, 25.0781, 24.2031, 23.1094, 24.3906]], device='cuda:0',
       dtype=torch.float16, grad_fn=<MmBackward>)
[2023-01-19 20:13:01,812][__main__][INFO] - parameters: Parameter containing:
tensor([[ 0.0101, -1.8127, -0.1004, -1.4473,  0.0675, -0.0812, -1.0768, -0.0175,
          0.4980,  0.6232]], requires_grad=True)
[2023-01-19 20:13:01,814][__main__][INFO] - scores: tensor([[24.7344, 25.0781, 24.1875, 23.1406, 24.4219]], device='cuda:0',
       dtype=torch.float16, grad_fn=<MmBackward>)
[2023-01-19 20:13:02,035][__main__][INFO] - parameters: Parameter containing:
tensor([[ 0.0123, -1.7883, -0.0758, -1.3904,  0.1221, -0.0613, -1.0064, -0.0374,
          0.5339,  0.6172]], requires_grad=True)
[2023-01-19 20:13:02,037][__main__][INFO] - scores: tensor([[24.6094, 25.0938, 24.1562, 23.0938, 24.4062]], device='cuda:0',
       dtype=torch.float16, grad_fn=<MmBackward>)
[2023-01-19 20:13:02,266][__main__][INFO] - parameters: Parameter containing:
tensor([[ 0.0249, -1.7716, -0.0476, -1.3536,  0.1556, -0.0536, -0.9548, -0.0366,
          0.5701,  0.6223]], requires_grad=True)
[2023-01-19 20:13:02,268][__main__][INFO] - scores: tensor([[24.5781, 25.0938, 24.2031, 23.0781, 24.3906]], device='cuda:0',
       dtype=torch.float16, grad_fn=<MmBackward>)
[2023-01-19 20:13:02,481][__main__][INFO] - parameters: Parameter containing:
tensor([[ 0.0319, -1.7559, -0.0242, -1.3180,  0.1996, -0.0350, -0.9025, -0.0377,
          0.5969,  0.6219]], requires_grad=True)
[2023-01-19 20:13:02,487][__main__][INFO] - scores: tensor([[24.7344, 25.1562, 24.3594, 23.1250, 24.5156]], device='cuda:0',
       dtype=torch.float16, grad_fn=<MmBackward>)
[2023-01-19 20:13:02,712][__main__][INFO] - parameters: Parameter containing:
tensor([[ 0.0381, -1.7359, -0.0088, -1.2711,  0.2438, -0.0051, -0.8478, -0.0393,
          0.6176,  0.6198]], requires_grad=True)
[2023-01-19 20:13:02,719][__main__][INFO] - scores: tensor([[24.6406, 25.1719, 24.3438, 23.0938, 24.4844]], device='cuda:0',
       dtype=torch.float16, grad_fn=<MmBackward>)
[2023-01-19 20:13:02,939][__main__][INFO] - parameters: Parameter containing:
tensor([[ 3.9271e-02, -1.7177e+00,  3.2854e-04, -1.2302e+00,  2.9044e-01,
          2.5191e-02, -7.9511e-01, -4.0862e-02,  6.3329e-01,  6.2431e-01]],
       requires_grad=True)
[2023-01-19 20:13:02,946][__main__][INFO] - scores: tensor([[24.6406, 25.1250, 24.2812, 22.9062, 24.4688]], device='cuda:0',
       dtype=torch.float16, grad_fn=<MmBackward>)
[2023-01-19 20:13:03,156][__main__][INFO] - parameters: Parameter containing:
tensor([[ 0.0445, -1.6985,  0.0136, -1.1965,  0.3291,  0.0443, -0.7492, -0.0407,
          0.6475,  0.6252]], requires_grad=True)
[2023-01-19 20:13:03,158][__main__][INFO] - scores: tensor([[24.6406, 25.1094, 24.2500, 22.9219, 24.4844]], device='cuda:0',
       dtype=torch.float16, grad_fn=<MmBackward>)
[2023-01-19 20:13:03,394][__main__][INFO] - parameters: Parameter containing:
tensor([[ 0.0523, -1.6646,  0.0400, -1.1540,  0.3752,  0.0704, -0.7004, -0.0360,
          0.6686,  0.6238]], requires_grad=True)
[2023-01-19 20:13:03,401][__main__][INFO] - scores: tensor([[24.6562, 25.0781, 24.2656, 22.7656, 24.4219]], device='cuda:0',
       dtype=torch.float16, grad_fn=<MmBackward>)
[2023-01-19 20:13:03,624][__main__][INFO] - parameters: Parameter containing:
tensor([[ 0.0437, -1.6524,  0.0449, -1.1243,  0.4258,  0.1041, -0.6575, -0.0297,
          0.6806,  0.6234]], requires_grad=True)
[2023-01-19 20:13:03,626][__main__][INFO] - scores: tensor([[24.7344, 25.1562, 24.4062, 22.8281, 24.3438]], device='cuda:0',
       dtype=torch.float16, grad_fn=<MmBackward>)
[2023-01-19 20:13:03,843][__main__][INFO] - parameters: Parameter containing:
tensor([[ 0.0433, -1.6042,  0.0662, -1.0734,  0.4906,  0.1577, -0.6146, -0.0202,
          0.6835,  0.6261]], requires_grad=True)
[2023-01-19 20:13:03,849][__main__][INFO] - scores: tensor([[24.7188, 25.1719, 24.4062, 22.9062, 24.3750]], device='cuda:0',
       dtype=torch.float16, grad_fn=<MmBackward>)
[2023-01-19 20:13:04,078][__main__][INFO] - parameters: Parameter containing:
tensor([[ 0.0286, -1.5607,  0.0752, -1.0141,  0.5561,  0.2161, -0.5757, -0.0196,
          0.6888,  0.6196]], requires_grad=True)
[2023-01-19 20:13:04,085][__main__][INFO] - scores: tensor([[24.6875, 25.2344, 24.3125, 23.0000, 24.4375]], device='cuda:0',
       dtype=torch.float16, grad_fn=<MmBackward>)
[2023-01-19 20:13:04,301][__main__][INFO] - parameters: Parameter containing:
tensor([[ 1.3022e-03, -1.5230e+00,  6.6121e-02, -9.5331e-01,  6.2352e-01,
          2.8275e-01, -5.4213e-01, -1.9070e-02,  6.8016e-01,  6.1211e-01]],
       requires_grad=True)
[2023-01-19 20:13:04,303][__main__][INFO] - scores: tensor([[24.6562, 25.2969, 24.3594, 23.0781, 24.3906]], device='cuda:0',
       dtype=torch.float16, grad_fn=<MmBackward>)
[2023-01-19 20:13:04,531][__main__][INFO] - parameters: Parameter containing:
tensor([[-0.0289, -1.4970,  0.0533, -0.8981,  0.6836,  0.3394, -0.5091, -0.0255,
          0.6794,  0.6065]], requires_grad=True)
[2023-01-19 20:13:04,533][__main__][INFO] - scores: tensor([[24.8438, 25.3438, 24.4531, 23.1406, 24.4375]], device='cuda:0',
       dtype=torch.float16, grad_fn=<MmBackward>)
[2023-01-19 20:13:04,753][__main__][INFO] - parameters: Parameter containing:
tensor([[-0.0511, -1.4685,  0.0407, -0.8327,  0.7415,  0.3958, -0.4834, -0.0369,
          0.6754,  0.5960]], requires_grad=True)
[2023-01-19 20:13:04,755][__main__][INFO] - scores: tensor([[24.7812, 25.2656, 24.3438, 23.0625, 24.3906]], device='cuda:0',
       dtype=torch.float16, grad_fn=<MmBackward>)
[2023-01-19 20:13:04,970][__main__][INFO] - parameters: Parameter containing:
tensor([[-0.0732, -1.4530,  0.0274, -0.7907,  0.7856,  0.4375, -0.4695, -0.0470,
          0.6717,  0.5890]], requires_grad=True)
[2023-01-19 20:13:04,972][__main__][INFO] - scores: tensor([[24.8438, 25.2500, 24.3438, 23.0000, 24.4062]], device='cuda:0',
       dtype=torch.float16, grad_fn=<MmBackward>)
[2023-01-19 20:13:05,191][__main__][INFO] - parameters: Parameter containing:
tensor([[-0.0901, -1.4458,  0.0077, -0.7733,  0.8119,  0.4731, -0.4795, -0.0349,
          0.6568,  0.5943]], requires_grad=True)
[2023-01-19 20:13:05,193][__main__][INFO] - scores: tensor([[25.0312, 25.2500, 24.4062, 23.0156, 24.4531]], device='cuda:0',
       dtype=torch.float16, grad_fn=<MmBackward>)
[2023-01-19 20:13:05,427][__main__][INFO] - parameters: Parameter containing:
tensor([[-0.1007, -1.4552, -0.0135, -0.7720,  0.8301,  0.4984, -0.4940, -0.0257,
          0.6468,  0.6139]], requires_grad=True)
[2023-01-19 20:13:05,432][__main__][INFO] - scores: tensor([[25.0312, 25.3594, 24.4844, 23.0312, 24.4375]], device='cuda:0',
       dtype=torch.float16, grad_fn=<MmBackward>)
[2023-01-19 20:13:05,693][__main__][INFO] - parameters: Parameter containing:
tensor([[-0.1106, -1.4512, -0.0311, -0.7540,  0.8552,  0.5340, -0.4993, -0.0215,
          0.6336,  0.6283]], requires_grad=True)
[2023-01-19 20:13:05,695][__main__][INFO] - scores: tensor([[24.9531, 25.3281, 24.3906, 23.0625, 24.3750]], device='cuda:0',
       dtype=torch.float16, grad_fn=<MmBackward>)
[2023-01-19 20:13:05,902][__main__][INFO] - parameters: Parameter containing:
tensor([[-0.1288, -1.4692, -0.0615, -0.7507,  0.8629,  0.5618, -0.5194, -0.0136,
          0.6272,  0.6514]], requires_grad=True)
[2023-01-19 20:13:05,904][__main__][INFO] - scores: tensor([[24.9531, 25.3281, 24.4062, 23.0625, 24.3594]], device='cuda:0',
       dtype=torch.float16, grad_fn=<MmBackward>)
[2023-01-19 20:13:06,112][__main__][INFO] - parameters: Parameter containing:
tensor([[-1.4105e-01, -1.4848e+00, -9.2021e-02, -7.5337e-01,  8.6131e-01,
          5.7578e-01, -5.4219e-01,  6.8419e-04,  6.0934e-01,  6.6653e-01]],
       requires_grad=True)
[2023-01-19 20:13:06,118][__main__][INFO] - scores: tensor([[25.0156, 25.3750, 24.4375, 23.1094, 24.4062]], device='cuda:0',
       dtype=torch.float16, grad_fn=<MmBackward>)
[2023-01-19 20:13:06,339][__main__][INFO] - parameters: Parameter containing:
tensor([[-0.1577, -1.5177, -0.1454, -0.7627,  0.8413,  0.5852, -0.5853,  0.0156,
          0.5780,  0.6907]], requires_grad=True)
[2023-01-19 20:13:06,341][__main__][INFO] - scores: tensor([[25.0000, 25.4219, 24.4688, 23.1719, 24.4531]], device='cuda:0',
       dtype=torch.float16, grad_fn=<MmBackward>)
[2023-01-19 20:13:06,566][__main__][INFO] - parameters: Parameter containing:
tensor([[-0.1927, -1.5523, -0.2147, -0.7692,  0.8254,  0.6004, -0.6296,  0.0218,
          0.5307,  0.7015]], requires_grad=True)
[2023-01-19 20:13:06,569][__main__][INFO] - scores: tensor([[25.0000, 25.2812, 24.3281, 23.1250, 24.4531]], device='cuda:0',
       dtype=torch.float16, grad_fn=<MmBackward>)
[2023-01-19 20:13:06,794][__main__][INFO] - parameters: Parameter containing:
tensor([[-0.2100, -1.5784, -0.2616, -0.7844,  0.7974,  0.5977, -0.6772,  0.0386,
          0.4921,  0.7153]], requires_grad=True)
[2023-01-19 20:13:06,803][__main__][INFO] - scores: tensor([[24.8125, 25.0469, 24.0938, 22.8281, 24.2656]], device='cuda:0',
       dtype=torch.float16, grad_fn=<MmBackward>)
[2023-01-19 20:13:07,032][__main__][INFO] - parameters: Parameter containing:
tensor([[-0.2317, -1.6036, -0.3090, -0.8020,  0.7721,  0.5893, -0.7286,  0.0412,
          0.4538,  0.7260]], requires_grad=True)
[2023-01-19 20:13:07,039][__main__][INFO] - scores: tensor([[24.7656, 24.9688, 23.9688, 22.7656, 24.1719]], device='cuda:0',
       dtype=torch.float16, grad_fn=<MmBackward>)
[2023-01-19 20:13:07,261][__main__][INFO] - parameters: Parameter containing:
tensor([[-0.2419, -1.6384, -0.3493, -0.8249,  0.7445,  0.5736, -0.7706,  0.0433,
          0.4236,  0.7257]], requires_grad=True)
[2023-01-19 20:13:07,264][__main__][INFO] - scores: tensor([[24.7656, 24.9844, 24.0469, 22.8594, 24.1562]], device='cuda:0',
       dtype=torch.float16, grad_fn=<MmBackward>)
[2023-01-19 20:13:07,491][__main__][INFO] - parameters: Parameter containing:
tensor([[-0.2384, -1.6780, -0.3840, -0.8559,  0.6976,  0.5449, -0.8282,  0.0523,
          0.3984,  0.7264]], requires_grad=True)
[2023-01-19 20:13:07,497][__main__][INFO] - scores: tensor([[24.7344, 24.9844, 24.0000, 22.9219, 24.2656]], device='cuda:0',
       dtype=torch.float16, grad_fn=<MmBackward>)
[2023-01-19 20:13:07,713][__main__][INFO] - parameters: Parameter containing:
tensor([[-0.2373, -1.7205, -0.4238, -0.8905,  0.6489,  0.5223, -0.8892,  0.0673,
          0.3647,  0.7308]], requires_grad=True)
[2023-01-19 20:13:07,715][__main__][INFO] - scores: tensor([[24.7031, 25.0000, 24.0469, 22.9375, 24.2969]], device='cuda:0',
       dtype=torch.float16, grad_fn=<MmBackward>)
[2023-01-19 20:13:07,938][__main__][INFO] - parameters: Parameter containing:
tensor([[-0.2367, -1.7592, -0.4596, -0.9205,  0.5965,  0.4967, -0.9530,  0.0781,
          0.3388,  0.7338]], requires_grad=True)
[2023-01-19 20:13:07,940][__main__][INFO] - scores: tensor([[24.7031, 24.9688, 24.0156, 22.9688, 24.3594]], device='cuda:0',
       dtype=torch.float16, grad_fn=<MmBackward>)
[2023-01-19 20:13:08,159][__main__][INFO] - parameters: Parameter containing:
tensor([[-0.2373, -1.8201, -0.4961, -0.9686,  0.5436,  0.4538, -0.9852,  0.0855,
          0.3286,  0.7342]], requires_grad=True)
[2023-01-19 20:13:08,161][__main__][INFO] - scores: tensor([[24.9062, 25.0000, 24.0312, 22.8438, 24.4688]], device='cuda:0',
       dtype=torch.float16, grad_fn=<MmBackward>)
[2023-01-19 20:13:08,391][__main__][INFO] - parameters: Parameter containing:
tensor([[-0.2408, -1.8863, -0.5369, -1.0098,  0.4927,  0.4230, -1.0195,  0.0865,
          0.3298,  0.7408]], requires_grad=True)
[2023-01-19 20:13:08,393][__main__][INFO] - scores: tensor([[24.9062, 25.0469, 24.0938, 22.8125, 24.4531]], device='cuda:0',
       dtype=torch.float16, grad_fn=<MmBackward>)
[2023-01-19 20:13:08,622][__main__][INFO] - parameters: Parameter containing:
tensor([[-0.2333, -1.9381, -0.5642, -1.0430,  0.4545,  0.4021, -1.0509,  0.0895,
          0.3315,  0.7492]], requires_grad=True)
[2023-01-19 20:13:08,629][__main__][INFO] - scores: tensor([[24.8750, 25.1094, 24.1094, 23.0938, 24.5469]], device='cuda:0',
       dtype=torch.float16, grad_fn=<MmBackward>)
[2023-01-19 20:13:08,870][__main__][INFO] - parameters: Parameter containing:
tensor([[-0.2225, -1.9781, -0.5859, -1.0629,  0.4319,  0.3889, -1.0634,  0.0805,
          0.3325,  0.7517]], requires_grad=True)
[2023-01-19 20:13:08,876][__main__][INFO] - scores: tensor([[24.8125, 25.0312, 24.0938, 23.0781, 24.5000]], device='cuda:0',
       dtype=torch.float16, grad_fn=<MmBackward>)
[2023-01-19 20:13:09,115][__main__][INFO] - parameters: Parameter containing:
tensor([[-0.2023, -2.0058, -0.5978, -1.0915,  0.3994,  0.3655, -1.0879,  0.0884,
          0.3242,  0.7502]], requires_grad=True)
[2023-01-19 20:13:09,117][__main__][INFO] - scores: tensor([[24.7656, 24.9688, 24.0469, 23.0000, 24.3906]], device='cuda:0',
       dtype=torch.float16, grad_fn=<MmBackward>)
[2023-01-19 20:13:09,353][__main__][INFO] - parameters: Parameter containing:
tensor([[-0.1739, -2.0367, -0.6023, -1.1276,  0.3557,  0.3342, -1.1145,  0.1018,
          0.3202,  0.7474]], requires_grad=True)
[2023-01-19 20:13:09,355][__main__][INFO] - scores: tensor([[24.7969, 24.8906, 24.0625, 22.9531, 24.3906]], device='cuda:0',
       dtype=torch.float16, grad_fn=<MmBackward>)
[2023-01-19 20:13:09,578][__main__][INFO] - parameters: Parameter containing:
tensor([[-0.1426, -2.0739, -0.6059, -1.1764,  0.3002,  0.2880, -1.1507,  0.1140,
          0.3190,  0.7538]], requires_grad=True)
[2023-01-19 20:13:09,580][__main__][INFO] - scores: tensor([[24.8438, 25.0000, 24.2188, 23.0156, 24.4844]], device='cuda:0',
       dtype=torch.float16, grad_fn=<MmBackward>)
[2023-01-19 20:13:09,831][__main__][INFO] - parameters: Parameter containing:
tensor([[-0.1255, -2.1092, -0.6260, -1.2338,  0.2465,  0.2448, -1.1985,  0.1355,
          0.2899,  0.7545]], requires_grad=True)
[2023-01-19 20:13:09,833][__main__][INFO] - scores: tensor([[24.8750, 25.0000, 24.2344, 23.0000, 24.5000]], device='cuda:0',
       dtype=torch.float16, grad_fn=<MmBackward>)
[2023-01-19 20:13:10,057][__main__][INFO] - parameters: Parameter containing:
tensor([[-0.1343, -2.1513, -0.6603, -1.2778,  0.2228,  0.2356, -1.2365,  0.1784,
          0.2685,  0.7776]], requires_grad=True)
[2023-01-19 20:13:10,059][__main__][INFO] - scores: tensor([[24.8906, 25.0156, 24.2188, 23.0625, 24.5469]], device='cuda:0',
       dtype=torch.float16, grad_fn=<MmBackward>)
[2023-01-19 20:13:10,289][__main__][INFO] - parameters: Parameter containing:
tensor([[-0.1567, -2.2007, -0.6998, -1.3286,  0.1949,  0.2261, -1.2775,  0.2248,
          0.2548,  0.8028]], requires_grad=True)
[2023-01-19 20:13:10,292][__main__][INFO] - scores: tensor([[24.7812, 24.9688, 24.0938, 22.9531, 24.5312]], device='cuda:0',
       dtype=torch.float16, grad_fn=<MmBackward>)
[2023-01-19 20:13:10,507][__main__][INFO] - parameters: Parameter containing:
tensor([[-0.1653, -2.2461, -0.7219, -1.3703,  0.1717,  0.2179, -1.3017,  0.2630,
          0.2548,  0.8287]], requires_grad=True)
[2023-01-19 20:13:10,509][__main__][INFO] - scores: tensor([[24.7656, 24.8906, 24.0938, 22.8906, 24.4688]], device='cuda:0',
       dtype=torch.float16, grad_fn=<MmBackward>)
[2023-01-19 20:13:10,722][__main__][INFO] - parameters: Parameter containing:
tensor([[-0.1611, -2.2864, -0.7340, -1.4177,  0.1428,  0.1986, -1.3248,  0.2992,
          0.2569,  0.8573]], requires_grad=True)
[2023-01-19 20:13:10,724][__main__][INFO] - scores: tensor([[24.8281, 24.8438, 24.0312, 22.8750, 24.4062]], device='cuda:0',
       dtype=torch.float16, grad_fn=<MmBackward>)
[2023-01-19 20:13:10,936][__main__][INFO] - parameters: Parameter containing:
tensor([[-0.1671, -2.3304, -0.7548, -1.4670,  0.1183,  0.1854, -1.3422,  0.3415,
          0.2498,  0.8923]], requires_grad=True)
[2023-01-19 20:13:10,943][__main__][INFO] - scores: tensor([[24.8438, 24.7969, 24.0781, 22.8438, 24.4531]], device='cuda:0',
       dtype=torch.float16, grad_fn=<MmBackward>)
[2023-01-19 20:13:11,173][__main__][INFO] - parameters: Parameter containing:
tensor([[-0.1718, -2.3597, -0.7604, -1.5002,  0.1160,  0.1878, -1.3301,  0.3766,
          0.2537,  0.9283]], requires_grad=True)
[2023-01-19 20:13:11,175][__main__][INFO] - scores: tensor([[25.0469, 25.0000, 24.3125, 22.9844, 24.6250]], device='cuda:0',
       dtype=torch.float16, grad_fn=<MmBackward>)
[2023-01-19 20:13:11,392][__main__][INFO] - parameters: Parameter containing:
tensor([[-0.1709, -2.3768, -0.7519, -1.5206,  0.1163,  0.1848, -1.3029,  0.4061,
          0.2709,  0.9575]], requires_grad=True)
[2023-01-19 20:13:11,394][__main__][INFO] - scores: tensor([[25.0625, 25.0625, 24.3594, 23.0469, 24.7344]], device='cuda:0',
       dtype=torch.float16, grad_fn=<MmBackward>)
[2023-01-19 20:13:11,601][__main__][INFO] - parameters: Parameter containing:
tensor([[-0.1991, -2.3905, -0.7637, -1.5275,  0.1282,  0.1960, -1.2738,  0.4296,
          0.2772,  0.9769]], requires_grad=True)
[2023-01-19 20:13:11,608][__main__][INFO] - scores: tensor([[24.9688, 25.1719, 24.4219, 23.1094, 24.7656]], device='cuda:0',
       dtype=torch.float16, grad_fn=<MmBackward>)
[2023-01-19 20:13:11,818][__main__][INFO] - parameters: Parameter containing:
tensor([[-0.2280, -2.3959, -0.7706, -1.5319,  0.1467,  0.2106, -1.2459,  0.4590,
          0.2823,  1.0031]], requires_grad=True)
[2023-01-19 20:13:11,820][__main__][INFO] - scores: tensor([[25.0156, 25.2031, 24.4062, 23.2344, 24.7969]], device='cuda:0',
       dtype=torch.float16, grad_fn=<MmBackward>)
[2023-01-19 20:13:12,035][__main__][INFO] - parameters: Parameter containing:
tensor([[-0.2613, -2.3921, -0.7727, -1.5225,  0.1802,  0.2352, -1.2115,  0.4786,
          0.2873,  1.0234]], requires_grad=True)
[2023-01-19 20:13:12,036][__main__][INFO] - scores: tensor([[25.0938, 25.2969, 24.5156, 23.3281, 24.8750]], device='cuda:0',
       dtype=torch.float16, grad_fn=<MmBackward>)
[2023-01-19 20:13:12,253][__main__][INFO] - parameters: Parameter containing:
tensor([[-0.3053, -2.3882, -0.7856, -1.5093,  0.2186,  0.2658, -1.1765,  0.4936,
          0.2826,  1.0360]], requires_grad=True)
[2023-01-19 20:13:12,257][__main__][INFO] - scores: tensor([[25.0312, 25.2500, 24.5469, 23.2656, 24.8125]], device='cuda:0',
       dtype=torch.float16, grad_fn=<MmBackward>)
[2023-01-19 20:13:12,471][__main__][INFO] - parameters: Parameter containing:
tensor([[-0.3514, -2.3907, -0.8081, -1.4838,  0.2592,  0.3124, -1.1477,  0.5056,
          0.2792,  1.0458]], requires_grad=True)
[2023-01-19 20:13:12,474][__main__][INFO] - scores: tensor([[24.9844, 25.2969, 24.4688, 23.2969, 24.8438]], device='cuda:0',
       dtype=torch.float16, grad_fn=<MmBackward>)
[2023-01-19 20:13:12,706][__main__][INFO] - parameters: Parameter containing:
tensor([[-0.3921, -2.3849, -0.8231, -1.4616,  0.2853,  0.3480, -1.1301,  0.5241,
          0.2801,  1.0597]], requires_grad=True)
[2023-01-19 20:13:12,712][__main__][INFO] - scores: tensor([[25.0000, 25.1875, 24.3125, 23.2344, 24.7344]], device='cuda:0',
       dtype=torch.float16, grad_fn=<MmBackward>)
[2023-01-19 20:13:12,932][__main__][INFO] - parameters: Parameter containing:
tensor([[-0.4256, -2.3689, -0.8237, -1.4386,  0.3170,  0.3865, -1.1071,  0.5446,
          0.2829,  1.0781]], requires_grad=True)
[2023-01-19 20:13:12,934][__main__][INFO] - scores: tensor([[24.9062, 25.0781, 24.1875, 23.1719, 24.5781]], device='cuda:0',
       dtype=torch.float16, grad_fn=<MmBackward>)
[2023-01-19 20:13:13,162][__main__][INFO] - parameters: Parameter containing:
tensor([[-0.4684, -2.3639, -0.8358, -1.4197,  0.3479,  0.4307, -1.0986,  0.5701,
          0.2851,  1.0995]], requires_grad=True)
[2023-01-19 20:13:13,164][__main__][INFO] - scores: tensor([[24.9688, 25.3281, 24.4375, 23.3438, 24.8125]], device='cuda:0',
       dtype=torch.float16, grad_fn=<MmBackward>)
[2023-01-19 20:13:13,384][__main__][INFO] - parameters: Parameter containing:
tensor([[-0.5006, -2.3636, -0.8392, -1.3988,  0.3808,  0.4683, -1.0795,  0.5865,
          0.2971,  1.1059]], requires_grad=True)
[2023-01-19 20:13:13,386][__main__][INFO] - scores: tensor([[24.7344, 24.9219, 24.0000, 23.0312, 24.5000]], device='cuda:0',
       dtype=torch.float16, grad_fn=<MmBackward>)
[2023-01-19 20:13:13,643][__main__][INFO] - parameters: Parameter containing:
tensor([[-0.5397, -2.3695, -0.8461, -1.3895,  0.4135,  0.4998, -1.0616,  0.6041,
          0.3104,  1.1192]], requires_grad=True)
[2023-01-19 20:13:13,645][__main__][INFO] - scores: tensor([[24.7656, 24.9375, 24.0469, 23.0156, 24.5469]], device='cuda:0',
       dtype=torch.float16, grad_fn=<MmBackward>)
[2023-01-19 20:13:13,880][__main__][INFO] - parameters: Parameter containing:
tensor([[-0.5700, -2.3625, -0.8465, -1.3722,  0.4460,  0.5354, -1.0495,  0.6214,
          0.3144,  1.1257]], requires_grad=True)
[2023-01-19 20:13:13,887][__main__][INFO] - scores: tensor([[24.7969, 24.8594, 23.9062, 22.9375, 24.5156]], device='cuda:0',
       dtype=torch.float16, grad_fn=<MmBackward>)
[2023-01-19 20:13:14,100][__main__][INFO] - parameters: Parameter containing:
tensor([[-0.5904, -2.3548, -0.8479, -1.3508,  0.4733,  0.5617, -1.0326,  0.6282,
          0.3170,  1.1221]], requires_grad=True)
[2023-01-19 20:13:14,102][__main__][INFO] - scores: tensor([[24.8594, 24.9219, 24.0156, 22.9531, 24.5781]], device='cuda:0',
       dtype=torch.float16, grad_fn=<MmBackward>)
[2023-01-19 20:13:14,323][__main__][INFO] - parameters: Parameter containing:
tensor([[-0.6135, -2.3475, -0.8464, -1.3392,  0.4972,  0.5779, -1.0204,  0.6270,
          0.3180,  1.1188]], requires_grad=True)
[2023-01-19 20:13:14,327][__main__][INFO] - scores: tensor([[24.8438, 24.9062, 24.0000, 22.9375, 24.6875]], device='cuda:0',
       dtype=torch.float16, grad_fn=<MmBackward>)
[2023-01-19 20:13:14,533][__main__][INFO] - parameters: Parameter containing:
tensor([[-0.6433, -2.3497, -0.8541, -1.3318,  0.5117,  0.5925, -1.0172,  0.6367,
          0.3243,  1.1288]], requires_grad=True)
[2023-01-19 20:13:14,535][__main__][INFO] - scores: tensor([[24.7031, 24.7500, 23.8594, 22.8438, 24.4844]], device='cuda:0',
       dtype=torch.float16, grad_fn=<MmBackward>)
[2023-01-19 20:13:14,758][__main__][INFO] - parameters: Parameter containing:
tensor([[-0.6686, -2.3569, -0.8624, -1.3276,  0.5256,  0.6065, -1.0183,  0.6369,
          0.3278,  1.1345]], requires_grad=True)
[2023-01-19 20:13:14,760][__main__][INFO] - scores: tensor([[24.7500, 24.7812, 23.9531, 22.7344, 24.5156]], device='cuda:0',
       dtype=torch.float16, grad_fn=<MmBackward>)
[2023-01-19 20:13:14,992][__main__][INFO] - parameters: Parameter containing:
tensor([[-0.6973, -2.3654, -0.8786, -1.3361,  0.5349,  0.6155, -1.0202,  0.6487,
          0.3162,  1.1421]], requires_grad=True)
[2023-01-19 20:13:14,994][__main__][INFO] - scores: tensor([[24.7656, 24.9062, 24.0781, 22.7969, 24.5938]], device='cuda:0',
       dtype=torch.float16, grad_fn=<MmBackward>)
[2023-01-19 20:13:15,229][__main__][INFO] - parameters: Parameter containing:
tensor([[-0.7227, -2.3615, -0.8863, -1.3265,  0.5595,  0.6369, -1.0077,  0.6543,
          0.3074,  1.1370]], requires_grad=True)
[2023-01-19 20:13:15,230][__main__][INFO] - scores: tensor([[24.7344, 24.8750, 24.0312, 22.7969, 24.5781]], device='cuda:0',
       dtype=torch.float16, grad_fn=<MmBackward>)
[2023-01-19 20:13:15,459][__main__][INFO] - parameters: Parameter containing:
tensor([[-0.7451, -2.3541, -0.8843, -1.3236,  0.5848,  0.6556, -0.9945,  0.6610,
          0.3068,  1.1315]], requires_grad=True)
[2023-01-19 20:13:15,461][__main__][INFO] - scores: tensor([[24.6094, 24.7656, 23.8906, 22.7500, 24.4688]], device='cuda:0',
       dtype=torch.float16, grad_fn=<MmBackward>)
[2023-01-19 20:13:15,682][__main__][INFO] - parameters: Parameter containing:
tensor([[-0.7618, -2.3448, -0.8793, -1.3267,  0.6003,  0.6595, -0.9894,  0.6655,
          0.3032,  1.1281]], requires_grad=True)
[2023-01-19 20:13:15,688][__main__][INFO] - scores: tensor([[24.6875, 24.8438, 23.9219, 22.8594, 24.4375]], device='cuda:0',
       dtype=torch.float16, grad_fn=<MmBackward>)
[2023-01-19 20:13:15,939][__main__][INFO] - parameters: Parameter containing:
tensor([[-0.7714, -2.3334, -0.8677, -1.3250,  0.6154,  0.6566, -0.9707,  0.6675,
          0.3063,  1.1148]], requires_grad=True)
[2023-01-19 20:13:15,941][__main__][INFO] - scores: tensor([[24.6250, 24.7969, 23.8750, 22.8125, 24.3594]], device='cuda:0',
       dtype=torch.float16, grad_fn=<MmBackward>)
[2023-01-19 20:13:16,165][__main__][INFO] - parameters: Parameter containing:
tensor([[-0.7728, -2.3266, -0.8548, -1.3240,  0.6264,  0.6447, -0.9469,  0.6595,
          0.3159,  1.0949]], requires_grad=True)
[2023-01-19 20:13:16,167][__main__][INFO] - scores: tensor([[24.6094, 24.7500, 23.8594, 22.7656, 24.3281]], device='cuda:0',
       dtype=torch.float16, grad_fn=<MmBackward>)
[2023-01-19 20:13:16,379][__main__][INFO] - parameters: Parameter containing:
tensor([[-0.7590, -2.3056, -0.8278, -1.3193,  0.6422,  0.6346, -0.9122,  0.6566,
          0.3246,  1.0852]], requires_grad=True)
[2023-01-19 20:13:16,386][__main__][INFO] - scores: tensor([[24.5781, 24.7031, 23.8438, 22.7188, 24.3281]], device='cuda:0',
       dtype=torch.float16, grad_fn=<MmBackward>)
[2023-01-19 20:13:16,597][__main__][INFO] - parameters: Parameter containing:
tensor([[-0.7483, -2.2868, -0.8064, -1.3291,  0.6562,  0.6236, -0.8902,  0.6568,
          0.3219,  1.0771]], requires_grad=True)
[2023-01-19 20:13:16,598][__main__][INFO] - scores: tensor([[24.5781, 24.7656, 23.8906, 22.7188, 24.4531]], device='cuda:0',
       dtype=torch.float16, grad_fn=<MmBackward>)
[2023-01-19 20:13:16,811][__main__][INFO] - parameters: Parameter containing:
tensor([[-0.7360, -2.2622, -0.7784, -1.3349,  0.6742,  0.6192, -0.8610,  0.6660,
          0.3237,  1.0753]], requires_grad=True)
[2023-01-19 20:13:16,813][__main__][INFO] - scores: tensor([[24.5625, 24.7188, 23.8594, 22.6875, 24.4844]], device='cuda:0',
       dtype=torch.float16, grad_fn=<MmBackward>)
[2023-01-19 20:13:17,050][__main__][INFO] - parameters: Parameter containing:
tensor([[-0.7039, -2.2388, -0.7380, -1.3477,  0.6747,  0.5971, -0.8385,  0.6744,
          0.3309,  1.0686]], requires_grad=True)
[2023-01-19 20:13:17,054][__main__][INFO] - scores: tensor([[24.5625, 24.7188, 23.8281, 22.6562, 24.3906]], device='cuda:0',
       dtype=torch.float16, grad_fn=<MmBackward>)
[2023-01-19 20:13:17,271][__main__][INFO] - parameters: Parameter containing:
tensor([[-0.6676, -2.2154, -0.6978, -1.3661,  0.6750,  0.5735, -0.8157,  0.6864,
          0.3332,  1.0634]], requires_grad=True)
[2023-01-19 20:13:17,273][__main__][INFO] - scores: tensor([[24.5938, 24.8125, 23.9219, 22.7188, 24.5312]], device='cuda:0',
       dtype=torch.float16, grad_fn=<MmBackward>)
[2023-01-19 20:13:17,493][__main__][INFO] - parameters: Parameter containing:
tensor([[-0.6348, -2.1931, -0.6620, -1.3789,  0.6721,  0.5580, -0.7972,  0.7059,
          0.3339,  1.0641]], requires_grad=True)
[2023-01-19 20:13:17,494][__main__][INFO] - scores: tensor([[24.6562, 24.7969, 23.8906, 22.5938, 24.3750]], device='cuda:0',
       dtype=torch.float16, grad_fn=<MmBackward>)
[2023-01-19 20:13:17,718][__main__][INFO] - parameters: Parameter containing:
tensor([[-0.6294, -2.1699, -0.6460, -1.3754,  0.6892,  0.5698, -0.7731,  0.7097,
          0.3285,  1.0513]], requires_grad=True)
[2023-01-19 20:13:17,719][__main__][INFO] - scores: tensor([[24.7500, 24.8438, 23.9688, 22.6719, 24.3594]], device='cuda:0',
       dtype=torch.float16, grad_fn=<MmBackward>)
[2023-01-19 20:13:17,941][__main__][INFO] - parameters: Parameter containing:
tensor([[-0.6236, -2.1608, -0.6300, -1.3916,  0.6915,  0.5671, -0.7532,  0.7189,
          0.3335,  1.0500]], requires_grad=True)
[2023-01-19 20:13:17,943][__main__][INFO] - scores: tensor([[24.7812, 24.8594, 23.9844, 22.6875, 24.3750]], device='cuda:0',
       dtype=torch.float16, grad_fn=<MmBackward>)
[2023-01-19 20:13:18,165][__main__][INFO] - parameters: Parameter containing:
tensor([[-0.6287, -2.1401, -0.6116, -1.3877,  0.7151,  0.5833, -0.7184,  0.7149,
          0.3438,  1.0395]], requires_grad=True)
[2023-01-19 20:13:18,167][__main__][INFO] - scores: tensor([[24.7969, 24.8750, 23.9531, 22.7500, 24.3906]], device='cuda:0',
       dtype=torch.float16, grad_fn=<MmBackward>)
[2023-01-19 20:13:18,389][__main__][INFO] - parameters: Parameter containing:
tensor([[-0.6293, -2.1183, -0.5942, -1.3937,  0.7342,  0.5949, -0.6909,  0.7227,
          0.3391,  1.0317]], requires_grad=True)
[2023-01-19 20:13:18,391][__main__][INFO] - scores: tensor([[24.6719, 24.8438, 23.8906, 22.7188, 24.3125]], device='cuda:0',
       dtype=torch.float16, grad_fn=<MmBackward>)
[2023-01-19 20:13:18,618][__main__][INFO] - parameters: Parameter containing:
tensor([[-0.6290, -2.0870, -0.5749, -1.3977,  0.7577,  0.6139, -0.6642,  0.7368,
          0.3265,  1.0200]], requires_grad=True)
[2023-01-19 20:13:18,620][__main__][INFO] - scores: tensor([[24.6094, 24.8281, 23.8750, 22.7500, 24.2812]], device='cuda:0',
       dtype=torch.float16, grad_fn=<MmBackward>)
[2023-01-19 20:13:18,854][__main__][INFO] - parameters: Parameter containing:
tensor([[-0.6292, -2.0579, -0.5581, -1.4031,  0.7756,  0.6272, -0.6406,  0.7537,
          0.3132,  1.0066]], requires_grad=True)
[2023-01-19 20:13:18,856][__main__][INFO] - scores: tensor([[24.5469, 24.7969, 23.8594, 22.7500, 24.2188]], device='cuda:0',
       dtype=torch.float16, grad_fn=<MmBackward>)
[2023-01-19 20:13:19,094][__main__][INFO] - parameters: Parameter containing:
tensor([[-0.6288, -2.0227, -0.5356, -1.3947,  0.8003,  0.6494, -0.6087,  0.7727,
          0.3066,  0.9984]], requires_grad=True)
[2023-01-19 20:13:19,107][__main__][INFO] - scores: tensor([[24.5469, 24.8906, 23.9219, 22.7969, 24.2969]], device='cuda:0',
       dtype=torch.float16, grad_fn=<MmBackward>)
[2023-01-19 20:13:19,338][__main__][INFO] - parameters: Parameter containing:
tensor([[-0.6375, -1.9886, -0.5190, -1.3824,  0.8300,  0.6782, -0.5845,  0.7940,
          0.2980,  0.9953]], requires_grad=True)
[2023-01-19 20:13:19,340][__main__][INFO] - scores: tensor([[24.6406, 24.8438, 23.8750, 22.7656, 24.2500]], device='cuda:0',
       dtype=torch.float16, grad_fn=<MmBackward>)
[2023-01-19 20:13:19,564][__main__][INFO] - parameters: Parameter containing:
tensor([[-0.6442, -1.9532, -0.5007, -1.3484,  0.8783,  0.7296, -0.5409,  0.8035,
          0.3058,  0.9921]], requires_grad=True)
[2023-01-19 20:13:19,566][__main__][INFO] - scores: tensor([[24.6406, 24.7812, 23.7969, 22.7344, 24.2969]], device='cuda:0',
       dtype=torch.float16, grad_fn=<MmBackward>)
[2023-01-19 20:13:19,786][__main__][INFO] - parameters: Parameter containing:
tensor([[-0.6555, -1.9141, -0.4888, -1.3062,  0.9348,  0.7898, -0.4969,  0.8160,
          0.3018,  0.9909]], requires_grad=True)
[2023-01-19 20:13:19,792][__main__][INFO] - scores: tensor([[24.6250, 24.8281, 23.8594, 22.8438, 24.3750]], device='cuda:0',
       dtype=torch.float16, grad_fn=<MmBackward>)
[2023-01-19 20:13:20,018][__main__][INFO] - parameters: Parameter containing:
tensor([[-0.6640, -1.8722, -0.4757, -1.2832,  0.9756,  0.8351, -0.4662,  0.8494,
          0.2853,  0.9984]], requires_grad=True)
[2023-01-19 20:13:20,020][__main__][INFO] - scores: tensor([[24.5938, 24.8438, 23.8906, 22.8438, 24.4531]], device='cuda:0',
       dtype=torch.float16, grad_fn=<MmBackward>)
[2023-01-19 20:13:20,240][__main__][INFO] - parameters: Parameter containing:
tensor([[-0.6579, -1.8174, -0.4418, -1.2620,  1.0160,  0.8666, -0.4312,  0.8763,
          0.2784,  1.0000]], requires_grad=True)
[2023-01-19 20:13:20,242][__main__][INFO] - scores: tensor([[24.5469, 24.8125, 23.7812, 22.8281, 24.3906]], device='cuda:0',
       dtype=torch.float16, grad_fn=<MmBackward>)
[2023-01-19 20:13:20,484][__main__][INFO] - parameters: Parameter containing:
tensor([[-0.6541, -1.7620, -0.4123, -1.2471,  1.0440,  0.8877, -0.4115,  0.9014,
          0.2667,  1.0013]], requires_grad=True)
[2023-01-19 20:13:20,486][__main__][INFO] - scores: tensor([[24.6562, 25.0000, 23.9219, 22.9531, 24.4531]], device='cuda:0',
       dtype=torch.float16, grad_fn=<MmBackward>)
[2023-01-19 20:13:20,717][__main__][INFO] - parameters: Parameter containing:
tensor([[-0.6491, -1.7050, -0.3807, -1.2389,  1.0669,  0.9037, -0.3954,  0.9197,
          0.2527,  0.9977]], requires_grad=True)
[2023-01-19 20:13:20,719][__main__][INFO] - scores: tensor([[24.6875, 25.0469, 23.9375, 23.0000, 24.4531]], device='cuda:0',
       dtype=torch.float16, grad_fn=<MmBackward>)
[2023-01-19 20:13:20,944][__main__][INFO] - parameters: Parameter containing:
tensor([[-0.6517, -1.6470, -0.3517, -1.2245,  1.0958,  0.9231, -0.3731,  0.9264,
          0.2411,  0.9850]], requires_grad=True)
[2023-01-19 20:13:20,945][__main__][INFO] - scores: tensor([[24.7031, 25.0000, 23.8750, 22.9844, 24.3281]], device='cuda:0',
       dtype=torch.float16, grad_fn=<MmBackward>)
[2023-01-19 20:13:21,154][__main__][INFO] - parameters: Parameter containing:
tensor([[-0.6552, -1.5920, -0.3307, -1.2056,  1.1256,  0.9484, -0.3507,  0.9334,
          0.2226,  0.9712]], requires_grad=True)
[2023-01-19 20:13:21,155][__main__][INFO] - scores: tensor([[24.6719, 25.0781, 23.9531, 23.0312, 24.3594]], device='cuda:0',
       dtype=torch.float16, grad_fn=<MmBackward>)
[2023-01-19 20:13:21,362][__main__][INFO] - parameters: Parameter containing:
tensor([[-0.6513, -1.5418, -0.3128, -1.1883,  1.1431,  0.9696, -0.3450,  0.9404,
          0.1989,  0.9535]], requires_grad=True)
[2023-01-19 20:13:21,364][__main__][INFO] - scores: tensor([[24.6406, 24.9219, 23.8281, 22.9062, 24.2812]], device='cuda:0',
       dtype=torch.float16, grad_fn=<MmBackward>)
[2023-01-19 20:13:21,557][__main__][INFO] - parameters: Parameter containing:
tensor([[-0.6534, -1.5070, -0.3079, -1.1771,  1.1497,  0.9807, -0.3483,  0.9409,
          0.1756,  0.9320]], requires_grad=True)
[2023-01-19 20:13:21,559][__main__][INFO] - scores: tensor([[24.5938, 24.9844, 23.8125, 22.9531, 24.3281]], device='cuda:0',
       dtype=torch.float16, grad_fn=<MmBackward>)
[2023-01-19 20:13:21,775][__main__][INFO] - parameters: Parameter containing:
tensor([[-0.6413, -1.4763, -0.3040, -1.1632,  1.1400,  0.9859, -0.3669,  0.9454,
          0.1502,  0.9080]], requires_grad=True)
[2023-01-19 20:13:21,777][__main__][INFO] - scores: tensor([[24.5938, 25.0000, 23.8438, 22.9844, 24.3281]], device='cuda:0',
       dtype=torch.float16, grad_fn=<MmBackward>)
[2023-01-19 20:13:21,994][__main__][INFO] - parameters: Parameter containing:
tensor([[-0.6300, -1.4419, -0.2919, -1.1445,  1.1427,  1.0052, -0.3769,  0.9510,
          0.1360,  0.8897]], requires_grad=True)
[2023-01-19 20:13:21,996][__main__][INFO] - scores: tensor([[24.5781, 25.0156, 23.8125, 23.0000, 24.3906]], device='cuda:0',
       dtype=torch.float16, grad_fn=<MmBackward>)
[2023-01-19 20:13:22,216][__main__][INFO] - parameters: Parameter containing:
tensor([[-0.6166, -1.4072, -0.2677, -1.1301,  1.1487,  1.0140, -0.3638,  0.9655,
          0.1316,  0.8746]], requires_grad=True)
[2023-01-19 20:13:22,223][__main__][INFO] - scores: tensor([[24.6250, 25.0156, 23.8281, 23.0000, 24.3594]], device='cuda:0',
       dtype=torch.float16, grad_fn=<MmBackward>)
[2023-01-19 20:13:22,440][__main__][INFO] - parameters: Parameter containing:
tensor([[-0.6147, -1.3852, -0.2600, -1.1257,  1.1525,  1.0265, -0.3631,  0.9796,
          0.1181,  0.8588]], requires_grad=True)
[2023-01-19 20:13:22,442][__main__][INFO] - scores: tensor([[24.6562, 25.0938, 23.9062, 23.0469, 24.4219]], device='cuda:0',
       dtype=torch.float16, grad_fn=<MmBackward>)
[2023-01-19 20:13:22,662][__main__][INFO] - parameters: Parameter containing:
tensor([[-0.6072, -1.3707, -0.2521, -1.1345,  1.1471,  1.0253, -0.3621,  0.9950,
          0.1069,  0.8470]], requires_grad=True)
[2023-01-19 20:13:22,668][__main__][INFO] - scores: tensor([[24.6562, 25.0938, 23.8906, 23.0469, 24.4219]], device='cuda:0',
       dtype=torch.float16, grad_fn=<MmBackward>)
[2023-01-19 20:13:22,897][__main__][INFO] - parameters: Parameter containing:
tensor([[-0.6049, -1.3634, -0.2521, -1.1500,  1.1390,  1.0256, -0.3632,  1.0102,
          0.0939,  0.8361]], requires_grad=True)
[2023-01-19 20:13:22,898][__main__][INFO] - scores: tensor([[24.6406, 25.1094, 23.9219, 23.0625, 24.3750]], device='cuda:0',
       dtype=torch.float16, grad_fn=<MmBackward>)
[2023-01-19 20:13:23,121][__main__][INFO] - parameters: Parameter containing:
tensor([[-0.6042, -1.3583, -0.2538, -1.1611,  1.1421,  1.0371, -0.3532,  1.0290,
          0.0814,  0.8234]], requires_grad=True)
[2023-01-19 20:13:23,123][__main__][INFO] - scores: tensor([[24.6719, 25.1406, 23.9375, 23.0469, 24.4062]], device='cuda:0',
       dtype=torch.float16, grad_fn=<MmBackward>)
[2023-01-19 20:13:23,348][__main__][INFO] - parameters: Parameter containing:
tensor([[-0.6081, -1.3611, -0.2673, -1.1691,  1.1504,  1.0576, -0.3450,  1.0367,
          0.0602,  0.7984]], requires_grad=True)
[2023-01-19 20:13:23,349][__main__][INFO] - scores: tensor([[24.6719, 25.1562, 23.9375, 23.0469, 24.4062]], device='cuda:0',
       dtype=torch.float16, grad_fn=<MmBackward>)
[2023-01-19 20:13:23,566][__main__][INFO] - parameters: Parameter containing:
tensor([[-0.6051, -1.3596, -0.2739, -1.1818,  1.1575,  1.0735, -0.3405,  1.0478,
          0.0376,  0.7757]], requires_grad=True)
[2023-01-19 20:13:23,567][__main__][INFO] - scores: tensor([[24.7031, 25.1719, 23.9688, 23.0625, 24.4688]], device='cuda:0',
       dtype=torch.float16, grad_fn=<MmBackward>)
[2023-01-19 20:13:23,773][__main__][INFO] - parameters: Parameter containing:
tensor([[-0.5949, -1.3564, -0.2774, -1.1870,  1.1792,  1.0970, -0.3264,  1.0421,
          0.0115,  0.7479]], requires_grad=True)
[2023-01-19 20:13:23,774][__main__][INFO] - scores: tensor([[24.6875, 25.1406, 23.9219, 23.0781, 24.4375]], device='cuda:0',
       dtype=torch.float16, grad_fn=<MmBackward>)
[2023-01-19 20:13:24,015][__main__][INFO] - parameters: Parameter containing:
tensor([[-0.5882, -1.3666, -0.2990, -1.1991,  1.1853,  1.1224, -0.3377,  1.0477,
         -0.0294,  0.7227]], requires_grad=True)
[2023-01-19 20:13:24,021][__main__][INFO] - scores: tensor([[24.6562, 25.0938, 23.9219, 23.0625, 24.3594]], device='cuda:0',
       dtype=torch.float16, grad_fn=<MmBackward>)
[2023-01-19 20:13:24,252][__main__][INFO] - parameters: Parameter containing:
tensor([[-0.5932, -1.3902, -0.3335, -1.2232,  1.1834,  1.1404, -0.3592,  1.0591,
         -0.0717,  0.7053]], requires_grad=True)
[2023-01-19 20:13:24,259][__main__][INFO] - scores: tensor([[24.6406, 25.0469, 23.8750, 23.0312, 24.3125]], device='cuda:0',
       dtype=torch.float16, grad_fn=<MmBackward>)
[2023-01-19 20:13:24,481][__main__][INFO] - parameters: Parameter containing:
tensor([[-0.5911, -1.4126, -0.3580, -1.2471,  1.1886,  1.1620, -0.3766,  1.0622,
         -0.1088,  0.6848]], requires_grad=True)
[2023-01-19 20:13:24,487][__main__][INFO] - scores: tensor([[24.6250, 25.0000, 23.8281, 23.0000, 24.3125]], device='cuda:0',
       dtype=torch.float16, grad_fn=<MmBackward>)
[2023-01-19 20:13:24,719][__main__][INFO] - parameters: Parameter containing:
tensor([[-0.5654, -1.4225, -0.3619, -1.2698,  1.1936,  1.1735, -0.3856,  1.0708,
         -0.1420,  0.6655]], requires_grad=True)
[2023-01-19 20:13:24,720][__main__][INFO] - scores: tensor([[24.6094, 24.9688, 23.8281, 22.9844, 24.2969]], device='cuda:0',
       dtype=torch.float16, grad_fn=<MmBackward>)
[2023-01-19 20:13:24,952][__main__][INFO] - parameters: Parameter containing:
tensor([[-0.5319, -1.4210, -0.3492, -1.2852,  1.1961,  1.1802, -0.3949,  1.0733,
         -0.1583,  0.6438]], requires_grad=True)
[2023-01-19 20:13:24,954][__main__][INFO] - scores: tensor([[24.6719, 25.0156, 23.8594, 22.9844, 24.3281]], device='cuda:0',
       dtype=torch.float16, grad_fn=<MmBackward>)
[2023-01-19 20:13:25,163][__main__][INFO] - parameters: Parameter containing:
tensor([[-0.5021, -1.4218, -0.3355, -1.3149,  1.1964,  1.1729, -0.3981,  1.0757,
         -0.1778,  0.6204]], requires_grad=True)
[2023-01-19 20:13:25,169][__main__][INFO] - scores: tensor([[24.7031, 25.0469, 23.9062, 23.0156, 24.3281]], device='cuda:0',
       dtype=torch.float16, grad_fn=<MmBackward>)
[2023-01-19 20:13:25,400][__main__][INFO] - parameters: Parameter containing:
tensor([[-0.4655, -1.4168, -0.3169, -1.3420,  1.1969,  1.1646, -0.4005,  1.0840,
         -0.1998,  0.6016]], requires_grad=True)
[2023-01-19 20:13:25,404][__main__][INFO] - scores: tensor([[24.6250, 24.9219, 23.7969, 22.9531, 24.3125]], device='cuda:0',
       dtype=torch.float16, grad_fn=<MmBackward>)
[2023-01-19 20:13:25,603][__main__][INFO] - parameters: Parameter containing:
tensor([[-0.4320, -1.4130, -0.2966, -1.3526,  1.2005,  1.1622, -0.3994,  1.0923,
         -0.2058,  0.5859]], requires_grad=True)
[2023-01-19 20:13:25,609][__main__][INFO] - scores: tensor([[24.6719, 25.0312, 23.9219, 23.0625, 24.3750]], device='cuda:0',
       dtype=torch.float16, grad_fn=<MmBackward>)
[2023-01-19 20:13:25,832][__main__][INFO] - parameters: Parameter containing:
tensor([[-0.4065, -1.4150, -0.2835, -1.3590,  1.2130,  1.1774, -0.3952,  1.0976,
         -0.2049,  0.5774]], requires_grad=True)
[2023-01-19 20:13:25,834][__main__][INFO] - scores: tensor([[24.6875, 25.0625, 23.9375, 23.0312, 24.4375]], device='cuda:0',
       dtype=torch.float16, grad_fn=<MmBackward>)
[2023-01-19 20:13:26,065][__main__][INFO] - parameters: Parameter containing:
tensor([[-0.3867, -1.4115, -0.2668, -1.3642,  1.2387,  1.1962, -0.3751,  1.0981,
         -0.2034,  0.5637]], requires_grad=True)
[2023-01-19 20:13:26,069][__main__][INFO] - scores: tensor([[24.6875, 25.0000, 23.9062, 22.9844, 24.3594]], device='cuda:0',
       dtype=torch.float16, grad_fn=<MmBackward>)
[2023-01-19 20:13:26,308][__main__][INFO] - parameters: Parameter containing:
tensor([[-0.3851, -1.4146, -0.2586, -1.3750,  1.2656,  1.2219, -0.3567,  1.1164,
         -0.2008,  0.5686]], requires_grad=True)
[2023-01-19 20:13:26,311][__main__][INFO] - scores: tensor([[24.6719, 25.0156, 23.9062, 23.0312, 24.3750]], device='cuda:0',
       dtype=torch.float16, grad_fn=<MmBackward>)
[2023-01-19 20:13:26,526][__main__][INFO] - parameters: Parameter containing:
tensor([[-0.3776, -1.4127, -0.2436, -1.3710,  1.2901,  1.2442, -0.3374,  1.1427,
         -0.1864,  0.5818]], requires_grad=True)
[2023-01-19 20:13:26,528][__main__][INFO] - scores: tensor([[24.6562, 25.1250, 24.0312, 23.0312, 24.4375]], device='cuda:0',
       dtype=torch.float16, grad_fn=<MmBackward>)
[2023-01-19 20:13:26,748][__main__][INFO] - parameters: Parameter containing:
tensor([[-0.3678, -1.4186, -0.2377, -1.3620,  1.3064,  1.2686, -0.3267,  1.1616,
         -0.1797,  0.5816]], requires_grad=True)
[2023-01-19 20:13:26,754][__main__][INFO] - scores: tensor([[24.6719, 25.1406, 24.0469, 23.0312, 24.4531]], device='cuda:0',
       dtype=torch.float16, grad_fn=<MmBackward>)
[2023-01-19 20:13:26,967][__main__][INFO] - parameters: Parameter containing:
tensor([[-0.3642, -1.4290, -0.2343, -1.3637,  1.3134,  1.2856, -0.3252,  1.1842,
         -0.1706,  0.5891]], requires_grad=True)
[2023-01-19 20:13:26,979][__main__][INFO] - scores: tensor([[24.7031, 25.1875, 24.0938, 23.0938, 24.4844]], device='cuda:0',
       dtype=torch.float16, grad_fn=<MmBackward>)
[2023-01-19 20:13:27,213][__main__][INFO] - parameters: Parameter containing:
tensor([[-0.3587, -1.4451, -0.2310, -1.3735,  1.3119,  1.2962, -0.3205,  1.2107,
         -0.1604,  0.6015]], requires_grad=True)
[2023-01-19 20:13:27,219][__main__][INFO] - scores: tensor([[24.7344, 25.2188, 24.1250, 23.1094, 24.5156]], device='cuda:0',
       dtype=torch.float16, grad_fn=<MmBackward>)
[2023-01-19 20:13:27,434][__main__][INFO] - parameters: Parameter containing:
tensor([[-0.3661, -1.4611, -0.2275, -1.3769,  1.3161,  1.3156, -0.3051,  1.2350,
         -0.1345,  0.6175]], requires_grad=True)
[2023-01-19 20:13:27,440][__main__][INFO] - scores: tensor([[24.7188, 25.2188, 24.1094, 23.1250, 24.5312]], device='cuda:0',
       dtype=torch.float16, grad_fn=<MmBackward>)
[2023-01-19 20:13:27,654][__main__][INFO] - parameters: Parameter containing:
tensor([[-0.3653, -1.4706, -0.2247, -1.3693,  1.3169,  1.3375, -0.2956,  1.2538,
         -0.1143,  0.6234]], requires_grad=True)
[2023-01-19 20:13:27,661][__main__][INFO] - scores: tensor([[24.6562, 25.1562, 24.0312, 23.0938, 24.5000]], device='cuda:0',
       dtype=torch.float16, grad_fn=<MmBackward>)
[2023-01-19 20:13:27,882][__main__][INFO] - parameters: Parameter containing:
tensor([[-0.3624, -1.4656, -0.2185, -1.3558,  1.3176,  1.3579, -0.2893,  1.2827,
         -0.1030,  0.6353]], requires_grad=True)
[2023-01-19 20:13:27,884][__main__][INFO] - scores: tensor([[24.7188, 25.1562, 24.0312, 23.1250, 24.5781]], device='cuda:0',
       dtype=torch.float16, grad_fn=<MmBackward>)
[2023-01-19 20:13:28,102][__main__][INFO] - parameters: Parameter containing:
tensor([[-0.3615, -1.4663, -0.2264, -1.3469,  1.3191,  1.3839, -0.2881,  1.3121,
         -0.1114,  0.6435]], requires_grad=True)
[2023-01-19 20:13:28,114][__main__][INFO] - scores: tensor([[24.7500, 25.2500, 24.0625, 23.1875, 24.6094]], device='cuda:0',
       dtype=torch.float16, grad_fn=<MmBackward>)
[2023-01-19 20:13:28,344][__main__][INFO] - parameters: Parameter containing:
tensor([[-0.3671, -1.4790, -0.2452, -1.3478,  1.3150,  1.4071, -0.2934,  1.3454,
         -0.1219,  0.6583]], requires_grad=True)
[2023-01-19 20:13:28,351][__main__][INFO] - scores: tensor([[24.7500, 25.2500, 24.0625, 23.1875, 24.6250]], device='cuda:0',
       dtype=torch.float16, grad_fn=<MmBackward>)
[2023-01-19 20:13:28,568][__main__][INFO] - parameters: Parameter containing:
tensor([[-0.3612, -1.4940, -0.2565, -1.3510,  1.3068,  1.4202, -0.3017,  1.3652,
         -0.1284,  0.6699]], requires_grad=True)
[2023-01-19 20:13:28,570][__main__][INFO] - scores: tensor([[24.7656, 25.1562, 24.0312, 23.1094, 24.5938]], device='cuda:0',
       dtype=torch.float16, grad_fn=<MmBackward>)
[2023-01-19 20:13:28,795][__main__][INFO] - parameters: Parameter containing:
tensor([[-0.3279, -1.4913, -0.2397, -1.3455,  1.3058,  1.4272, -0.2880,  1.3777,
         -0.1286,  0.6783]], requires_grad=True)
[2023-01-19 20:13:28,801][__main__][INFO] - scores: tensor([[24.7344, 25.1562, 24.0312, 23.1094, 24.5938]], device='cuda:0',
       dtype=torch.float16, grad_fn=<MmBackward>)
[2023-01-19 20:13:29,025][__main__][INFO] - parameters: Parameter containing:
tensor([[-0.2972, -1.4996, -0.2305, -1.3534,  1.2920,  1.4237, -0.2928,  1.3825,
         -0.1300,  0.6850]], requires_grad=True)
[2023-01-19 20:13:29,026][__main__][INFO] - scores: tensor([[24.7031, 25.1406, 23.9688, 23.0469, 24.5312]], device='cuda:0',
       dtype=torch.float16, grad_fn=<MmBackward>)
[2023-01-19 20:13:29,256][__main__][INFO] - parameters: Parameter containing:
tensor([[-0.2886, -1.5079, -0.2317, -1.3525,  1.2846,  1.4284, -0.3015,  1.3763,
         -0.1277,  0.6848]], requires_grad=True)
[2023-01-19 20:13:29,258][__main__][INFO] - scores: tensor([[24.7188, 25.1406, 23.9531, 23.0938, 24.5156]], device='cuda:0',
       dtype=torch.float16, grad_fn=<MmBackward>)
[2023-01-19 20:13:29,461][__main__][INFO] - parameters: Parameter containing:
tensor([[-0.2822, -1.5125, -0.2279, -1.3474,  1.2764,  1.4307, -0.3085,  1.3689,
         -0.1168,  0.6874]], requires_grad=True)
[2023-01-19 20:13:29,467][__main__][INFO] - scores: tensor([[24.7344, 25.1250, 23.9062, 23.1094, 24.4688]], device='cuda:0',
       dtype=torch.float16, grad_fn=<MmBackward>)
[2023-01-19 20:13:29,703][__main__][INFO] - parameters: Parameter containing:
tensor([[-0.2800, -1.5167, -0.2305, -1.3433,  1.2742,  1.4426, -0.3223,  1.3705,
         -0.1185,  0.6993]], requires_grad=True)
[2023-01-19 20:13:29,710][__main__][INFO] - scores: tensor([[24.7344, 25.0938, 23.9062, 23.0781, 24.4688]], device='cuda:0',
       dtype=torch.float16, grad_fn=<MmBackward>)
[2023-01-19 20:13:29,937][__main__][INFO] - parameters: Parameter containing:
tensor([[-0.2861, -1.5186, -0.2358, -1.3426,  1.2827,  1.4614, -0.3421,  1.3770,
         -0.1288,  0.7169]], requires_grad=True)
[2023-01-19 20:13:29,944][__main__][INFO] - scores: tensor([[24.7344, 25.0781, 23.8750, 23.0781, 24.4531]], device='cuda:0',
       dtype=torch.float16, grad_fn=<MmBackward>)
[2023-01-19 20:13:30,150][__main__][INFO] - parameters: Parameter containing:
tensor([[-0.2852, -1.5158, -0.2396, -1.3379,  1.2882,  1.4802, -0.3630,  1.3859,
         -0.1431,  0.7326]], requires_grad=True)
[2023-01-19 20:13:30,164][__main__][INFO] - scores: tensor([[24.7500, 25.1094, 23.9062, 23.0938, 24.4844]], device='cuda:0',
       dtype=torch.float16, grad_fn=<MmBackward>)
[2023-01-19 20:13:30,391][__main__][INFO] - parameters: Parameter containing:
tensor([[-0.2724, -1.5007, -0.2272, -1.3300,  1.2952,  1.4893, -0.3655,  1.3991,
         -0.1499,  0.7494]], requires_grad=True)
[2023-01-19 20:13:30,393][__main__][INFO] - scores: tensor([[24.7500, 25.1250, 23.9688, 23.0781, 24.5156]], device='cuda:0',
       dtype=torch.float16, grad_fn=<MmBackward>)
[2023-01-19 20:13:30,614][__main__][INFO] - parameters: Parameter containing:
tensor([[-0.2634, -1.4955, -0.2246, -1.3162,  1.2910,  1.4967, -0.3860,  1.4087,
         -0.1504,  0.7562]], requires_grad=True)
[2023-01-19 20:13:30,618][__main__][INFO] - scores: tensor([[24.8125, 25.1719, 24.0156, 23.1250, 24.4375]], device='cuda:0',
       dtype=torch.float16, grad_fn=<MmBackward>)
[2023-01-19 20:13:30,841][__main__][INFO] - parameters: Parameter containing:
tensor([[-0.2574, -1.4926, -0.2270, -1.3045,  1.2862,  1.5050, -0.4129,  1.4188,
         -0.1555,  0.7580]], requires_grad=True)
[2023-01-19 20:13:30,843][__main__][INFO] - scores: tensor([[24.8125, 25.1562, 23.9531, 23.1250, 24.4531]], device='cuda:0',
       dtype=torch.float16, grad_fn=<MmBackward>)
[2023-01-19 20:13:31,056][__main__][INFO] - parameters: Parameter containing:
tensor([[-0.2484, -1.4833, -0.2238, -1.2944,  1.2831,  1.5116, -0.4444,  1.4296,
         -0.1638,  0.7525]], requires_grad=True)
[2023-01-19 20:13:31,063][__main__][INFO] - scores: tensor([[24.8125, 25.1562, 23.9688, 23.1562, 24.4219]], device='cuda:0',
       dtype=torch.float16, grad_fn=<MmBackward>)
[2023-01-19 20:13:31,286][__main__][INFO] - parameters: Parameter containing:
tensor([[-0.2314, -1.4790, -0.2147, -1.2918,  1.2761,  1.5136, -0.4740,  1.4411,
         -0.1653,  0.7482]], requires_grad=True)
[2023-01-19 20:13:31,288][__main__][INFO] - scores: tensor([[24.9062, 25.2500, 24.0938, 23.2344, 24.4688]], device='cuda:0',
       dtype=torch.float16, grad_fn=<MmBackward>)
[2023-01-19 20:13:31,495][__main__][INFO] - parameters: Parameter containing:
tensor([[-0.2227, -1.4812, -0.2138, -1.2831,  1.2851,  1.5332, -0.4814,  1.4475,
         -0.1652,  0.7431]], requires_grad=True)
[2023-01-19 20:13:31,497][__main__][INFO] - scores: tensor([[24.8906, 25.1875, 24.0156, 23.1875, 24.4062]], device='cuda:0',
       dtype=torch.float16, grad_fn=<MmBackward>)
[2023-01-19 20:13:31,718][__main__][INFO] - parameters: Parameter containing:
tensor([[-0.2313, -1.4891, -0.2273, -1.2748,  1.3094,  1.5682, -0.4837,  1.4439,
         -0.1760,  0.7296]], requires_grad=True)
[2023-01-19 20:13:31,720][__main__][INFO] - scores: tensor([[24.8906, 25.2188, 24.0469, 23.2031, 24.4219]], device='cuda:0',
       dtype=torch.float16, grad_fn=<MmBackward>)
[2023-01-19 20:13:31,945][__main__][INFO] - parameters: Parameter containing:
tensor([[-0.2223, -1.4926, -0.2208, -1.2781,  1.3237,  1.5820, -0.4794,  1.4339,
         -0.1733,  0.7177]], requires_grad=True)
[2023-01-19 20:13:31,947][__main__][INFO] - scores: tensor([[24.9219, 25.2812, 24.0938, 23.2344, 24.4688]], device='cuda:0',
       dtype=torch.float16, grad_fn=<MmBackward>)
[2023-01-19 20:13:32,207][__main__][INFO] - parameters: Parameter containing:
tensor([[-0.2076, -1.4957, -0.2020, -1.2886,  1.3314,  1.5795, -0.4663,  1.4205,
         -0.1606,  0.7028]], requires_grad=True)
[2023-01-19 20:13:32,209][__main__][INFO] - scores: tensor([[24.9062, 25.2656, 24.0781, 23.2188, 24.4688]], device='cuda:0',
       dtype=torch.float16, grad_fn=<MmBackward>)
[2023-01-19 20:13:32,423][__main__][INFO] - parameters: Parameter containing:
tensor([[-0.2015, -1.4913, -0.1820, -1.2901,  1.3503,  1.5872, -0.4404,  1.4117,
         -0.1458,  0.6881]], requires_grad=True)
[2023-01-19 20:13:32,429][__main__][INFO] - scores: tensor([[24.9062, 25.2500, 24.1094, 23.1875, 24.4375]], device='cuda:0',
       dtype=torch.float16, grad_fn=<MmBackward>)
[2023-01-19 20:13:32,633][__main__][INFO] - parameters: Parameter containing:
tensor([[-0.2065, -1.4902, -0.1674, -1.2936,  1.3745,  1.5964, -0.4208,  1.4082,
         -0.1218,  0.6775]], requires_grad=True)
[2023-01-19 20:13:32,635][__main__][INFO] - scores: tensor([[24.8438, 25.1875, 24.0781, 23.1250, 24.3906]], device='cuda:0',
       dtype=torch.float16, grad_fn=<MmBackward>)
[2023-01-19 20:13:32,850][__main__][INFO] - parameters: Parameter containing:
tensor([[-0.2151, -1.4833, -0.1501, -1.2973,  1.4006,  1.6020, -0.3948,  1.4133,
         -0.0927,  0.6768]], requires_grad=True)
[2023-01-19 20:13:32,857][__main__][INFO] - scores: tensor([[24.8438, 25.2500, 24.1250, 23.1562, 24.4688]], device='cuda:0',
       dtype=torch.float16, grad_fn=<MmBackward>)
[2023-01-19 20:13:33,085][__main__][INFO] - parameters: Parameter containing:
tensor([[-0.2209, -1.4842, -0.1338, -1.3036,  1.4343,  1.6156, -0.3605,  1.4069,
         -0.0624,  0.6726]], requires_grad=True)
[2023-01-19 20:13:33,092][__main__][INFO] - scores: tensor([[24.8594, 25.2969, 24.1406, 23.1875, 24.4688]], device='cuda:0',
       dtype=torch.float16, grad_fn=<MmBackward>)
[2023-01-19 20:13:33,313][__main__][INFO] - parameters: Parameter containing:
tensor([[-0.2271, -1.4797, -0.1149, -1.3062,  1.4635,  1.6254, -0.3347,  1.4080,
         -0.0353,  0.6698]], requires_grad=True)
[2023-01-19 20:13:33,315][__main__][INFO] - scores: tensor([[24.8594, 25.2812, 24.2188, 23.1094, 24.5156]], device='cuda:0',
       dtype=torch.float16, grad_fn=<MmBackward>)
[2023-01-19 20:13:33,524][__main__][INFO] - parameters: Parameter containing:
tensor([[-0.2353, -1.4774, -0.0976, -1.3109,  1.4927,  1.6278, -0.3129,  1.4077,
         -0.0119,  0.6643]], requires_grad=True)
[2023-01-19 20:13:33,526][__main__][INFO] - scores: tensor([[24.8125, 25.2500, 24.1719, 23.1719, 24.5000]], device='cuda:0',
       dtype=torch.float16, grad_fn=<MmBackward>)
[2023-01-19 20:13:33,740][__main__][INFO] - parameters: Parameter containing:
tensor([[-0.2246, -1.4679, -0.0692, -1.3223,  1.5107,  1.6176, -0.2961,  1.4004,
          0.0096,  0.6517]], requires_grad=True)
[2023-01-19 20:13:33,742][__main__][INFO] - scores: tensor([[24.8281, 25.2969, 24.2344, 23.2656, 24.5781]], device='cuda:0',
       dtype=torch.float16, grad_fn=<MmBackward>)
[2023-01-19 20:13:33,960][__main__][INFO] - parameters: Parameter containing:
tensor([[-0.2160, -1.4362, -0.0346, -1.3246,  1.5312,  1.6105, -0.2884,  1.3966,
          0.0207,  0.6316]], requires_grad=True)
[2023-01-19 20:13:33,963][__main__][INFO] - scores: tensor([[24.8594, 25.3594, 24.3594, 23.3438, 24.6406]], device='cuda:0',
       dtype=torch.float16, grad_fn=<MmBackward>)
[2023-01-19 20:13:34,185][__main__][INFO] - parameters: Parameter containing:
tensor([[-2.0344e-01, -1.4040e+00, -5.3608e-04, -1.3229e+00,  1.5499e+00,
          1.5913e+00, -2.7862e-01,  1.3764e+00,  3.2314e-02,  6.0089e-01]],
       requires_grad=True)
[2023-01-19 20:13:34,188][__main__][INFO] - scores: tensor([[24.8906, 25.4219, 24.4219, 23.3594, 24.7031]], device='cuda:0',
       dtype=torch.float16, grad_fn=<MmBackward>)
[2023-01-19 20:13:34,404][__main__][INFO] - parameters: Parameter containing:
tensor([[-0.2018, -1.3720,  0.0306, -1.3214,  1.5668,  1.5646, -0.2712,  1.3441,
          0.0451,  0.5612]], requires_grad=True)
[2023-01-19 20:13:34,406][__main__][INFO] - scores: tensor([[24.7500, 25.3281, 24.3281, 23.2656, 24.6094]], device='cuda:0',
       dtype=torch.float16, grad_fn=<MmBackward>)
[2023-01-19 20:13:34,612][__main__][INFO] - parameters: Parameter containing:
tensor([[-0.1937, -1.3319,  0.0709, -1.3163,  1.5758,  1.5287, -0.2644,  1.3004,
          0.0662,  0.5088]], requires_grad=True)
[2023-01-19 20:13:34,619][__main__][INFO] - scores: tensor([[24.7969, 25.3906, 24.3906, 23.3125, 24.5938]], device='cuda:0',
       dtype=torch.float16, grad_fn=<MmBackward>)
[2023-01-19 20:13:34,873][__main__][INFO] - parameters: Parameter containing:
tensor([[-0.1805, -1.2970,  0.1155, -1.3096,  1.5933,  1.4975, -0.2446,  1.2534,
          0.0933,  0.4594]], requires_grad=True)
[2023-01-19 20:13:34,875][__main__][INFO] - scores: tensor([[24.8125, 25.4219, 24.4688, 23.3438, 24.5938]], device='cuda:0',
       dtype=torch.float16, grad_fn=<MmBackward>)
[2023-01-19 20:13:35,102][__main__][INFO] - parameters: Parameter containing:
tensor([[-0.1809, -1.2510,  0.1496, -1.2911,  1.6188,  1.4919, -0.2310,  1.2156,
          0.1094,  0.4142]], requires_grad=True)
[2023-01-19 20:13:35,108][__main__][INFO] - scores: tensor([[24.7344, 25.3438, 24.3750, 23.2500, 24.5156]], device='cuda:0',
       dtype=torch.float16, grad_fn=<MmBackward>)
[2023-01-19 20:13:35,332][__main__][INFO] - parameters: Parameter containing:
tensor([[-0.1652, -1.1963,  0.2008, -1.2727,  1.6425,  1.4855, -0.2087,  1.1797,
          0.1359,  0.3708]], requires_grad=True)
[2023-01-19 20:13:35,334][__main__][INFO] - scores: tensor([[24.7500, 25.2656, 24.2500, 23.2344, 24.4688]], device='cuda:0',
       dtype=torch.float16, grad_fn=<MmBackward>)
[2023-01-19 20:13:35,550][__main__][INFO] - parameters: Parameter containing:
tensor([[-0.1679, -1.1530,  0.2282, -1.2648,  1.6681,  1.4846, -0.1966,  1.1493,
          0.1449,  0.3309]], requires_grad=True)
[2023-01-19 20:13:35,552][__main__][INFO] - scores: tensor([[24.7500, 25.3125, 24.3281, 23.3281, 24.4844]], device='cuda:0',
       dtype=torch.float16, grad_fn=<MmBackward>)
[2023-01-19 20:13:35,756][__main__][INFO] - parameters: Parameter containing:
tensor([[-0.1889, -1.1226,  0.2369, -1.2703,  1.6840,  1.4798, -0.2036,  1.1246,
          0.1444,  0.3029]], requires_grad=True)
[2023-01-19 20:13:35,758][__main__][INFO] - scores: tensor([[24.7812, 25.2656, 24.2969, 23.3125, 24.4688]], device='cuda:0',
       dtype=torch.float16, grad_fn=<MmBackward>)
[2023-01-19 20:13:35,988][__main__][INFO] - parameters: Parameter containing:
tensor([[-0.1997, -1.0969,  0.2445, -1.2781,  1.6931,  1.4693, -0.2121,  1.0930,
          0.1404,  0.2693]], requires_grad=True)
[2023-01-19 20:13:35,990][__main__][INFO] - scores: tensor([[24.6875, 25.2500, 24.2500, 23.2500, 24.3438]], device='cuda:0',
       dtype=torch.float16, grad_fn=<MmBackward>)
[2023-01-19 20:13:36,207][__main__][INFO] - parameters: Parameter containing:
tensor([[-0.2259, -1.0794,  0.2333, -1.2803,  1.7194,  1.4813, -0.2163,  1.0537,
          0.1249,  0.2234]], requires_grad=True)
[2023-01-19 20:13:36,209][__main__][INFO] - scores: tensor([[24.7344, 25.2969, 24.3125, 23.2812, 24.3750]], device='cuda:0',
       dtype=torch.float16, grad_fn=<MmBackward>)
[2023-01-19 20:13:36,431][__main__][INFO] - parameters: Parameter containing:
tensor([[-0.2637, -1.0779,  0.2088, -1.2837,  1.7455,  1.5014, -0.2284,  1.0202,
          0.1059,  0.1755]], requires_grad=True)
[2023-01-19 20:13:36,433][__main__][INFO] - scores: tensor([[24.8750, 25.5312, 24.5781, 23.5000, 24.4375]], device='cuda:0',
       dtype=torch.float16, grad_fn=<MmBackward>)
[2023-01-19 20:13:36,651][__main__][INFO] - parameters: Parameter containing:
tensor([[-0.2977, -1.0809,  0.1777, -1.2946,  1.7538,  1.5088, -0.2554,  0.9919,
          0.0785,  0.1333]], requires_grad=True)
[2023-01-19 20:13:36,654][__main__][INFO] - scores: tensor([[24.7031, 25.3906, 24.4375, 23.4062, 24.4688]], device='cuda:0',
       dtype=torch.float16, grad_fn=<MmBackward>)
[2023-01-19 20:13:36,894][__main__][INFO] - parameters: Parameter containing:
tensor([[-0.3355, -1.0800,  0.1482, -1.3025,  1.7660,  1.5150, -0.2671,  0.9598,
          0.0544,  0.0945]], requires_grad=True)
[2023-01-19 20:13:36,899][__main__][INFO] - scores: tensor([[24.6719, 25.2969, 24.3750, 23.3281, 24.3750]], device='cuda:0',
       dtype=torch.float16, grad_fn=<MmBackward>)
[2023-01-19 20:13:37,142][__main__][INFO] - parameters: Parameter containing:
tensor([[-0.3994, -1.0838,  0.1021, -1.2955,  1.8077,  1.5518, -0.2682,  0.9288,
          0.0261,  0.0574]], requires_grad=True)
[2023-01-19 20:13:37,144][__main__][INFO] - scores: tensor([[24.5625, 25.1719, 24.1406, 23.2500, 24.2969]], device='cuda:0',
       dtype=torch.float16, grad_fn=<MmBackward>)
[2023-01-19 20:13:37,386][__main__][INFO] - parameters: Parameter containing:
tensor([[-0.4711, -1.0941,  0.0434, -1.2915,  1.8446,  1.5871, -0.2846,  0.8932,
         -0.0144,  0.0206]], requires_grad=True)
[2023-01-19 20:13:37,388][__main__][INFO] - scores: tensor([[24.6406, 25.3125, 24.3438, 23.2031, 24.2344]], device='cuda:0',
       dtype=torch.float16, grad_fn=<MmBackward>)
