[2023-01-17 23:37:53,439][__main__][INFO] - parameters: Parameter containing:
tensor([[-0.1000,  0.1000,  0.1000,  0.1000,  0.1000,  0.1000,  0.1000,  0.1000,
          0.1000,  0.1000]], requires_grad=True)
[2023-01-17 23:37:53,440][__main__][INFO] - scores: tensor([[24.5156, 25.5312, 23.8594, 23.3594, 24.5000]], device='cuda:0',
       dtype=torch.float16, grad_fn=<MmBackward>)
[2023-01-17 23:37:53,642][__main__][INFO] - parameters: Parameter containing:
tensor([[-0.1023,  0.1882,  0.1818,  0.1246,  0.1276,  0.1091,  0.1402,  0.1450,
          0.0654,  0.0701]], requires_grad=True)
[2023-01-17 23:37:53,643][__main__][INFO] - scores: tensor([[24.5938, 25.7656, 24.0781, 23.5000, 24.7500]], device='cuda:0',
       dtype=torch.float16, grad_fn=<MmBackward>)
[2023-01-17 23:37:53,822][__main__][INFO] - parameters: Parameter containing:
tensor([[-0.1229,  0.2702,  0.2706,  0.1354,  0.1321,  0.0841,  0.1685,  0.1668,
          0.0932,  0.0244]], requires_grad=True)
[2023-01-17 23:37:53,823][__main__][INFO] - scores: tensor([[24.6094, 25.7344, 24.0312, 23.3906, 24.7344]], device='cuda:0',
       dtype=torch.float16, grad_fn=<MmBackward>)
[2023-01-17 23:37:53,991][__main__][INFO] - parameters: Parameter containing:
tensor([[-0.1486,  0.3537,  0.3606,  0.1536,  0.1251,  0.0329,  0.1905,  0.1301,
          0.1228, -0.0442]], requires_grad=True)
[2023-01-17 23:37:53,992][__main__][INFO] - scores: tensor([[24.6406, 25.7188, 24.0625, 23.4844, 24.6719]], device='cuda:0',
       dtype=torch.float16, grad_fn=<MmBackward>)
[2023-01-17 23:37:54,160][__main__][INFO] - parameters: Parameter containing:
tensor([[-0.1789,  0.3632,  0.4243,  0.1971,  0.1012,  0.0086,  0.1719,  0.0738,
          0.1214, -0.1204]], requires_grad=True)
[2023-01-17 23:37:54,161][__main__][INFO] - scores: tensor([[24.6562, 25.6250, 24.1094, 23.6094, 25.0469]], device='cuda:0',
       dtype=torch.float16, grad_fn=<MmBackward>)
[2023-01-17 23:37:54,344][__main__][INFO] - parameters: Parameter containing:
tensor([[-0.2361,  0.3714,  0.4939,  0.2580,  0.1072,  0.0069,  0.1873,  0.0037,
          0.1172, -0.1972]], requires_grad=True)
[2023-01-17 23:37:54,345][__main__][INFO] - scores: tensor([[24.7344, 25.7188, 24.1562, 23.6875, 25.2031]], device='cuda:0',
       dtype=torch.float16, grad_fn=<MmBackward>)
[2023-01-17 23:37:54,528][__main__][INFO] - parameters: Parameter containing:
tensor([[-0.2648,  0.3845,  0.5583,  0.2801,  0.1065, -0.0035,  0.1928, -0.0286,
          0.1066, -0.2548]], requires_grad=True)
[2023-01-17 23:37:54,530][__main__][INFO] - scores: tensor([[24.7188, 25.7500, 24.2188, 23.5625, 25.0625]], device='cuda:0',
       dtype=torch.float16, grad_fn=<MmBackward>)
[2023-01-17 23:37:54,694][__main__][INFO] - parameters: Parameter containing:
tensor([[-0.2911,  0.3749,  0.5972,  0.3093,  0.1000, -0.0085,  0.1830, -0.0653,
          0.0978, -0.3133]], requires_grad=True)
[2023-01-17 23:37:54,695][__main__][INFO] - scores: tensor([[24.7969, 25.7969, 24.2344, 23.6094, 25.0625]], device='cuda:0',
       dtype=torch.float16, grad_fn=<MmBackward>)
[2023-01-17 23:37:54,854][__main__][INFO] - parameters: Parameter containing:
tensor([[-0.3277,  0.3498,  0.6442,  0.3565,  0.0839, -0.0009,  0.1634, -0.1058,
          0.0791, -0.3716]], requires_grad=True)
[2023-01-17 23:37:54,855][__main__][INFO] - scores: tensor([[24.7500, 25.7656, 24.1562, 23.5312, 25.1875]], device='cuda:0',
       dtype=torch.float16, grad_fn=<MmBackward>)
[2023-01-17 23:37:55,042][__main__][INFO] - parameters: Parameter containing:
tensor([[-0.3825,  0.3158,  0.7052,  0.4156,  0.0643,  0.0111,  0.1623, -0.1559,
          0.0594, -0.4395]], requires_grad=True)
[2023-01-17 23:37:55,043][__main__][INFO] - scores: tensor([[24.7500, 25.7812, 24.1562, 23.6406, 25.3750]], device='cuda:0',
       dtype=torch.float16, grad_fn=<MmBackward>)
[2023-01-17 23:37:55,204][__main__][INFO] - parameters: Parameter containing:
tensor([[-0.4314,  0.3022,  0.7660,  0.4578,  0.0579,  0.0130,  0.1744, -0.1941,
          0.0504, -0.5024]], requires_grad=True)
[2023-01-17 23:37:55,205][__main__][INFO] - scores: tensor([[24.6562, 25.8125, 24.0938, 23.4688, 25.0625]], device='cuda:0',
       dtype=torch.float16, grad_fn=<MmBackward>)
[2023-01-17 23:37:55,373][__main__][INFO] - parameters: Parameter containing:
tensor([[-0.4733,  0.2696,  0.8201,  0.5005,  0.0328,  0.0197,  0.1604, -0.2327,
          0.0307, -0.5638]], requires_grad=True)
[2023-01-17 23:37:55,375][__main__][INFO] - scores: tensor([[24.5781, 25.9375, 24.1250, 23.5312, 25.1250]], device='cuda:0',
       dtype=torch.float16, grad_fn=<MmBackward>)
[2023-01-17 23:37:55,553][__main__][INFO] - parameters: Parameter containing:
tensor([[-0.5040,  0.2311,  0.8772,  0.5306, -0.0085,  0.0122,  0.1406, -0.2590,
          0.0104, -0.6246]], requires_grad=True)
[2023-01-17 23:37:55,554][__main__][INFO] - scores: tensor([[24.6094, 25.8906, 24.1719, 23.3594, 24.9531]], device='cuda:0',
       dtype=torch.float16, grad_fn=<MmBackward>)
[2023-01-17 23:37:55,717][__main__][INFO] - parameters: Parameter containing:
tensor([[-0.5274,  0.2106,  0.9421,  0.5384, -0.0497, -0.0119,  0.1367, -0.2758,
          0.0038, -0.6770]], requires_grad=True)
[2023-01-17 23:37:55,718][__main__][INFO] - scores: tensor([[24.6250, 25.9219, 24.1406, 23.2969, 25.0156]], device='cuda:0',
       dtype=torch.float16, grad_fn=<MmBackward>)
[2023-01-17 23:37:55,890][__main__][INFO] - parameters: Parameter containing:
tensor([[-0.5409,  0.1911,  0.9931,  0.5472, -0.0786, -0.0149,  0.1261, -0.2771,
         -0.0099, -0.7107]], requires_grad=True)
[2023-01-17 23:37:55,890][__main__][INFO] - scores: tensor([[24.5625, 25.8438, 24.0625, 23.2656, 24.9531]], device='cuda:0',
       dtype=torch.float16, grad_fn=<MmBackward>)
[2023-01-17 23:37:56,056][__main__][INFO] - parameters: Parameter containing:
tensor([[-0.5596,  0.1633,  1.0226,  0.5619, -0.0941, -0.0013,  0.1143, -0.2786,
         -0.0324, -0.7302]], requires_grad=True)
[2023-01-17 23:37:56,057][__main__][INFO] - scores: tensor([[24.5312, 25.8750, 24.0625, 23.1562, 24.7031]], device='cuda:0',
       dtype=torch.float16, grad_fn=<MmBackward>)
[2023-01-17 23:37:56,226][__main__][INFO] - parameters: Parameter containing:
tensor([[-0.5867,  0.1293,  1.0493,  0.5902, -0.1084,  0.0229,  0.0917, -0.2899,
         -0.0620, -0.7523]], requires_grad=True)
[2023-01-17 23:37:56,227][__main__][INFO] - scores: tensor([[24.6094, 25.9531, 24.0781, 23.0938, 24.6719]], device='cuda:0',
       dtype=torch.float16, grad_fn=<MmBackward>)
[2023-01-17 23:37:56,390][__main__][INFO] - parameters: Parameter containing:
tensor([[-0.6142,  0.0835,  1.0647,  0.6272, -0.1250,  0.0580,  0.0559, -0.3168,
         -0.0980, -0.7816]], requires_grad=True)
[2023-01-17 23:37:56,391][__main__][INFO] - scores: tensor([[24.7188, 25.9688, 24.0156, 23.1875, 25.0312]], device='cuda:0',
       dtype=torch.float16, grad_fn=<MmBackward>)
[2023-01-17 23:37:56,585][__main__][INFO] - parameters: Parameter containing:
tensor([[-0.6261,  0.0511,  1.0690,  0.6521, -0.1344,  0.0829,  0.0305, -0.3357,
         -0.1216, -0.8018]], requires_grad=True)
[2023-01-17 23:37:56,586][__main__][INFO] - scores: tensor([[24.4531, 25.8125, 24.0156, 23.2344, 25.0469]], device='cuda:0',
       dtype=torch.float16, grad_fn=<MmBackward>)
[2023-01-17 23:37:56,793][__main__][INFO] - parameters: Parameter containing:
tensor([[-0.6471,  0.0289,  1.0865,  0.6854, -0.1401,  0.1035,  0.0223, -0.3624,
         -0.1424, -0.8321]], requires_grad=True)
[2023-01-17 23:37:56,795][__main__][INFO] - scores: tensor([[24.3750, 25.8125, 24.0000, 23.3281, 25.2188]], device='cuda:0',
       dtype=torch.float16, grad_fn=<MmBackward>)
[2023-01-17 23:37:56,971][__main__][INFO] - parameters: Parameter containing:
tensor([[-0.6804, -0.0020,  1.1104,  0.7267, -0.1559,  0.1251,  0.0117, -0.3986,
         -0.1554, -0.8627]], requires_grad=True)
[2023-01-17 23:37:56,972][__main__][INFO] - scores: tensor([[24.4531, 25.8281, 24.0312, 23.2500, 25.2031]], device='cuda:0',
       dtype=torch.float16, grad_fn=<MmBackward>)
[2023-01-17 23:37:57,150][__main__][INFO] - parameters: Parameter containing:
tensor([[-0.7115, -0.0368,  1.1317,  0.7622, -0.1793,  0.1433, -0.0114, -0.4332,
         -0.1609, -0.8865]], requires_grad=True)
[2023-01-17 23:37:57,151][__main__][INFO] - scores: tensor([[24.3281, 25.7188, 23.9844, 22.8906, 24.6406]], device='cuda:0',
       dtype=torch.float16, grad_fn=<MmBackward>)
[2023-01-17 23:37:57,353][__main__][INFO] - parameters: Parameter containing:
tensor([[-0.7432, -0.0609,  1.1560,  0.8006, -0.1974,  0.1586, -0.0255, -0.4722,
         -0.1635, -0.9153]], requires_grad=True)
[2023-01-17 23:37:57,355][__main__][INFO] - scores: tensor([[24.2812, 25.7188, 23.9531, 23.0156, 24.8125]], device='cuda:0',
       dtype=torch.float16, grad_fn=<MmBackward>)
[2023-01-17 23:37:57,531][__main__][INFO] - parameters: Parameter containing:
tensor([[-0.7771, -0.0908,  1.1868,  0.8363, -0.2246,  0.1728, -0.0448, -0.5052,
         -0.1747, -0.9439]], requires_grad=True)
[2023-01-17 23:37:57,532][__main__][INFO] - scores: tensor([[24.2344, 25.7188, 23.9375, 23.0625, 24.8594]], device='cuda:0',
       dtype=torch.float16, grad_fn=<MmBackward>)
[2023-01-17 23:37:57,700][__main__][INFO] - parameters: Parameter containing:
tensor([[-0.8118, -0.1125,  1.2147,  0.8681, -0.2459,  0.1799, -0.0500, -0.5447,
         -0.1718, -0.9717]], requires_grad=True)
[2023-01-17 23:37:57,701][__main__][INFO] - scores: tensor([[24.2344, 25.7500, 23.9062, 23.0000, 24.7812]], device='cuda:0',
       dtype=torch.float16, grad_fn=<MmBackward>)
[2023-01-17 23:37:57,871][__main__][INFO] - parameters: Parameter containing:
tensor([[-0.8330, -0.1365,  1.2318,  0.8832, -0.2697,  0.1841, -0.0588, -0.5779,
         -0.1704, -0.9893]], requires_grad=True)
[2023-01-17 23:37:57,872][__main__][INFO] - scores: tensor([[24.2500, 25.7656, 23.9062, 23.0156, 24.7500]], device='cuda:0',
       dtype=torch.float16, grad_fn=<MmBackward>)
[2023-01-17 23:37:58,035][__main__][INFO] - parameters: Parameter containing:
tensor([[-0.8573, -0.1525,  1.2456,  0.8949, -0.2810,  0.1818, -0.0526, -0.6186,
         -0.1585, -1.0051]], requires_grad=True)
[2023-01-17 23:37:58,036][__main__][INFO] - scores: tensor([[24.1875, 25.7031, 23.8281, 22.9844, 24.7031]], device='cuda:0',
       dtype=torch.float16, grad_fn=<MmBackward>)
[2023-01-17 23:37:58,205][__main__][INFO] - parameters: Parameter containing:
tensor([[-0.8843, -0.1653,  1.2512,  0.9049, -0.2829,  0.1815, -0.0374, -0.6589,
         -0.1434, -1.0114]], requires_grad=True)
[2023-01-17 23:37:58,205][__main__][INFO] - scores: tensor([[24.2031, 25.7188, 23.8281, 22.9531, 24.7344]], device='cuda:0',
       dtype=torch.float16, grad_fn=<MmBackward>)
[2023-01-17 23:37:58,385][__main__][INFO] - parameters: Parameter containing:
tensor([[-0.9072, -0.1663,  1.2564,  0.9072, -0.2717,  0.1795, -0.0084, -0.7032,
         -0.1263, -1.0120]], requires_grad=True)
[2023-01-17 23:37:58,386][__main__][INFO] - scores: tensor([[24.2031, 25.6562, 23.8438, 22.9844, 24.8125]], device='cuda:0',
       dtype=torch.float16, grad_fn=<MmBackward>)
[2023-01-17 23:37:58,551][__main__][INFO] - parameters: Parameter containing:
tensor([[-0.9205, -0.1704,  1.2568,  0.9003, -0.2624,  0.1788,  0.0151, -0.7328,
         -0.1137, -1.0030]], requires_grad=True)
[2023-01-17 23:37:58,552][__main__][INFO] - scores: tensor([[24.1875, 25.6875, 23.8594, 23.0312, 24.8281]], device='cuda:0',
       dtype=torch.float16, grad_fn=<MmBackward>)
[2023-01-17 23:37:58,746][__main__][INFO] - parameters: Parameter containing:
tensor([[-0.9309, -0.1673,  1.2539,  0.8864, -0.2426,  0.1778,  0.0420, -0.7627,
         -0.0970, -0.9916]], requires_grad=True)
[2023-01-17 23:37:58,748][__main__][INFO] - scores: tensor([[24.1719, 25.6875, 23.8750, 23.0312, 24.8438]], device='cuda:0',
       dtype=torch.float16, grad_fn=<MmBackward>)
[2023-01-17 23:37:58,924][__main__][INFO] - parameters: Parameter containing:
tensor([[-0.9446, -0.1646,  1.2485,  0.8745, -0.2216,  0.1803,  0.0718, -0.7919,
         -0.0809, -0.9749]], requires_grad=True)
[2023-01-17 23:37:58,926][__main__][INFO] - scores: tensor([[24.1719, 25.7188, 23.8906, 23.0938, 24.8438]], device='cuda:0',
       dtype=torch.float16, grad_fn=<MmBackward>)
[2023-01-17 23:37:59,101][__main__][INFO] - parameters: Parameter containing:
tensor([[-0.9495, -0.1608,  1.2430,  0.8676, -0.2086,  0.1818,  0.0855, -0.8237,
         -0.0729, -0.9699]], requires_grad=True)
[2023-01-17 23:37:59,102][__main__][INFO] - scores: tensor([[24.1562, 25.7031, 23.8906, 23.0938, 24.8594]], device='cuda:0',
       dtype=torch.float16, grad_fn=<MmBackward>)
[2023-01-17 23:37:59,258][__main__][INFO] - parameters: Parameter containing:
tensor([[-0.9633, -0.1789,  1.2548,  0.8781, -0.2245,  0.1849,  0.0734, -0.8458,
         -0.0795, -0.9734]], requires_grad=True)
[2023-01-17 23:37:59,259][__main__][INFO] - scores: tensor([[24.1094, 25.7031, 23.8906, 23.0625, 24.9219]], device='cuda:0',
       dtype=torch.float16, grad_fn=<MmBackward>)
[2023-01-17 23:37:59,426][__main__][INFO] - parameters: Parameter containing:
tensor([[-0.9705, -0.2051,  1.2711,  0.8874, -0.2551,  0.1836,  0.0464, -0.8648,
         -0.0936, -0.9809]], requires_grad=True)
[2023-01-17 23:37:59,427][__main__][INFO] - scores: tensor([[24.1562, 25.7188, 23.8906, 23.1094, 24.8906]], device='cuda:0',
       dtype=torch.float16, grad_fn=<MmBackward>)
[2023-01-17 23:37:59,595][__main__][INFO] - parameters: Parameter containing:
tensor([[-0.9701, -0.2311,  1.2864,  0.8961, -0.2925,  0.1717,  0.0133, -0.8927,
         -0.1115, -1.0013]], requires_grad=True)
[2023-01-17 23:37:59,596][__main__][INFO] - scores: tensor([[24.2188, 25.7656, 23.8750, 23.0469, 24.8125]], device='cuda:0',
       dtype=torch.float16, grad_fn=<MmBackward>)
[2023-01-17 23:37:59,756][__main__][INFO] - parameters: Parameter containing:
tensor([[-0.9727, -0.2729,  1.2921,  0.9096, -0.3372,  0.1680, -0.0304, -0.9202,
         -0.1397, -1.0228]], requires_grad=True)
[2023-01-17 23:37:59,757][__main__][INFO] - scores: tensor([[24.2500, 25.7656, 23.8906, 22.9531, 24.7656]], device='cuda:0',
       dtype=torch.float16, grad_fn=<MmBackward>)
[2023-01-17 23:37:59,925][__main__][INFO] - parameters: Parameter containing:
tensor([[-0.9895, -0.3130,  1.3045,  0.9306, -0.3779,  0.1683, -0.0673, -0.9630,
         -0.1682, -1.0506]], requires_grad=True)
[2023-01-17 23:37:59,926][__main__][INFO] - scores: tensor([[24.2500, 25.7031, 23.7656, 22.8125, 24.6562]], device='cuda:0',
       dtype=torch.float16, grad_fn=<MmBackward>)
[2023-01-17 23:38:00,092][__main__][INFO] - parameters: Parameter containing:
tensor([[-0.9978, -0.3362,  1.3106,  0.9294, -0.4022,  0.1531, -0.0807, -1.0087,
         -0.1834, -1.0700]], requires_grad=True)
[2023-01-17 23:38:00,093][__main__][INFO] - scores: tensor([[24.1562, 25.6875, 23.7656, 22.7812, 24.5938]], device='cuda:0',
       dtype=torch.float16, grad_fn=<MmBackward>)
[2023-01-17 23:38:00,297][__main__][INFO] - parameters: Parameter containing:
tensor([[-1.0074, -0.3448,  1.3211,  0.9198, -0.4119,  0.1340, -0.0789, -1.0540,
         -0.1881, -1.0904]], requires_grad=True)
[2023-01-17 23:38:00,299][__main__][INFO] - scores: tensor([[24.0781, 25.7188, 23.7500, 22.7031, 24.3906]], device='cuda:0',
       dtype=torch.float16, grad_fn=<MmBackward>)
[2023-01-17 23:38:00,477][__main__][INFO] - parameters: Parameter containing:
tensor([[-1.0169, -0.3556,  1.3262,  0.9080, -0.4210,  0.1162, -0.0810, -1.1051,
         -0.1929, -1.1089]], requires_grad=True)
[2023-01-17 23:38:00,478][__main__][INFO] - scores: tensor([[24.0781, 25.7031, 23.7500, 22.6406, 24.3594]], device='cuda:0',
       dtype=torch.float16, grad_fn=<MmBackward>)
[2023-01-17 23:38:00,648][__main__][INFO] - parameters: Parameter containing:
tensor([[-1.0216, -0.3627,  1.3175,  0.9098, -0.4253,  0.1079, -0.0784, -1.1549,
         -0.1984, -1.1295]], requires_grad=True)
[2023-01-17 23:38:00,649][__main__][INFO] - scores: tensor([[24.0781, 25.7031, 23.7812, 22.7031, 24.5469]], device='cuda:0',
       dtype=torch.float16, grad_fn=<MmBackward>)
[2023-01-17 23:38:00,831][__main__][INFO] - parameters: Parameter containing:
tensor([[-1.0304, -0.3600,  1.3100,  0.9198, -0.4223,  0.1046, -0.0638, -1.2017,
         -0.1950, -1.1400]], requires_grad=True)
[2023-01-17 23:38:00,832][__main__][INFO] - scores: tensor([[24.0625, 25.7188, 23.7812, 22.6719, 24.5156]], device='cuda:0',
       dtype=torch.float16, grad_fn=<MmBackward>)
[2023-01-17 23:38:01,006][__main__][INFO] - parameters: Parameter containing:
tensor([[-1.0290, -0.3551,  1.2897,  0.9353, -0.4151,  0.1127, -0.0473, -1.2413,
         -0.1975, -1.1404]], requires_grad=True)
[2023-01-17 23:38:01,008][__main__][INFO] - scores: tensor([[24.1094, 25.7188, 23.7500, 22.7344, 24.6562]], device='cuda:0',
       dtype=torch.float16, grad_fn=<MmBackward>)
[2023-01-17 23:38:01,183][__main__][INFO] - parameters: Parameter containing:
tensor([[-1.0212, -0.3393,  1.2743,  0.9475, -0.4024,  0.1175, -0.0234, -1.2774,
         -0.1994, -1.1398]], requires_grad=True)
[2023-01-17 23:38:01,185][__main__][INFO] - scores: tensor([[24.1406, 25.7500, 23.7812, 22.7500, 24.6562]], device='cuda:0',
       dtype=torch.float16, grad_fn=<MmBackward>)
[2023-01-17 23:38:01,367][__main__][INFO] - parameters: Parameter containing:
tensor([[-1.0069, -0.3285,  1.2613,  0.9487, -0.4017,  0.1121, -0.0087, -1.3107,
         -0.1935, -1.1390]], requires_grad=True)
[2023-01-17 23:38:01,368][__main__][INFO] - scores: tensor([[24.1562, 25.7656, 23.7656, 22.7656, 24.6562]], device='cuda:0',
       dtype=torch.float16, grad_fn=<MmBackward>)
[2023-01-17 23:38:01,538][__main__][INFO] - parameters: Parameter containing:
tensor([[-1.0024, -0.3265,  1.2432,  0.9526, -0.4012,  0.1136,  0.0047, -1.3423,
         -0.1884, -1.1314]], requires_grad=True)
[2023-01-17 23:38:01,539][__main__][INFO] - scores: tensor([[24.1719, 25.7344, 23.7969, 22.7188, 24.5469]], device='cuda:0',
       dtype=torch.float16, grad_fn=<MmBackward>)
[2023-01-17 23:38:01,716][__main__][INFO] - parameters: Parameter containing:
tensor([[-0.9849, -0.3288,  1.2154,  0.9516, -0.4041,  0.1163,  0.0096, -1.3543,
         -0.1971, -1.1204]], requires_grad=True)
[2023-01-17 23:38:01,718][__main__][INFO] - scores: tensor([[24.1406, 25.6719, 23.7812, 22.7031, 24.5312]], device='cuda:0',
       dtype=torch.float16, grad_fn=<MmBackward>)
[2023-01-17 23:38:01,929][__main__][INFO] - parameters: Parameter containing:
tensor([[-0.9783, -0.3295,  1.2010,  0.9567, -0.4070,  0.1186,  0.0141, -1.3720,
         -0.2067, -1.1198]], requires_grad=True)
[2023-01-17 23:38:01,930][__main__][INFO] - scores: tensor([[24.1719, 25.7188, 23.7969, 22.7969, 24.6406]], device='cuda:0',
       dtype=torch.float16, grad_fn=<MmBackward>)
[2023-01-17 23:38:02,116][__main__][INFO] - parameters: Parameter containing:
tensor([[-0.9786, -0.3280,  1.1928,  0.9654, -0.4068,  0.1256,  0.0182, -1.3835,
         -0.2000, -1.1172]], requires_grad=True)
[2023-01-17 23:38:02,117][__main__][INFO] - scores: tensor([[24.1875, 25.7188, 23.7969, 22.7969, 24.6406]], device='cuda:0',
       dtype=torch.float16, grad_fn=<MmBackward>)
[2023-01-17 23:38:02,290][__main__][INFO] - parameters: Parameter containing:
tensor([[-0.9898, -0.3252,  1.1885,  0.9870, -0.3993,  0.1481,  0.0191, -1.3886,
         -0.1911, -1.1106]], requires_grad=True)
[2023-01-17 23:38:02,292][__main__][INFO] - scores: tensor([[24.1719, 25.7188, 23.7969, 22.7812, 24.6250]], device='cuda:0',
       dtype=torch.float16, grad_fn=<MmBackward>)
[2023-01-17 23:38:02,472][__main__][INFO] - parameters: Parameter containing:
tensor([[-0.9934, -0.3205,  1.1871,  1.0018, -0.3930,  0.1671,  0.0182, -1.3914,
         -0.1875, -1.1018]], requires_grad=True)
[2023-01-17 23:38:02,473][__main__][INFO] - scores: tensor([[24.1562, 25.7188, 23.7969, 22.7656, 24.6094]], device='cuda:0',
       dtype=torch.float16, grad_fn=<MmBackward>)
[2023-01-17 23:38:02,657][__main__][INFO] - parameters: Parameter containing:
tensor([[-0.9947, -0.3166,  1.1819,  1.0105, -0.3796,  0.1922,  0.0169, -1.3851,
         -0.1903, -1.0834]], requires_grad=True)
[2023-01-17 23:38:02,660][__main__][INFO] - scores: tensor([[24.1562, 25.7188, 23.7969, 22.7500, 24.6094]], device='cuda:0',
       dtype=torch.float16, grad_fn=<MmBackward>)
[2023-01-17 23:38:02,850][__main__][INFO] - parameters: Parameter containing:
tensor([[-0.9882, -0.3245,  1.1760,  1.0224, -0.3776,  0.2244, -0.0040, -1.3709,
         -0.2104, -1.0687]], requires_grad=True)
[2023-01-17 23:38:02,851][__main__][INFO] - scores: tensor([[24.1719, 25.7188, 23.7969, 22.7812, 24.6094]], device='cuda:0',
       dtype=torch.float16, grad_fn=<MmBackward>)
[2023-01-17 23:38:03,027][__main__][INFO] - parameters: Parameter containing:
tensor([[-0.9834, -0.3310,  1.1784,  1.0361, -0.3785,  0.2567, -0.0248, -1.3558,
         -0.2354, -1.0574]], requires_grad=True)
[2023-01-17 23:38:03,028][__main__][INFO] - scores: tensor([[24.1719, 25.7031, 23.7969, 22.7344, 24.5781]], device='cuda:0',
       dtype=torch.float16, grad_fn=<MmBackward>)
[2023-01-17 23:38:03,214][__main__][INFO] - parameters: Parameter containing:
tensor([[-0.9887, -0.3391,  1.1886,  1.0395, -0.3765,  0.2788, -0.0333, -1.3512,
         -0.2626, -1.0481]], requires_grad=True)
[2023-01-17 23:38:03,215][__main__][INFO] - scores: tensor([[24.1250, 25.6562, 23.7500, 22.6562, 24.4219]], device='cuda:0',
       dtype=torch.float16, grad_fn=<MmBackward>)
[2023-01-17 23:38:03,392][__main__][INFO] - parameters: Parameter containing:
tensor([[-0.9883, -0.3433,  1.1956,  1.0481, -0.3734,  0.3074, -0.0427, -1.3261,
         -0.2921, -1.0283]], requires_grad=True)
[2023-01-17 23:38:03,393][__main__][INFO] - scores: tensor([[24.1562, 25.7344, 23.7969, 22.7500, 24.6250]], device='cuda:0',
       dtype=torch.float16, grad_fn=<MmBackward>)
[2023-01-17 23:38:03,575][__main__][INFO] - parameters: Parameter containing:
tensor([[-0.9897, -0.3514,  1.2034,  1.0685, -0.3724,  0.3418, -0.0588, -1.3011,
         -0.3295, -1.0165]], requires_grad=True)
[2023-01-17 23:38:03,576][__main__][INFO] - scores: tensor([[24.1250, 25.7188, 23.7344, 22.6875, 24.5156]], device='cuda:0',
       dtype=torch.float16, grad_fn=<MmBackward>)
[2023-01-17 23:38:03,748][__main__][INFO] - parameters: Parameter containing:
tensor([[-0.9996, -0.3607,  1.2223,  1.0923, -0.3743,  0.3744, -0.0713, -1.2700,
         -0.3605, -1.0058]], requires_grad=True)
[2023-01-17 23:38:03,750][__main__][INFO] - scores: tensor([[24.1250, 25.7500, 23.7812, 22.7344, 24.6250]], device='cuda:0',
       dtype=torch.float16, grad_fn=<MmBackward>)
[2023-01-17 23:38:03,929][__main__][INFO] - parameters: Parameter containing:
tensor([[-1.0100, -0.3727,  1.2413,  1.1184, -0.3840,  0.4072, -0.0910, -1.2462,
         -0.3853, -0.9907]], requires_grad=True)
[2023-01-17 23:38:03,931][__main__][INFO] - scores: tensor([[24.1406, 25.7344, 23.8281, 22.7031, 24.4062]], device='cuda:0',
       dtype=torch.float16, grad_fn=<MmBackward>)
[2023-01-17 23:38:04,112][__main__][INFO] - parameters: Parameter containing:
tensor([[-1.0356, -0.3953,  1.2627,  1.1540, -0.4005,  0.4457, -0.1163, -1.2276,
         -0.4081, -0.9747]], requires_grad=True)
[2023-01-17 23:38:04,113][__main__][INFO] - scores: tensor([[24.1250, 25.7031, 23.7812, 22.7031, 24.5000]], device='cuda:0',
       dtype=torch.float16, grad_fn=<MmBackward>)
[2023-01-17 23:38:04,322][__main__][INFO] - parameters: Parameter containing:
tensor([[-1.0573, -0.4376,  1.2692,  1.1982, -0.4286,  0.4965, -0.1643, -1.2028,
         -0.4497, -0.9604]], requires_grad=True)
[2023-01-17 23:38:04,324][__main__][INFO] - scores: tensor([[24.0938, 25.6094, 23.7656, 22.6562, 24.4844]], device='cuda:0',
       dtype=torch.float16, grad_fn=<MmBackward>)
[2023-01-17 23:38:04,502][__main__][INFO] - parameters: Parameter containing:
tensor([[-1.0817, -0.4857,  1.2796,  1.2509, -0.4666,  0.5470, -0.2168, -1.1787,
         -0.5025, -0.9600]], requires_grad=True)
[2023-01-17 23:38:04,503][__main__][INFO] - scores: tensor([[24.1094, 25.6406, 23.8906, 22.7969, 24.7969]], device='cuda:0',
       dtype=torch.float16, grad_fn=<MmBackward>)
[2023-01-17 23:38:04,708][__main__][INFO] - parameters: Parameter containing:
tensor([[-1.0929, -0.5335,  1.2765,  1.2910, -0.5034,  0.5919, -0.2701, -1.1501,
         -0.5498, -0.9568]], requires_grad=True)
[2023-01-17 23:38:04,710][__main__][INFO] - scores: tensor([[24.1562, 25.7188, 23.8281, 22.7344, 24.9375]], device='cuda:0',
       dtype=torch.float16, grad_fn=<MmBackward>)
[2023-01-17 23:38:04,894][__main__][INFO] - parameters: Parameter containing:
tensor([[-1.1132, -0.5929,  1.2700,  1.3277, -0.5492,  0.6370, -0.3295, -1.1309,
         -0.5887, -0.9445]], requires_grad=True)
[2023-01-17 23:38:04,896][__main__][INFO] - scores: tensor([[24.1406, 25.6562, 23.8125, 22.9219, 25.1562]], device='cuda:0',
       dtype=torch.float16, grad_fn=<MmBackward>)
[2023-01-17 23:38:05,069][__main__][INFO] - parameters: Parameter containing:
tensor([[-1.1226, -0.6486,  1.2598,  1.3465, -0.5930,  0.6719, -0.3904, -1.1080,
         -0.6178, -0.9250]], requires_grad=True)
[2023-01-17 23:38:05,071][__main__][INFO] - scores: tensor([[24.2188, 25.7656, 23.8906, 22.8594, 24.7656]], device='cuda:0',
       dtype=torch.float16, grad_fn=<MmBackward>)
[2023-01-17 23:38:05,240][__main__][INFO] - parameters: Parameter containing:
tensor([[-1.1138, -0.6882,  1.2531,  1.3484, -0.6286,  0.6924, -0.4439, -1.0800,
         -0.6366, -0.9088]], requires_grad=True)
[2023-01-17 23:38:05,241][__main__][INFO] - scores: tensor([[24.1094, 25.7500, 23.9062, 22.9531, 24.9688]], device='cuda:0',
       dtype=torch.float16, grad_fn=<MmBackward>)
[2023-01-17 23:38:05,398][__main__][INFO] - parameters: Parameter containing:
tensor([[-1.1026, -0.7224,  1.2568,  1.3592, -0.6747,  0.6984, -0.4931, -1.0503,
         -0.6528, -0.8996]], requires_grad=True)
[2023-01-17 23:38:05,399][__main__][INFO] - scores: tensor([[24.1250, 25.6719, 23.8125, 22.8906, 24.8281]], device='cuda:0',
       dtype=torch.float16, grad_fn=<MmBackward>)
[2023-01-17 23:38:05,572][__main__][INFO] - parameters: Parameter containing:
tensor([[-1.0940, -0.7592,  1.2671,  1.3758, -0.7289,  0.7027, -0.5386, -1.0191,
         -0.6758, -0.8925]], requires_grad=True)
[2023-01-17 23:38:05,573][__main__][INFO] - scores: tensor([[24.1719, 25.5625, 23.6875, 22.6719, 24.8125]], device='cuda:0',
       dtype=torch.float16, grad_fn=<MmBackward>)
[2023-01-17 23:38:05,736][__main__][INFO] - parameters: Parameter containing:
tensor([[-1.0861, -0.7983,  1.2762,  1.4052, -0.7871,  0.7136, -0.5910, -0.9905,
         -0.7089, -0.8980]], requires_grad=True)
[2023-01-17 23:38:05,737][__main__][INFO] - scores: tensor([[24.2188, 25.7500, 23.8281, 22.8125, 24.7188]], device='cuda:0',
       dtype=torch.float16, grad_fn=<MmBackward>)
[2023-01-17 23:38:05,901][__main__][INFO] - parameters: Parameter containing:
tensor([[-1.0716, -0.8403,  1.2903,  1.4240, -0.8484,  0.7215, -0.6482, -0.9512,
         -0.7442, -0.9014]], requires_grad=True)
[2023-01-17 23:38:05,902][__main__][INFO] - scores: tensor([[24.1406, 25.6250, 23.7188, 22.6406, 24.7344]], device='cuda:0',
       dtype=torch.float16, grad_fn=<MmBackward>)
[2023-01-17 23:38:06,086][__main__][INFO] - parameters: Parameter containing:
tensor([[-1.0606, -0.8893,  1.2866,  1.4293, -0.9017,  0.7345, -0.7006, -0.9141,
         -0.7733, -0.8978]], requires_grad=True)
[2023-01-17 23:38:06,088][__main__][INFO] - scores: tensor([[24.1094, 25.6250, 23.7500, 22.6875, 25.0625]], device='cuda:0',
       dtype=torch.float16, grad_fn=<MmBackward>)
[2023-01-17 23:38:06,263][__main__][INFO] - parameters: Parameter containing:
tensor([[-1.0373, -0.9274,  1.2856,  1.4101, -0.9477,  0.7235, -0.7431, -0.8916,
         -0.7875, -0.8981]], requires_grad=True)
[2023-01-17 23:38:06,264][__main__][INFO] - scores: tensor([[24.0781, 25.6562, 23.7188, 22.5938, 25.1562]], device='cuda:0',
       dtype=torch.float16, grad_fn=<MmBackward>)
[2023-01-17 23:38:06,437][__main__][INFO] - parameters: Parameter containing:
tensor([[-1.0073, -0.9620,  1.2753,  1.3825, -0.9866,  0.7117, -0.7845, -0.8612,
         -0.7959, -0.8887]], requires_grad=True)
[2023-01-17 23:38:06,438][__main__][INFO] - scores: tensor([[24.0938, 25.5625, 23.6250, 22.5469, 24.9219]], device='cuda:0',
       dtype=torch.float16, grad_fn=<MmBackward>)
[2023-01-17 23:38:06,630][__main__][INFO] - parameters: Parameter containing:
tensor([[-0.9766, -0.9770,  1.2550,  1.3551, -1.0019,  0.6963, -0.8033, -0.8547,
         -0.7921, -0.8770]], requires_grad=True)
[2023-01-17 23:38:06,631][__main__][INFO] - scores: tensor([[24.0938, 25.5156, 23.6719, 22.6719, 25.4531]], device='cuda:0',
       dtype=torch.float16, grad_fn=<MmBackward>)
[2023-01-17 23:38:06,791][__main__][INFO] - parameters: Parameter containing:
tensor([[-0.9516, -0.9993,  1.2387,  1.3318, -1.0251,  0.6828, -0.8357, -0.8612,
         -0.7894, -0.8678]], requires_grad=True)
[2023-01-17 23:38:06,792][__main__][INFO] - scores: tensor([[24.0938, 25.5156, 23.7031, 22.7969, 25.5625]], device='cuda:0',
       dtype=torch.float16, grad_fn=<MmBackward>)
[2023-01-17 23:38:06,955][__main__][INFO] - parameters: Parameter containing:
tensor([[-0.9156, -1.0019,  1.2199,  1.3034, -1.0314,  0.6647, -0.8542, -0.8627,
         -0.7764, -0.8504]], requires_grad=True)
[2023-01-17 23:38:06,957][__main__][INFO] - scores: tensor([[24.0469, 25.5000, 23.6562, 22.6719, 25.3438]], device='cuda:0',
       dtype=torch.float16, grad_fn=<MmBackward>)
[2023-01-17 23:38:07,132][__main__][INFO] - parameters: Parameter containing:
tensor([[-0.8839, -1.0051,  1.2022,  1.2700, -1.0376,  0.6389, -0.8680, -0.8715,
         -0.7575, -0.8313]], requires_grad=True)
[2023-01-17 23:38:07,133][__main__][INFO] - scores: tensor([[24.1719, 25.5469, 23.7344, 22.8438, 25.4844]], device='cuda:0',
       dtype=torch.float16, grad_fn=<MmBackward>)
[2023-01-17 23:38:07,307][__main__][INFO] - parameters: Parameter containing:
tensor([[-0.8446, -1.0132,  1.1925,  1.2339, -1.0576,  0.6088, -0.8932, -0.8651,
         -0.7548, -0.8164]], requires_grad=True)
[2023-01-17 23:38:07,308][__main__][INFO] - scores: tensor([[24.1562, 25.5156, 23.6562, 22.7031, 25.3438]], device='cuda:0',
       dtype=torch.float16, grad_fn=<MmBackward>)
[2023-01-17 23:38:07,491][__main__][INFO] - parameters: Parameter containing:
tensor([[-0.8195, -1.0244,  1.1659,  1.2020, -1.0595,  0.5943, -0.9176, -0.8702,
         -0.7521, -0.8045]], requires_grad=True)
[2023-01-17 23:38:07,491][__main__][INFO] - scores: tensor([[24.1875, 25.4688, 23.6250, 22.6250, 25.3125]], device='cuda:0',
       dtype=torch.float16, grad_fn=<MmBackward>)
[2023-01-17 23:38:07,676][__main__][INFO] - parameters: Parameter containing:
tensor([[-0.7953, -1.0310,  1.1236,  1.1650, -1.0404,  0.5844, -0.9321, -0.8829,
         -0.7358, -0.8011]], requires_grad=True)
[2023-01-17 23:38:07,677][__main__][INFO] - scores: tensor([[24.2344, 25.5312, 23.6875, 22.7344, 25.4375]], device='cuda:0',
       dtype=torch.float16, grad_fn=<MmBackward>)
[2023-01-17 23:38:07,848][__main__][INFO] - parameters: Parameter containing:
tensor([[-0.7786, -1.0339,  1.0890,  1.1316, -1.0172,  0.5764, -0.9410, -0.8996,
         -0.7207, -0.7967]], requires_grad=True)
[2023-01-17 23:38:07,849][__main__][INFO] - scores: tensor([[24.2500, 25.5000, 23.7188, 22.9062, 25.5156]], device='cuda:0',
       dtype=torch.float16, grad_fn=<MmBackward>)
[2023-01-17 23:38:08,024][__main__][INFO] - parameters: Parameter containing:
tensor([[-0.7429, -1.0288,  1.0406,  1.0971, -0.9890,  0.5710, -0.9485, -0.9059,
         -0.7165, -0.7870]], requires_grad=True)
[2023-01-17 23:38:08,025][__main__][INFO] - scores: tensor([[24.2656, 25.5312, 23.7500, 22.9688, 25.5312]], device='cuda:0',
       dtype=torch.float16, grad_fn=<MmBackward>)
[2023-01-17 23:38:08,200][__main__][INFO] - parameters: Parameter containing:
tensor([[-0.7087, -1.0411,  0.9877,  1.0623, -0.9697,  0.5749, -0.9765, -0.9115,
         -0.7355, -0.7760]], requires_grad=True)
[2023-01-17 23:38:08,200][__main__][INFO] - scores: tensor([[24.2656, 25.4688, 23.5938, 22.7500, 25.2656]], device='cuda:0',
       dtype=torch.float16, grad_fn=<MmBackward>)
[2023-01-17 23:38:08,367][__main__][INFO] - parameters: Parameter containing:
tensor([[-0.6637, -1.0473,  0.9354,  1.0230, -0.9518,  0.5733, -1.0038, -0.9021,
         -0.7578, -0.7587]], requires_grad=True)
[2023-01-17 23:38:08,368][__main__][INFO] - scores: tensor([[24.2656, 25.4844, 23.7031, 22.8906, 25.2969]], device='cuda:0',
       dtype=torch.float16, grad_fn=<MmBackward>)
[2023-01-17 23:38:08,551][__main__][INFO] - parameters: Parameter containing:
tensor([[-0.6194, -1.0520,  0.8809,  0.9848, -0.9335,  0.5749, -1.0286, -0.8874,
         -0.7749, -0.7316]], requires_grad=True)
[2023-01-17 23:38:08,552][__main__][INFO] - scores: tensor([[24.2188, 25.5469, 23.7500, 22.8906, 25.3438]], device='cuda:0',
       dtype=torch.float16, grad_fn=<MmBackward>)
[2023-01-17 23:38:08,717][__main__][INFO] - parameters: Parameter containing:
tensor([[-0.5812, -1.0627,  0.8343,  0.9466, -0.9197,  0.5735, -1.0543, -0.8823,
         -0.8006, -0.7159]], requires_grad=True)
[2023-01-17 23:38:08,718][__main__][INFO] - scores: tensor([[24.2969, 25.4531, 23.8906, 23.0312, 25.4844]], device='cuda:0',
       dtype=torch.float16, grad_fn=<MmBackward>)
[2023-01-17 23:38:08,918][__main__][INFO] - parameters: Parameter containing:
tensor([[-0.5465, -1.0708,  0.7735,  0.9302, -0.8929,  0.5977, -1.0796, -0.8713,
         -0.8428, -0.7008]], requires_grad=True)
[2023-01-17 23:38:08,919][__main__][INFO] - scores: tensor([[24.2812, 25.4219, 23.8906, 22.8438, 25.3594]], device='cuda:0',
       dtype=torch.float16, grad_fn=<MmBackward>)
[2023-01-17 23:38:09,104][__main__][INFO] - parameters: Parameter containing:
tensor([[-0.5158, -1.0736,  0.7130,  0.9245, -0.8633,  0.6219, -1.0975, -0.8509,
         -0.8739, -0.6807]], requires_grad=True)
[2023-01-17 23:38:09,105][__main__][INFO] - scores: tensor([[24.3281, 25.4531, 23.9062, 22.8906, 25.2969]], device='cuda:0',
       dtype=torch.float16, grad_fn=<MmBackward>)
[2023-01-17 23:38:09,279][__main__][INFO] - parameters: Parameter containing:
tensor([[-0.4802, -1.0690,  0.6524,  0.9098, -0.8296,  0.6389, -1.1097, -0.8346,
         -0.9022, -0.6593]], requires_grad=True)
[2023-01-17 23:38:09,280][__main__][INFO] - scores: tensor([[24.3125, 25.5156, 24.0312, 22.9531, 25.4375]], device='cuda:0',
       dtype=torch.float16, grad_fn=<MmBackward>)
[2023-01-17 23:38:09,489][__main__][INFO] - parameters: Parameter containing:
tensor([[-0.4361, -1.0586,  0.5925,  0.8861, -0.7922,  0.6526, -1.1139, -0.8085,
         -0.9157, -0.6272]], requires_grad=True)
[2023-01-17 23:38:09,490][__main__][INFO] - scores: tensor([[24.3594, 25.5000, 24.0625, 23.0000, 25.5312]], device='cuda:0',
       dtype=torch.float16, grad_fn=<MmBackward>)
[2023-01-17 23:38:09,659][__main__][INFO] - parameters: Parameter containing:
tensor([[-0.4076, -1.0542,  0.5381,  0.8835, -0.7630,  0.6760, -1.1251, -0.7892,
         -0.9329, -0.5977]], requires_grad=True)
[2023-01-17 23:38:09,660][__main__][INFO] - scores: tensor([[24.3125, 25.5000, 23.9219, 22.7031, 24.7812]], device='cuda:0',
       dtype=torch.float16, grad_fn=<MmBackward>)
[2023-01-17 23:38:09,854][__main__][INFO] - parameters: Parameter containing:
tensor([[-0.3696, -1.0623,  0.5083,  0.8698, -0.7697,  0.6760, -1.1555, -0.7657,
         -0.9655, -0.5709]], requires_grad=True)
[2023-01-17 23:38:09,855][__main__][INFO] - scores: tensor([[24.2500, 25.4688, 23.8750, 22.7656, 24.7500]], device='cuda:0',
       dtype=torch.float16, grad_fn=<MmBackward>)
[2023-01-17 23:38:10,022][__main__][INFO] - parameters: Parameter containing:
tensor([[-0.3320, -1.0737,  0.4866,  0.8553, -0.7841,  0.6742, -1.1948, -0.7463,
         -0.9986, -0.5470]], requires_grad=True)
[2023-01-17 23:38:10,023][__main__][INFO] - scores: tensor([[24.2812, 25.5312, 23.9219, 22.7969, 24.7188]], device='cuda:0',
       dtype=torch.float16, grad_fn=<MmBackward>)
[2023-01-17 23:38:10,192][__main__][INFO] - parameters: Parameter containing:
tensor([[-0.2926, -1.0671,  0.4731,  0.8330, -0.7871,  0.6564, -1.2121, -0.7473,
         -1.0031, -0.5371]], requires_grad=True)
[2023-01-17 23:38:10,193][__main__][INFO] - scores: tensor([[24.2969, 25.4531, 23.9531, 22.8750, 25.2969]], device='cuda:0',
       dtype=torch.float16, grad_fn=<MmBackward>)
[2023-01-17 23:38:10,384][__main__][INFO] - parameters: Parameter containing:
tensor([[-0.3009, -1.0847,  0.4736,  0.8210, -0.7945,  0.6606, -1.2441, -0.7496,
         -1.0175, -0.5028]], requires_grad=True)
[2023-01-17 23:38:10,384][__main__][INFO] - scores: tensor([[24.2969, 25.4531, 23.8750, 22.7031, 24.8594]], device='cuda:0',
       dtype=torch.float16, grad_fn=<MmBackward>)
[2023-01-17 23:38:10,547][__main__][INFO] - parameters: Parameter containing:
tensor([[-0.3926, -1.1814,  0.4523,  0.8956, -0.8855,  0.7401, -1.3443, -0.8391,
         -0.9956, -0.5173]], requires_grad=True)
[2023-01-17 23:38:10,548][__main__][INFO] - scores: tensor([[24.3125, 25.4375, 23.8594, 22.7969, 25.0156]], device='cuda:0',
       dtype=torch.float16, grad_fn=<MmBackward>)
[2023-01-17 23:38:10,708][__main__][INFO] - parameters: Parameter containing:
tensor([[-0.4697, -1.2685,  0.4312,  0.9574, -0.9697,  0.8107, -1.4380, -0.9132,
         -0.9798, -0.5197]], requires_grad=True)
[2023-01-17 23:38:10,709][__main__][INFO] - scores: tensor([[24.3750, 25.3750, 23.8281, 22.8281, 25.0938]], device='cuda:0',
       dtype=torch.float16, grad_fn=<MmBackward>)
[2023-01-17 23:38:10,883][__main__][INFO] - parameters: Parameter containing:
tensor([[-0.5374, -1.3476,  0.3964,  1.0117, -1.0435,  0.8804, -1.5243, -0.9755,
         -0.9724, -0.5079]], requires_grad=True)
[2023-01-17 23:38:10,883][__main__][INFO] - scores: tensor([[24.2969, 25.3281, 23.7188, 22.7812, 24.6562]], device='cuda:0',
       dtype=torch.float16, grad_fn=<MmBackward>)
[2023-01-17 23:38:11,088][__main__][INFO] - parameters: Parameter containing:
tensor([[-0.6044, -1.4211,  0.3654,  1.0733, -1.1100,  0.9554, -1.6047, -1.0333,
         -0.9787, -0.5037]], requires_grad=True)
[2023-01-17 23:38:11,089][__main__][INFO] - scores: tensor([[24.1719, 25.4375, 23.7812, 22.8750, 24.8594]], device='cuda:0',
       dtype=torch.float16, grad_fn=<MmBackward>)
[2023-01-17 23:38:11,255][__main__][INFO] - parameters: Parameter containing:
tensor([[-0.6618, -1.4855,  0.3388,  1.1279, -1.1712,  1.0203, -1.6782, -1.0853,
         -0.9818, -0.4959]], requires_grad=True)
[2023-01-17 23:38:11,256][__main__][INFO] - scores: tensor([[24.1250, 25.5156, 23.8281, 22.8906, 24.8438]], device='cuda:0',
       dtype=torch.float16, grad_fn=<MmBackward>)
[2023-01-17 23:38:11,441][__main__][INFO] - parameters: Parameter containing:
tensor([[-0.7131, -1.5456,  0.3073,  1.1735, -1.2264,  1.0787, -1.7446, -1.1268,
         -0.9909, -0.4889]], requires_grad=True)
[2023-01-17 23:38:11,442][__main__][INFO] - scores: tensor([[24.0781, 25.3125, 23.6562, 22.6719, 24.6719]], device='cuda:0',
       dtype=torch.float16, grad_fn=<MmBackward>)
[2023-01-17 23:38:11,609][__main__][INFO] - parameters: Parameter containing:
tensor([[-0.7543, -1.5958,  0.2649,  1.2097, -1.2664,  1.1371, -1.8040, -1.1645,
         -1.0003, -0.4846]], requires_grad=True)
[2023-01-17 23:38:11,610][__main__][INFO] - scores: tensor([[24.0469, 25.2656, 23.6094, 22.3906, 24.5156]], device='cuda:0',
       dtype=torch.float16, grad_fn=<MmBackward>)
[2023-01-17 23:38:11,770][__main__][INFO] - parameters: Parameter containing:
tensor([[-0.7957, -1.6389,  0.2231,  1.2493, -1.2959,  1.1951, -1.8534, -1.2043,
         -1.0085, -0.4726]], requires_grad=True)
[2023-01-17 23:38:11,771][__main__][INFO] - scores: tensor([[24.1094, 25.3438, 23.6562, 22.4219, 24.4844]], device='cuda:0',
       dtype=torch.float16, grad_fn=<MmBackward>)
[2023-01-17 23:38:11,958][__main__][INFO] - parameters: Parameter containing:
tensor([[-0.8319, -1.6785,  0.1827,  1.2847, -1.3230,  1.2536, -1.9039, -1.2403,
         -1.0208, -0.4476]], requires_grad=True)
[2023-01-17 23:38:11,959][__main__][INFO] - scores: tensor([[24.0156, 25.2188, 23.5781, 22.3125, 24.4219]], device='cuda:0',
       dtype=torch.float16, grad_fn=<MmBackward>)
[2023-01-17 23:38:12,123][__main__][INFO] - parameters: Parameter containing:
tensor([[-0.8653, -1.7100,  0.1449,  1.3182, -1.3408,  1.3051, -1.9428, -1.2787,
         -1.0214, -0.4271]], requires_grad=True)
[2023-01-17 23:38:12,123][__main__][INFO] - scores: tensor([[24.1094, 25.3281, 23.6875, 22.4375, 24.7969]], device='cuda:0',
       dtype=torch.float16, grad_fn=<MmBackward>)
[2023-01-17 23:38:12,284][__main__][INFO] - parameters: Parameter containing:
tensor([[-0.8994, -1.7410,  0.1103,  1.3490, -1.3582,  1.3533, -1.9802, -1.3174,
         -1.0172, -0.4157]], requires_grad=True)
[2023-01-17 23:38:12,285][__main__][INFO] - scores: tensor([[24.1250, 25.3281, 23.6094, 22.3594, 24.7969]], device='cuda:0',
       dtype=torch.float16, grad_fn=<MmBackward>)
[2023-01-17 23:38:12,461][__main__][INFO] - parameters: Parameter containing:
tensor([[-0.9355, -1.7682,  0.0842,  1.3798, -1.3698,  1.3949, -2.0083, -1.3621,
         -1.0120, -0.4181]], requires_grad=True)
[2023-01-17 23:38:12,462][__main__][INFO] - scores: tensor([[24.0938, 25.2812, 23.5156, 22.2656, 24.4375]], device='cuda:0',
       dtype=torch.float16, grad_fn=<MmBackward>)
[2023-01-17 23:38:12,633][__main__][INFO] - parameters: Parameter containing:
tensor([[-0.9742, -1.7961,  0.0665,  1.4131, -1.3824,  1.4333, -2.0347, -1.4112,
         -1.0167, -0.4397]], requires_grad=True)
[2023-01-17 23:38:12,634][__main__][INFO] - scores: tensor([[24.1406, 25.3594, 23.5938, 22.4062, 24.4531]], device='cuda:0',
       dtype=torch.float16, grad_fn=<MmBackward>)
[2023-01-17 23:38:12,802][__main__][INFO] - parameters: Parameter containing:
tensor([[-1.0042, -1.8180,  0.0524,  1.4412, -1.3915,  1.4653, -2.0548, -1.4526,
         -1.0231, -0.4648]], requires_grad=True)
[2023-01-17 23:38:12,803][__main__][INFO] - scores: tensor([[24.1094, 25.2969, 23.6719, 22.6094, 24.5156]], device='cuda:0',
       dtype=torch.float16, grad_fn=<MmBackward>)
[2023-01-17 23:38:12,950][__main__][INFO] - parameters: Parameter containing:
tensor([[-1.0300, -1.8372,  0.0433,  1.4654, -1.4008,  1.4877, -2.0706, -1.4917,
         -1.0304, -0.5013]], requires_grad=True)
[2023-01-17 23:38:12,951][__main__][INFO] - scores: tensor([[24.1406, 25.3281, 23.6719, 22.5781, 24.4844]], device='cuda:0',
       dtype=torch.float16, grad_fn=<MmBackward>)
[2023-01-17 23:38:13,138][__main__][INFO] - parameters: Parameter containing:
tensor([[-1.0574, -1.8598,  0.0205,  1.4845, -1.4096,  1.5186, -2.0913, -1.5217,
         -1.0425, -0.5248]], requires_grad=True)
[2023-01-17 23:38:13,139][__main__][INFO] - scores: tensor([[24.0938, 25.2188, 23.6094, 22.5312, 24.3750]], device='cuda:0',
       dtype=torch.float16, grad_fn=<MmBackward>)
[2023-01-17 23:38:13,313][__main__][INFO] - parameters: Parameter containing:
tensor([[-1.0794e+00, -1.8804e+00, -1.6191e-04,  1.5009e+00, -1.4184e+00,
          1.5490e+00, -2.1113e+00, -1.5414e+00, -1.0581e+00, -5.4155e-01]],
       requires_grad=True)
[2023-01-17 23:38:13,314][__main__][INFO] - scores: tensor([[24.1094, 25.2188, 23.6406, 22.5938, 24.4844]], device='cuda:0',
       dtype=torch.float16, grad_fn=<MmBackward>)
[2023-01-17 23:38:13,494][__main__][INFO] - parameters: Parameter containing:
tensor([[-1.0811, -1.8868, -0.0272,  1.5100, -1.4160,  1.5675, -2.1199, -1.5509,
         -1.0690, -0.5627]], requires_grad=True)
[2023-01-17 23:38:13,495][__main__][INFO] - scores: tensor([[24.0781, 25.2188, 23.6406, 22.5781, 24.4375]], device='cuda:0',
       dtype=torch.float16, grad_fn=<MmBackward>)
[2023-01-17 23:38:13,677][__main__][INFO] - parameters: Parameter containing:
tensor([[-1.0833, -1.8942, -0.0606,  1.5217, -1.4132,  1.5898, -2.1281, -1.5571,
         -1.0845, -0.5813]], requires_grad=True)
[2023-01-17 23:38:13,678][__main__][INFO] - scores: tensor([[24.0938, 25.2500, 23.6562, 22.6250, 24.5000]], device='cuda:0',
       dtype=torch.float16, grad_fn=<MmBackward>)
[2023-01-17 23:38:13,862][__main__][INFO] - parameters: Parameter containing:
tensor([[-1.0915, -1.9006, -0.0666,  1.5383, -1.4122,  1.6043, -2.1320, -1.5766,
         -1.0848, -0.6121]], requires_grad=True)
[2023-01-17 23:38:13,863][__main__][INFO] - scores: tensor([[24.1406, 25.2812, 23.7031, 22.6719, 24.6094]], device='cuda:0',
       dtype=torch.float16, grad_fn=<MmBackward>)
[2023-01-17 23:38:14,035][__main__][INFO] - parameters: Parameter containing:
tensor([[-1.0926, -1.9048, -0.0793,  1.5454, -1.4119,  1.6083, -2.1361, -1.5996,
         -1.0805, -0.6395]], requires_grad=True)
[2023-01-17 23:38:14,036][__main__][INFO] - scores: tensor([[24.1250, 25.2656, 23.6562, 22.6406, 24.5625]], device='cuda:0',
       dtype=torch.float16, grad_fn=<MmBackward>)
[2023-01-17 23:38:14,215][__main__][INFO] - parameters: Parameter containing:
tensor([[-1.0818, -1.9041, -0.0792,  1.5435, -1.4136,  1.5983, -2.1381, -1.6175,
         -1.0738, -0.6669]], requires_grad=True)
[2023-01-17 23:38:14,216][__main__][INFO] - scores: tensor([[24.1094, 25.2656, 23.6719, 22.6562, 24.5938]], device='cuda:0',
       dtype=torch.float16, grad_fn=<MmBackward>)
[2023-01-17 23:38:14,376][__main__][INFO] - parameters: Parameter containing:
tensor([[-1.0750, -1.9047, -0.0614,  1.5480, -1.4223,  1.5845, -2.1406, -1.6354,
         -1.0620, -0.6994]], requires_grad=True)
[2023-01-17 23:38:14,377][__main__][INFO] - scores: tensor([[24.1094, 25.2656, 23.6719, 22.6406, 24.5156]], device='cuda:0',
       dtype=torch.float16, grad_fn=<MmBackward>)
[2023-01-17 23:38:14,570][__main__][INFO] - parameters: Parameter containing:
tensor([[-1.0677, -1.9030, -0.0464,  1.5466, -1.4268,  1.5648, -2.1383, -1.6533,
         -1.0374, -0.7237]], requires_grad=True)
[2023-01-17 23:38:14,571][__main__][INFO] - scores: tensor([[24.0625, 25.2500, 23.5938, 22.5781, 24.4375]], device='cuda:0',
       dtype=torch.float16, grad_fn=<MmBackward>)
[2023-01-17 23:38:14,744][__main__][INFO] - parameters: Parameter containing:
tensor([[-1.0534, -1.8998, -0.0388,  1.5388, -1.4310,  1.5425, -2.1370, -1.6641,
         -1.0209, -0.7391]], requires_grad=True)
[2023-01-17 23:38:14,744][__main__][INFO] - scores: tensor([[24.0625, 25.2500, 23.5938, 22.5938, 24.4688]], device='cuda:0',
       dtype=torch.float16, grad_fn=<MmBackward>)
[2023-01-17 23:38:14,921][__main__][INFO] - parameters: Parameter containing:
tensor([[-1.0436, -1.8976, -0.0260,  1.5360, -1.4369,  1.5204, -2.1356, -1.6765,
         -1.0058, -0.7626]], requires_grad=True)
[2023-01-17 23:38:14,923][__main__][INFO] - scores: tensor([[24.0469, 25.2500, 23.6250, 22.5938, 24.4219]], device='cuda:0',
       dtype=torch.float16, grad_fn=<MmBackward>)
[2023-01-17 23:38:15,074][__main__][INFO] - parameters: Parameter containing:
tensor([[-1.0410, -1.8976, -0.0041,  1.5370, -1.4452,  1.5006, -2.1346, -1.6929,
         -0.9912, -0.7970]], requires_grad=True)
[2023-01-17 23:38:15,075][__main__][INFO] - scores: tensor([[24.0469, 25.2344, 23.6094, 22.6094, 24.4531]], device='cuda:0',
       dtype=torch.float16, grad_fn=<MmBackward>)
[2023-01-17 23:38:15,286][__main__][INFO] - parameters: Parameter containing:
tensor([[-1.0463, -1.9027,  0.0104,  1.5432, -1.4551,  1.4928, -2.1390, -1.7053,
         -0.9861, -0.8220]], requires_grad=True)
[2023-01-17 23:38:15,286][__main__][INFO] - scores: tensor([[24.0625, 25.2344, 23.6250, 22.6406, 24.4688]], device='cuda:0',
       dtype=torch.float16, grad_fn=<MmBackward>)
[2023-01-17 23:38:15,471][__main__][INFO] - parameters: Parameter containing:
tensor([[-1.0560, -1.9097,  0.0257,  1.5511, -1.4656,  1.4877, -2.1436, -1.7207,
         -0.9880, -0.8461]], requires_grad=True)
[2023-01-17 23:38:15,472][__main__][INFO] - scores: tensor([[24.0000, 25.1719, 23.5938, 22.5938, 24.4688]], device='cuda:0',
       dtype=torch.float16, grad_fn=<MmBackward>)
[2023-01-17 23:38:15,659][__main__][INFO] - parameters: Parameter containing:
tensor([[-1.0561, -1.9106,  0.0308,  1.5466, -1.4656,  1.4793, -2.1428, -1.7430,
         -0.9887, -0.8681]], requires_grad=True)
[2023-01-17 23:38:15,660][__main__][INFO] - scores: tensor([[23.9375, 25.0938, 23.5000, 22.5000, 24.3750]], device='cuda:0',
       dtype=torch.float16, grad_fn=<MmBackward>)
[2023-01-17 23:38:15,838][__main__][INFO] - parameters: Parameter containing:
tensor([[-1.0571, -1.9121,  0.0538,  1.5436, -1.4676,  1.4693, -2.1395, -1.7518,
         -0.9993, -0.8949]], requires_grad=True)
[2023-01-17 23:38:15,840][__main__][INFO] - scores: tensor([[23.9531, 25.1094, 23.5156, 22.4844, 24.4062]], device='cuda:0',
       dtype=torch.float16, grad_fn=<MmBackward>)
[2023-01-17 23:38:16,063][__main__][INFO] - parameters: Parameter containing:
tensor([[-1.0565, -1.9155,  0.0860,  1.5383, -1.4760,  1.4535, -2.1368, -1.7519,
         -1.0175, -0.9235]], requires_grad=True)
[2023-01-17 23:38:16,064][__main__][INFO] - scores: tensor([[23.9219, 25.0938, 23.4688, 22.3750, 24.2656]], device='cuda:0',
       dtype=torch.float16, grad_fn=<MmBackward>)
[2023-01-17 23:38:16,249][__main__][INFO] - parameters: Parameter containing:
tensor([[-1.0561, -1.9147,  0.1232,  1.5365, -1.4790,  1.4393, -2.1296, -1.7558,
         -1.0222, -0.9472]], requires_grad=True)
[2023-01-17 23:38:16,250][__main__][INFO] - scores: tensor([[23.9219, 25.1406, 23.5000, 22.5000, 24.3750]], device='cuda:0',
       dtype=torch.float16, grad_fn=<MmBackward>)
[2023-01-17 23:38:16,431][__main__][INFO] - parameters: Parameter containing:
tensor([[-1.0556, -1.9126,  0.1478,  1.5356, -1.4748,  1.4304, -2.1179, -1.7542,
         -1.0398, -0.9721]], requires_grad=True)
[2023-01-17 23:38:16,432][__main__][INFO] - scores: tensor([[23.9219, 25.1094, 23.5000, 22.4844, 24.3438]], device='cuda:0',
       dtype=torch.float16, grad_fn=<MmBackward>)
[2023-01-17 23:38:16,609][__main__][INFO] - parameters: Parameter containing:
tensor([[-1.0645, -1.9142,  0.1693,  1.5401, -1.4706,  1.4310, -2.1085, -1.7561,
         -1.0549, -0.9951]], requires_grad=True)
[2023-01-17 23:38:16,611][__main__][INFO] - scores: tensor([[23.9062, 25.1094, 23.4688, 22.4062, 24.2656]], device='cuda:0',
       dtype=torch.float16, grad_fn=<MmBackward>)
[2023-01-17 23:38:16,807][__main__][INFO] - parameters: Parameter containing:
tensor([[-1.0719, -1.9152,  0.1826,  1.5444, -1.4679,  1.4281, -2.0984, -1.7567,
         -1.0557, -1.0080]], requires_grad=True)
[2023-01-17 23:38:16,809][__main__][INFO] - scores: tensor([[23.9062, 25.0938, 23.4062, 22.3750, 24.2344]], device='cuda:0',
       dtype=torch.float16, grad_fn=<MmBackward>)
[2023-01-17 23:38:16,975][__main__][INFO] - parameters: Parameter containing:
tensor([[-1.0838, -1.9160,  0.1994,  1.5544, -1.4631,  1.4337, -2.0898, -1.7666,
         -1.0595, -1.0258]], requires_grad=True)
[2023-01-17 23:38:16,976][__main__][INFO] - scores: tensor([[23.9219, 25.1562, 23.4062, 22.3438, 24.2344]], device='cuda:0',
       dtype=torch.float16, grad_fn=<MmBackward>)
[2023-01-17 23:38:17,140][__main__][INFO] - parameters: Parameter containing:
tensor([[-1.0869, -1.9149,  0.2088,  1.5497, -1.4562,  1.4277, -2.0762, -1.7680,
         -1.0589, -1.0406]], requires_grad=True)
[2023-01-17 23:38:17,141][__main__][INFO] - scores: tensor([[23.9531, 25.1719, 23.5000, 22.4219, 24.2656]], device='cuda:0',
       dtype=torch.float16, grad_fn=<MmBackward>)
[2023-01-17 23:38:17,307][__main__][INFO] - parameters: Parameter containing:
tensor([[-1.0900, -1.9138,  0.2186,  1.5383, -1.4495,  1.4127, -2.0604, -1.7748,
         -1.0619, -1.0653]], requires_grad=True)
[2023-01-17 23:38:17,308][__main__][INFO] - scores: tensor([[23.9219, 25.2031, 23.5000, 22.3906, 24.2344]], device='cuda:0',
       dtype=torch.float16, grad_fn=<MmBackward>)
[2023-01-17 23:38:17,494][__main__][INFO] - parameters: Parameter containing:
tensor([[-1.0936, -1.9149,  0.2172,  1.5178, -1.4411,  1.3952, -2.0463, -1.7848,
         -1.0691, -1.0935]], requires_grad=True)
[2023-01-17 23:38:17,496][__main__][INFO] - scores: tensor([[23.8750, 25.1719, 23.4531, 22.3281, 24.1250]], device='cuda:0',
       dtype=torch.float16, grad_fn=<MmBackward>)
[2023-01-17 23:38:17,696][__main__][INFO] - parameters: Parameter containing:
tensor([[-1.0901, -1.9101,  0.2087,  1.5052, -1.4286,  1.3841, -2.0324, -1.7987,
         -1.0723, -1.1142]], requires_grad=True)
[2023-01-17 23:38:17,697][__main__][INFO] - scores: tensor([[23.9062, 25.2031, 23.4375, 22.3281, 24.0938]], device='cuda:0',
       dtype=torch.float16, grad_fn=<MmBackward>)
[2023-01-17 23:38:17,888][__main__][INFO] - parameters: Parameter containing:
tensor([[-1.0837, -1.9091,  0.1989,  1.4887, -1.4240,  1.3697, -2.0275, -1.8017,
         -1.0739, -1.1233]], requires_grad=True)
[2023-01-17 23:38:17,889][__main__][INFO] - scores: tensor([[23.8906, 25.1875, 23.4688, 22.4062, 24.1562]], device='cuda:0',
       dtype=torch.float16, grad_fn=<MmBackward>)
[2023-01-17 23:38:18,061][__main__][INFO] - parameters: Parameter containing:
tensor([[-1.0779, -1.9037,  0.1991,  1.4728, -1.4163,  1.3499, -2.0182, -1.8076,
         -1.0547, -1.1310]], requires_grad=True)
[2023-01-17 23:38:18,062][__main__][INFO] - scores: tensor([[23.9062, 25.1875, 23.4531, 22.4062, 24.1562]], device='cuda:0',
       dtype=torch.float16, grad_fn=<MmBackward>)
[2023-01-17 23:38:18,228][__main__][INFO] - parameters: Parameter containing:
tensor([[-1.0735, -1.9023,  0.2008,  1.4577, -1.4128,  1.3340, -2.0134, -1.8061,
         -1.0546, -1.1429]], requires_grad=True)
[2023-01-17 23:38:18,229][__main__][INFO] - scores: tensor([[23.8906, 25.1406, 23.4531, 22.4062, 24.2656]], device='cuda:0',
       dtype=torch.float16, grad_fn=<MmBackward>)
[2023-01-17 23:38:18,388][__main__][INFO] - parameters: Parameter containing:
tensor([[-1.0765, -1.9109,  0.2036,  1.4487, -1.4211,  1.3260, -2.0186, -1.7954,
         -1.0744, -1.1502]], requires_grad=True)
[2023-01-17 23:38:18,389][__main__][INFO] - scores: tensor([[23.9062, 25.1406, 23.4844, 22.4062, 24.2656]], device='cuda:0',
       dtype=torch.float16, grad_fn=<MmBackward>)
[2023-01-17 23:38:18,556][__main__][INFO] - parameters: Parameter containing:
tensor([[-1.0785, -1.9200,  0.2113,  1.4432, -1.4317,  1.3194, -2.0259, -1.7795,
         -1.1002, -1.1543]], requires_grad=True)
[2023-01-17 23:38:18,557][__main__][INFO] - scores: tensor([[23.9062, 25.1562, 23.4531, 22.3750, 24.2344]], device='cuda:0',
       dtype=torch.float16, grad_fn=<MmBackward>)
[2023-01-17 23:38:18,732][__main__][INFO] - parameters: Parameter containing:
tensor([[-1.0790, -1.9292,  0.2274,  1.4302, -1.4438,  1.3017, -2.0306, -1.7670,
         -1.1215, -1.1651]], requires_grad=True)
[2023-01-17 23:38:18,733][__main__][INFO] - scores: tensor([[23.8906, 25.2031, 23.4844, 22.4531, 24.2031]], device='cuda:0',
       dtype=torch.float16, grad_fn=<MmBackward>)
[2023-01-17 23:38:18,932][__main__][INFO] - parameters: Parameter containing:
tensor([[-1.0742, -1.9335,  0.2529,  1.4179, -1.4559,  1.2757, -2.0306, -1.7583,
         -1.1278, -1.1794]], requires_grad=True)
[2023-01-17 23:38:18,932][__main__][INFO] - scores: tensor([[23.8906, 25.1406, 23.4062, 22.3125, 24.1406]], device='cuda:0',
       dtype=torch.float16, grad_fn=<MmBackward>)
[2023-01-17 23:38:19,102][__main__][INFO] - parameters: Parameter containing:
tensor([[-1.0571, -1.9331,  0.2640,  1.4004, -1.4641,  1.2522, -2.0341, -1.7424,
         -1.1338, -1.1758]], requires_grad=True)
[2023-01-17 23:38:19,104][__main__][INFO] - scores: tensor([[23.8594, 25.1094, 23.3750, 22.3125, 24.1406]], device='cuda:0',
       dtype=torch.float16, grad_fn=<MmBackward>)
[2023-01-17 23:38:19,284][__main__][INFO] - parameters: Parameter containing:
tensor([[-1.0445, -1.9368,  0.2751,  1.3859, -1.4758,  1.2367, -2.0421, -1.7292,
         -1.1456, -1.1647]], requires_grad=True)
[2023-01-17 23:38:19,285][__main__][INFO] - scores: tensor([[23.8750, 25.1406, 23.3750, 22.2656, 24.1250]], device='cuda:0',
       dtype=torch.float16, grad_fn=<MmBackward>)
[2023-01-17 23:38:19,450][__main__][INFO] - parameters: Parameter containing:
tensor([[-1.0364, -1.9451,  0.2689,  1.3743, -1.4893,  1.2326, -2.0543, -1.7146,
         -1.1662, -1.1453]], requires_grad=True)
[2023-01-17 23:38:19,450][__main__][INFO] - scores: tensor([[23.8438, 25.1250, 23.3750, 22.2656, 24.1250]], device='cuda:0',
       dtype=torch.float16, grad_fn=<MmBackward>)
[2023-01-17 23:38:19,620][__main__][INFO] - parameters: Parameter containing:
tensor([[-1.0387, -1.9594,  0.2533,  1.3733, -1.5051,  1.2444, -2.0718, -1.7043,
         -1.2049, -1.1294]], requires_grad=True)
[2023-01-17 23:38:19,622][__main__][INFO] - scores: tensor([[23.8906, 25.1406, 23.4219, 22.3594, 24.2969]], device='cuda:0',
       dtype=torch.float16, grad_fn=<MmBackward>)
[2023-01-17 23:38:19,798][__main__][INFO] - parameters: Parameter containing:
tensor([[-1.0457, -1.9762,  0.2332,  1.3791, -1.5209,  1.2644, -2.0929, -1.6909,
         -1.2510, -1.1108]], requires_grad=True)
[2023-01-17 23:38:19,798][__main__][INFO] - scores: tensor([[23.9062, 25.1406, 23.4531, 22.3594, 24.1094]], device='cuda:0',
       dtype=torch.float16, grad_fn=<MmBackward>)
[2023-01-17 23:38:19,963][__main__][INFO] - parameters: Parameter containing:
tensor([[-1.0438, -1.9881,  0.2051,  1.3774, -1.5338,  1.2690, -2.1088, -1.6845,
         -1.2814, -1.0993]], requires_grad=True)
[2023-01-17 23:38:19,964][__main__][INFO] - scores: tensor([[23.9219, 25.1875, 23.5312, 22.3594, 24.1406]], device='cuda:0',
       dtype=torch.float16, grad_fn=<MmBackward>)
[2023-01-17 23:38:20,132][__main__][INFO] - parameters: Parameter containing:
tensor([[-1.0415, -2.0019,  0.1652,  1.3726, -1.5469,  1.2768, -2.1302, -1.6895,
         -1.3132, -1.0916]], requires_grad=True)
[2023-01-17 23:38:20,133][__main__][INFO] - scores: tensor([[23.9375, 25.2031, 23.5469, 22.3281, 24.1406]], device='cuda:0',
       dtype=torch.float16, grad_fn=<MmBackward>)
[2023-01-17 23:38:20,339][__main__][INFO] - parameters: Parameter containing:
tensor([[-1.0345, -2.0133,  0.1152,  1.3646, -1.5568,  1.2867, -2.1493, -1.6867,
         -1.3451, -1.0677]], requires_grad=True)
[2023-01-17 23:38:20,340][__main__][INFO] - scores: tensor([[23.9531, 25.1562, 23.5312, 22.3438, 24.1562]], device='cuda:0',
       dtype=torch.float16, grad_fn=<MmBackward>)
[2023-01-17 23:38:20,505][__main__][INFO] - parameters: Parameter containing:
tensor([[-1.0299, -2.0235,  0.0676,  1.3631, -1.5667,  1.2968, -2.1666, -1.6903,
         -1.3760, -1.0514]], requires_grad=True)
[2023-01-17 23:38:20,506][__main__][INFO] - scores: tensor([[23.9375, 25.1094, 23.5000, 22.3438, 24.2031]], device='cuda:0',
       dtype=torch.float16, grad_fn=<MmBackward>)
[2023-01-17 23:38:20,674][__main__][INFO] - parameters: Parameter containing:
tensor([[-1.0260, -2.0298,  0.0252,  1.3601, -1.5724,  1.2995, -2.1772, -1.7059,
         -1.4042, -1.0519]], requires_grad=True)
[2023-01-17 23:38:20,676][__main__][INFO] - scores: tensor([[23.9219, 25.1094, 23.4688, 22.2812, 24.1406]], device='cuda:0',
       dtype=torch.float16, grad_fn=<MmBackward>)
[2023-01-17 23:38:20,859][__main__][INFO] - parameters: Parameter containing:
tensor([[-1.0213, -2.0329, -0.0224,  1.3562, -1.5726,  1.2993, -2.1829, -1.7312,
         -1.4277, -1.0603]], requires_grad=True)
[2023-01-17 23:38:20,860][__main__][INFO] - scores: tensor([[23.9375, 25.1250, 23.5000, 22.3750, 24.2344]], device='cuda:0',
       dtype=torch.float16, grad_fn=<MmBackward>)
[2023-01-17 23:38:21,047][__main__][INFO] - parameters: Parameter containing:
tensor([[-1.0234, -2.0337, -0.0578,  1.3603, -1.5663,  1.3049, -2.1825, -1.7585,
         -1.4459, -1.0672]], requires_grad=True)
[2023-01-17 23:38:21,048][__main__][INFO] - scores: tensor([[23.9375, 25.1562, 23.5312, 22.5000, 24.3594]], device='cuda:0',
       dtype=torch.float16, grad_fn=<MmBackward>)
[2023-01-17 23:38:21,229][__main__][INFO] - parameters: Parameter containing:
tensor([[-1.0207, -2.0339, -0.0997,  1.3579, -1.5624,  1.2993, -2.1816, -1.7906,
         -1.4618, -1.0740]], requires_grad=True)
[2023-01-17 23:38:21,230][__main__][INFO] - scores: tensor([[23.9219, 25.1406, 23.5469, 22.5312, 24.3438]], device='cuda:0',
       dtype=torch.float16, grad_fn=<MmBackward>)
[2023-01-17 23:38:21,392][__main__][INFO] - parameters: Parameter containing:
tensor([[-1.0219, -2.0369, -0.1272,  1.3635, -1.5649,  1.2996, -2.1859, -1.8075,
         -1.4748, -1.0690]], requires_grad=True)
[2023-01-17 23:38:21,393][__main__][INFO] - scores: tensor([[23.9844, 25.1562, 23.5781, 22.5469, 24.3281]], device='cuda:0',
       dtype=torch.float16, grad_fn=<MmBackward>)
[2023-01-17 23:38:21,591][__main__][INFO] - parameters: Parameter containing:
tensor([[-1.0299, -2.0425, -0.1409,  1.3742, -1.5691,  1.3040, -2.1939, -1.8259,
         -1.4871, -1.0720]], requires_grad=True)
[2023-01-17 23:38:21,592][__main__][INFO] - scores: tensor([[24.0156, 25.1562, 23.5938, 22.5781, 24.3750]], device='cuda:0',
       dtype=torch.float16, grad_fn=<MmBackward>)
[2023-01-17 23:38:21,747][__main__][INFO] - parameters: Parameter containing:
tensor([[-1.0382, -2.0494, -0.1470,  1.3876, -1.5748,  1.3117, -2.2035, -1.8413,
         -1.5118, -1.0838]], requires_grad=True)
[2023-01-17 23:38:21,747][__main__][INFO] - scores: tensor([[23.9688, 25.1094, 23.5781, 22.5469, 24.3594]], device='cuda:0',
       dtype=torch.float16, grad_fn=<MmBackward>)
[2023-01-17 23:38:21,931][__main__][INFO] - parameters: Parameter containing:
tensor([[-1.0742, -2.0774, -0.0936,  1.4279, -1.6078,  1.3370, -2.2255, -1.8009,
         -1.5614, -1.0906]], requires_grad=True)
[2023-01-17 23:38:21,932][__main__][INFO] - scores: tensor([[23.9219, 25.0938, 23.5469, 22.5469, 24.3281]], device='cuda:0',
       dtype=torch.float16, grad_fn=<MmBackward>)
[2023-01-17 23:38:22,094][__main__][INFO] - parameters: Parameter containing:
tensor([[-1.1074, -2.1044, -0.0400,  1.4626, -1.6401,  1.3574, -2.2471, -1.7588,
         -1.6080, -1.0970]], requires_grad=True)
[2023-01-17 23:38:22,095][__main__][INFO] - scores: tensor([[23.9219, 25.1250, 23.4375, 22.2344, 24.0781]], device='cuda:0',
       dtype=torch.float16, grad_fn=<MmBackward>)
[2023-01-17 23:38:22,265][__main__][INFO] - parameters: Parameter containing:
tensor([[-1.1411, -2.1307,  0.0046,  1.4951, -1.6699,  1.3773, -2.2674, -1.7222,
         -1.6526, -1.1074]], requires_grad=True)
[2023-01-17 23:38:22,266][__main__][INFO] - scores: tensor([[23.9844, 25.1094, 23.4062, 21.9844, 23.8750]], device='cuda:0',
       dtype=torch.float16, grad_fn=<MmBackward>)
[2023-01-17 23:38:22,459][__main__][INFO] - parameters: Parameter containing:
tensor([[-1.1790, -2.1512,  0.0453,  1.5308, -1.6885,  1.3963, -2.2767, -1.6986,
         -1.6786, -1.1270]], requires_grad=True)
[2023-01-17 23:38:22,460][__main__][INFO] - scores: tensor([[24.0000, 25.2188, 23.4531, 22.2031, 24.1562]], device='cuda:0',
       dtype=torch.float16, grad_fn=<MmBackward>)
[2023-01-17 23:38:22,641][__main__][INFO] - parameters: Parameter containing:
tensor([[-1.2310, -2.1741,  0.0995,  1.5851, -1.7087,  1.4290, -2.2852, -1.6791,
         -1.7131, -1.1505]], requires_grad=True)
[2023-01-17 23:38:22,641][__main__][INFO] - scores: tensor([[23.9844, 25.3125, 23.5312, 22.2500, 24.1719]], device='cuda:0',
       dtype=torch.float16, grad_fn=<MmBackward>)
[2023-01-17 23:38:22,805][__main__][INFO] - parameters: Parameter containing:
tensor([[-1.2904, -2.1963,  0.1624,  1.6365, -1.7246,  1.4547, -2.2872, -1.6777,
         -1.7344, -1.1889]], requires_grad=True)
[2023-01-17 23:38:22,805][__main__][INFO] - scores: tensor([[23.9375, 25.1562, 23.5156, 22.4531, 24.2969]], device='cuda:0',
       dtype=torch.float16, grad_fn=<MmBackward>)
[2023-01-17 23:38:22,973][__main__][INFO] - parameters: Parameter containing:
tensor([[-1.3408, -2.2174,  0.2230,  1.6727, -1.7412,  1.4720, -2.2927, -1.6791,
         -1.7555, -1.2291]], requires_grad=True)
[2023-01-17 23:38:22,974][__main__][INFO] - scores: tensor([[23.9062, 25.2344, 23.5625, 22.4531, 24.3281]], device='cuda:0',
       dtype=torch.float16, grad_fn=<MmBackward>)
[2023-01-17 23:38:23,146][__main__][INFO] - parameters: Parameter containing:
tensor([[-1.3898, -2.2401,  0.2800,  1.7053, -1.7587,  1.4900, -2.3021, -1.6807,
         -1.7681, -1.2645]], requires_grad=True)
[2023-01-17 23:38:23,147][__main__][INFO] - scores: tensor([[23.8281, 25.0625, 23.3906, 22.2188, 24.1875]], device='cuda:0',
       dtype=torch.float16, grad_fn=<MmBackward>)
[2023-01-17 23:38:23,322][__main__][INFO] - parameters: Parameter containing:
tensor([[-1.4403, -2.2642,  0.3389,  1.7361, -1.7815,  1.5045, -2.3150, -1.6846,
         -1.7733, -1.2905]], requires_grad=True)
[2023-01-17 23:38:23,323][__main__][INFO] - scores: tensor([[23.7812, 25.0312, 23.4219, 22.1406, 24.0156]], device='cuda:0',
       dtype=torch.float16, grad_fn=<MmBackward>)
[2023-01-17 23:38:23,490][__main__][INFO] - parameters: Parameter containing:
tensor([[-1.4733, -2.2833,  0.3864,  1.7511, -1.7979,  1.5166, -2.3304, -1.6843,
         -1.7807, -1.2976]], requires_grad=True)
[2023-01-17 23:38:23,494][__main__][INFO] - scores: tensor([[23.7031, 24.9688, 23.3594, 21.9219, 23.7812]], device='cuda:0',
       dtype=torch.float16, grad_fn=<MmBackward>)
[2023-01-17 23:38:23,669][__main__][INFO] - parameters: Parameter containing:
tensor([[-1.4979, -2.3039,  0.4570,  1.7622, -1.8312,  1.5112, -2.3469, -1.6674,
         -1.8017, -1.3188]], requires_grad=True)
[2023-01-17 23:38:23,670][__main__][INFO] - scores: tensor([[23.7812, 24.8750, 23.1406, 21.5469, 23.5156]], device='cuda:0',
       dtype=torch.float16, grad_fn=<MmBackward>)
[2023-01-17 23:38:23,832][__main__][INFO] - parameters: Parameter containing:
tensor([[-1.5114, -2.3150,  0.5321,  1.7790, -1.8600,  1.5056, -2.3611, -1.6529,
         -1.8079, -1.3256]], requires_grad=True)
[2023-01-17 23:38:23,833][__main__][INFO] - scores: tensor([[23.8125, 25.0469, 23.2969, 21.7031, 23.5469]], device='cuda:0',
       dtype=torch.float16, grad_fn=<MmBackward>)
[2023-01-17 23:38:24,001][__main__][INFO] - parameters: Parameter containing:
tensor([[-1.5327, -2.3312,  0.5844,  1.7922, -1.8881,  1.5051, -2.3747, -1.6267,
         -1.7929, -1.3107]], requires_grad=True)
[2023-01-17 23:38:24,002][__main__][INFO] - scores: tensor([[23.7656, 25.0781, 23.2812, 21.6875, 23.6250]], device='cuda:0',
       dtype=torch.float16, grad_fn=<MmBackward>)
[2023-01-17 23:38:24,171][__main__][INFO] - parameters: Parameter containing:
tensor([[-1.5408, -2.3429,  0.6127,  1.7981, -1.9040,  1.5168, -2.3917, -1.5937,
         -1.7944, -1.2817]], requires_grad=True)
[2023-01-17 23:38:24,172][__main__][INFO] - scores: tensor([[23.8281, 25.0938, 23.3594, 21.9219, 23.9219]], device='cuda:0',
       dtype=torch.float16, grad_fn=<MmBackward>)
[2023-01-17 23:38:24,335][__main__][INFO] - parameters: Parameter containing:
tensor([[-1.5448, -2.3614,  0.6305,  1.7841, -1.9275,  1.5197, -2.4161, -1.5547,
         -1.7981, -1.2496]], requires_grad=True)
[2023-01-17 23:38:24,336][__main__][INFO] - scores: tensor([[23.9219, 25.2031, 23.6406, 22.3125, 24.2969]], device='cuda:0',
       dtype=torch.float16, grad_fn=<MmBackward>)
[2023-01-17 23:38:24,494][__main__][INFO] - parameters: Parameter containing:
tensor([[-1.5540, -2.3812,  0.6577,  1.7698, -1.9516,  1.5200, -2.4383, -1.5231,
         -1.8023, -1.2278]], requires_grad=True)
[2023-01-17 23:38:24,495][__main__][INFO] - scores: tensor([[23.9844, 25.2344, 23.7031, 22.4375, 24.3906]], device='cuda:0',
       dtype=torch.float16, grad_fn=<MmBackward>)
[2023-01-17 23:38:24,688][__main__][INFO] - parameters: Parameter containing:
tensor([[-1.5711, -2.3984,  0.6730,  1.7723, -1.9662,  1.5367, -2.4570, -1.5006,
         -1.8113, -1.1997]], requires_grad=True)
[2023-01-17 23:38:24,689][__main__][INFO] - scores: tensor([[23.9375, 25.2188, 23.7031, 22.5156, 24.4375]], device='cuda:0',
       dtype=torch.float16, grad_fn=<MmBackward>)
[2023-01-17 23:38:24,887][__main__][INFO] - parameters: Parameter containing:
tensor([[-1.5835, -2.4124,  0.6877,  1.7804, -1.9807,  1.5572, -2.4725, -1.4741,
         -1.8259, -1.1692]], requires_grad=True)
[2023-01-17 23:38:24,888][__main__][INFO] - scores: tensor([[23.8281, 25.1406, 23.6094, 22.4844, 24.5312]], device='cuda:0',
       dtype=torch.float16, grad_fn=<MmBackward>)
[2023-01-17 23:38:25,080][__main__][INFO] - parameters: Parameter containing:
tensor([[-1.5934, -2.4279,  0.6937,  1.7855, -1.9953,  1.5822, -2.4947, -1.4450,
         -1.8428, -1.1340]], requires_grad=True)
[2023-01-17 23:38:25,081][__main__][INFO] - scores: tensor([[23.7812, 25.0625, 23.6406, 22.7344, 24.8125]], device='cuda:0',
       dtype=torch.float16, grad_fn=<MmBackward>)
[2023-01-17 23:38:25,274][__main__][INFO] - parameters: Parameter containing:
tensor([[-1.6073, -2.4395,  0.6935,  1.8043, -1.9997,  1.6283, -2.5172, -1.4199,
         -1.8704, -1.1107]], requires_grad=True)
[2023-01-17 23:38:25,276][__main__][INFO] - scores: tensor([[23.8281, 25.0781, 23.6406, 22.7188, 24.9219]], device='cuda:0',
       dtype=torch.float16, grad_fn=<MmBackward>)
[2023-01-17 23:38:25,467][__main__][INFO] - parameters: Parameter containing:
tensor([[-1.6166, -2.4491,  0.6816,  1.8141, -2.0004,  1.6670, -2.5334, -1.4000,
         -1.8902, -1.0866]], requires_grad=True)
[2023-01-17 23:38:25,468][__main__][INFO] - scores: tensor([[23.8281, 25.0312, 23.6250, 22.7344, 24.9375]], device='cuda:0',
       dtype=torch.float16, grad_fn=<MmBackward>)
[2023-01-17 23:38:25,639][__main__][INFO] - parameters: Parameter containing:
tensor([[-1.6222, -2.4568,  0.6721,  1.8255, -2.0024,  1.7035, -2.5472, -1.3794,
         -1.9159, -1.0677]], requires_grad=True)
[2023-01-17 23:38:25,640][__main__][INFO] - scores: tensor([[23.8438, 25.0781, 23.6562, 22.7812, 25.1562]], device='cuda:0',
       dtype=torch.float16, grad_fn=<MmBackward>)
[2023-01-17 23:38:25,805][__main__][INFO] - parameters: Parameter containing:
tensor([[-1.6287, -2.4632,  0.6739,  1.8430, -2.0071,  1.7378, -2.5600, -1.3641,
         -1.9450, -1.0608]], requires_grad=True)
[2023-01-17 23:38:25,807][__main__][INFO] - scores: tensor([[23.8281, 25.0625, 23.5938, 22.7031, 24.8594]], device='cuda:0',
       dtype=torch.float16, grad_fn=<MmBackward>)
[2023-01-17 23:38:25,995][__main__][INFO] - parameters: Parameter containing:
tensor([[-1.6339, -2.4595,  0.6795,  1.8652, -1.9980,  1.7624, -2.5624, -1.3865,
         -1.9586, -1.0851]], requires_grad=True)
[2023-01-17 23:38:25,996][__main__][INFO] - scores: tensor([[23.7188, 24.9375, 23.4375, 22.5156, 24.8281]], device='cuda:0',
       dtype=torch.float16, grad_fn=<MmBackward>)
[2023-01-17 23:38:26,160][__main__][INFO] - parameters: Parameter containing:
tensor([[-1.6394, -2.4575,  0.6843,  1.8830, -1.9930,  1.7842, -2.5674, -1.4012,
         -1.9688, -1.0932]], requires_grad=True)
[2023-01-17 23:38:26,162][__main__][INFO] - scores: tensor([[23.7031, 24.8906, 23.4062, 22.4062, 24.7188]], device='cuda:0',
       dtype=torch.float16, grad_fn=<MmBackward>)
[2023-01-17 23:38:26,323][__main__][INFO] - parameters: Parameter containing:
tensor([[-1.6501, -2.4618,  0.6961,  1.8974, -1.9962,  1.8073, -2.5806, -1.4167,
         -1.9944, -1.1064]], requires_grad=True)
[2023-01-17 23:38:26,323][__main__][INFO] - scores: tensor([[23.7031, 24.9219, 23.4219, 22.4531, 24.7812]], device='cuda:0',
       dtype=torch.float16, grad_fn=<MmBackward>)
