[2023-01-03 15:31:18,738][__main__][INFO] - Optimizing for thin...
[2023-01-03 15:31:18,747][__main__][INFO] - Phase: regular
[2023-01-03 15:31:48,526][__main__][INFO] - Phase: inverse
[2023-01-03 15:32:15,391][__main__][INFO] - Optimizing for big forhead...
[2023-01-03 15:32:15,394][__main__][INFO] - Phase: regular
[2023-01-03 15:32:41,719][__main__][INFO] - Phase: inverse
[2023-01-03 15:33:07,881][__main__][INFO] - Optimizing for big eyes...
[2023-01-03 15:33:07,886][__main__][INFO] - Phase: regular
[2023-01-03 15:33:34,726][__main__][INFO] - Phase: inverse
[2023-01-03 15:34:01,908][__main__][INFO] - Optimizing for big nose...
[2023-01-03 15:34:01,911][__main__][INFO] - Phase: regular
[2023-01-03 15:34:29,212][__main__][INFO] - Phase: inverse
[2023-01-03 15:34:55,160][__main__][INFO] - Optimizing for big mouth...
[2023-01-03 15:34:55,164][__main__][INFO] - Phase: regular
[2023-01-03 15:35:20,184][__main__][INFO] - Phase: inverse
[2023-01-03 15:35:45,519][__main__][INFO] - Optimizing for ears sticking-out...
[2023-01-03 15:35:45,524][__main__][INFO] - Phase: regular
[2023-01-03 15:36:12,862][__main__][INFO] - Phase: inverse
[2023-01-03 15:36:40,895][__main__][INFO] - Optimizing for big eyebrows...
[2023-01-03 15:36:40,899][__main__][INFO] - Phase: regular
[2023-01-03 15:37:11,209][__main__][INFO] - Phase: inverse
[2023-01-03 15:37:41,455][__main__][INFO] - Optimizing for thin lips...
[2023-01-03 15:37:41,458][__main__][INFO] - Phase: regular
[2023-01-03 15:38:08,826][__main__][INFO] - Phase: inverse
[2023-01-03 15:38:36,290][__main__][INFO] - Optimizing for small chin...
[2023-01-03 15:38:36,291][__main__][INFO] - Phase: regular
[2023-01-03 15:39:03,673][__main__][INFO] - Phase: inverse
[2023-01-03 15:39:30,586][__main__][INFO] - Optimizing for long neck...
[2023-01-03 15:39:30,587][__main__][INFO] - Phase: regular
[2023-01-03 15:39:57,283][__main__][INFO] - Phase: inverse
[2023-01-03 15:40:23,724][__main__][INFO] - Optimizing for fat...
[2023-01-03 15:40:23,725][__main__][INFO] - Phase: regular
[2023-01-03 15:40:50,055][__main__][INFO] - Phase: inverse
[2023-01-03 15:41:16,626][__main__][INFO] - Optimizing for chubby cheeks...
[2023-01-03 15:41:16,626][__main__][INFO] - Phase: regular
[2023-01-03 15:41:43,013][__main__][INFO] - Phase: inverse
[2023-01-03 15:42:09,386][__main__][INFO] - Optimizing for long head...
[2023-01-03 15:42:09,387][__main__][INFO] - Phase: regular
[2023-01-03 15:42:35,706][__main__][INFO] - Phase: inverse
