[2023-02-07 18:16:16,604][choosing_descriptors][INFO] - There are total of 24 descriptors
[2023-02-07 18:16:16,605][choosing_descriptors][INFO] - Keeping ['muscular']
[2023-02-07 18:16:16,606][choosing_descriptors][INFO] - Working on cluster 0
[2023-02-07 18:16:16,606][choosing_descriptors][INFO] - 0 most variance descriptor - long legs
[2023-02-07 18:16:16,607][choosing_descriptors][INFO] - long legs is correlated with muscular with corr 0.642975867496906
[2023-02-07 18:16:16,607][choosing_descriptors][INFO] - 1 most variance descriptor - pear shaped
[2023-02-07 18:16:16,608][choosing_descriptors][INFO] - Adding pear shaped to chosen descriptors
[2023-02-07 18:16:16,608][choosing_descriptors][INFO] - 2 most variance descriptor - petite
[2023-02-07 18:16:16,609][choosing_descriptors][INFO] - petite is correlated with muscular with corr 0.7297219623197917
[2023-02-07 18:16:16,609][choosing_descriptors][INFO] - 3 most variance descriptor - curvy
[2023-02-07 18:16:16,610][choosing_descriptors][INFO] - curvy is correlated with pear shaped with corr 0.6799476877182825
[2023-02-07 18:16:16,610][choosing_descriptors][INFO] - 4 most variance descriptor - long torso
[2023-02-07 18:16:16,611][choosing_descriptors][INFO] - long torso is correlated with pear shaped with corr -0.6819709577289425
[2023-02-07 18:16:16,611][choosing_descriptors][INFO] - 5 most variance descriptor - stocky
[2023-02-07 18:16:16,612][choosing_descriptors][INFO] - stocky is correlated with pear shaped with corr 0.7894961559471285
[2023-02-07 18:16:16,612][choosing_descriptors][INFO] - 6 most variance descriptor - skinny
[2023-02-07 18:16:16,613][choosing_descriptors][INFO] - skinny is correlated with muscular with corr 0.6893712482391238
[2023-02-07 18:16:16,613][choosing_descriptors][INFO] - 7 most variance descriptor - short
[2023-02-07 18:16:16,614][choosing_descriptors][INFO] - short is correlated with muscular with corr 0.7677433060792132
[2023-02-07 18:16:16,614][choosing_descriptors][INFO] - 8 most variance descriptor - short legs
[2023-02-07 18:16:16,615][choosing_descriptors][INFO] - short legs is correlated with muscular with corr 0.6414495578890684
[2023-02-07 18:16:16,615][choosing_descriptors][INFO] - 9 most variance descriptor - short torso
[2023-02-07 18:16:16,616][choosing_descriptors][INFO] - Adding short torso to chosen descriptors
[2023-02-07 18:16:16,616][choosing_descriptors][INFO] - 10 most variance descriptor - small
[2023-02-07 18:16:16,618][choosing_descriptors][INFO] - Adding small to chosen descriptors
[2023-02-07 18:16:16,618][choosing_descriptors][INFO] - 11 most variance descriptor - round apple
[2023-02-07 18:16:16,619][choosing_descriptors][INFO] - round apple is correlated with pear shaped with corr 0.6250244715400836
[2023-02-07 18:16:16,619][choosing_descriptors][INFO] - 12 most variance descriptor - lean
[2023-02-07 18:16:16,621][choosing_descriptors][INFO] - Adding lean to chosen descriptors
[2023-02-07 18:16:16,621][choosing_descriptors][INFO] - muscular already chosen
[2023-02-07 18:16:16,621][choosing_descriptors][INFO] - 14 most variance descriptor - fit
[2023-02-07 18:16:16,622][choosing_descriptors][INFO] - fit is correlated with muscular with corr 0.8105060151511482
[2023-02-07 18:16:16,622][choosing_descriptors][INFO] - 15 most variance descriptor - sturdy
[2023-02-07 18:16:16,624][choosing_descriptors][INFO] - sturdy is correlated with small with corr 0.7356736938585312
[2023-02-07 18:16:16,625][choosing_descriptors][INFO] - 16 most variance descriptor - proportioned
[2023-02-07 18:16:16,628][choosing_descriptors][INFO] - Adding proportioned to chosen descriptors
[2023-02-07 18:16:16,628][choosing_descriptors][INFO] - currently chosen descriptors: {'muscular': {'variance': 0.0791416796050072}, 'pear shaped': {'variance': 0.4108082303204801}, 'short torso': {'variance': 0.10776676510985433}, 'small': {'variance': 0.10449822789779754}, 'lean': {'variance': 0.08041552088543405}, 'proportioned': {'variance': 0.04597921431709876}}
[2023-02-07 18:16:16,628][choosing_descriptors][INFO] - Finished cluster 0
[2023-02-07 18:16:16,628][choosing_descriptors][INFO] - Working on cluster 1
[2023-02-07 18:16:16,629][choosing_descriptors][INFO] - 0 most variance descriptor - fat
[2023-02-07 18:16:16,629][choosing_descriptors][INFO] - Adding fat to chosen descriptors
[2023-02-07 18:16:16,629][choosing_descriptors][INFO] - 1 most variance descriptor - big
[2023-02-07 18:16:16,630][choosing_descriptors][INFO] - big is correlated with fat with corr 0.9582606590779499
[2023-02-07 18:16:16,630][choosing_descriptors][INFO] - 2 most variance descriptor - heavyset
[2023-02-07 18:16:16,631][choosing_descriptors][INFO] - heavyset is correlated with fat with corr 0.9268641247092131
[2023-02-07 18:16:16,631][choosing_descriptors][INFO] - 3 most variance descriptor - tall
[2023-02-07 18:16:16,631][choosing_descriptors][INFO] - tall is correlated with fat with corr -0.6042991383125212
[2023-02-07 18:16:16,632][choosing_descriptors][INFO] - 4 most variance descriptor - rectangular
[2023-02-07 18:16:16,632][choosing_descriptors][INFO] - Adding rectangular to chosen descriptors
[2023-02-07 18:16:16,632][choosing_descriptors][INFO] - 5 most variance descriptor - long
[2023-02-07 18:16:16,634][choosing_descriptors][INFO] - long is correlated with rectangular with corr 0.638950353317122
[2023-02-07 18:16:16,634][choosing_descriptors][INFO] - 6 most variance descriptor - narrow waist
[2023-02-07 18:16:16,635][choosing_descriptors][INFO] - Adding narrow waist to chosen descriptors
[2023-02-07 18:16:16,635][choosing_descriptors][INFO] - currently chosen descriptors: {'fat': {'variance': 0.589250367635566}, 'rectangular': {'variance': 0.08618068913596198}, 'narrow waist': {'variance': 0.06268055690329936}}
[2023-02-07 18:16:16,635][choosing_descriptors][INFO] - Finished cluster 1
[2023-02-07 18:16:16,635][choosing_descriptors][INFO] - There are 9 chosen descriptors in initial filter
[2023-02-07 18:16:16,636][choosing_descriptors][INFO] - chosen descriptors: [['muscular', 'pear shaped', 'short torso', 'small', 'lean', 'proportioned'], ['fat', 'rectangular', 'narrow waist']]
[2023-02-07 18:16:16,636][choosing_descriptors][INFO] - Final filter
[2023-02-07 18:16:16,637][choosing_descriptors][INFO] - Descriptor pear shaped has variance 0.4108082303204801
[2023-02-07 18:16:16,639][choosing_descriptors][INFO] - Descriptor pear shaped is correlated with fat with correlation 0.9344589467400911
[2023-02-07 18:16:16,639][choosing_descriptors][INFO] - Removing pear shaped because fat is already chosen
[2023-02-07 18:16:17,678][choosing_descriptors][INFO] - Descriptor short torso has variance 0.10776676510985433
[2023-02-07 18:16:17,679][choosing_descriptors][INFO] - Descriptor short torso is correlated with rectangular with correlation 0.7580185669687699
[2023-02-07 18:16:17,679][choosing_descriptors][INFO] - Removing rectangular because it is correlated with short torso
[2023-02-07 18:16:17,679][choosing_descriptors][INFO] - Descriptor small has variance 0.10449822789779754
[2023-02-07 18:16:17,679][choosing_descriptors][INFO] - Descriptor small is correlated with fat with correlation 0.6781772328354719
[2023-02-07 18:16:17,679][choosing_descriptors][INFO] - Removing small because fat is already chosen
[2023-02-07 18:16:17,745][choosing_descriptors][INFO] - Descriptor lean has variance 0.08041552088543405
[2023-02-07 18:16:17,758][choosing_descriptors][INFO] - Removing lean because it is an antonym of fat
[2023-02-07 18:16:17,758][choosing_descriptors][INFO] - Descriptor muscular has variance 0.0791416796050072
[2023-02-07 18:16:17,759][choosing_descriptors][INFO] - Descriptor muscular is correlated with rectangular with correlation 0.6144130720784252
[2023-02-07 18:16:17,759][choosing_descriptors][INFO] - Descriptor narrow waist has variance 0.06268055690329936
[2023-02-07 18:16:17,760][choosing_descriptors][INFO] - Descriptor proportioned has variance 0.04597921431709876
[2023-02-07 18:16:17,763][choosing_descriptors][INFO] - Descriptor lean is an antonym of fat - removing
