[2023-02-26 13:04:01,788][choosing_descriptors][INFO] - There are total of 29 descriptors
[2023-02-26 13:04:01,790][choosing_descriptors][INFO] - There are 5 descriptors with no cluster
[2023-02-26 13:04:01,790][choosing_descriptors][INFO] - Keeping []
[2023-02-26 13:04:01,791][choosing_descriptors][INFO] - Working on cluster 0
[2023-02-26 13:04:01,791][choosing_descriptors][INFO] - 0 most variance descriptor - fat
[2023-02-26 13:04:01,791][choosing_descriptors][INFO] - Adding fat to chosen descriptors
[2023-02-26 13:04:01,791][choosing_descriptors][INFO] - 1 most variance descriptor - pear shaped
[2023-02-26 13:04:01,792][choosing_descriptors][INFO] - pear shaped is correlated with fat with corr 0.9618975708619621
[2023-02-26 13:04:01,792][choosing_descriptors][INFO] - 2 most variance descriptor - curvy
[2023-02-26 13:04:01,793][choosing_descriptors][INFO] - curvy is correlated with fat with corr 0.9291621362763965
[2023-02-26 13:04:01,793][choosing_descriptors][INFO] - 3 most variance descriptor - long legs
[2023-02-26 13:04:01,793][choosing_descriptors][INFO] - long legs is correlated with fat with corr -0.8212202622845215
[2023-02-26 13:04:01,794][choosing_descriptors][INFO] - 4 most variance descriptor - big
[2023-02-26 13:04:01,794][choosing_descriptors][INFO] - big is correlated with fat with corr 0.9734950636106932
[2023-02-26 13:04:01,794][choosing_descriptors][INFO] - 5 most variance descriptor - heavyset
[2023-02-26 13:04:01,795][choosing_descriptors][INFO] - heavyset is correlated with fat with corr 0.9809601218608849
[2023-02-26 13:04:01,795][choosing_descriptors][INFO] - 6 most variance descriptor - stocky
[2023-02-26 13:04:01,796][choosing_descriptors][INFO] - stocky is correlated with fat with corr 0.8472683310511645
[2023-02-26 13:04:01,796][choosing_descriptors][INFO] - 7 most variance descriptor - round apple
[2023-02-26 13:04:01,797][choosing_descriptors][INFO] - round apple is correlated with fat with corr 0.9324013093948544
[2023-02-26 13:04:01,797][choosing_descriptors][INFO] - 8 most variance descriptor - long torso
[2023-02-26 13:04:01,798][choosing_descriptors][INFO] - long torso is correlated with fat with corr -0.6273720362641628
[2023-02-26 13:04:01,798][choosing_descriptors][INFO] - 9 most variance descriptor - short legs
[2023-02-26 13:04:01,799][choosing_descriptors][INFO] - short legs is correlated with fat with corr -0.6896971169849814
[2023-02-26 13:04:01,799][choosing_descriptors][INFO] - 10 most variance descriptor - lean
[2023-02-26 13:04:01,799][choosing_descriptors][INFO] - lean is correlated with fat with corr 0.7027551905994288
[2023-02-26 13:04:01,799][choosing_descriptors][INFO] - 11 most variance descriptor - narrow waist
[2023-02-26 13:04:01,800][choosing_descriptors][INFO] - narrow waist is correlated with fat with corr 0.6657747188457201
[2023-02-26 13:04:01,800][choosing_descriptors][INFO] - 12 most variance descriptor - sturdy
[2023-02-26 13:04:01,801][choosing_descriptors][INFO] - sturdy is correlated with fat with corr 0.8084376805661436
[2023-02-26 13:04:01,801][choosing_descriptors][INFO] - 13 most variance descriptor - muscular
[2023-02-26 13:04:01,802][choosing_descriptors][INFO] - Adding muscular to chosen descriptors
[2023-02-26 13:04:01,802][choosing_descriptors][INFO] - 14 most variance descriptor - short
[2023-02-26 13:04:01,803][choosing_descriptors][INFO] - Adding short to chosen descriptors
[2023-02-26 13:04:01,803][choosing_descriptors][INFO] - 15 most variance descriptor - rectangular
[2023-02-26 13:04:01,806][choosing_descriptors][INFO] - Adding rectangular to chosen descriptors
[2023-02-26 13:04:01,806][choosing_descriptors][INFO] - 16 most variance descriptor - fit
[2023-02-26 13:04:01,807][choosing_descriptors][INFO] - fit is correlated with muscular with corr 0.6903586403809983
[2023-02-26 13:04:01,807][choosing_descriptors][INFO] - 17 most variance descriptor - short torso
[2023-02-26 13:04:01,810][choosing_descriptors][INFO] - Adding short torso to chosen descriptors
[2023-02-26 13:04:01,810][choosing_descriptors][INFO] - 18 most variance descriptor - proportioned
[2023-02-26 13:04:01,812][choosing_descriptors][INFO] - Adding proportioned to chosen descriptors
[2023-02-26 13:04:01,812][choosing_descriptors][INFO] - currently chosen descriptors: {'fat': {'variance': 1.3441002606095573}, 'muscular': {'variance': 0.0625638128046203}, 'short': {'variance': 0.06214111993230574}, 'rectangular': {'variance': 0.05846779770750512}, 'short torso': {'variance': 0.05221557653568091}, 'proportioned': {'variance': 0.050892540972847275}}
[2023-02-26 13:04:01,812][choosing_descriptors][INFO] - Finished cluster 0
[2023-02-26 13:04:01,813][choosing_descriptors][INFO] - Working on cluster 1
[2023-02-26 13:04:01,813][choosing_descriptors][INFO] - 0 most variance descriptor - tall
[2023-02-26 13:04:01,813][choosing_descriptors][INFO] - Adding tall to chosen descriptors
[2023-02-26 13:04:01,813][choosing_descriptors][INFO] - 1 most variance descriptor - petite
[2023-02-26 13:04:01,814][choosing_descriptors][INFO] - Adding petite to chosen descriptors
[2023-02-26 13:04:01,814][choosing_descriptors][INFO] - 2 most variance descriptor - small
[2023-02-26 13:04:01,815][choosing_descriptors][INFO] - Adding small to chosen descriptors
[2023-02-26 13:04:01,816][choosing_descriptors][INFO] - 3 most variance descriptor - skinny
[2023-02-26 13:04:01,816][choosing_descriptors][INFO] - skinny is correlated with tall with corr 0.7082491437252927
[2023-02-26 13:04:01,816][choosing_descriptors][INFO] - currently chosen descriptors: {'tall': {'variance': 0.14117393808716808}, 'petite': {'variance': 0.10980489986254485}, 'small': {'variance': 0.08159525370261636}}
[2023-02-26 13:04:01,816][choosing_descriptors][INFO] - Finished cluster 1
[2023-02-26 13:04:01,816][choosing_descriptors][INFO] - Working on cluster 2
[2023-02-26 13:04:01,817][choosing_descriptors][INFO] - 0 most variance descriptor - long
[2023-02-26 13:04:01,817][choosing_descriptors][INFO] - Adding long to chosen descriptors
[2023-02-26 13:04:01,817][choosing_descriptors][INFO] - currently chosen descriptors: {'long': {'variance': 0.10891416479294415}}
[2023-02-26 13:04:01,817][choosing_descriptors][INFO] - Finished cluster 2
[2023-02-26 13:04:01,817][choosing_descriptors][INFO] - There are 10 chosen descriptors in initial filter
[2023-02-26 13:04:01,817][choosing_descriptors][INFO] - chosen descriptors: [['fat', 'muscular', 'short', 'rectangular', 'short torso', 'proportioned'], ['tall', 'petite', 'small'], ['long']]
[2023-02-26 13:04:01,817][choosing_descriptors][INFO] - Final filter
[2023-02-26 13:04:01,819][choosing_descriptors][INFO] - Descriptor tall has variance 0.14117393808716808
[2023-02-26 13:04:01,820][choosing_descriptors][INFO] - Descriptor tall is correlated with proportioned with correlation 0.6391269460176229
[2023-02-26 13:04:01,820][choosing_descriptors][INFO] - Removing proportioned because it is correlated with tall
[2023-02-26 13:04:02,910][choosing_descriptors][INFO] - Descriptor tall is correlated with long with correlation 0.8792437903180494
[2023-02-26 13:04:02,910][choosing_descriptors][INFO] - Removing long because it is correlated with tall
[2023-02-26 13:04:02,910][choosing_descriptors][INFO] - Descriptor petite has variance 0.10980489986254485
[2023-02-26 13:04:02,911][choosing_descriptors][INFO] - Descriptor petite is correlated with short with correlation 0.6503376063554499
[2023-02-26 13:04:02,911][choosing_descriptors][INFO] - Removing short because it is correlated with petite
[2023-02-26 13:04:02,912][choosing_descriptors][INFO] - Descriptor small has variance 0.08159525370261636
[2023-02-26 13:04:02,918][choosing_descriptors][INFO] - Descriptor muscular has variance 0.0625638128046203
[2023-02-26 13:04:02,919][choosing_descriptors][INFO] - Descriptor rectangular has variance 0.05846779770750512
[2023-02-26 13:04:02,921][choosing_descriptors][INFO] - Descriptor short torso has variance 0.05221557653568091
