[2023-02-17 16:21:54,031][__main__][INFO] - Starting descriptors ablation for smplx male model
[2023-02-17 16:21:54,031][__main__][INFO] - Starting with 2 descriptors
[2023-02-17 16:21:59,800][__main__][INFO] - Chosen descriptors: ['fat', 'long torso']
[2023-02-17 16:21:59,800][__main__][INFO] - Starting training
[2023-02-17 16:21:59,833][clip2mesh.optimizations.train_mapper][INFO] - Instantiating callback <pytorch_lightning.callbacks.ModelCheckpoint>
[2023-02-17 16:21:59,834][clip2mesh.optimizations.train_mapper][INFO] - dataloader batch size: 200
[2023-02-17 16:21:59,835][clip2mesh.optimizations.train_mapper][INFO] - tensorboard run name: smplx_male_2_descriptors
[2023-02-17 16:21:59,835][clip2mesh.optimizations.train_mapper][INFO] - instantiating model
[2023-02-17 16:21:59,841][clip2mesh.optimizations.train_mapper][INFO] - training model
[2023-02-17 16:22:34,519][clip2mesh.optimizations.train_mapper][INFO] - finished training in 34.717737436294556 seconds
[2023-02-17 16:22:34,519][__main__][INFO] - Starting evaluation
[2023-02-17 16:22:36,711][clip2mesh.data_management.data_observation.evaluate_performance][INFO] - IOU: 0.5207140129820542 | Overlap: 0.3702378203648118
[2023-02-17 16:22:36,715][__main__][INFO] - Finished with 2 descriptors
[2023-02-17 16:22:36,716][__main__][INFO] - Starting with 5 descriptors
[2023-02-17 16:22:41,228][__main__][INFO] - Chosen descriptors: ['fat', 'rectangular', 'fit', 'long torso', 'petite']
[2023-02-17 16:22:41,228][__main__][INFO] - Starting training
[2023-02-17 16:22:41,264][clip2mesh.optimizations.train_mapper][INFO] - Instantiating callback <pytorch_lightning.callbacks.ModelCheckpoint>
[2023-02-17 16:22:41,265][clip2mesh.optimizations.train_mapper][INFO] - dataloader batch size: 200
[2023-02-17 16:22:41,266][clip2mesh.optimizations.train_mapper][INFO] - tensorboard run name: smplx_male_5_descriptors
[2023-02-17 16:22:41,266][clip2mesh.optimizations.train_mapper][INFO] - instantiating model
[2023-02-17 16:22:41,272][clip2mesh.optimizations.train_mapper][INFO] - training model
[2023-02-17 16:23:17,884][clip2mesh.optimizations.train_mapper][INFO] - finished training in 36.65487217903137 seconds
[2023-02-17 16:23:17,884][__main__][INFO] - Starting evaluation
[2023-02-17 16:23:22,429][clip2mesh.data_management.data_observation.evaluate_performance][INFO] - IOU: 0.9845360824742269 | Overlap: 0.6780697921218553
[2023-02-17 16:23:22,432][__main__][INFO] - Finished with 5 descriptors
[2023-02-17 16:23:22,432][__main__][INFO] - Starting with 10 descriptors
[2023-02-17 16:23:27,570][__main__][INFO] - Chosen descriptors: ['fat', 'rectangular', 'fit', 'proportioned', 'pear shaped', 'curvy', 'long torso', 'petite', 'tall', 'small']
[2023-02-17 16:23:27,570][__main__][INFO] - Starting training
[2023-02-17 16:23:27,612][clip2mesh.optimizations.train_mapper][INFO] - Instantiating callback <pytorch_lightning.callbacks.ModelCheckpoint>
[2023-02-17 16:23:27,614][clip2mesh.optimizations.train_mapper][INFO] - dataloader batch size: 200
[2023-02-17 16:23:27,615][clip2mesh.optimizations.train_mapper][INFO] - tensorboard run name: smplx_male_10_descriptors
[2023-02-17 16:23:27,615][clip2mesh.optimizations.train_mapper][INFO] - instantiating model
[2023-02-17 16:23:27,623][clip2mesh.optimizations.train_mapper][INFO] - training model
[2023-02-17 16:23:30,619][clip2mesh.optimizations.train_mapper][INFO] - finished training in 3.0479626655578613 seconds
[2023-02-17 16:23:30,620][__main__][INFO] - Starting evaluation
