[2023-02-17 14:04:27,056][__main__][INFO] - Starting descriptors ablation for smplx male model
[2023-02-17 14:04:27,056][__main__][INFO] - Starting with 2 descriptors
[2023-02-17 14:04:32,901][__main__][INFO] - Chosen descriptors: ['fat', 'long torso']
[2023-02-17 14:04:32,902][__main__][INFO] - Starting training
[2023-02-17 14:04:32,933][clip2mesh.optimizations.train_mapper][INFO] - Instantiating callback <pytorch_lightning.callbacks.ModelCheckpoint>
[2023-02-17 14:04:32,934][clip2mesh.optimizations.train_mapper][INFO] - dataloader batch size: 200
[2023-02-17 14:04:32,934][clip2mesh.optimizations.train_mapper][INFO] - tensorboard run name: smplx_male_2_descriptors
[2023-02-17 14:04:32,934][clip2mesh.optimizations.train_mapper][INFO] - instantiating model
[2023-02-17 14:04:32,939][clip2mesh.optimizations.train_mapper][INFO] - training model
[2023-02-17 14:05:08,174][clip2mesh.optimizations.train_mapper][INFO] - finished training in 35.27117729187012 seconds
[2023-02-17 14:05:08,174][__main__][INFO] - Starting evaluation
[2023-02-17 14:05:11,535][clip2mesh.data_management.data_observation.evaluate_performance][INFO] - IOU: 0.016704849179075984 | Overlap: 0.49567723342939485
[2023-02-17 14:05:11,540][__main__][INFO] - Finished with 2 descriptors
[2023-02-17 14:05:11,540][__main__][INFO] - Starting with 5 descriptors
[2023-02-17 14:05:15,988][__main__][INFO] - Chosen descriptors: ['fat', 'rectangular', 'fit', 'long torso', 'petite']
[2023-02-17 14:05:15,988][__main__][INFO] - Starting training
[2023-02-17 14:05:16,019][clip2mesh.optimizations.train_mapper][INFO] - Instantiating callback <pytorch_lightning.callbacks.ModelCheckpoint>
[2023-02-17 14:05:16,020][clip2mesh.optimizations.train_mapper][INFO] - dataloader batch size: 200
[2023-02-17 14:05:16,021][clip2mesh.optimizations.train_mapper][INFO] - tensorboard run name: smplx_male_5_descriptors
[2023-02-17 14:05:16,021][clip2mesh.optimizations.train_mapper][INFO] - instantiating model
[2023-02-17 14:05:16,027][clip2mesh.optimizations.train_mapper][INFO] - training model
[2023-02-17 14:05:26,796][clip2mesh.optimizations.train_mapper][INFO] - finished training in 10.807129859924316 seconds
[2023-02-17 14:05:26,796][__main__][INFO] - Starting evaluation
