[2023-01-19 20:09:45,004][__main__][INFO] - parameters: Parameter containing:
tensor([[-0.0010, -0.0010, -0.0010, -0.0010, -0.0010, -0.0010, -0.0010, -0.0010,
         -0.0010, -0.0010]], requires_grad=True)
[2023-01-19 20:09:45,007][__main__][INFO] - scores: tensor([[24.7344, 25.3594, 24.2500, 23.1875, 24.4219]], device='cuda:0',
       dtype=torch.float16, grad_fn=<MmBackward>)
[2023-01-19 20:09:45,298][__main__][INFO] - parameters: Parameter containing:
tensor([[-0.0018, -0.0020, -0.0020, -0.0020, -0.0020, -0.0020, -0.0020, -0.0020,
         -0.0020, -0.0020]], requires_grad=True)
[2023-01-19 20:09:45,305][__main__][INFO] - scores: tensor([[24.7031, 25.3281, 24.2188, 23.1562, 24.4219]], device='cuda:0',
       dtype=torch.float16, grad_fn=<MmBackward>)
[2023-01-19 20:09:45,550][__main__][INFO] - parameters: Parameter containing:
tensor([[-0.0028, -0.0030, -0.0030, -0.0030, -0.0030, -0.0030, -0.0030, -0.0028,
         -0.0030, -0.0029]], requires_grad=True)
[2023-01-19 20:09:45,552][__main__][INFO] - scores: tensor([[24.7188, 25.3281, 24.2188, 23.1875, 24.4375]], device='cuda:0',
       dtype=torch.float16, grad_fn=<MmBackward>)
[2023-01-19 20:09:45,791][__main__][INFO] - parameters: Parameter containing:
tensor([[-0.0037, -0.0040, -0.0040, -0.0039, -0.0040, -0.0039, -0.0040, -0.0036,
         -0.0039, -0.0038]], requires_grad=True)
[2023-01-19 20:09:45,792][__main__][INFO] - scores: tensor([[24.7344, 25.3438, 24.2344, 23.1875, 24.4375]], device='cuda:0',
       dtype=torch.float16, grad_fn=<MmBackward>)
[2023-01-19 20:09:46,019][__main__][INFO] - parameters: Parameter containing:
tensor([[-0.0041, -0.0048, -0.0049, -0.0048, -0.0049, -0.0049, -0.0050, -0.0036,
         -0.0048, -0.0046]], requires_grad=True)
[2023-01-19 20:09:46,021][__main__][INFO] - scores: tensor([[24.7188, 25.3281, 24.2188, 23.1719, 24.4375]], device='cuda:0',
       dtype=torch.float16, grad_fn=<MmBackward>)
[2023-01-19 20:09:46,289][__main__][INFO] - parameters: Parameter containing:
tensor([[-0.0042, -0.0055, -0.0058, -0.0057, -0.0059, -0.0058, -0.0059, -0.0034,
         -0.0058, -0.0053]], requires_grad=True)
[2023-01-19 20:09:46,290][__main__][INFO] - scores: tensor([[24.7031, 25.3281, 24.2188, 23.1875, 24.4375]], device='cuda:0',
       dtype=torch.float16, grad_fn=<MmBackward>)
[2023-01-19 20:09:46,516][__main__][INFO] - parameters: Parameter containing:
tensor([[-0.0040, -0.0062, -0.0067, -0.0066, -0.0069, -0.0068, -0.0069, -0.0032,
         -0.0068, -0.0062]], requires_grad=True)
[2023-01-19 20:09:46,519][__main__][INFO] - scores: tensor([[24.7188, 25.3438, 24.2344, 23.1875, 24.4375]], device='cuda:0',
       dtype=torch.float16, grad_fn=<MmBackward>)
[2023-01-19 20:09:46,750][__main__][INFO] - parameters: Parameter containing:
tensor([[-0.0039, -0.0066, -0.0076, -0.0071, -0.0077, -0.0076, -0.0078, -0.0035,
         -0.0076, -0.0070]], requires_grad=True)
[2023-01-19 20:09:46,751][__main__][INFO] - scores: tensor([[24.7344, 25.3438, 24.2344, 23.1875, 24.4531]], device='cuda:0',
       dtype=torch.float16, grad_fn=<MmBackward>)
[2023-01-19 20:09:46,993][__main__][INFO] - parameters: Parameter containing:
tensor([[-0.0036, -0.0066, -0.0081, -0.0073, -0.0083, -0.0082, -0.0085, -0.0039,
         -0.0083, -0.0079]], requires_grad=True)
[2023-01-19 20:09:47,000][__main__][INFO] - scores: tensor([[24.7188, 25.3281, 24.2344, 23.1875, 24.4375]], device='cuda:0',
       dtype=torch.float16, grad_fn=<MmBackward>)
[2023-01-19 20:09:47,238][__main__][INFO] - parameters: Parameter containing:
tensor([[-0.0032, -0.0063, -0.0082, -0.0072, -0.0086, -0.0087, -0.0091, -0.0045,
         -0.0089, -0.0088]], requires_grad=True)
[2023-01-19 20:09:47,253][__main__][INFO] - scores: tensor([[24.7188, 25.3281, 24.2188, 23.1875, 24.4375]], device='cuda:0',
       dtype=torch.float16, grad_fn=<MmBackward>)
[2023-01-19 20:09:47,503][__main__][INFO] - parameters: Parameter containing:
tensor([[-0.0029, -0.0058, -0.0082, -0.0069, -0.0087, -0.0090, -0.0095, -0.0051,
         -0.0094, -0.0098]], requires_grad=True)
[2023-01-19 20:09:47,505][__main__][INFO] - scores: tensor([[24.7188, 25.3281, 24.2344, 23.1875, 24.4531]], device='cuda:0',
       dtype=torch.float16, grad_fn=<MmBackward>)
[2023-01-19 20:09:47,733][__main__][INFO] - parameters: Parameter containing:
tensor([[-0.0026, -0.0053, -0.0081, -0.0065, -0.0088, -0.0092, -0.0098, -0.0059,
         -0.0095, -0.0107]], requires_grad=True)
[2023-01-19 20:09:47,734][__main__][INFO] - scores: tensor([[24.7188, 25.3281, 24.2344, 23.1875, 24.4531]], device='cuda:0',
       dtype=torch.float16, grad_fn=<MmBackward>)
[2023-01-19 20:09:47,959][__main__][INFO] - parameters: Parameter containing:
tensor([[-0.0023, -0.0048, -0.0078, -0.0061, -0.0087, -0.0093, -0.0101, -0.0066,
         -0.0095, -0.0116]], requires_grad=True)
[2023-01-19 20:09:47,963][__main__][INFO] - scores: tensor([[24.7188, 25.3281, 24.2188, 23.1875, 24.4375]], device='cuda:0',
       dtype=torch.float16, grad_fn=<MmBackward>)
[2023-01-19 20:09:48,180][__main__][INFO] - parameters: Parameter containing:
tensor([[-0.0021, -0.0042, -0.0074, -0.0056, -0.0086, -0.0093, -0.0103, -0.0075,
         -0.0094, -0.0125]], requires_grad=True)
[2023-01-19 20:09:48,182][__main__][INFO] - scores: tensor([[24.7188, 25.3281, 24.2188, 23.1719, 24.4375]], device='cuda:0',
       dtype=torch.float16, grad_fn=<MmBackward>)
[2023-01-19 20:09:48,379][__main__][INFO] - parameters: Parameter containing:
tensor([[-0.0018, -0.0035, -0.0069, -0.0052, -0.0084, -0.0093, -0.0105, -0.0082,
         -0.0091, -0.0134]], requires_grad=True)
[2023-01-19 20:09:48,392][__main__][INFO] - scores: tensor([[24.7188, 25.3281, 24.2344, 23.1875, 24.4375]], device='cuda:0',
       dtype=torch.float16, grad_fn=<MmBackward>)
[2023-01-19 20:09:48,647][__main__][INFO] - parameters: Parameter containing:
tensor([[-0.0016, -0.0031, -0.0064, -0.0049, -0.0083, -0.0095, -0.0108, -0.0089,
         -0.0089, -0.0140]], requires_grad=True)
[2023-01-19 20:09:48,649][__main__][INFO] - scores: tensor([[24.7031, 25.3281, 24.2188, 23.1719, 24.4375]], device='cuda:0',
       dtype=torch.float16, grad_fn=<MmBackward>)
[2023-01-19 20:09:48,905][__main__][INFO] - parameters: Parameter containing:
tensor([[-0.0016, -0.0027, -0.0061, -0.0049, -0.0084, -0.0097, -0.0112, -0.0095,
         -0.0087, -0.0145]], requires_grad=True)
[2023-01-19 20:09:48,907][__main__][INFO] - scores: tensor([[24.7031, 25.3281, 24.2188, 23.1719, 24.4375]], device='cuda:0',
       dtype=torch.float16, grad_fn=<MmBackward>)
[2023-01-19 20:09:49,157][__main__][INFO] - parameters: Parameter containing:
tensor([[-0.0018, -0.0025, -0.0059, -0.0049, -0.0086, -0.0100, -0.0117, -0.0099,
         -0.0086, -0.0147]], requires_grad=True)
[2023-01-19 20:09:49,159][__main__][INFO] - scores: tensor([[24.7188, 25.3281, 24.2344, 23.1875, 24.4531]], device='cuda:0',
       dtype=torch.float16, grad_fn=<MmBackward>)
[2023-01-19 20:09:49,391][__main__][INFO] - parameters: Parameter containing:
tensor([[-0.0021, -0.0024, -0.0058, -0.0051, -0.0088, -0.0104, -0.0122, -0.0101,
         -0.0085, -0.0148]], requires_grad=True)
[2023-01-19 20:09:49,392][__main__][INFO] - scores: tensor([[24.7188, 25.3281, 24.2188, 23.1875, 24.4375]], device='cuda:0',
       dtype=torch.float16, grad_fn=<MmBackward>)
[2023-01-19 20:09:49,601][__main__][INFO] - parameters: Parameter containing:
tensor([[-0.0025, -0.0025, -0.0058, -0.0054, -0.0091, -0.0108, -0.0128, -0.0103,
         -0.0085, -0.0147]], requires_grad=True)
[2023-01-19 20:09:49,606][__main__][INFO] - scores: tensor([[24.7031, 25.3281, 24.2188, 23.1875, 24.4375]], device='cuda:0',
       dtype=torch.float16, grad_fn=<MmBackward>)
[2023-01-19 20:09:49,864][__main__][INFO] - parameters: Parameter containing:
tensor([[-0.0030, -0.0026, -0.0058, -0.0058, -0.0094, -0.0112, -0.0134, -0.0103,
         -0.0085, -0.0145]], requires_grad=True)
[2023-01-19 20:09:49,871][__main__][INFO] - scores: tensor([[24.7188, 25.3281, 24.2188, 23.1875, 24.4375]], device='cuda:0',
       dtype=torch.float16, grad_fn=<MmBackward>)
[2023-01-19 20:09:50,080][__main__][INFO] - parameters: Parameter containing:
tensor([[-0.0033, -0.0027, -0.0058, -0.0062, -0.0098, -0.0117, -0.0141, -0.0103,
         -0.0085, -0.0143]], requires_grad=True)
[2023-01-19 20:09:50,082][__main__][INFO] - scores: tensor([[24.7188, 25.3281, 24.2188, 23.1875, 24.4375]], device='cuda:0',
       dtype=torch.float16, grad_fn=<MmBackward>)
[2023-01-19 20:09:50,306][__main__][INFO] - parameters: Parameter containing:
tensor([[-0.0035, -0.0027, -0.0057, -0.0066, -0.0101, -0.0121, -0.0146, -0.0103,
         -0.0084, -0.0140]], requires_grad=True)
[2023-01-19 20:09:50,307][__main__][INFO] - scores: tensor([[24.7188, 25.3281, 24.2188, 23.1875, 24.4375]], device='cuda:0',
       dtype=torch.float16, grad_fn=<MmBackward>)
[2023-01-19 20:09:50,531][__main__][INFO] - parameters: Parameter containing:
tensor([[-0.0035, -0.0027, -0.0054, -0.0069, -0.0105, -0.0125, -0.0151, -0.0103,
         -0.0081, -0.0137]], requires_grad=True)
[2023-01-19 20:09:50,533][__main__][INFO] - scores: tensor([[24.7188, 25.3281, 24.2188, 23.1875, 24.4375]], device='cuda:0',
       dtype=torch.float16, grad_fn=<MmBackward>)
[2023-01-19 20:09:50,763][__main__][INFO] - parameters: Parameter containing:
tensor([[-0.0034, -0.0026, -0.0051, -0.0071, -0.0107, -0.0128, -0.0155, -0.0103,
         -0.0078, -0.0135]], requires_grad=True)
[2023-01-19 20:09:50,765][__main__][INFO] - scores: tensor([[24.7188, 25.3281, 24.2188, 23.1875, 24.4375]], device='cuda:0',
       dtype=torch.float16, grad_fn=<MmBackward>)
[2023-01-19 20:09:50,988][__main__][INFO] - parameters: Parameter containing:
tensor([[-0.0033, -0.0024, -0.0047, -0.0073, -0.0108, -0.0130, -0.0159, -0.0103,
         -0.0075, -0.0134]], requires_grad=True)
[2023-01-19 20:09:50,993][__main__][INFO] - scores: tensor([[24.7188, 25.3281, 24.2188, 23.1875, 24.4375]], device='cuda:0',
       dtype=torch.float16, grad_fn=<MmBackward>)
[2023-01-19 20:09:51,215][__main__][INFO] - parameters: Parameter containing:
tensor([[-0.0032, -0.0021, -0.0042, -0.0073, -0.0109, -0.0131, -0.0162, -0.0103,
         -0.0070, -0.0132]], requires_grad=True)
[2023-01-19 20:09:51,219][__main__][INFO] - scores: tensor([[24.7188, 25.3281, 24.2344, 23.1875, 24.4375]], device='cuda:0',
       dtype=torch.float16, grad_fn=<MmBackward>)
[2023-01-19 20:09:51,436][__main__][INFO] - parameters: Parameter containing:
tensor([[-0.0030, -0.0019, -0.0037, -0.0074, -0.0110, -0.0132, -0.0164, -0.0103,
         -0.0065, -0.0130]], requires_grad=True)
[2023-01-19 20:09:51,438][__main__][INFO] - scores: tensor([[24.7188, 25.3281, 24.2188, 23.1719, 24.4375]], device='cuda:0',
       dtype=torch.float16, grad_fn=<MmBackward>)
[2023-01-19 20:09:51,661][__main__][INFO] - parameters: Parameter containing:
tensor([[-0.0030, -0.0017, -0.0033, -0.0074, -0.0110, -0.0132, -0.0167, -0.0104,
         -0.0060, -0.0129]], requires_grad=True)
[2023-01-19 20:09:51,666][__main__][INFO] - scores: tensor([[24.7188, 25.3438, 24.2344, 23.1719, 24.4375]], device='cuda:0',
       dtype=torch.float16, grad_fn=<MmBackward>)
[2023-01-19 20:09:51,879][__main__][INFO] - parameters: Parameter containing:
tensor([[-0.0032, -0.0015, -0.0028, -0.0075, -0.0110, -0.0133, -0.0170, -0.0105,
         -0.0055, -0.0127]], requires_grad=True)
[2023-01-19 20:09:51,880][__main__][INFO] - scores: tensor([[24.7031, 25.3281, 24.2188, 23.1719, 24.4375]], device='cuda:0',
       dtype=torch.float16, grad_fn=<MmBackward>)
[2023-01-19 20:09:52,074][__main__][INFO] - parameters: Parameter containing:
tensor([[-0.0034, -0.0014, -0.0024, -0.0076, -0.0110, -0.0133, -0.0172, -0.0106,
         -0.0049, -0.0125]], requires_grad=True)
[2023-01-19 20:09:52,080][__main__][INFO] - scores: tensor([[24.7031, 25.3281, 24.2188, 23.1875, 24.4375]], device='cuda:0',
       dtype=torch.float16, grad_fn=<MmBackward>)
[2023-01-19 20:09:52,297][__main__][INFO] - parameters: Parameter containing:
tensor([[-0.0036, -0.0013, -0.0021, -0.0078, -0.0111, -0.0133, -0.0175, -0.0107,
         -0.0044, -0.0122]], requires_grad=True)
[2023-01-19 20:09:52,303][__main__][INFO] - scores: tensor([[24.7344, 25.3438, 24.2344, 23.2031, 24.4531]], device='cuda:0',
       dtype=torch.float16, grad_fn=<MmBackward>)
[2023-01-19 20:09:52,520][__main__][INFO] - parameters: Parameter containing:
tensor([[-0.0038, -0.0013, -0.0019, -0.0080, -0.0113, -0.0135, -0.0179, -0.0107,
         -0.0040, -0.0118]], requires_grad=True)
[2023-01-19 20:09:52,526][__main__][INFO] - scores: tensor([[24.7188, 25.3281, 24.2344, 23.1875, 24.4375]], device='cuda:0',
       dtype=torch.float16, grad_fn=<MmBackward>)
[2023-01-19 20:09:52,740][__main__][INFO] - parameters: Parameter containing:
tensor([[-0.0039, -0.0014, -0.0017, -0.0082, -0.0114, -0.0136, -0.0183, -0.0107,
         -0.0036, -0.0115]], requires_grad=True)
[2023-01-19 20:09:52,747][__main__][INFO] - scores: tensor([[24.7031, 25.3281, 24.2188, 23.1875, 24.4375]], device='cuda:0',
       dtype=torch.float16, grad_fn=<MmBackward>)
[2023-01-19 20:09:52,994][__main__][INFO] - parameters: Parameter containing:
tensor([[-0.0040, -0.0014, -0.0016, -0.0084, -0.0116, -0.0136, -0.0186, -0.0107,
         -0.0032, -0.0112]], requires_grad=True)
[2023-01-19 20:09:53,006][__main__][INFO] - scores: tensor([[24.7188, 25.3281, 24.2188, 23.1875, 24.4375]], device='cuda:0',
       dtype=torch.float16, grad_fn=<MmBackward>)
[2023-01-19 20:09:53,235][__main__][INFO] - parameters: Parameter containing:
tensor([[-0.0040, -0.0015, -0.0015, -0.0085, -0.0117, -0.0136, -0.0190, -0.0107,
         -0.0029, -0.0109]], requires_grad=True)
[2023-01-19 20:09:53,242][__main__][INFO] - scores: tensor([[24.7031, 25.3281, 24.2188, 23.1719, 24.4375]], device='cuda:0',
       dtype=torch.float16, grad_fn=<MmBackward>)
[2023-01-19 20:09:53,463][__main__][INFO] - parameters: Parameter containing:
tensor([[-0.0040, -0.0015, -0.0014, -0.0087, -0.0119, -0.0136, -0.0194, -0.0107,
         -0.0026, -0.0107]], requires_grad=True)
[2023-01-19 20:09:53,465][__main__][INFO] - scores: tensor([[24.7031, 25.3281, 24.2188, 23.1719, 24.4375]], device='cuda:0',
       dtype=torch.float16, grad_fn=<MmBackward>)
[2023-01-19 20:09:53,679][__main__][INFO] - parameters: Parameter containing:
tensor([[-0.0040, -0.0016, -0.0014, -0.0088, -0.0120, -0.0136, -0.0198, -0.0108,
         -0.0025, -0.0105]], requires_grad=True)
[2023-01-19 20:09:53,680][__main__][INFO] - scores: tensor([[24.7031, 25.3281, 24.2188, 23.1719, 24.4375]], device='cuda:0',
       dtype=torch.float16, grad_fn=<MmBackward>)
[2023-01-19 20:09:53,904][__main__][INFO] - parameters: Parameter containing:
tensor([[-0.0040, -0.0017, -0.0015, -0.0088, -0.0122, -0.0135, -0.0202, -0.0109,
         -0.0024, -0.0104]], requires_grad=True)
[2023-01-19 20:09:53,905][__main__][INFO] - scores: tensor([[24.7188, 25.3281, 24.2344, 23.1875, 24.4531]], device='cuda:0',
       dtype=torch.float16, grad_fn=<MmBackward>)
[2023-01-19 20:09:54,127][__main__][INFO] - parameters: Parameter containing:
tensor([[-0.0041, -0.0018, -0.0016, -0.0089, -0.0123, -0.0134, -0.0207, -0.0110,
         -0.0023, -0.0103]], requires_grad=True)
[2023-01-19 20:09:54,129][__main__][INFO] - scores: tensor([[24.7188, 25.3281, 24.2188, 23.1875, 24.4375]], device='cuda:0',
       dtype=torch.float16, grad_fn=<MmBackward>)
[2023-01-19 20:09:54,328][__main__][INFO] - parameters: Parameter containing:
tensor([[-0.0041, -0.0019, -0.0017, -0.0088, -0.0124, -0.0132, -0.0211, -0.0112,
         -0.0022, -0.0103]], requires_grad=True)
[2023-01-19 20:09:54,329][__main__][INFO] - scores: tensor([[24.7188, 25.3281, 24.2188, 23.1875, 24.4375]], device='cuda:0',
       dtype=torch.float16, grad_fn=<MmBackward>)
[2023-01-19 20:09:54,549][__main__][INFO] - parameters: Parameter containing:
tensor([[-0.0041, -0.0019, -0.0018, -0.0087, -0.0125, -0.0129, -0.0214, -0.0114,
         -0.0021, -0.0104]], requires_grad=True)
[2023-01-19 20:09:54,550][__main__][INFO] - scores: tensor([[24.7188, 25.3281, 24.2344, 23.1875, 24.4531]], device='cuda:0',
       dtype=torch.float16, grad_fn=<MmBackward>)
[2023-01-19 20:09:54,771][__main__][INFO] - parameters: Parameter containing:
tensor([[-0.0040, -0.0019, -0.0018, -0.0086, -0.0126, -0.0126, -0.0218, -0.0116,
         -0.0020, -0.0104]], requires_grad=True)
[2023-01-19 20:09:54,773][__main__][INFO] - scores: tensor([[24.7188, 25.3281, 24.2188, 23.1719, 24.4375]], device='cuda:0',
       dtype=torch.float16, grad_fn=<MmBackward>)
[2023-01-19 20:09:54,985][__main__][INFO] - parameters: Parameter containing:
tensor([[-0.0039, -0.0019, -0.0019, -0.0084, -0.0126, -0.0123, -0.0221, -0.0119,
         -0.0018, -0.0105]], requires_grad=True)
[2023-01-19 20:09:54,987][__main__][INFO] - scores: tensor([[24.7031, 25.3281, 24.2188, 23.1875, 24.4375]], device='cuda:0',
       dtype=torch.float16, grad_fn=<MmBackward>)
[2023-01-19 20:09:55,221][__main__][INFO] - parameters: Parameter containing:
tensor([[-0.0038, -0.0019, -0.0019, -0.0082, -0.0127, -0.0120, -0.0225, -0.0121,
         -0.0016, -0.0106]], requires_grad=True)
[2023-01-19 20:09:55,223][__main__][INFO] - scores: tensor([[24.7031, 25.3281, 24.2188, 23.1875, 24.4375]], device='cuda:0',
       dtype=torch.float16, grad_fn=<MmBackward>)
[2023-01-19 20:09:55,441][__main__][INFO] - parameters: Parameter containing:
tensor([[-0.0037, -0.0019, -0.0020, -0.0081, -0.0128, -0.0117, -0.0229, -0.0125,
         -0.0014, -0.0107]], requires_grad=True)
[2023-01-19 20:09:55,447][__main__][INFO] - scores: tensor([[24.7031, 25.3281, 24.2188, 23.1875, 24.4375]], device='cuda:0',
       dtype=torch.float16, grad_fn=<MmBackward>)
[2023-01-19 20:09:55,651][__main__][INFO] - parameters: Parameter containing:
tensor([[-0.0036, -0.0020, -0.0021, -0.0080, -0.0130, -0.0115, -0.0232, -0.0128,
         -0.0011, -0.0107]], requires_grad=True)
[2023-01-19 20:09:55,653][__main__][INFO] - scores: tensor([[24.7188, 25.3281, 24.2344, 23.1875, 24.4531]], device='cuda:0',
       dtype=torch.float16, grad_fn=<MmBackward>)
[2023-01-19 20:09:55,864][__main__][INFO] - parameters: Parameter containing:
tensor([[-0.0036, -0.0021, -0.0022, -0.0079, -0.0132, -0.0113, -0.0236, -0.0132,
         -0.0009, -0.0108]], requires_grad=True)
[2023-01-19 20:09:55,871][__main__][INFO] - scores: tensor([[24.7031, 25.3125, 24.2188, 23.1719, 24.4375]], device='cuda:0',
       dtype=torch.float16, grad_fn=<MmBackward>)
[2023-01-19 20:09:56,089][__main__][INFO] - parameters: Parameter containing:
tensor([[-0.0036, -0.0022, -0.0023, -0.0078, -0.0134, -0.0112, -0.0240, -0.0136,
         -0.0006, -0.0108]], requires_grad=True)
[2023-01-19 20:09:56,095][__main__][INFO] - scores: tensor([[24.7031, 25.3281, 24.2188, 23.1719, 24.4375]], device='cuda:0',
       dtype=torch.float16, grad_fn=<MmBackward>)
[2023-01-19 20:09:56,310][__main__][INFO] - parameters: Parameter containing:
tensor([[-0.0036, -0.0023, -0.0024, -0.0078, -0.0136, -0.0110, -0.0243, -0.0140,
         -0.0003, -0.0108]], requires_grad=True)
[2023-01-19 20:09:56,312][__main__][INFO] - scores: tensor([[24.7188, 25.3438, 24.2344, 23.1875, 24.4531]], device='cuda:0',
       dtype=torch.float16, grad_fn=<MmBackward>)
[2023-01-19 20:09:56,519][__main__][INFO] - parameters: Parameter containing:
tensor([[-3.5707e-03, -2.3471e-03, -2.4103e-03, -7.7221e-03, -1.3732e-02,
         -1.0807e-02, -2.4679e-02, -1.4289e-02,  8.9486e-05, -1.0713e-02]],
       requires_grad=True)
[2023-01-19 20:09:56,526][__main__][INFO] - scores: tensor([[24.7031, 25.3281, 24.2188, 23.1719, 24.4375]], device='cuda:0',
       dtype=torch.float16, grad_fn=<MmBackward>)
[2023-01-19 20:09:56,740][__main__][INFO] - parameters: Parameter containing:
tensor([[-0.0036, -0.0024, -0.0024, -0.0077, -0.0139, -0.0106, -0.0250, -0.0147,
          0.0005, -0.0107]], requires_grad=True)
[2023-01-19 20:09:56,742][__main__][INFO] - scores: tensor([[24.7188, 25.3281, 24.2188, 23.1875, 24.4375]], device='cuda:0',
       dtype=torch.float16, grad_fn=<MmBackward>)
[2023-01-19 20:09:56,967][__main__][INFO] - parameters: Parameter containing:
tensor([[-0.0037, -0.0024, -0.0024, -0.0076, -0.0141, -0.0104, -0.0254, -0.0150,
          0.0009, -0.0106]], requires_grad=True)
[2023-01-19 20:09:56,968][__main__][INFO] - scores: tensor([[24.7188, 25.3438, 24.2188, 23.1875, 24.4531]], device='cuda:0',
       dtype=torch.float16, grad_fn=<MmBackward>)
[2023-01-19 20:09:57,196][__main__][INFO] - parameters: Parameter containing:
tensor([[-0.0038, -0.0025, -0.0024, -0.0076, -0.0143, -0.0103, -0.0257, -0.0154,
          0.0014, -0.0105]], requires_grad=True)
[2023-01-19 20:09:57,203][__main__][INFO] - scores: tensor([[24.7031, 25.3281, 24.2188, 23.1719, 24.4219]], device='cuda:0',
       dtype=torch.float16, grad_fn=<MmBackward>)
[2023-01-19 20:09:57,415][__main__][INFO] - parameters: Parameter containing:
tensor([[-0.0038, -0.0025, -0.0023, -0.0076, -0.0146, -0.0102, -0.0261, -0.0157,
          0.0019, -0.0104]], requires_grad=True)
[2023-01-19 20:09:57,417][__main__][INFO] - scores: tensor([[24.7188, 25.3281, 24.2188, 23.1719, 24.4375]], device='cuda:0',
       dtype=torch.float16, grad_fn=<MmBackward>)
[2023-01-19 20:09:57,639][__main__][INFO] - parameters: Parameter containing:
tensor([[-0.0037, -0.0025, -0.0022, -0.0076, -0.0148, -0.0101, -0.0265, -0.0160,
          0.0024, -0.0102]], requires_grad=True)
[2023-01-19 20:09:57,641][__main__][INFO] - scores: tensor([[24.7188, 25.3281, 24.2188, 23.1875, 24.4375]], device='cuda:0',
       dtype=torch.float16, grad_fn=<MmBackward>)
[2023-01-19 20:09:57,873][__main__][INFO] - parameters: Parameter containing:
tensor([[-0.0037, -0.0024, -0.0021, -0.0076, -0.0151, -0.0100, -0.0269, -0.0162,
          0.0029, -0.0101]], requires_grad=True)
[2023-01-19 20:09:57,875][__main__][INFO] - scores: tensor([[24.7188, 25.3281, 24.2188, 23.1875, 24.4375]], device='cuda:0',
       dtype=torch.float16, grad_fn=<MmBackward>)
[2023-01-19 20:09:58,114][__main__][INFO] - parameters: Parameter containing:
tensor([[-0.0037, -0.0024, -0.0020, -0.0076, -0.0154, -0.0099, -0.0273, -0.0165,
          0.0034, -0.0099]], requires_grad=True)
[2023-01-19 20:09:58,116][__main__][INFO] - scores: tensor([[24.7031, 25.3281, 24.2188, 23.1719, 24.4375]], device='cuda:0',
       dtype=torch.float16, grad_fn=<MmBackward>)
[2023-01-19 20:09:58,336][__main__][INFO] - parameters: Parameter containing:
tensor([[-0.0038, -0.0024, -0.0019, -0.0077, -0.0156, -0.0098, -0.0277, -0.0167,
          0.0038, -0.0097]], requires_grad=True)
[2023-01-19 20:09:58,348][__main__][INFO] - scores: tensor([[24.7188, 25.3281, 24.2188, 23.1719, 24.4375]], device='cuda:0',
       dtype=torch.float16, grad_fn=<MmBackward>)
[2023-01-19 20:09:58,593][__main__][INFO] - parameters: Parameter containing:
tensor([[-0.0039, -0.0023, -0.0019, -0.0077, -0.0159, -0.0097, -0.0280, -0.0169,
          0.0042, -0.0096]], requires_grad=True)
[2023-01-19 20:09:58,594][__main__][INFO] - scores: tensor([[24.7031, 25.3281, 24.2188, 23.1719, 24.4375]], device='cuda:0',
       dtype=torch.float16, grad_fn=<MmBackward>)
[2023-01-19 20:09:58,817][__main__][INFO] - parameters: Parameter containing:
tensor([[-0.0039, -0.0022, -0.0018, -0.0077, -0.0161, -0.0097, -0.0283, -0.0171,
          0.0045, -0.0095]], requires_grad=True)
[2023-01-19 20:09:58,819][__main__][INFO] - scores: tensor([[24.7188, 25.3281, 24.2188, 23.1719, 24.4375]], device='cuda:0',
       dtype=torch.float16, grad_fn=<MmBackward>)
[2023-01-19 20:09:59,037][__main__][INFO] - parameters: Parameter containing:
tensor([[-0.0040, -0.0021, -0.0017, -0.0078, -0.0163, -0.0096, -0.0287, -0.0172,
          0.0048, -0.0094]], requires_grad=True)
[2023-01-19 20:09:59,041][__main__][INFO] - scores: tensor([[24.7188, 25.3281, 24.2188, 23.1875, 24.4375]], device='cuda:0',
       dtype=torch.float16, grad_fn=<MmBackward>)
[2023-01-19 20:09:59,273][__main__][INFO] - parameters: Parameter containing:
tensor([[-0.0041, -0.0019, -0.0017, -0.0078, -0.0165, -0.0095, -0.0290, -0.0174,
          0.0050, -0.0093]], requires_grad=True)
[2023-01-19 20:09:59,279][__main__][INFO] - scores: tensor([[24.7031, 25.3281, 24.2188, 23.1875, 24.4375]], device='cuda:0',
       dtype=torch.float16, grad_fn=<MmBackward>)
[2023-01-19 20:09:59,490][__main__][INFO] - parameters: Parameter containing:
tensor([[-0.0041, -0.0017, -0.0016, -0.0078, -0.0166, -0.0094, -0.0292, -0.0175,
          0.0052, -0.0093]], requires_grad=True)
[2023-01-19 20:09:59,492][__main__][INFO] - scores: tensor([[24.7031, 25.3281, 24.2188, 23.1719, 24.4375]], device='cuda:0',
       dtype=torch.float16, grad_fn=<MmBackward>)
[2023-01-19 20:09:59,738][__main__][INFO] - parameters: Parameter containing:
tensor([[-0.0041, -0.0016, -0.0016, -0.0078, -0.0168, -0.0092, -0.0295, -0.0176,
          0.0054, -0.0092]], requires_grad=True)
[2023-01-19 20:09:59,740][__main__][INFO] - scores: tensor([[24.7031, 25.3281, 24.2188, 23.1719, 24.4375]], device='cuda:0',
       dtype=torch.float16, grad_fn=<MmBackward>)
[2023-01-19 20:09:59,990][__main__][INFO] - parameters: Parameter containing:
tensor([[-0.0042, -0.0014, -0.0016, -0.0078, -0.0170, -0.0091, -0.0298, -0.0177,
          0.0055, -0.0091]], requires_grad=True)
[2023-01-19 20:09:59,992][__main__][INFO] - scores: tensor([[24.7188, 25.3281, 24.2188, 23.1875, 24.4375]], device='cuda:0',
       dtype=torch.float16, grad_fn=<MmBackward>)
[2023-01-19 20:10:00,221][__main__][INFO] - parameters: Parameter containing:
tensor([[-0.0042, -0.0012, -0.0016, -0.0078, -0.0172, -0.0089, -0.0301, -0.0178,
          0.0057, -0.0090]], requires_grad=True)
[2023-01-19 20:10:00,223][__main__][INFO] - scores: tensor([[24.7188, 25.3281, 24.2188, 23.1875, 24.4375]], device='cuda:0',
       dtype=torch.float16, grad_fn=<MmBackward>)
[2023-01-19 20:10:00,436][__main__][INFO] - parameters: Parameter containing:
tensor([[-0.0042, -0.0010, -0.0016, -0.0078, -0.0174, -0.0088, -0.0304, -0.0178,
          0.0058, -0.0089]], requires_grad=True)
[2023-01-19 20:10:00,438][__main__][INFO] - scores: tensor([[24.7188, 25.3281, 24.2188, 23.1719, 24.4375]], device='cuda:0',
       dtype=torch.float16, grad_fn=<MmBackward>)
[2023-01-19 20:10:00,643][__main__][INFO] - parameters: Parameter containing:
tensor([[-0.0042, -0.0009, -0.0017, -0.0078, -0.0176, -0.0086, -0.0307, -0.0179,
          0.0058, -0.0088]], requires_grad=True)
[2023-01-19 20:10:00,656][__main__][INFO] - scores: tensor([[24.7188, 25.3438, 24.2344, 23.1875, 24.4375]], device='cuda:0',
       dtype=torch.float16, grad_fn=<MmBackward>)
[2023-01-19 20:10:00,893][__main__][INFO] - parameters: Parameter containing:
tensor([[-0.0042, -0.0007, -0.0017, -0.0078, -0.0178, -0.0084, -0.0311, -0.0179,
          0.0059, -0.0087]], requires_grad=True)
[2023-01-19 20:10:00,895][__main__][INFO] - scores: tensor([[24.7188, 25.3438, 24.2344, 23.1875, 24.4375]], device='cuda:0',
       dtype=torch.float16, grad_fn=<MmBackward>)
[2023-01-19 20:10:01,113][__main__][INFO] - parameters: Parameter containing:
tensor([[-0.0041, -0.0006, -0.0018, -0.0078, -0.0181, -0.0083, -0.0314, -0.0180,
          0.0060, -0.0085]], requires_grad=True)
[2023-01-19 20:10:01,115][__main__][INFO] - scores: tensor([[24.7188, 25.3281, 24.2344, 23.1875, 24.4531]], device='cuda:0',
       dtype=torch.float16, grad_fn=<MmBackward>)
[2023-01-19 20:10:01,337][__main__][INFO] - parameters: Parameter containing:
tensor([[-0.0041, -0.0005, -0.0019, -0.0079, -0.0183, -0.0081, -0.0317, -0.0181,
          0.0061, -0.0084]], requires_grad=True)
[2023-01-19 20:10:01,339][__main__][INFO] - scores: tensor([[24.7188, 25.3438, 24.2344, 23.1875, 24.4531]], device='cuda:0',
       dtype=torch.float16, grad_fn=<MmBackward>)
[2023-01-19 20:10:01,562][__main__][INFO] - parameters: Parameter containing:
tensor([[-0.0041, -0.0005, -0.0020, -0.0079, -0.0186, -0.0079, -0.0320, -0.0183,
          0.0063, -0.0082]], requires_grad=True)
[2023-01-19 20:10:01,564][__main__][INFO] - scores: tensor([[24.7188, 25.3281, 24.2188, 23.1875, 24.4375]], device='cuda:0',
       dtype=torch.float16, grad_fn=<MmBackward>)
[2023-01-19 20:10:01,804][__main__][INFO] - parameters: Parameter containing:
tensor([[-0.0042, -0.0005, -0.0022, -0.0079, -0.0188, -0.0077, -0.0323, -0.0185,
          0.0064, -0.0080]], requires_grad=True)
[2023-01-19 20:10:01,809][__main__][INFO] - scores: tensor([[24.7031, 25.3281, 24.2188, 23.1719, 24.4375]], device='cuda:0',
       dtype=torch.float16, grad_fn=<MmBackward>)
[2023-01-19 20:10:02,058][__main__][INFO] - parameters: Parameter containing:
tensor([[-0.0042, -0.0005, -0.0023, -0.0079, -0.0190, -0.0076, -0.0326, -0.0186,
          0.0066, -0.0078]], requires_grad=True)
[2023-01-19 20:10:02,059][__main__][INFO] - scores: tensor([[24.7188, 25.3281, 24.2188, 23.1875, 24.4375]], device='cuda:0',
       dtype=torch.float16, grad_fn=<MmBackward>)
[2023-01-19 20:10:02,300][__main__][INFO] - parameters: Parameter containing:
tensor([[-0.0042, -0.0004, -0.0024, -0.0079, -0.0193, -0.0074, -0.0328, -0.0187,
          0.0068, -0.0076]], requires_grad=True)
[2023-01-19 20:10:02,302][__main__][INFO] - scores: tensor([[24.7188, 25.3281, 24.2344, 23.1875, 24.4375]], device='cuda:0',
       dtype=torch.float16, grad_fn=<MmBackward>)
