[2023-01-19 16:44:08,713][__main__][INFO] - parameters: Parameter containing:
tensor([[-1.0000e-04, -1.0000e-04, -1.0000e-04,  1.0000e-04,  1.0000e-04,
          1.0000e-04,  1.0000e-04,  1.0000e-04, -1.0000e-04, -1.0000e-04]],
       requires_grad=True)
[2023-01-19 16:44:08,715][__main__][INFO] - scores: tensor([[25.0469, 26.2188, 24.6562, 23.4844, 24.6094]], device='cuda:0',
       dtype=torch.float16, grad_fn=<MmBackward>)
[2023-01-19 16:44:08,967][__main__][INFO] - parameters: Parameter containing:
tensor([[-0.0002, -0.0002, -0.0002,  0.0002,  0.0002,  0.0002,  0.0002,  0.0002,
         -0.0002, -0.0002]], requires_grad=True)
[2023-01-19 16:44:08,968][__main__][INFO] - scores: tensor([[25.0469, 26.2188, 24.6562, 23.4844, 24.6094]], device='cuda:0',
       dtype=torch.float16, grad_fn=<MmBackward>)
[2023-01-19 16:44:09,167][__main__][INFO] - parameters: Parameter containing:
tensor([[-0.0003, -0.0003, -0.0003,  0.0003,  0.0003,  0.0003,  0.0003,  0.0003,
         -0.0003, -0.0003]], requires_grad=True)
[2023-01-19 16:44:09,168][__main__][INFO] - scores: tensor([[25.0312, 26.2031, 24.6562, 23.4844, 24.6094]], device='cuda:0',
       dtype=torch.float16, grad_fn=<MmBackward>)
[2023-01-19 16:44:09,403][__main__][INFO] - parameters: Parameter containing:
tensor([[-0.0004, -0.0003, -0.0004,  0.0004,  0.0004,  0.0004,  0.0003,  0.0004,
         -0.0004, -0.0004]], requires_grad=True)
[2023-01-19 16:44:09,404][__main__][INFO] - scores: tensor([[25.0312, 26.2031, 24.6406, 23.4688, 24.6094]], device='cuda:0',
       dtype=torch.float16, grad_fn=<MmBackward>)
[2023-01-19 16:44:09,624][__main__][INFO] - parameters: Parameter containing:
tensor([[-0.0005, -0.0004, -0.0005,  0.0005,  0.0005,  0.0005,  0.0003,  0.0005,
         -0.0005, -0.0005]], requires_grad=True)
[2023-01-19 16:44:09,625][__main__][INFO] - scores: tensor([[25.0469, 26.2188, 24.6562, 23.4844, 24.6094]], device='cuda:0',
       dtype=torch.float16, grad_fn=<MmBackward>)
[2023-01-19 16:44:09,853][__main__][INFO] - parameters: Parameter containing:
tensor([[-0.0006, -0.0004, -0.0006,  0.0005,  0.0005,  0.0006,  0.0003,  0.0006,
         -0.0006, -0.0006]], requires_grad=True)
[2023-01-19 16:44:09,855][__main__][INFO] - scores: tensor([[25.0469, 26.2188, 24.6719, 23.4844, 24.6094]], device='cuda:0',
       dtype=torch.float16, grad_fn=<MmBackward>)
[2023-01-19 16:44:10,078][__main__][INFO] - parameters: Parameter containing:
tensor([[-0.0006, -0.0003, -0.0007,  0.0006,  0.0006,  0.0007,  0.0002,  0.0007,
         -0.0007, -0.0007]], requires_grad=True)
[2023-01-19 16:44:10,079][__main__][INFO] - scores: tensor([[25.0312, 26.2188, 24.6562, 23.4844, 24.6094]], device='cuda:0',
       dtype=torch.float16, grad_fn=<MmBackward>)
[2023-01-19 16:44:10,320][__main__][INFO] - parameters: Parameter containing:
tensor([[-0.0007, -0.0003, -0.0007,  0.0007,  0.0007,  0.0007,  0.0002,  0.0008,
         -0.0008, -0.0008]], requires_grad=True)
[2023-01-19 16:44:10,321][__main__][INFO] - scores: tensor([[25.0312, 26.2188, 24.6562, 23.4844, 24.6094]], device='cuda:0',
       dtype=torch.float16, grad_fn=<MmBackward>)
[2023-01-19 16:44:10,556][__main__][INFO] - parameters: Parameter containing:
tensor([[-7.9321e-04, -2.5607e-04, -8.1050e-04,  7.2889e-04,  6.9946e-04,
          8.1488e-04,  8.4633e-05,  8.9188e-04, -8.9193e-04, -8.5599e-04]],
       requires_grad=True)
[2023-01-19 16:44:10,557][__main__][INFO] - scores: tensor([[25.0312, 26.2031, 24.6562, 23.4844, 24.6094]], device='cuda:0',
       dtype=torch.float16, grad_fn=<MmBackward>)
[2023-01-19 16:44:10,760][__main__][INFO] - parameters: Parameter containing:
tensor([[-8.6075e-04, -2.0122e-04, -8.8558e-04,  7.6592e-04,  7.2981e-04,
          8.8780e-04,  3.9291e-06,  9.9330e-04, -9.9122e-04, -9.1213e-04]],
       requires_grad=True)
[2023-01-19 16:44:10,761][__main__][INFO] - scores: tensor([[25.0469, 26.2188, 24.6562, 23.4844, 24.6094]], device='cuda:0',
       dtype=torch.float16, grad_fn=<MmBackward>)
[2023-01-19 16:44:10,971][__main__][INFO] - parameters: Parameter containing:
tensor([[-9.2174e-04, -1.4221e-04, -9.5655e-04,  7.8670e-04,  7.4467e-04,
          9.5430e-04, -8.2888e-05,  1.0962e-03, -1.0904e-03, -9.3997e-04]],
       requires_grad=True)
[2023-01-19 16:44:10,972][__main__][INFO] - scores: tensor([[25.0312, 26.2188, 24.6562, 23.4844, 24.6094]], device='cuda:0',
       dtype=torch.float16, grad_fn=<MmBackward>)
