[2023-02-07 19:03:28,300][choosing_descriptors][INFO] - There are total of 24 descriptors
[2023-02-07 19:03:28,302][choosing_descriptors][INFO] - Keeping ['muscular', 'big', 'long torso']
[2023-02-07 19:03:28,304][choosing_descriptors][INFO] - Working on cluster 0
[2023-02-07 19:03:28,305][choosing_descriptors][INFO] - 0 most variance descriptor - long legs
[2023-02-07 19:03:28,306][choosing_descriptors][INFO] - long legs is correlated with muscular with corr 0.642975867496906
[2023-02-07 19:03:28,306][choosing_descriptors][INFO] - 1 most variance descriptor - pear shaped
[2023-02-07 19:03:28,307][choosing_descriptors][INFO] - pear shaped is correlated with long torso with corr -0.6819709577289425
[2023-02-07 19:03:28,308][choosing_descriptors][INFO] - 2 most variance descriptor - petite
[2023-02-07 19:03:28,308][choosing_descriptors][INFO] - petite is correlated with muscular with corr 0.7297219623197917
[2023-02-07 19:03:28,309][choosing_descriptors][INFO] - 3 most variance descriptor - curvy
[2023-02-07 19:03:28,310][choosing_descriptors][INFO] - Adding curvy to chosen descriptors
[2023-02-07 19:03:28,310][choosing_descriptors][INFO] - long torso already chosen
[2023-02-07 19:03:28,310][choosing_descriptors][INFO] - 5 most variance descriptor - stocky
[2023-02-07 19:03:28,313][choosing_descriptors][INFO] - Adding stocky to chosen descriptors
[2023-02-07 19:03:28,313][choosing_descriptors][INFO] - 6 most variance descriptor - skinny
[2023-02-07 19:03:28,314][choosing_descriptors][INFO] - skinny is correlated with muscular with corr 0.6893712482391238
[2023-02-07 19:03:28,314][choosing_descriptors][INFO] - 7 most variance descriptor - short
[2023-02-07 19:03:28,315][choosing_descriptors][INFO] - short is correlated with muscular with corr 0.7677433060792132
[2023-02-07 19:03:28,315][choosing_descriptors][INFO] - 8 most variance descriptor - short legs
[2023-02-07 19:03:28,316][choosing_descriptors][INFO] - short legs is correlated with muscular with corr 0.6414495578890684
[2023-02-07 19:03:28,316][choosing_descriptors][INFO] - 9 most variance descriptor - short torso
[2023-02-07 19:03:28,317][choosing_descriptors][INFO] - short torso is correlated with long torso with corr 0.9314299362656769
[2023-02-07 19:03:28,318][choosing_descriptors][INFO] - 10 most variance descriptor - small
[2023-02-07 19:03:28,321][choosing_descriptors][INFO] - Adding small to chosen descriptors
[2023-02-07 19:03:28,322][choosing_descriptors][INFO] - 11 most variance descriptor - round apple
[2023-02-07 19:03:28,325][choosing_descriptors][INFO] - round apple is correlated with small with corr 0.7779891746972311
[2023-02-07 19:03:28,326][choosing_descriptors][INFO] - 12 most variance descriptor - lean
[2023-02-07 19:03:28,330][choosing_descriptors][INFO] - Adding lean to chosen descriptors
[2023-02-07 19:03:28,330][choosing_descriptors][INFO] - muscular already chosen
[2023-02-07 19:03:28,331][choosing_descriptors][INFO] - 14 most variance descriptor - fit
[2023-02-07 19:03:28,332][choosing_descriptors][INFO] - fit is correlated with muscular with corr 0.8105060151511482
[2023-02-07 19:03:28,332][choosing_descriptors][INFO] - 15 most variance descriptor - sturdy
[2023-02-07 19:03:28,335][choosing_descriptors][INFO] - sturdy is correlated with stocky with corr 0.6923270424139079
[2023-02-07 19:03:28,336][choosing_descriptors][INFO] - 16 most variance descriptor - proportioned
[2023-02-07 19:03:28,338][choosing_descriptors][INFO] - proportioned is correlated with long torso with corr 0.6455200140055443
[2023-02-07 19:03:28,338][choosing_descriptors][INFO] - currently chosen descriptors: {'muscular': {'variance': 0.0791416796050072}, 'long torso': {'variance': 0.1549449347427875}, 'curvy': {'variance': 0.2031263402633777}, 'stocky': {'variance': 0.14804563489479133}, 'small': {'variance': 0.10449822789779754}, 'lean': {'variance': 0.08041552088543405}}
[2023-02-07 19:03:28,338][choosing_descriptors][INFO] - Finished cluster 0
[2023-02-07 19:03:28,339][choosing_descriptors][INFO] - Working on cluster 1
[2023-02-07 19:03:28,339][choosing_descriptors][INFO] - 0 most variance descriptor - fat
[2023-02-07 19:03:28,341][choosing_descriptors][INFO] - fat is correlated with big with corr 0.9582606590779498
[2023-02-07 19:03:28,341][choosing_descriptors][INFO] - big already chosen
[2023-02-07 19:03:28,342][choosing_descriptors][INFO] - 2 most variance descriptor - heavyset
[2023-02-07 19:03:28,342][choosing_descriptors][INFO] - heavyset is correlated with big with corr 0.8644198624869593
[2023-02-07 19:03:28,343][choosing_descriptors][INFO] - 3 most variance descriptor - tall
[2023-02-07 19:03:28,344][choosing_descriptors][INFO] - Adding tall to chosen descriptors
[2023-02-07 19:03:28,344][choosing_descriptors][INFO] - 4 most variance descriptor - rectangular
[2023-02-07 19:03:28,346][choosing_descriptors][INFO] - Adding rectangular to chosen descriptors
[2023-02-07 19:03:28,346][choosing_descriptors][INFO] - 5 most variance descriptor - long
[2023-02-07 19:03:28,348][choosing_descriptors][INFO] - long is correlated with tall with corr 0.7890032844924143
[2023-02-07 19:03:28,349][choosing_descriptors][INFO] - 6 most variance descriptor - narrow waist
[2023-02-07 19:03:28,351][choosing_descriptors][INFO] - Adding narrow waist to chosen descriptors
[2023-02-07 19:03:28,352][choosing_descriptors][INFO] - currently chosen descriptors: {'big': {'variance': 0.23673253972569852}, 'tall': {'variance': 0.10229257962289515}, 'rectangular': {'variance': 0.08618068913596198}, 'narrow waist': {'variance': 0.06268055690329936}}
[2023-02-07 19:03:28,352][choosing_descriptors][INFO] - Finished cluster 1
[2023-02-07 19:03:28,352][choosing_descriptors][INFO] - There are 10 chosen descriptors in initial filter
[2023-02-07 19:03:28,352][choosing_descriptors][INFO] - chosen descriptors: [['muscular', 'long torso', 'curvy', 'stocky', 'small', 'lean'], ['big', 'tall', 'rectangular', 'narrow waist']]
[2023-02-07 19:03:28,353][choosing_descriptors][INFO] - Final filter
[2023-02-07 19:03:28,355][choosing_descriptors][INFO] - Descriptor curvy has variance 0.2031263402633777
[2023-02-07 19:03:28,357][choosing_descriptors][INFO] - Descriptor curvy is correlated with big with correlation 0.600816365865602
[2023-02-07 19:03:28,357][choosing_descriptors][INFO] - Removing curvy because big is already chosen
[2023-02-07 19:03:29,452][choosing_descriptors][INFO] - Descriptor long torso has variance 0.1549449347427875
[2023-02-07 19:03:29,453][choosing_descriptors][INFO] - Descriptor long torso is correlated with tall with correlation 0.7484652730083621
[2023-02-07 19:03:29,454][choosing_descriptors][INFO] - Removing tall because it is correlated with long torso
[2023-02-07 19:03:29,454][choosing_descriptors][INFO] - Descriptor long torso is correlated with rectangular with correlation 0.6895169816102731
[2023-02-07 19:03:29,454][choosing_descriptors][INFO] - Removing rectangular because it is correlated with long torso
[2023-02-07 19:03:29,468][choosing_descriptors][INFO] - Descriptor stocky has variance 0.14804563489479133
[2023-02-07 19:03:29,469][choosing_descriptors][INFO] - Descriptor stocky is correlated with big with correlation 0.8135351714411505
[2023-02-07 19:03:29,470][choosing_descriptors][INFO] - Removing stocky because big is already chosen
[2023-02-07 19:03:29,470][choosing_descriptors][INFO] - Descriptor small has variance 0.10449822789779754
[2023-02-07 19:03:29,471][choosing_descriptors][INFO] - Descriptor small is correlated with big with correlation 0.7207341694407982
[2023-02-07 19:03:29,471][choosing_descriptors][INFO] - Removing small because big is already chosen
[2023-02-07 19:03:29,540][choosing_descriptors][INFO] - Removing small because it is an antonym of big
[2023-02-07 19:03:29,540][choosing_descriptors][INFO] - Descriptor lean has variance 0.08041552088543405
[2023-02-07 19:03:29,542][choosing_descriptors][INFO] - Descriptor muscular has variance 0.0791416796050072
[2023-02-07 19:03:29,544][choosing_descriptors][INFO] - Descriptor muscular is correlated with tall with correlation 0.6083917838306692
[2023-02-07 19:03:29,544][choosing_descriptors][INFO] - Descriptor muscular is correlated with rectangular with correlation 0.6144130720784252
[2023-02-07 19:03:29,544][choosing_descriptors][INFO] - Descriptor narrow waist has variance 0.06268055690329936
