[2023-01-29 18:34:39,677][__main__][INFO] - Processing 3_female.jpg...

[2023-01-29 18:34:39,677][__main__][INFO] - Video already exists, skipping...
[2023-01-29 18:34:39,677][__main__][INFO] - Processing 6_male.jpg...

[2023-01-29 18:35:18,669][__main__][INFO] - Processing 5_female.jpg...

[2023-01-29 18:35:18,669][__main__][INFO] - Video already exists, skipping...
[2023-01-29 18:35:18,669][__main__][INFO] - Processing 18_female.jpg...

[2023-01-29 18:35:18,669][__main__][INFO] - Video already exists, skipping...
[2023-01-29 18:35:18,669][__main__][INFO] - Processing 20_male.jpg...

[2023-01-29 18:35:57,877][__main__][INFO] - Processing 8_male.jpg...

[2023-01-29 18:36:32,944][__main__][INFO] - Processing 12_female.jpg...

[2023-01-29 18:36:32,944][__main__][INFO] - Video already exists, skipping...
[2023-01-29 18:36:32,944][__main__][INFO] - Processing 11_male.jpg...

[2023-01-29 18:37:08,184][__main__][INFO] - Processing 0_female.jpg...

[2023-01-29 18:37:08,185][__main__][INFO] - Video already exists, skipping...
[2023-01-29 18:37:08,185][__main__][INFO] - Processing test_image2shape.png...

[2023-01-29 18:37:08,185][__main__][INFO] - Video already exists, skipping...
[2023-01-29 18:37:08,185][__main__][INFO] - Processing 19_male.jpg...

[2023-01-29 18:37:45,417][__main__][INFO] - Processing 15_female.jpg...

[2023-01-29 18:37:45,417][__main__][INFO] - Video already exists, skipping...
[2023-01-29 18:37:45,418][__main__][INFO] - Processing fat_woman.jpeg...

[2023-01-29 18:37:45,418][__main__][INFO] - Video already exists, skipping...
[2023-01-29 18:37:45,418][__main__][INFO] - Processing 13_female.jpg...

[2023-01-29 18:37:45,418][__main__][INFO] - Video already exists, skipping...
[2023-01-29 18:37:45,418][__main__][INFO] - Processing the_rock.jpeg...

