[2023-01-03 15:44:00,650][__main__][INFO] - Optimizing for happy...
[2023-01-03 15:44:00,651][__main__][INFO] - Phase: regular
[2023-01-03 15:44:30,144][__main__][INFO] - Phase: inverse
[2023-01-03 15:44:58,005][__main__][INFO] - Optimizing for sad...
[2023-01-03 15:44:58,008][__main__][INFO] - Phase: regular
[2023-01-03 15:45:25,055][__main__][INFO] - Phase: inverse
[2023-01-03 15:45:51,949][__main__][INFO] - Optimizing for worried...
[2023-01-03 15:45:51,951][__main__][INFO] - Phase: regular
[2023-01-03 15:46:19,140][__main__][INFO] - Phase: inverse
[2023-01-03 15:46:45,772][__main__][INFO] - Optimizing for angry...
[2023-01-03 15:46:45,773][__main__][INFO] - Phase: regular
[2023-01-03 15:47:12,709][__main__][INFO] - Phase: inverse
[2023-01-03 15:47:39,100][__main__][INFO] - Optimizing for surprised...
[2023-01-03 15:47:39,101][__main__][INFO] - Phase: regular
[2023-01-03 15:48:05,425][__main__][INFO] - Phase: inverse
[2023-01-03 15:48:31,984][__main__][INFO] - Optimizing for disgusted...
[2023-01-03 15:48:31,985][__main__][INFO] - Phase: regular
[2023-01-03 15:48:59,322][__main__][INFO] - Phase: inverse
[2023-01-03 15:49:25,435][__main__][INFO] - Optimizing for afraid...
[2023-01-03 15:49:25,436][__main__][INFO] - Phase: regular
[2023-01-03 15:49:52,352][__main__][INFO] - Phase: inverse
[2023-01-03 15:50:19,358][__main__][INFO] - Optimizing for bored...
[2023-01-03 15:50:19,358][__main__][INFO] - Phase: regular
[2023-01-03 15:50:46,528][__main__][INFO] - Phase: inverse
[2023-01-03 15:51:14,153][__main__][INFO] - Optimizing for open mouth...
[2023-01-03 15:51:14,154][__main__][INFO] - Phase: regular
[2023-01-03 15:51:42,249][__main__][INFO] - Phase: inverse
[2023-01-03 15:52:10,845][__main__][INFO] - Optimizing for raise eyebrows...
[2023-01-03 15:52:10,847][__main__][INFO] - Phase: regular
[2023-01-03 15:52:38,416][__main__][INFO] - Phase: inverse
[2023-01-03 15:53:05,176][__main__][INFO] - Optimizing for smile...
[2023-01-03 15:53:05,178][__main__][INFO] - Phase: regular
[2023-01-03 15:53:32,131][__main__][INFO] - Phase: inverse
[2023-01-03 15:53:58,968][__main__][INFO] - Optimizing for frown...
[2023-01-03 15:53:58,969][__main__][INFO] - Phase: regular
[2023-01-03 15:54:25,755][__main__][INFO] - Phase: inverse
[2023-01-03 15:54:52,339][__main__][INFO] - Optimizing for open eyes...
[2023-01-03 15:54:52,340][__main__][INFO] - Phase: regular
[2023-01-03 15:55:20,027][__main__][INFO] - Phase: inverse
