[2023-02-07 19:05:36,848][choosing_descriptors][INFO] - There are total of 24 descriptors
[2023-02-07 19:05:36,849][choosing_descriptors][INFO] - Keeping []
[2023-02-07 19:05:36,850][choosing_descriptors][INFO] - Working on cluster 0
[2023-02-07 19:05:36,850][choosing_descriptors][INFO] - 0 most variance descriptor - long legs
[2023-02-07 19:05:36,850][choosing_descriptors][INFO] - Adding long legs to chosen descriptors
[2023-02-07 19:05:36,851][choosing_descriptors][INFO] - 1 most variance descriptor - pear shaped
[2023-02-07 19:05:36,852][choosing_descriptors][INFO] - pear shaped is correlated with long legs with corr -0.8050377920389262
[2023-02-07 19:05:36,852][choosing_descriptors][INFO] - 2 most variance descriptor - petite
[2023-02-07 19:05:36,852][choosing_descriptors][INFO] - petite is correlated with long legs with corr 0.612664013587361
[2023-02-07 19:05:36,852][choosing_descriptors][INFO] - 3 most variance descriptor - curvy
[2023-02-07 19:05:36,853][choosing_descriptors][INFO] - Adding curvy to chosen descriptors
[2023-02-07 19:05:36,853][choosing_descriptors][INFO] - 4 most variance descriptor - long torso
[2023-02-07 19:05:36,854][choosing_descriptors][INFO] - long torso is correlated with long legs with corr 0.8114267657337618
[2023-02-07 19:05:36,854][choosing_descriptors][INFO] - 5 most variance descriptor - stocky
[2023-02-07 19:05:36,855][choosing_descriptors][INFO] - stocky is correlated with long legs with corr -0.6014624114402887
[2023-02-07 19:05:36,856][choosing_descriptors][INFO] - 6 most variance descriptor - skinny
[2023-02-07 19:05:36,856][choosing_descriptors][INFO] - skinny is correlated with long legs with corr 0.8993787162874544
[2023-02-07 19:05:36,857][choosing_descriptors][INFO] - 7 most variance descriptor - short
[2023-02-07 19:05:36,857][choosing_descriptors][INFO] - short is correlated with long legs with corr 0.6849345371139252
[2023-02-07 19:05:36,858][choosing_descriptors][INFO] - 8 most variance descriptor - short legs
[2023-02-07 19:05:36,858][choosing_descriptors][INFO] - short legs is correlated with long legs with corr 0.8776318847933832
[2023-02-07 19:05:36,858][choosing_descriptors][INFO] - 9 most variance descriptor - short torso
[2023-02-07 19:05:36,859][choosing_descriptors][INFO] - short torso is correlated with long legs with corr 0.6683632969782141
[2023-02-07 19:05:36,859][choosing_descriptors][INFO] - 10 most variance descriptor - small
[2023-02-07 19:05:36,861][choosing_descriptors][INFO] - Adding small to chosen descriptors
[2023-02-07 19:05:36,861][choosing_descriptors][INFO] - 11 most variance descriptor - round apple
[2023-02-07 19:05:36,863][choosing_descriptors][INFO] - round apple is correlated with small with corr 0.7779891746972311
[2023-02-07 19:05:36,863][choosing_descriptors][INFO] - 12 most variance descriptor - lean
[2023-02-07 19:05:36,865][choosing_descriptors][INFO] - Adding lean to chosen descriptors
[2023-02-07 19:05:36,865][choosing_descriptors][INFO] - 13 most variance descriptor - muscular
[2023-02-07 19:05:36,866][choosing_descriptors][INFO] - muscular is correlated with long legs with corr 0.6429758674969062
[2023-02-07 19:05:36,866][choosing_descriptors][INFO] - 14 most variance descriptor - fit
[2023-02-07 19:05:36,866][choosing_descriptors][INFO] - fit is correlated with long legs with corr 0.6737290116942682
[2023-02-07 19:05:36,867][choosing_descriptors][INFO] - 15 most variance descriptor - sturdy
[2023-02-07 19:05:36,868][choosing_descriptors][INFO] - sturdy is correlated with small with corr 0.7356736938585312
[2023-02-07 19:05:36,868][choosing_descriptors][INFO] - 16 most variance descriptor - proportioned
[2023-02-07 19:05:36,870][choosing_descriptors][INFO] - Adding proportioned to chosen descriptors
[2023-02-07 19:05:36,870][choosing_descriptors][INFO] - currently chosen descriptors: {'long legs': {'variance': 0.44365185180541955}, 'curvy': {'variance': 0.2031263402633777}, 'small': {'variance': 0.10449822789779754}, 'lean': {'variance': 0.08041552088543405}, 'proportioned': {'variance': 0.04597921431709876}}
[2023-02-07 19:05:36,870][choosing_descriptors][INFO] - Finished cluster 0
[2023-02-07 19:05:36,870][choosing_descriptors][INFO] - Working on cluster 1
[2023-02-07 19:05:36,871][choosing_descriptors][INFO] - 0 most variance descriptor - fat
[2023-02-07 19:05:36,871][choosing_descriptors][INFO] - Adding fat to chosen descriptors
[2023-02-07 19:05:36,871][choosing_descriptors][INFO] - 1 most variance descriptor - big
[2023-02-07 19:05:36,872][choosing_descriptors][INFO] - big is correlated with fat with corr 0.9582606590779499
[2023-02-07 19:05:36,872][choosing_descriptors][INFO] - 2 most variance descriptor - heavyset
[2023-02-07 19:05:36,873][choosing_descriptors][INFO] - heavyset is correlated with fat with corr 0.9268641247092131
[2023-02-07 19:05:36,873][choosing_descriptors][INFO] - 3 most variance descriptor - tall
[2023-02-07 19:05:36,874][choosing_descriptors][INFO] - tall is correlated with fat with corr -0.6042991383125212
[2023-02-07 19:05:36,874][choosing_descriptors][INFO] - 4 most variance descriptor - rectangular
[2023-02-07 19:05:36,875][choosing_descriptors][INFO] - Adding rectangular to chosen descriptors
[2023-02-07 19:05:36,875][choosing_descriptors][INFO] - 5 most variance descriptor - long
[2023-02-07 19:05:36,877][choosing_descriptors][INFO] - long is correlated with rectangular with corr 0.638950353317122
[2023-02-07 19:05:36,877][choosing_descriptors][INFO] - 6 most variance descriptor - narrow waist
[2023-02-07 19:05:36,878][choosing_descriptors][INFO] - Adding narrow waist to chosen descriptors
[2023-02-07 19:05:36,879][choosing_descriptors][INFO] - currently chosen descriptors: {'fat': {'variance': 0.589250367635566}, 'rectangular': {'variance': 0.08618068913596198}, 'narrow waist': {'variance': 0.06268055690329936}}
[2023-02-07 19:05:36,879][choosing_descriptors][INFO] - Finished cluster 1
[2023-02-07 19:05:36,879][choosing_descriptors][INFO] - There are 8 chosen descriptors in initial filter
[2023-02-07 19:05:36,879][choosing_descriptors][INFO] - chosen descriptors: [['long legs', 'curvy', 'small', 'lean', 'proportioned'], ['fat', 'rectangular', 'narrow waist']]
[2023-02-07 19:05:36,879][choosing_descriptors][INFO] - Final filter
[2023-02-07 19:05:36,881][choosing_descriptors][INFO] - Descriptor long legs has variance 0.44365185180541955
[2023-02-07 19:05:36,882][choosing_descriptors][INFO] - Descriptor long legs is correlated with rectangular with correlation 0.6304712911796552
[2023-02-07 19:05:36,882][choosing_descriptors][INFO] - Removing rectangular because it is correlated with long legs
[2023-02-07 19:05:37,889][choosing_descriptors][INFO] - Descriptor curvy has variance 0.2031263402633777
[2023-02-07 19:05:37,890][choosing_descriptors][INFO] - Descriptor curvy is correlated with fat with correlation 0.7115447504015168
[2023-02-07 19:05:37,890][choosing_descriptors][INFO] - Removing curvy because fat is already chosen
[2023-02-07 19:05:37,890][choosing_descriptors][INFO] - Descriptor small has variance 0.10449822789779754
[2023-02-07 19:05:37,891][choosing_descriptors][INFO] - Descriptor small is correlated with fat with correlation 0.6781772328354719
[2023-02-07 19:05:37,891][choosing_descriptors][INFO] - Removing small because fat is already chosen
[2023-02-07 19:05:37,963][choosing_descriptors][INFO] - Descriptor lean has variance 0.08041552088543405
[2023-02-07 19:05:37,965][choosing_descriptors][INFO] - Removing lean because it is an antonym of fat
[2023-02-07 19:05:37,965][choosing_descriptors][INFO] - Descriptor narrow waist has variance 0.06268055690329936
[2023-02-07 19:05:37,967][choosing_descriptors][INFO] - Descriptor proportioned has variance 0.04597921431709876
[2023-02-07 19:05:37,969][choosing_descriptors][INFO] - Too few descriptors (4) - increasing
[2023-02-07 19:05:37,970][choosing_descriptors][INFO] - Descriptor lean is an antonym of fat - skipping
[2023-02-07 19:05:37,972][choosing_descriptors][INFO] - Descriptor big is an antonym of small - skipping
[2023-02-07 19:05:37,975][choosing_descriptors][INFO] - Descriptor short legs is an antonym of long legs - skipping
[2023-02-07 19:05:37,975][choosing_descriptors][INFO] - Descriptor heavyset is a synonym of stocky - skipping
[2023-02-07 19:05:37,976][choosing_descriptors][INFO] - Descriptor short torso is an antonym of long torso - skipping
[2023-02-07 19:05:37,978][choosing_descriptors][INFO] - Descriptor tall is an antonym of short - skipping
[2023-02-07 19:05:37,978][choosing_descriptors][INFO] - Descriptor lean is an antonym of fat - skipping
[2023-02-07 19:05:37,981][choosing_descriptors][INFO] - Descriptor long is an antonym of short - skipping
