[2023-01-19 20:47:53,058][__main__][INFO] - parameters: Parameter containing:
tensor([[-0.1000,  0.1000,  0.1000,  0.1000,  0.1000,  0.1000, -0.1000,  0.1000,
          0.1000, -0.1000]], requires_grad=True)
[2023-01-19 20:47:53,785][__main__][INFO] - parameters: Parameter containing:
tensor([[-0.1999,  0.1999,  0.1691,  0.0966,  0.0424,  0.1209, -0.1988,  0.1953,
          0.1752, -0.1883]], requires_grad=True)
[2023-01-19 20:47:54,096][__main__][INFO] - parameters: Parameter containing:
tensor([[-0.2499,  0.1754,  0.1522,  0.0748,  0.0748,  0.1396, -0.2241,  0.1568,
          0.1897, -0.2677]], requires_grad=True)
[2023-01-19 20:47:54,400][__main__][INFO] - parameters: Parameter containing:
tensor([[-0.3156,  0.1483,  0.1455,  0.0250,  0.0514,  0.1902, -0.2280,  0.1483,
          0.2335, -0.3065]], requires_grad=True)
[2023-01-19 20:47:54,713][__main__][INFO] - parameters: Parameter containing:
tensor([[-0.3669,  0.1147,  0.1364, -0.0387, -0.0015,  0.2515, -0.2250,  0.1658,
          0.2937, -0.3362]], requires_grad=True)
[2023-01-19 20:47:55,021][__main__][INFO] - parameters: Parameter containing:
tensor([[-0.4173,  0.0551,  0.1295, -0.0711,  0.0323,  0.2909, -0.1729,  0.2199,
          0.3271, -0.3228]], requires_grad=True)
[2023-01-19 20:47:55,340][__main__][INFO] - parameters: Parameter containing:
tensor([[-0.4763, -0.0092,  0.1286, -0.0965,  0.0719,  0.3468, -0.1166,  0.2830,
          0.3796, -0.3273]], requires_grad=True)
[2023-01-19 20:47:55,653][__main__][INFO] - parameters: Parameter containing:
tensor([[-0.4987, -0.0731,  0.1018, -0.0811,  0.1132,  0.4129, -0.0896,  0.3318,
          0.4037, -0.3508]], requires_grad=True)
[2023-01-19 20:47:55,959][__main__][INFO] - parameters: Parameter containing:
tensor([[-0.4792, -0.1357,  0.0642, -0.0425,  0.1506,  0.4891, -0.0782,  0.3523,
          0.4111, -0.3842]], requires_grad=True)
[2023-01-19 20:47:56,238][__main__][INFO] - parameters: Parameter containing:
tensor([[-0.4545, -0.1681,  0.0601, -0.0380,  0.1772,  0.5375, -0.0482,  0.3742,
          0.4345, -0.4410]], requires_grad=True)
[2023-01-19 20:47:56,549][__main__][INFO] - parameters: Parameter containing:
tensor([[-0.4230, -0.1773,  0.0588, -0.0431,  0.1743,  0.5793, -0.0404,  0.3796,
          0.4559, -0.4980]], requires_grad=True)
[2023-01-19 20:47:56,861][__main__][INFO] - parameters: Parameter containing:
tensor([[-0.3759, -0.1989,  0.0429, -0.0519,  0.1694,  0.6298, -0.0289,  0.3770,
          0.4767, -0.5424]], requires_grad=True)
[2023-01-19 20:47:57,141][__main__][INFO] - parameters: Parameter containing:
tensor([[-0.3401, -0.2011,  0.0478, -0.0547,  0.1613,  0.6689, -0.0250,  0.3613,
          0.4970, -0.5863]], requires_grad=True)
[2023-01-19 20:47:57,432][__main__][INFO] - parameters: Parameter containing:
tensor([[-0.3321, -0.1931,  0.0530, -0.0629,  0.1497,  0.6981, -0.0371,  0.3389,
          0.5144, -0.6403]], requires_grad=True)
[2023-01-19 20:47:57,732][__main__][INFO] - parameters: Parameter containing:
tensor([[-0.3378, -0.1861,  0.0685, -0.0660,  0.1534,  0.7169, -0.0421,  0.3143,
          0.5254, -0.6920]], requires_grad=True)
[2023-01-19 20:47:58,020][__main__][INFO] - parameters: Parameter containing:
tensor([[-0.3561, -0.1757,  0.0924, -0.0591,  0.1567,  0.7408, -0.0499,  0.2871,
          0.5319, -0.7522]], requires_grad=True)
[2023-01-19 20:47:58,292][__main__][INFO] - parameters: Parameter containing:
tensor([[-0.3734, -0.1619,  0.1165, -0.0476,  0.1624,  0.7565, -0.0614,  0.2706,
          0.5374, -0.8125]], requires_grad=True)
[2023-01-19 20:47:58,597][__main__][INFO] - parameters: Parameter containing:
tensor([[-0.3845, -0.1441,  0.1351, -0.0238,  0.1679,  0.7719, -0.0853,  0.2465,
          0.5352, -0.8731]], requires_grad=True)
[2023-01-19 20:47:58,897][__main__][INFO] - parameters: Parameter containing:
tensor([[-0.3880, -0.1320,  0.1449, -0.0078,  0.1699,  0.7927, -0.1076,  0.2196,
          0.5312, -0.9283]], requires_grad=True)
[2023-01-19 20:47:59,188][__main__][INFO] - parameters: Parameter containing:
tensor([[-0.4030, -0.1143,  0.1510, -0.0040,  0.1680,  0.8052, -0.1352,  0.1949,
          0.5252, -0.9784]], requires_grad=True)
[2023-01-19 20:47:59,495][__main__][INFO] - parameters: Parameter containing:
tensor([[-0.4284, -0.0947,  0.1584, -0.0041,  0.1630,  0.8066, -0.1615,  0.1768,
          0.5182, -1.0147]], requires_grad=True)
[2023-01-19 20:47:59,803][__main__][INFO] - parameters: Parameter containing:
tensor([[-4.3822e-01, -8.2249e-02,  1.7261e-01,  1.0046e-03,  1.5790e-01,
          8.1278e-01, -1.7988e-01,  1.5064e-01,  5.1162e-01, -1.0326e+00]],
       requires_grad=True)
[2023-01-19 20:48:00,100][__main__][INFO] - parameters: Parameter containing:
tensor([[-0.4613, -0.0658,  0.2146,  0.0062,  0.1614,  0.8173, -0.1761,  0.1336,
          0.5240, -1.0519]], requires_grad=True)
[2023-01-19 20:48:00,398][__main__][INFO] - parameters: Parameter containing:
tensor([[-0.4808, -0.0482,  0.2572,  0.0047,  0.1556,  0.8323, -0.1764,  0.1179,
          0.5476, -1.0705]], requires_grad=True)
[2023-01-19 20:48:00,706][__main__][INFO] - parameters: Parameter containing:
tensor([[-0.4589, -0.0492,  0.2532,  0.0084,  0.1276,  0.8691, -0.2043,  0.0971,
          0.5600, -1.0789]], requires_grad=True)
[2023-01-19 20:48:01,013][__main__][INFO] - parameters: Parameter containing:
tensor([[-0.4367, -0.0335,  0.2508, -0.0140,  0.0753,  0.9045, -0.2426,  0.0723,
          0.5999, -1.0805]], requires_grad=True)
[2023-01-19 20:48:01,322][__main__][INFO] - parameters: Parameter containing:
tensor([[-0.4346, -0.0186,  0.2620, -0.0581,  0.0324,  0.9131, -0.2582,  0.0565,
          0.6483, -1.0609]], requires_grad=True)
[2023-01-19 20:48:01,596][__main__][INFO] - parameters: Parameter containing:
tensor([[-0.4305, -0.0177,  0.2635, -0.0993,  0.0019,  0.9307, -0.2723,  0.0560,
          0.6907, -1.0473]], requires_grad=True)
[2023-01-19 20:48:01,904][__main__][INFO] - parameters: Parameter containing:
tensor([[-0.4269, -0.0288,  0.2540, -0.1297, -0.0144,  0.9586, -0.2864,  0.0467,
          0.7173, -1.0402]], requires_grad=True)
[2023-01-19 20:48:02,191][__main__][INFO] - parameters: Parameter containing:
tensor([[-0.4231, -0.0466,  0.2385, -0.1569, -0.0278,  0.9955, -0.3041,  0.0403,
          0.7440, -1.0482]], requires_grad=True)
[2023-01-19 20:48:02,510][__main__][INFO] - parameters: Parameter containing:
tensor([[-0.4323, -0.0703,  0.2344, -0.1845, -0.0287,  1.0295, -0.3052,  0.0521,
          0.7721, -1.0462]], requires_grad=True)
[2023-01-19 20:48:02,796][__main__][INFO] - parameters: Parameter containing:
tensor([[-0.4445, -0.0957,  0.2347, -0.2046, -0.0213,  1.0596, -0.3001,  0.0693,
          0.7952, -1.0392]], requires_grad=True)
[2023-01-19 20:48:03,089][__main__][INFO] - parameters: Parameter containing:
tensor([[-4.6214e-01, -1.1277e-01,  2.4250e-01, -2.1189e-01,  6.3558e-04,
          1.0745e+00, -2.9118e-01,  1.0229e-01,  8.0365e-01, -1.0439e+00]],
       requires_grad=True)
[2023-01-19 20:48:03,376][__main__][INFO] - parameters: Parameter containing:
tensor([[-0.4542, -0.1386,  0.2244, -0.2184,  0.0175,  1.0985, -0.2892,  0.1187,
          0.8018, -1.0554]], requires_grad=True)
[2023-01-19 20:48:03,690][__main__][INFO] - parameters: Parameter containing:
tensor([[-0.4422, -0.1781,  0.1949, -0.2348,  0.0386,  1.1258, -0.2819,  0.1327,
          0.7950, -1.0533]], requires_grad=True)
[2023-01-19 20:48:03,970][__main__][INFO] - parameters: Parameter containing:
tensor([[-0.4439, -0.1958,  0.1801, -0.2539,  0.0484,  1.1454, -0.2790,  0.1443,
          0.7910, -1.0507]], requires_grad=True)
[2023-01-19 20:48:04,270][__main__][INFO] - parameters: Parameter containing:
tensor([[-0.4437, -0.2121,  0.1602, -0.2801,  0.0394,  1.1737, -0.2887,  0.1615,
          0.7973, -1.0486]], requires_grad=True)
[2023-01-19 20:48:04,556][__main__][INFO] - parameters: Parameter containing:
tensor([[-0.4373, -0.2270,  0.1379, -0.2976,  0.0241,  1.2077, -0.3060,  0.1712,
          0.7979, -1.0463]], requires_grad=True)
[2023-01-19 20:48:04,850][__main__][INFO] - parameters: Parameter containing:
tensor([[-0.4214, -0.2542,  0.0988, -0.3108,  0.0110,  1.2407, -0.3328,  0.1795,
          0.7837, -1.0242]], requires_grad=True)
[2023-01-19 20:48:05,158][__main__][INFO] - parameters: Parameter containing:
tensor([[-0.4014, -0.2860,  0.0633, -0.3165,  0.0065,  1.2774, -0.3550,  0.1984,
          0.7749, -0.9997]], requires_grad=True)
[2023-01-19 20:48:05,462][__main__][INFO] - parameters: Parameter containing:
tensor([[-0.4048, -0.3058,  0.0507, -0.3136,  0.0187,  1.2855, -0.3633,  0.2198,
          0.7600, -0.9663]], requires_grad=True)
[2023-01-19 20:48:05,761][__main__][INFO] - parameters: Parameter containing:
tensor([[-0.4093, -0.3279,  0.0379, -0.3048,  0.0370,  1.2864, -0.3691,  0.2401,
          0.7430, -0.9313]], requires_grad=True)
[2023-01-19 20:48:06,055][__main__][INFO] - parameters: Parameter containing:
tensor([[-0.3876, -0.3622,  0.0025, -0.2973,  0.0484,  1.2986, -0.3848,  0.2394,
          0.7140, -0.8862]], requires_grad=True)
[2023-01-19 20:48:06,326][__main__][INFO] - parameters: Parameter containing:
tensor([[-0.3695, -0.3943, -0.0324, -0.2819,  0.0563,  1.3252, -0.4074,  0.2155,
          0.6871, -0.8408]], requires_grad=True)
[2023-01-19 20:48:06,641][__main__][INFO] - parameters: Parameter containing:
tensor([[-0.3412, -0.4271, -0.0726, -0.2735,  0.0507,  1.3667, -0.4340,  0.1862,
          0.6731, -0.7948]], requires_grad=True)
[2023-01-19 20:48:06,950][__main__][INFO] - parameters: Parameter containing:
tensor([[-0.3169, -0.4621, -0.1108, -0.2731,  0.0516,  1.3928, -0.4498,  0.1658,
          0.6594, -0.7414]], requires_grad=True)
[2023-01-19 20:48:07,232][__main__][INFO] - parameters: Parameter containing:
tensor([[-0.2903, -0.5043, -0.1522, -0.2775,  0.0568,  1.4212, -0.4568,  0.1463,
          0.6463, -0.6925]], requires_grad=True)
[2023-01-19 20:48:07,541][__main__][INFO] - parameters: Parameter containing:
tensor([[-0.2871, -0.5277, -0.1781, -0.2911,  0.0577,  1.4496, -0.4644,  0.1133,
          0.6416, -0.6640]], requires_grad=True)
[2023-01-19 20:48:07,842][__main__][INFO] - parameters: Parameter containing:
tensor([[-0.2904, -0.5506, -0.2095, -0.3215,  0.0464,  1.4880, -0.4802,  0.0739,
          0.6431, -0.6365]], requires_grad=True)
[2023-01-19 20:48:08,136][__main__][INFO] - parameters: Parameter containing:
tensor([[-0.3115, -0.5458, -0.2177, -0.3534,  0.0305,  1.5116, -0.4988,  0.0421,
          0.6522, -0.6414]], requires_grad=True)
[2023-01-19 20:48:08,414][__main__][INFO] - parameters: Parameter containing:
tensor([[-0.3110, -0.5285, -0.2355, -0.3699, -0.0045,  1.5491, -0.5412,  0.0263,
          0.6705, -0.6722]], requires_grad=True)
[2023-01-19 20:48:08,731][__main__][INFO] - parameters: Parameter containing:
tensor([[-0.3219, -0.5019, -0.2380, -0.3749, -0.0338,  1.5871, -0.5679, -0.0238,
          0.6824, -0.7047]], requires_grad=True)
[2023-01-19 20:48:09,035][__main__][INFO] - parameters: Parameter containing:
tensor([[-0.3342, -0.4672, -0.2321, -0.3832, -0.0615,  1.6111, -0.5843, -0.0719,
          0.6967, -0.7480]], requires_grad=True)
[2023-01-19 20:48:09,331][__main__][INFO] - parameters: Parameter containing:
tensor([[-0.3448, -0.4354, -0.2277, -0.3881, -0.0928,  1.6421, -0.6017, -0.1141,
          0.7079, -0.7935]], requires_grad=True)
[2023-01-19 20:48:09,617][__main__][INFO] - parameters: Parameter containing:
tensor([[-0.3505, -0.4038, -0.2204, -0.3782, -0.1194,  1.6807, -0.6188, -0.1582,
          0.7215, -0.8512]], requires_grad=True)
[2023-01-19 20:48:09,910][__main__][INFO] - parameters: Parameter containing:
tensor([[-0.3548, -0.3832, -0.2121, -0.3644, -0.1338,  1.7187, -0.6240, -0.1964,
          0.7350, -0.9022]], requires_grad=True)
[2023-01-19 20:48:10,213][__main__][INFO] - parameters: Parameter containing:
tensor([[-0.3602, -0.3748, -0.2069, -0.3453, -0.1345,  1.7478, -0.6202, -0.2279,
          0.7354, -0.9320]], requires_grad=True)
[2023-01-19 20:48:10,493][__main__][INFO] - parameters: Parameter containing:
tensor([[-0.3525, -0.3784, -0.2178, -0.3270, -0.1396,  1.7856, -0.6217, -0.2722,
          0.7181, -0.9434]], requires_grad=True)
[2023-01-19 20:48:10,790][__main__][INFO] - parameters: Parameter containing:
tensor([[-0.3435, -0.3802, -0.2322, -0.3192, -0.1561,  1.8194, -0.6281, -0.2996,
          0.7148, -0.9584]], requires_grad=True)
[2023-01-19 20:48:11,099][__main__][INFO] - parameters: Parameter containing:
tensor([[-0.3500, -0.3686, -0.2324, -0.3229, -0.1735,  1.8394, -0.6248, -0.3159,
          0.7253, -0.9777]], requires_grad=True)
[2023-01-19 20:48:11,400][__main__][INFO] - parameters: Parameter containing:
tensor([[-0.3591, -0.3588, -0.2413, -0.3499, -0.1918,  1.8409, -0.6189, -0.3288,
          0.7259, -0.9951]], requires_grad=True)
[2023-01-19 20:48:11,695][__main__][INFO] - parameters: Parameter containing:
tensor([[-0.3733, -0.3520, -0.2505, -0.3764, -0.2076,  1.8414, -0.6138, -0.3345,
          0.7295, -1.0121]], requires_grad=True)
[2023-01-19 20:48:11,964][__main__][INFO] - parameters: Parameter containing:
tensor([[-0.3853, -0.3452, -0.2533, -0.3929, -0.2216,  1.8572, -0.6047, -0.3501,
          0.7320, -1.0278]], requires_grad=True)
[2023-01-19 20:48:12,263][__main__][INFO] - parameters: Parameter containing:
tensor([[-0.3866, -0.3434, -0.2690, -0.4148, -0.2409,  1.8718, -0.6047, -0.3611,
          0.7355, -1.0520]], requires_grad=True)
[2023-01-19 20:48:12,561][__main__][INFO] - parameters: Parameter containing:
tensor([[-0.3923, -0.3441, -0.2763, -0.4275, -0.2447,  1.8885, -0.5916, -0.3790,
          0.7365, -1.0744]], requires_grad=True)
[2023-01-19 20:48:12,849][__main__][INFO] - parameters: Parameter containing:
tensor([[-0.3998, -0.3460, -0.2780, -0.4261, -0.2430,  1.9166, -0.5779, -0.3961,
          0.7432, -1.1027]], requires_grad=True)
[2023-01-19 20:48:13,139][__main__][INFO] - parameters: Parameter containing:
tensor([[-0.3975, -0.3508, -0.2852, -0.4344, -0.2500,  1.9509, -0.5653, -0.4214,
          0.7562, -1.1384]], requires_grad=True)
[2023-01-19 20:48:13,444][__main__][INFO] - parameters: Parameter containing:
tensor([[-0.4003, -0.3462, -0.2883, -0.4634, -0.2747,  1.9841, -0.5559, -0.4470,
          0.7845, -1.1718]], requires_grad=True)
[2023-01-19 20:48:13,749][__main__][INFO] - parameters: Parameter containing:
tensor([[-0.4047, -0.3430, -0.2874, -0.4938, -0.3029,  2.0163, -0.5480, -0.4676,
          0.8166, -1.1949]], requires_grad=True)
[2023-01-19 20:48:14,029][__main__][INFO] - parameters: Parameter containing:
tensor([[-0.4121, -0.3401, -0.2867, -0.5269, -0.3194,  2.0218, -0.5353, -0.4608,
          0.8374, -1.2293]], requires_grad=True)
[2023-01-19 20:48:14,330][__main__][INFO] - parameters: Parameter containing:
tensor([[-0.4169, -0.3344, -0.2833, -0.5568, -0.3352,  2.0280, -0.5216, -0.4555,
          0.8542, -1.2611]], requires_grad=True)
[2023-01-19 20:48:14,647][__main__][INFO] - parameters: Parameter containing:
tensor([[-0.4165, -0.3430, -0.2910, -0.5788, -0.3447,  2.0386, -0.5096, -0.4680,
          0.8569, -1.2733]], requires_grad=True)
[2023-01-19 20:48:14,942][__main__][INFO] - parameters: Parameter containing:
tensor([[-0.4041, -0.3637, -0.3103, -0.5986, -0.3557,  2.0596, -0.5008, -0.4934,
          0.8495, -1.2752]], requires_grad=True)
[2023-01-19 20:48:15,230][__main__][INFO] - parameters: Parameter containing:
tensor([[-0.4019, -0.3690, -0.3133, -0.6063, -0.3603,  2.0726, -0.4906, -0.5146,
          0.8527, -1.2848]], requires_grad=True)
[2023-01-19 20:48:15,527][__main__][INFO] - parameters: Parameter containing:
tensor([[-0.4115, -0.3701, -0.3063, -0.6058, -0.3511,  2.0762, -0.4738, -0.5267,
          0.8624, -1.2977]], requires_grad=True)
[2023-01-19 20:48:15,835][__main__][INFO] - parameters: Parameter containing:
tensor([[-0.4227, -0.3661, -0.2988, -0.6132, -0.3471,  2.0777, -0.4627, -0.5407,
          0.8760, -1.3219]], requires_grad=True)
[2023-01-19 20:48:16,129][__main__][INFO] - parameters: Parameter containing:
tensor([[-0.4435, -0.3561, -0.2838, -0.6278, -0.3499,  2.0705, -0.4494, -0.5446,
          0.8967, -1.3422]], requires_grad=True)
[2023-01-19 20:48:16,437][__main__][INFO] - parameters: Parameter containing:
tensor([[-0.4474, -0.3513, -0.2769, -0.6433, -0.3613,  2.0699, -0.4367, -0.5464,
          0.9172, -1.3516]], requires_grad=True)
[2023-01-19 20:48:16,739][__main__][INFO] - parameters: Parameter containing:
tensor([[-0.4316, -0.3633, -0.2876, -0.6760, -0.3804,  2.0682, -0.4231, -0.5361,
          0.9399, -1.3480]], requires_grad=True)
[2023-01-19 20:48:17,045][__main__][INFO] - parameters: Parameter containing:
tensor([[-0.4203, -0.3709, -0.2940, -0.7050, -0.3953,  2.0696, -0.4022, -0.5364,
          0.9493, -1.3408]], requires_grad=True)
[2023-01-19 20:48:17,342][__main__][INFO] - parameters: Parameter containing:
tensor([[-0.4135, -0.3708, -0.2949, -0.7264, -0.4102,  2.0690, -0.3891, -0.5351,
          0.9593, -1.3431]], requires_grad=True)
[2023-01-19 20:48:17,630][__main__][INFO] - parameters: Parameter containing:
tensor([[-0.4105, -0.3684, -0.2929, -0.7490, -0.4272,  2.0699, -0.3767, -0.5379,
          0.9746, -1.3450]], requires_grad=True)
[2023-01-19 20:48:17,918][__main__][INFO] - parameters: Parameter containing:
tensor([[-0.4025, -0.3656, -0.2911, -0.7702, -0.4463,  2.0750, -0.3675, -0.5437,
          0.9910, -1.3501]], requires_grad=True)
[2023-01-19 20:48:18,214][__main__][INFO] - parameters: Parameter containing:
tensor([[-0.3965, -0.3612, -0.2891, -0.7826, -0.4668,  2.0895, -0.3644, -0.5565,
          1.0021, -1.3536]], requires_grad=True)
[2023-01-19 20:48:18,498][__main__][INFO] - parameters: Parameter containing:
tensor([[-0.3879, -0.3568, -0.2926, -0.7937, -0.4925,  2.1088, -0.3674, -0.5748,
          1.0103, -1.3617]], requires_grad=True)
[2023-01-19 20:48:18,791][__main__][INFO] - parameters: Parameter containing:
tensor([[-0.3839, -0.3507, -0.2941, -0.8214, -0.5183,  2.1201, -0.3619, -0.5865,
          1.0183, -1.3715]], requires_grad=True)
[2023-01-19 20:48:19,084][__main__][INFO] - parameters: Parameter containing:
tensor([[-0.3807, -0.3581, -0.3038, -0.8498, -0.5305,  2.1202, -0.3510, -0.5824,
          1.0162, -1.3718]], requires_grad=True)
[2023-01-19 20:48:19,376][__main__][INFO] - parameters: Parameter containing:
tensor([[-0.4085, -0.3457, -0.2822, -0.8827, -0.5316,  2.0965, -0.3179, -0.5746,
          1.0271, -1.3684]], requires_grad=True)
[2023-01-19 20:48:19,668][__main__][INFO] - parameters: Parameter containing:
tensor([[-0.4292, -0.3396, -0.2652, -0.9244, -0.5434,  2.0842, -0.2875, -0.5656,
          1.0539, -1.3578]], requires_grad=True)
[2023-01-19 20:48:19,966][__main__][INFO] - parameters: Parameter containing:
tensor([[-0.4552, -0.3247, -0.2344, -0.9585, -0.5525,  2.0634, -0.2545, -0.5439,
          1.0778, -1.3492]], requires_grad=True)
[2023-01-19 20:48:20,261][__main__][INFO] - parameters: Parameter containing:
tensor([[-0.4825, -0.3123, -0.2055, -0.9829, -0.5487,  2.0402, -0.2155, -0.5375,
          1.0862, -1.3405]], requires_grad=True)
[2023-01-19 20:48:20,553][__main__][INFO] - parameters: Parameter containing:
tensor([[-0.4999, -0.3086, -0.1893, -0.9938, -0.5504,  2.0371, -0.1903, -0.5395,
          1.0926, -1.3298]], requires_grad=True)
[2023-01-19 20:48:20,853][__main__][INFO] - parameters: Parameter containing:
tensor([[-0.5186, -0.3200, -0.1832, -1.0297, -0.5483,  2.0341, -0.1528, -0.5415,
          1.1081, -1.3270]], requires_grad=True)
[2023-01-19 20:48:21,154][__main__][INFO] - parameters: Parameter containing:
tensor([[-0.5197, -0.3436, -0.1878, -1.0615, -0.5510,  2.0574, -0.1210, -0.5574,
          1.1200, -1.3089]], requires_grad=True)
[2023-01-19 20:48:21,451][__main__][INFO] - parameters: Parameter containing:
tensor([[-0.5191, -0.3696, -0.1935, -1.0905, -0.5472,  2.0750, -0.0938, -0.5617,
          1.1268, -1.2909]], requires_grad=True)
[2023-01-19 20:48:21,741][__main__][INFO] - parameters: Parameter containing:
tensor([[-0.5259, -0.3971, -0.2026, -1.1296, -0.5529,  2.1004, -0.0721, -0.5763,
          1.1288, -1.2677]], requires_grad=True)
[2023-01-19 20:48:22,031][__main__][INFO] - parameters: Parameter containing:
tensor([[-0.5343, -0.4112, -0.2141, -1.1594, -0.5679,  2.1231, -0.0724, -0.5920,
          1.1246, -1.2657]], requires_grad=True)
[2023-01-19 20:48:22,330][__main__][INFO] - parameters: Parameter containing:
tensor([[-0.5436, -0.4187, -0.2267, -1.1915, -0.5860,  2.1324, -0.0789, -0.5904,
          1.1260, -1.2699]], requires_grad=True)
[2023-01-19 20:48:22,623][__main__][INFO] - parameters: Parameter containing:
tensor([[-0.5610, -0.4204, -0.2335, -1.2263, -0.6087,  2.1446, -0.0863, -0.5845,
          1.1375, -1.2736]], requires_grad=True)
[2023-01-19 20:48:22,927][__main__][INFO] - parameters: Parameter containing:
tensor([[-0.5988, -0.4087, -0.2268, -1.2648, -0.6346,  2.1486, -0.0977, -0.5699,
          1.1559, -1.2814]], requires_grad=True)
[2023-01-19 20:48:23,229][__main__][INFO] - parameters: Parameter containing:
tensor([[-0.6078, -0.3861, -0.2183, -1.2847, -0.6668,  2.1546, -0.1146, -0.5627,
          1.1804, -1.2966]], requires_grad=True)
[2023-01-19 20:48:23,526][__main__][INFO] - parameters: Parameter containing:
tensor([[-0.6087, -0.3649, -0.2242, -1.2973, -0.7003,  2.1514, -0.1495, -0.5523,
          1.1929, -1.3100]], requires_grad=True)
[2023-01-19 20:48:23,830][__main__][INFO] - parameters: Parameter containing:
tensor([[-0.6003, -0.3430, -0.2408, -1.3111, -0.7491,  2.1565, -0.1994, -0.5411,
          1.2083, -1.3318]], requires_grad=True)
[2023-01-19 20:48:24,125][__main__][INFO] - parameters: Parameter containing:
tensor([[-0.5998, -0.3152, -0.2470, -1.3142, -0.7848,  2.1585, -0.2462, -0.5292,
          1.2281, -1.3618]], requires_grad=True)
[2023-01-19 20:48:24,446][__main__][INFO] - parameters: Parameter containing:
tensor([[-0.5769, -0.2902, -0.2588, -1.2966, -0.8225,  2.1725, -0.2994, -0.5050,
          1.2481, -1.4031]], requires_grad=True)
[2023-01-19 20:48:24,770][__main__][INFO] - parameters: Parameter containing:
tensor([[-0.5814, -0.2574, -0.2461, -1.2939, -0.8558,  2.1753, -0.3252, -0.4852,
          1.2755, -1.4439]], requires_grad=True)
[2023-01-19 20:48:25,080][__main__][INFO] - parameters: Parameter containing:
tensor([[-0.5721, -0.2304, -0.2481, -1.3106, -0.9014,  2.1894, -0.3528, -0.4879,
          1.2910, -1.4729]], requires_grad=True)
[2023-01-19 20:48:25,389][__main__][INFO] - parameters: Parameter containing:
tensor([[-0.5485, -0.2197, -0.2575, -1.3108, -0.9424,  2.2251, -0.3737, -0.5102,
          1.2962, -1.4980]], requires_grad=True)
[2023-01-19 20:48:25,692][__main__][INFO] - parameters: Parameter containing:
tensor([[-0.5309, -0.1985, -0.2590, -1.2976, -0.9820,  2.2564, -0.4035, -0.5223,
          1.3050, -1.5494]], requires_grad=True)
[2023-01-19 20:48:25,990][__main__][INFO] - parameters: Parameter containing:
tensor([[-0.5400, -0.1619, -0.2400, -1.2752, -1.0012,  2.2617, -0.4244, -0.5079,
          1.3205, -1.6102]], requires_grad=True)
[2023-01-19 20:48:26,277][__main__][INFO] - parameters: Parameter containing:
tensor([[-0.5655, -0.1450, -0.2086, -1.2639, -0.9949,  2.2583, -0.4124, -0.4753,
          1.3413, -1.6689]], requires_grad=True)
[2023-01-19 20:48:26,584][__main__][INFO] - parameters: Parameter containing:
tensor([[-0.5835, -0.1203, -0.1750, -1.2537, -0.9911,  2.2538, -0.3987, -0.4468,
          1.3694, -1.7273]], requires_grad=True)
[2023-01-19 20:48:26,887][__main__][INFO] - parameters: Parameter containing:
tensor([[-0.6043, -0.1000, -0.1435, -1.2268, -0.9843,  2.2576, -0.3945, -0.4173,
          1.3921, -1.7856]], requires_grad=True)
[2023-01-19 20:48:27,214][__main__][INFO] - parameters: Parameter containing:
tensor([[-0.6086, -0.0930, -0.1366, -1.1838, -0.9844,  2.2775, -0.4109, -0.4089,
          1.3913, -1.8437]], requires_grad=True)
[2023-01-19 20:48:27,533][__main__][INFO] - parameters: Parameter containing:
tensor([[-0.6139, -0.0808, -0.1341, -1.1369, -0.9950,  2.3107, -0.4406, -0.4260,
          1.3878, -1.9086]], requires_grad=True)
[2023-01-19 20:48:27,845][__main__][INFO] - parameters: Parameter containing:
tensor([[-0.6100, -0.0843, -0.1535, -1.0888, -1.0160,  2.3664, -0.4821, -0.4608,
          1.3825, -1.9691]], requires_grad=True)
[2023-01-19 20:48:28,162][__main__][INFO] - parameters: Parameter containing:
tensor([[-0.6177, -0.0707, -0.1676, -1.0531, -1.0552,  2.4178, -0.5344, -0.4857,
          1.3928, -2.0284]], requires_grad=True)
[2023-01-19 20:48:28,470][__main__][INFO] - parameters: Parameter containing:
tensor([[-0.6329, -0.0601, -0.1780, -1.0296, -1.0864,  2.4497, -0.5739, -0.4971,
          1.3993, -2.0902]], requires_grad=True)
[2023-01-19 20:48:28,771][__main__][INFO] - parameters: Parameter containing:
tensor([[-0.6552, -0.0365, -0.1738, -1.0057, -1.1110,  2.4609, -0.6066, -0.4941,
          1.4054, -2.1512]], requires_grad=True)
[2023-01-19 20:48:29,080][__main__][INFO] - parameters: Parameter containing:
tensor([[-0.6568, -0.0380, -0.1978, -0.9815, -1.1423,  2.4949, -0.6518, -0.4963,
          1.3949, -2.2014]], requires_grad=True)
[2023-01-19 20:48:29,360][__main__][INFO] - parameters: Parameter containing:
tensor([[-0.6563, -0.0535, -0.2160, -0.9448, -1.1611,  2.5386, -0.6850, -0.4870,
          1.3913, -2.2500]], requires_grad=True)
[2023-01-19 20:48:29,652][__main__][INFO] - parameters: Parameter containing:
tensor([[-0.6555, -0.0763, -0.2383, -0.9243, -1.1830,  2.5847, -0.7140, -0.4793,
          1.3946, -2.2869]], requires_grad=True)
[2023-01-19 20:48:29,934][__main__][INFO] - parameters: Parameter containing:
tensor([[-0.6541, -0.0957, -0.2647, -0.9033, -1.2104,  2.6379, -0.7515, -0.4806,
          1.3927, -2.3181]], requires_grad=True)
[2023-01-19 20:48:30,222][__main__][INFO] - parameters: Parameter containing:
tensor([[-0.6397, -0.1237, -0.3042, -0.8817, -1.2386,  2.6893, -0.7938, -0.4856,
          1.3841, -2.3303]], requires_grad=True)
[2023-01-19 20:48:30,508][__main__][INFO] - parameters: Parameter containing:
tensor([[-0.6451, -0.1544, -0.3273, -0.8825, -1.2589,  2.7312, -0.8160, -0.4727,
          1.3974, -2.3306]], requires_grad=True)
[2023-01-19 20:48:30,802][__main__][INFO] - parameters: Parameter containing:
tensor([[-0.6688, -0.1636, -0.3355, -0.8728, -1.2754,  2.7626, -0.8416, -0.4677,
          1.4099, -2.3396]], requires_grad=True)
[2023-01-19 20:48:31,108][__main__][INFO] - parameters: Parameter containing:
tensor([[-0.7076, -0.1452, -0.3213, -0.8653, -1.2920,  2.7727, -0.8617, -0.4546,
          1.4406, -2.3531]], requires_grad=True)
[2023-01-19 20:48:31,405][__main__][INFO] - parameters: Parameter containing:
tensor([[-0.7431, -0.1367, -0.3158, -0.8656, -1.3104,  2.7794, -0.8803, -0.4345,
          1.4684, -2.3571]], requires_grad=True)
[2023-01-19 20:48:31,730][__main__][INFO] - parameters: Parameter containing:
tensor([[-0.7788, -0.1253, -0.2950, -0.8668, -1.3221,  2.7776, -0.8793, -0.4063,
          1.5037, -2.3535]], requires_grad=True)
[2023-01-19 20:48:32,037][__main__][INFO] - parameters: Parameter containing:
tensor([[-0.8054, -0.1184, -0.2862, -0.8653, -1.3313,  2.7734, -0.8851, -0.3854,
          1.5252, -2.3463]], requires_grad=True)
[2023-01-19 20:48:32,323][__main__][INFO] - parameters: Parameter containing:
tensor([[-0.8398, -0.1127, -0.2778, -0.8760, -1.3414,  2.7718, -0.8887, -0.3804,
          1.5475, -2.3313]], requires_grad=True)
[2023-01-19 20:48:32,665][__main__][INFO] - parameters: Parameter containing:
tensor([[-0.8727, -0.1087, -0.2636, -0.8839, -1.3417,  2.7699, -0.8806, -0.3728,
          1.5716, -2.3175]], requires_grad=True)
[2023-01-19 20:48:32,978][__main__][INFO] - parameters: Parameter containing:
tensor([[-0.8749, -0.1296, -0.2695, -0.8805, -1.3464,  2.8031, -0.8796, -0.3779,
          1.5951, -2.3000]], requires_grad=True)
[2023-01-19 20:48:33,297][__main__][INFO] - parameters: Parameter containing:
tensor([[-0.8752, -0.1559, -0.2785, -0.8816, -1.3512,  2.8371, -0.8818, -0.3875,
          1.6123, -2.2841]], requires_grad=True)
[2023-01-19 20:48:33,596][__main__][INFO] - parameters: Parameter containing:
tensor([[-0.9033, -0.1707, -0.2640, -0.8816, -1.3398,  2.8584, -0.8693, -0.3824,
          1.6342, -2.2707]], requires_grad=True)
[2023-01-19 20:48:33,893][__main__][INFO] - parameters: Parameter containing:
tensor([[-0.9099, -0.1952, -0.2736, -0.8907, -1.3374,  2.8875, -0.8713, -0.3708,
          1.6488, -2.2671]], requires_grad=True)
[2023-01-19 20:48:34,198][__main__][INFO] - parameters: Parameter containing:
tensor([[-0.9175, -0.2140, -0.2835, -0.8974, -1.3319,  2.9119, -0.8792, -0.3471,
          1.6554, -2.2802]], requires_grad=True)
[2023-01-19 20:48:34,514][__main__][INFO] - parameters: Parameter containing:
tensor([[-0.9223, -0.2289, -0.2937, -0.8833, -1.3168,  2.9353, -0.8947, -0.3198,
          1.6482, -2.3118]], requires_grad=True)
[2023-01-19 20:48:34,831][__main__][INFO] - parameters: Parameter containing:
tensor([[-0.9395, -0.2275, -0.2823, -0.8644, -1.2863,  2.9458, -0.8940, -0.2917,
          1.6483, -2.3524]], requires_grad=True)
[2023-01-19 20:48:35,140][__main__][INFO] - parameters: Parameter containing:
tensor([[-0.9568, -0.2290, -0.2735, -0.8547, -1.2633,  2.9498, -0.8903, -0.2594,
          1.6542, -2.3920]], requires_grad=True)
[2023-01-19 20:48:35,438][__main__][INFO] - parameters: Parameter containing:
tensor([[-0.9633, -0.2366, -0.2841, -0.8628, -1.2615,  2.9594, -0.9006, -0.2335,
          1.6509, -2.4295]], requires_grad=True)
[2023-01-19 20:48:35,752][__main__][INFO] - parameters: Parameter containing:
tensor([[-0.9553, -0.2540, -0.3149, -0.8765, -1.2793,  2.9787, -0.9298, -0.2055,
          1.6377, -2.4594]], requires_grad=True)
[2023-01-19 20:48:36,033][__main__][INFO] - parameters: Parameter containing:
tensor([[-0.9614, -0.2717, -0.3365, -0.8726, -1.2812,  3.0032, -0.9536, -0.1727,
          1.6208, -2.4927]], requires_grad=True)
[2023-01-19 20:48:36,322][__main__][INFO] - parameters: Parameter containing:
tensor([[-0.9595, -0.3012, -0.3624, -0.8531, -1.2757,  3.0364, -0.9779, -0.1379,
          1.5983, -2.5193]], requires_grad=True)
[2023-01-19 20:48:36,628][__main__][INFO] - parameters: Parameter containing:
tensor([[-0.9729, -0.3176, -0.3686, -0.8327, -1.2677,  3.0506, -1.0018, -0.0775,
          1.6019, -2.5619]], requires_grad=True)
[2023-01-19 20:48:36,952][__main__][INFO] - parameters: Parameter containing:
tensor([[-0.9466, -0.3198, -0.3875, -0.8620, -1.2865,  3.0499, -1.0223, -0.0416,
          1.6166, -2.6624]], requires_grad=True)
[2023-01-19 20:48:37,271][__main__][INFO] - parameters: Parameter containing:
tensor([[-0.9121, -0.3322, -0.4204, -0.8831, -1.3008,  3.0540, -1.0447, -0.0273,
          1.6103, -2.7530]], requires_grad=True)
[2023-01-19 20:48:37,564][__main__][INFO] - parameters: Parameter containing:
tensor([[-0.8720, -0.3544, -0.4646, -0.9010, -1.3165,  3.0616, -1.0767, -0.0149,
          1.5900, -2.8337]], requires_grad=True)
[2023-01-19 20:48:37,918][__main__][INFO] - parameters: Parameter containing:
tensor([[-8.4184e-01, -3.8162e-01, -4.9663e-01, -9.1085e-01, -1.3093e+00,
          3.0532e+00, -1.0906e+00,  2.6061e-03,  1.5630e+00, -2.8939e+00]],
       requires_grad=True)
[2023-01-19 20:48:38,228][__main__][INFO] - parameters: Parameter containing:
tensor([[-0.8126, -0.4034, -0.5279, -0.9168, -1.3058,  3.0422, -1.1063,  0.0256,
          1.5376, -2.9434]], requires_grad=True)
[2023-01-19 20:48:38,566][__main__][INFO] - parameters: Parameter containing:
tensor([[-0.8009, -0.4167, -0.5404, -0.9310, -1.2945,  3.0199, -1.1029,  0.0577,
          1.5265, -2.9747]], requires_grad=True)
[2023-01-19 20:48:38,873][__main__][INFO] - parameters: Parameter containing:
tensor([[-0.7994, -0.4314, -0.5380, -0.9375, -1.2616,  2.9807, -1.0852,  0.1121,
          1.5173, -2.9894]], requires_grad=True)
[2023-01-19 20:48:39,185][__main__][INFO] - parameters: Parameter containing:
tensor([[-0.8053, -0.4243, -0.5303, -0.9671, -1.2523,  2.9306, -1.0748,  0.1656,
          1.5257, -3.0092]], requires_grad=True)
[2023-01-19 20:48:39,493][__main__][INFO] - parameters: Parameter containing:
tensor([[-0.8056, -0.4297, -0.5300, -0.9975, -1.2346,  2.8840, -1.0610,  0.2101,
          1.5166, -3.0236]], requires_grad=True)
[2023-01-19 20:48:39,798][__main__][INFO] - parameters: Parameter containing:
tensor([[-0.7927, -0.4544, -0.5508, -1.0512, -1.2219,  2.8380, -1.0396,  0.2485,
          1.4999, -3.0395]], requires_grad=True)
[2023-01-19 20:48:40,102][__main__][INFO] - parameters: Parameter containing:
tensor([[-0.7996, -0.4522, -0.5489, -1.1119, -1.2266,  2.7918, -1.0231,  0.2973,
          1.5233, -3.0746]], requires_grad=True)
[2023-01-19 20:48:40,412][__main__][INFO] - parameters: Parameter containing:
tensor([[-0.8189, -0.4467, -0.5358, -1.1661, -1.2173,  2.7429, -0.9969,  0.3369,
          1.5449, -3.1046]], requires_grad=True)
[2023-01-19 20:48:40,716][__main__][INFO] - parameters: Parameter containing:
tensor([[-0.8542, -0.4352, -0.5075, -1.2190, -1.2022,  2.6916, -0.9651,  0.3842,
          1.5752, -3.1351]], requires_grad=True)
[2023-01-19 20:48:41,010][__main__][INFO] - parameters: Parameter containing:
tensor([[-0.8869, -0.4258, -0.4892, -1.2742, -1.1904,  2.6346, -0.9402,  0.4220,
          1.5948, -3.1639]], requires_grad=True)
[2023-01-19 20:48:41,324][__main__][INFO] - parameters: Parameter containing:
tensor([[-0.9158, -0.4152, -0.4746, -1.3355, -1.1855,  2.5801, -0.9148,  0.4553,
          1.6150, -3.1863]], requires_grad=True)
[2023-01-19 20:48:41,639][__main__][INFO] - parameters: Parameter containing:
tensor([[-0.9479, -0.3983, -0.4482, -1.3842, -1.1834,  2.5304, -0.8881,  0.4852,
          1.6433, -3.2086]], requires_grad=True)
[2023-01-19 20:48:41,948][__main__][INFO] - parameters: Parameter containing:
tensor([[-0.9841, -0.3821, -0.4254, -1.4252, -1.1729,  2.4756, -0.8668,  0.5099,
          1.6594, -3.2355]], requires_grad=True)
[2023-01-19 20:48:42,248][__main__][INFO] - parameters: Parameter containing:
tensor([[-1.0060, -0.3755, -0.4163, -1.4627, -1.1676,  2.4286, -0.8583,  0.5375,
          1.6712, -3.2562]], requires_grad=True)
[2023-01-19 20:48:42,559][__main__][INFO] - parameters: Parameter containing:
tensor([[-1.0252, -0.3755, -0.4121, -1.4906, -1.1620,  2.3975, -0.8585,  0.5637,
          1.6761, -3.2691]], requires_grad=True)
[2023-01-19 20:48:42,853][__main__][INFO] - parameters: Parameter containing:
tensor([[-1.0300, -0.3807, -0.4236, -1.5152, -1.1661,  2.3753, -0.8756,  0.5740,
          1.6660, -3.2848]], requires_grad=True)
