[2023-01-20 21:40:29,367][__main__][INFO] - parameters: Parameter containing:
tensor([[0.6759, 0.4646, 0.3999, 0.6918, 0.7952, 1.0230, 0.5198, 0.7668, 0.9834,
         0.8377]], requires_grad=True)
[2023-01-20 21:40:29,606][__main__][INFO] - parameters: Parameter containing:
tensor([[0.7579, 0.3878, 0.3001, 0.6036, 0.7084, 1.1100, 0.4321, 0.7570, 1.0561,
         0.7710]], requires_grad=True)
[2023-01-20 21:40:29,809][__main__][INFO] - parameters: Parameter containing:
tensor([[0.8145, 0.4080, 0.2657, 0.5169, 0.6275, 1.1558, 0.3744, 0.7960, 1.1410,
         0.7140]], requires_grad=True)
[2023-01-20 21:40:29,988][__main__][INFO] - parameters: Parameter containing:
tensor([[0.8685, 0.4511, 0.2428, 0.5363, 0.5934, 1.1695, 0.3266, 0.8149, 1.1789,
         0.6394]], requires_grad=True)
[2023-01-20 21:40:30,189][__main__][INFO] - parameters: Parameter containing:
tensor([[0.9285, 0.5145, 0.2284, 0.5626, 0.5638, 1.1490, 0.2774, 0.8677, 1.2150,
         0.5579]], requires_grad=True)
[2023-01-20 21:40:30,379][__main__][INFO] - parameters: Parameter containing:
tensor([[0.9258, 0.5851, 0.2483, 0.5908, 0.5648, 1.1055, 0.2681, 0.8837, 1.2167,
         0.5063]], requires_grad=True)
[2023-01-20 21:40:30,577][__main__][INFO] - parameters: Parameter containing:
tensor([[0.9417, 0.6014, 0.2646, 0.6022, 0.5529, 1.0824, 0.2605, 0.9172, 1.2428,
         0.4802]], requires_grad=True)
[2023-01-20 21:40:30,778][__main__][INFO] - parameters: Parameter containing:
tensor([[0.9673, 0.5914, 0.2588, 0.5766, 0.5135, 1.0982, 0.2370, 0.9589, 1.2936,
         0.4790]], requires_grad=True)
[2023-01-20 21:40:30,969][__main__][INFO] - parameters: Parameter containing:
tensor([[0.9905, 0.5936, 0.2271, 0.5427, 0.4779, 1.0931, 0.1985, 0.9944, 1.3281,
         0.4978]], requires_grad=True)
[2023-01-20 21:40:31,155][__main__][INFO] - parameters: Parameter containing:
tensor([[1.0417, 0.5693, 0.1832, 0.5506, 0.4617, 1.0992, 0.1658, 1.0267, 1.3416,
         0.5112]], requires_grad=True)
[2023-01-20 21:40:31,343][__main__][INFO] - parameters: Parameter containing:
tensor([[1.1047, 0.5375, 0.1262, 0.5656, 0.4536, 1.1112, 0.1426, 1.0203, 1.3329,
         0.5268]], requires_grad=True)
[2023-01-20 21:40:31,534][__main__][INFO] - parameters: Parameter containing:
tensor([[1.1666, 0.5030, 0.0633, 0.5907, 0.4401, 1.1338, 0.1025, 1.0118, 1.3225,
         0.5088]], requires_grad=True)
[2023-01-20 21:40:31,721][__main__][INFO] - parameters: Parameter containing:
tensor([[ 1.2361,  0.4565, -0.0077,  0.6164,  0.4217,  1.1642,  0.0602,  1.0072,
          1.3127,  0.5200]], requires_grad=True)
[2023-01-20 21:40:31,915][__main__][INFO] - parameters: Parameter containing:
tensor([[1.2241, 0.4935, 0.0071, 0.6308, 0.3726, 1.1269, 0.0035, 1.0549, 1.3584,
         0.4737]], requires_grad=True)
[2023-01-20 21:40:32,112][__main__][INFO] - parameters: Parameter containing:
tensor([[ 1.2130,  0.5245,  0.0234,  0.6467,  0.3295,  1.0933, -0.0462,  1.1012,
          1.4013,  0.4355]], requires_grad=True)
[2023-01-20 21:40:32,312][__main__][INFO] - parameters: Parameter containing:
tensor([[ 1.2019,  0.5552,  0.0368,  0.6690,  0.2900,  1.0624, -0.0952,  1.1444,
          1.4394,  0.3992]], requires_grad=True)
[2023-01-20 21:40:32,504][__main__][INFO] - parameters: Parameter containing:
tensor([[ 1.1897,  0.5888,  0.0490,  0.6800,  0.2516,  1.0266, -0.1435,  1.1850,
          1.4737,  0.3657]], requires_grad=True)
[2023-01-20 21:40:32,697][__main__][INFO] - parameters: Parameter containing:
tensor([[ 1.1743,  0.6194,  0.0587,  0.6708,  0.2105,  0.9916, -0.1903,  1.2241,
          1.5069,  0.3387]], requires_grad=True)
[2023-01-20 21:40:32,888][__main__][INFO] - parameters: Parameter containing:
tensor([[ 1.1621,  0.6472,  0.0680,  0.6606,  0.1702,  0.9586, -0.2346,  1.2616,
          1.5394,  0.3147]], requires_grad=True)
[2023-01-20 21:40:33,086][__main__][INFO] - parameters: Parameter containing:
tensor([[ 1.1540,  0.6671,  0.0707,  0.6563,  0.1362,  0.9311, -0.2758,  1.2955,
          1.5673,  0.2939]], requires_grad=True)
[2023-01-20 21:40:33,278][__main__][INFO] - parameters: Parameter containing:
tensor([[ 1.1446,  0.6883,  0.0769,  0.6686,  0.1093,  0.9027, -0.3154,  1.3280,
          1.5912,  0.2703]], requires_grad=True)
[2023-01-20 21:40:33,476][__main__][INFO] - parameters: Parameter containing:
tensor([[ 1.1378,  0.7094,  0.0853,  0.6817,  0.0829,  0.8783, -0.3494,  1.3582,
          1.6147,  0.2472]], requires_grad=True)
[2023-01-20 21:40:33,671][__main__][INFO] - parameters: Parameter containing:
tensor([[ 1.1358,  0.7281,  0.0885,  0.7066,  0.0576,  0.8579, -0.3840,  1.3838,
          1.6346,  0.2264]], requires_grad=True)
[2023-01-20 21:40:33,875][__main__][INFO] - parameters: Parameter containing:
tensor([[ 1.1372,  0.7445,  0.0868,  0.7319,  0.0312,  0.8384, -0.4201,  1.4083,
          1.6530,  0.2037]], requires_grad=True)
[2023-01-20 21:40:34,073][__main__][INFO] - parameters: Parameter containing:
tensor([[ 1.1392,  0.7556,  0.0793,  0.7519,  0.0063,  0.8230, -0.4534,  1.4296,
          1.6691,  0.1822]], requires_grad=True)
[2023-01-20 21:40:34,262][__main__][INFO] - parameters: Parameter containing:
tensor([[ 1.1334,  0.7625,  0.0724,  0.7568, -0.0152,  0.8092, -0.4808,  1.4507,
          1.6852,  0.1669]], requires_grad=True)
[2023-01-20 21:40:34,447][__main__][INFO] - parameters: Parameter containing:
tensor([[ 1.1229,  0.7702,  0.0676,  0.7553, -0.0341,  0.7967, -0.5039,  1.4662,
          1.6996,  0.1553]], requires_grad=True)
[2023-01-20 21:40:34,650][__main__][INFO] - parameters: Parameter containing:
tensor([[ 1.1026,  0.7731,  0.0680,  0.7398, -0.0513,  0.7878, -0.5206,  1.4766,
          1.7137,  0.1576]], requires_grad=True)
[2023-01-20 21:40:34,847][__main__][INFO] - parameters: Parameter containing:
tensor([[ 1.0983,  0.7773,  0.0612,  0.7290, -0.0769,  0.7850, -0.5408,  1.4851,
          1.7275,  0.1554]], requires_grad=True)
[2023-01-20 21:40:35,043][__main__][INFO] - parameters: Parameter containing:
tensor([[ 1.0967,  0.7830,  0.0538,  0.7211, -0.1066,  0.7841, -0.5636,  1.4944,
          1.7414,  0.1501]], requires_grad=True)
[2023-01-20 21:40:35,248][__main__][INFO] - parameters: Parameter containing:
tensor([[ 1.0991,  0.7898,  0.0466,  0.7171, -0.1395,  0.7854, -0.5856,  1.5017,
          1.7545,  0.1468]], requires_grad=True)
[2023-01-20 21:40:35,438][__main__][INFO] - parameters: Parameter containing:
tensor([[ 1.1021,  0.7929,  0.0428,  0.7348, -0.1693,  0.7953, -0.6068,  1.5085,
          1.7676,  0.1462]], requires_grad=True)
[2023-01-20 21:40:35,628][__main__][INFO] - parameters: Parameter containing:
tensor([[ 1.1037,  0.7966,  0.0410,  0.7427, -0.2033,  0.8059, -0.6281,  1.5165,
          1.7839,  0.1438]], requires_grad=True)
[2023-01-20 21:40:35,823][__main__][INFO] - parameters: Parameter containing:
tensor([[ 1.1082,  0.7989,  0.0396,  0.7332, -0.2411,  0.8166, -0.6467,  1.5244,
          1.8015,  0.1421]], requires_grad=True)
[2023-01-20 21:40:36,010][__main__][INFO] - parameters: Parameter containing:
tensor([[ 1.1003,  0.8048,  0.0478,  0.7328, -0.2683,  0.8226, -0.6629,  1.5349,
          1.8198,  0.1436]], requires_grad=True)
[2023-01-20 21:40:36,200][__main__][INFO] - parameters: Parameter containing:
tensor([[ 1.0902,  0.8106,  0.0567,  0.7418, -0.2939,  0.8306, -0.6809,  1.5458,
          1.8367,  0.1469]], requires_grad=True)
[2023-01-20 21:40:36,390][__main__][INFO] - parameters: Parameter containing:
tensor([[ 1.0720,  0.8138,  0.0700,  0.7486, -0.3139,  0.8359, -0.6943,  1.5575,
          1.8543,  0.1585]], requires_grad=True)
[2023-01-20 21:40:36,595][__main__][INFO] - parameters: Parameter containing:
tensor([[ 1.0553,  0.8125,  0.0794,  0.7457, -0.3382,  0.8455, -0.7067,  1.5671,
          1.8724,  0.1703]], requires_grad=True)
[2023-01-20 21:40:36,786][__main__][INFO] - parameters: Parameter containing:
tensor([[ 1.0343,  0.8094,  0.0930,  0.7231, -0.3547,  0.8488, -0.7089,  1.5756,
          1.8893,  0.1860]], requires_grad=True)
[2023-01-20 21:40:36,976][__main__][INFO] - parameters: Parameter containing:
tensor([[ 1.0318,  0.7890,  0.0894,  0.7003, -0.3579,  0.8502, -0.7027,  1.5854,
          1.9025,  0.2031]], requires_grad=True)
[2023-01-20 21:40:37,170][__main__][INFO] - parameters: Parameter containing:
tensor([[ 1.0313,  0.7742,  0.0864,  0.6884, -0.3643,  0.8481, -0.7047,  1.5997,
          1.9189,  0.2147]], requires_grad=True)
[2023-01-20 21:40:37,364][__main__][INFO] - parameters: Parameter containing:
tensor([[ 1.0444,  0.7539,  0.0743,  0.6766, -0.3650,  0.8481, -0.6989,  1.6093,
          1.9271,  0.2276]], requires_grad=True)
[2023-01-20 21:40:37,560][__main__][INFO] - parameters: Parameter containing:
tensor([[ 1.0621,  0.7275,  0.0539,  0.6633, -0.3663,  0.8512, -0.6936,  1.6181,
          1.9332,  0.2426]], requires_grad=True)
[2023-01-20 21:40:37,746][__main__][INFO] - parameters: Parameter containing:
tensor([[ 1.0704,  0.7094,  0.0397,  0.6379, -0.3676,  0.8465, -0.6887,  1.6271,
          1.9398,  0.2537]], requires_grad=True)
[2023-01-20 21:40:37,950][__main__][INFO] - parameters: Parameter containing:
tensor([[ 1.0733,  0.6893,  0.0324,  0.6208, -0.3589,  0.8449, -0.6786,  1.6375,
          1.9488,  0.2702]], requires_grad=True)
[2023-01-20 21:40:38,142][__main__][INFO] - parameters: Parameter containing:
tensor([[ 1.0657,  0.6794,  0.0291,  0.6001, -0.3489,  0.8324, -0.6746,  1.6503,
          1.9587,  0.2839]], requires_grad=True)
[2023-01-20 21:40:38,334][__main__][INFO] - parameters: Parameter containing:
tensor([[ 1.0465,  0.6703,  0.0288,  0.5748, -0.3404,  0.8213, -0.6735,  1.6665,
          1.9712,  0.3008]], requires_grad=True)
[2023-01-20 21:40:38,520][__main__][INFO] - parameters: Parameter containing:
tensor([[ 1.0262,  0.6632,  0.0333,  0.5642, -0.3251,  0.8112, -0.6706,  1.6806,
          1.9837,  0.3174]], requires_grad=True)
[2023-01-20 21:40:38,707][__main__][INFO] - parameters: Parameter containing:
tensor([[ 0.9990,  0.6462,  0.0369,  0.5648, -0.2966,  0.7963, -0.6700,  1.7026,
          1.9993,  0.3285]], requires_grad=True)
[2023-01-20 21:40:38,905][__main__][INFO] - parameters: Parameter containing:
tensor([[ 0.9746,  0.6276,  0.0359,  0.5659, -0.2756,  0.7844, -0.6715,  1.7246,
          2.0139,  0.3402]], requires_grad=True)
[2023-01-20 21:40:39,094][__main__][INFO] - parameters: Parameter containing:
tensor([[ 0.9522,  0.6120,  0.0339,  0.5541, -0.2579,  0.7705, -0.6715,  1.7467,
          2.0288,  0.3485]], requires_grad=True)
[2023-01-20 21:40:39,299][__main__][INFO] - parameters: Parameter containing:
tensor([[ 0.9316,  0.5981,  0.0277,  0.5364, -0.2436,  0.7581, -0.6723,  1.7645,
          2.0402,  0.3567]], requires_grad=True)
[2023-01-20 21:40:39,494][__main__][INFO] - parameters: Parameter containing:
tensor([[ 0.9106,  0.5930,  0.0294,  0.5145, -0.2303,  0.7422, -0.6689,  1.7784,
          2.0516,  0.3598]], requires_grad=True)
[2023-01-20 21:40:39,691][__main__][INFO] - parameters: Parameter containing:
tensor([[ 0.8972,  0.5980,  0.0364,  0.5085, -0.2262,  0.7322, -0.6705,  1.7900,
          2.0641,  0.3551]], requires_grad=True)
[2023-01-20 21:40:39,884][__main__][INFO] - parameters: Parameter containing:
tensor([[ 0.9017,  0.6003,  0.0301,  0.5120, -0.2287,  0.7308, -0.6783,  1.8002,
          2.0752,  0.3412]], requires_grad=True)
[2023-01-20 21:40:40,076][__main__][INFO] - parameters: Parameter containing:
tensor([[ 0.9248,  0.5983,  0.0089,  0.5301, -0.2355,  0.7384, -0.6930,  1.8056,
          2.0825,  0.3220]], requires_grad=True)
[2023-01-20 21:40:40,268][__main__][INFO] - parameters: Parameter containing:
tensor([[ 0.9464,  0.5961, -0.0090,  0.5583, -0.2332,  0.7517, -0.7044,  1.8054,
          2.0853,  0.2953]], requires_grad=True)
[2023-01-20 21:40:40,463][__main__][INFO] - parameters: Parameter containing:
tensor([[ 0.9672,  0.5899, -0.0317,  0.5855, -0.2265,  0.7665, -0.7162,  1.8009,
          2.0824,  0.2684]], requires_grad=True)
[2023-01-20 21:40:40,666][__main__][INFO] - parameters: Parameter containing:
tensor([[ 0.9881,  0.5808, -0.0542,  0.6209, -0.2187,  0.7874, -0.7300,  1.7977,
          2.0802,  0.2400]], requires_grad=True)
[2023-01-20 21:40:40,864][__main__][INFO] - parameters: Parameter containing:
tensor([[ 1.0138,  0.5637, -0.0802,  0.6551, -0.2057,  0.8120, -0.7373,  1.7925,
          2.0785,  0.2167]], requires_grad=True)
[2023-01-20 21:40:41,056][__main__][INFO] - parameters: Parameter containing:
tensor([[ 1.0310,  0.5463, -0.1045,  0.6897, -0.1940,  0.8351, -0.7501,  1.7899,
          2.0764,  0.1957]], requires_grad=True)
[2023-01-20 21:40:41,251][__main__][INFO] - parameters: Parameter containing:
tensor([[ 1.0463,  0.5208, -0.1327,  0.7272, -0.1770,  0.8565, -0.7624,  1.7906,
          2.0741,  0.1836]], requires_grad=True)
[2023-01-20 21:40:41,457][__main__][INFO] - parameters: Parameter containing:
tensor([[ 1.0670,  0.4918, -0.1691,  0.7591, -0.1581,  0.8775, -0.7736,  1.7912,
          2.0711,  0.1687]], requires_grad=True)
[2023-01-20 21:40:41,648][__main__][INFO] - parameters: Parameter containing:
tensor([[ 1.0831,  0.4707, -0.2074,  0.7878, -0.1564,  0.9012, -0.7971,  1.7893,
          2.0653,  0.1511]], requires_grad=True)
[2023-01-20 21:40:41,841][__main__][INFO] - parameters: Parameter containing:
tensor([[ 1.1007,  0.4472, -0.2404,  0.8160, -0.1652,  0.9369, -0.8211,  1.7889,
          2.0687,  0.1348]], requires_grad=True)
[2023-01-20 21:40:42,047][__main__][INFO] - parameters: Parameter containing:
tensor([[ 1.1282,  0.4313, -0.2736,  0.8525, -0.1838,  0.9759, -0.8496,  1.7871,
          2.0726,  0.1176]], requires_grad=True)
[2023-01-20 21:40:42,249][__main__][INFO] - parameters: Parameter containing:
tensor([[ 1.1781,  0.3889, -0.3353,  0.8879, -0.1906,  1.0203, -0.8701,  1.7791,
          2.0541,  0.1181]], requires_grad=True)
[2023-01-20 21:40:42,458][__main__][INFO] - parameters: Parameter containing:
tensor([[ 1.2149,  0.3606, -0.3774,  0.9273, -0.1892,  1.0561, -0.8855,  1.7710,
          2.0376,  0.1089]], requires_grad=True)
[2023-01-20 21:40:42,668][__main__][INFO] - parameters: Parameter containing:
tensor([[ 1.2530,  0.3359, -0.4170,  0.9661, -0.1867,  1.0910, -0.8961,  1.7601,
          2.0219,  0.1006]], requires_grad=True)
[2023-01-20 21:40:42,876][__main__][INFO] - parameters: Parameter containing:
tensor([[ 1.2822,  0.3126, -0.4492,  1.0160, -0.1719,  1.1192, -0.9031,  1.7518,
          2.0040,  0.0934]], requires_grad=True)
[2023-01-20 21:40:43,069][__main__][INFO] - parameters: Parameter containing:
tensor([[ 1.3058,  0.2981, -0.4768,  1.0610, -0.1738,  1.1512, -0.9196,  1.7429,
          1.9906,  0.0789]], requires_grad=True)
[2023-01-20 21:40:43,265][__main__][INFO] - parameters: Parameter containing:
tensor([[ 1.3224,  0.2877, -0.5037,  1.1138, -0.1784,  1.1736, -0.9439,  1.7346,
          1.9745,  0.0717]], requires_grad=True)
[2023-01-20 21:40:43,472][__main__][INFO] - parameters: Parameter containing:
tensor([[ 1.3434,  0.2772, -0.5340,  1.1701, -0.1808,  1.1960, -0.9663,  1.7255,
          1.9568,  0.0693]], requires_grad=True)
[2023-01-20 21:40:43,672][__main__][INFO] - parameters: Parameter containing:
tensor([[ 1.3605,  0.2785, -0.5564,  1.2227, -0.1881,  1.2142, -0.9906,  1.7165,
          1.9405,  0.0585]], requires_grad=True)
[2023-01-20 21:40:43,881][__main__][INFO] - parameters: Parameter containing:
tensor([[ 1.3703,  0.2850, -0.5704,  1.2682, -0.1919,  1.2290, -1.0122,  1.7093,
          1.9275,  0.0411]], requires_grad=True)
[2023-01-20 21:40:44,080][__main__][INFO] - parameters: Parameter containing:
tensor([[ 1.3725,  0.2930, -0.5792,  1.3140, -0.1924,  1.2418, -1.0322,  1.7029,
          1.9173,  0.0245]], requires_grad=True)
[2023-01-20 21:40:44,277][__main__][INFO] - parameters: Parameter containing:
tensor([[ 1.3732e+00,  3.0194e-01, -5.8575e-01,  1.3641e+00, -1.9150e-01,
          1.2583e+00, -1.0531e+00,  1.6977e+00,  1.9076e+00, -1.0003e-03]],
       requires_grad=True)
[2023-01-20 21:40:44,475][__main__][INFO] - parameters: Parameter containing:
tensor([[ 1.3669,  0.3115, -0.5878,  1.4089, -0.1913,  1.2707, -1.0733,  1.6966,
          1.9003, -0.0249]], requires_grad=True)
[2023-01-20 21:40:44,669][__main__][INFO] - parameters: Parameter containing:
tensor([[ 1.3511,  0.3238, -0.5879,  1.4381, -0.1916,  1.2733, -1.0931,  1.6983,
          1.8946, -0.0481]], requires_grad=True)
[2023-01-20 21:40:44,864][__main__][INFO] - parameters: Parameter containing:
tensor([[ 1.3386,  0.3338, -0.5748,  1.4761, -0.1862,  1.2754, -1.1031,  1.6996,
          1.8919, -0.0630]], requires_grad=True)
[2023-01-20 21:40:45,061][__main__][INFO] - parameters: Parameter containing:
tensor([[ 1.3292,  0.3443, -0.5596,  1.5044, -0.1777,  1.2732, -1.1082,  1.7024,
          1.8904, -0.0839]], requires_grad=True)
[2023-01-20 21:40:45,256][__main__][INFO] - parameters: Parameter containing:
tensor([[ 1.3273,  0.3584, -0.5422,  1.5156, -0.1811,  1.2721, -1.1065,  1.7026,
          1.8924, -0.0994]], requires_grad=True)
[2023-01-20 21:40:45,456][__main__][INFO] - parameters: Parameter containing:
tensor([[ 1.3321,  0.3762, -0.5331,  1.5284, -0.1820,  1.2621, -1.1078,  1.6996,
          1.8842, -0.1147]], requires_grad=True)
[2023-01-20 21:40:45,645][__main__][INFO] - parameters: Parameter containing:
tensor([[ 1.3307,  0.3893, -0.5227,  1.5191, -0.1802,  1.2438, -1.1016,  1.6977,
          1.8775, -0.1227]], requires_grad=True)
[2023-01-20 21:40:45,837][__main__][INFO] - parameters: Parameter containing:
tensor([[ 1.3275,  0.3996, -0.5130,  1.5060, -0.1861,  1.2262, -1.1005,  1.7021,
          1.8756, -0.1269]], requires_grad=True)
[2023-01-20 21:40:46,045][__main__][INFO] - parameters: Parameter containing:
tensor([[ 1.3371,  0.4037, -0.5170,  1.5026, -0.1862,  1.2065, -1.1010,  1.7083,
          1.8680, -0.1311]], requires_grad=True)
[2023-01-20 21:40:46,234][__main__][INFO] - parameters: Parameter containing:
tensor([[ 1.3484,  0.3995, -0.5306,  1.4969, -0.1784,  1.1878, -1.0998,  1.7132,
          1.8544, -0.1369]], requires_grad=True)
[2023-01-20 21:40:46,419][__main__][INFO] - parameters: Parameter containing:
tensor([[ 1.3521,  0.3930, -0.5354,  1.4978, -0.1585,  1.1652, -1.0899,  1.7199,
          1.8393, -0.1421]], requires_grad=True)
[2023-01-20 21:40:46,609][__main__][INFO] - parameters: Parameter containing:
tensor([[ 1.3579,  0.3779, -0.5422,  1.5072, -0.1273,  1.1445, -1.0710,  1.7235,
          1.8203, -0.1458]], requires_grad=True)
[2023-01-20 21:40:46,803][__main__][INFO] - parameters: Parameter containing:
tensor([[ 1.3564,  0.3603, -0.5400,  1.5122, -0.0890,  1.1233, -1.0407,  1.7263,
          1.8039, -0.1526]], requires_grad=True)
[2023-01-20 21:40:46,990][__main__][INFO] - parameters: Parameter containing:
tensor([[ 1.3593,  0.3400, -0.5468,  1.5196, -0.0591,  1.1062, -1.0207,  1.7336,
          1.7898, -0.1615]], requires_grad=True)
[2023-01-20 21:40:47,191][__main__][INFO] - parameters: Parameter containing:
tensor([[ 1.3700,  0.3217, -0.5575,  1.5386, -0.0301,  1.0913, -1.0040,  1.7359,
          1.7709, -0.1685]], requires_grad=True)
[2023-01-20 21:40:47,380][__main__][INFO] - parameters: Parameter containing:
tensor([[ 1.3773,  0.3165, -0.5626,  1.5467, -0.0263,  1.0824, -0.9983,  1.7411,
          1.7615, -0.1788]], requires_grad=True)
[2023-01-20 21:40:47,568][__main__][INFO] - parameters: Parameter containing:
tensor([[ 1.3917e+00,  2.8982e-01, -5.7844e-01,  1.5483e+00, -1.6144e-03,
          1.0704e+00, -9.7731e-01,  1.7493e+00,  1.7486e+00, -1.7826e-01]],
       requires_grad=True)
[2023-01-20 21:40:47,750][__main__][INFO] - parameters: Parameter containing:
tensor([[ 1.4112,  0.2587, -0.5979,  1.5457,  0.0248,  1.0592, -0.9541,  1.7584,
          1.7344, -0.1723]], requires_grad=True)
[2023-01-20 21:40:47,948][__main__][INFO] - parameters: Parameter containing:
tensor([[ 1.4441,  0.2187, -0.6230,  1.5574,  0.0551,  1.0576, -0.9249,  1.7630,
          1.7178, -0.1549]], requires_grad=True)
[2023-01-20 21:40:48,130][__main__][INFO] - parameters: Parameter containing:
tensor([[ 1.4717,  0.2088, -0.6391,  1.5675,  0.0506,  1.0667, -0.9189,  1.7606,
          1.7024, -0.1552]], requires_grad=True)
[2023-01-20 21:40:48,334][__main__][INFO] - parameters: Parameter containing:
tensor([[ 1.4973,  0.2005, -0.6536,  1.5817,  0.0410,  1.0885, -0.9154,  1.7519,
          1.6919, -0.1534]], requires_grad=True)
[2023-01-20 21:40:48,526][__main__][INFO] - parameters: Parameter containing:
tensor([[ 1.5114,  0.2078, -0.6503,  1.6137,  0.0357,  1.1090, -0.9156,  1.7400,
          1.6847, -0.1610]], requires_grad=True)
[2023-01-20 21:40:48,725][__main__][INFO] - parameters: Parameter containing:
tensor([[ 1.5109,  0.2280, -0.6348,  1.6436,  0.0362,  1.1222, -0.9162,  1.7255,
          1.6749, -0.1754]], requires_grad=True)
