[2023-01-20 22:04:49,627][__main__][INFO] - parameters: Parameter containing:
tensor([[ 0.6444,  0.8579, -0.0333,  0.5304,  0.4154,  0.6590, -0.0953,  0.3136,
          0.1484,  0.7515]], requires_grad=True)
[2023-01-20 22:04:49,842][__main__][INFO] - parameters: Parameter containing:
tensor([[ 0.6610,  0.8961, -0.1111,  0.6100,  0.4957,  0.6908, -0.1762,  0.2595,
          0.0601,  0.6547]], requires_grad=True)
[2023-01-20 22:04:50,026][__main__][INFO] - parameters: Parameter containing:
tensor([[ 0.7167,  0.8337, -0.1978,  0.6871,  0.5848,  0.7430, -0.1818,  0.2012,
         -0.0325,  0.6357]], requires_grad=True)
[2023-01-20 22:04:50,210][__main__][INFO] - parameters: Parameter containing:
tensor([[ 0.7241,  0.7690, -0.2894,  0.7205,  0.6131,  0.8080, -0.2332,  0.1433,
         -0.1125,  0.6005]], requires_grad=True)
[2023-01-20 22:04:50,384][__main__][INFO] - parameters: Parameter containing:
tensor([[ 0.7267,  0.7063, -0.3507,  0.7604,  0.6633,  0.8396, -0.2570,  0.1007,
         -0.1776,  0.6297]], requires_grad=True)
[2023-01-20 22:04:50,572][__main__][INFO] - parameters: Parameter containing:
tensor([[ 0.6889,  0.7203, -0.3436,  0.7978,  0.7309,  0.8159, -0.2456,  0.0641,
         -0.2542,  0.6334]], requires_grad=True)
[2023-01-20 22:04:50,749][__main__][INFO] - parameters: Parameter containing:
tensor([[ 0.6792,  0.7107, -0.3650,  0.8257,  0.7722,  0.8121, -0.2469,  0.0178,
         -0.3211,  0.6551]], requires_grad=True)
[2023-01-20 22:04:50,933][__main__][INFO] - parameters: Parameter containing:
tensor([[ 0.6431,  0.6970, -0.3744,  0.8135,  0.8164,  0.8041, -0.2303, -0.0150,
         -0.3623,  0.6858]], requires_grad=True)
[2023-01-20 22:04:51,109][__main__][INFO] - parameters: Parameter containing:
tensor([[ 0.5975,  0.6911, -0.3832,  0.7840,  0.8471,  0.7866, -0.2251, -0.0338,
         -0.4031,  0.7110]], requires_grad=True)
[2023-01-20 22:04:51,291][__main__][INFO] - parameters: Parameter containing:
tensor([[ 0.5701,  0.6830, -0.3792,  0.7788,  0.8826,  0.7757, -0.2052, -0.0315,
         -0.4117,  0.7311]], requires_grad=True)
[2023-01-20 22:04:51,487][__main__][INFO] - parameters: Parameter containing:
tensor([[ 0.5352,  0.6896, -0.3671,  0.7732,  0.9062,  0.7641, -0.1999, -0.0263,
         -0.4218,  0.7458]], requires_grad=True)
[2023-01-20 22:04:51,678][__main__][INFO] - parameters: Parameter containing:
tensor([[ 0.5266,  0.7058, -0.3699,  0.7602,  0.9022,  0.7640, -0.1992, -0.0535,
         -0.4253,  0.7808]], requires_grad=True)
[2023-01-20 22:04:51,870][__main__][INFO] - parameters: Parameter containing:
tensor([[ 0.5318,  0.7207, -0.3774,  0.7572,  0.8899,  0.7763, -0.2002, -0.0895,
         -0.4178,  0.8144]], requires_grad=True)
[2023-01-20 22:04:52,067][__main__][INFO] - parameters: Parameter containing:
tensor([[ 0.5511,  0.7480, -0.3927,  0.7839,  0.8652,  0.7981, -0.2283, -0.1357,
         -0.4450,  0.8208]], requires_grad=True)
[2023-01-20 22:04:52,262][__main__][INFO] - parameters: Parameter containing:
tensor([[ 0.5731,  0.7871, -0.3900,  0.8192,  0.8315,  0.8269, -0.2491, -0.1870,
         -0.4587,  0.8283]], requires_grad=True)
[2023-01-20 22:04:52,459][__main__][INFO] - parameters: Parameter containing:
tensor([[ 0.5874,  0.8096, -0.3948,  0.8280,  0.7969,  0.8462, -0.2622, -0.2259,
         -0.4701,  0.8551]], requires_grad=True)
[2023-01-20 22:04:52,649][__main__][INFO] - parameters: Parameter containing:
tensor([[ 0.5989,  0.8310, -0.4033,  0.8174,  0.7539,  0.8574, -0.2771, -0.2595,
         -0.4605,  0.8953]], requires_grad=True)
[2023-01-20 22:04:52,855][__main__][INFO] - parameters: Parameter containing:
tensor([[ 0.6084,  0.8403, -0.4138,  0.7993,  0.7212,  0.8644, -0.2908, -0.2727,
         -0.4379,  0.9325]], requires_grad=True)
[2023-01-20 22:04:53,069][__main__][INFO] - parameters: Parameter containing:
tensor([[ 0.6149,  0.8353, -0.4324,  0.7781,  0.7121,  0.8588, -0.2959, -0.2583,
         -0.4177,  0.9609]], requires_grad=True)
[2023-01-20 22:04:53,253][__main__][INFO] - parameters: Parameter containing:
tensor([[ 0.6125,  0.8405, -0.4453,  0.7454,  0.6990,  0.8418, -0.3063, -0.2315,
         -0.3962,  0.9726]], requires_grad=True)
[2023-01-20 22:04:53,441][__main__][INFO] - parameters: Parameter containing:
tensor([[ 0.6167,  0.8487, -0.4649,  0.7150,  0.6736,  0.8307, -0.3273, -0.2150,
         -0.3790,  0.9830]], requires_grad=True)
[2023-01-20 22:04:53,626][__main__][INFO] - parameters: Parameter containing:
tensor([[ 0.6345,  0.8383, -0.4922,  0.6950,  0.6542,  0.8324, -0.3378, -0.2118,
         -0.3621,  1.0009]], requires_grad=True)
[2023-01-20 22:04:53,813][__main__][INFO] - parameters: Parameter containing:
tensor([[ 0.6806,  0.8047, -0.5487,  0.6930,  0.6153,  0.8542, -0.3821, -0.2289,
         -0.3585,  0.9815]], requires_grad=True)
[2023-01-20 22:04:54,029][__main__][INFO] - parameters: Parameter containing:
tensor([[ 0.7210,  0.7783, -0.5959,  0.7002,  0.5927,  0.8648, -0.4157, -0.2530,
         -0.3626,  0.9501]], requires_grad=True)
[2023-01-20 22:04:54,239][__main__][INFO] - parameters: Parameter containing:
tensor([[ 0.7649,  0.7489, -0.6421,  0.7011,  0.5686,  0.8808, -0.4442, -0.2637,
         -0.3493,  0.9453]], requires_grad=True)
[2023-01-20 22:04:54,417][__main__][INFO] - parameters: Parameter containing:
tensor([[ 0.8043,  0.7183, -0.6945,  0.6934,  0.5472,  0.8882, -0.4749, -0.2698,
         -0.3490,  0.9552]], requires_grad=True)
[2023-01-20 22:04:54,601][__main__][INFO] - parameters: Parameter containing:
tensor([[ 0.8431,  0.7036, -0.7367,  0.6815,  0.5223,  0.8890, -0.5040, -0.2686,
         -0.3264,  0.9661]], requires_grad=True)
[2023-01-20 22:04:54,771][__main__][INFO] - parameters: Parameter containing:
tensor([[ 0.8845,  0.6733, -0.7858,  0.6667,  0.5032,  0.8916, -0.5262, -0.2585,
         -0.3154,  0.9728]], requires_grad=True)
[2023-01-20 22:04:54,953][__main__][INFO] - parameters: Parameter containing:
tensor([[ 0.9102,  0.6577, -0.8287,  0.6523,  0.4824,  0.8854, -0.5583, -0.2561,
         -0.3215,  0.9701]], requires_grad=True)
[2023-01-20 22:04:55,129][__main__][INFO] - parameters: Parameter containing:
tensor([[ 0.9195,  0.6459, -0.8538,  0.6310,  0.4697,  0.8799, -0.5741, -0.2558,
         -0.3328,  0.9857]], requires_grad=True)
[2023-01-20 22:04:55,308][__main__][INFO] - parameters: Parameter containing:
tensor([[ 0.9408,  0.6149, -0.8894,  0.6161,  0.4514,  0.8939, -0.5884, -0.2573,
         -0.3444,  1.0024]], requires_grad=True)
[2023-01-20 22:04:55,515][__main__][INFO] - parameters: Parameter containing:
tensor([[ 0.9674,  0.5815, -0.9260,  0.5947,  0.4302,  0.9033, -0.5979, -0.2573,
         -0.3498,  1.0290]], requires_grad=True)
[2023-01-20 22:04:55,692][__main__][INFO] - parameters: Parameter containing:
tensor([[ 1.0038,  0.5382, -0.9707,  0.5920,  0.4145,  0.9201, -0.6179, -0.2573,
         -0.3752,  1.0378]], requires_grad=True)
[2023-01-20 22:04:55,871][__main__][INFO] - parameters: Parameter containing:
tensor([[ 1.0391,  0.5099, -1.0104,  0.5925,  0.4037,  0.9254, -0.6405, -0.2595,
         -0.4013,  1.0396]], requires_grad=True)
[2023-01-20 22:04:56,058][__main__][INFO] - parameters: Parameter containing:
tensor([[ 1.0699,  0.4784, -1.0474,  0.6109,  0.3971,  0.9418, -0.6741, -0.2526,
         -0.4345,  1.0457]], requires_grad=True)
[2023-01-20 22:04:56,239][__main__][INFO] - parameters: Parameter containing:
tensor([[ 1.1112,  0.4165, -1.1007,  0.6309,  0.4269,  0.9509, -0.6754, -0.2290,
         -0.4825,  1.0637]], requires_grad=True)
[2023-01-20 22:04:56,435][__main__][INFO] - parameters: Parameter containing:
tensor([[ 1.1380,  0.3707, -1.1403,  0.6425,  0.4578,  0.9446, -0.6696, -0.2085,
         -0.5287,  1.0738]], requires_grad=True)
[2023-01-20 22:04:56,631][__main__][INFO] - parameters: Parameter containing:
tensor([[ 1.1623,  0.3097, -1.1788,  0.6425,  0.4899,  0.9564, -0.6469, -0.1954,
         -0.5613,  1.0988]], requires_grad=True)
[2023-01-20 22:04:56,804][__main__][INFO] - parameters: Parameter containing:
tensor([[ 1.1700,  0.2662, -1.2064,  0.6357,  0.5187,  0.9497, -0.6365, -0.1616,
         -0.5858,  1.1011]], requires_grad=True)
[2023-01-20 22:04:56,979][__main__][INFO] - parameters: Parameter containing:
tensor([[ 1.1777,  0.2346, -1.2239,  0.6430,  0.5483,  0.9500, -0.6255, -0.1512,
         -0.6100,  1.1038]], requires_grad=True)
[2023-01-20 22:04:57,150][__main__][INFO] - parameters: Parameter containing:
tensor([[ 1.1785,  0.2102, -1.2370,  0.6427,  0.5705,  0.9452, -0.6194, -0.1346,
         -0.6288,  1.1013]], requires_grad=True)
[2023-01-20 22:04:57,327][__main__][INFO] - parameters: Parameter containing:
tensor([[ 1.1742,  0.1871, -1.2467,  0.6492,  0.5944,  0.9456, -0.6130, -0.1199,
         -0.6425,  1.0911]], requires_grad=True)
[2023-01-20 22:04:57,488][__main__][INFO] - parameters: Parameter containing:
tensor([[ 1.1662,  0.1661, -1.2540,  0.6508,  0.6305,  0.9315, -0.5995, -0.0987,
         -0.6558,  1.0739]], requires_grad=True)
[2023-01-20 22:04:57,669][__main__][INFO] - parameters: Parameter containing:
tensor([[ 1.1507,  0.1410, -1.2558,  0.6576,  0.6708,  0.9230, -0.5816, -0.0760,
         -0.6624,  1.0465]], requires_grad=True)
[2023-01-20 22:04:57,831][__main__][INFO] - parameters: Parameter containing:
tensor([[ 1.1260,  0.1153, -1.2523,  0.6629,  0.7060,  0.9237, -0.5673, -0.0510,
         -0.6571,  1.0148]], requires_grad=True)
[2023-01-20 22:04:58,002][__main__][INFO] - parameters: Parameter containing:
tensor([[ 1.1238,  0.0783, -1.2637,  0.6675,  0.7300,  0.9433, -0.5470, -0.0354,
         -0.6485,  0.9998]], requires_grad=True)
[2023-01-20 22:04:58,168][__main__][INFO] - parameters: Parameter containing:
tensor([[ 1.1255,  0.0443, -1.2826,  0.6788,  0.7560,  0.9572, -0.5322, -0.0242,
         -0.6616,  0.9712]], requires_grad=True)
[2023-01-20 22:04:58,343][__main__][INFO] - parameters: Parameter containing:
tensor([[ 1.1309,  0.0163, -1.2997,  0.6795,  0.7661,  0.9780, -0.5170, -0.0200,
         -0.6581,  0.9464]], requires_grad=True)
[2023-01-20 22:04:58,512][__main__][INFO] - parameters: Parameter containing:
tensor([[ 1.1416, -0.0172, -1.3211,  0.6648,  0.7570,  1.0176, -0.5027, -0.0243,
         -0.6302,  0.9322]], requires_grad=True)
[2023-01-20 22:04:58,696][__main__][INFO] - parameters: Parameter containing:
tensor([[ 1.1442, -0.0487, -1.3355,  0.6607,  0.7524,  1.0556, -0.4946, -0.0105,
         -0.5943,  0.9111]], requires_grad=True)
[2023-01-20 22:04:58,879][__main__][INFO] - parameters: Parameter containing:
tensor([[ 1.1368, -0.0734, -1.3386,  0.6593,  0.7623,  1.0769, -0.4803,  0.0193,
         -0.5615,  0.8827]], requires_grad=True)
[2023-01-20 22:04:59,058][__main__][INFO] - parameters: Parameter containing:
tensor([[ 1.1168, -0.0847, -1.3355,  0.6551,  0.7829,  1.0688, -0.4623,  0.0580,
         -0.5459,  0.8428]], requires_grad=True)
[2023-01-20 22:04:59,235][__main__][INFO] - parameters: Parameter containing:
tensor([[ 1.0886, -0.0893, -1.3296,  0.6424,  0.8091,  1.0451, -0.4416,  0.1010,
         -0.5386,  0.8004]], requires_grad=True)
[2023-01-20 22:04:59,409][__main__][INFO] - parameters: Parameter containing:
tensor([[ 1.0601, -0.0877, -1.3223,  0.6354,  0.8373,  1.0122, -0.4299,  0.1560,
         -0.5399,  0.7537]], requires_grad=True)
[2023-01-20 22:04:59,578][__main__][INFO] - parameters: Parameter containing:
tensor([[ 1.0222, -0.0738, -1.3032,  0.6230,  0.8741,  0.9687, -0.4124,  0.1996,
         -0.5538,  0.7007]], requires_grad=True)
[2023-01-20 22:04:59,736][__main__][INFO] - parameters: Parameter containing:
tensor([[ 0.9942, -0.0642, -1.2904,  0.6363,  0.9151,  0.9352, -0.3992,  0.2230,
         -0.5902,  0.6573]], requires_grad=True)
[2023-01-20 22:04:59,905][__main__][INFO] - parameters: Parameter containing:
tensor([[ 0.9763, -0.0477, -1.2755,  0.6579,  0.9398,  0.9101, -0.3915,  0.2312,
         -0.6220,  0.6183]], requires_grad=True)
[2023-01-20 22:05:00,083][__main__][INFO] - parameters: Parameter containing:
tensor([[ 0.9702, -0.0299, -1.2722,  0.6706,  0.9611,  0.8822, -0.3870,  0.2341,
         -0.6599,  0.5895]], requires_grad=True)
[2023-01-20 22:05:00,255][__main__][INFO] - parameters: Parameter containing:
tensor([[ 0.9577, -0.0036, -1.2612,  0.6833,  0.9810,  0.8500, -0.3876,  0.2359,
         -0.6939,  0.5646]], requires_grad=True)
[2023-01-20 22:05:00,412][__main__][INFO] - parameters: Parameter containing:
tensor([[ 0.9524,  0.0237, -1.2507,  0.7088,  1.0003,  0.8150, -0.3929,  0.2432,
         -0.7303,  0.5374]], requires_grad=True)
[2023-01-20 22:05:00,583][__main__][INFO] - parameters: Parameter containing:
tensor([[ 0.9563,  0.0405, -1.2477,  0.7265,  1.0102,  0.7859, -0.3925,  0.2556,
         -0.7513,  0.5171]], requires_grad=True)
[2023-01-20 22:05:00,778][__main__][INFO] - parameters: Parameter containing:
tensor([[ 0.9582,  0.0638, -1.2418,  0.7406,  1.0138,  0.7495, -0.3989,  0.2732,
         -0.7642,  0.4961]], requires_grad=True)
[2023-01-20 22:05:00,947][__main__][INFO] - parameters: Parameter containing:
tensor([[ 0.9716,  0.0767, -1.2425,  0.7601,  1.0103,  0.7263, -0.4058,  0.2913,
         -0.7692,  0.4873]], requires_grad=True)
[2023-01-20 22:05:01,129][__main__][INFO] - parameters: Parameter containing:
tensor([[ 0.9820,  0.0860, -1.2434,  0.7742,  1.0076,  0.7074, -0.4112,  0.3051,
         -0.7690,  0.4924]], requires_grad=True)
[2023-01-20 22:05:01,299][__main__][INFO] - parameters: Parameter containing:
tensor([[ 0.9896,  0.0849, -1.2485,  0.7823,  1.0038,  0.6944, -0.4168,  0.3249,
         -0.7618,  0.5100]], requires_grad=True)
[2023-01-20 22:05:01,465][__main__][INFO] - parameters: Parameter containing:
tensor([[ 1.0049,  0.0762, -1.2570,  0.8036,  1.0014,  0.6886, -0.4257,  0.3418,
         -0.7575,  0.5409]], requires_grad=True)
[2023-01-20 22:05:01,635][__main__][INFO] - parameters: Parameter containing:
tensor([[ 1.0235,  0.0651, -1.2703,  0.8218,  1.0008,  0.6824, -0.4287,  0.3544,
         -0.7543,  0.5723]], requires_grad=True)
[2023-01-20 22:05:01,813][__main__][INFO] - parameters: Parameter containing:
tensor([[ 1.0453,  0.0617, -1.2806,  0.8442,  1.0019,  0.6744, -0.4310,  0.3565,
         -0.7591,  0.5995]], requires_grad=True)
[2023-01-20 22:05:01,993][__main__][INFO] - parameters: Parameter containing:
tensor([[ 1.0546,  0.0608, -1.2834,  0.8569,  1.0070,  0.6570, -0.4267,  0.3637,
         -0.7617,  0.6196]], requires_grad=True)
[2023-01-20 22:05:02,163][__main__][INFO] - parameters: Parameter containing:
tensor([[ 1.0588,  0.0678, -1.2763,  0.8721,  1.0218,  0.6259, -0.4128,  0.3677,
         -0.7727,  0.6247]], requires_grad=True)
[2023-01-20 22:05:02,346][__main__][INFO] - parameters: Parameter containing:
tensor([[ 1.0647,  0.0663, -1.2717,  0.8786,  1.0414,  0.5971, -0.3862,  0.3764,
         -0.7729,  0.6310]], requires_grad=True)
[2023-01-20 22:05:02,528][__main__][INFO] - parameters: Parameter containing:
tensor([[ 1.0739,  0.0589, -1.2787,  0.8744,  1.0594,  0.5666, -0.3539,  0.3815,
         -0.7763,  0.6349]], requires_grad=True)
[2023-01-20 22:05:02,710][__main__][INFO] - parameters: Parameter containing:
tensor([[ 1.0808,  0.0571, -1.2794,  0.8763,  1.0813,  0.5351, -0.3222,  0.3786,
         -0.7829,  0.6355]], requires_grad=True)
[2023-01-20 22:05:02,892][__main__][INFO] - parameters: Parameter containing:
tensor([[ 1.0889,  0.0557, -1.2778,  0.8664,  1.1101,  0.4915, -0.2754,  0.3790,
         -0.7855,  0.6301]], requires_grad=True)
[2023-01-20 22:05:03,059][__main__][INFO] - parameters: Parameter containing:
tensor([[ 1.0954,  0.0638, -1.2795,  0.8392,  1.1381,  0.4388, -0.2314,  0.3720,
         -0.7956,  0.6185]], requires_grad=True)
[2023-01-20 22:05:03,248][__main__][INFO] - parameters: Parameter containing:
tensor([[ 1.0960,  0.0778, -1.2693,  0.8182,  1.1733,  0.3883, -0.1842,  0.3564,
         -0.8026,  0.6064]], requires_grad=True)
[2023-01-20 22:05:03,425][__main__][INFO] - parameters: Parameter containing:
tensor([[ 1.0996,  0.0930, -1.2612,  0.8081,  1.1994,  0.3435, -0.1543,  0.3582,
         -0.7936,  0.5899]], requires_grad=True)
[2023-01-20 22:05:03,604][__main__][INFO] - parameters: Parameter containing:
tensor([[ 1.0979,  0.1215, -1.2499,  0.7931,  1.2209,  0.2908, -0.1349,  0.3631,
         -0.7866,  0.5669]], requires_grad=True)
[2023-01-20 22:05:03,789][__main__][INFO] - parameters: Parameter containing:
tensor([[ 1.1013,  0.1441, -1.2455,  0.7845,  1.2365,  0.2478, -0.1223,  0.3621,
         -0.7887,  0.5471]], requires_grad=True)
[2023-01-20 22:05:03,966][__main__][INFO] - parameters: Parameter containing:
tensor([[ 1.1113,  0.1538, -1.2453,  0.7817,  1.2537,  0.2146, -0.1032,  0.3649,
         -0.7911,  0.5340]], requires_grad=True)
[2023-01-20 22:05:04,131][__main__][INFO] - parameters: Parameter containing:
tensor([[ 1.1239,  0.1587, -1.2456,  0.7878,  1.2702,  0.1936, -0.0797,  0.3556,
         -0.7955,  0.5289]], requires_grad=True)
[2023-01-20 22:05:04,307][__main__][INFO] - parameters: Parameter containing:
tensor([[ 1.1418,  0.1627, -1.2509,  0.8008,  1.2796,  0.1838, -0.0632,  0.3435,
         -0.8112,  0.5226]], requires_grad=True)
[2023-01-20 22:05:04,495][__main__][INFO] - parameters: Parameter containing:
tensor([[ 1.1697,  0.1639, -1.2618,  0.8213,  1.2892,  0.1790, -0.0495,  0.3188,
         -0.8374,  0.5218]], requires_grad=True)
[2023-01-20 22:05:04,659][__main__][INFO] - parameters: Parameter containing:
tensor([[ 1.1913,  0.1769, -1.2617,  0.8338,  1.2914,  0.1664, -0.0374,  0.2931,
         -0.8553,  0.5198]], requires_grad=True)
[2023-01-20 22:05:04,834][__main__][INFO] - parameters: Parameter containing:
tensor([[ 1.2099,  0.1885, -1.2633,  0.8432,  1.2868,  0.1554, -0.0323,  0.2836,
         -0.8636,  0.5118]], requires_grad=True)
[2023-01-20 22:05:05,017][__main__][INFO] - parameters: Parameter containing:
tensor([[ 1.2282,  0.1985, -1.2655,  0.8590,  1.2806,  0.1427, -0.0358,  0.2938,
         -0.8642,  0.5035]], requires_grad=True)
[2023-01-20 22:05:05,210][__main__][INFO] - parameters: Parameter containing:
tensor([[ 1.2411,  0.2014, -1.2608,  0.8676,  1.2784,  0.1296, -0.0254,  0.3128,
         -0.8515,  0.4987]], requires_grad=True)
[2023-01-20 22:05:05,396][__main__][INFO] - parameters: Parameter containing:
tensor([[ 1.2425,  0.2104, -1.2447,  0.8789,  1.2759,  0.1053, -0.0191,  0.3502,
         -0.8229,  0.4794]], requires_grad=True)
[2023-01-20 22:05:05,571][__main__][INFO] - parameters: Parameter containing:
tensor([[ 1.2407,  0.2133, -1.2274,  0.8899,  1.2793,  0.0806, -0.0052,  0.3878,
         -0.7949,  0.4645]], requires_grad=True)
[2023-01-20 22:05:05,768][__main__][INFO] - parameters: Parameter containing:
tensor([[ 1.2355,  0.2125, -1.2170,  0.8917,  1.2898,  0.0485,  0.0136,  0.4175,
         -0.7806,  0.4641]], requires_grad=True)
[2023-01-20 22:05:05,955][__main__][INFO] - parameters: Parameter containing:
tensor([[ 1.2217,  0.2151, -1.2000,  0.8822,  1.2959,  0.0190,  0.0356,  0.4322,
         -0.7671,  0.4742]], requires_grad=True)
[2023-01-20 22:05:06,153][__main__][INFO] - parameters: Parameter containing:
tensor([[ 1.2065,  0.2139, -1.1730,  0.8909,  1.2983,  0.0037,  0.0591,  0.4501,
         -0.7484,  0.4790]], requires_grad=True)
[2023-01-20 22:05:06,337][__main__][INFO] - parameters: Parameter containing:
tensor([[ 1.1960,  0.2251, -1.1508,  0.8985,  1.2986, -0.0166,  0.0708,  0.4541,
         -0.7379,  0.4802]], requires_grad=True)
[2023-01-20 22:05:06,517][__main__][INFO] - parameters: Parameter containing:
tensor([[ 1.1807,  0.2480, -1.1181,  0.9255,  1.3034, -0.0440,  0.0713,  0.4624,
         -0.7311,  0.4623]], requires_grad=True)
[2023-01-20 22:05:06,705][__main__][INFO] - parameters: Parameter containing:
tensor([[ 1.1731,  0.2640, -1.0956,  0.9376,  1.2944, -0.0641,  0.0723,  0.4708,
         -0.7052,  0.4498]], requires_grad=True)
[2023-01-20 22:05:06,893][__main__][INFO] - parameters: Parameter containing:
tensor([[ 1.1531,  0.2763, -1.0671,  0.9411,  1.2857, -0.0824,  0.0833,  0.4925,
         -0.6647,  0.4270]], requires_grad=True)
[2023-01-20 22:05:07,082][__main__][INFO] - parameters: Parameter containing:
tensor([[ 1.1345,  0.2892, -1.0400,  0.9414,  1.2741, -0.1013,  0.0967,  0.5028,
         -0.6297,  0.4109]], requires_grad=True)
[2023-01-20 22:05:07,262][__main__][INFO] - parameters: Parameter containing:
tensor([[ 1.1255,  0.2964, -1.0099,  0.9528,  1.2600, -0.1075,  0.1113,  0.5149,
         -0.5792,  0.4023]], requires_grad=True)
[2023-01-20 22:05:07,433][__main__][INFO] - parameters: Parameter containing:
tensor([[ 1.1180,  0.2970, -0.9785,  0.9690,  1.2565, -0.1102,  0.1368,  0.5323,
         -0.5298,  0.3961]], requires_grad=True)
[2023-01-20 22:05:07,616][__main__][INFO] - parameters: Parameter containing:
tensor([[ 1.1177,  0.2888, -0.9497,  0.9882,  1.2480, -0.0934,  0.1644,  0.5464,
         -0.4721,  0.3917]], requires_grad=True)
[2023-01-20 22:05:07,795][__main__][INFO] - parameters: Parameter containing:
tensor([[ 1.1278,  0.2777, -0.9267,  1.0123,  1.2347, -0.0688,  0.1878,  0.5637,
         -0.4157,  0.3733]], requires_grad=True)
[2023-01-20 22:05:07,977][__main__][INFO] - parameters: Parameter containing:
tensor([[ 1.1510,  0.2654, -0.9121,  1.0507,  1.2316, -0.0460,  0.2140,  0.5680,
         -0.3852,  0.3626]], requires_grad=True)
[2023-01-20 22:05:08,159][__main__][INFO] - parameters: Parameter containing:
tensor([[ 1.1694,  0.2583, -0.9066,  1.0741,  1.2163, -0.0235,  0.2294,  0.5604,
         -0.3636,  0.3573]], requires_grad=True)
[2023-01-20 22:05:08,323][__main__][INFO] - parameters: Parameter containing:
tensor([[ 1.1891,  0.2425, -0.9073,  1.1058,  1.2000,  0.0120,  0.2338,  0.5541,
         -0.3443,  0.3473]], requires_grad=True)
[2023-01-20 22:05:08,492][__main__][INFO] - parameters: Parameter containing:
tensor([[ 1.2109,  0.2288, -0.9013,  1.1410,  1.1888,  0.0445,  0.2457,  0.5562,
         -0.3135,  0.3300]], requires_grad=True)
[2023-01-20 22:05:08,663][__main__][INFO] - parameters: Parameter containing:
tensor([[ 1.2317,  0.2165, -0.8954,  1.1860,  1.1865,  0.0751,  0.2526,  0.5543,
         -0.2932,  0.3179]], requires_grad=True)
[2023-01-20 22:05:08,843][__main__][INFO] - parameters: Parameter containing:
tensor([[ 1.2455,  0.2134, -0.8856,  1.2218,  1.1823,  0.1026,  0.2558,  0.5381,
         -0.2794,  0.3169]], requires_grad=True)
[2023-01-20 22:05:09,008][__main__][INFO] - parameters: Parameter containing:
tensor([[ 1.2473,  0.2082, -0.8733,  1.2499,  1.1750,  0.1293,  0.2572,  0.5178,
         -0.2690,  0.3239]], requires_grad=True)
[2023-01-20 22:05:09,191][__main__][INFO] - parameters: Parameter containing:
tensor([[ 1.2397,  0.2035, -0.8533,  1.2852,  1.1727,  0.1570,  0.2567,  0.5019,
         -0.2525,  0.3272]], requires_grad=True)
[2023-01-20 22:05:09,370][__main__][INFO] - parameters: Parameter containing:
tensor([[ 1.2213,  0.2035, -0.8323,  1.3176,  1.1786,  0.1761,  0.2495,  0.4834,
         -0.2510,  0.3226]], requires_grad=True)
[2023-01-20 22:05:09,536][__main__][INFO] - parameters: Parameter containing:
tensor([[ 1.2077,  0.2153, -0.8040,  1.3506,  1.1931,  0.1812,  0.2480,  0.4717,
         -0.2459,  0.3177]], requires_grad=True)
[2023-01-20 22:05:09,722][__main__][INFO] - parameters: Parameter containing:
tensor([[ 1.1976,  0.2281, -0.7830,  1.3667,  1.1945,  0.1847,  0.2444,  0.4590,
         -0.2355,  0.3215]], requires_grad=True)
[2023-01-20 22:05:09,906][__main__][INFO] - parameters: Parameter containing:
tensor([[ 1.2011,  0.2295, -0.7698,  1.3890,  1.1899,  0.1991,  0.2459,  0.4472,
         -0.2201,  0.3235]], requires_grad=True)
[2023-01-20 22:05:10,081][__main__][INFO] - parameters: Parameter containing:
tensor([[ 1.2161,  0.2326, -0.7651,  1.4158,  1.1757,  0.2215,  0.2415,  0.4259,
         -0.2103,  0.3200]], requires_grad=True)
[2023-01-20 22:05:10,262][__main__][INFO] - parameters: Parameter containing:
tensor([[ 1.2152,  0.2385, -0.7514,  1.4381,  1.1839,  0.2332,  0.2489,  0.3990,
         -0.2137,  0.3182]], requires_grad=True)
[2023-01-20 22:05:10,446][__main__][INFO] - parameters: Parameter containing:
tensor([[ 1.2123,  0.2391, -0.7324,  1.4787,  1.1865,  0.2715,  0.2455,  0.3647,
         -0.2104,  0.3194]], requires_grad=True)
[2023-01-20 22:05:10,617][__main__][INFO] - parameters: Parameter containing:
tensor([[ 1.1988,  0.2431, -0.7338,  1.4841,  1.1858,  0.2883,  0.2345,  0.3387,
         -0.2246,  0.3174]], requires_grad=True)
[2023-01-20 22:05:10,788][__main__][INFO] - parameters: Parameter containing:
tensor([[ 1.2015,  0.2500, -0.7529,  1.4895,  1.1727,  0.3067,  0.2045,  0.3046,
         -0.2470,  0.3055]], requires_grad=True)
[2023-01-20 22:05:10,973][__main__][INFO] - parameters: Parameter containing:
tensor([[ 1.2058,  0.2562, -0.7732,  1.4869,  1.1567,  0.3210,  0.1758,  0.2798,
         -0.2630,  0.2846]], requires_grad=True)
[2023-01-20 22:05:11,147][__main__][INFO] - parameters: Parameter containing:
tensor([[ 1.2124,  0.2569, -0.8098,  1.4662,  1.1349,  0.3341,  0.1477,  0.2547,
         -0.2853,  0.2638]], requires_grad=True)
[2023-01-20 22:05:11,323][__main__][INFO] - parameters: Parameter containing:
tensor([[ 1.2172,  0.2653, -0.8381,  1.4610,  1.1166,  0.3540,  0.1078,  0.2240,
         -0.3099,  0.2304]], requires_grad=True)
[2023-01-20 22:05:11,497][__main__][INFO] - parameters: Parameter containing:
tensor([[ 1.2116,  0.2955, -0.8559,  1.4468,  1.1111,  0.3519,  0.0723,  0.1931,
         -0.3437,  0.1897]], requires_grad=True)
[2023-01-20 22:05:11,677][__main__][INFO] - parameters: Parameter containing:
tensor([[ 1.2304,  0.3104, -0.8746,  1.4540,  1.0953,  0.3766,  0.0400,  0.1573,
         -0.3578,  0.1514]], requires_grad=True)
[2023-01-20 22:05:11,863][__main__][INFO] - parameters: Parameter containing:
tensor([[ 1.2573,  0.3204, -0.8879,  1.4702,  1.0640,  0.4191,  0.0045,  0.1259,
         -0.3556,  0.1184]], requires_grad=True)
[2023-01-20 22:05:12,039][__main__][INFO] - parameters: Parameter containing:
tensor([[ 1.2811,  0.3251, -0.8973,  1.4984,  1.0386,  0.4635, -0.0299,  0.0974,
         -0.3554,  0.0859]], requires_grad=True)
[2023-01-20 22:05:12,219][__main__][INFO] - parameters: Parameter containing:
tensor([[ 1.2931,  0.3391, -0.8982,  1.5218,  1.0195,  0.4962, -0.0595,  0.0650,
         -0.3603,  0.0531]], requires_grad=True)
[2023-01-20 22:05:12,399][__main__][INFO] - parameters: Parameter containing:
tensor([[ 1.2933,  0.3515, -0.8947,  1.5435,  0.9961,  0.5291, -0.0915,  0.0293,
         -0.3624,  0.0306]], requires_grad=True)
[2023-01-20 22:05:12,596][__main__][INFO] - parameters: Parameter containing:
tensor([[ 1.2941,  0.3557, -0.8895,  1.5713,  0.9670,  0.5735, -0.1214, -0.0137,
         -0.3588,  0.0286]], requires_grad=True)
[2023-01-20 22:05:12,788][__main__][INFO] - parameters: Parameter containing:
tensor([[ 1.2796,  0.3661, -0.8825,  1.5814,  0.9412,  0.5977, -0.1425, -0.0461,
         -0.3666,  0.0222]], requires_grad=True)
[2023-01-20 22:05:12,979][__main__][INFO] - parameters: Parameter containing:
tensor([[ 1.2736,  0.3701, -0.8722,  1.6004,  0.8967,  0.6428, -0.1712, -0.0799,
         -0.3533,  0.0258]], requires_grad=True)
[2023-01-20 22:05:13,175][__main__][INFO] - parameters: Parameter containing:
tensor([[ 1.2745,  0.3630, -0.8677,  1.6127,  0.8477,  0.6954, -0.1968, -0.0981,
         -0.3267,  0.0347]], requires_grad=True)
[2023-01-20 22:05:13,347][__main__][INFO] - parameters: Parameter containing:
tensor([[ 1.2752,  0.3538, -0.8632,  1.6210,  0.8084,  0.7362, -0.2085, -0.1138,
         -0.3075,  0.0429]], requires_grad=True)
[2023-01-20 22:05:13,530][__main__][INFO] - parameters: Parameter containing:
tensor([[ 1.2827,  0.3438, -0.8614,  1.6405,  0.7738,  0.7764, -0.2268, -0.1202,
         -0.2888,  0.0532]], requires_grad=True)
[2023-01-20 22:05:13,705][__main__][INFO] - parameters: Parameter containing:
tensor([[ 1.2936,  0.3320, -0.8622,  1.6641,  0.7524,  0.8055, -0.2397, -0.1137,
         -0.2799,  0.0512]], requires_grad=True)
[2023-01-20 22:05:13,880][__main__][INFO] - parameters: Parameter containing:
tensor([[ 1.3060,  0.3316, -0.8654,  1.6600,  0.7275,  0.8154, -0.2441, -0.1020,
         -0.2733,  0.0401]], requires_grad=True)
[2023-01-20 22:05:14,057][__main__][INFO] - parameters: Parameter containing:
tensor([[ 1.3274,  0.3316, -0.8655,  1.6502,  0.6980,  0.8273, -0.2348, -0.0891,
         -0.2497,  0.0283]], requires_grad=True)
[2023-01-20 22:05:14,252][__main__][INFO] - parameters: Parameter containing:
tensor([[ 1.3195,  0.3436, -0.8538,  1.6340,  0.6886,  0.8238, -0.2239, -0.0835,
         -0.2427,  0.0160]], requires_grad=True)
[2023-01-20 22:05:14,437][__main__][INFO] - parameters: Parameter containing:
tensor([[ 1.3173,  0.3635, -0.8353,  1.6382,  0.6597,  0.8419, -0.2272, -0.1029,
         -0.2231,  0.0061]], requires_grad=True)
[2023-01-20 22:05:14,627][__main__][INFO] - parameters: Parameter containing:
tensor([[ 1.3093,  0.4020, -0.8170,  1.6165,  0.6189,  0.8412, -0.2366, -0.1211,
         -0.2023, -0.0172]], requires_grad=True)
[2023-01-20 22:05:14,811][__main__][INFO] - parameters: Parameter containing:
tensor([[ 1.3120,  0.4316, -0.7998,  1.6027,  0.5949,  0.8427, -0.2308, -0.1468,
         -0.1894, -0.0208]], requires_grad=True)
[2023-01-20 22:05:14,991][__main__][INFO] - parameters: Parameter containing:
tensor([[ 1.3350,  0.4389, -0.7938,  1.5944,  0.5779,  0.8607, -0.1954, -0.2005,
         -0.1900,  0.0083]], requires_grad=True)
[2023-01-20 22:05:15,175][__main__][INFO] - parameters: Parameter containing:
tensor([[ 1.3447,  0.4430, -0.7796,  1.5830,  0.5641,  0.8830, -0.1589, -0.2505,
         -0.1830,  0.0439]], requires_grad=True)
[2023-01-20 22:05:15,363][__main__][INFO] - parameters: Parameter containing:
tensor([[ 1.3400,  0.4561, -0.7519,  1.5770,  0.5615,  0.9013, -0.1232, -0.3044,
         -0.1817,  0.0814]], requires_grad=True)
[2023-01-20 22:05:15,555][__main__][INFO] - parameters: Parameter containing:
tensor([[ 1.3382,  0.4621, -0.7246,  1.5867,  0.5618,  0.9277, -0.0948, -0.3454,
         -0.1758,  0.1123]], requires_grad=True)
[2023-01-20 22:05:15,747][__main__][INFO] - parameters: Parameter containing:
tensor([[ 1.3401,  0.4744, -0.6887,  1.6114,  0.5537,  0.9640, -0.0718, -0.3893,
         -0.1536,  0.1245]], requires_grad=True)
[2023-01-20 22:05:15,930][__main__][INFO] - parameters: Parameter containing:
tensor([[ 1.3523,  0.4681, -0.6744,  1.6295,  0.5442,  1.0046, -0.0488, -0.4249,
         -0.1263,  0.1388]], requires_grad=True)
[2023-01-20 22:05:16,114][__main__][INFO] - parameters: Parameter containing:
tensor([[ 1.3688,  0.4599, -0.6693,  1.6521,  0.5413,  1.0392, -0.0358, -0.4588,
         -0.1166,  0.1449]], requires_grad=True)
[2023-01-20 22:05:16,294][__main__][INFO] - parameters: Parameter containing:
tensor([[ 1.3849,  0.4475, -0.6520,  1.7009,  0.5399,  1.0866, -0.0293, -0.5024,
         -0.1015,  0.1608]], requires_grad=True)
[2023-01-20 22:05:16,464][__main__][INFO] - parameters: Parameter containing:
tensor([[ 1.3935,  0.4187, -0.6483,  1.7307,  0.5422,  1.1313, -0.0155, -0.5359,
         -0.0947,  0.1865]], requires_grad=True)
[2023-01-20 22:05:16,637][__main__][INFO] - parameters: Parameter containing:
tensor([[ 1.4064e+00,  3.8215e-01, -6.4940e-01,  1.7682e+00,  5.4906e-01,
          1.1798e+00, -1.5221e-03, -5.8053e-01, -9.4678e-02,  2.1939e-01]],
       requires_grad=True)
[2023-01-20 22:05:16,831][__main__][INFO] - parameters: Parameter containing:
tensor([[ 1.4084,  0.3621, -0.6461,  1.7934,  0.5699,  1.1975,  0.0140, -0.6076,
         -0.0984,  0.2383]], requires_grad=True)
[2023-01-20 22:05:17,027][__main__][INFO] - parameters: Parameter containing:
tensor([[ 1.4155,  0.3412, -0.6369,  1.8256,  0.5925,  1.2213,  0.0338, -0.6398,
         -0.0996,  0.2564]], requires_grad=True)
[2023-01-20 22:05:17,213][__main__][INFO] - parameters: Parameter containing:
tensor([[ 1.4119,  0.3311, -0.6166,  1.8476,  0.6231,  1.2363,  0.0568, -0.6694,
         -0.0936,  0.2713]], requires_grad=True)
[2023-01-20 22:05:17,390][__main__][INFO] - parameters: Parameter containing:
tensor([[ 1.4173,  0.2939, -0.6042,  1.8620,  0.6473,  1.2733,  0.1020, -0.7165,
         -0.0792,  0.3166]], requires_grad=True)
[2023-01-20 22:05:17,574][__main__][INFO] - parameters: Parameter containing:
tensor([[ 1.4254,  0.2634, -0.5874,  1.8724,  0.6708,  1.3060,  0.1475, -0.7587,
         -0.0603,  0.3613]], requires_grad=True)
[2023-01-20 22:05:17,759][__main__][INFO] - parameters: Parameter containing:
tensor([[ 1.4329,  0.2312, -0.5689,  1.8984,  0.7167,  1.3281,  0.1921, -0.7879,
         -0.0582,  0.3933]], requires_grad=True)
[2023-01-20 22:05:17,943][__main__][INFO] - parameters: Parameter containing:
tensor([[ 1.4374,  0.1977, -0.5483,  1.9321,  0.7643,  1.3524,  0.2323, -0.8089,
         -0.0722,  0.4189]], requires_grad=True)
[2023-01-20 22:05:18,133][__main__][INFO] - parameters: Parameter containing:
tensor([[ 1.4403,  0.1851, -0.5334,  1.9611,  0.8120,  1.3582,  0.2594, -0.8380,
         -0.0961,  0.4330]], requires_grad=True)
[2023-01-20 22:05:18,312][__main__][INFO] - parameters: Parameter containing:
tensor([[ 1.4537,  0.1743, -0.5146,  1.9982,  0.8672,  1.3600,  0.2865, -0.8595,
         -0.1184,  0.4504]], requires_grad=True)
[2023-01-20 22:05:18,492][__main__][INFO] - parameters: Parameter containing:
tensor([[ 1.4697,  0.1630, -0.4955,  2.0311,  0.9103,  1.3625,  0.3166, -0.8807,
         -0.1252,  0.4727]], requires_grad=True)
[2023-01-20 22:05:18,676][__main__][INFO] - parameters: Parameter containing:
tensor([[ 1.4647,  0.1537, -0.4716,  2.0578,  0.9616,  1.3609,  0.3419, -0.8909,
         -0.1397,  0.4875]], requires_grad=True)
[2023-01-20 22:05:18,859][__main__][INFO] - parameters: Parameter containing:
tensor([[ 1.4483,  0.1552, -0.4498,  2.0756,  1.0101,  1.3511,  0.3591, -0.9137,
         -0.1629,  0.5047]], requires_grad=True)
[2023-01-20 22:05:19,048][__main__][INFO] - parameters: Parameter containing:
tensor([[ 1.4339,  0.1558, -0.4256,  2.1083,  1.0583,  1.3440,  0.3681, -0.9311,
         -0.1896,  0.5086]], requires_grad=True)
[2023-01-20 22:05:19,208][__main__][INFO] - parameters: Parameter containing:
tensor([[ 1.4226,  0.1605, -0.3996,  2.1555,  1.1129,  1.3408,  0.3693, -0.9546,
         -0.2251,  0.5101]], requires_grad=True)
[2023-01-20 22:05:19,383][__main__][INFO] - parameters: Parameter containing:
tensor([[ 1.4246,  0.1568, -0.3804,  2.1981,  1.1573,  1.3474,  0.3792, -0.9902,
         -0.2490,  0.5217]], requires_grad=True)
[2023-01-20 22:05:19,571][__main__][INFO] - parameters: Parameter containing:
tensor([[ 1.4303,  0.1513, -0.3674,  2.2341,  1.2058,  1.3462,  0.3885, -0.9940,
         -0.2753,  0.5094]], requires_grad=True)
[2023-01-20 22:05:19,763][__main__][INFO] - parameters: Parameter containing:
tensor([[ 1.4395,  0.1469, -0.3525,  2.2850,  1.2536,  1.3431,  0.3979, -1.0113,
         -0.3035,  0.4999]], requires_grad=True)
[2023-01-20 22:05:19,937][__main__][INFO] - parameters: Parameter containing:
tensor([[ 1.4469,  0.1478, -0.3370,  2.3307,  1.3050,  1.3357,  0.4104, -1.0375,
         -0.3425,  0.4839]], requires_grad=True)
[2023-01-20 22:05:20,135][__main__][INFO] - parameters: Parameter containing:
tensor([[ 1.4563,  0.1397, -0.3247,  2.3716,  1.3544,  1.3361,  0.4311, -1.0589,
         -0.3777,  0.4725]], requires_grad=True)
[2023-01-20 22:05:20,336][__main__][INFO] - parameters: Parameter containing:
tensor([[ 1.4554,  0.1383, -0.3038,  2.3945,  1.3814,  1.3328,  0.4460, -1.0667,
         -0.3863,  0.4670]], requires_grad=True)
[2023-01-20 22:05:20,520][__main__][INFO] - parameters: Parameter containing:
tensor([[ 1.4474,  0.1304, -0.2815,  2.4080,  1.4012,  1.3349,  0.4647, -1.0785,
         -0.3776,  0.4683]], requires_grad=True)
[2023-01-20 22:05:20,698][__main__][INFO] - parameters: Parameter containing:
tensor([[ 1.4341,  0.1257, -0.2494,  2.4198,  1.4120,  1.3432,  0.4847, -1.0952,
         -0.3622,  0.4807]], requires_grad=True)
[2023-01-20 22:05:20,877][__main__][INFO] - parameters: Parameter containing:
tensor([[ 1.4242,  0.1251, -0.2177,  2.4396,  1.4257,  1.3501,  0.4972, -1.1103,
         -0.3496,  0.4881]], requires_grad=True)
[2023-01-20 22:05:21,071][__main__][INFO] - parameters: Parameter containing:
tensor([[ 1.4194,  0.1266, -0.1854,  2.4572,  1.4331,  1.3601,  0.5134, -1.1369,
         -0.3291,  0.4985]], requires_grad=True)
[2023-01-20 22:05:21,264][__main__][INFO] - parameters: Parameter containing:
tensor([[ 1.4257,  0.1209, -0.1603,  2.4840,  1.4420,  1.3767,  0.5205, -1.1583,
         -0.3086,  0.5078]], requires_grad=True)
[2023-01-20 22:05:21,439][__main__][INFO] - parameters: Parameter containing:
tensor([[ 1.4257,  0.1157, -0.1426,  2.4927,  1.4515,  1.3843,  0.5278, -1.1742,
         -0.2892,  0.5143]], requires_grad=True)
[2023-01-20 22:05:21,618][__main__][INFO] - parameters: Parameter containing:
tensor([[ 1.4165,  0.1306, -0.1178,  2.4849,  1.4616,  1.3700,  0.5332, -1.1761,
         -0.2715,  0.5137]], requires_grad=True)
[2023-01-20 22:05:21,804][__main__][INFO] - parameters: Parameter containing:
tensor([[ 1.3927,  0.1403, -0.1002,  2.4543,  1.4663,  1.3576,  0.5397, -1.1851,
         -0.2531,  0.5220]], requires_grad=True)
[2023-01-20 22:05:21,985][__main__][INFO] - parameters: Parameter containing:
tensor([[ 1.3625,  0.1519, -0.0876,  2.4136,  1.4711,  1.3514,  0.5508, -1.2193,
         -0.2547,  0.5409]], requires_grad=True)
[2023-01-20 22:05:22,170][__main__][INFO] - parameters: Parameter containing:
tensor([[ 1.3499,  0.1457, -0.0829,  2.3878,  1.4900,  1.3503,  0.5762, -1.2481,
         -0.2652,  0.5644]], requires_grad=True)
[2023-01-20 22:05:22,365][__main__][INFO] - parameters: Parameter containing:
tensor([[ 1.3379,  0.1313, -0.0811,  2.3635,  1.5049,  1.3584,  0.5961, -1.2726,
         -0.2746,  0.5906]], requires_grad=True)
[2023-01-20 22:05:22,553][__main__][INFO] - parameters: Parameter containing:
tensor([[ 1.3346,  0.1071, -0.0981,  2.3384,  1.5144,  1.3714,  0.6080, -1.3007,
         -0.2907,  0.6176]], requires_grad=True)
[2023-01-20 22:05:22,735][__main__][INFO] - parameters: Parameter containing:
tensor([[ 1.3144,  0.1045, -0.1064,  2.3004,  1.5201,  1.3622,  0.6199, -1.3293,
         -0.3102,  0.6342]], requires_grad=True)
[2023-01-20 22:05:22,926][__main__][INFO] - parameters: Parameter containing:
tensor([[ 1.2884,  0.1018, -0.1190,  2.2646,  1.5297,  1.3505,  0.6178, -1.3492,
         -0.3445,  0.6371]], requires_grad=True)
[2023-01-20 22:05:23,118][__main__][INFO] - parameters: Parameter containing:
tensor([[ 1.2789,  0.1004, -0.1422,  2.2440,  1.5429,  1.3441,  0.6023, -1.3769,
         -0.3951,  0.6426]], requires_grad=True)
[2023-01-20 22:05:23,318][__main__][INFO] - parameters: Parameter containing:
tensor([[ 1.2813,  0.0965, -0.1734,  2.2343,  1.5616,  1.3386,  0.5946, -1.4119,
         -0.4478,  0.6428]], requires_grad=True)
[2023-01-20 22:05:23,506][__main__][INFO] - parameters: Parameter containing:
tensor([[ 1.2849,  0.0932, -0.2085,  2.2338,  1.5890,  1.3293,  0.5784, -1.4351,
         -0.5098,  0.6366]], requires_grad=True)
[2023-01-20 22:05:23,686][__main__][INFO] - parameters: Parameter containing:
tensor([[ 1.2844,  0.0818, -0.2359,  2.2388,  1.6026,  1.3361,  0.5588, -1.4481,
         -0.5486,  0.6284]], requires_grad=True)
[2023-01-20 22:05:23,882][__main__][INFO] - parameters: Parameter containing:
tensor([[ 1.2896,  0.0483, -0.2727,  2.2339,  1.6182,  1.3592,  0.5640, -1.4851,
         -0.5895,  0.6441]], requires_grad=True)
[2023-01-20 22:05:24,069][__main__][INFO] - parameters: Parameter containing:
tensor([[ 1.2932,  0.0284, -0.3038,  2.2353,  1.6371,  1.3746,  0.5620, -1.5095,
         -0.6247,  0.6327]], requires_grad=True)
[2023-01-20 22:05:24,250][__main__][INFO] - parameters: Parameter containing:
tensor([[ 1.2968,  0.0096, -0.3206,  2.2407,  1.6570,  1.3920,  0.5702, -1.5258,
         -0.6422,  0.6217]], requires_grad=True)
[2023-01-20 22:05:24,435][__main__][INFO] - parameters: Parameter containing:
tensor([[ 1.2946,  0.0023, -0.3357,  2.2341,  1.6697,  1.4027,  0.5723, -1.5399,
         -0.6542,  0.6121]], requires_grad=True)
[2023-01-20 22:05:24,610][__main__][INFO] - parameters: Parameter containing:
tensor([[ 1.2958, -0.0055, -0.3536,  2.2260,  1.6759,  1.4213,  0.5674, -1.5483,
         -0.6551,  0.6066]], requires_grad=True)
[2023-01-20 22:05:24,787][__main__][INFO] - parameters: Parameter containing:
tensor([[ 1.3044, -0.0136, -0.3774,  2.2254,  1.6801,  1.4519,  0.5541, -1.5693,
         -0.6617,  0.6048]], requires_grad=True)
[2023-01-20 22:05:24,966][__main__][INFO] - parameters: Parameter containing:
tensor([[ 1.3015, -0.0128, -0.3804,  2.2228,  1.6893,  1.4750,  0.5513, -1.5816,
         -0.6556,  0.6015]], requires_grad=True)
[2023-01-20 22:05:25,183][__main__][INFO] - parameters: Parameter containing:
tensor([[ 1.2924, -0.0118, -0.3736,  2.2188,  1.7095,  1.4886,  0.5593, -1.5860,
         -0.6483,  0.5943]], requires_grad=True)
[2023-01-20 22:05:25,408][__main__][INFO] - parameters: Parameter containing:
tensor([[ 1.2904, -0.0270, -0.3708,  2.2148,  1.7358,  1.5066,  0.5864, -1.5881,
         -0.6370,  0.5915]], requires_grad=True)
[2023-01-20 22:05:25,607][__main__][INFO] - parameters: Parameter containing:
tensor([[ 1.2963, -0.0480, -0.3712,  2.2185,  1.7590,  1.5267,  0.6144, -1.5854,
         -0.6295,  0.5904]], requires_grad=True)
[2023-01-20 22:05:25,818][__main__][INFO] - parameters: Parameter containing:
tensor([[ 1.3029, -0.0680, -0.3683,  2.2277,  1.7820,  1.5499,  0.6362, -1.5826,
         -0.6276,  0.5938]], requires_grad=True)
[2023-01-20 22:05:26,008][__main__][INFO] - parameters: Parameter containing:
tensor([[ 1.2990, -0.0889, -0.3500,  2.2320,  1.7925,  1.5817,  0.6705, -1.5890,
         -0.6078,  0.6187]], requires_grad=True)
[2023-01-20 22:05:26,199][__main__][INFO] - parameters: Parameter containing:
tensor([[ 1.2853, -0.0952, -0.3241,  2.2171,  1.7902,  1.5985,  0.7058, -1.5849,
         -0.5731,  0.6446]], requires_grad=True)
[2023-01-20 22:05:26,396][__main__][INFO] - parameters: Parameter containing:
tensor([[ 1.2651, -0.0939, -0.3004,  2.1923,  1.7834,  1.6041,  0.7388, -1.5822,
         -0.5371,  0.6632]], requires_grad=True)
[2023-01-20 22:05:26,565][__main__][INFO] - parameters: Parameter containing:
tensor([[ 1.2455, -0.0909, -0.2796,  2.1602,  1.7720,  1.6056,  0.7725, -1.5668,
         -0.4913,  0.6783]], requires_grad=True)
[2023-01-20 22:05:26,732][__main__][INFO] - parameters: Parameter containing:
tensor([[ 1.2344, -0.0888, -0.2583,  2.1500,  1.7554,  1.6200,  0.7879, -1.5436,
         -0.4442,  0.6891]], requires_grad=True)
[2023-01-20 22:05:26,907][__main__][INFO] - parameters: Parameter containing:
tensor([[ 1.2444, -0.0887, -0.2536,  2.1469,  1.7329,  1.6422,  0.7959, -1.5239,
         -0.4068,  0.6975]], requires_grad=True)
[2023-01-20 22:05:27,091][__main__][INFO] - parameters: Parameter containing:
tensor([[ 1.2454, -0.0776, -0.2362,  2.1534,  1.7346,  1.6529,  0.8041, -1.5099,
         -0.3926,  0.6970]], requires_grad=True)
[2023-01-20 22:05:27,265][__main__][INFO] - parameters: Parameter containing:
tensor([[ 1.2563, -0.0743, -0.2302,  2.1594,  1.7400,  1.6689,  0.8111, -1.4949,
         -0.3797,  0.6947]], requires_grad=True)
[2023-01-20 22:05:27,454][__main__][INFO] - parameters: Parameter containing:
tensor([[ 1.2676, -0.0717, -0.2262,  2.1790,  1.7455,  1.6939,  0.8041, -1.4843,
         -0.3788,  0.6881]], requires_grad=True)
[2023-01-20 22:05:27,632][__main__][INFO] - parameters: Parameter containing:
tensor([[ 1.2684, -0.0808, -0.2213,  2.1924,  1.7644,  1.7091,  0.8136, -1.4569,
         -0.3737,  0.6848]], requires_grad=True)
[2023-01-20 22:05:27,832][__main__][INFO] - parameters: Parameter containing:
tensor([[ 1.2513, -0.0840, -0.2074,  2.1751,  1.7830,  1.7095,  0.8391, -1.4275,
         -0.3593,  0.6990]], requires_grad=True)
[2023-01-20 22:05:28,014][__main__][INFO] - parameters: Parameter containing:
tensor([[ 1.2383, -0.0887, -0.1841,  2.1773,  1.8005,  1.7216,  0.8625, -1.4099,
         -0.3435,  0.7158]], requires_grad=True)
[2023-01-20 22:05:28,175][__main__][INFO] - parameters: Parameter containing:
tensor([[ 1.2353, -0.0886, -0.1612,  2.1828,  1.8216,  1.7268,  0.8843, -1.3902,
         -0.3307,  0.7280]], requires_grad=True)
[2023-01-20 22:05:28,351][__main__][INFO] - parameters: Parameter containing:
tensor([[ 1.2339, -0.0853, -0.1360,  2.1849,  1.8277,  1.7334,  0.8985, -1.3674,
         -0.3014,  0.7353]], requires_grad=True)
[2023-01-20 22:05:28,520][__main__][INFO] - parameters: Parameter containing:
tensor([[ 1.2270, -0.0877, -0.1071,  2.1925,  1.8467,  1.7395,  0.9195, -1.3457,
         -0.2793,  0.7507]], requires_grad=True)
[2023-01-20 22:05:28,712][__main__][INFO] - parameters: Parameter containing:
tensor([[ 1.2107, -0.0784, -0.0702,  2.1926,  1.8631,  1.7390,  0.9394, -1.3269,
         -0.2588,  0.7754]], requires_grad=True)
[2023-01-20 22:05:28,882][__main__][INFO] - parameters: Parameter containing:
tensor([[ 1.1821, -0.0689, -0.0289,  2.1923,  1.8779,  1.7333,  0.9704, -1.3374,
         -0.2443,  0.8165]], requires_grad=True)
[2023-01-20 22:05:29,056][__main__][INFO] - parameters: Parameter containing:
tensor([[ 1.1462, -0.0641,  0.0146,  2.1842,  1.8847,  1.7347,  1.0078, -1.3475,
         -0.2173,  0.8386]], requires_grad=True)
[2023-01-20 22:05:29,243][__main__][INFO] - parameters: Parameter containing:
tensor([[ 1.1215, -0.0713,  0.0496,  2.1825,  1.8826,  1.7527,  1.0404, -1.3624,
         -0.1854,  0.8811]], requires_grad=True)
[2023-01-20 22:05:29,410][__main__][INFO] - parameters: Parameter containing:
tensor([[ 1.0865, -0.0836,  0.0899,  2.1652,  1.8817,  1.7697,  1.0810, -1.3711,
         -0.1419,  0.9291]], requires_grad=True)
[2023-01-20 22:05:29,584][__main__][INFO] - parameters: Parameter containing:
tensor([[ 1.0365, -0.0726,  0.1400,  2.1401,  1.8886,  1.7657,  1.1216, -1.3850,
         -0.1092,  0.9632]], requires_grad=True)
[2023-01-20 22:05:29,765][__main__][INFO] - parameters: Parameter containing:
tensor([[ 1.0002, -0.0579,  0.1812,  2.1287,  1.8862,  1.7692,  1.1445, -1.4024,
         -0.0727,  1.0060]], requires_grad=True)
[2023-01-20 22:05:29,948][__main__][INFO] - parameters: Parameter containing:
tensor([[ 0.9590, -0.0357,  0.2219,  2.1136,  1.8954,  1.7531,  1.1652, -1.4094,
         -0.0448,  1.0399]], requires_grad=True)
[2023-01-20 22:05:30,113][__main__][INFO] - parameters: Parameter containing:
tensor([[ 0.9373, -0.0105,  0.2424,  2.0962,  1.9010,  1.7286,  1.1634, -1.3792,
         -0.0214,  1.0453]], requires_grad=True)
[2023-01-20 22:05:30,294][__main__][INFO] - parameters: Parameter containing:
tensor([[ 0.9160,  0.0134,  0.2589,  2.0876,  1.8965,  1.7085,  1.1447, -1.3438,
          0.0049,  1.0485]], requires_grad=True)
[2023-01-20 22:05:30,477][__main__][INFO] - parameters: Parameter containing:
tensor([[ 0.9184,  0.0105,  0.2494,  2.0809,  1.8886,  1.7073,  1.1321, -1.3315,
          0.0216,  1.0712]], requires_grad=True)
[2023-01-20 22:05:30,644][__main__][INFO] - parameters: Parameter containing:
tensor([[ 0.9268,  0.0197,  0.2447,  2.0770,  1.8672,  1.7109,  1.1106, -1.3392,
          0.0387,  1.0886]], requires_grad=True)
[2023-01-20 22:05:30,823][__main__][INFO] - parameters: Parameter containing:
tensor([[ 0.9112,  0.0256,  0.2396,  2.0750,  1.8443,  1.7195,  1.1031, -1.4119,
          0.0347,  1.1425]], requires_grad=True)
[2023-01-20 22:05:31,003][__main__][INFO] - parameters: Parameter containing:
tensor([[ 0.8927,  0.0426,  0.2323,  2.0728,  1.8480,  1.7098,  1.0963, -1.4720,
          0.0096,  1.1548]], requires_grad=True)
[2023-01-20 22:05:31,187][__main__][INFO] - parameters: Parameter containing:
tensor([[ 0.8950,  0.0352,  0.2197,  2.0693,  1.8225,  1.7256,  1.0944, -1.5155,
          0.0247,  1.1767]], requires_grad=True)
[2023-01-20 22:05:31,375][__main__][INFO] - parameters: Parameter containing:
tensor([[ 0.8975,  0.0379,  0.2092,  2.0616,  1.7852,  1.7439,  1.0813, -1.5552,
          0.0483,  1.2037]], requires_grad=True)
[2023-01-20 22:05:31,557][__main__][INFO] - parameters: Parameter containing:
tensor([[ 0.8934,  0.0396,  0.1947,  2.0517,  1.7807,  1.7434,  1.0813, -1.5868,
          0.0529,  1.2193]], requires_grad=True)
[2023-01-20 22:05:31,733][__main__][INFO] - parameters: Parameter containing:
tensor([[ 0.8932,  0.0432,  0.1810,  2.0663,  1.7999,  1.7348,  1.0707, -1.6024,
          0.0356,  1.2185]], requires_grad=True)
[2023-01-20 22:05:31,908][__main__][INFO] - parameters: Parameter containing:
tensor([[ 0.8757,  0.0368,  0.1722,  2.0687,  1.7965,  1.7392,  1.0833, -1.6650,
          0.0275,  1.2640]], requires_grad=True)
[2023-01-20 22:05:32,091][__main__][INFO] - parameters: Parameter containing:
tensor([[ 0.8492,  0.0441,  0.1782,  2.0637,  1.8099,  1.7256,  1.1052, -1.7196,
          0.0100,  1.2970]], requires_grad=True)
[2023-01-20 22:05:32,273][__main__][INFO] - parameters: Parameter containing:
tensor([[ 0.8088,  0.0709,  0.1872,  2.0267,  1.8162,  1.6948,  1.1262, -1.7750,
         -0.0023,  1.3282]], requires_grad=True)
[2023-01-20 22:05:32,451][__main__][INFO] - parameters: Parameter containing:
tensor([[ 0.7639,  0.1004,  0.1966,  1.9674,  1.8184,  1.6538,  1.1566, -1.8249,
         -0.0112,  1.3643]], requires_grad=True)
[2023-01-20 22:05:32,627][__main__][INFO] - parameters: Parameter containing:
tensor([[ 0.7098,  0.1345,  0.2092,  1.8994,  1.8183,  1.6109,  1.1786, -1.8669,
         -0.0149,  1.3973]], requires_grad=True)
[2023-01-20 22:05:32,808][__main__][INFO] - parameters: Parameter containing:
tensor([[ 0.6565,  0.1661,  0.2166,  1.8324,  1.8188,  1.5716,  1.1978, -1.9083,
         -0.0175,  1.4080]], requires_grad=True)
[2023-01-20 22:05:33,018][__main__][INFO] - parameters: Parameter containing:
tensor([[ 0.6269,  0.1828,  0.2146,  1.7955,  1.8213,  1.5453,  1.2086, -1.9349,
         -0.0181,  1.4122]], requires_grad=True)
[2023-01-20 22:05:33,191][__main__][INFO] - parameters: Parameter containing:
tensor([[ 0.6010,  0.1880,  0.2073,  1.7552,  1.8184,  1.5205,  1.2306, -1.9615,
         -0.0067,  1.4317]], requires_grad=True)
[2023-01-20 22:05:33,367][__main__][INFO] - parameters: Parameter containing:
tensor([[ 0.5655,  0.2176,  0.2116,  1.7276,  1.8206,  1.4796,  1.2216, -1.9658,
         -0.0039,  1.4172]], requires_grad=True)
[2023-01-20 22:05:33,542][__main__][INFO] - parameters: Parameter containing:
tensor([[ 5.4377e-01,  2.5107e-01,  2.1057e-01,  1.7119e+00,  1.8115e+00,
          1.4464e+00,  1.1959e+00, -1.9691e+00,  1.6634e-03,  1.3919e+00]],
       requires_grad=True)
[2023-01-20 22:05:33,713][__main__][INFO] - parameters: Parameter containing:
tensor([[ 0.5216,  0.2672,  0.2193,  1.7092,  1.8160,  1.4225,  1.1901, -1.9697,
          0.0125,  1.3941]], requires_grad=True)
[2023-01-20 22:05:33,893][__main__][INFO] - parameters: Parameter containing:
tensor([[ 0.5056,  0.2658,  0.2106,  1.6954,  1.8118,  1.4070,  1.1866, -1.9640,
          0.0205,  1.4075]], requires_grad=True)
[2023-01-20 22:05:34,080][__main__][INFO] - parameters: Parameter containing:
tensor([[ 0.4998,  0.2538,  0.1991,  1.6751,  1.7921,  1.4095,  1.1881, -1.9548,
          0.0476,  1.4253]], requires_grad=True)
[2023-01-20 22:05:34,261][__main__][INFO] - parameters: Parameter containing:
tensor([[ 0.5196,  0.2296,  0.1804,  1.6796,  1.7776,  1.4279,  1.1941, -1.9488,
          0.0712,  1.4501]], requires_grad=True)
[2023-01-20 22:05:34,440][__main__][INFO] - parameters: Parameter containing:
tensor([[ 0.5215,  0.2382,  0.1964,  1.6833,  1.7578,  1.4324,  1.1906, -1.9409,
          0.1059,  1.4540]], requires_grad=True)
[2023-01-20 22:05:34,622][__main__][INFO] - parameters: Parameter containing:
tensor([[ 0.5237,  0.2595,  0.2215,  1.6884,  1.7480,  1.4269,  1.1835, -1.9261,
          0.1307,  1.4454]], requires_grad=True)
[2023-01-20 22:05:34,809][__main__][INFO] - parameters: Parameter containing:
tensor([[ 0.5181,  0.2722,  0.2471,  1.6872,  1.7303,  1.4285,  1.1788, -1.9067,
          0.1736,  1.4433]], requires_grad=True)
[2023-01-20 22:05:34,986][__main__][INFO] - parameters: Parameter containing:
tensor([[ 0.5251,  0.2729,  0.2535,  1.6729,  1.7010,  1.4344,  1.1804, -1.8943,
          0.2254,  1.4584]], requires_grad=True)
[2023-01-20 22:05:35,158][__main__][INFO] - parameters: Parameter containing:
tensor([[ 0.5289,  0.2503,  0.2456,  1.6519,  1.6839,  1.4463,  1.2072, -1.8969,
          0.2629,  1.4823]], requires_grad=True)
[2023-01-20 22:05:35,322][__main__][INFO] - parameters: Parameter containing:
tensor([[ 0.5101,  0.2327,  0.2533,  1.6261,  1.6583,  1.4569,  1.2267, -1.8883,
          0.3217,  1.4978]], requires_grad=True)
[2023-01-20 22:05:35,494][__main__][INFO] - parameters: Parameter containing:
tensor([[ 0.5213,  0.2181,  0.2477,  1.6059,  1.6231,  1.4692,  1.2296, -1.8583,
          0.3915,  1.5128]], requires_grad=True)
[2023-01-20 22:05:35,671][__main__][INFO] - parameters: Parameter containing:
tensor([[ 0.5526,  0.2023,  0.2343,  1.5861,  1.5679,  1.4891,  1.2279, -1.8299,
          0.4747,  1.5377]], requires_grad=True)
[2023-01-20 22:05:35,859][__main__][INFO] - parameters: Parameter containing:
tensor([[ 0.5658,  0.1835,  0.2307,  1.5602,  1.5330,  1.5041,  1.2474, -1.8053,
          0.5398,  1.5545]], requires_grad=True)
[2023-01-20 22:05:36,043][__main__][INFO] - parameters: Parameter containing:
tensor([[ 0.5699,  0.1850,  0.2307,  1.5274,  1.4898,  1.4978,  1.2460, -1.7516,
          0.6090,  1.5376]], requires_grad=True)
[2023-01-20 22:05:36,212][__main__][INFO] - parameters: Parameter containing:
tensor([[ 0.5877,  0.1887,  0.2214,  1.5137,  1.4511,  1.4988,  1.2334, -1.7052,
          0.6507,  1.5121]], requires_grad=True)
[2023-01-20 22:05:36,386][__main__][INFO] - parameters: Parameter containing:
tensor([[ 0.6155,  0.2010,  0.2250,  1.5145,  1.4120,  1.5024,  1.2254, -1.6643,
          0.6923,  1.4757]], requires_grad=True)
[2023-01-20 22:05:36,550][__main__][INFO] - parameters: Parameter containing:
tensor([[ 0.6407,  0.2199,  0.2281,  1.5166,  1.3770,  1.5049,  1.2161, -1.6256,
          0.7200,  1.4317]], requires_grad=True)
[2023-01-20 22:05:36,704][__main__][INFO] - parameters: Parameter containing:
tensor([[ 0.6620,  0.2536,  0.2411,  1.5296,  1.3591,  1.4928,  1.2081, -1.5933,
          0.7341,  1.3727]], requires_grad=True)
[2023-01-20 22:05:36,881][__main__][INFO] - parameters: Parameter containing:
tensor([[ 0.6683,  0.2846,  0.2537,  1.5206,  1.3421,  1.4805,  1.2030, -1.5611,
          0.7548,  1.3219]], requires_grad=True)
[2023-01-20 22:05:37,052][__main__][INFO] - parameters: Parameter containing:
tensor([[ 0.6684,  0.3157,  0.2684,  1.4934,  1.3349,  1.4598,  1.2213, -1.5402,
          0.7785,  1.2765]], requires_grad=True)
[2023-01-20 22:05:37,225][__main__][INFO] - parameters: Parameter containing:
tensor([[ 0.6685,  0.3501,  0.2831,  1.4630,  1.3194,  1.4395,  1.2306, -1.5131,
          0.8183,  1.2306]], requires_grad=True)
[2023-01-20 22:05:37,399][__main__][INFO] - parameters: Parameter containing:
tensor([[ 0.6781,  0.3873,  0.2908,  1.4351,  1.3008,  1.4170,  1.2348, -1.4924,
          0.8572,  1.1890]], requires_grad=True)
[2023-01-20 22:05:37,567][__main__][INFO] - parameters: Parameter containing:
tensor([[ 0.6828,  0.4324,  0.3051,  1.4074,  1.2894,  1.3879,  1.2460, -1.4839,
          0.8860,  1.1556]], requires_grad=True)
[2023-01-20 22:05:37,753][__main__][INFO] - parameters: Parameter containing:
tensor([[ 0.7073,  0.4793,  0.3213,  1.4050,  1.2600,  1.3759,  1.2264, -1.4701,
          0.9274,  1.1177]], requires_grad=True)
[2023-01-20 22:05:37,931][__main__][INFO] - parameters: Parameter containing:
tensor([[ 0.7188,  0.5237,  0.3519,  1.4139,  1.2478,  1.3699,  1.2134, -1.4754,
          0.9497,  1.0958]], requires_grad=True)
[2023-01-20 22:05:38,102][__main__][INFO] - parameters: Parameter containing:
tensor([[ 0.7392,  0.5538,  0.3687,  1.4232,  1.2353,  1.3702,  1.1987, -1.4765,
          0.9744,  1.0898]], requires_grad=True)
[2023-01-20 22:05:38,255][__main__][INFO] - parameters: Parameter containing:
tensor([[ 0.7591,  0.5891,  0.3844,  1.4275,  1.2211,  1.3640,  1.1826, -1.4690,
          1.0091,  1.0747]], requires_grad=True)
[2023-01-20 22:05:38,419][__main__][INFO] - parameters: Parameter containing:
tensor([[ 0.7632,  0.6180,  0.3930,  1.4295,  1.2175,  1.3533,  1.1760, -1.4779,
          1.0213,  1.0633]], requires_grad=True)
[2023-01-20 22:05:38,599][__main__][INFO] - parameters: Parameter containing:
tensor([[ 0.7688,  0.6525,  0.4118,  1.4395,  1.2174,  1.3436,  1.1691, -1.4749,
          1.0346,  1.0367]], requires_grad=True)
[2023-01-20 22:05:38,766][__main__][INFO] - parameters: Parameter containing:
tensor([[ 0.7710,  0.6807,  0.4314,  1.4526,  1.2082,  1.3426,  1.1758, -1.5114,
          1.0508,  1.0406]], requires_grad=True)
[2023-01-20 22:05:38,936][__main__][INFO] - parameters: Parameter containing:
tensor([[ 0.7730,  0.7225,  0.4490,  1.4578,  1.1886,  1.3308,  1.1780, -1.5496,
          1.0725,  1.0336]], requires_grad=True)
[2023-01-20 22:05:39,112][__main__][INFO] - parameters: Parameter containing:
tensor([[ 0.7919,  0.7905,  0.4802,  1.4725,  1.1294,  1.3339,  1.1481, -1.5882,
          1.1205,  1.0141]], requires_grad=True)
[2023-01-20 22:05:39,283][__main__][INFO] - parameters: Parameter containing:
tensor([[ 0.8128,  0.8418,  0.5077,  1.4893,  1.0788,  1.3422,  1.1215, -1.6074,
          1.1753,  0.9958]], requires_grad=True)
[2023-01-20 22:05:39,458][__main__][INFO] - parameters: Parameter containing:
tensor([[ 0.8426,  0.8729,  0.5175,  1.5075,  1.0517,  1.3467,  1.1137, -1.6353,
          1.2048,  1.0018]], requires_grad=True)
[2023-01-20 22:05:39,629][__main__][INFO] - parameters: Parameter containing:
tensor([[ 0.8830,  0.8931,  0.5077,  1.5200,  1.0319,  1.3458,  1.1190, -1.6680,
          1.2182,  1.0259]], requires_grad=True)
[2023-01-20 22:05:39,809][__main__][INFO] - parameters: Parameter containing:
tensor([[ 0.9246,  0.9098,  0.5021,  1.5278,  1.0105,  1.3480,  1.1341, -1.6985,
          1.2458,  1.0424]], requires_grad=True)
[2023-01-20 22:05:39,982][__main__][INFO] - parameters: Parameter containing:
tensor([[ 0.9741,  0.9250,  0.4868,  1.5325,  0.9829,  1.3507,  1.1332, -1.7168,
          1.2694,  1.0483]], requires_grad=True)
[2023-01-20 22:05:40,167][__main__][INFO] - parameters: Parameter containing:
tensor([[ 1.0232,  0.9247,  0.4554,  1.5278,  0.9449,  1.3642,  1.1252, -1.7298,
          1.2975,  1.0552]], requires_grad=True)
[2023-01-20 22:05:40,349][__main__][INFO] - parameters: Parameter containing:
tensor([[ 1.0719,  0.9138,  0.4120,  1.5235,  0.9057,  1.3794,  1.1016, -1.7324,
          1.3276,  1.0801]], requires_grad=True)
[2023-01-20 22:05:40,530][__main__][INFO] - parameters: Parameter containing:
tensor([[ 1.1171,  0.9003,  0.3713,  1.5300,  0.8847,  1.3951,  1.0831, -1.7427,
          1.3408,  1.1124]], requires_grad=True)
[2023-01-20 22:05:40,709][__main__][INFO] - parameters: Parameter containing:
tensor([[ 1.1626,  0.8844,  0.3246,  1.5454,  0.8743,  1.4069,  1.0627, -1.7593,
          1.3500,  1.1440]], requires_grad=True)
[2023-01-20 22:05:40,886][__main__][INFO] - parameters: Parameter containing:
tensor([[ 1.2104,  0.8631,  0.2798,  1.5676,  0.8727,  1.4135,  1.0576, -1.7829,
          1.3457,  1.1885]], requires_grad=True)
[2023-01-20 22:05:41,060][__main__][INFO] - parameters: Parameter containing:
tensor([[ 1.2853,  0.8240,  0.2177,  1.6026,  0.8821,  1.4313,  1.0660, -1.8069,
          1.3295,  1.2318]], requires_grad=True)
[2023-01-20 22:05:41,235][__main__][INFO] - parameters: Parameter containing:
tensor([[ 1.3454,  0.8026,  0.1717,  1.6293,  0.8827,  1.4471,  1.0700, -1.8288,
          1.3300,  1.2569]], requires_grad=True)
[2023-01-20 22:05:41,415][__main__][INFO] - parameters: Parameter containing:
tensor([[ 1.3970,  0.7809,  0.1325,  1.6354,  0.8690,  1.4624,  1.0806, -1.8438,
          1.3525,  1.2732]], requires_grad=True)
[2023-01-20 22:05:41,613][__main__][INFO] - parameters: Parameter containing:
tensor([[ 1.4510,  0.7510,  0.0965,  1.6426,  0.8739,  1.4748,  1.1065, -1.8411,
          1.3689,  1.2804]], requires_grad=True)
[2023-01-20 22:05:41,784][__main__][INFO] - parameters: Parameter containing:
tensor([[ 1.4983,  0.7280,  0.0794,  1.6627,  0.8684,  1.5049,  1.1143, -1.8348,
          1.4036,  1.2889]], requires_grad=True)
[2023-01-20 22:05:41,960][__main__][INFO] - parameters: Parameter containing:
tensor([[ 1.5415,  0.7124,  0.0632,  1.6647,  0.8622,  1.5256,  1.1323, -1.8358,
          1.4338,  1.2974]], requires_grad=True)
[2023-01-20 22:05:42,135][__main__][INFO] - parameters: Parameter containing:
tensor([[ 1.5719,  0.7108,  0.0551,  1.6645,  0.8642,  1.5350,  1.1447, -1.8392,
          1.4587,  1.2903]], requires_grad=True)
[2023-01-20 22:05:42,310][__main__][INFO] - parameters: Parameter containing:
tensor([[ 1.6076,  0.7129,  0.0586,  1.6814,  0.8577,  1.5540,  1.1405, -1.8419,
          1.4988,  1.3049]], requires_grad=True)
[2023-01-20 22:05:42,493][__main__][INFO] - parameters: Parameter containing:
tensor([[ 1.6374,  0.7082,  0.0572,  1.6832,  0.8720,  1.5599,  1.1580, -1.8490,
          1.5129,  1.3271]], requires_grad=True)
[2023-01-20 22:05:42,680][__main__][INFO] - parameters: Parameter containing:
tensor([[ 1.6638,  0.7054,  0.0607,  1.6962,  0.8904,  1.5608,  1.1687, -1.8417,
          1.5212,  1.3458]], requires_grad=True)
[2023-01-20 22:05:42,846][__main__][INFO] - parameters: Parameter containing:
tensor([[ 1.6843,  0.7114,  0.0609,  1.6891,  0.9057,  1.5500,  1.1787, -1.8317,
          1.5275,  1.3639]], requires_grad=True)
[2023-01-20 22:05:43,008][__main__][INFO] - parameters: Parameter containing:
tensor([[ 1.6950,  0.7117,  0.0662,  1.6731,  0.9215,  1.5391,  1.1901, -1.8147,
          1.5405,  1.3828]], requires_grad=True)
[2023-01-20 22:05:43,172][__main__][INFO] - parameters: Parameter containing:
tensor([[ 1.7077,  0.7194,  0.0797,  1.6581,  0.9360,  1.5260,  1.2010, -1.7938,
          1.5509,  1.3856]], requires_grad=True)
[2023-01-20 22:05:43,337][__main__][INFO] - parameters: Parameter containing:
tensor([[ 1.7146,  0.7160,  0.0949,  1.6348,  0.9508,  1.5174,  1.2222, -1.7657,
          1.5743,  1.3829]], requires_grad=True)
[2023-01-20 22:05:43,505][__main__][INFO] - parameters: Parameter containing:
tensor([[ 1.6995,  0.7215,  0.1296,  1.6124,  0.9733,  1.5063,  1.2449, -1.7426,
          1.5960,  1.3708]], requires_grad=True)
[2023-01-20 22:05:43,676][__main__][INFO] - parameters: Parameter containing:
tensor([[ 1.6892,  0.7199,  0.1546,  1.5893,  0.9977,  1.4926,  1.2734, -1.7236,
          1.6078,  1.3699]], requires_grad=True)
[2023-01-20 22:05:43,838][__main__][INFO] - parameters: Parameter containing:
tensor([[ 1.6970,  0.6990,  0.1476,  1.5722,  1.0156,  1.4919,  1.2972, -1.7186,
          1.5930,  1.3758]], requires_grad=True)
[2023-01-20 22:05:44,010][__main__][INFO] - parameters: Parameter containing:
tensor([[ 1.7144,  0.6732,  0.1351,  1.5581,  1.0326,  1.4901,  1.3214, -1.7003,
          1.5804,  1.3823]], requires_grad=True)
[2023-01-20 22:05:44,183][__main__][INFO] - parameters: Parameter containing:
tensor([[ 1.7374,  0.6642,  0.1289,  1.5436,  1.0433,  1.4806,  1.3444, -1.6776,
          1.5754,  1.3849]], requires_grad=True)
