[2023-01-15 20:51:59,134][__main__][INFO] - Optimizing 1509.png
[2023-01-15 20:51:59,134][__main__][INFO] - Writing video to /home/nadav2/dev/data/CLIP2Shape/outs/sliders_vs_blendshapes/smplx_male/1509.mp4
[2023-01-15 20:54:13,817][__main__][INFO] - Finished optimizing 1509.png
[2023-01-15 20:54:13,817][__main__][INFO] - Final loss: 1.231345772743225
[2023-01-15 20:54:13,819][__main__][INFO] - GT tensor([[ 0.3212, -1.0265, -0.6499, -0.0000,  1.8556, -0.0000,  0.5744,  3.6072,
          1.3437, -1.4523]], device='cuda:0')
[2023-01-15 20:54:13,820][__main__][INFO] - Pred tensor([[-0.0560, -0.9529, -0.5335, -0.5968,  0.2703, -0.2421,  0.3141,  1.0115,
          0.1307, -0.4789]], device='cuda:0', grad_fn=<AddmmBackward>)
[2023-01-15 20:54:13,822][__main__][INFO] - acctual sliders values tensor([24.2656, 20.2656, 21.7188, 25.3594, 20.9531, 26.1875, 22.7500, 22.8594,
        22.7344, 24.8750, 24.2188, 24.1719, 26.3594, 26.0781, 22.4062, 24.2500,
        24.1250, 26.2812, 23.0312, 21.2031, 24.1094, 25.1875, 22.6094, 22.7500,
        24.5469])
[2023-01-15 20:54:13,822][__main__][INFO] - Total acumulated loss: 1.231345772743225
[2023-01-15 20:54:13,822][__main__][INFO] - Optimizing 3973.png
[2023-01-15 20:54:13,822][__main__][INFO] - Writing video to /home/nadav2/dev/data/CLIP2Shape/outs/sliders_vs_blendshapes/smplx_male/3973.mp4
[2023-01-15 20:56:28,508][__main__][INFO] - Finished optimizing 3973.png
[2023-01-15 20:56:28,509][__main__][INFO] - Final loss: 2.372605800628662
[2023-01-15 20:56:28,509][__main__][INFO] - GT tensor([[-4.6025,  2.5409, -0.2164, -1.4541,  0.0000, -0.0000,  0.0000, -0.7460,
         -0.0000, -0.0000]], device='cuda:0')
[2023-01-15 20:56:28,510][__main__][INFO] - Pred tensor([[-0.5417,  0.5372,  0.3070, -0.6245,  0.1446, -0.1900,  0.4851,  0.5930,
          0.2488, -0.3339]], device='cuda:0', grad_fn=<AddmmBackward>)
[2023-01-15 20:56:28,511][__main__][INFO] - acctual sliders values tensor([24.3594, 20.9219, 23.9375, 24.6875, 21.7031, 25.1562, 21.7344, 24.3281,
        22.8125, 26.4375, 25.3594, 27.2344, 25.0312, 25.2344, 21.5469, 23.8906,
        24.4375, 26.1875, 22.9531, 21.3438, 24.5469, 24.9531, 21.1406, 22.6406,
        23.8594])
[2023-01-15 20:56:28,511][__main__][INFO] - Total acumulated loss: 3.603951573371887
[2023-01-15 20:56:28,511][__main__][INFO] - Optimizing 543.png
[2023-01-15 20:56:28,511][__main__][INFO] - Writing video to /home/nadav2/dev/data/CLIP2Shape/outs/sliders_vs_blendshapes/smplx_male/543.mp4
[2023-01-15 20:58:43,828][__main__][INFO] - Finished optimizing 543.png
[2023-01-15 20:58:43,829][__main__][INFO] - Final loss: 9.589129447937012
[2023-01-15 20:58:43,829][__main__][INFO] - GT tensor([[ -0.6590,   0.0504,   0.0000,  -4.7829,  -2.5686, -10.3214,   0.0405,
           0.8408,   2.0726,   1.2207]], device='cuda:0')
[2023-01-15 20:58:43,830][__main__][INFO] - Pred tensor([[-1.2327, -0.8573,  0.5911, -1.5833,  0.7121, -2.6455, -0.6555,  2.1873,
         -0.5496, -1.0806]], device='cuda:0', grad_fn=<AddmmBackward>)
[2023-01-15 20:58:43,831][__main__][INFO] - acctual sliders values tensor([24.0000, 20.0156, 21.8594, 24.3125, 20.5000, 24.5625, 21.7031, 24.1562,
        23.1250, 25.2812, 24.2656, 24.9375, 24.5781, 25.1562, 22.0312, 24.7344,
        24.5469, 25.9219, 23.4844, 21.0000, 24.6562, 25.4531, 21.8125, 23.0625,
        23.9062])
[2023-01-15 20:58:43,831][__main__][INFO] - Total acumulated loss: 13.193081021308899
[2023-01-15 20:58:43,831][__main__][INFO] - Optimizing 1895.png
[2023-01-15 20:58:43,831][__main__][INFO] - Writing video to /home/nadav2/dev/data/CLIP2Shape/outs/sliders_vs_blendshapes/smplx_male/1895.mp4
[2023-01-15 21:00:59,951][__main__][INFO] - Finished optimizing 1895.png
[2023-01-15 21:00:59,951][__main__][INFO] - Final loss: 0.41509246826171875
[2023-01-15 21:00:59,952][__main__][INFO] - GT tensor([[ 0.0000, -1.1057,  1.4770, -0.0000, -0.0000, -1.1179,  0.5494,  1.7504,
         -0.2256,  0.0000]], device='cuda:0')
[2023-01-15 21:00:59,953][__main__][INFO] - Pred tensor([[-0.4958, -0.1411,  0.4877, -0.5913,  0.5426, -1.9341, -0.0660,  1.7735,
         -0.2181, -0.5537]], device='cuda:0', grad_fn=<AddmmBackward>)
[2023-01-15 21:00:59,953][__main__][INFO] - acctual sliders values tensor([23.6875, 19.7656, 21.3281, 25.0000, 20.1562, 25.1562, 22.3281, 23.0781,
        22.9062, 24.6250, 23.8125, 23.9844, 25.5156, 25.6406, 22.0156, 24.1875,
        24.2188, 26.1562, 23.2969, 20.7656, 24.2188, 25.1719, 21.5000, 23.2031,
        24.0000])
[2023-01-15 21:00:59,953][__main__][INFO] - Total acumulated loss: 13.608173489570618
[2023-01-15 21:00:59,953][__main__][INFO] - Optimizing 2183.png
[2023-01-15 21:00:59,954][__main__][INFO] - Writing video to /home/nadav2/dev/data/CLIP2Shape/outs/sliders_vs_blendshapes/smplx_male/2183.mp4
