[2023-01-20 21:56:02,777][__main__][INFO] - parameters: Parameter containing:
tensor([[0.2308, 0.6474, 0.5107, 0.3799, 0.8906, 0.6844, 0.3675, 0.6069, 0.2772,
         0.9092]], requires_grad=True)
[2023-01-20 21:56:03,014][__main__][INFO] - parameters: Parameter containing:
tensor([[0.2337, 0.6378, 0.5009, 0.3700, 0.8994, 0.6748, 0.3751, 0.6157, 0.2679,
         0.9125]], requires_grad=True)
[2023-01-20 21:56:03,218][__main__][INFO] - parameters: Parameter containing:
tensor([[0.2404, 0.6297, 0.4911, 0.3621, 0.8962, 0.6777, 0.3829, 0.6233, 0.2734,
         0.9194]], requires_grad=True)
[2023-01-20 21:56:03,400][__main__][INFO] - parameters: Parameter containing:
tensor([[0.2382, 0.6331, 0.4956, 0.3541, 0.8901, 0.6839, 0.3789, 0.6258, 0.2808,
         0.9173]], requires_grad=True)
[2023-01-20 21:56:03,633][__main__][INFO] - parameters: Parameter containing:
tensor([[0.2395, 0.6356, 0.4993, 0.3516, 0.8847, 0.6914, 0.3744, 0.6286, 0.2875,
         0.9173]], requires_grad=True)
[2023-01-20 21:56:03,837][__main__][INFO] - parameters: Parameter containing:
tensor([[0.2433, 0.6354, 0.5011, 0.3494, 0.8808, 0.6997, 0.3728, 0.6317, 0.2938,
         0.9188]], requires_grad=True)
[2023-01-20 21:56:04,022][__main__][INFO] - parameters: Parameter containing:
tensor([[0.2454, 0.6351, 0.5024, 0.3462, 0.8780, 0.7056, 0.3724, 0.6340, 0.2992,
         0.9173]], requires_grad=True)
[2023-01-20 21:56:04,229][__main__][INFO] - parameters: Parameter containing:
tensor([[0.2466, 0.6335, 0.5015, 0.3420, 0.8770, 0.7094, 0.3737, 0.6364, 0.3032,
         0.9148]], requires_grad=True)
[2023-01-20 21:56:04,433][__main__][INFO] - parameters: Parameter containing:
tensor([[0.2467, 0.6315, 0.5007, 0.3407, 0.8772, 0.7135, 0.3749, 0.6394, 0.3066,
         0.9131]], requires_grad=True)
[2023-01-20 21:56:04,640][__main__][INFO] - parameters: Parameter containing:
tensor([[0.2489, 0.6276, 0.4974, 0.3421, 0.8794, 0.7182, 0.3767, 0.6433, 0.3078,
         0.9139]], requires_grad=True)
[2023-01-20 21:56:04,868][__main__][INFO] - parameters: Parameter containing:
tensor([[0.2514, 0.6228, 0.4931, 0.3449, 0.8829, 0.7225, 0.3790, 0.6477, 0.3078,
         0.9163]], requires_grad=True)
[2023-01-20 21:56:05,059][__main__][INFO] - parameters: Parameter containing:
tensor([[0.2536, 0.6184, 0.4888, 0.3473, 0.8862, 0.7265, 0.3809, 0.6521, 0.3078,
         0.9186]], requires_grad=True)
[2023-01-20 21:56:05,266][__main__][INFO] - parameters: Parameter containing:
tensor([[0.2553, 0.6145, 0.4849, 0.3486, 0.8886, 0.7308, 0.3825, 0.6558, 0.3086,
         0.9207]], requires_grad=True)
[2023-01-20 21:56:05,469][__main__][INFO] - parameters: Parameter containing:
tensor([[0.2567, 0.6113, 0.4819, 0.3499, 0.8903, 0.7350, 0.3836, 0.6587, 0.3098,
         0.9218]], requires_grad=True)
[2023-01-20 21:56:05,660][__main__][INFO] - parameters: Parameter containing:
tensor([[0.2584, 0.6089, 0.4792, 0.3509, 0.8911, 0.7389, 0.3840, 0.6614, 0.3114,
         0.9220]], requires_grad=True)
[2023-01-20 21:56:05,893][__main__][INFO] - parameters: Parameter containing:
tensor([[0.2606, 0.6062, 0.4759, 0.3516, 0.8920, 0.7418, 0.3845, 0.6645, 0.3127,
         0.9219]], requires_grad=True)
[2023-01-20 21:56:06,096][__main__][INFO] - parameters: Parameter containing:
tensor([[0.2611, 0.6043, 0.4729, 0.3514, 0.8925, 0.7429, 0.3844, 0.6678, 0.3137,
         0.9210]], requires_grad=True)
[2023-01-20 21:56:06,317][__main__][INFO] - parameters: Parameter containing:
tensor([[0.2615, 0.6027, 0.4696, 0.3506, 0.8929, 0.7427, 0.3840, 0.6715, 0.3142,
         0.9195]], requires_grad=True)
[2023-01-20 21:56:06,513][__main__][INFO] - parameters: Parameter containing:
tensor([[0.2619, 0.6010, 0.4660, 0.3491, 0.8932, 0.7419, 0.3837, 0.6748, 0.3142,
         0.9166]], requires_grad=True)
[2023-01-20 21:56:06,709][__main__][INFO] - parameters: Parameter containing:
tensor([[0.2617, 0.5997, 0.4626, 0.3478, 0.8935, 0.7402, 0.3835, 0.6776, 0.3135,
         0.9127]], requires_grad=True)
[2023-01-20 21:56:06,905][__main__][INFO] - parameters: Parameter containing:
tensor([[0.2611, 0.5989, 0.4601, 0.3476, 0.8940, 0.7379, 0.3831, 0.6801, 0.3121,
         0.9094]], requires_grad=True)
[2023-01-20 21:56:07,103][__main__][INFO] - parameters: Parameter containing:
tensor([[0.2603, 0.5985, 0.4580, 0.3489, 0.8946, 0.7353, 0.3821, 0.6818, 0.3099,
         0.9055]], requires_grad=True)
[2023-01-20 21:56:07,318][__main__][INFO] - parameters: Parameter containing:
tensor([[0.2617, 0.5969, 0.4546, 0.3494, 0.8952, 0.7344, 0.3820, 0.6853, 0.3088,
         0.9031]], requires_grad=True)
[2023-01-20 21:56:07,529][__main__][INFO] - parameters: Parameter containing:
tensor([[0.2634, 0.5952, 0.4511, 0.3508, 0.8963, 0.7333, 0.3820, 0.6880, 0.3070,
         0.9007]], requires_grad=True)
[2023-01-20 21:56:07,715][__main__][INFO] - parameters: Parameter containing:
tensor([[0.2657, 0.5934, 0.4477, 0.3534, 0.8984, 0.7312, 0.3826, 0.6897, 0.3040,
         0.8985]], requires_grad=True)
[2023-01-20 21:56:07,920][__main__][INFO] - parameters: Parameter containing:
tensor([[0.2687, 0.5917, 0.4442, 0.3558, 0.9003, 0.7293, 0.3832, 0.6907, 0.3010,
         0.8967]], requires_grad=True)
[2023-01-20 21:56:08,118][__main__][INFO] - parameters: Parameter containing:
tensor([[0.2700, 0.5905, 0.4422, 0.3589, 0.9022, 0.7268, 0.3836, 0.6923, 0.2984,
         0.8942]], requires_grad=True)
[2023-01-20 21:56:08,304][__main__][INFO] - parameters: Parameter containing:
tensor([[0.2710, 0.5895, 0.4412, 0.3629, 0.9046, 0.7240, 0.3841, 0.6924, 0.2951,
         0.8914]], requires_grad=True)
[2023-01-20 21:56:08,520][__main__][INFO] - parameters: Parameter containing:
tensor([[0.2711, 0.5889, 0.4412, 0.3675, 0.9072, 0.7204, 0.3842, 0.6927, 0.2915,
         0.8881]], requires_grad=True)
[2023-01-20 21:56:08,709][__main__][INFO] - parameters: Parameter containing:
tensor([[0.2706, 0.5882, 0.4418, 0.3724, 0.9104, 0.7158, 0.3848, 0.6936, 0.2875,
         0.8847]], requires_grad=True)
[2023-01-20 21:56:08,893][__main__][INFO] - parameters: Parameter containing:
tensor([[0.2690, 0.5874, 0.4430, 0.3772, 0.9142, 0.7100, 0.3859, 0.6958, 0.2837,
         0.8809]], requires_grad=True)
[2023-01-20 21:56:09,083][__main__][INFO] - parameters: Parameter containing:
tensor([[0.2673, 0.5859, 0.4439, 0.3823, 0.9187, 0.7041, 0.3878, 0.6989, 0.2799,
         0.8780]], requires_grad=True)
[2023-01-20 21:56:09,302][__main__][INFO] - parameters: Parameter containing:
tensor([[0.2652, 0.5846, 0.4447, 0.3872, 0.9228, 0.6982, 0.3894, 0.7023, 0.2766,
         0.8745]], requires_grad=True)
[2023-01-20 21:56:09,490][__main__][INFO] - parameters: Parameter containing:
tensor([[0.2639, 0.5837, 0.4447, 0.3906, 0.9259, 0.6923, 0.3909, 0.7039, 0.2734,
         0.8700]], requires_grad=True)
[2023-01-20 21:56:09,678][__main__][INFO] - parameters: Parameter containing:
tensor([[0.2624, 0.5830, 0.4440, 0.3927, 0.9282, 0.6868, 0.3926, 0.7043, 0.2705,
         0.8641]], requires_grad=True)
[2023-01-20 21:56:09,874][__main__][INFO] - parameters: Parameter containing:
tensor([[0.2625, 0.5820, 0.4416, 0.3922, 0.9294, 0.6821, 0.3944, 0.7040, 0.2684,
         0.8572]], requires_grad=True)
[2023-01-20 21:56:10,075][__main__][INFO] - parameters: Parameter containing:
tensor([[0.2635, 0.5815, 0.4392, 0.3937, 0.9302, 0.6783, 0.3946, 0.7035, 0.2661,
         0.8513]], requires_grad=True)
[2023-01-20 21:56:10,281][__main__][INFO] - parameters: Parameter containing:
tensor([[0.2649, 0.5813, 0.4371, 0.3974, 0.9311, 0.6751, 0.3936, 0.7030, 0.2635,
         0.8467]], requires_grad=True)
[2023-01-20 21:56:10,468][__main__][INFO] - parameters: Parameter containing:
tensor([[0.2661, 0.5812, 0.4356, 0.4026, 0.9323, 0.6725, 0.3917, 0.7027, 0.2609,
         0.8428]], requires_grad=True)
[2023-01-20 21:56:10,667][__main__][INFO] - parameters: Parameter containing:
tensor([[0.2644, 0.5807, 0.4341, 0.4052, 0.9333, 0.6695, 0.3914, 0.7022, 0.2590,
         0.8377]], requires_grad=True)
[2023-01-20 21:56:10,878][__main__][INFO] - parameters: Parameter containing:
tensor([[0.2620, 0.5795, 0.4318, 0.4052, 0.9341, 0.6668, 0.3927, 0.7018, 0.2582,
         0.8323]], requires_grad=True)
[2023-01-20 21:56:11,074][__main__][INFO] - parameters: Parameter containing:
tensor([[0.2595, 0.5777, 0.4290, 0.4032, 0.9344, 0.6639, 0.3953, 0.7013, 0.2583,
         0.8263]], requires_grad=True)
[2023-01-20 21:56:11,287][__main__][INFO] - parameters: Parameter containing:
tensor([[0.2578, 0.5758, 0.4263, 0.4015, 0.9346, 0.6615, 0.3979, 0.7006, 0.2587,
         0.8212]], requires_grad=True)
[2023-01-20 21:56:11,481][__main__][INFO] - parameters: Parameter containing:
tensor([[0.2568, 0.5733, 0.4231, 0.4001, 0.9349, 0.6603, 0.4007, 0.7000, 0.2595,
         0.8174]], requires_grad=True)
[2023-01-20 21:56:11,672][__main__][INFO] - parameters: Parameter containing:
tensor([[0.2548, 0.5716, 0.4210, 0.4000, 0.9355, 0.6588, 0.4026, 0.6982, 0.2591,
         0.8143]], requires_grad=True)
[2023-01-20 21:56:11,861][__main__][INFO] - parameters: Parameter containing:
tensor([[0.2530, 0.5710, 0.4200, 0.4020, 0.9359, 0.6576, 0.4030, 0.6956, 0.2581,
         0.8116]], requires_grad=True)
[2023-01-20 21:56:12,065][__main__][INFO] - parameters: Parameter containing:
tensor([[0.2508, 0.5710, 0.4196, 0.4044, 0.9360, 0.6568, 0.4024, 0.6931, 0.2570,
         0.8088]], requires_grad=True)
[2023-01-20 21:56:12,260][__main__][INFO] - parameters: Parameter containing:
tensor([[0.2492, 0.5716, 0.4198, 0.4080, 0.9356, 0.6568, 0.4003, 0.6907, 0.2557,
         0.8065]], requires_grad=True)
[2023-01-20 21:56:12,462][__main__][INFO] - parameters: Parameter containing:
tensor([[0.2492, 0.5715, 0.4193, 0.4122, 0.9351, 0.6586, 0.3979, 0.6890, 0.2550,
         0.8060]], requires_grad=True)
[2023-01-20 21:56:12,680][__main__][INFO] - parameters: Parameter containing:
tensor([[0.2491, 0.5710, 0.4186, 0.4161, 0.9345, 0.6608, 0.3960, 0.6868, 0.2543,
         0.8054]], requires_grad=True)
[2023-01-20 21:56:12,884][__main__][INFO] - parameters: Parameter containing:
tensor([[0.2491, 0.5703, 0.4180, 0.4202, 0.9340, 0.6641, 0.3941, 0.6850, 0.2540,
         0.8056]], requires_grad=True)
[2023-01-20 21:56:13,074][__main__][INFO] - parameters: Parameter containing:
tensor([[0.2495, 0.5692, 0.4173, 0.4244, 0.9333, 0.6684, 0.3921, 0.6836, 0.2539,
         0.8065]], requires_grad=True)
[2023-01-20 21:56:13,275][__main__][INFO] - parameters: Parameter containing:
tensor([[0.2504, 0.5679, 0.4168, 0.4300, 0.9327, 0.6743, 0.3889, 0.6831, 0.2542,
         0.8088]], requires_grad=True)
[2023-01-20 21:56:13,497][__main__][INFO] - parameters: Parameter containing:
tensor([[0.2513, 0.5656, 0.4152, 0.4323, 0.9316, 0.6805, 0.3880, 0.6821, 0.2553,
         0.8113]], requires_grad=True)
[2023-01-20 21:56:13,703][__main__][INFO] - parameters: Parameter containing:
tensor([[0.2509, 0.5632, 0.4127, 0.4321, 0.9301, 0.6853, 0.3883, 0.6802, 0.2564,
         0.8124]], requires_grad=True)
[2023-01-20 21:56:13,887][__main__][INFO] - parameters: Parameter containing:
tensor([[0.2487, 0.5607, 0.4094, 0.4296, 0.9287, 0.6882, 0.3902, 0.6772, 0.2572,
         0.8123]], requires_grad=True)
[2023-01-20 21:56:14,092][__main__][INFO] - parameters: Parameter containing:
tensor([[0.2461, 0.5591, 0.4072, 0.4295, 0.9283, 0.6907, 0.3904, 0.6734, 0.2559,
         0.8137]], requires_grad=True)
[2023-01-20 21:56:14,289][__main__][INFO] - parameters: Parameter containing:
tensor([[0.2439, 0.5576, 0.4048, 0.4298, 0.9283, 0.6925, 0.3905, 0.6683, 0.2533,
         0.8152]], requires_grad=True)
[2023-01-20 21:56:14,538][__main__][INFO] - parameters: Parameter containing:
tensor([[0.2426, 0.5561, 0.4020, 0.4305, 0.9293, 0.6936, 0.3908, 0.6625, 0.2498,
         0.8171]], requires_grad=True)
[2023-01-20 21:56:14,730][__main__][INFO] - parameters: Parameter containing:
tensor([[0.2424, 0.5546, 0.3987, 0.4314, 0.9308, 0.6940, 0.3914, 0.6560, 0.2455,
         0.8192]], requires_grad=True)
[2023-01-20 21:56:14,915][__main__][INFO] - parameters: Parameter containing:
tensor([[0.2417, 0.5540, 0.3959, 0.4326, 0.9323, 0.6936, 0.3919, 0.6489, 0.2409,
         0.8201]], requires_grad=True)
[2023-01-20 21:56:15,124][__main__][INFO] - parameters: Parameter containing:
tensor([[0.2393, 0.5546, 0.3943, 0.4337, 0.9340, 0.6918, 0.3925, 0.6408, 0.2359,
         0.8193]], requires_grad=True)
[2023-01-20 21:56:15,335][__main__][INFO] - parameters: Parameter containing:
tensor([[0.2357, 0.5556, 0.3930, 0.4338, 0.9354, 0.6894, 0.3935, 0.6320, 0.2313,
         0.8173]], requires_grad=True)
[2023-01-20 21:56:15,524][__main__][INFO] - parameters: Parameter containing:
tensor([[0.2310, 0.5561, 0.3913, 0.4331, 0.9370, 0.6881, 0.3961, 0.6212, 0.2264,
         0.8150]], requires_grad=True)
[2023-01-20 21:56:15,724][__main__][INFO] - parameters: Parameter containing:
tensor([[0.2295, 0.5570, 0.3899, 0.4346, 0.9384, 0.6882, 0.3972, 0.6103, 0.2213,
         0.8141]], requires_grad=True)
[2023-01-20 21:56:15,923][__main__][INFO] - parameters: Parameter containing:
tensor([[0.2302, 0.5580, 0.3887, 0.4377, 0.9396, 0.6899, 0.3971, 0.6000, 0.2165,
         0.8151]], requires_grad=True)
[2023-01-20 21:56:16,115][__main__][INFO] - parameters: Parameter containing:
tensor([[0.2321, 0.5593, 0.3880, 0.4419, 0.9403, 0.6929, 0.3960, 0.5905, 0.2125,
         0.8165]], requires_grad=True)
[2023-01-20 21:56:16,319][__main__][INFO] - parameters: Parameter containing:
tensor([[0.2338, 0.5600, 0.3869, 0.4448, 0.9406, 0.6960, 0.3959, 0.5815, 0.2095,
         0.8169]], requires_grad=True)
[2023-01-20 21:56:16,514][__main__][INFO] - parameters: Parameter containing:
tensor([[0.2349, 0.5607, 0.3863, 0.4477, 0.9410, 0.6990, 0.3959, 0.5731, 0.2068,
         0.8172]], requires_grad=True)
[2023-01-20 21:56:16,713][__main__][INFO] - parameters: Parameter containing:
tensor([[0.2346, 0.5608, 0.3859, 0.4498, 0.9416, 0.7012, 0.3961, 0.5674, 0.2053,
         0.8174]], requires_grad=True)
[2023-01-20 21:56:16,929][__main__][INFO] - parameters: Parameter containing:
tensor([[0.2332, 0.5601, 0.3854, 0.4512, 0.9428, 0.7027, 0.3968, 0.5640, 0.2043,
         0.8182]], requires_grad=True)
[2023-01-20 21:56:17,124][__main__][INFO] - parameters: Parameter containing:
tensor([[0.2311, 0.5585, 0.3847, 0.4519, 0.9442, 0.7036, 0.3979, 0.5627, 0.2039,
         0.8192]], requires_grad=True)
[2023-01-20 21:56:17,310][__main__][INFO] - parameters: Parameter containing:
tensor([[0.2288, 0.5563, 0.3838, 0.4520, 0.9457, 0.7041, 0.3995, 0.5632, 0.2043,
         0.8205]], requires_grad=True)
[2023-01-20 21:56:17,506][__main__][INFO] - parameters: Parameter containing:
tensor([[0.2290, 0.5573, 0.3849, 0.4535, 0.9449, 0.7011, 0.3972, 0.5701, 0.2076,
         0.8176]], requires_grad=True)
[2023-01-20 21:56:17,700][__main__][INFO] - parameters: Parameter containing:
tensor([[0.2288, 0.5582, 0.3863, 0.4547, 0.9441, 0.6982, 0.3951, 0.5768, 0.2108,
         0.8150]], requires_grad=True)
[2023-01-20 21:56:17,899][__main__][INFO] - parameters: Parameter containing:
tensor([[0.2294, 0.5585, 0.3870, 0.4558, 0.9430, 0.6968, 0.3932, 0.5831, 0.2146,
         0.8132]], requires_grad=True)
[2023-01-20 21:56:18,107][__main__][INFO] - parameters: Parameter containing:
tensor([[0.2312, 0.5579, 0.3871, 0.4570, 0.9419, 0.6968, 0.3917, 0.5892, 0.2188,
         0.8124]], requires_grad=True)
[2023-01-20 21:56:18,291][__main__][INFO] - parameters: Parameter containing:
tensor([[0.2327, 0.5577, 0.3877, 0.4586, 0.9408, 0.6971, 0.3900, 0.5946, 0.2227,
         0.8117]], requires_grad=True)
[2023-01-20 21:56:18,489][__main__][INFO] - parameters: Parameter containing:
tensor([[0.2342, 0.5573, 0.3881, 0.4594, 0.9396, 0.6971, 0.3892, 0.5993, 0.2265,
         0.8106]], requires_grad=True)
[2023-01-20 21:56:18,693][__main__][INFO] - parameters: Parameter containing:
tensor([[0.2353, 0.5567, 0.3883, 0.4589, 0.9382, 0.6970, 0.3894, 0.6030, 0.2302,
         0.8090]], requires_grad=True)
[2023-01-20 21:56:18,887][__main__][INFO] - parameters: Parameter containing:
tensor([[0.2359, 0.5556, 0.3883, 0.4572, 0.9367, 0.6970, 0.3909, 0.6060, 0.2343,
         0.8070]], requires_grad=True)
[2023-01-20 21:56:19,083][__main__][INFO] - parameters: Parameter containing:
tensor([[0.2360, 0.5547, 0.3894, 0.4565, 0.9358, 0.6974, 0.3921, 0.6087, 0.2380,
         0.8061]], requires_grad=True)
[2023-01-20 21:56:19,297][__main__][INFO] - parameters: Parameter containing:
tensor([[0.2358, 0.5539, 0.3909, 0.4569, 0.9354, 0.6984, 0.3928, 0.6109, 0.2412,
         0.8060]], requires_grad=True)
[2023-01-20 21:56:19,493][__main__][INFO] - parameters: Parameter containing:
tensor([[0.2345, 0.5538, 0.3938, 0.4585, 0.9356, 0.6995, 0.3930, 0.6124, 0.2438,
         0.8062]], requires_grad=True)
[2023-01-20 21:56:19,694][__main__][INFO] - parameters: Parameter containing:
tensor([[0.2334, 0.5531, 0.3956, 0.4588, 0.9355, 0.7009, 0.3944, 0.6132, 0.2465,
         0.8062]], requires_grad=True)
[2023-01-20 21:56:19,883][__main__][INFO] - parameters: Parameter containing:
tensor([[0.2331, 0.5519, 0.3960, 0.4581, 0.9351, 0.7028, 0.3964, 0.6132, 0.2491,
         0.8060]], requires_grad=True)
[2023-01-20 21:56:20,093][__main__][INFO] - parameters: Parameter containing:
tensor([[0.2332, 0.5511, 0.3965, 0.4590, 0.9348, 0.7055, 0.3971, 0.6126, 0.2507,
         0.8065]], requires_grad=True)
[2023-01-20 21:56:20,299][__main__][INFO] - parameters: Parameter containing:
tensor([[0.2342, 0.5506, 0.3965, 0.4611, 0.9348, 0.7090, 0.3968, 0.6116, 0.2515,
         0.8076]], requires_grad=True)
[2023-01-20 21:56:20,496][__main__][INFO] - parameters: Parameter containing:
tensor([[0.2338, 0.5501, 0.3960, 0.4618, 0.9347, 0.7117, 0.3975, 0.6099, 0.2522,
         0.8073]], requires_grad=True)
[2023-01-20 21:56:20,723][__main__][INFO] - parameters: Parameter containing:
tensor([[0.2324, 0.5511, 0.3970, 0.4639, 0.9352, 0.7133, 0.3971, 0.6077, 0.2513,
         0.8070]], requires_grad=True)
[2023-01-20 21:56:20,903][__main__][INFO] - parameters: Parameter containing:
tensor([[0.2310, 0.5521, 0.3968, 0.4645, 0.9354, 0.7138, 0.3974, 0.6047, 0.2500,
         0.8054]], requires_grad=True)
[2023-01-20 21:56:21,093][__main__][INFO] - parameters: Parameter containing:
tensor([[0.2311, 0.5522, 0.3945, 0.4637, 0.9353, 0.7147, 0.3985, 0.6016, 0.2488,
         0.8035]], requires_grad=True)
[2023-01-20 21:56:21,299][__main__][INFO] - parameters: Parameter containing:
tensor([[0.2319, 0.5518, 0.3913, 0.4619, 0.9348, 0.7153, 0.4004, 0.5984, 0.2478,
         0.8009]], requires_grad=True)
