[2023-01-27 22:36:13,777][choosing_descriptors][INFO] - There are total of 29 descriptors
[2023-01-27 22:36:13,780][choosing_descriptors][INFO] - Working on cluster 0
[2023-01-27 22:36:13,780][choosing_descriptors][INFO] - 0 most variance descriptor - fat
[2023-01-27 22:36:13,780][choosing_descriptors][INFO] - Adding fat to chosen descriptors
[2023-01-27 22:36:13,780][choosing_descriptors][INFO] - 1 most variance descriptor - pear shaped
[2023-01-27 22:36:13,782][choosing_descriptors][INFO] - pear shaped is correlated with fat with corr 0.9618975708619621
[2023-01-27 22:36:13,782][choosing_descriptors][INFO] - 2 most variance descriptor - curvy
[2023-01-27 22:36:13,783][choosing_descriptors][INFO] - curvy is correlated with fat with corr 0.9291621362763965
[2023-01-27 22:36:13,783][choosing_descriptors][INFO] - 3 most variance descriptor - long legs
[2023-01-27 22:36:13,784][choosing_descriptors][INFO] - long legs is correlated with fat with corr -0.8212202622845215
[2023-01-27 22:36:13,784][choosing_descriptors][INFO] - 4 most variance descriptor - big
[2023-01-27 22:36:13,784][choosing_descriptors][INFO] - big is correlated with fat with corr 0.9734950636106932
[2023-01-27 22:36:13,785][choosing_descriptors][INFO] - 5 most variance descriptor - heavyset
[2023-01-27 22:36:13,785][choosing_descriptors][INFO] - heavyset is correlated with fat with corr 0.9809601218608849
[2023-01-27 22:36:13,785][choosing_descriptors][INFO] - 6 most variance descriptor - stocky
[2023-01-27 22:36:13,786][choosing_descriptors][INFO] - stocky is correlated with fat with corr 0.8472683310511645
[2023-01-27 22:36:13,786][choosing_descriptors][INFO] - 7 most variance descriptor - round apple
[2023-01-27 22:36:13,787][choosing_descriptors][INFO] - round apple is correlated with fat with corr 0.9324013093948544
[2023-01-27 22:36:13,787][choosing_descriptors][INFO] - 8 most variance descriptor - short legs
[2023-01-27 22:36:13,787][choosing_descriptors][INFO] - short legs is correlated with fat with corr -0.6896971169849814
[2023-01-27 22:36:13,788][choosing_descriptors][INFO] - 9 most variance descriptor - lean
[2023-01-27 22:36:13,788][choosing_descriptors][INFO] - lean is correlated with fat with corr 0.7027551905994288
[2023-01-27 22:36:13,788][choosing_descriptors][INFO] - 10 most variance descriptor - sturdy
[2023-01-27 22:36:13,789][choosing_descriptors][INFO] - sturdy is correlated with fat with corr 0.8084376805661436
[2023-01-27 22:36:13,789][choosing_descriptors][INFO] - 11 most variance descriptor - muscular
[2023-01-27 22:36:13,790][choosing_descriptors][INFO] - muscular is correlated with fat with corr 0.5048496773448392
[2023-01-27 22:36:13,790][choosing_descriptors][INFO] - 12 most variance descriptor - short
[2023-01-27 22:36:13,790][choosing_descriptors][INFO] - Adding short to chosen descriptors
[2023-01-27 22:36:13,790][choosing_descriptors][INFO] - 13 most variance descriptor - rectangular
[2023-01-27 22:36:13,792][choosing_descriptors][INFO] - Adding rectangular to chosen descriptors
[2023-01-27 22:36:13,792][choosing_descriptors][INFO] - 14 most variance descriptor - fit
[2023-01-27 22:36:13,793][choosing_descriptors][INFO] - Adding fit to chosen descriptors
[2023-01-27 22:36:13,793][choosing_descriptors][INFO] - currently chosen descriptors: {'fat': {'variance': 1.3441002606095573}, 'short': {'variance': 0.06214111993230574}, 'rectangular': {'variance': 0.05846779770750512}, 'fit': {'variance': 0.05672850785078508}}
[2023-01-27 22:36:13,793][choosing_descriptors][INFO] - Finished cluster 0
[2023-01-27 22:36:13,794][choosing_descriptors][INFO] - Working on cluster 1
[2023-01-27 22:36:13,794][choosing_descriptors][INFO] - 0 most variance descriptor - tall
[2023-01-27 22:36:13,794][choosing_descriptors][INFO] - Adding tall to chosen descriptors
[2023-01-27 22:36:13,794][choosing_descriptors][INFO] - 1 most variance descriptor - long
[2023-01-27 22:36:13,795][choosing_descriptors][INFO] - long is correlated with tall with corr 0.8792437903180496
[2023-01-27 22:36:13,795][choosing_descriptors][INFO] - 2 most variance descriptor - skinny
[2023-01-27 22:36:13,796][choosing_descriptors][INFO] - skinny is correlated with tall with corr 0.7082491437252927
[2023-01-27 22:36:13,796][choosing_descriptors][INFO] - currently chosen descriptors: {'tall': {'variance': 0.14117393808716808}}
[2023-01-27 22:36:13,796][choosing_descriptors][INFO] - Finished cluster 1
[2023-01-27 22:36:13,796][choosing_descriptors][INFO] - Working on cluster 3
[2023-01-27 22:36:13,797][choosing_descriptors][INFO] - 0 most variance descriptor - petite
[2023-01-27 22:36:13,797][choosing_descriptors][INFO] - Adding petite to chosen descriptors
[2023-01-27 22:36:13,797][choosing_descriptors][INFO] - 1 most variance descriptor - small
[2023-01-27 22:36:13,798][choosing_descriptors][INFO] - Adding small to chosen descriptors
[2023-01-27 22:36:13,798][choosing_descriptors][INFO] - 2 most variance descriptor - proportioned
[2023-01-27 22:36:13,799][choosing_descriptors][INFO] - Adding proportioned to chosen descriptors
[2023-01-27 22:36:13,799][choosing_descriptors][INFO] - currently chosen descriptors: {'petite': {'variance': 0.10980489986254485}, 'small': {'variance': 0.08159525370261636}, 'proportioned': {'variance': 0.050892540972847275}}
[2023-01-27 22:36:13,799][choosing_descriptors][INFO] - Finished cluster 3
[2023-01-27 22:36:13,799][choosing_descriptors][INFO] - Working on cluster 4
[2023-01-27 22:36:13,800][choosing_descriptors][INFO] - 0 most variance descriptor - long torso
[2023-01-27 22:36:13,800][choosing_descriptors][INFO] - Adding long torso to chosen descriptors
[2023-01-27 22:36:13,800][choosing_descriptors][INFO] - 1 most variance descriptor - narrow waist
[2023-01-27 22:36:13,800][choosing_descriptors][INFO] - Adding narrow waist to chosen descriptors
[2023-01-27 22:36:13,801][choosing_descriptors][INFO] - 2 most variance descriptor - short torso
[2023-01-27 22:36:13,801][choosing_descriptors][INFO] - short torso is correlated with long torso with corr 0.6986147104322706
[2023-01-27 22:36:13,801][choosing_descriptors][INFO] - currently chosen descriptors: {'long torso': {'variance': 0.14690389225445982}, 'narrow waist': {'variance': 0.08641693887162152}}
[2023-01-27 22:36:13,801][choosing_descriptors][INFO] - Finished cluster 4
[2023-01-27 22:36:13,802][choosing_descriptors][INFO] - There are 10 chosen descriptors in initial filter
[2023-01-27 22:36:13,802][choosing_descriptors][INFO] - chosen descriptors: [['fat', 'short', 'rectangular', 'fit'], ['tall'], [], ['petite', 'small', 'proportioned'], ['long torso', 'narrow waist']]
[2023-01-27 22:36:13,802][choosing_descriptors][INFO] - Final filter
[2023-01-27 22:36:13,803][choosing_descriptors][INFO] - Descriptor fat has variance 1.3441002606095573
[2023-01-27 22:36:13,806][choosing_descriptors][INFO] - Descriptor fat is correlated with small with correlation 0.5805478325911813 - removing small
[2023-01-27 22:36:13,807][choosing_descriptors][INFO] - Descriptor fat is correlated with narrow waist with correlation 0.6657747188457201 - removing narrow waist
[2023-01-27 22:36:13,807][choosing_descriptors][INFO] - Descriptor long torso has variance 0.14690389225445982
[2023-01-27 22:36:13,809][choosing_descriptors][INFO] - Descriptor long torso is correlated with tall with correlation 0.9026642365979098 - removing tall
[2023-01-27 22:36:13,810][choosing_descriptors][INFO] - Descriptor long torso is correlated with proportioned with correlation 0.711465196877132 - removing proportioned
[2023-01-27 22:36:13,811][choosing_descriptors][INFO] - Descriptor petite has variance 0.10980489986254485
[2023-01-27 22:36:13,812][choosing_descriptors][INFO] - Descriptor petite is correlated with short with correlation 0.6503376063554499 - removing short
[2023-01-27 22:36:13,814][choosing_descriptors][INFO] - Descriptor rectangular has variance 0.05846779770750512
[2023-01-27 22:36:13,817][choosing_descriptors][INFO] - Descriptor fit has variance 0.05672850785078508
