[2023-01-03 10:19:43,438][__main__][INFO] - Optimizing for thin...
[2023-01-03 10:19:43,440][__main__][INFO] - Phase: regular
[2023-01-03 10:20:07,676][__main__][INFO] - Phase: inverse
[2023-01-03 10:20:28,994][__main__][INFO] - Optimizing for muscular...
[2023-01-03 10:20:28,996][__main__][INFO] - Phase: regular
[2023-01-03 10:20:50,895][__main__][INFO] - Phase: inverse
[2023-01-03 10:21:12,335][__main__][INFO] - Optimizing for short...
[2023-01-03 10:21:12,335][__main__][INFO] - Phase: regular
[2023-01-03 10:21:33,440][__main__][INFO] - Phase: inverse
[2023-01-03 10:21:55,847][__main__][INFO] - Optimizing for long legs...
[2023-01-03 10:21:55,848][__main__][INFO] - Phase: regular
[2023-01-03 10:22:17,599][__main__][INFO] - Phase: inverse
[2023-01-03 10:22:40,539][__main__][INFO] - Optimizing for narrow waist...
[2023-01-03 10:22:40,541][__main__][INFO] - Phase: regular
[2023-01-03 10:23:03,273][__main__][INFO] - Phase: inverse
[2023-01-03 10:23:26,807][__main__][INFO] - Optimizing for skinny...
[2023-01-03 10:23:26,810][__main__][INFO] - Phase: regular
[2023-01-03 10:23:49,398][__main__][INFO] - Phase: inverse
[2023-01-03 10:24:14,589][__main__][INFO] - Optimizing for tall...
[2023-01-03 10:24:14,590][__main__][INFO] - Phase: regular
[2023-01-03 10:24:38,634][__main__][INFO] - Phase: inverse
[2023-01-03 10:25:00,700][__main__][INFO] - Optimizing for rectangular...
[2023-01-03 10:25:00,700][__main__][INFO] - Phase: regular
