[2023-02-07 21:07:34,763][choosing_descriptors][INFO] - There are total of 29 descriptors
[2023-02-07 21:07:34,764][choosing_descriptors][INFO] - Keeping []
[2023-02-07 21:07:34,765][choosing_descriptors][INFO] - Working on cluster 0
[2023-02-07 21:07:34,766][choosing_descriptors][INFO] - 0 most variance descriptor - fat
[2023-02-07 21:07:34,766][choosing_descriptors][INFO] - Adding fat to chosen descriptors
[2023-02-07 21:07:34,766][choosing_descriptors][INFO] - 1 most variance descriptor - curvy
[2023-02-07 21:07:34,767][choosing_descriptors][INFO] - curvy is correlated with fat with corr 0.7385517919460028
[2023-02-07 21:07:34,767][choosing_descriptors][INFO] - 2 most variance descriptor - long legs
[2023-02-07 21:07:34,768][choosing_descriptors][INFO] - long legs is correlated with fat with corr -0.7941950267919777
[2023-02-07 21:07:34,768][choosing_descriptors][INFO] - 3 most variance descriptor - big
[2023-02-07 21:07:34,769][choosing_descriptors][INFO] - big is correlated with fat with corr 0.974751981939538
[2023-02-07 21:07:34,769][choosing_descriptors][INFO] - 4 most variance descriptor - stocky
[2023-02-07 21:07:34,770][choosing_descriptors][INFO] - stocky is correlated with fat with corr 0.7568708363037737
[2023-02-07 21:07:34,770][choosing_descriptors][INFO] - 5 most variance descriptor - round apple
[2023-02-07 21:07:34,771][choosing_descriptors][INFO] - round apple is correlated with fat with corr 0.8818655511258908
[2023-02-07 21:07:34,771][choosing_descriptors][INFO] - 6 most variance descriptor - masculine
[2023-02-07 21:07:34,772][choosing_descriptors][INFO] - Adding masculine to chosen descriptors
[2023-02-07 21:07:34,772][choosing_descriptors][INFO] - 7 most variance descriptor - heavyset
[2023-02-07 21:07:34,773][choosing_descriptors][INFO] - heavyset is correlated with fat with corr 0.9740235860565182
[2023-02-07 21:07:34,773][choosing_descriptors][INFO] - 8 most variance descriptor - long torso
[2023-02-07 21:07:34,775][choosing_descriptors][INFO] - Adding long torso to chosen descriptors
[2023-02-07 21:07:34,775][choosing_descriptors][INFO] - 9 most variance descriptor - lean
[2023-02-07 21:07:34,776][choosing_descriptors][INFO] - lean is correlated with fat with corr 0.6341507528501542
[2023-02-07 21:07:34,776][choosing_descriptors][INFO] - 10 most variance descriptor - long
[2023-02-07 21:07:34,779][choosing_descriptors][INFO] - long is correlated with long torso with corr 0.8476848312581229
[2023-02-07 21:07:34,779][choosing_descriptors][INFO] - 11 most variance descriptor - sturdy
[2023-02-07 21:07:34,780][choosing_descriptors][INFO] - sturdy is correlated with fat with corr 0.7307258541783506
[2023-02-07 21:07:34,780][choosing_descriptors][INFO] - 12 most variance descriptor - short
[2023-02-07 21:07:34,782][choosing_descriptors][INFO] - Adding short to chosen descriptors
[2023-02-07 21:07:34,782][choosing_descriptors][INFO] - 13 most variance descriptor - short legs
[2023-02-07 21:07:34,784][choosing_descriptors][INFO] - short legs is correlated with long torso with corr 0.6329355039520147
[2023-02-07 21:07:34,785][choosing_descriptors][INFO] - 14 most variance descriptor - small
[2023-02-07 21:07:34,788][choosing_descriptors][INFO] - Adding small to chosen descriptors
[2023-02-07 21:07:34,788][choosing_descriptors][INFO] - 15 most variance descriptor - skinny
[2023-02-07 21:07:34,790][choosing_descriptors][INFO] - skinny is correlated with long torso with corr 0.6692886781629306
[2023-02-07 21:07:34,790][choosing_descriptors][INFO] - 16 most variance descriptor - muscular
[2023-02-07 21:07:34,792][choosing_descriptors][INFO] - muscular is correlated with masculine with corr 0.8249809739869558
[2023-02-07 21:07:34,792][choosing_descriptors][INFO] - 17 most variance descriptor - rectangular
[2023-02-07 21:07:34,795][choosing_descriptors][INFO] - Adding rectangular to chosen descriptors
[2023-02-07 21:07:34,795][choosing_descriptors][INFO] - 18 most variance descriptor - hourglass
[2023-02-07 21:07:34,800][choosing_descriptors][INFO] - Adding hourglass to chosen descriptors
[2023-02-07 21:07:34,800][choosing_descriptors][INFO] - 19 most variance descriptor - sexy
[2023-02-07 21:07:34,805][choosing_descriptors][INFO] - Adding sexy to chosen descriptors
[2023-02-07 21:07:34,805][choosing_descriptors][INFO] - 20 most variance descriptor - fit
[2023-02-07 21:07:34,811][choosing_descriptors][INFO] - fit is correlated with sexy with corr 0.8049679928667721
[2023-02-07 21:07:34,811][choosing_descriptors][INFO] - 21 most variance descriptor - feminine
[2023-02-07 21:07:34,817][choosing_descriptors][INFO] - feminine is correlated with sexy with corr 0.6754089870752381
[2023-02-07 21:07:34,817][choosing_descriptors][INFO] - 22 most variance descriptor - attractive
[2023-02-07 21:07:34,822][choosing_descriptors][INFO] - attractive is correlated with rectangular with corr 0.6612160562294194
[2023-02-07 21:07:34,822][choosing_descriptors][INFO] - currently chosen descriptors: {'fat': {'variance': 1.6920212866675268}, 'masculine': {'variance': 0.3642916353853854}, 'long torso': {'variance': 0.2597367865912788}, 'short': {'variance': 0.16693241190409158}, 'small': {'variance': 0.1421733686811812}, 'rectangular': {'variance': 0.10888822196219657}, 'hourglass': {'variance': 0.0881795457566942}, 'sexy': {'variance': 0.07875147022022023}}
[2023-02-07 21:07:34,822][choosing_descriptors][INFO] - Finished cluster 0
[2023-02-07 21:07:34,822][choosing_descriptors][INFO] - Working on cluster 1
[2023-02-07 21:07:34,823][choosing_descriptors][INFO] - 0 most variance descriptor - pear shaped
[2023-02-07 21:07:34,823][choosing_descriptors][INFO] - Adding pear shaped to chosen descriptors
[2023-02-07 21:07:34,823][choosing_descriptors][INFO] - 1 most variance descriptor - tall
[2023-02-07 21:07:34,824][choosing_descriptors][INFO] - Adding tall to chosen descriptors
[2023-02-07 21:07:34,824][choosing_descriptors][INFO] - 2 most variance descriptor - petite
[2023-02-07 21:07:34,825][choosing_descriptors][INFO] - Adding petite to chosen descriptors
[2023-02-07 21:07:34,826][choosing_descriptors][INFO] - 3 most variance descriptor - short torso
[2023-02-07 21:07:34,828][choosing_descriptors][INFO] - Adding short torso to chosen descriptors
[2023-02-07 21:07:34,828][choosing_descriptors][INFO] - 4 most variance descriptor - proportioned
[2023-02-07 21:07:34,831][choosing_descriptors][INFO] - Adding proportioned to chosen descriptors
[2023-02-07 21:07:34,831][choosing_descriptors][INFO] - 5 most variance descriptor - narrow waist
[2023-02-07 21:07:34,835][choosing_descriptors][INFO] - Adding narrow waist to chosen descriptors
[2023-02-07 21:07:34,835][choosing_descriptors][INFO] - currently chosen descriptors: {'pear shaped': {'variance': 1.0265574106821664}, 'tall': {'variance': 0.19752451572666413}, 'petite': {'variance': 0.16348009239708458}, 'short torso': {'variance': 0.13843081264858606}, 'proportioned': {'variance': 0.08876400203914853}, 'narrow waist': {'variance': 0.08604097359077828}}
[2023-02-07 21:07:34,835][choosing_descriptors][INFO] - Finished cluster 1
[2023-02-07 21:07:34,835][choosing_descriptors][INFO] - There are 14 chosen descriptors in initial filter
[2023-02-07 21:07:34,835][choosing_descriptors][INFO] - chosen descriptors: [['fat', 'masculine', 'long torso', 'short', 'small', 'rectangular', 'hourglass', 'sexy'], ['pear shaped', 'tall', 'petite', 'short torso', 'proportioned', 'narrow waist']]
[2023-02-07 21:07:34,835][choosing_descriptors][INFO] - Final filter
[2023-02-07 21:07:34,837][choosing_descriptors][INFO] - Descriptor pear shaped has variance 1.0265574106821664
[2023-02-07 21:07:34,839][choosing_descriptors][INFO] - Descriptor pear shaped is correlated with fat with correlation 0.9302806344506096
[2023-02-07 21:07:34,839][choosing_descriptors][INFO] - Removing pear shaped because fat is already chosen
[2023-02-07 21:07:36,065][choosing_descriptors][INFO] - Descriptor masculine has variance 0.3642916353853854
[2023-02-07 21:07:36,066][choosing_descriptors][INFO] - Descriptor masculine is correlated with short torso with correlation 0.777377181809576
[2023-02-07 21:07:36,066][choosing_descriptors][INFO] - Removing short torso because it is correlated with masculine
[2023-02-07 21:07:36,066][choosing_descriptors][INFO] - Descriptor long torso has variance 0.2597367865912788
[2023-02-07 21:07:36,067][choosing_descriptors][INFO] - Descriptor long torso is correlated with short torso with correlation 0.807046225810081
[2023-02-07 21:07:36,085][choosing_descriptors][INFO] - Descriptor tall has variance 0.19752451572666413
[2023-02-07 21:07:36,086][choosing_descriptors][INFO] - Descriptor short has variance 0.16693241190409158
[2023-02-07 21:07:36,087][choosing_descriptors][INFO] - Descriptor short is correlated with petite with correlation 0.8301156990645688
[2023-02-07 21:07:36,087][choosing_descriptors][INFO] - Removing petite because it is correlated with short
[2023-02-07 21:07:36,088][choosing_descriptors][INFO] - Removing short because it is an antonym of tall
[2023-02-07 21:07:36,089][choosing_descriptors][INFO] - Descriptor small has variance 0.1421733686811812
[2023-02-07 21:07:36,091][choosing_descriptors][INFO] - Descriptor rectangular has variance 0.10888822196219657
[2023-02-07 21:07:36,092][choosing_descriptors][INFO] - Descriptor proportioned has variance 0.08876400203914853
[2023-02-07 21:07:36,093][choosing_descriptors][INFO] - Descriptor hourglass has variance 0.0881795457566942
[2023-02-07 21:07:36,094][choosing_descriptors][INFO] - Descriptor narrow waist has variance 0.08604097359077828
[2023-02-07 21:07:36,097][choosing_descriptors][INFO] - Descriptor sexy has variance 0.07875147022022023
[2023-02-07 21:07:36,100][choosing_descriptors][INFO] - Too many descriptors (10) - reducing
