[2023-01-15 23:35:15,311][__main__][INFO] - Starting optimization for smplx betas
[2023-01-15 23:35:15,311][__main__][INFO] - labels: [['long legs'], ['round apple'], ['curvy'], ['proportioned'], ['sturdy'], ['narrow waist'], ['big'], ['stocky'], ['heavyset'], ['pear shaped']]
[2023-01-15 23:35:15,323][__main__][INFO] - Optimizing 1509.png
[2023-01-15 23:35:15,323][__main__][INFO] - Writing video to /home/nadav2/dev/data/CLIP2Shape/outs/sliders_vs_blendshapes/smplx_male/10_descriptors/1509.mp4
[2023-01-15 23:38:10,605][__main__][INFO] - Finished optimizing 1509.png
[2023-01-15 23:38:10,606][__main__][INFO] - Pred sliders values {'long legs': 0.4888392, 'round apple': -3.9902651, 'curvy': 5.048844, 'proportioned': 3.123498, 'sturdy': 4.722839, 'narrow waist': 5.3008437, 'big': 3.2016852, 'stocky': -4.2208605, 'heavyset': 4.031307, 'pear shaped': -0.319829}
[2023-01-15 23:38:10,606][__main__][INFO] - acctual sliders values tensor([24.2656, 20.2656, 21.7188, 25.3594, 20.9531, 26.1875, 22.7500, 22.8594,
        22.7344, 24.8750, 24.2188, 24.1719, 26.3594, 26.0781, 22.4062, 24.2500,
        24.1250, 26.2812, 23.0312, 21.2031, 24.1094, 25.1875, 22.6094, 22.7500,
        24.5469])
[2023-01-15 23:38:10,606][__main__][INFO] - Geometric distance: [0.004699202254414558]
[2023-01-15 23:38:10,606][__main__][INFO] - Optimizing 3973.png
[2023-01-15 23:38:10,606][__main__][INFO] - Writing video to /home/nadav2/dev/data/CLIP2Shape/outs/sliders_vs_blendshapes/smplx_male/10_descriptors/3973.mp4
[2023-01-15 23:41:02,078][__main__][INFO] - Finished optimizing 3973.png
[2023-01-15 23:41:02,079][__main__][INFO] - Pred sliders values {'long legs': 7.1832924, 'round apple': -0.15519395, 'curvy': 2.533507, 'proportioned': -2.1074734, 'sturdy': 7.206426, 'narrow waist': 1.5823784, 'big': 10.98807, 'stocky': 2.0339484, 'heavyset': -0.63100827, 'pear shaped': 5.5797834}
[2023-01-15 23:41:02,079][__main__][INFO] - acctual sliders values tensor([24.3594, 20.9219, 23.9375, 24.6875, 21.7031, 25.1562, 21.7344, 24.3281,
        22.8125, 26.4375, 25.3594, 27.2344, 25.0312, 25.2344, 21.5469, 23.8906,
        24.4375, 26.1875, 22.9531, 21.3438, 24.5469, 24.9531, 21.1406, 22.6406,
        23.8594])
[2023-01-15 23:41:02,079][__main__][INFO] - Geometric distance: [0.004699202254414558, 0.004438586533069611]
[2023-01-15 23:41:02,079][__main__][INFO] - Optimizing 543.png
[2023-01-15 23:41:02,080][__main__][INFO] - Writing video to /home/nadav2/dev/data/CLIP2Shape/outs/sliders_vs_blendshapes/smplx_male/10_descriptors/543.mp4
[2023-01-15 23:44:45,059][__main__][INFO] - Finished optimizing 543.png
[2023-01-15 23:44:45,059][__main__][INFO] - Pred sliders values {'long legs': 1.4138178, 'round apple': -0.75621426, 'curvy': -5.881089, 'proportioned': -4.884785, 'sturdy': 15.806777, 'narrow waist': -4.0573473, 'big': 8.859935, 'stocky': 9.345762, 'heavyset': 3.6464427, 'pear shaped': 5.471708}
[2023-01-15 23:44:45,062][__main__][INFO] - acctual sliders values tensor([24.0000, 20.0156, 21.8594, 24.3125, 20.5000, 24.5625, 21.7031, 24.1562,
        23.1250, 25.2812, 24.2656, 24.9375, 24.5781, 25.1562, 22.0312, 24.7344,
        24.5469, 25.9219, 23.4844, 21.0000, 24.6562, 25.4531, 21.8125, 23.0625,
        23.9062])
[2023-01-15 23:44:45,062][__main__][INFO] - Geometric distance: [0.004699202254414558, 0.004438586533069611, 0.013817823491990566]
[2023-01-15 23:44:45,062][__main__][INFO] - Optimizing 1895.png
[2023-01-15 23:44:45,062][__main__][INFO] - Writing video to /home/nadav2/dev/data/CLIP2Shape/outs/sliders_vs_blendshapes/smplx_male/10_descriptors/1895.mp4
[2023-01-15 23:48:36,489][__main__][INFO] - Finished optimizing 1895.png
[2023-01-15 23:48:36,490][__main__][INFO] - Pred sliders values {'long legs': 2.3646781, 'round apple': -4.8792553, 'curvy': -1.7432865, 'proportioned': -5.7544484, 'sturdy': 12.7982435, 'narrow waist': 0.13111798, 'big': 7.1577425, 'stocky': 6.6396437, 'heavyset': 1.9571565, 'pear shaped': 1.8761896}
[2023-01-15 23:48:36,491][__main__][INFO] - acctual sliders values tensor([23.6875, 19.7656, 21.3281, 25.0000, 20.1562, 25.1562, 22.3281, 23.0781,
        22.9062, 24.6250, 23.8125, 23.9844, 25.5156, 25.6406, 22.0156, 24.1875,
        24.2188, 26.1562, 23.2969, 20.7656, 24.2188, 25.1719, 21.5000, 23.2031,
        24.0000])
[2023-01-15 23:48:36,491][__main__][INFO] - Geometric distance: [0.004699202254414558, 0.004438586533069611, 0.013817823491990566, 0.004389668814837933]
[2023-01-15 23:48:36,491][__main__][INFO] - Optimizing 2183.png
[2023-01-15 23:48:36,491][__main__][INFO] - Writing video to /home/nadav2/dev/data/CLIP2Shape/outs/sliders_vs_blendshapes/smplx_male/10_descriptors/2183.mp4
[2023-01-15 23:52:24,461][__main__][INFO] - Finished optimizing 2183.png
[2023-01-15 23:52:24,462][__main__][INFO] - Pred sliders values {'long legs': 0.87281835, 'round apple': -3.9333742, 'curvy': 0.4324453, 'proportioned': -9.816539, 'sturdy': 10.9986515, 'narrow waist': 4.4830256, 'big': 10.278676, 'stocky': 3.7944198, 'heavyset': -0.005310988, 'pear shaped': 5.1297646}
[2023-01-15 23:52:24,462][__main__][INFO] - acctual sliders values tensor([24.5938, 20.8281, 23.2656, 24.5469, 21.6719, 25.4219, 21.5156, 24.2656,
        22.9219, 26.3438, 25.3594, 26.6250, 24.8281, 25.0156, 22.1562, 23.9375,
        24.5312, 26.2656, 23.2500, 21.3594, 24.9531, 25.5469, 21.7500, 22.6875,
        24.0625])
[2023-01-15 23:52:24,462][__main__][INFO] - Geometric distance: [0.004699202254414558, 0.004438586533069611, 0.013817823491990566, 0.004389668814837933, 0.0020837080664932728]
[2023-01-15 23:52:24,462][__main__][INFO] - Optimizing 1767.png
[2023-01-15 23:52:24,462][__main__][INFO] - Writing video to /home/nadav2/dev/data/CLIP2Shape/outs/sliders_vs_blendshapes/smplx_male/10_descriptors/1767.mp4
[2023-01-15 23:56:15,491][__main__][INFO] - Finished optimizing 1767.png
[2023-01-15 23:56:15,492][__main__][INFO] - Pred sliders values {'long legs': 6.393751, 'round apple': -6.4579473, 'curvy': 5.607302, 'proportioned': -3.6483972, 'sturdy': 11.042247, 'narrow waist': 5.6353416, 'big': 9.909095, 'stocky': 1.3144861, 'heavyset': -3.2932916, 'pear shaped': 3.9893594}
[2023-01-15 23:56:15,507][__main__][INFO] - acctual sliders values tensor([24.5000, 20.5312, 21.7500, 25.3125, 20.5469, 25.4375, 23.5469, 23.0312,
        23.2969, 25.3750, 24.1250, 24.6562, 26.3750, 26.5469, 22.9062, 24.3125,
        25.0000, 26.8594, 23.7656, 21.5156, 24.6875, 25.0469, 22.7344, 23.2656,
        24.5312])
[2023-01-15 23:56:15,507][__main__][INFO] - Geometric distance: [0.004699202254414558, 0.004438586533069611, 0.013817823491990566, 0.004389668814837933, 0.0020837080664932728, 0.0044293999671936035]
[2023-01-15 23:56:15,508][__main__][INFO] - Optimizing 3756.png
[2023-01-15 23:56:15,508][__main__][INFO] - Writing video to /home/nadav2/dev/data/CLIP2Shape/outs/sliders_vs_blendshapes/smplx_male/10_descriptors/3756.mp4
[2023-01-15 23:59:51,001][__main__][INFO] - Finished optimizing 3756.png
[2023-01-15 23:59:51,001][__main__][INFO] - Pred sliders values {'long legs': -0.5130974, 'round apple': 2.7234879, 'curvy': 4.2590065, 'proportioned': -10.563173, 'sturdy': 4.815529, 'narrow waist': 12.514692, 'big': 15.367778, 'stocky': -2.5456696, 'heavyset': -4.0936837, 'pear shaped': 7.536778}
[2023-01-15 23:59:51,002][__main__][INFO] - acctual sliders values tensor([24.8281, 22.9531, 25.1094, 23.9219, 23.2969, 25.9375, 21.4219, 23.8750,
        23.5781, 27.7812, 25.9688, 29.0469, 25.0312, 25.2031, 22.3906, 23.3281,
        25.3438, 25.6875, 23.5000, 21.7656, 24.4375, 23.4531, 23.1562, 23.6875,
        24.0625])
[2023-01-15 23:59:51,002][__main__][INFO] - Geometric distance: [0.004699202254414558, 0.004438586533069611, 0.013817823491990566, 0.004389668814837933, 0.0020837080664932728, 0.0044293999671936035, 0.027379235252738]
[2023-01-15 23:59:51,002][__main__][INFO] - Optimizing 1734.png
[2023-01-15 23:59:51,002][__main__][INFO] - Writing video to /home/nadav2/dev/data/CLIP2Shape/outs/sliders_vs_blendshapes/smplx_male/10_descriptors/1734.mp4
[2023-01-16 00:03:26,431][__main__][INFO] - Finished optimizing 1734.png
[2023-01-16 00:03:26,431][__main__][INFO] - Pred sliders values {'long legs': 4.397746, 'round apple': -1.4304607, 'curvy': -1.6673634, 'proportioned': -5.7010145, 'sturdy': 7.4127626, 'narrow waist': 9.288531, 'big': 7.123648, 'stocky': 2.0847075, 'heavyset': -7.378057, 'pear shaped': -0.15229112}
[2023-01-16 00:03:26,432][__main__][INFO] - acctual sliders values tensor([24.2500, 20.3906, 21.5469, 25.6562, 20.3750, 25.6094, 23.3125, 22.8281,
        23.2344, 25.0938, 23.9531, 24.3750, 26.4688, 26.3281, 22.2812, 24.6719,
        24.7500, 26.9062, 23.6406, 21.1562, 24.2188, 25.3906, 22.2031, 23.1406,
        24.3906])
[2023-01-16 00:03:26,432][__main__][INFO] - Geometric distance: [0.004699202254414558, 0.004438586533069611, 0.013817823491990566, 0.004389668814837933, 0.0020837080664932728, 0.0044293999671936035, 0.027379235252738, 0.011440766975283623]
[2023-01-16 00:03:26,432][__main__][INFO] - Optimizing 3327.png
[2023-01-16 00:03:26,433][__main__][INFO] - Writing video to /home/nadav2/dev/data/CLIP2Shape/outs/sliders_vs_blendshapes/smplx_male/10_descriptors/3327.mp4
[2023-01-16 00:06:57,568][__main__][INFO] - Finished optimizing 3327.png
[2023-01-16 00:06:57,568][__main__][INFO] - Pred sliders values {'long legs': 4.637671, 'round apple': -3.4470315, 'curvy': -1.6357585, 'proportioned': -4.7101293, 'sturdy': 5.902629, 'narrow waist': 10.126279, 'big': 4.0227113, 'stocky': 1.156411, 'heavyset': -2.8760183, 'pear shaped': -0.30124813}
[2023-01-16 00:06:57,569][__main__][INFO] - acctual sliders values tensor([24.3750, 20.1875, 21.4375, 25.4062, 20.3594, 25.7344, 22.9688, 22.9219,
        23.1719, 25.1094, 24.0781, 24.2500, 26.1562, 26.0625, 22.7031, 24.3750,
        24.5938, 26.4531, 23.6406, 21.1406, 24.2812, 25.3906, 22.2969, 23.0938,
        24.3438])
[2023-01-16 00:06:57,569][__main__][INFO] - Geometric distance: [0.004699202254414558, 0.004438586533069611, 0.013817823491990566, 0.004389668814837933, 0.0020837080664932728, 0.0044293999671936035, 0.027379235252738, 0.011440766975283623, 0.006380270700901747]
[2023-01-16 00:06:57,569][__main__][INFO] - Optimizing 1790.png
[2023-01-16 00:06:57,569][__main__][INFO] - Writing video to /home/nadav2/dev/data/CLIP2Shape/outs/sliders_vs_blendshapes/smplx_male/10_descriptors/1790.mp4
[2023-01-16 00:09:26,575][__main__][INFO] - Finished optimizing 1790.png
[2023-01-16 00:09:26,575][__main__][INFO] - Pred sliders values {'long legs': 6.0438247, 'round apple': -4.2687063, 'curvy': -1.7232915, 'proportioned': -5.287069, 'sturdy': 9.482955, 'narrow waist': 4.239945, 'big': 3.1669786, 'stocky': 4.079377, 'heavyset': -4.201405, 'pear shaped': -0.058763262}
[2023-01-16 00:09:26,576][__main__][INFO] - acctual sliders values tensor([23.6562, 19.7344, 21.1875, 25.1562, 20.2188, 25.0938, 22.7344, 23.1094,
        23.1250, 24.6875, 23.7500, 23.9062, 25.7188, 25.7969, 21.9688, 24.6094,
        24.1094, 26.6094, 23.3906, 20.7812, 24.1562, 25.6719, 21.2656, 23.0000,
        23.8594])
[2023-01-16 00:09:26,576][__main__][INFO] - Geometric distance: [0.004699202254414558, 0.004438586533069611, 0.013817823491990566, 0.004389668814837933, 0.0020837080664932728, 0.0044293999671936035, 0.027379235252738, 0.011440766975283623, 0.006380270700901747, 0.006842339877039194]
