[2023-01-19 20:43:17,878][__main__][INFO] - parameters: Parameter containing:
tensor([[-0.1000,  0.1000,  0.1000,  0.1000,  0.1000,  0.1000, -0.1000,  0.1000,
          0.1000, -0.1000]], requires_grad=True)
[2023-01-19 20:43:17,882][__main__][INFO] - scores: tensor([[24.0312, 25.2500, 24.7031, 23.0469, 24.5000]], device='cuda:0',
       dtype=torch.float16, grad_fn=<MmBackward>)
[2023-01-19 20:43:18,236][__main__][INFO] - parameters: Parameter containing:
tensor([[-0.1998,  0.1977,  0.1686,  0.0946,  0.0342,  0.1076, -0.1996,  0.2001,
          0.1740, -0.1898]], requires_grad=True)
[2023-01-19 20:43:18,239][__main__][INFO] - scores: tensor([[23.8438, 25.1875, 24.5625, 23.0000, 24.4531]], device='cuda:0',
       dtype=torch.float16, grad_fn=<MmBackward>)
[2023-01-19 20:43:18,544][__main__][INFO] - parameters: Parameter containing:
tensor([[-0.2514,  0.2690,  0.2052,  0.0644, -0.0467,  0.1187, -0.2326,  0.1601,
          0.2201, -0.2832]], requires_grad=True)
[2023-01-19 20:43:18,550][__main__][INFO] - scores: tensor([[23.8281, 25.1406, 24.6875, 22.9062, 24.3281]], device='cuda:0',
       dtype=torch.float16, grad_fn=<MmBackward>)
[2023-01-19 20:43:18,856][__main__][INFO] - parameters: Parameter containing:
tensor([[-0.3079,  0.2710,  0.2279,  0.0182, -0.0283,  0.1416, -0.1836,  0.1066,
          0.2381, -0.3091]], requires_grad=True)
[2023-01-19 20:43:18,862][__main__][INFO] - scores: tensor([[24.0312, 25.2188, 24.6250, 22.7031, 24.2656]], device='cuda:0',
       dtype=torch.float16, grad_fn=<MmBackward>)
[2023-01-19 20:43:19,147][__main__][INFO] - parameters: Parameter containing:
tensor([[-0.3631,  0.2876,  0.2219, -0.0242, -0.0457,  0.1527, -0.2021,  0.0570,
          0.2581, -0.3508]], requires_grad=True)
[2023-01-19 20:43:19,152][__main__][INFO] - scores: tensor([[23.9531, 25.1719, 24.4844, 22.5625, 24.1719]], device='cuda:0',
       dtype=torch.float16, grad_fn=<MmBackward>)
[2023-01-19 20:43:19,478][__main__][INFO] - parameters: Parameter containing:
tensor([[-0.3882,  0.2760,  0.2200, -0.0203, -0.0174,  0.1731, -0.2040, -0.0024,
          0.2398, -0.3919]], requires_grad=True)
[2023-01-19 20:43:19,479][__main__][INFO] - scores: tensor([[23.7969, 25.1562, 24.4688, 22.7500, 24.3125]], device='cuda:0',
       dtype=torch.float16, grad_fn=<MmBackward>)
[2023-01-19 20:43:19,794][__main__][INFO] - parameters: Parameter containing:
tensor([[-0.3641,  0.2311,  0.1788, -0.0082, -0.0269,  0.2222, -0.2349, -0.0278,
          0.2184, -0.3968]], requires_grad=True)
[2023-01-19 20:43:19,800][__main__][INFO] - scores: tensor([[23.8438, 25.1875, 24.4688, 22.7344, 24.2969]], device='cuda:0',
       dtype=torch.float16, grad_fn=<MmBackward>)
[2023-01-19 20:43:20,116][__main__][INFO] - parameters: Parameter containing:
tensor([[-0.3639,  0.1830,  0.1378, -0.0273, -0.0397,  0.2421, -0.2559, -0.0215,
          0.2062, -0.3647]], requires_grad=True)
[2023-01-19 20:43:20,122][__main__][INFO] - scores: tensor([[23.8750, 25.1562, 24.5156, 22.6562, 24.2656]], device='cuda:0',
       dtype=torch.float16, grad_fn=<MmBackward>)
[2023-01-19 20:43:20,440][__main__][INFO] - parameters: Parameter containing:
tensor([[-0.4057,  0.1822,  0.1511, -0.0286, -0.0152,  0.2216, -0.2433, -0.0074,
          0.1954, -0.3450]], requires_grad=True)
[2023-01-19 20:43:20,443][__main__][INFO] - scores: tensor([[23.8906, 25.1562, 24.5625, 22.7188, 24.2969]], device='cuda:0',
       dtype=torch.float16, grad_fn=<MmBackward>)
[2023-01-19 20:43:20,749][__main__][INFO] - parameters: Parameter containing:
tensor([[-0.4410,  0.1926,  0.1711, -0.0349, -0.0057,  0.2048, -0.2309,  0.0023,
          0.1946, -0.3348]], requires_grad=True)
[2023-01-19 20:43:20,751][__main__][INFO] - scores: tensor([[23.8906, 25.1719, 24.5781, 22.7344, 24.2969]], device='cuda:0',
       dtype=torch.float16, grad_fn=<MmBackward>)
[2023-01-19 20:43:21,047][__main__][INFO] - parameters: Parameter containing:
tensor([[-0.4945,  0.2057,  0.2099, -0.0569,  0.0264,  0.1675, -0.1912,  0.0173,
          0.1867, -0.3160]], requires_grad=True)
[2023-01-19 20:43:21,049][__main__][INFO] - scores: tensor([[23.9688, 25.2188, 24.5469, 22.6719, 24.2500]], device='cuda:0',
       dtype=torch.float16, grad_fn=<MmBackward>)
[2023-01-19 20:43:21,341][__main__][INFO] - parameters: Parameter containing:
tensor([[-0.5274,  0.1960,  0.2210, -0.0786,  0.0448,  0.1366, -0.1690,  0.0283,
          0.1701, -0.2808]], requires_grad=True)
[2023-01-19 20:43:21,347][__main__][INFO] - scores: tensor([[23.9531, 25.2188, 24.4844, 22.6094, 24.1719]], device='cuda:0',
       dtype=torch.float16, grad_fn=<MmBackward>)
[2023-01-19 20:43:21,643][__main__][INFO] - parameters: Parameter containing:
tensor([[-0.5383,  0.1752,  0.2070, -0.1123,  0.0538,  0.0978, -0.1623,  0.0505,
          0.1347, -0.2533]], requires_grad=True)
[2023-01-19 20:43:21,645][__main__][INFO] - scores: tensor([[23.9531, 25.1719, 24.4531, 22.6094, 24.1562]], device='cuda:0',
       dtype=torch.float16, grad_fn=<MmBackward>)
[2023-01-19 20:43:21,945][__main__][INFO] - parameters: Parameter containing:
tensor([[-0.5474,  0.1652,  0.1871, -0.1547,  0.0502,  0.0682, -0.1704,  0.0436,
          0.1052, -0.2298]], requires_grad=True)
[2023-01-19 20:43:21,947][__main__][INFO] - scores: tensor([[24.0156, 25.1562, 24.4688, 22.5156, 24.0781]], device='cuda:0',
       dtype=torch.float16, grad_fn=<MmBackward>)
[2023-01-19 20:43:22,232][__main__][INFO] - parameters: Parameter containing:
tensor([[-0.5518,  0.1532,  0.1662, -0.1928,  0.0516,  0.0381, -0.1759,  0.0432,
          0.0745, -0.2192]], requires_grad=True)
[2023-01-19 20:43:22,234][__main__][INFO] - scores: tensor([[24.0156, 25.2031, 24.5000, 22.5312, 24.1406]], device='cuda:0',
       dtype=torch.float16, grad_fn=<MmBackward>)
[2023-01-19 20:43:22,534][__main__][INFO] - parameters: Parameter containing:
tensor([[-0.5507,  0.1305,  0.1472, -0.2112,  0.0629,  0.0189, -0.1712,  0.0511,
          0.0340, -0.2180]], requires_grad=True)
[2023-01-19 20:43:22,540][__main__][INFO] - scores: tensor([[23.9531, 25.1406, 24.5000, 22.5312, 24.1250]], device='cuda:0',
       dtype=torch.float16, grad_fn=<MmBackward>)
[2023-01-19 20:43:22,837][__main__][INFO] - parameters: Parameter containing:
tensor([[-0.5465,  0.1114,  0.1323, -0.1991,  0.0833,  0.0142, -0.1665,  0.0738,
         -0.0112, -0.2223]], requires_grad=True)
[2023-01-19 20:43:22,840][__main__][INFO] - scores: tensor([[23.9062, 25.2031, 24.5156, 22.6562, 24.2500]], device='cuda:0',
       dtype=torch.float16, grad_fn=<MmBackward>)
[2023-01-19 20:43:23,124][__main__][INFO] - parameters: Parameter containing:
tensor([[-0.5531,  0.1373,  0.1244, -0.1850,  0.0689,  0.0191, -0.1964,  0.0742,
         -0.0140, -0.2499]], requires_grad=True)
[2023-01-19 20:43:23,131][__main__][INFO] - scores: tensor([[23.9531, 25.1719, 24.5156, 22.6094, 24.1875]], device='cuda:0',
       dtype=torch.float16, grad_fn=<MmBackward>)
[2023-01-19 20:43:23,409][__main__][INFO] - parameters: Parameter containing:
tensor([[-0.5538,  0.1618,  0.1175, -0.1651,  0.0505,  0.0353, -0.2290,  0.0706,
         -0.0138, -0.2849]], requires_grad=True)
[2023-01-19 20:43:23,411][__main__][INFO] - scores: tensor([[24.0000, 25.1719, 24.5000, 22.5000, 24.0781]], device='cuda:0',
       dtype=torch.float16, grad_fn=<MmBackward>)
[2023-01-19 20:43:23,699][__main__][INFO] - parameters: Parameter containing:
tensor([[-0.5619,  0.1888,  0.1191, -0.1494,  0.0303,  0.0565, -0.2602,  0.0658,
         -0.0073, -0.3187]], requires_grad=True)
[2023-01-19 20:43:23,703][__main__][INFO] - scores: tensor([[24.0000, 25.1719, 24.5156, 22.5000, 24.0938]], device='cuda:0',
       dtype=torch.float16, grad_fn=<MmBackward>)
[2023-01-19 20:43:24,009][__main__][INFO] - parameters: Parameter containing:
tensor([[-0.5693,  0.2124,  0.1264, -0.1324,  0.0061,  0.0871, -0.2875,  0.0567,
          0.0138, -0.3585]], requires_grad=True)
[2023-01-19 20:43:24,011][__main__][INFO] - scores: tensor([[23.9688, 25.1094, 24.4844, 22.4531, 24.0312]], device='cuda:0',
       dtype=torch.float16, grad_fn=<MmBackward>)
[2023-01-19 20:43:24,318][__main__][INFO] - parameters: Parameter containing:
tensor([[-0.5789,  0.2312,  0.1352, -0.1113, -0.0132,  0.1257, -0.3082,  0.0492,
          0.0386, -0.4001]], requires_grad=True)
[2023-01-19 20:43:24,323][__main__][INFO] - scores: tensor([[23.9375, 25.0938, 24.4375, 22.4844, 24.0625]], device='cuda:0',
       dtype=torch.float16, grad_fn=<MmBackward>)
[2023-01-19 20:43:24,604][__main__][INFO] - parameters: Parameter containing:
tensor([[-0.5811,  0.2506,  0.1337, -0.0997, -0.0416,  0.1653, -0.3395,  0.0503,
          0.0685, -0.4366]], requires_grad=True)
[2023-01-19 20:43:24,608][__main__][INFO] - scores: tensor([[23.9688, 25.1562, 24.4531, 22.5000, 24.0938]], device='cuda:0',
       dtype=torch.float16, grad_fn=<MmBackward>)
[2023-01-19 20:43:24,916][__main__][INFO] - parameters: Parameter containing:
tensor([[-0.5774,  0.2738,  0.1311, -0.1006, -0.0790,  0.1966, -0.3721,  0.0459,
          0.1053, -0.4709]], requires_grad=True)
[2023-01-19 20:43:24,919][__main__][INFO] - scores: tensor([[23.8906, 25.1406, 24.4375, 22.5625, 24.1406]], device='cuda:0',
       dtype=torch.float16, grad_fn=<MmBackward>)
[2023-01-19 20:43:25,222][__main__][INFO] - parameters: Parameter containing:
tensor([[-0.5832,  0.3029,  0.1392, -0.1158, -0.1058,  0.1982, -0.3905,  0.0614,
          0.1393, -0.5081]], requires_grad=True)
[2023-01-19 20:43:25,225][__main__][INFO] - scores: tensor([[23.9219, 25.1562, 24.4688, 22.6250, 24.1875]], device='cuda:0',
       dtype=torch.float16, grad_fn=<MmBackward>)
[2023-01-19 20:43:25,513][__main__][INFO] - parameters: Parameter containing:
tensor([[-0.5749,  0.3270,  0.1270, -0.1303, -0.1402,  0.2115, -0.4236,  0.0710,
          0.1625, -0.5508]], requires_grad=True)
[2023-01-19 20:43:25,515][__main__][INFO] - scores: tensor([[23.8906, 25.1094, 24.4062, 22.5781, 24.1562]], device='cuda:0',
       dtype=torch.float16, grad_fn=<MmBackward>)
[2023-01-19 20:43:25,808][__main__][INFO] - parameters: Parameter containing:
tensor([[-0.5670,  0.3423,  0.1111, -0.1451, -0.1748,  0.2342, -0.4544,  0.0758,
          0.1864, -0.5791]], requires_grad=True)
[2023-01-19 20:43:25,812][__main__][INFO] - scores: tensor([[23.9219, 25.1406, 24.4688, 22.5781, 24.1406]], device='cuda:0',
       dtype=torch.float16, grad_fn=<MmBackward>)
[2023-01-19 20:43:26,109][__main__][INFO] - parameters: Parameter containing:
tensor([[-0.5762,  0.3567,  0.1077, -0.1668, -0.2044,  0.2650, -0.4757,  0.0837,
          0.2261, -0.6088]], requires_grad=True)
[2023-01-19 20:43:26,112][__main__][INFO] - scores: tensor([[23.9688, 25.1562, 24.5000, 22.5625, 24.1250]], device='cuda:0',
       dtype=torch.float16, grad_fn=<MmBackward>)
[2023-01-19 20:43:26,414][__main__][INFO] - parameters: Parameter containing:
tensor([[-0.5951,  0.3617,  0.1057, -0.1853, -0.2234,  0.3043, -0.4894,  0.0986,
          0.2693, -0.6316]], requires_grad=True)
[2023-01-19 20:43:26,421][__main__][INFO] - scores: tensor([[23.9375, 25.1250, 24.4688, 22.5625, 24.0938]], device='cuda:0',
       dtype=torch.float16, grad_fn=<MmBackward>)
[2023-01-19 20:43:26,706][__main__][INFO] - parameters: Parameter containing:
tensor([[-0.6127,  0.3638,  0.1026, -0.2017, -0.2368,  0.3408, -0.4989,  0.1254,
          0.3136, -0.6664]], requires_grad=True)
[2023-01-19 20:43:26,712][__main__][INFO] - scores: tensor([[23.9219, 25.1094, 24.4844, 22.5781, 24.0781]], device='cuda:0',
       dtype=torch.float16, grad_fn=<MmBackward>)
[2023-01-19 20:43:27,007][__main__][INFO] - parameters: Parameter containing:
tensor([[-0.6245,  0.3732,  0.0975, -0.2059, -0.2527,  0.3821, -0.5163,  0.1436,
          0.3520, -0.7174]], requires_grad=True)
[2023-01-19 20:43:27,013][__main__][INFO] - scores: tensor([[23.8594, 25.1094, 24.5156, 22.6875, 24.1406]], device='cuda:0',
       dtype=torch.float16, grad_fn=<MmBackward>)
[2023-01-19 20:43:27,304][__main__][INFO] - parameters: Parameter containing:
tensor([[-0.6324,  0.3893,  0.0932, -0.1980, -0.2651,  0.4205, -0.5328,  0.1322,
          0.3782, -0.7756]], requires_grad=True)
[2023-01-19 20:43:27,310][__main__][INFO] - scores: tensor([[23.8594, 25.0781, 24.4844, 22.6250, 24.0938]], device='cuda:0',
       dtype=torch.float16, grad_fn=<MmBackward>)
[2023-01-19 20:43:27,610][__main__][INFO] - parameters: Parameter containing:
tensor([[-0.6475,  0.4057,  0.0948, -0.1966, -0.2678,  0.4407, -0.5334,  0.1112,
          0.3998, -0.8238]], requires_grad=True)
[2023-01-19 20:43:27,615][__main__][INFO] - scores: tensor([[23.8750, 25.0938, 24.5000, 22.6250, 24.0781]], device='cuda:0',
       dtype=torch.float16, grad_fn=<MmBackward>)
[2023-01-19 20:43:27,909][__main__][INFO] - parameters: Parameter containing:
tensor([[-0.6631,  0.4283,  0.1001, -0.1997, -0.2778,  0.4572, -0.5347,  0.1236,
          0.4301, -0.8696]], requires_grad=True)
[2023-01-19 20:43:27,911][__main__][INFO] - scores: tensor([[23.8750, 25.0938, 24.4688, 22.6094, 24.0938]], device='cuda:0',
       dtype=torch.float16, grad_fn=<MmBackward>)
[2023-01-19 20:43:28,208][__main__][INFO] - parameters: Parameter containing:
tensor([[-0.6733,  0.4368,  0.0976, -0.2057, -0.2941,  0.4808, -0.5392,  0.1507,
          0.4611, -0.9067]], requires_grad=True)
[2023-01-19 20:43:28,210][__main__][INFO] - scores: tensor([[23.9688, 25.0781, 24.4375, 22.5156, 24.0312]], device='cuda:0',
       dtype=torch.float16, grad_fn=<MmBackward>)
[2023-01-19 20:43:28,488][__main__][INFO] - parameters: Parameter containing:
tensor([[-0.6784,  0.4315,  0.0901, -0.2319, -0.3188,  0.5103, -0.5402,  0.1876,
          0.4978, -0.9251]], requires_grad=True)
[2023-01-19 20:43:28,495][__main__][INFO] - scores: tensor([[23.9688, 25.0156, 24.4062, 22.4531, 23.9844]], device='cuda:0',
       dtype=torch.float16, grad_fn=<MmBackward>)
[2023-01-19 20:43:28,781][__main__][INFO] - parameters: Parameter containing:
tensor([[-0.6751,  0.4228,  0.0846, -0.2516, -0.3439,  0.5419, -0.5373,  0.2308,
          0.5363, -0.9344]], requires_grad=True)
[2023-01-19 20:43:28,786][__main__][INFO] - scores: tensor([[23.9375, 25.0625, 24.4688, 22.5312, 24.0625]], device='cuda:0',
       dtype=torch.float16, grad_fn=<MmBackward>)
[2023-01-19 20:43:29,081][__main__][INFO] - parameters: Parameter containing:
tensor([[-0.6548,  0.4050,  0.0608, -0.2735, -0.3758,  0.5717, -0.5432,  0.2682,
          0.5484, -0.9375]], requires_grad=True)
[2023-01-19 20:43:29,086][__main__][INFO] - scores: tensor([[23.9531, 25.0625, 24.4844, 22.5312, 24.0469]], device='cuda:0',
       dtype=torch.float16, grad_fn=<MmBackward>)
[2023-01-19 20:43:29,387][__main__][INFO] - parameters: Parameter containing:
tensor([[-0.6446,  0.3949,  0.0480, -0.3055, -0.4153,  0.6107, -0.5445,  0.3111,
          0.5865, -0.9453]], requires_grad=True)
[2023-01-19 20:43:29,393][__main__][INFO] - scores: tensor([[23.9688, 25.1094, 24.4844, 22.5781, 24.0625]], device='cuda:0',
       dtype=torch.float16, grad_fn=<MmBackward>)
[2023-01-19 20:43:29,687][__main__][INFO] - parameters: Parameter containing:
tensor([[-0.6402,  0.4039,  0.0497, -0.3202, -0.4527,  0.6419, -0.5528,  0.3393,
          0.6142, -0.9590]], requires_grad=True)
[2023-01-19 20:43:29,693][__main__][INFO] - scores: tensor([[23.9688, 25.1094, 24.5000, 22.5938, 24.0625]], device='cuda:0',
       dtype=torch.float16, grad_fn=<MmBackward>)
[2023-01-19 20:43:29,978][__main__][INFO] - parameters: Parameter containing:
tensor([[-0.6352,  0.4100,  0.0503, -0.3313, -0.4923,  0.6873, -0.5631,  0.3591,
          0.6436, -0.9634]], requires_grad=True)
[2023-01-19 20:43:29,985][__main__][INFO] - scores: tensor([[23.9844, 25.1562, 24.5469, 22.6406, 24.0938]], device='cuda:0',
       dtype=torch.float16, grad_fn=<MmBackward>)
[2023-01-19 20:43:30,271][__main__][INFO] - parameters: Parameter containing:
tensor([[-0.6283,  0.4176,  0.0482, -0.3229, -0.5328,  0.7404, -0.5839,  0.3649,
          0.6632, -0.9803]], requires_grad=True)
[2023-01-19 20:43:30,278][__main__][INFO] - scores: tensor([[24.0312, 25.1562, 24.5625, 22.6250, 24.0781]], device='cuda:0',
       dtype=torch.float16, grad_fn=<MmBackward>)
[2023-01-19 20:43:30,572][__main__][INFO] - parameters: Parameter containing:
tensor([[-0.6294,  0.4288,  0.0527, -0.3040, -0.5635,  0.7935, -0.6044,  0.3663,
          0.6800, -1.0018]], requires_grad=True)
[2023-01-19 20:43:30,574][__main__][INFO] - scores: tensor([[24.0625, 25.1406, 24.5781, 22.5625, 24.0469]], device='cuda:0',
       dtype=torch.float16, grad_fn=<MmBackward>)
[2023-01-19 20:43:30,857][__main__][INFO] - parameters: Parameter containing:
tensor([[-0.6394,  0.4527,  0.0677, -0.2856, -0.6004,  0.8547, -0.6252,  0.3568,
          0.7005, -1.0328]], requires_grad=True)
[2023-01-19 20:43:30,860][__main__][INFO] - scores: tensor([[23.9844, 25.1875, 24.6094, 22.7812, 24.1719]], device='cuda:0',
       dtype=torch.float16, grad_fn=<MmBackward>)
[2023-01-19 20:43:31,163][__main__][INFO] - parameters: Parameter containing:
tensor([[-0.6386,  0.4713,  0.0613, -0.2813, -0.6460,  0.8988, -0.6572,  0.3510,
          0.7114, -1.0575]], requires_grad=True)
[2023-01-19 20:43:31,167][__main__][INFO] - scores: tensor([[23.9375, 25.1562, 24.5625, 22.7344, 24.1562]], device='cuda:0',
       dtype=torch.float16, grad_fn=<MmBackward>)
[2023-01-19 20:43:31,456][__main__][INFO] - parameters: Parameter containing:
tensor([[-0.6365,  0.4746,  0.0419, -0.2925, -0.6879,  0.9383, -0.6795,  0.3615,
          0.7286, -1.0692]], requires_grad=True)
[2023-01-19 20:43:31,460][__main__][INFO] - scores: tensor([[23.9375, 25.1562, 24.5625, 22.7031, 24.1562]], device='cuda:0',
       dtype=torch.float16, grad_fn=<MmBackward>)
[2023-01-19 20:43:31,756][__main__][INFO] - parameters: Parameter containing:
tensor([[-0.6331,  0.4765,  0.0142, -0.3103, -0.7244,  0.9694, -0.6964,  0.3645,
          0.7388, -1.0775]], requires_grad=True)
[2023-01-19 20:43:31,759][__main__][INFO] - scores: tensor([[23.9531, 25.1719, 24.5625, 22.6875, 24.1406]], device='cuda:0',
       dtype=torch.float16, grad_fn=<MmBackward>)
[2023-01-19 20:43:32,040][__main__][INFO] - parameters: Parameter containing:
tensor([[-0.6358,  0.4894, -0.0115, -0.3230, -0.7572,  0.9892, -0.7166,  0.3692,
          0.7489, -1.1007]], requires_grad=True)
[2023-01-19 20:43:32,042][__main__][INFO] - scores: tensor([[23.9375, 25.1875, 24.5781, 22.7344, 24.1719]], device='cuda:0',
       dtype=torch.float16, grad_fn=<MmBackward>)
[2023-01-19 20:43:32,342][__main__][INFO] - parameters: Parameter containing:
tensor([[-0.6495,  0.5147, -0.0239, -0.3398, -0.7906,  0.9923, -0.7294,  0.3947,
          0.7696, -1.1366]], requires_grad=True)
[2023-01-19 20:43:32,345][__main__][INFO] - scores: tensor([[23.9531, 25.1875, 24.5625, 22.7500, 24.2031]], device='cuda:0',
       dtype=torch.float16, grad_fn=<MmBackward>)
[2023-01-19 20:43:32,634][__main__][INFO] - parameters: Parameter containing:
tensor([[-0.6633,  0.5410, -0.0398, -0.3584, -0.8242,  0.9947, -0.7481,  0.4070,
          0.7761, -1.1743]], requires_grad=True)
[2023-01-19 20:43:32,640][__main__][INFO] - scores: tensor([[23.9531, 25.0938, 24.5469, 22.6875, 24.1562]], device='cuda:0',
       dtype=torch.float16, grad_fn=<MmBackward>)
[2023-01-19 20:43:32,928][__main__][INFO] - parameters: Parameter containing:
tensor([[-0.6697,  0.5498, -0.0653, -0.3776, -0.8511,  1.0061, -0.7672,  0.4141,
          0.7749, -1.2070]], requires_grad=True)
[2023-01-19 20:43:32,929][__main__][INFO] - scores: tensor([[23.9844, 25.1094, 24.5469, 22.6719, 24.1719]], device='cuda:0',
       dtype=torch.float16, grad_fn=<MmBackward>)
[2023-01-19 20:43:33,225][__main__][INFO] - parameters: Parameter containing:
tensor([[-0.6850,  0.5654, -0.0819, -0.3907, -0.8673,  1.0096, -0.7820,  0.4112,
          0.7696, -1.2463]], requires_grad=True)
[2023-01-19 20:43:33,227][__main__][INFO] - scores: tensor([[23.9844, 25.1094, 24.5625, 22.6250, 24.1094]], device='cuda:0',
       dtype=torch.float16, grad_fn=<MmBackward>)
[2023-01-19 20:43:33,530][__main__][INFO] - parameters: Parameter containing:
tensor([[-0.6975,  0.5842, -0.0982, -0.4192, -0.8850,  0.9989, -0.7957,  0.4057,
          0.7664, -1.2858]], requires_grad=True)
[2023-01-19 20:43:33,534][__main__][INFO] - scores: tensor([[23.9375, 25.1406, 24.5781, 22.6875, 24.1719]], device='cuda:0',
       dtype=torch.float16, grad_fn=<MmBackward>)
[2023-01-19 20:43:33,830][__main__][INFO] - parameters: Parameter containing:
tensor([[-0.6961,  0.5715, -0.1283, -0.4315, -0.8786,  0.9868, -0.7977,  0.4159,
          0.7415, -1.3076]], requires_grad=True)
[2023-01-19 20:43:33,834][__main__][INFO] - scores: tensor([[23.9062, 25.1094, 24.5000, 22.6875, 24.1875]], device='cuda:0',
       dtype=torch.float16, grad_fn=<MmBackward>)
[2023-01-19 20:43:34,103][__main__][INFO] - parameters: Parameter containing:
tensor([[-0.7072,  0.5819, -0.1374, -0.4347, -0.8780,  0.9620, -0.8020,  0.4230,
          0.7204, -1.3390]], requires_grad=True)
[2023-01-19 20:43:34,105][__main__][INFO] - scores: tensor([[23.9375, 25.1094, 24.5000, 22.6250, 24.1250]], device='cuda:0',
       dtype=torch.float16, grad_fn=<MmBackward>)
[2023-01-19 20:43:34,382][__main__][INFO] - parameters: Parameter containing:
tensor([[-0.7271,  0.6059, -0.1366, -0.4521, -0.8937,  0.9259, -0.8091,  0.4360,
          0.7232, -1.3615]], requires_grad=True)
[2023-01-19 20:43:34,385][__main__][INFO] - scores: tensor([[23.8906, 25.1875, 24.5469, 22.7656, 24.2500]], device='cuda:0',
       dtype=torch.float16, grad_fn=<MmBackward>)
[2023-01-19 20:43:34,692][__main__][INFO] - parameters: Parameter containing:
tensor([[-0.7516,  0.6436, -0.1296, -0.4670, -0.9323,  0.9195, -0.8359,  0.4330,
          0.7465, -1.3911]], requires_grad=True)
[2023-01-19 20:43:34,694][__main__][INFO] - scores: tensor([[23.8281, 25.2344, 24.6406, 22.9531, 24.3438]], device='cuda:0',
       dtype=torch.float16, grad_fn=<MmBackward>)
[2023-01-19 20:43:34,985][__main__][INFO] - parameters: Parameter containing:
tensor([[-0.7785,  0.6771, -0.1206, -0.4808, -0.9680,  0.9174, -0.8578,  0.4431,
          0.7685, -1.4311]], requires_grad=True)
[2023-01-19 20:43:34,991][__main__][INFO] - scores: tensor([[23.8594, 25.2344, 24.5781, 22.9688, 24.3750]], device='cuda:0',
       dtype=torch.float16, grad_fn=<MmBackward>)
[2023-01-19 20:43:35,272][__main__][INFO] - parameters: Parameter containing:
tensor([[-0.8048,  0.7025, -0.1084, -0.4899, -0.9849,  0.9054, -0.8642,  0.4390,
          0.7802, -1.4669]], requires_grad=True)
[2023-01-19 20:43:35,278][__main__][INFO] - scores: tensor([[23.7500, 25.1875, 24.4844, 22.9688, 24.3594]], device='cuda:0',
       dtype=torch.float16, grad_fn=<MmBackward>)
[2023-01-19 20:43:35,567][__main__][INFO] - parameters: Parameter containing:
tensor([[-0.8312,  0.7250, -0.0922, -0.4826, -0.9909,  0.8985, -0.8716,  0.4355,
          0.7950, -1.4993]], requires_grad=True)
[2023-01-19 20:43:35,569][__main__][INFO] - scores: tensor([[23.7500, 25.2344, 24.5000, 23.0312, 24.4531]], device='cuda:0',
       dtype=torch.float16, grad_fn=<MmBackward>)
[2023-01-19 20:43:35,860][__main__][INFO] - parameters: Parameter containing:
tensor([[-0.8489,  0.7357, -0.0926, -0.4796, -0.9957,  0.8886, -0.8881,  0.4378,
          0.7984, -1.5144]], requires_grad=True)
[2023-01-19 20:43:35,864][__main__][INFO] - scores: tensor([[23.7969, 25.2031, 24.5156, 23.0625, 24.4531]], device='cuda:0',
       dtype=torch.float16, grad_fn=<MmBackward>)
[2023-01-19 20:43:36,155][__main__][INFO] - parameters: Parameter containing:
tensor([[-0.8627,  0.7340, -0.0983, -0.4759, -1.0008,  0.8883, -0.8981,  0.4355,
          0.8019, -1.5132]], requires_grad=True)
[2023-01-19 20:43:36,161][__main__][INFO] - scores: tensor([[23.7969, 25.1719, 24.4531, 22.9531, 24.4219]], device='cuda:0',
       dtype=torch.float16, grad_fn=<MmBackward>)
[2023-01-19 20:43:36,441][__main__][INFO] - parameters: Parameter containing:
tensor([[-0.8580,  0.7162, -0.1148, -0.4803, -1.0122,  0.9015, -0.9012,  0.4327,
          0.8064, -1.4973]], requires_grad=True)
[2023-01-19 20:43:36,447][__main__][INFO] - scores: tensor([[23.7969, 25.1094, 24.3906, 22.8906, 24.3750]], device='cuda:0',
       dtype=torch.float16, grad_fn=<MmBackward>)
[2023-01-19 20:43:36,740][__main__][INFO] - parameters: Parameter containing:
tensor([[-0.8505,  0.6899, -0.1384, -0.4909, -1.0242,  0.9204, -0.9023,  0.4312,
          0.8110, -1.4737]], requires_grad=True)
[2023-01-19 20:43:36,746][__main__][INFO] - scores: tensor([[23.7812, 25.1406, 24.4062, 22.9531, 24.4219]], device='cuda:0',
       dtype=torch.float16, grad_fn=<MmBackward>)
[2023-01-19 20:43:37,040][__main__][INFO] - parameters: Parameter containing:
tensor([[-0.8426,  0.6626, -0.1661, -0.4887, -1.0324,  0.9468, -0.9109,  0.4153,
          0.8061, -1.4582]], requires_grad=True)
[2023-01-19 20:43:37,046][__main__][INFO] - scores: tensor([[23.7812, 25.1719, 24.4688, 22.9688, 24.4375]], device='cuda:0',
       dtype=torch.float16, grad_fn=<MmBackward>)
[2023-01-19 20:43:37,333][__main__][INFO] - parameters: Parameter containing:
tensor([[-0.8428,  0.6424, -0.1867, -0.4938, -1.0476,  0.9842, -0.9242,  0.3982,
          0.8150, -1.4434]], requires_grad=True)
[2023-01-19 20:43:37,338][__main__][INFO] - scores: tensor([[23.7500, 25.2031, 24.4844, 22.9688, 24.4219]], device='cuda:0',
       dtype=torch.float16, grad_fn=<MmBackward>)
[2023-01-19 20:43:37,636][__main__][INFO] - parameters: Parameter containing:
tensor([[-0.8464,  0.6071, -0.2091, -0.5040, -1.0492,  1.0320, -0.9267,  0.3841,
          0.8280, -1.4234]], requires_grad=True)
[2023-01-19 20:43:37,642][__main__][INFO] - scores: tensor([[23.7656, 25.2344, 24.5312, 22.9844, 24.4062]], device='cuda:0',
       dtype=torch.float16, grad_fn=<MmBackward>)
[2023-01-19 20:43:37,937][__main__][INFO] - parameters: Parameter containing:
tensor([[-0.8386,  0.5690, -0.2330, -0.4955, -1.0389,  1.0799, -0.9254,  0.3685,
          0.8337, -1.4138]], requires_grad=True)
[2023-01-19 20:43:37,940][__main__][INFO] - scores: tensor([[23.7812, 25.2188, 24.5625, 22.9062, 24.4062]], device='cuda:0',
       dtype=torch.float16, grad_fn=<MmBackward>)
[2023-01-19 20:43:38,232][__main__][INFO] - parameters: Parameter containing:
tensor([[-0.8175,  0.5224, -0.2633, -0.4749, -1.0111,  1.1312, -0.9125,  0.3479,
          0.8091, -1.4170]], requires_grad=True)
[2023-01-19 20:43:38,235][__main__][INFO] - scores: tensor([[23.7656, 25.2344, 24.5469, 22.8750, 24.3906]], device='cuda:0',
       dtype=torch.float16, grad_fn=<MmBackward>)
[2023-01-19 20:43:38,509][__main__][INFO] - parameters: Parameter containing:
tensor([[-0.8059,  0.4861, -0.2809, -0.4563, -0.9836,  1.1774, -0.8939,  0.3336,
          0.7906, -1.4352]], requires_grad=True)
[2023-01-19 20:43:38,511][__main__][INFO] - scores: tensor([[23.9844, 25.2656, 24.5469, 22.6875, 24.2344]], device='cuda:0',
       dtype=torch.float16, grad_fn=<MmBackward>)
[2023-01-19 20:43:38,824][__main__][INFO] - parameters: Parameter containing:
tensor([[-0.7946,  0.4505, -0.2915, -0.4399, -0.9587,  1.2173, -0.8689,  0.3312,
          0.7798, -1.4481]], requires_grad=True)
[2023-01-19 20:43:38,826][__main__][INFO] - scores: tensor([[23.9375, 25.2031, 24.4531, 22.6406, 24.1875]], device='cuda:0',
       dtype=torch.float16, grad_fn=<MmBackward>)
[2023-01-19 20:43:39,124][__main__][INFO] - parameters: Parameter containing:
tensor([[-0.7810,  0.4270, -0.3022, -0.4387, -0.9540,  1.2547, -0.8524,  0.3228,
          0.7770, -1.4588]], requires_grad=True)
[2023-01-19 20:43:39,126][__main__][INFO] - scores: tensor([[23.8750, 25.2188, 24.4531, 22.6875, 24.2031]], device='cuda:0',
       dtype=torch.float16, grad_fn=<MmBackward>)
[2023-01-19 20:43:39,419][__main__][INFO] - parameters: Parameter containing:
tensor([[-0.7479,  0.4030, -0.3171, -0.4228, -0.9618,  1.3029, -0.8437,  0.3082,
          0.7740, -1.4663]], requires_grad=True)
[2023-01-19 20:43:39,423][__main__][INFO] - scores: tensor([[23.9219, 25.1562, 24.4375, 22.5781, 24.1406]], device='cuda:0',
       dtype=torch.float16, grad_fn=<MmBackward>)
[2023-01-19 20:43:39,696][__main__][INFO] - parameters: Parameter containing:
tensor([[-0.7138,  0.3755, -0.3409, -0.4101, -0.9611,  1.3266, -0.8390,  0.3039,
          0.7581, -1.4690]], requires_grad=True)
[2023-01-19 20:43:39,703][__main__][INFO] - scores: tensor([[23.9844, 25.2344, 24.5000, 22.7031, 24.2500]], device='cuda:0',
       dtype=torch.float16, grad_fn=<MmBackward>)
[2023-01-19 20:43:39,996][__main__][INFO] - parameters: Parameter containing:
tensor([[-0.6731,  0.3539, -0.3584, -0.3908, -0.9634,  1.3589, -0.8374,  0.2976,
          0.7510, -1.4729]], requires_grad=True)
[2023-01-19 20:43:40,003][__main__][INFO] - scores: tensor([[23.9844, 25.2969, 24.5000, 22.7500, 24.2656]], device='cuda:0',
       dtype=torch.float16, grad_fn=<MmBackward>)
[2023-01-19 20:43:40,303][__main__][INFO] - parameters: Parameter containing:
tensor([[-0.6507,  0.3512, -0.3537, -0.3695, -0.9580,  1.3767, -0.8252,  0.2786,
          0.7430, -1.4939]], requires_grad=True)
[2023-01-19 20:43:40,309][__main__][INFO] - scores: tensor([[24.0469, 25.3281, 24.5625, 22.7188, 24.2344]], device='cuda:0',
       dtype=torch.float16, grad_fn=<MmBackward>)
[2023-01-19 20:43:40,603][__main__][INFO] - parameters: Parameter containing:
tensor([[-0.6039,  0.3356, -0.3738, -0.3371, -0.9636,  1.4195, -0.8344,  0.2372,
          0.7271, -1.5123]], requires_grad=True)
[2023-01-19 20:43:40,605][__main__][INFO] - scores: tensor([[24.1875, 25.3750, 24.5625, 22.6250, 24.1875]], device='cuda:0',
       dtype=torch.float16, grad_fn=<MmBackward>)
[2023-01-19 20:43:40,909][__main__][INFO] - parameters: Parameter containing:
tensor([[-0.5495,  0.3018, -0.4188, -0.3141, -0.9664,  1.4625, -0.8457,  0.1965,
          0.6954, -1.5128]], requires_grad=True)
[2023-01-19 20:43:40,913][__main__][INFO] - scores: tensor([[24.0938, 25.2812, 24.5625, 22.6250, 24.1250]], device='cuda:0',
       dtype=torch.float16, grad_fn=<MmBackward>)
[2023-01-19 20:43:41,243][__main__][INFO] - parameters: Parameter containing:
tensor([[-0.5093,  0.2763, -0.4500, -0.3032, -0.9698,  1.4974, -0.8477,  0.1600,
          0.6706, -1.5119]], requires_grad=True)
[2023-01-19 20:43:41,249][__main__][INFO] - scores: tensor([[23.9531, 25.2500, 24.5625, 22.7656, 24.2188]], device='cuda:0',
       dtype=torch.float16, grad_fn=<MmBackward>)
[2023-01-19 20:43:41,569][__main__][INFO] - parameters: Parameter containing:
tensor([[-0.4737,  0.2543, -0.4821, -0.2940, -0.9627,  1.5128, -0.8445,  0.1168,
          0.6337, -1.5046]], requires_grad=True)
[2023-01-19 20:43:41,571][__main__][INFO] - scores: tensor([[23.9375, 25.2656, 24.5469, 22.7812, 24.2344]], device='cuda:0',
       dtype=torch.float16, grad_fn=<MmBackward>)
[2023-01-19 20:43:41,884][__main__][INFO] - parameters: Parameter containing:
tensor([[-0.4452,  0.2298, -0.5147, -0.2832, -0.9522,  1.5300, -0.8450,  0.0901,
          0.6024, -1.4920]], requires_grad=True)
[2023-01-19 20:43:41,891][__main__][INFO] - scores: tensor([[23.9062, 25.2812, 24.5938, 22.8594, 24.3438]], device='cuda:0',
       dtype=torch.float16, grad_fn=<MmBackward>)
[2023-01-19 20:43:42,211][__main__][INFO] - parameters: Parameter containing:
tensor([[-0.4201,  0.2080, -0.5471, -0.2795, -0.9458,  1.5515, -0.8465,  0.0540,
          0.5768, -1.4876]], requires_grad=True)
[2023-01-19 20:43:42,217][__main__][INFO] - scores: tensor([[23.9062, 25.2344, 24.5625, 22.8594, 24.2969]], device='cuda:0',
       dtype=torch.float16, grad_fn=<MmBackward>)
[2023-01-19 20:43:42,515][__main__][INFO] - parameters: Parameter containing:
tensor([[-0.3874,  0.1795, -0.5865, -0.2684, -0.9359,  1.5726, -0.8537,  0.0193,
          0.5370, -1.4822]], requires_grad=True)
[2023-01-19 20:43:42,518][__main__][INFO] - scores: tensor([[23.9219, 25.2656, 24.5938, 22.9531, 24.3438]], device='cuda:0',
       dtype=torch.float16, grad_fn=<MmBackward>)
[2023-01-19 20:43:42,823][__main__][INFO] - parameters: Parameter containing:
tensor([[-0.3416,  0.1473, -0.6315, -0.2577, -0.9299,  1.5971, -0.8670, -0.0239,
          0.4935, -1.4672]], requires_grad=True)
[2023-01-19 20:43:42,825][__main__][INFO] - scores: tensor([[23.5781, 25.1406, 24.5469, 23.2188, 24.4375]], device='cuda:0',
       dtype=torch.float16, grad_fn=<MmBackward>)
[2023-01-19 20:43:43,123][__main__][INFO] - parameters: Parameter containing:
tensor([[-0.2765,  0.1239, -0.6903, -0.2714, -0.9406,  1.6247, -0.8902, -0.0889,
          0.4569, -1.4842]], requires_grad=True)
[2023-01-19 20:43:43,129][__main__][INFO] - scores: tensor([[23.4688, 25.0781, 24.5781, 23.2344, 24.4062]], device='cuda:0',
       dtype=torch.float16, grad_fn=<MmBackward>)
[2023-01-19 20:43:43,451][__main__][INFO] - parameters: Parameter containing:
tensor([[-0.1935,  0.0852, -0.7686, -0.2917, -0.9681,  1.6652, -0.9330, -0.1521,
          0.4143, -1.5069]], requires_grad=True)
[2023-01-19 20:43:43,455][__main__][INFO] - scores: tensor([[23.5312, 25.0625, 24.5938, 23.1875, 24.3594]], device='cuda:0',
       dtype=torch.float16, grad_fn=<MmBackward>)
[2023-01-19 20:43:43,764][__main__][INFO] - parameters: Parameter containing:
tensor([[-0.1053,  0.0461, -0.8538, -0.3225, -1.0109,  1.7200, -0.9858, -0.2153,
          0.3843, -1.5407]], requires_grad=True)
[2023-01-19 20:43:43,767][__main__][INFO] - scores: tensor([[23.7344, 25.0000, 24.6094, 22.9688, 24.2500]], device='cuda:0',
       dtype=torch.float16, grad_fn=<MmBackward>)
[2023-01-19 20:43:44,074][__main__][INFO] - parameters: Parameter containing:
tensor([[-0.0573,  0.0370, -0.8964, -0.3776, -1.0554,  1.7405, -1.0071, -0.2550,
          0.3859, -1.5583]], requires_grad=True)
[2023-01-19 20:43:44,077][__main__][INFO] - scores: tensor([[23.7656, 25.0156, 24.6094, 22.9531, 24.1875]], device='cuda:0',
       dtype=torch.float16, grad_fn=<MmBackward>)
[2023-01-19 20:43:44,420][__main__][INFO] - parameters: Parameter containing:
tensor([[-0.0096,  0.0295, -0.9366, -0.4430, -1.1054,  1.7658, -1.0208, -0.2963,
          0.4012, -1.5933]], requires_grad=True)
[2023-01-19 20:43:44,421][__main__][INFO] - scores: tensor([[23.6875, 25.0000, 24.6094, 22.9844, 24.2031]], device='cuda:0',
       dtype=torch.float16, grad_fn=<MmBackward>)
[2023-01-19 20:43:44,737][__main__][INFO] - parameters: Parameter containing:
tensor([[ 0.0393,  0.0280, -0.9800, -0.5161, -1.1723,  1.7904, -1.0476, -0.3349,
          0.4194, -1.6222]], requires_grad=True)
[2023-01-19 20:43:44,743][__main__][INFO] - scores: tensor([[23.5938, 25.0469, 24.5156, 23.0312, 24.2812]], device='cuda:0',
       dtype=torch.float16, grad_fn=<MmBackward>)
[2023-01-19 20:43:45,067][__main__][INFO] - parameters: Parameter containing:
tensor([[ 0.0716,  0.0327, -1.0127, -0.6016, -1.2322,  1.8055, -1.0637, -0.3561,
          0.4452, -1.6687]], requires_grad=True)
[2023-01-19 20:43:45,069][__main__][INFO] - scores: tensor([[23.7969, 25.1406, 24.4375, 22.8594, 24.2188]], device='cuda:0',
       dtype=torch.float16, grad_fn=<MmBackward>)
[2023-01-19 20:43:45,383][__main__][INFO] - parameters: Parameter containing:
tensor([[ 0.0940,  0.0534, -1.0316, -0.6904, -1.2941,  1.8007, -1.0777, -0.3670,
          0.4742, -1.7261]], requires_grad=True)
[2023-01-19 20:43:45,388][__main__][INFO] - scores: tensor([[23.6562, 25.0938, 24.4062, 22.9062, 24.2344]], device='cuda:0',
       dtype=torch.float16, grad_fn=<MmBackward>)
[2023-01-19 20:43:45,691][__main__][INFO] - parameters: Parameter containing:
tensor([[ 0.0968,  0.0827, -1.0326, -0.7829, -1.3601,  1.7888, -1.0764, -0.3565,
          0.5263, -1.7796]], requires_grad=True)
[2023-01-19 20:43:45,697][__main__][INFO] - scores: tensor([[23.7031, 25.1406, 24.3750, 22.8438, 24.2188]], device='cuda:0',
       dtype=torch.float16, grad_fn=<MmBackward>)
[2023-01-19 20:43:46,018][__main__][INFO] - parameters: Parameter containing:
tensor([[ 0.0765,  0.1280, -1.0148, -0.8845, -1.4290,  1.7767, -1.0690, -0.3353,
          0.5913, -1.8277]], requires_grad=True)
[2023-01-19 20:43:46,020][__main__][INFO] - scores: tensor([[23.6562, 25.1719, 24.4062, 22.8438, 24.2969]], device='cuda:0',
       dtype=torch.float16, grad_fn=<MmBackward>)
[2023-01-19 20:43:46,329][__main__][INFO] - parameters: Parameter containing:
tensor([[ 0.0505,  0.1752, -0.9987, -0.9804, -1.4835,  1.7568, -1.0631, -0.3201,
          0.6338, -1.8876]], requires_grad=True)
[2023-01-19 20:43:46,335][__main__][INFO] - scores: tensor([[23.8750, 25.2656, 24.4062, 22.6250, 24.1719]], device='cuda:0',
       dtype=torch.float16, grad_fn=<MmBackward>)
[2023-01-19 20:43:46,609][__main__][INFO] - parameters: Parameter containing:
tensor([[ 0.0184,  0.2142, -0.9798, -1.0812, -1.5237,  1.7368, -1.0385, -0.3200,
          0.6807, -1.9360]], requires_grad=True)
[2023-01-19 20:43:46,611][__main__][INFO] - scores: tensor([[23.6719, 25.2188, 24.4688, 22.8125, 24.2344]], device='cuda:0',
       dtype=torch.float16, grad_fn=<MmBackward>)
[2023-01-19 20:43:46,920][__main__][INFO] - parameters: Parameter containing:
tensor([[-0.0056,  0.2372, -0.9669, -1.1810, -1.5452,  1.7124, -1.0023, -0.3372,
          0.7052, -1.9721]], requires_grad=True)
[2023-01-19 20:43:46,922][__main__][INFO] - scores: tensor([[23.4375, 25.1406, 24.4219, 22.8438, 24.2656]], device='cuda:0',
       dtype=torch.float16, grad_fn=<MmBackward>)
[2023-01-19 20:43:47,233][__main__][INFO] - parameters: Parameter containing:
tensor([[-0.0107,  0.2469, -0.9750, -1.2679, -1.5770,  1.7027, -0.9900, -0.3540,
          0.7213, -1.9941]], requires_grad=True)
[2023-01-19 20:43:47,236][__main__][INFO] - scores: tensor([[23.6250, 25.2969, 24.4219, 22.7031, 24.2344]], device='cuda:0',
       dtype=torch.float16, grad_fn=<MmBackward>)
[2023-01-19 20:43:47,551][__main__][INFO] - parameters: Parameter containing:
tensor([[-0.0032,  0.2345, -0.9937, -1.3534, -1.5967,  1.6915, -0.9614, -0.3812,
          0.7182, -1.9916]], requires_grad=True)
[2023-01-19 20:43:47,552][__main__][INFO] - scores: tensor([[23.3906, 25.2500, 24.3906, 22.8125, 24.2031]], device='cuda:0',
       dtype=torch.float16, grad_fn=<MmBackward>)
[2023-01-19 20:43:47,843][__main__][INFO] - parameters: Parameter containing:
tensor([[ 0.0061,  0.2202, -1.0111, -1.4306, -1.6100,  1.6852, -0.9311, -0.4135,
          0.7154, -1.9927]], requires_grad=True)
[2023-01-19 20:43:47,849][__main__][INFO] - scores: tensor([[23.4062, 25.2188, 24.4531, 22.9688, 24.2812]], device='cuda:0',
       dtype=torch.float16, grad_fn=<MmBackward>)
[2023-01-19 20:43:48,151][__main__][INFO] - parameters: Parameter containing:
tensor([[-0.0123,  0.1907, -1.0094, -1.4845, -1.5836,  1.6712, -0.8742, -0.4121,
          0.7013, -1.9669]], requires_grad=True)
[2023-01-19 20:43:48,153][__main__][INFO] - scores: tensor([[23.4375, 25.2188, 24.4844, 22.9375, 24.2656]], device='cuda:0',
       dtype=torch.float16, grad_fn=<MmBackward>)
[2023-01-19 20:43:48,445][__main__][INFO] - parameters: Parameter containing:
tensor([[-0.0251,  0.1753, -1.0109, -1.5317, -1.5706,  1.6565, -0.8362, -0.4109,
          0.6981, -1.9469]], requires_grad=True)
[2023-01-19 20:43:48,449][__main__][INFO] - scores: tensor([[23.4062, 25.1719, 24.5000, 22.9219, 24.2500]], device='cuda:0',
       dtype=torch.float16, grad_fn=<MmBackward>)
[2023-01-19 20:43:48,769][__main__][INFO] - parameters: Parameter containing:
tensor([[-0.0208,  0.1474, -1.0356, -1.5796, -1.5755,  1.6676, -0.8238, -0.4315,
          0.6964, -1.9202]], requires_grad=True)
[2023-01-19 20:43:48,771][__main__][INFO] - scores: tensor([[23.3906, 25.1875, 24.5312, 22.9375, 24.2500]], device='cuda:0',
       dtype=torch.float16, grad_fn=<MmBackward>)
[2023-01-19 20:43:49,102][__main__][INFO] - parameters: Parameter containing:
tensor([[-0.0101,  0.1258, -1.0613, -1.6324, -1.5929,  1.6738, -0.8241, -0.4490,
          0.6987, -1.9068]], requires_grad=True)
[2023-01-19 20:43:49,107][__main__][INFO] - scores: tensor([[23.3125, 25.1562, 24.4688, 22.9688, 24.2344]], device='cuda:0',
       dtype=torch.float16, grad_fn=<MmBackward>)
[2023-01-19 20:43:49,425][__main__][INFO] - parameters: Parameter containing:
tensor([[-0.0102,  0.1230, -1.0653, -1.6767, -1.6099,  1.6840, -0.8160, -0.4757,
          0.7104, -1.9096]], requires_grad=True)
[2023-01-19 20:43:49,431][__main__][INFO] - scores: tensor([[23.2969, 25.1719, 24.4531, 23.0156, 24.2812]], device='cuda:0',
       dtype=torch.float16, grad_fn=<MmBackward>)
[2023-01-19 20:43:49,738][__main__][INFO] - parameters: Parameter containing:
tensor([[-0.0130,  0.1185, -1.0628, -1.7255, -1.6251,  1.7031, -0.7991, -0.4943,
          0.7313, -1.9211]], requires_grad=True)
[2023-01-19 20:43:49,742][__main__][INFO] - scores: tensor([[23.3906, 25.2344, 24.5625, 23.0938, 24.3594]], device='cuda:0',
       dtype=torch.float16, grad_fn=<MmBackward>)
[2023-01-19 20:43:50,038][__main__][INFO] - parameters: Parameter containing:
tensor([[-0.0267,  0.1206, -1.0440, -1.7697, -1.6286,  1.7256, -0.7675, -0.5148,
          0.7648, -1.9407]], requires_grad=True)
[2023-01-19 20:43:50,044][__main__][INFO] - scores: tensor([[23.3281, 25.1875, 24.5469, 23.1094, 24.3438]], device='cuda:0',
       dtype=torch.float16, grad_fn=<MmBackward>)
[2023-01-19 20:43:50,344][__main__][INFO] - parameters: Parameter containing:
tensor([[-0.0321,  0.1108, -1.0306, -1.7988, -1.6236,  1.7595, -0.7421, -0.5277,
          0.7962, -1.9571]], requires_grad=True)
[2023-01-19 20:43:50,349][__main__][INFO] - scores: tensor([[23.2969, 25.2031, 24.6094, 23.1719, 24.3438]], device='cuda:0',
       dtype=torch.float16, grad_fn=<MmBackward>)
[2023-01-19 20:43:50,666][__main__][INFO] - parameters: Parameter containing:
tensor([[-0.0481,  0.1034, -1.0022, -1.8185, -1.6020,  1.7802, -0.7002, -0.5268,
          0.8386, -1.9722]], requires_grad=True)
[2023-01-19 20:43:50,669][__main__][INFO] - scores: tensor([[23.2812, 25.1562, 24.5625, 23.0938, 24.3125]], device='cuda:0',
       dtype=torch.float16, grad_fn=<MmBackward>)
[2023-01-19 20:43:50,974][__main__][INFO] - parameters: Parameter containing:
tensor([[-0.0618,  0.1132, -0.9730, -1.8380, -1.5976,  1.7878, -0.6738, -0.5153,
          0.8849, -1.9925]], requires_grad=True)
[2023-01-19 20:43:50,980][__main__][INFO] - scores: tensor([[23.2969, 25.1406, 24.5469, 23.0625, 24.2656]], device='cuda:0',
       dtype=torch.float16, grad_fn=<MmBackward>)
[2023-01-19 20:43:51,261][__main__][INFO] - parameters: Parameter containing:
tensor([[-0.0461,  0.1126, -0.9767, -1.8363, -1.6149,  1.8170, -0.6884, -0.5312,
          0.9080, -2.0049]], requires_grad=True)
[2023-01-19 20:43:51,263][__main__][INFO] - scores: tensor([[23.2969, 25.1250, 24.5938, 23.0938, 24.2344]], device='cuda:0',
       dtype=torch.float16, grad_fn=<MmBackward>)
[2023-01-19 20:43:51,586][__main__][INFO] - parameters: Parameter containing:
tensor([[-0.0261,  0.1085, -0.9784, -1.8295, -1.6295,  1.8470, -0.6988, -0.5359,
          0.9272, -2.0081]], requires_grad=True)
[2023-01-19 20:43:51,592][__main__][INFO] - scores: tensor([[23.2656, 25.1250, 24.5469, 23.0938, 24.2812]], device='cuda:0',
       dtype=torch.float16, grad_fn=<MmBackward>)
[2023-01-19 20:43:51,904][__main__][INFO] - parameters: Parameter containing:
tensor([[-0.0157,  0.1117, -0.9681, -1.8217, -1.6522,  1.8822, -0.7071, -0.5132,
          0.9706, -2.0183]], requires_grad=True)
[2023-01-19 20:43:51,907][__main__][INFO] - scores: tensor([[23.3281, 25.1875, 24.6250, 23.2031, 24.3594]], device='cuda:0',
       dtype=torch.float16, grad_fn=<MmBackward>)
[2023-01-19 20:43:52,208][__main__][INFO] - parameters: Parameter containing:
tensor([[-0.0119,  0.1266, -0.9590, -1.8399, -1.6867,  1.8883, -0.7182, -0.4719,
          1.0221, -2.0273]], requires_grad=True)
[2023-01-19 20:43:52,210][__main__][INFO] - scores: tensor([[23.2656, 25.2031, 24.5938, 23.2031, 24.3594]], device='cuda:0',
       dtype=torch.float16, grad_fn=<MmBackward>)
[2023-01-19 20:43:52,540][__main__][INFO] - parameters: Parameter containing:
tensor([[ 0.0077,  0.1269, -0.9711, -1.8534, -1.7212,  1.8990, -0.7390, -0.4408,
          1.0495, -2.0274]], requires_grad=True)
[2023-01-19 20:43:52,546][__main__][INFO] - scores: tensor([[23.1875, 25.1406, 24.5000, 23.1406, 24.2656]], device='cuda:0',
       dtype=torch.float16, grad_fn=<MmBackward>)
[2023-01-19 20:43:52,851][__main__][INFO] - parameters: Parameter containing:
tensor([[ 0.0386,  0.1126, -0.9985, -1.8790, -1.7655,  1.9207, -0.7651, -0.4101,
          1.0770, -2.0246]], requires_grad=True)
[2023-01-19 20:43:52,857][__main__][INFO] - scores: tensor([[23.2031, 25.1875, 24.5469, 23.1719, 24.2500]], device='cuda:0',
       dtype=torch.float16, grad_fn=<MmBackward>)
[2023-01-19 20:43:53,168][__main__][INFO] - parameters: Parameter containing:
tensor([[ 0.0556,  0.1126, -1.0143, -1.8880, -1.7995,  1.9317, -0.7944, -0.3805,
          1.0997, -2.0253]], requires_grad=True)
[2023-01-19 20:43:53,169][__main__][INFO] - scores: tensor([[23.2188, 25.2031, 24.5781, 23.2344, 24.3125]], device='cuda:0',
       dtype=torch.float16, grad_fn=<MmBackward>)
[2023-01-19 20:43:53,463][__main__][INFO] - parameters: Parameter containing:
tensor([[ 0.0744,  0.1139, -1.0255, -1.9127, -1.8420,  1.9397, -0.8125, -0.3607,
          1.1221, -2.0089]], requires_grad=True)
[2023-01-19 20:43:53,469][__main__][INFO] - scores: tensor([[23.1562, 25.1406, 24.5469, 23.2500, 24.2656]], device='cuda:0',
       dtype=torch.float16, grad_fn=<MmBackward>)
[2023-01-19 20:43:53,761][__main__][INFO] - parameters: Parameter containing:
tensor([[ 0.1266,  0.1169, -1.0548, -1.9782, -1.9049,  1.9470, -0.8280, -0.3626,
          1.1494, -2.0452]], requires_grad=True)
[2023-01-19 20:43:53,767][__main__][INFO] - scores: tensor([[23.1250, 25.1094, 24.5312, 23.2969, 24.2812]], device='cuda:0',
       dtype=torch.float16, grad_fn=<MmBackward>)
[2023-01-19 20:43:54,056][__main__][INFO] - parameters: Parameter containing:
tensor([[ 0.1877,  0.1336, -1.0852, -2.0189, -1.9783,  1.9697, -0.8588, -0.3963,
          1.1579, -2.0769]], requires_grad=True)
[2023-01-19 20:43:54,058][__main__][INFO] - scores: tensor([[23.1562, 25.1250, 24.5781, 23.2812, 24.3125]], device='cuda:0',
       dtype=torch.float16, grad_fn=<MmBackward>)
[2023-01-19 20:43:54,357][__main__][INFO] - parameters: Parameter containing:
tensor([[ 0.2339,  0.1547, -1.1099, -2.0599, -2.0500,  1.9988, -0.8886, -0.4396,
          1.1686, -2.1103]], requires_grad=True)
[2023-01-19 20:43:54,360][__main__][INFO] - scores: tensor([[23.1250, 25.1094, 24.5156, 23.2031, 24.2656]], device='cuda:0',
       dtype=torch.float16, grad_fn=<MmBackward>)
[2023-01-19 20:43:54,674][__main__][INFO] - parameters: Parameter containing:
tensor([[ 0.2715,  0.1808, -1.1266, -2.0867, -2.1103,  2.0273, -0.9196, -0.4825,
          1.1834, -2.1364]], requires_grad=True)
[2023-01-19 20:43:54,680][__main__][INFO] - scores: tensor([[23.1875, 25.1250, 24.5312, 23.1875, 24.2812]], device='cuda:0',
       dtype=torch.float16, grad_fn=<MmBackward>)
[2023-01-19 20:43:54,981][__main__][INFO] - parameters: Parameter containing:
tensor([[ 0.2902,  0.2131, -1.1270, -2.1111, -2.1531,  2.0356, -0.9362, -0.5097,
          1.1999, -2.1679]], requires_grad=True)
[2023-01-19 20:43:54,985][__main__][INFO] - scores: tensor([[23.2656, 25.1875, 24.5000, 23.2188, 24.3281]], device='cuda:0',
       dtype=torch.float16, grad_fn=<MmBackward>)
[2023-01-19 20:43:55,293][__main__][INFO] - parameters: Parameter containing:
tensor([[ 0.2910,  0.2513, -1.1149, -2.1224, -2.1686,  2.0225, -0.9374, -0.5322,
          1.2041, -2.2120]], requires_grad=True)
[2023-01-19 20:43:55,299][__main__][INFO] - scores: tensor([[23.2969, 25.2188, 24.5000, 23.2031, 24.3438]], device='cuda:0',
       dtype=torch.float16, grad_fn=<MmBackward>)
[2023-01-19 20:43:55,567][__main__][INFO] - parameters: Parameter containing:
tensor([[ 0.2882,  0.2856, -1.1027, -2.1399, -2.1887,  2.0032, -0.9408, -0.5310,
          1.2064, -2.2471]], requires_grad=True)
[2023-01-19 20:43:55,573][__main__][INFO] - scores: tensor([[23.2969, 25.1875, 24.5000, 23.1406, 24.2656]], device='cuda:0',
       dtype=torch.float16, grad_fn=<MmBackward>)
[2023-01-19 20:43:55,877][__main__][INFO] - parameters: Parameter containing:
tensor([[ 0.2828,  0.3195, -1.0888, -2.1638, -2.2066,  1.9673, -0.9384, -0.5199,
          1.1992, -2.2652]], requires_grad=True)
[2023-01-19 20:43:55,879][__main__][INFO] - scores: tensor([[23.1406, 25.0781, 24.3594, 23.1094, 24.1875]], device='cuda:0',
       dtype=torch.float16, grad_fn=<MmBackward>)
[2023-01-19 20:43:56,191][__main__][INFO] - parameters: Parameter containing:
tensor([[ 0.2687,  0.3396, -1.0757, -2.1956, -2.2033,  1.9117, -0.9159, -0.5129,
          1.1656, -2.2619]], requires_grad=True)
[2023-01-19 20:43:56,193][__main__][INFO] - scores: tensor([[23.1406, 25.0781, 24.3438, 23.0938, 24.1875]], device='cuda:0',
       dtype=torch.float16, grad_fn=<MmBackward>)
[2023-01-19 20:43:56,487][__main__][INFO] - parameters: Parameter containing:
tensor([[ 0.2639,  0.3464, -1.0686, -2.2164, -2.1972,  1.8606, -0.8932, -0.4966,
          1.1358, -2.2509]], requires_grad=True)
[2023-01-19 20:43:56,490][__main__][INFO] - scores: tensor([[23.0469, 25.0469, 24.3438, 23.1406, 24.1719]], device='cuda:0',
       dtype=torch.float16, grad_fn=<MmBackward>)
[2023-01-19 20:43:56,804][__main__][INFO] - parameters: Parameter containing:
tensor([[ 0.2550,  0.3408, -1.0567, -2.2360, -2.1687,  1.8046, -0.8543, -0.4670,
          1.1119, -2.2352]], requires_grad=True)
[2023-01-19 20:43:56,806][__main__][INFO] - scores: tensor([[23.0781, 25.1094, 24.3750, 23.0938, 24.1875]], device='cuda:0',
       dtype=torch.float16, grad_fn=<MmBackward>)
[2023-01-19 20:43:57,111][__main__][INFO] - parameters: Parameter containing:
tensor([[ 0.2394,  0.3520, -1.0417, -2.2806, -2.1681,  1.7512, -0.8339, -0.4226,
          1.1253, -2.2426]], requires_grad=True)
[2023-01-19 20:43:57,114][__main__][INFO] - scores: tensor([[23.1250, 25.0781, 24.3594, 23.0781, 24.1875]], device='cuda:0',
       dtype=torch.float16, grad_fn=<MmBackward>)
[2023-01-19 20:43:57,405][__main__][INFO] - parameters: Parameter containing:
tensor([[ 0.2045,  0.3699, -1.0009, -2.3291, -2.1588,  1.6914, -0.7895, -0.3588,
          1.1601, -2.2474]], requires_grad=True)
[2023-01-19 20:43:57,411][__main__][INFO] - scores: tensor([[23.1875, 25.1562, 24.3594, 23.0156, 24.2188]], device='cuda:0',
       dtype=torch.float16, grad_fn=<MmBackward>)
[2023-01-19 20:43:57,694][__main__][INFO] - parameters: Parameter containing:
tensor([[ 0.1674,  0.3986, -0.9562, -2.3789, -2.1577,  1.6439, -0.7489, -0.3111,
          1.1948, -2.2675]], requires_grad=True)
[2023-01-19 20:43:57,695][__main__][INFO] - scores: tensor([[23.2656, 25.1719, 24.3906, 22.9062, 24.1562]], device='cuda:0',
       dtype=torch.float16, grad_fn=<MmBackward>)
[2023-01-19 20:43:57,998][__main__][INFO] - parameters: Parameter containing:
tensor([[ 0.1565,  0.4021, -0.9435, -2.4263, -2.1682,  1.6238, -0.7275, -0.2830,
          1.2160, -2.2682]], requires_grad=True)
[2023-01-19 20:43:58,000][__main__][INFO] - scores: tensor([[23.4062, 25.2969, 24.5781, 22.8906, 24.1875]], device='cuda:0',
       dtype=torch.float16, grad_fn=<MmBackward>)
[2023-01-19 20:43:58,299][__main__][INFO] - parameters: Parameter containing:
tensor([[ 0.1591,  0.3861, -0.9412, -2.4525, -2.1671,  1.6154, -0.7037, -0.2562,
          1.2266, -2.2681]], requires_grad=True)
[2023-01-19 20:43:58,301][__main__][INFO] - scores: tensor([[23.4844, 25.3281, 24.6094, 22.8125, 24.1875]], device='cuda:0',
       dtype=torch.float16, grad_fn=<MmBackward>)
[2023-01-19 20:43:58,613][__main__][INFO] - parameters: Parameter containing:
tensor([[ 0.1879,  0.3503, -0.9687, -2.4607, -2.1741,  1.6274, -0.7061, -0.2313,
          1.2222, -2.2721]], requires_grad=True)
[2023-01-19 20:43:58,617][__main__][INFO] - scores: tensor([[23.4062, 25.2969, 24.5469, 22.8438, 24.1719]], device='cuda:0',
       dtype=torch.float16, grad_fn=<MmBackward>)
[2023-01-19 20:43:58,883][__main__][INFO] - parameters: Parameter containing:
tensor([[ 0.1983,  0.3368, -0.9748, -2.4693, -2.1676,  1.6207, -0.6928, -0.2113,
          1.2214, -2.2775]], requires_grad=True)
[2023-01-19 20:43:58,885][__main__][INFO] - scores: tensor([[23.2656, 25.2812, 24.5156, 23.0156, 24.3125]], device='cuda:0',
       dtype=torch.float16, grad_fn=<MmBackward>)
[2023-01-19 20:43:59,188][__main__][INFO] - parameters: Parameter containing:
tensor([[ 0.2162,  0.3246, -0.9888, -2.4681, -2.1761,  1.6300, -0.6982, -0.2024,
          1.2179, -2.2866]], requires_grad=True)
[2023-01-19 20:43:59,193][__main__][INFO] - scores: tensor([[23.2344, 25.2656, 24.5000, 23.0312, 24.3125]], device='cuda:0',
       dtype=torch.float16, grad_fn=<MmBackward>)
[2023-01-19 20:43:59,501][__main__][INFO] - parameters: Parameter containing:
tensor([[ 0.2182,  0.3062, -0.9951, -2.4962, -2.1761,  1.6278, -0.6806, -0.2005,
          1.2148, -2.2721]], requires_grad=True)
[2023-01-19 20:43:59,503][__main__][INFO] - scores: tensor([[23.2812, 25.2500, 24.4531, 22.9844, 24.2812]], device='cuda:0',
       dtype=torch.float16, grad_fn=<MmBackward>)
[2023-01-19 20:43:59,805][__main__][INFO] - parameters: Parameter containing:
tensor([[ 0.2054,  0.3028, -0.9770, -2.5246, -2.1712,  1.6221, -0.6446, -0.1879,
          1.2392, -2.2563]], requires_grad=True)
[2023-01-19 20:43:59,808][__main__][INFO] - scores: tensor([[23.3281, 25.2969, 24.5156, 23.0000, 24.3125]], device='cuda:0',
       dtype=torch.float16, grad_fn=<MmBackward>)
[2023-01-19 20:44:00,100][__main__][INFO] - parameters: Parameter containing:
tensor([[ 0.1965,  0.3003, -0.9721, -2.5662, -2.1898,  1.6261, -0.6285, -0.1875,
          1.2703, -2.2303]], requires_grad=True)
[2023-01-19 20:44:00,106][__main__][INFO] - scores: tensor([[23.2969, 25.2812, 24.5000, 22.9844, 24.3281]], device='cuda:0',
       dtype=torch.float16, grad_fn=<MmBackward>)
[2023-01-19 20:44:00,391][__main__][INFO] - parameters: Parameter containing:
tensor([[ 0.1808,  0.3194, -0.9524, -2.6103, -2.2147,  1.6208, -0.6090, -0.1784,
          1.3114, -2.2270]], requires_grad=True)
[2023-01-19 20:44:00,397][__main__][INFO] - scores: tensor([[23.3906, 25.3438, 24.5469, 22.9531, 24.3594]], device='cuda:0',
       dtype=torch.float16, grad_fn=<MmBackward>)
[2023-01-19 20:44:00,692][__main__][INFO] - parameters: Parameter containing:
tensor([[ 0.1811,  0.3311, -0.9503, -2.6523, -2.2533,  1.6276, -0.6095, -0.1788,
          1.3482, -2.2273]], requires_grad=True)
[2023-01-19 20:44:00,696][__main__][INFO] - scores: tensor([[23.4375, 25.3594, 24.5938, 23.0000, 24.3906]], device='cuda:0',
       dtype=torch.float16, grad_fn=<MmBackward>)
[2023-01-19 20:44:00,984][__main__][INFO] - parameters: Parameter containing:
tensor([[ 0.1875,  0.3494, -0.9517, -2.6791, -2.3050,  1.6564, -0.6225, -0.1859,
          1.3875, -2.2377]], requires_grad=True)
[2023-01-19 20:44:00,986][__main__][INFO] - scores: tensor([[23.3906, 25.2656, 24.4844, 22.9062, 24.2656]], device='cuda:0',
       dtype=torch.float16, grad_fn=<MmBackward>)
[2023-01-19 20:44:01,275][__main__][INFO] - parameters: Parameter containing:
tensor([[ 0.2027,  0.3679, -0.9629, -2.6901, -2.3578,  1.6968, -0.6491, -0.2114,
          1.4072, -2.2541]], requires_grad=True)
[2023-01-19 20:44:01,277][__main__][INFO] - scores: tensor([[23.4844, 25.2969, 24.5000, 22.8594, 24.2500]], device='cuda:0',
       dtype=torch.float16, grad_fn=<MmBackward>)
[2023-01-19 20:44:01,564][__main__][INFO] - parameters: Parameter containing:
tensor([[ 0.2181,  0.3811, -0.9681, -2.6952, -2.4040,  1.7398, -0.6635, -0.2379,
          1.4308, -2.2743]], requires_grad=True)
[2023-01-19 20:44:01,568][__main__][INFO] - scores: tensor([[23.3906, 25.2969, 24.5000, 22.9219, 24.2500]], device='cuda:0',
       dtype=torch.float16, grad_fn=<MmBackward>)
[2023-01-19 20:44:01,860][__main__][INFO] - parameters: Parameter containing:
tensor([[ 0.2285,  0.4003, -0.9684, -2.7011, -2.4563,  1.7936, -0.6823, -0.2666,
          1.4666, -2.3028]], requires_grad=True)
[2023-01-19 20:44:01,862][__main__][INFO] - scores: tensor([[23.4062, 25.2969, 24.4844, 22.8750, 24.2188]], device='cuda:0',
       dtype=torch.float16, grad_fn=<MmBackward>)
[2023-01-19 20:44:02,163][__main__][INFO] - parameters: Parameter containing:
tensor([[ 0.2354,  0.4125, -0.9664, -2.6927, -2.4871,  1.8365, -0.6943, -0.2952,
          1.4896, -2.3357]], requires_grad=True)
[2023-01-19 20:44:02,164][__main__][INFO] - scores: tensor([[23.5312, 25.3438, 24.5156, 22.8125, 24.2031]], device='cuda:0',
       dtype=torch.float16, grad_fn=<MmBackward>)
[2023-01-19 20:44:02,456][__main__][INFO] - parameters: Parameter containing:
tensor([[ 0.2332,  0.4399, -0.9589, -2.6865, -2.5215,  1.8741, -0.7155, -0.3169,
          1.5218, -2.3903]], requires_grad=True)
[2023-01-19 20:44:02,460][__main__][INFO] - scores: tensor([[23.4062, 25.2812, 24.4531, 22.8438, 24.2031]], device='cuda:0',
       dtype=torch.float16, grad_fn=<MmBackward>)
[2023-01-19 20:44:02,787][__main__][INFO] - parameters: Parameter containing:
tensor([[ 0.2334,  0.4726, -0.9565, -2.6767, -2.5612,  1.9075, -0.7474, -0.3411,
          1.5456, -2.4344]], requires_grad=True)
[2023-01-19 20:44:02,789][__main__][INFO] - scores: tensor([[23.4375, 25.2812, 24.5000, 22.8438, 24.1875]], device='cuda:0',
       dtype=torch.float16, grad_fn=<MmBackward>)
[2023-01-19 20:44:03,097][__main__][INFO] - parameters: Parameter containing:
tensor([[ 0.2144,  0.5231, -0.9342, -2.6704, -2.5931,  1.9216, -0.7659, -0.3572,
          1.5777, -2.4778]], requires_grad=True)
[2023-01-19 20:44:03,099][__main__][INFO] - scores: tensor([[23.4688, 25.2812, 24.5469, 22.8906, 24.2031]], device='cuda:0',
       dtype=torch.float16, grad_fn=<MmBackward>)
[2023-01-19 20:44:03,404][__main__][INFO] - parameters: Parameter containing:
tensor([[ 0.1874,  0.5749, -0.9040, -2.6604, -2.6182,  1.9305, -0.7786, -0.3680,
          1.6172, -2.5207]], requires_grad=True)
[2023-01-19 20:44:03,408][__main__][INFO] - scores: tensor([[23.4531, 25.2969, 24.5938, 22.9219, 24.2188]], device='cuda:0',
       dtype=torch.float16, grad_fn=<MmBackward>)
[2023-01-19 20:44:03,697][__main__][INFO] - parameters: Parameter containing:
tensor([[ 0.1906,  0.5986, -0.9135, -2.6469, -2.6584,  1.9542, -0.8227, -0.3916,
          1.6320, -2.5559]], requires_grad=True)
[2023-01-19 20:44:03,703][__main__][INFO] - scores: tensor([[23.5469, 25.3750, 24.6875, 22.8750, 24.2188]], device='cuda:0',
       dtype=torch.float16, grad_fn=<MmBackward>)
[2023-01-19 20:44:04,006][__main__][INFO] - parameters: Parameter containing:
tensor([[ 0.2059,  0.6155, -0.9345, -2.6259, -2.7033,  1.9796, -0.8766, -0.4218,
          1.6330, -2.5862]], requires_grad=True)
[2023-01-19 20:44:04,010][__main__][INFO] - scores: tensor([[23.5938, 25.3906, 24.7344, 22.8906, 24.2344]], device='cuda:0',
       dtype=torch.float16, grad_fn=<MmBackward>)
[2023-01-19 20:44:04,318][__main__][INFO] - parameters: Parameter containing:
tensor([[ 0.2262,  0.6163, -0.9627, -2.5982, -2.7420,  2.0086, -0.9292, -0.4393,
          1.6266, -2.6055]], requires_grad=True)
[2023-01-19 20:44:04,324][__main__][INFO] - scores: tensor([[23.5469, 25.3125, 24.7188, 22.9062, 24.1719]], device='cuda:0',
       dtype=torch.float16, grad_fn=<MmBackward>)
[2023-01-19 20:44:04,627][__main__][INFO] - parameters: Parameter containing:
tensor([[ 0.2329,  0.6227, -0.9729, -2.5648, -2.7567,  2.0169, -0.9584, -0.4544,
          1.6193, -2.6198]], requires_grad=True)
[2023-01-19 20:44:04,629][__main__][INFO] - scores: tensor([[23.5000, 25.3438, 24.7031, 22.9375, 24.2031]], device='cuda:0',
       dtype=torch.float16, grad_fn=<MmBackward>)
