[2023-02-07 12:29:39,225][choosing_descriptors][INFO] - There are total of 29 descriptors
[2023-02-07 12:29:39,228][choosing_descriptors][INFO] - Working on cluster 0
[2023-02-07 12:29:39,228][choosing_descriptors][INFO] - 0 most variance descriptor - fat
[2023-02-07 12:29:39,228][choosing_descriptors][INFO] - Adding fat to chosen descriptors
[2023-02-07 12:29:39,229][choosing_descriptors][INFO] - 1 most variance descriptor - pear shaped
[2023-02-07 12:29:39,230][choosing_descriptors][INFO] - pear shaped is correlated with fat with corr 0.9616705784413739
[2023-02-07 12:29:39,230][choosing_descriptors][INFO] - 2 most variance descriptor - curvy
[2023-02-07 12:29:39,231][choosing_descriptors][INFO] - curvy is correlated with fat with corr 0.9266046966818501
[2023-02-07 12:29:39,232][choosing_descriptors][INFO] - 3 most variance descriptor - long legs
[2023-02-07 12:29:39,233][choosing_descriptors][INFO] - long legs is correlated with fat with corr -0.813951888539338
[2023-02-07 12:29:39,233][choosing_descriptors][INFO] - 4 most variance descriptor - big
[2023-02-07 12:29:39,234][choosing_descriptors][INFO] - big is correlated with fat with corr 0.9731373103351822
[2023-02-07 12:29:39,234][choosing_descriptors][INFO] - 5 most variance descriptor - heavyset
[2023-02-07 12:29:39,235][choosing_descriptors][INFO] - heavyset is correlated with fat with corr 0.9814392175402243
[2023-02-07 12:29:39,235][choosing_descriptors][INFO] - 6 most variance descriptor - stocky
[2023-02-07 12:29:39,235][choosing_descriptors][INFO] - stocky is correlated with fat with corr 0.8519994107617093
[2023-02-07 12:29:39,236][choosing_descriptors][INFO] - 7 most variance descriptor - round apple
[2023-02-07 12:29:39,236][choosing_descriptors][INFO] - round apple is correlated with fat with corr 0.9342264295231081
[2023-02-07 12:29:39,236][choosing_descriptors][INFO] - 8 most variance descriptor - short legs
[2023-02-07 12:29:39,237][choosing_descriptors][INFO] - short legs is correlated with fat with corr -0.6763108298081136
[2023-02-07 12:29:39,237][choosing_descriptors][INFO] - 9 most variance descriptor - lean
[2023-02-07 12:29:39,238][choosing_descriptors][INFO] - lean is correlated with fat with corr 0.7017970408837239
[2023-02-07 12:29:39,238][choosing_descriptors][INFO] - 10 most variance descriptor - narrow waist
[2023-02-07 12:29:39,239][choosing_descriptors][INFO] - narrow waist is correlated with fat with corr 0.6713093399863208
[2023-02-07 12:29:39,239][choosing_descriptors][INFO] - 11 most variance descriptor - sturdy
[2023-02-07 12:29:39,240][choosing_descriptors][INFO] - sturdy is correlated with fat with corr 0.8131826537810817
[2023-02-07 12:29:39,240][choosing_descriptors][INFO] - 12 most variance descriptor - muscular
[2023-02-07 12:29:39,241][choosing_descriptors][INFO] - Adding muscular to chosen descriptors
[2023-02-07 12:29:39,241][choosing_descriptors][INFO] - 13 most variance descriptor - short
[2023-02-07 12:29:39,243][choosing_descriptors][INFO] - Adding short to chosen descriptors
[2023-02-07 12:29:39,243][choosing_descriptors][INFO] - 14 most variance descriptor - rectangular
[2023-02-07 12:29:39,245][choosing_descriptors][INFO] - Adding rectangular to chosen descriptors
[2023-02-07 12:29:39,245][choosing_descriptors][INFO] - 15 most variance descriptor - fit
[2023-02-07 12:29:39,246][choosing_descriptors][INFO] - fit is correlated with muscular with corr 0.6867438370880028
[2023-02-07 12:29:39,246][choosing_descriptors][INFO] - 16 most variance descriptor - proportioned
[2023-02-07 12:29:39,250][choosing_descriptors][INFO] - Adding proportioned to chosen descriptors
[2023-02-07 12:29:39,250][choosing_descriptors][INFO] - currently chosen descriptors: {'fat': {'variance': 1.3424149605586844}, 'muscular': {'variance': 0.0631597559429532}, 'short': {'variance': 0.06224508036424467}, 'rectangular': {'variance': 0.060694360983826204}, 'proportioned': {'variance': 0.051173179444146316}}
[2023-02-07 12:29:39,250][choosing_descriptors][INFO] - Finished cluster 0
[2023-02-07 12:29:39,250][choosing_descriptors][INFO] - Working on cluster 1
[2023-02-07 12:29:39,251][choosing_descriptors][INFO] - 0 most variance descriptor - long torso
[2023-02-07 12:29:39,251][choosing_descriptors][INFO] - Adding long torso to chosen descriptors
[2023-02-07 12:29:39,251][choosing_descriptors][INFO] - 1 most variance descriptor - long
[2023-02-07 12:29:39,252][choosing_descriptors][INFO] - long is correlated with long torso with corr 0.8689949153373556
[2023-02-07 12:29:39,252][choosing_descriptors][INFO] - 2 most variance descriptor - short torso
[2023-02-07 12:29:39,253][choosing_descriptors][INFO] - short torso is correlated with long torso with corr 0.6910622423950147
[2023-02-07 12:29:39,253][choosing_descriptors][INFO] - currently chosen descriptors: {'long torso': {'variance': 0.14417044263778034}}
[2023-02-07 12:29:39,253][choosing_descriptors][INFO] - Finished cluster 1
[2023-02-07 12:29:39,254][choosing_descriptors][INFO] - Working on cluster 2
[2023-02-07 12:29:39,254][choosing_descriptors][INFO] - 0 most variance descriptor - tall
[2023-02-07 12:29:39,254][choosing_descriptors][INFO] - Adding tall to chosen descriptors
[2023-02-07 12:29:39,254][choosing_descriptors][INFO] - 1 most variance descriptor - petite
[2023-02-07 12:29:39,255][choosing_descriptors][INFO] - Adding petite to chosen descriptors
[2023-02-07 12:29:39,256][choosing_descriptors][INFO] - 2 most variance descriptor - small
[2023-02-07 12:29:39,257][choosing_descriptors][INFO] - Adding small to chosen descriptors
[2023-02-07 12:29:39,257][choosing_descriptors][INFO] - 3 most variance descriptor - skinny
[2023-02-07 12:29:39,258][choosing_descriptors][INFO] - skinny is correlated with tall with corr 0.7125695527485595
[2023-02-07 12:29:39,259][choosing_descriptors][INFO] - currently chosen descriptors: {'tall': {'variance': 0.1404763882882836}, 'petite': {'variance': 0.10703590650008335}, 'small': {'variance': 0.0845765688172099}}
[2023-02-07 12:29:39,259][choosing_descriptors][INFO] - Finished cluster 2
[2023-02-07 12:29:39,259][choosing_descriptors][INFO] - There are 9 chosen descriptors in initial filter
[2023-02-07 12:29:39,259][choosing_descriptors][INFO] - chosen descriptors: [['fat', 'muscular', 'short', 'rectangular', 'proportioned'], ['long torso'], ['tall', 'petite', 'small']]
[2023-02-07 12:29:39,259][choosing_descriptors][INFO] - Final filter
[2023-02-07 12:29:39,261][choosing_descriptors][INFO] - Descriptor fat has variance 1.3424149605586844
[2023-02-07 12:29:39,263][choosing_descriptors][INFO] - Descriptor long torso has variance 0.14417044263778034
[2023-02-07 12:29:39,264][choosing_descriptors][INFO] - Descriptor long torso is correlated with proportioned with correlation 0.7103940672841167 - removing proportioned
[2023-02-07 12:29:39,266][choosing_descriptors][INFO] - Descriptor long torso is correlated with tall with correlation 0.9016607694002744 - removing tall
[2023-02-07 12:29:39,266][choosing_descriptors][INFO] - Descriptor petite has variance 0.10703590650008335
[2023-02-07 12:29:39,268][choosing_descriptors][INFO] - Descriptor petite is correlated with short with correlation 0.6467010961623146 - removing short
[2023-02-07 12:29:39,270][choosing_descriptors][INFO] - Descriptor small has variance 0.0845765688172099
[2023-02-07 12:29:39,273][choosing_descriptors][INFO] - Descriptor muscular has variance 0.0631597559429532
[2023-02-07 12:29:39,276][choosing_descriptors][INFO] - Descriptor rectangular has variance 0.060694360983826204
