[2023-01-03 14:16:39,753][__main__][INFO] - Optimizing for thin...
[2023-01-03 14:16:39,755][__main__][INFO] - Phase: regular
[2023-01-03 14:17:42,224][__main__][INFO] - Phase: inverse
[2023-01-03 14:18:34,731][__main__][INFO] - Optimizing for big forhead...
[2023-01-03 14:18:34,734][__main__][INFO] - Phase: regular
[2023-01-03 14:19:27,223][__main__][INFO] - Phase: inverse
[2023-01-03 14:20:19,533][__main__][INFO] - Optimizing for big eyes...
[2023-01-03 14:20:19,540][__main__][INFO] - Phase: regular
[2023-01-03 14:21:11,455][__main__][INFO] - Phase: inverse
[2023-01-03 14:22:03,734][__main__][INFO] - Optimizing for big nose...
[2023-01-03 14:22:03,740][__main__][INFO] - Phase: regular
[2023-01-03 14:23:08,361][__main__][INFO] - Phase: inverse
[2023-01-03 14:24:04,417][__main__][INFO] - Optimizing for big mouth...
[2023-01-03 14:24:04,422][__main__][INFO] - Phase: regular
[2023-01-03 14:25:00,003][__main__][INFO] - Phase: inverse
[2023-01-03 14:26:00,132][__main__][INFO] - Optimizing for ears sticking-out...
[2023-01-03 14:26:00,138][__main__][INFO] - Phase: regular
[2023-01-03 14:26:59,283][__main__][INFO] - Phase: inverse
[2023-01-03 14:28:01,720][__main__][INFO] - Optimizing for big eyebrows...
[2023-01-03 14:28:01,724][__main__][INFO] - Phase: regular
[2023-01-03 14:29:08,358][__main__][INFO] - Phase: inverse
[2023-01-03 14:30:14,538][__main__][INFO] - Optimizing for thin lips...
[2023-01-03 14:30:14,542][__main__][INFO] - Phase: regular
[2023-01-03 14:31:14,896][__main__][INFO] - Phase: inverse
[2023-01-03 14:32:16,931][__main__][INFO] - Optimizing for small chin...
[2023-01-03 14:32:16,936][__main__][INFO] - Phase: regular
[2023-01-03 14:33:12,058][__main__][INFO] - Phase: inverse
[2023-01-03 14:34:11,329][__main__][INFO] - Optimizing for long neck...
[2023-01-03 14:34:11,334][__main__][INFO] - Phase: regular
[2023-01-03 14:35:13,481][__main__][INFO] - Phase: inverse
[2023-01-03 14:36:09,088][__main__][INFO] - Optimizing for fat...
[2023-01-03 14:36:09,092][__main__][INFO] - Phase: regular
[2023-01-03 14:37:06,596][__main__][INFO] - Phase: inverse
[2023-01-03 14:38:02,958][__main__][INFO] - Optimizing for chubby cheeks...
[2023-01-03 14:38:02,961][__main__][INFO] - Phase: regular
[2023-01-03 14:39:00,114][__main__][INFO] - Phase: inverse
[2023-01-03 14:39:55,845][__main__][INFO] - Optimizing for long head...
[2023-01-03 14:39:55,851][__main__][INFO] - Phase: regular
[2023-01-03 14:40:49,610][__main__][INFO] - Phase: inverse
