[2023-01-14 11:53:22,811][__main__][INFO] - Optimizing for happy...
[2023-01-14 11:53:22,812][__main__][INFO] - Phase: regular
[2023-01-14 11:53:48,020][__main__][INFO] - Phase: inverse
[2023-01-14 11:54:12,813][__main__][INFO] - Optimizing for sad...
[2023-01-14 11:54:12,813][__main__][INFO] - Phase: regular
[2023-01-14 11:54:37,534][__main__][INFO] - Phase: inverse
[2023-01-14 11:55:02,608][__main__][INFO] - Optimizing for angry...
[2023-01-14 11:55:02,608][__main__][INFO] - Phase: regular
[2023-01-14 11:55:28,621][__main__][INFO] - Phase: inverse
[2023-01-14 11:55:53,598][__main__][INFO] - Optimizing for surprised...
[2023-01-14 11:55:53,599][__main__][INFO] - Phase: regular
[2023-01-14 11:56:18,941][__main__][INFO] - Phase: inverse
[2023-01-14 11:56:44,456][__main__][INFO] - Optimizing for disgusted...
[2023-01-14 11:56:44,457][__main__][INFO] - Phase: regular
[2023-01-14 11:57:10,448][__main__][INFO] - Phase: inverse
[2023-01-14 11:57:35,917][__main__][INFO] - Optimizing for fearful...
[2023-01-14 11:57:35,917][__main__][INFO] - Phase: regular
[2023-01-14 11:58:00,698][__main__][INFO] - Phase: inverse
[2023-01-14 11:58:25,195][__main__][INFO] - Optimizing for neutral...
[2023-01-14 11:58:25,196][__main__][INFO] - Phase: regular
[2023-01-14 11:58:50,532][__main__][INFO] - Phase: inverse
[2023-01-14 11:59:17,402][__main__][INFO] - Optimizing for smiling...
[2023-01-14 11:59:17,404][__main__][INFO] - Phase: regular
[2023-01-14 11:59:55,046][__main__][INFO] - Phase: inverse
[2023-01-14 12:00:28,101][__main__][INFO] - Optimizing for serious...
[2023-01-14 12:00:28,104][__main__][INFO] - Phase: regular
[2023-01-14 12:00:53,260][__main__][INFO] - Phase: inverse
[2023-01-14 12:01:17,684][__main__][INFO] - Optimizing for pensive...
[2023-01-14 12:01:17,684][__main__][INFO] - Phase: regular
[2023-01-14 12:01:42,165][__main__][INFO] - Phase: inverse
[2023-01-14 12:02:06,516][__main__][INFO] - Optimizing for confused...
[2023-01-14 12:02:06,517][__main__][INFO] - Phase: regular
[2023-01-14 12:02:30,735][__main__][INFO] - Phase: inverse
[2023-01-14 12:02:55,124][__main__][INFO] - Optimizing for bored...
[2023-01-14 12:02:55,124][__main__][INFO] - Phase: regular
[2023-01-14 12:03:19,559][__main__][INFO] - Phase: inverse
[2023-01-14 12:03:44,168][__main__][INFO] - Optimizing for sleepy...
[2023-01-14 12:03:44,169][__main__][INFO] - Phase: regular
[2023-01-14 12:04:08,765][__main__][INFO] - Phase: inverse
[2023-01-14 12:04:33,373][__main__][INFO] - Optimizing for tired...
[2023-01-14 12:04:33,374][__main__][INFO] - Phase: regular
[2023-01-14 12:04:57,936][__main__][INFO] - Phase: inverse
[2023-01-14 12:05:22,092][__main__][INFO] - Optimizing for excited...
[2023-01-14 12:05:22,092][__main__][INFO] - Phase: regular
[2023-01-14 12:05:48,139][__main__][INFO] - Phase: inverse
[2023-01-14 12:06:13,655][__main__][INFO] - Optimizing for relaxed...
[2023-01-14 12:06:13,656][__main__][INFO] - Phase: regular
[2023-01-14 12:06:39,355][__main__][INFO] - Phase: inverse
[2023-01-14 12:07:04,736][__main__][INFO] - Optimizing for calm...
[2023-01-14 12:07:04,737][__main__][INFO] - Phase: regular
[2023-01-14 12:07:29,437][__main__][INFO] - Phase: inverse
[2023-01-14 12:07:54,727][__main__][INFO] - Optimizing for nervous...
[2023-01-14 12:07:54,728][__main__][INFO] - Phase: regular
[2023-01-14 12:08:20,496][__main__][INFO] - Phase: inverse
[2023-01-14 12:08:45,999][__main__][INFO] - Optimizing for worried...
[2023-01-14 12:08:46,000][__main__][INFO] - Phase: regular
[2023-01-14 12:09:10,296][__main__][INFO] - Phase: inverse
[2023-01-14 12:09:34,718][__main__][INFO] - Optimizing for scared...
[2023-01-14 12:09:34,719][__main__][INFO] - Phase: regular
[2023-01-14 12:09:59,424][__main__][INFO] - Phase: inverse
[2023-01-14 12:10:23,932][__main__][INFO] - Optimizing for open mouth...
[2023-01-14 12:10:23,932][__main__][INFO] - Phase: regular
[2023-01-14 12:10:52,755][__main__][INFO] - Phase: inverse
[2023-01-14 12:11:30,273][__main__][INFO] - Optimizing for raised eyebrows...
[2023-01-14 12:11:30,275][__main__][INFO] - Phase: regular
[2023-01-14 12:12:08,057][__main__][INFO] - Phase: inverse
[2023-01-14 12:12:46,266][__main__][INFO] - Optimizing for open eyes...
[2023-01-14 12:12:46,267][__main__][INFO] - Phase: regular
[2023-01-14 12:13:24,216][__main__][INFO] - Phase: inverse
