[2023-01-19 20:40:48,981][__main__][INFO] - parameters: Parameter containing:
tensor([[-0.1000, -0.1000,  0.1000,  0.1000,  0.1000, -0.1000,  0.1000,  0.1000,
          0.1000, -0.1000]], requires_grad=True)
[2023-01-19 20:40:48,983][__main__][INFO] - scores: tensor([[24.5312, 25.5469, 24.7031, 23.1094, 24.5312]], device='cuda:0',
       dtype=torch.float16, grad_fn=<MmBackward>)
[2023-01-19 20:40:49,349][__main__][INFO] - parameters: Parameter containing:
tensor([[-0.1816, -0.1407,  0.1021,  0.0527,  0.1062, -0.1823,  0.1028,  0.1633,
          0.1894, -0.1473]], requires_grad=True)
[2023-01-19 20:40:49,355][__main__][INFO] - scores: tensor([[24.3906, 25.3906, 24.5469, 23.0469, 24.3906]], device='cuda:0',
       dtype=torch.float16, grad_fn=<MmBackward>)
[2023-01-19 20:40:49,644][__main__][INFO] - parameters: Parameter containing:
tensor([[-0.2697, -0.1958,  0.1320, -0.0024,  0.1306, -0.2706,  0.1453,  0.1897,
          0.2637, -0.1361]], requires_grad=True)
[2023-01-19 20:40:49,650][__main__][INFO] - scores: tensor([[24.5156, 25.4219, 24.5938, 23.0156, 24.4219]], device='cuda:0',
       dtype=torch.float16, grad_fn=<MmBackward>)
[2023-01-19 20:40:49,950][__main__][INFO] - parameters: Parameter containing:
tensor([[-0.3106, -0.1845,  0.1676, -0.0270,  0.1225, -0.3630,  0.1529,  0.2125,
          0.3460, -0.1291]], requires_grad=True)
[2023-01-19 20:40:49,955][__main__][INFO] - scores: tensor([[24.4219, 25.4375, 24.5781, 23.0625, 24.3281]], device='cuda:0',
       dtype=torch.float16, grad_fn=<MmBackward>)
[2023-01-19 20:40:50,250][__main__][INFO] - parameters: Parameter containing:
tensor([[-0.3749, -0.1346,  0.2297, -0.0643,  0.1133, -0.4498,  0.1776,  0.2128,
          0.4205, -0.1372]], requires_grad=True)
[2023-01-19 20:40:50,252][__main__][INFO] - scores: tensor([[24.3906, 25.3750, 24.5469, 23.1875, 24.3125]], device='cuda:0',
       dtype=torch.float16, grad_fn=<MmBackward>)
[2023-01-19 20:40:50,590][__main__][INFO] - parameters: Parameter containing:
tensor([[-0.4425, -0.0916,  0.2937, -0.0830,  0.1171, -0.5250,  0.2034,  0.2041,
          0.4903, -0.1324]], requires_grad=True)
[2023-01-19 20:40:50,595][__main__][INFO] - scores: tensor([[24.4375, 25.3906, 24.5469, 23.0938, 24.2969]], device='cuda:0',
       dtype=torch.float16, grad_fn=<MmBackward>)
[2023-01-19 20:40:50,915][__main__][INFO] - parameters: Parameter containing:
tensor([[-0.5079, -0.0462,  0.3516, -0.0808,  0.1121, -0.5801,  0.2104,  0.1791,
          0.5054, -0.1368]], requires_grad=True)
[2023-01-19 20:40:50,920][__main__][INFO] - scores: tensor([[24.6094, 25.4688, 24.6719, 23.1562, 24.3281]], device='cuda:0',
       dtype=torch.float16, grad_fn=<MmBackward>)
[2023-01-19 20:40:51,238][__main__][INFO] - parameters: Parameter containing:
tensor([[-0.5606, -0.0173,  0.3984, -0.0738,  0.1264, -0.6319,  0.2363,  0.1298,
          0.4997, -0.1187]], requires_grad=True)
[2023-01-19 20:40:51,242][__main__][INFO] - scores: tensor([[24.6250, 25.3906, 24.6094, 23.0469, 24.3281]], device='cuda:0',
       dtype=torch.float16, grad_fn=<MmBackward>)
[2023-01-19 20:40:51,543][__main__][INFO] - parameters: Parameter containing:
tensor([[-0.5887, -0.0071,  0.4240, -0.0558,  0.1451, -0.6503,  0.2549,  0.0891,
          0.4747, -0.1258]], requires_grad=True)
[2023-01-19 20:40:51,547][__main__][INFO] - scores: tensor([[24.6562, 25.3906, 24.6094, 22.9375, 24.3594]], device='cuda:0',
       dtype=torch.float16, grad_fn=<MmBackward>)
[2023-01-19 20:40:51,846][__main__][INFO] - parameters: Parameter containing:
tensor([[-0.5888, -0.0120,  0.4210, -0.0489,  0.1347, -0.6344,  0.2454,  0.0727,
          0.4797, -0.1158]], requires_grad=True)
[2023-01-19 20:40:51,851][__main__][INFO] - scores: tensor([[24.7031, 25.4219, 24.6250, 22.9062, 24.3438]], device='cuda:0',
       dtype=torch.float16, grad_fn=<MmBackward>)
[2023-01-19 20:40:52,150][__main__][INFO] - parameters: Parameter containing:
tensor([[-0.5852, -0.0131,  0.4192, -0.0508,  0.1207, -0.6245,  0.2362,  0.0709,
          0.4970, -0.1002]], requires_grad=True)
[2023-01-19 20:40:52,156][__main__][INFO] - scores: tensor([[24.7656, 25.4062, 24.6094, 22.8750, 24.3438]], device='cuda:0',
       dtype=torch.float16, grad_fn=<MmBackward>)
[2023-01-19 20:40:52,436][__main__][INFO] - parameters: Parameter containing:
tensor([[-0.5814, -0.0124,  0.4264, -0.0477,  0.1190, -0.6217,  0.2471,  0.0751,
          0.5151, -0.0820]], requires_grad=True)
[2023-01-19 20:40:52,437][__main__][INFO] - scores: tensor([[24.7344, 25.4062, 24.5938, 22.8750, 24.3438]], device='cuda:0',
       dtype=torch.float16, grad_fn=<MmBackward>)
[2023-01-19 20:40:52,736][__main__][INFO] - parameters: Parameter containing:
tensor([[-0.5806,  0.0012,  0.4489, -0.0268,  0.1300, -0.6361,  0.2723,  0.0834,
          0.5202, -0.0761]], requires_grad=True)
[2023-01-19 20:40:52,742][__main__][INFO] - scores: tensor([[24.7188, 25.3906, 24.5781, 22.8750, 24.3438]], device='cuda:0',
       dtype=torch.float16, grad_fn=<MmBackward>)
[2023-01-19 20:40:53,041][__main__][INFO] - parameters: Parameter containing:
tensor([[-5.8096e-01,  1.7095e-02,  4.7229e-01,  2.6188e-04,  1.4261e-01,
         -6.4738e-01,  2.9441e-01,  9.9763e-02,  5.1102e-01, -9.5740e-02]],
       requires_grad=True)
[2023-01-19 20:40:53,045][__main__][INFO] - scores: tensor([[24.6719, 25.4062, 24.5938, 22.8594, 24.3125]], device='cuda:0',
       dtype=torch.float16, grad_fn=<MmBackward>)
[2023-01-19 20:40:53,341][__main__][INFO] - parameters: Parameter containing:
tensor([[-0.5779,  0.0223,  0.4963,  0.0377,  0.1671, -0.6504,  0.3266,  0.1118,
          0.4898, -0.1346]], requires_grad=True)
[2023-01-19 20:40:53,347][__main__][INFO] - scores: tensor([[24.6719, 25.4219, 24.5781, 22.8438, 24.3125]], device='cuda:0',
       dtype=torch.float16, grad_fn=<MmBackward>)
[2023-01-19 20:40:53,638][__main__][INFO] - parameters: Parameter containing:
tensor([[-0.5757,  0.0097,  0.5149,  0.0907,  0.2037, -0.6409,  0.3621,  0.1211,
          0.4491, -0.1736]], requires_grad=True)
[2023-01-19 20:40:53,640][__main__][INFO] - scores: tensor([[24.6562, 25.3906, 24.5781, 22.8750, 24.2812]], device='cuda:0',
       dtype=torch.float16, grad_fn=<MmBackward>)
[2023-01-19 20:40:53,941][__main__][INFO] - parameters: Parameter containing:
tensor([[-0.5679,  0.0009,  0.5346,  0.1492,  0.2408, -0.6404,  0.3901,  0.1324,
          0.4089, -0.2015]], requires_grad=True)
[2023-01-19 20:40:53,945][__main__][INFO] - scores: tensor([[24.6719, 25.3750, 24.6406, 22.9531, 24.3438]], device='cuda:0',
       dtype=torch.float16, grad_fn=<MmBackward>)
[2023-01-19 20:40:54,256][__main__][INFO] - parameters: Parameter containing:
tensor([[-0.5640, -0.0088,  0.5531,  0.2068,  0.2815, -0.6435,  0.4163,  0.1415,
          0.3573, -0.2510]], requires_grad=True)
[2023-01-19 20:40:54,258][__main__][INFO] - scores: tensor([[24.6406, 25.3281, 24.6250, 23.0000, 24.3438]], device='cuda:0',
       dtype=torch.float16, grad_fn=<MmBackward>)
[2023-01-19 20:40:54,554][__main__][INFO] - parameters: Parameter containing:
tensor([[-0.5858, -0.0109,  0.5847,  0.2389,  0.3166, -0.6619,  0.4456,  0.1529,
          0.3337, -0.3017]], requires_grad=True)
[2023-01-19 20:40:54,556][__main__][INFO] - scores: tensor([[24.6562, 25.3438, 24.6406, 23.0000, 24.3281]], device='cuda:0',
       dtype=torch.float16, grad_fn=<MmBackward>)
[2023-01-19 20:40:54,851][__main__][INFO] - parameters: Parameter containing:
tensor([[-0.5644, -0.0184,  0.5811,  0.2768,  0.3175, -0.6499,  0.4473,  0.1428,
          0.3093, -0.3299]], requires_grad=True)
[2023-01-19 20:40:54,855][__main__][INFO] - scores: tensor([[24.6250, 25.3125, 24.6250, 23.1094, 24.3125]], device='cuda:0',
       dtype=torch.float16, grad_fn=<MmBackward>)
[2023-01-19 20:40:55,135][__main__][INFO] - parameters: Parameter containing:
tensor([[-0.5536, -0.0228,  0.5766,  0.2865,  0.3026, -0.6488,  0.4412,  0.1229,
          0.3011, -0.3100]], requires_grad=True)
[2023-01-19 20:40:55,137][__main__][INFO] - scores: tensor([[24.7344, 25.3594, 24.6562, 23.0312, 24.3281]], device='cuda:0',
       dtype=torch.float16, grad_fn=<MmBackward>)
[2023-01-19 20:40:55,412][__main__][INFO] - parameters: Parameter containing:
tensor([[-0.5510, -0.0347,  0.5752,  0.2739,  0.2884, -0.6574,  0.4502,  0.1044,
          0.3105, -0.2754]], requires_grad=True)
[2023-01-19 20:40:55,418][__main__][INFO] - scores: tensor([[24.6719, 25.3438, 24.5938, 22.9531, 24.2812]], device='cuda:0',
       dtype=torch.float16, grad_fn=<MmBackward>)
[2023-01-19 20:40:55,707][__main__][INFO] - parameters: Parameter containing:
tensor([[-0.5525, -0.0529,  0.5701,  0.2501,  0.2740, -0.6698,  0.4615,  0.0798,
          0.3221, -0.2342]], requires_grad=True)
[2023-01-19 20:40:55,708][__main__][INFO] - scores: tensor([[24.6719, 25.3750, 24.6250, 22.9375, 24.2969]], device='cuda:0',
       dtype=torch.float16, grad_fn=<MmBackward>)
[2023-01-19 20:40:56,010][__main__][INFO] - parameters: Parameter containing:
tensor([[-0.5557, -0.0682,  0.5639,  0.2155,  0.2565, -0.6951,  0.4695,  0.0804,
          0.3507, -0.1881]], requires_grad=True)
[2023-01-19 20:40:56,012][__main__][INFO] - scores: tensor([[24.6406, 25.3438, 24.5938, 22.8906, 24.2656]], device='cuda:0',
       dtype=torch.float16, grad_fn=<MmBackward>)
[2023-01-19 20:40:56,321][__main__][INFO] - parameters: Parameter containing:
tensor([[-0.5584, -0.0815,  0.5551,  0.1868,  0.2409, -0.7213,  0.4692,  0.0831,
          0.3643, -0.1509]], requires_grad=True)
[2023-01-19 20:40:56,323][__main__][INFO] - scores: tensor([[24.5625, 25.3594, 24.6250, 22.9844, 24.3125]], device='cuda:0',
       dtype=torch.float16, grad_fn=<MmBackward>)
[2023-01-19 20:40:56,622][__main__][INFO] - parameters: Parameter containing:
tensor([[-0.5656, -0.0994,  0.5502,  0.1684,  0.2288, -0.7386,  0.4679,  0.0912,
          0.3761, -0.1256]], requires_grad=True)
[2023-01-19 20:40:56,628][__main__][INFO] - scores: tensor([[24.5625, 25.3750, 24.6250, 22.9531, 24.3125]], device='cuda:0',
       dtype=torch.float16, grad_fn=<MmBackward>)
[2023-01-19 20:40:56,901][__main__][INFO] - parameters: Parameter containing:
tensor([[-0.5873, -0.1204,  0.5539,  0.1592,  0.2262, -0.7521,  0.4647,  0.1082,
          0.3768, -0.1093]], requires_grad=True)
[2023-01-19 20:40:56,903][__main__][INFO] - scores: tensor([[24.5625, 25.3750, 24.6406, 22.9688, 24.3281]], device='cuda:0',
       dtype=torch.float16, grad_fn=<MmBackward>)
[2023-01-19 20:40:57,215][__main__][INFO] - parameters: Parameter containing:
tensor([[-0.5926, -0.1193,  0.5581,  0.1529,  0.2148, -0.7602,  0.4565,  0.1117,
          0.3853, -0.1100]], requires_grad=True)
[2023-01-19 20:40:57,219][__main__][INFO] - scores: tensor([[24.5625, 25.3281, 24.6250, 22.9531, 24.3281]], device='cuda:0',
       dtype=torch.float16, grad_fn=<MmBackward>)
[2023-01-19 20:40:57,519][__main__][INFO] - parameters: Parameter containing:
tensor([[-0.5957, -0.1206,  0.5632,  0.1413,  0.2046, -0.7656,  0.4552,  0.1129,
          0.4015, -0.1057]], requires_grad=True)
[2023-01-19 20:40:57,523][__main__][INFO] - scores: tensor([[24.6562, 25.3594, 24.6562, 22.9844, 24.3594]], device='cuda:0',
       dtype=torch.float16, grad_fn=<MmBackward>)
[2023-01-19 20:40:57,822][__main__][INFO] - parameters: Parameter containing:
tensor([[-0.6039, -0.1089,  0.5798,  0.1391,  0.1928, -0.7753,  0.4455,  0.1207,
          0.4329, -0.1048]], requires_grad=True)
[2023-01-19 20:40:57,827][__main__][INFO] - scores: tensor([[24.6562, 25.3281, 24.6406, 22.9531, 24.3438]], device='cuda:0',
       dtype=torch.float16, grad_fn=<MmBackward>)
[2023-01-19 20:40:58,116][__main__][INFO] - parameters: Parameter containing:
tensor([[-0.6159, -0.1069,  0.5895,  0.1341,  0.1725, -0.7679,  0.4221,  0.1385,
          0.4806, -0.1068]], requires_grad=True)
[2023-01-19 20:40:58,117][__main__][INFO] - scores: tensor([[24.6406, 25.3594, 24.6562, 22.9844, 24.3594]], device='cuda:0',
       dtype=torch.float16, grad_fn=<MmBackward>)
[2023-01-19 20:40:58,431][__main__][INFO] - parameters: Parameter containing:
tensor([[-0.6234, -0.1198,  0.5938,  0.1392,  0.1618, -0.7532,  0.4045,  0.1543,
          0.5269, -0.0938]], requires_grad=True)
[2023-01-19 20:40:58,434][__main__][INFO] - scores: tensor([[24.7031, 25.3594, 24.6719, 23.0000, 24.3906]], device='cuda:0',
       dtype=torch.float16, grad_fn=<MmBackward>)
[2023-01-19 20:40:58,728][__main__][INFO] - parameters: Parameter containing:
tensor([[-0.6288, -0.1389,  0.5942,  0.1439,  0.1530, -0.7385,  0.3871,  0.1786,
          0.5703, -0.0799]], requires_grad=True)
[2023-01-19 20:40:58,733][__main__][INFO] - scores: tensor([[24.7031, 25.3750, 24.6875, 23.0000, 24.4062]], device='cuda:0',
       dtype=torch.float16, grad_fn=<MmBackward>)
[2023-01-19 20:40:59,032][__main__][INFO] - parameters: Parameter containing:
tensor([[-0.6312, -0.1609,  0.5879,  0.1550,  0.1571, -0.7308,  0.3708,  0.1996,
          0.5740, -0.0726]], requires_grad=True)
[2023-01-19 20:40:59,033][__main__][INFO] - scores: tensor([[24.6562, 25.3750, 24.6875, 23.0156, 24.4062]], device='cuda:0',
       dtype=torch.float16, grad_fn=<MmBackward>)
[2023-01-19 20:40:59,324][__main__][INFO] - parameters: Parameter containing:
tensor([[-0.6305, -0.1694,  0.5787,  0.1675,  0.1596, -0.7299,  0.3485,  0.2051,
          0.5657, -0.0668]], requires_grad=True)
[2023-01-19 20:40:59,329][__main__][INFO] - scores: tensor([[24.6250, 25.3906, 24.7031, 23.0000, 24.3906]], device='cuda:0',
       dtype=torch.float16, grad_fn=<MmBackward>)
[2023-01-19 20:40:59,624][__main__][INFO] - parameters: Parameter containing:
tensor([[-0.6242, -0.1759,  0.5677,  0.1691,  0.1716, -0.7475,  0.3381,  0.2115,
          0.5553, -0.0590]], requires_grad=True)
[2023-01-19 20:40:59,629][__main__][INFO] - scores: tensor([[24.6094, 25.3906, 24.7031, 23.0469, 24.4219]], device='cuda:0',
       dtype=torch.float16, grad_fn=<MmBackward>)
[2023-01-19 20:40:59,929][__main__][INFO] - parameters: Parameter containing:
tensor([[-0.6257, -0.1802,  0.5674,  0.1761,  0.1867, -0.7687,  0.3351,  0.2134,
          0.5431, -0.0499]], requires_grad=True)
[2023-01-19 20:40:59,932][__main__][INFO] - scores: tensor([[24.6250, 25.3906, 24.6875, 23.0312, 24.3906]], device='cuda:0',
       dtype=torch.float16, grad_fn=<MmBackward>)
[2023-01-19 20:41:00,234][__main__][INFO] - parameters: Parameter containing:
tensor([[-0.6354, -0.1723,  0.5767,  0.1795,  0.1997, -0.8001,  0.3327,  0.2161,
          0.5335, -0.0572]], requires_grad=True)
[2023-01-19 20:41:00,237][__main__][INFO] - scores: tensor([[24.6094, 25.3906, 24.6875, 23.0469, 24.4219]], device='cuda:0',
       dtype=torch.float16, grad_fn=<MmBackward>)
[2023-01-19 20:41:00,528][__main__][INFO] - parameters: Parameter containing:
tensor([[-0.6284, -0.1680,  0.5670,  0.1768,  0.2066, -0.8263,  0.3194,  0.2075,
          0.5202, -0.0517]], requires_grad=True)
[2023-01-19 20:41:00,530][__main__][INFO] - scores: tensor([[24.6094, 25.3750, 24.7031, 23.0156, 24.3906]], device='cuda:0',
       dtype=torch.float16, grad_fn=<MmBackward>)
[2023-01-19 20:41:00,832][__main__][INFO] - parameters: Parameter containing:
tensor([[-0.6296, -0.1567,  0.5740,  0.1646,  0.2122, -0.8494,  0.3244,  0.2054,
          0.5413, -0.0483]], requires_grad=True)
[2023-01-19 20:41:00,836][__main__][INFO] - scores: tensor([[24.6094, 25.3594, 24.6719, 22.9844, 24.3750]], device='cuda:0',
       dtype=torch.float16, grad_fn=<MmBackward>)
[2023-01-19 20:41:01,132][__main__][INFO] - parameters: Parameter containing:
tensor([[-0.6134, -0.1661,  0.5525,  0.1551,  0.2035, -0.8463,  0.3101,  0.1949,
          0.5558, -0.0356]], requires_grad=True)
[2023-01-19 20:41:01,139][__main__][INFO] - scores: tensor([[24.6094, 25.3906, 24.6875, 22.9531, 24.3750]], device='cuda:0',
       dtype=torch.float16, grad_fn=<MmBackward>)
[2023-01-19 20:41:01,414][__main__][INFO] - parameters: Parameter containing:
tensor([[-0.5991, -0.1775,  0.5279,  0.1479,  0.1934, -0.8401,  0.2887,  0.1788,
          0.5691, -0.0277]], requires_grad=True)
[2023-01-19 20:41:01,420][__main__][INFO] - scores: tensor([[24.6406, 25.3750, 24.6875, 23.0000, 24.3906]], device='cuda:0',
       dtype=torch.float16, grad_fn=<MmBackward>)
[2023-01-19 20:41:01,730][__main__][INFO] - parameters: Parameter containing:
tensor([[-0.5973, -0.1854,  0.5131,  0.1335,  0.1829, -0.8471,  0.2724,  0.1726,
          0.5774, -0.0150]], requires_grad=True)
[2023-01-19 20:41:01,732][__main__][INFO] - scores: tensor([[24.6250, 25.3750, 24.7188, 23.0625, 24.3906]], device='cuda:0',
       dtype=torch.float16, grad_fn=<MmBackward>)
[2023-01-19 20:41:02,040][__main__][INFO] - parameters: Parameter containing:
tensor([[-0.5975, -0.1921,  0.4959,  0.1171,  0.1629, -0.8528,  0.2494,  0.1601,
          0.5756, -0.0063]], requires_grad=True)
[2023-01-19 20:41:02,044][__main__][INFO] - scores: tensor([[24.6250, 25.3594, 24.6719, 23.0156, 24.3438]], device='cuda:0',
       dtype=torch.float16, grad_fn=<MmBackward>)
[2023-01-19 20:41:02,353][__main__][INFO] - parameters: Parameter containing:
tensor([[-0.6060, -0.2035,  0.4929,  0.0909,  0.1586, -0.8757,  0.2506,  0.1625,
          0.5888,  0.0130]], requires_grad=True)
[2023-01-19 20:41:02,355][__main__][INFO] - scores: tensor([[24.7031, 25.3281, 24.6562, 23.0469, 24.3438]], device='cuda:0',
       dtype=torch.float16, grad_fn=<MmBackward>)
[2023-01-19 20:41:02,634][__main__][INFO] - parameters: Parameter containing:
tensor([[-0.6194, -0.2013,  0.4963,  0.0636,  0.1488, -0.8938,  0.2466,  0.1422,
          0.5937,  0.0183]], requires_grad=True)
[2023-01-19 20:41:02,636][__main__][INFO] - scores: tensor([[24.6875, 25.4062, 24.6406, 22.9844, 24.2969]], device='cuda:0',
       dtype=torch.float16, grad_fn=<MmBackward>)
[2023-01-19 20:41:02,920][__main__][INFO] - parameters: Parameter containing:
tensor([[-0.6205, -0.2154,  0.4886,  0.0495,  0.1447, -0.8986,  0.2438,  0.1229,
          0.5931,  0.0342]], requires_grad=True)
[2023-01-19 20:41:02,923][__main__][INFO] - scores: tensor([[24.6875, 25.3750, 24.6094, 22.8906, 24.2812]], device='cuda:0',
       dtype=torch.float16, grad_fn=<MmBackward>)
[2023-01-19 20:41:03,229][__main__][INFO] - parameters: Parameter containing:
tensor([[-0.6239, -0.2401,  0.4822,  0.0508,  0.1498, -0.8870,  0.2476,  0.1101,
          0.6000,  0.0358]], requires_grad=True)
[2023-01-19 20:41:03,231][__main__][INFO] - scores: tensor([[24.7344, 25.3906, 24.6250, 22.9531, 24.2812]], device='cuda:0',
       dtype=torch.float16, grad_fn=<MmBackward>)
[2023-01-19 20:41:03,537][__main__][INFO] - parameters: Parameter containing:
tensor([[-0.6377, -0.2506,  0.4883,  0.0645,  0.1652, -0.8803,  0.2526,  0.0962,
          0.5949,  0.0180]], requires_grad=True)
[2023-01-19 20:41:03,539][__main__][INFO] - scores: tensor([[24.7500, 25.4375, 24.6719, 22.9688, 24.3281]], device='cuda:0',
       dtype=torch.float16, grad_fn=<MmBackward>)
[2023-01-19 20:41:03,827][__main__][INFO] - parameters: Parameter containing:
tensor([[-6.4655e-01, -2.6522e-01,  4.8402e-01,  7.7578e-02,  1.7431e-01,
         -8.6826e-01,  2.4850e-01,  9.2149e-02,  5.8851e-01,  7.7595e-04]],
       requires_grad=True)
[2023-01-19 20:41:03,833][__main__][INFO] - scores: tensor([[24.6562, 25.4062, 24.6250, 22.9531, 24.2969]], device='cuda:0',
       dtype=torch.float16, grad_fn=<MmBackward>)
[2023-01-19 20:41:04,143][__main__][INFO] - parameters: Parameter containing:
tensor([[-0.6432, -0.2802,  0.4723,  0.0945,  0.1826, -0.8585,  0.2399,  0.1048,
          0.5808, -0.0169]], requires_grad=True)
[2023-01-19 20:41:04,145][__main__][INFO] - scores: tensor([[24.6250, 25.4062, 24.6250, 22.9219, 24.3125]], device='cuda:0',
       dtype=torch.float16, grad_fn=<MmBackward>)
[2023-01-19 20:41:04,447][__main__][INFO] - parameters: Parameter containing:
tensor([[-0.6454, -0.3064,  0.4582,  0.1045,  0.1949, -0.8476,  0.2413,  0.1203,
          0.5771, -0.0212]], requires_grad=True)
[2023-01-19 20:41:04,449][__main__][INFO] - scores: tensor([[24.6719, 25.3906, 24.6250, 22.9688, 24.3281]], device='cuda:0',
       dtype=torch.float16, grad_fn=<MmBackward>)
[2023-01-19 20:41:04,734][__main__][INFO] - parameters: Parameter containing:
tensor([[-0.6603, -0.3156,  0.4667,  0.1068,  0.2126, -0.8558,  0.2612,  0.1437,
          0.5872, -0.0118]], requires_grad=True)
[2023-01-19 20:41:04,739][__main__][INFO] - scores: tensor([[24.6562, 25.3906, 24.6094, 22.9844, 24.3438]], device='cuda:0',
       dtype=torch.float16, grad_fn=<MmBackward>)
[2023-01-19 20:41:05,051][__main__][INFO] - parameters: Parameter containing:
tensor([[-0.6701, -0.3258,  0.4698,  0.1002,  0.2194, -0.8644,  0.2748,  0.1622,
          0.5925,  0.0140]], requires_grad=True)
[2023-01-19 20:41:05,057][__main__][INFO] - scores: tensor([[24.6719, 25.4219, 24.6562, 23.0000, 24.3750]], device='cuda:0',
       dtype=torch.float16, grad_fn=<MmBackward>)
[2023-01-19 20:41:05,357][__main__][INFO] - parameters: Parameter containing:
tensor([[-0.6757, -0.3341,  0.4744,  0.0939,  0.2261, -0.8847,  0.2913,  0.1855,
          0.6030,  0.0445]], requires_grad=True)
[2023-01-19 20:41:05,363][__main__][INFO] - scores: tensor([[24.6875, 25.4375, 24.6562, 23.0000, 24.3594]], device='cuda:0',
       dtype=torch.float16, grad_fn=<MmBackward>)
[2023-01-19 20:41:05,663][__main__][INFO] - parameters: Parameter containing:
tensor([[-0.6842, -0.3246,  0.4832,  0.0955,  0.2196, -0.9071,  0.2927,  0.1859,
          0.6012,  0.0697]], requires_grad=True)
[2023-01-19 20:41:05,669][__main__][INFO] - scores: tensor([[24.7031, 25.4375, 24.6719, 23.0156, 24.3594]], device='cuda:0',
       dtype=torch.float16, grad_fn=<MmBackward>)
[2023-01-19 20:41:05,972][__main__][INFO] - parameters: Parameter containing:
tensor([[-0.7029, -0.3153,  0.5015,  0.0918,  0.2178, -0.9330,  0.3014,  0.1885,
          0.6046,  0.0938]], requires_grad=True)
[2023-01-19 20:41:05,976][__main__][INFO] - scores: tensor([[24.7344, 25.4531, 24.6719, 23.0312, 24.3750]], device='cuda:0',
       dtype=torch.float16, grad_fn=<MmBackward>)
[2023-01-19 20:41:06,274][__main__][INFO] - parameters: Parameter containing:
tensor([[-0.7137, -0.3079,  0.5169,  0.0946,  0.2179, -0.9564,  0.3200,  0.1740,
          0.5922,  0.1165]], requires_grad=True)
[2023-01-19 20:41:06,280][__main__][INFO] - scores: tensor([[24.7344, 25.4375, 24.6562, 23.0000, 24.3594]], device='cuda:0',
       dtype=torch.float16, grad_fn=<MmBackward>)
[2023-01-19 20:41:06,587][__main__][INFO] - parameters: Parameter containing:
tensor([[-0.7134, -0.3002,  0.5198,  0.0764,  0.2275, -0.9800,  0.3329,  0.2110,
          0.5700,  0.1179]], requires_grad=True)
[2023-01-19 20:41:06,591][__main__][INFO] - scores: tensor([[24.7656, 25.4531, 24.6875, 22.9688, 24.3594]], device='cuda:0',
       dtype=torch.float16, grad_fn=<MmBackward>)
[2023-01-19 20:41:06,895][__main__][INFO] - parameters: Parameter containing:
tensor([[-0.7044, -0.3021,  0.4994,  0.0405,  0.2176, -0.9926,  0.3196,  0.2436,
          0.5457,  0.1267]], requires_grad=True)
[2023-01-19 20:41:06,901][__main__][INFO] - scores: tensor([[24.7031, 25.4531, 24.6562, 22.9219, 24.3281]], device='cuda:0',
       dtype=torch.float16, grad_fn=<MmBackward>)
[2023-01-19 20:41:07,198][__main__][INFO] - parameters: Parameter containing:
tensor([[-0.6939, -0.3028,  0.4883,  0.0092,  0.2214, -1.0152,  0.3243,  0.2878,
          0.5318,  0.1370]], requires_grad=True)
[2023-01-19 20:41:07,204][__main__][INFO] - scores: tensor([[24.7812, 25.4375, 24.6875, 23.1094, 24.4062]], device='cuda:0',
       dtype=torch.float16, grad_fn=<MmBackward>)
[2023-01-19 20:41:07,489][__main__][INFO] - parameters: Parameter containing:
tensor([[-0.6960, -0.2973,  0.4814, -0.0261,  0.2301, -1.0369,  0.3281,  0.3185,
          0.5022,  0.1441]], requires_grad=True)
[2023-01-19 20:41:07,496][__main__][INFO] - scores: tensor([[24.7500, 25.4375, 24.7031, 23.1406, 24.4375]], device='cuda:0',
       dtype=torch.float16, grad_fn=<MmBackward>)
[2023-01-19 20:41:07,803][__main__][INFO] - parameters: Parameter containing:
tensor([[-0.7042, -0.2852,  0.4782, -0.0524,  0.2370, -1.0537,  0.3357,  0.3256,
          0.4607,  0.1583]], requires_grad=True)
[2023-01-19 20:41:07,809][__main__][INFO] - scores: tensor([[24.7188, 25.4375, 24.6875, 23.0938, 24.4219]], device='cuda:0',
       dtype=torch.float16, grad_fn=<MmBackward>)
[2023-01-19 20:41:08,086][__main__][INFO] - parameters: Parameter containing:
tensor([[-0.7126, -0.2681,  0.4789, -0.0821,  0.2327, -1.0693,  0.3421,  0.3432,
          0.4377,  0.1827]], requires_grad=True)
[2023-01-19 20:41:08,088][__main__][INFO] - scores: tensor([[24.6562, 25.4375, 24.7031, 23.1094, 24.4375]], device='cuda:0',
       dtype=torch.float16, grad_fn=<MmBackward>)
[2023-01-19 20:41:08,390][__main__][INFO] - parameters: Parameter containing:
tensor([[-0.7138, -0.2716,  0.4613, -0.1067,  0.2228, -1.0618,  0.3396,  0.3378,
          0.3895,  0.2142]], requires_grad=True)
[2023-01-19 20:41:08,395][__main__][INFO] - scores: tensor([[24.6250, 25.4062, 24.7188, 23.2031, 24.5000]], device='cuda:0',
       dtype=torch.float16, grad_fn=<MmBackward>)
[2023-01-19 20:41:08,700][__main__][INFO] - parameters: Parameter containing:
tensor([[-0.7199, -0.2785,  0.4543, -0.1221,  0.2228, -1.0547,  0.3480,  0.3513,
          0.3506,  0.2360]], requires_grad=True)
[2023-01-19 20:41:08,704][__main__][INFO] - scores: tensor([[24.5781, 25.4062, 24.6875, 23.2031, 24.4844]], device='cuda:0',
       dtype=torch.float16, grad_fn=<MmBackward>)
[2023-01-19 20:41:08,997][__main__][INFO] - parameters: Parameter containing:
tensor([[-0.7160, -0.2784,  0.4513, -0.1265,  0.2213, -1.0510,  0.3555,  0.3738,
          0.3211,  0.2491]], requires_grad=True)
[2023-01-19 20:41:08,998][__main__][INFO] - scores: tensor([[24.6562, 25.4531, 24.7500, 23.2656, 24.5000]], device='cuda:0',
       dtype=torch.float16, grad_fn=<MmBackward>)
[2023-01-19 20:41:09,303][__main__][INFO] - parameters: Parameter containing:
tensor([[-0.7062, -0.2690,  0.4545, -0.1068,  0.2181, -1.0437,  0.3526,  0.4067,
          0.3042,  0.2379]], requires_grad=True)
[2023-01-19 20:41:09,305][__main__][INFO] - scores: tensor([[24.6250, 25.4375, 24.7188, 23.2344, 24.5000]], device='cuda:0',
       dtype=torch.float16, grad_fn=<MmBackward>)
[2023-01-19 20:41:09,602][__main__][INFO] - parameters: Parameter containing:
tensor([[-0.7129, -0.2556,  0.4681, -0.0922,  0.2153, -1.0337,  0.3496,  0.4389,
          0.2981,  0.2172]], requires_grad=True)
[2023-01-19 20:41:09,603][__main__][INFO] - scores: tensor([[24.6406, 25.4375, 24.7500, 23.2500, 24.5000]], device='cuda:0',
       dtype=torch.float16, grad_fn=<MmBackward>)
[2023-01-19 20:41:09,917][__main__][INFO] - parameters: Parameter containing:
tensor([[-0.7371, -0.2392,  0.4913, -0.0826,  0.2055, -1.0209,  0.3454,  0.4701,
          0.2964,  0.1949]], requires_grad=True)
[2023-01-19 20:41:09,919][__main__][INFO] - scores: tensor([[24.6250, 25.4062, 24.7344, 23.2188, 24.4844]], device='cuda:0',
       dtype=torch.float16, grad_fn=<MmBackward>)
[2023-01-19 20:41:10,201][__main__][INFO] - parameters: Parameter containing:
tensor([[-0.7546, -0.2138,  0.5184, -0.0763,  0.1954, -1.0281,  0.3385,  0.5086,
          0.3071,  0.1798]], requires_grad=True)
[2023-01-19 20:41:10,202][__main__][INFO] - scores: tensor([[24.5312, 25.4219, 24.7031, 23.1875, 24.5156]], device='cuda:0',
       dtype=torch.float16, grad_fn=<MmBackward>)
[2023-01-19 20:41:10,511][__main__][INFO] - parameters: Parameter containing:
tensor([[-0.7534, -0.1816,  0.5361, -0.0570,  0.1708, -1.0274,  0.3172,  0.5452,
          0.3244,  0.1567]], requires_grad=True)
[2023-01-19 20:41:10,517][__main__][INFO] - scores: tensor([[24.5312, 25.4531, 24.7656, 23.1875, 24.5000]], device='cuda:0',
       dtype=torch.float16, grad_fn=<MmBackward>)
[2023-01-19 20:41:10,814][__main__][INFO] - parameters: Parameter containing:
tensor([[-0.7462, -0.1448,  0.5610, -0.0275,  0.1593, -1.0367,  0.3097,  0.5792,
          0.3429,  0.1379]], requires_grad=True)
[2023-01-19 20:41:10,819][__main__][INFO] - scores: tensor([[24.5469, 25.4531, 24.7500, 23.1719, 24.5156]], device='cuda:0',
       dtype=torch.float16, grad_fn=<MmBackward>)
[2023-01-19 20:41:11,109][__main__][INFO] - parameters: Parameter containing:
tensor([[-0.7367, -0.1184,  0.5800, -0.0067,  0.1345, -1.0281,  0.3034,  0.6009,
          0.3721,  0.1291]], requires_grad=True)
[2023-01-19 20:41:11,116][__main__][INFO] - scores: tensor([[24.5625, 25.4531, 24.7500, 23.1719, 24.5156]], device='cuda:0',
       dtype=torch.float16, grad_fn=<MmBackward>)
[2023-01-19 20:41:11,397][__main__][INFO] - parameters: Parameter containing:
tensor([[-0.7304, -0.1006,  0.6020,  0.0161,  0.1245, -1.0178,  0.3153,  0.6079,
          0.3916,  0.1300]], requires_grad=True)
[2023-01-19 20:41:11,400][__main__][INFO] - scores: tensor([[24.6250, 25.5000, 24.7812, 23.1094, 24.5156]], device='cuda:0',
       dtype=torch.float16, grad_fn=<MmBackward>)
[2023-01-19 20:41:11,710][__main__][INFO] - parameters: Parameter containing:
tensor([[-0.7231, -0.1004,  0.6190,  0.0446,  0.1187, -0.9934,  0.3320,  0.6031,
          0.4010,  0.1354]], requires_grad=True)
[2023-01-19 20:41:11,713][__main__][INFO] - scores: tensor([[24.6250, 25.4531, 24.7188, 23.0312, 24.4688]], device='cuda:0',
       dtype=torch.float16, grad_fn=<MmBackward>)
[2023-01-19 20:41:12,024][__main__][INFO] - parameters: Parameter containing:
tensor([[-0.7148, -0.1082,  0.6298,  0.0563,  0.1200, -0.9733,  0.3553,  0.5885,
          0.3949,  0.1581]], requires_grad=True)
[2023-01-19 20:41:12,030][__main__][INFO] - scores: tensor([[24.6406, 25.4844, 24.7031, 22.9219, 24.3906]], device='cuda:0',
       dtype=torch.float16, grad_fn=<MmBackward>)
[2023-01-19 20:41:12,322][__main__][INFO] - parameters: Parameter containing:
tensor([[-0.7045, -0.1291,  0.6341,  0.0662,  0.1191, -0.9534,  0.3755,  0.5816,
          0.3874,  0.1939]], requires_grad=True)
[2023-01-19 20:41:12,323][__main__][INFO] - scores: tensor([[24.6719, 25.4219, 24.6875, 22.8906, 24.4062]], device='cuda:0',
       dtype=torch.float16, grad_fn=<MmBackward>)
[2023-01-19 20:41:12,625][__main__][INFO] - parameters: Parameter containing:
tensor([[-0.6908, -0.1437,  0.6306,  0.0675,  0.1048, -0.9394,  0.3860,  0.5717,
          0.3820,  0.2422]], requires_grad=True)
[2023-01-19 20:41:12,628][__main__][INFO] - scores: tensor([[24.5781, 25.4375, 24.6719, 22.8438, 24.3594]], device='cuda:0',
       dtype=torch.float16, grad_fn=<MmBackward>)
[2023-01-19 20:41:12,940][__main__][INFO] - parameters: Parameter containing:
tensor([[-0.6680, -0.1452,  0.6226,  0.0631,  0.0700, -0.9228,  0.3810,  0.5629,
          0.3999,  0.3026]], requires_grad=True)
[2023-01-19 20:41:12,946][__main__][INFO] - scores: tensor([[24.5312, 25.4688, 24.6875, 22.9375, 24.3750]], device='cuda:0',
       dtype=torch.float16, grad_fn=<MmBackward>)
[2023-01-19 20:41:13,245][__main__][INFO] - parameters: Parameter containing:
tensor([[-0.6557, -0.1573,  0.6128,  0.0415,  0.0484, -0.9096,  0.3854,  0.5622,
          0.4156,  0.3528]], requires_grad=True)
[2023-01-19 20:41:13,249][__main__][INFO] - scores: tensor([[24.4844, 25.4062, 24.5938, 22.8438, 24.2969]], device='cuda:0',
       dtype=torch.float16, grad_fn=<MmBackward>)
[2023-01-19 20:41:13,534][__main__][INFO] - parameters: Parameter containing:
tensor([[-0.6443, -0.1769,  0.5999,  0.0259,  0.0295, -0.8936,  0.3915,  0.5599,
          0.4271,  0.3998]], requires_grad=True)
[2023-01-19 20:41:13,539][__main__][INFO] - scores: tensor([[24.4531, 25.3906, 24.5781, 22.8281, 24.2812]], device='cuda:0',
       dtype=torch.float16, grad_fn=<MmBackward>)
[2023-01-19 20:41:13,838][__main__][INFO] - parameters: Parameter containing:
tensor([[-0.6493, -0.1798,  0.6064,  0.0124,  0.0216, -0.8910,  0.4057,  0.5636,
          0.4465,  0.4232]], requires_grad=True)
[2023-01-19 20:41:13,842][__main__][INFO] - scores: tensor([[24.5000, 25.3750, 24.5781, 22.8281, 24.2656]], device='cuda:0',
       dtype=torch.float16, grad_fn=<MmBackward>)
[2023-01-19 20:41:14,134][__main__][INFO] - parameters: Parameter containing:
tensor([[-0.6537, -0.1724,  0.6140,  0.0090,  0.0164, -0.8964,  0.4115,  0.5645,
          0.4572,  0.4355]], requires_grad=True)
[2023-01-19 20:41:14,139][__main__][INFO] - scores: tensor([[24.5000, 25.3750, 24.5781, 22.7812, 24.2656]], device='cuda:0',
       dtype=torch.float16, grad_fn=<MmBackward>)
[2023-01-19 20:41:14,459][__main__][INFO] - parameters: Parameter containing:
tensor([[-0.6616, -0.1540,  0.6219,  0.0035,  0.0066, -0.9051,  0.4056,  0.5625,
          0.4621,  0.4438]], requires_grad=True)
[2023-01-19 20:41:14,462][__main__][INFO] - scores: tensor([[24.5000, 25.3594, 24.5781, 22.8125, 24.2500]], device='cuda:0',
       dtype=torch.float16, grad_fn=<MmBackward>)
[2023-01-19 20:41:14,747][__main__][INFO] - parameters: Parameter containing:
tensor([[-0.6719, -0.1466,  0.6257, -0.0036,  0.0016, -0.9110,  0.3971,  0.5654,
          0.4659,  0.4542]], requires_grad=True)
[2023-01-19 20:41:14,754][__main__][INFO] - scores: tensor([[24.5312, 25.3750, 24.6094, 22.8438, 24.2812]], device='cuda:0',
       dtype=torch.float16, grad_fn=<MmBackward>)
[2023-01-19 20:41:15,057][__main__][INFO] - parameters: Parameter containing:
tensor([[-0.6695, -0.1386,  0.6278,  0.0034, -0.0109, -0.9053,  0.3864,  0.5777,
          0.4789,  0.4559]], requires_grad=True)
[2023-01-19 20:41:15,062][__main__][INFO] - scores: tensor([[24.5312, 25.3750, 24.6094, 22.8594, 24.3125]], device='cuda:0',
       dtype=torch.float16, grad_fn=<MmBackward>)
[2023-01-19 20:41:15,367][__main__][INFO] - parameters: Parameter containing:
tensor([[-0.6582, -0.1429,  0.6213,  0.0207, -0.0223, -0.8879,  0.3712,  0.6034,
          0.4906,  0.4563]], requires_grad=True)
[2023-01-19 20:41:15,370][__main__][INFO] - scores: tensor([[24.5156, 25.3438, 24.5781, 22.8438, 24.3438]], device='cuda:0',
       dtype=torch.float16, grad_fn=<MmBackward>)
[2023-01-19 20:41:15,679][__main__][INFO] - parameters: Parameter containing:
tensor([[-0.6610, -0.1403,  0.6269,  0.0316, -0.0329, -0.8777,  0.3628,  0.6303,
          0.5166,  0.4560]], requires_grad=True)
[2023-01-19 20:41:15,680][__main__][INFO] - scores: tensor([[24.5000, 25.3750, 24.5938, 22.8594, 24.3281]], device='cuda:0',
       dtype=torch.float16, grad_fn=<MmBackward>)
[2023-01-19 20:41:15,980][__main__][INFO] - parameters: Parameter containing:
tensor([[-0.6797, -0.1454,  0.6372,  0.0264, -0.0306, -0.8774,  0.3710,  0.6561,
          0.5395,  0.4691]], requires_grad=True)
[2023-01-19 20:41:15,982][__main__][INFO] - scores: tensor([[24.5469, 25.4062, 24.6406, 22.9062, 24.3594]], device='cuda:0',
       dtype=torch.float16, grad_fn=<MmBackward>)
[2023-01-19 20:41:16,285][__main__][INFO] - parameters: Parameter containing:
tensor([[-0.6832, -0.1568,  0.6388,  0.0283, -0.0286, -0.8710,  0.3790,  0.6870,
          0.5624,  0.4855]], requires_grad=True)
[2023-01-19 20:41:16,289][__main__][INFO] - scores: tensor([[24.5625, 25.4219, 24.6719, 22.9219, 24.3906]], device='cuda:0',
       dtype=torch.float16, grad_fn=<MmBackward>)
[2023-01-19 20:41:16,587][__main__][INFO] - parameters: Parameter containing:
tensor([[-0.6738, -0.1652,  0.6358,  0.0335, -0.0386, -0.8552,  0.3842,  0.7076,
          0.5955,  0.5128]], requires_grad=True)
[2023-01-19 20:41:16,590][__main__][INFO] - scores: tensor([[24.5000, 25.4375, 24.6719, 22.9062, 24.3906]], device='cuda:0',
       dtype=torch.float16, grad_fn=<MmBackward>)
[2023-01-19 20:41:16,891][__main__][INFO] - parameters: Parameter containing:
tensor([[-0.6608, -0.1750,  0.6316,  0.0323, -0.0519, -0.8396,  0.3912,  0.7157,
          0.6328,  0.5443]], requires_grad=True)
[2023-01-19 20:41:16,893][__main__][INFO] - scores: tensor([[24.5000, 25.4062, 24.6875, 23.0312, 24.4219]], device='cuda:0',
       dtype=torch.float16, grad_fn=<MmBackward>)
[2023-01-19 20:41:17,196][__main__][INFO] - parameters: Parameter containing:
tensor([[-0.6680, -0.1839,  0.6323,  0.0148, -0.0594, -0.8375,  0.4020,  0.7280,
          0.6732,  0.5736]], requires_grad=True)
[2023-01-19 20:41:17,201][__main__][INFO] - scores: tensor([[24.5156, 25.3594, 24.6094, 23.0156, 24.3750]], device='cuda:0',
       dtype=torch.float16, grad_fn=<MmBackward>)
[2023-01-19 20:41:17,511][__main__][INFO] - parameters: Parameter containing:
tensor([[-0.6788, -0.1841,  0.6353,  0.0012, -0.0592, -0.8464,  0.4123,  0.7376,
          0.7060,  0.6025]], requires_grad=True)
[2023-01-19 20:41:17,517][__main__][INFO] - scores: tensor([[24.5000, 25.3750, 24.5781, 22.9062, 24.3281]], device='cuda:0',
       dtype=torch.float16, grad_fn=<MmBackward>)
[2023-01-19 20:41:17,818][__main__][INFO] - parameters: Parameter containing:
tensor([[-0.6793, -0.1882,  0.6346, -0.0034, -0.0520, -0.8490,  0.4306,  0.7407,
          0.7374,  0.6350]], requires_grad=True)
[2023-01-19 20:41:17,820][__main__][INFO] - scores: tensor([[24.5000, 25.4219, 24.6250, 22.9375, 24.3594]], device='cuda:0',
       dtype=torch.float16, grad_fn=<MmBackward>)
[2023-01-19 20:41:18,131][__main__][INFO] - parameters: Parameter containing:
tensor([[-0.6798, -0.1735,  0.6458,  0.0155, -0.0382, -0.8516,  0.4502,  0.7247,
          0.7553,  0.6644]], requires_grad=True)
[2023-01-19 20:41:18,133][__main__][INFO] - scores: tensor([[24.5000, 25.4062, 24.6094, 22.9062, 24.3594]], device='cuda:0',
       dtype=torch.float16, grad_fn=<MmBackward>)
[2023-01-19 20:41:18,441][__main__][INFO] - parameters: Parameter containing:
tensor([[-0.6775, -0.1297,  0.6672,  0.0453, -0.0320, -0.8589,  0.4627,  0.6867,
          0.7617,  0.6855]], requires_grad=True)
[2023-01-19 20:41:18,443][__main__][INFO] - scores: tensor([[24.5156, 25.4062, 24.5938, 22.9062, 24.3438]], device='cuda:0',
       dtype=torch.float16, grad_fn=<MmBackward>)
[2023-01-19 20:41:18,748][__main__][INFO] - parameters: Parameter containing:
tensor([[-0.6821, -0.0853,  0.6930,  0.0747, -0.0238, -0.8637,  0.4744,  0.6562,
          0.7713,  0.7032]], requires_grad=True)
[2023-01-19 20:41:18,754][__main__][INFO] - scores: tensor([[24.5781, 25.3750, 24.6406, 22.9844, 24.4531]], device='cuda:0',
       dtype=torch.float16, grad_fn=<MmBackward>)
[2023-01-19 20:41:19,025][__main__][INFO] - parameters: Parameter containing:
tensor([[-0.6964, -0.0477,  0.7198,  0.0865, -0.0225, -0.8672,  0.4905,  0.6219,
          0.7875,  0.7239]], requires_grad=True)
[2023-01-19 20:41:19,027][__main__][INFO] - scores: tensor([[24.5312, 25.4219, 24.6562, 22.9062, 24.3906]], device='cuda:0',
       dtype=torch.float16, grad_fn=<MmBackward>)
[2023-01-19 20:41:19,334][__main__][INFO] - parameters: Parameter containing:
tensor([[-0.7029, -0.0248,  0.7383,  0.1073, -0.0110, -0.8602,  0.5148,  0.5872,
          0.7967,  0.7476]], requires_grad=True)
[2023-01-19 20:41:19,337][__main__][INFO] - scores: tensor([[24.5625, 25.4062, 24.6406, 22.9062, 24.3906]], device='cuda:0',
       dtype=torch.float16, grad_fn=<MmBackward>)
[2023-01-19 20:41:19,636][__main__][INFO] - parameters: Parameter containing:
tensor([[-0.7000, -0.0045,  0.7538,  0.1348, -0.0040, -0.8488,  0.5386,  0.5541,
          0.8128,  0.7722]], requires_grad=True)
[2023-01-19 20:41:19,640][__main__][INFO] - scores: tensor([[24.4844, 25.4219, 24.6562, 22.9375, 24.3594]], device='cuda:0',
       dtype=torch.float16, grad_fn=<MmBackward>)
[2023-01-19 20:41:19,940][__main__][INFO] - parameters: Parameter containing:
tensor([[-0.6963,  0.0144,  0.7617,  0.1567, -0.0130, -0.8309,  0.5502,  0.5145,
          0.8297,  0.7915]], requires_grad=True)
[2023-01-19 20:41:19,942][__main__][INFO] - scores: tensor([[24.4844, 25.3750, 24.6406, 22.9688, 24.3594]], device='cuda:0',
       dtype=torch.float16, grad_fn=<MmBackward>)
[2023-01-19 20:41:20,241][__main__][INFO] - parameters: Parameter containing:
tensor([[-0.6993,  0.0338,  0.7651,  0.1612, -0.0360, -0.8096,  0.5559,  0.4666,
          0.8450,  0.8157]], requires_grad=True)
[2023-01-19 20:41:20,243][__main__][INFO] - scores: tensor([[24.5156, 25.3906, 24.6406, 22.9688, 24.3750]], device='cuda:0',
       dtype=torch.float16, grad_fn=<MmBackward>)
[2023-01-19 20:41:20,561][__main__][INFO] - parameters: Parameter containing:
tensor([[-0.6886,  0.0470,  0.7440,  0.1565, -0.0773, -0.7739,  0.5377,  0.4069,
          0.8386,  0.8468]], requires_grad=True)
[2023-01-19 20:41:20,565][__main__][INFO] - scores: tensor([[24.4688, 25.3750, 24.6094, 22.9375, 24.3281]], device='cuda:0',
       dtype=torch.float16, grad_fn=<MmBackward>)
[2023-01-19 20:41:20,874][__main__][INFO] - parameters: Parameter containing:
tensor([[-0.6688,  0.0556,  0.7255,  0.1749, -0.1039, -0.7405,  0.5183,  0.3739,
          0.8293,  0.8594]], requires_grad=True)
[2023-01-19 20:41:20,876][__main__][INFO] - scores: tensor([[24.5000, 25.4062, 24.6562, 22.9375, 24.3281]], device='cuda:0',
       dtype=torch.float16, grad_fn=<MmBackward>)
[2023-01-19 20:41:21,166][__main__][INFO] - parameters: Parameter containing:
tensor([[-0.6441,  0.0800,  0.6971,  0.1818, -0.1405, -0.7183,  0.4720,  0.3547,
          0.8131,  0.8580]], requires_grad=True)
[2023-01-19 20:41:21,168][__main__][INFO] - scores: tensor([[24.5781, 25.3906, 24.6406, 23.0156, 24.3438]], device='cuda:0',
       dtype=torch.float16, grad_fn=<MmBackward>)
[2023-01-19 20:41:21,510][__main__][INFO] - parameters: Parameter containing:
tensor([[-0.6144,  0.1045,  0.6640,  0.1962, -0.1682, -0.6977,  0.4203,  0.3357,
          0.7845,  0.8505]], requires_grad=True)
[2023-01-19 20:41:21,516][__main__][INFO] - scores: tensor([[24.4844, 25.3281, 24.5469, 22.8906, 24.2656]], device='cuda:0',
       dtype=torch.float16, grad_fn=<MmBackward>)
[2023-01-19 20:41:21,819][__main__][INFO] - parameters: Parameter containing:
tensor([[-0.5925,  0.1327,  0.6376,  0.2170, -0.2043, -0.6698,  0.3619,  0.3220,
          0.7633,  0.8257]], requires_grad=True)
[2023-01-19 20:41:21,825][__main__][INFO] - scores: tensor([[24.5312, 25.3906, 24.5156, 22.7812, 24.2656]], device='cuda:0',
       dtype=torch.float16, grad_fn=<MmBackward>)
[2023-01-19 20:41:22,141][__main__][INFO] - parameters: Parameter containing:
tensor([[-0.5706,  0.1710,  0.6179,  0.2363, -0.2493, -0.6379,  0.2977,  0.3059,
          0.7553,  0.7884]], requires_grad=True)
[2023-01-19 20:41:22,145][__main__][INFO] - scores: tensor([[24.5469, 25.3750, 24.5469, 22.8906, 24.2812]], device='cuda:0',
       dtype=torch.float16, grad_fn=<MmBackward>)
[2023-01-19 20:41:22,424][__main__][INFO] - parameters: Parameter containing:
tensor([[-0.5594,  0.2053,  0.5987,  0.2436, -0.2965, -0.6060,  0.2362,  0.2840,
          0.7586,  0.7657]], requires_grad=True)
[2023-01-19 20:41:22,426][__main__][INFO] - scores: tensor([[24.6250, 25.3438, 24.5625, 22.9688, 24.2969]], device='cuda:0',
       dtype=torch.float16, grad_fn=<MmBackward>)
[2023-01-19 20:41:22,731][__main__][INFO] - parameters: Parameter containing:
tensor([[-0.5599,  0.2329,  0.5792,  0.2327, -0.3307, -0.5859,  0.1886,  0.2671,
          0.7556,  0.7470]], requires_grad=True)
[2023-01-19 20:41:22,734][__main__][INFO] - scores: tensor([[24.6406, 25.3594, 24.5781, 23.0312, 24.3125]], device='cuda:0',
       dtype=torch.float16, grad_fn=<MmBackward>)
[2023-01-19 20:41:23,047][__main__][INFO] - parameters: Parameter containing:
tensor([[-0.5627,  0.2572,  0.5467,  0.2099, -0.3723, -0.5577,  0.1227,  0.2542,
          0.7544,  0.7232]], requires_grad=True)
[2023-01-19 20:41:23,053][__main__][INFO] - scores: tensor([[24.5938, 25.3750, 24.5625, 22.9844, 24.2812]], device='cuda:0',
       dtype=torch.float16, grad_fn=<MmBackward>)
[2023-01-19 20:41:23,345][__main__][INFO] - parameters: Parameter containing:
tensor([[-0.5696,  0.2812,  0.5317,  0.2043, -0.4111, -0.5263,  0.0703,  0.2488,
          0.7618,  0.6895]], requires_grad=True)
[2023-01-19 20:41:23,347][__main__][INFO] - scores: tensor([[24.5781, 25.4219, 24.5625, 22.9844, 24.3281]], device='cuda:0',
       dtype=torch.float16, grad_fn=<MmBackward>)
[2023-01-19 20:41:23,678][__main__][INFO] - parameters: Parameter containing:
tensor([[-0.5629,  0.2890,  0.4992,  0.2035, -0.4627, -0.4760,  0.0082,  0.2376,
          0.7684,  0.6664]], requires_grad=True)
[2023-01-19 20:41:23,683][__main__][INFO] - scores: tensor([[24.5938, 25.4375, 24.5625, 22.9531, 24.3281]], device='cuda:0',
       dtype=torch.float16, grad_fn=<MmBackward>)
[2023-01-19 20:41:23,979][__main__][INFO] - parameters: Parameter containing:
tensor([[-0.5513,  0.2909,  0.4527,  0.2023, -0.5251, -0.4231, -0.0655,  0.2223,
          0.7694,  0.6627]], requires_grad=True)
[2023-01-19 20:41:23,985][__main__][INFO] - scores: tensor([[24.5781, 25.4531, 24.5938, 22.9375, 24.2969]], device='cuda:0',
       dtype=torch.float16, grad_fn=<MmBackward>)
[2023-01-19 20:41:24,284][__main__][INFO] - parameters: Parameter containing:
tensor([[-0.5282,  0.2945,  0.4043,  0.2083, -0.5796, -0.3739, -0.1314,  0.1969,
          0.7577,  0.6666]], requires_grad=True)
[2023-01-19 20:41:24,288][__main__][INFO] - scores: tensor([[24.5625, 25.4688, 24.6094, 22.9688, 24.2969]], device='cuda:0',
       dtype=torch.float16, grad_fn=<MmBackward>)
[2023-01-19 20:41:24,581][__main__][INFO] - parameters: Parameter containing:
tensor([[-0.5103,  0.2987,  0.3569,  0.2066, -0.6224, -0.3372, -0.1926,  0.1699,
          0.7371,  0.6698]], requires_grad=True)
[2023-01-19 20:41:24,583][__main__][INFO] - scores: tensor([[24.5000, 25.3906, 24.5469, 22.9062, 24.2656]], device='cuda:0',
       dtype=torch.float16, grad_fn=<MmBackward>)
[2023-01-19 20:41:24,884][__main__][INFO] - parameters: Parameter containing:
tensor([[-0.4798,  0.3190,  0.3138,  0.2141, -0.6702, -0.3068, -0.2550,  0.1508,
          0.7276,  0.6643]], requires_grad=True)
[2023-01-19 20:41:24,888][__main__][INFO] - scores: tensor([[24.4844, 25.3906, 24.5781, 22.9844, 24.2812]], device='cuda:0',
       dtype=torch.float16, grad_fn=<MmBackward>)
[2023-01-19 20:41:25,179][__main__][INFO] - parameters: Parameter containing:
tensor([[-0.4522,  0.3180,  0.2577,  0.2164, -0.7267, -0.2571, -0.3337,  0.1314,
          0.7169,  0.6505]], requires_grad=True)
[2023-01-19 20:41:25,181][__main__][INFO] - scores: tensor([[24.3750, 25.3906, 24.5469, 23.0000, 24.2344]], device='cuda:0',
       dtype=torch.float16, grad_fn=<MmBackward>)
[2023-01-19 20:41:25,495][__main__][INFO] - parameters: Parameter containing:
tensor([[-0.4316,  0.3346,  0.2314,  0.2209, -0.7645, -0.2240, -0.3752,  0.1116,
          0.7183,  0.6396]], requires_grad=True)
[2023-01-19 20:41:25,500][__main__][INFO] - scores: tensor([[24.3750, 25.4062, 24.5469, 22.9844, 24.2500]], device='cuda:0',
       dtype=torch.float16, grad_fn=<MmBackward>)
[2023-01-19 20:41:25,829][__main__][INFO] - parameters: Parameter containing:
tensor([[-0.4202,  0.3435,  0.2028,  0.2203, -0.8043, -0.1936, -0.4207,  0.0953,
          0.7186,  0.6323]], requires_grad=True)
[2023-01-19 20:41:25,836][__main__][INFO] - scores: tensor([[24.3594, 25.3906, 24.5312, 22.9844, 24.2656]], device='cuda:0',
       dtype=torch.float16, grad_fn=<MmBackward>)
[2023-01-19 20:41:26,153][__main__][INFO] - parameters: Parameter containing:
tensor([[-0.4080,  0.3235,  0.1663,  0.2303, -0.8181, -0.1626, -0.4513,  0.0708,
          0.6830,  0.6390]], requires_grad=True)
[2023-01-19 20:41:26,160][__main__][INFO] - scores: tensor([[24.3438, 25.3594, 24.5156, 22.9844, 24.2656]], device='cuda:0',
       dtype=torch.float16, grad_fn=<MmBackward>)
[2023-01-19 20:41:26,486][__main__][INFO] - parameters: Parameter containing:
tensor([[-0.3797,  0.3003,  0.1271,  0.2264, -0.8236, -0.1461, -0.4638,  0.0530,
          0.6548,  0.6358]], requires_grad=True)
[2023-01-19 20:41:26,491][__main__][INFO] - scores: tensor([[24.2031, 25.2969, 24.4062, 23.0469, 24.2188]], device='cuda:0',
       dtype=torch.float16, grad_fn=<MmBackward>)
[2023-01-19 20:41:26,804][__main__][INFO] - parameters: Parameter containing:
tensor([[-0.3750,  0.2804,  0.1137,  0.2164, -0.8101, -0.1454, -0.4489,  0.0442,
          0.6387,  0.6401]], requires_grad=True)
[2023-01-19 20:41:26,810][__main__][INFO] - scores: tensor([[24.1406, 25.2500, 24.3594, 23.0312, 24.2344]], device='cuda:0',
       dtype=torch.float16, grad_fn=<MmBackward>)
[2023-01-19 20:41:27,113][__main__][INFO] - parameters: Parameter containing:
tensor([[-0.3648,  0.2607,  0.0899,  0.2063, -0.8105, -0.1366, -0.4482,  0.0354,
          0.6273,  0.6494]], requires_grad=True)
[2023-01-19 20:41:27,116][__main__][INFO] - scores: tensor([[24.2656, 25.2969, 24.4375, 22.9062, 24.2656]], device='cuda:0',
       dtype=torch.float16, grad_fn=<MmBackward>)
[2023-01-19 20:41:27,457][__main__][INFO] - parameters: Parameter containing:
tensor([[-0.3601,  0.2392,  0.0669,  0.2026, -0.8078, -0.1217, -0.4526,  0.0222,
          0.6090,  0.6612]], requires_grad=True)
[2023-01-19 20:41:27,462][__main__][INFO] - scores: tensor([[24.3125, 25.3125, 24.4219, 22.9062, 24.2969]], device='cuda:0',
       dtype=torch.float16, grad_fn=<MmBackward>)
[2023-01-19 20:41:27,775][__main__][INFO] - parameters: Parameter containing:
tensor([[-0.3583,  0.2101,  0.0405,  0.2031, -0.7928, -0.1075, -0.4561,  0.0071,
          0.5794,  0.6717]], requires_grad=True)
[2023-01-19 20:41:27,778][__main__][INFO] - scores: tensor([[24.3125, 25.3125, 24.4531, 22.9219, 24.3281]], device='cuda:0',
       dtype=torch.float16, grad_fn=<MmBackward>)
[2023-01-19 20:41:28,110][__main__][INFO] - parameters: Parameter containing:
tensor([[-0.3524,  0.1913,  0.0188,  0.2082, -0.7732, -0.1005, -0.4592,  0.0029,
          0.5564,  0.6728]], requires_grad=True)
[2023-01-19 20:41:28,113][__main__][INFO] - scores: tensor([[24.3750, 25.3438, 24.5156, 22.9531, 24.3594]], device='cuda:0',
       dtype=torch.float16, grad_fn=<MmBackward>)
[2023-01-19 20:41:28,425][__main__][INFO] - parameters: Parameter containing:
tensor([[-0.3400,  0.1727, -0.0105,  0.2112, -0.7711, -0.0868, -0.4698, -0.0198,
          0.5318,  0.6941]], requires_grad=True)
[2023-01-19 20:41:28,427][__main__][INFO] - scores: tensor([[24.3281, 25.3438, 24.5312, 22.9688, 24.3594]], device='cuda:0',
       dtype=torch.float16, grad_fn=<MmBackward>)
[2023-01-19 20:41:28,737][__main__][INFO] - parameters: Parameter containing:
tensor([[-0.3326,  0.1713, -0.0337,  0.2056, -0.7897, -0.0764, -0.4923, -0.0396,
          0.5251,  0.7060]], requires_grad=True)
[2023-01-19 20:41:28,743][__main__][INFO] - scores: tensor([[24.3438, 25.3594, 24.5000, 22.9688, 24.3594]], device='cuda:0',
       dtype=torch.float16, grad_fn=<MmBackward>)
[2023-01-19 20:41:29,049][__main__][INFO] - parameters: Parameter containing:
tensor([[-0.3233,  0.1725, -0.0468,  0.2145, -0.7956, -0.0687, -0.5027, -0.0664,
          0.5160,  0.7137]], requires_grad=True)
[2023-01-19 20:41:29,052][__main__][INFO] - scores: tensor([[24.3906, 25.3438, 24.4844, 22.9688, 24.3594]], device='cuda:0',
       dtype=torch.float16, grad_fn=<MmBackward>)
[2023-01-19 20:41:29,353][__main__][INFO] - parameters: Parameter containing:
tensor([[-0.3146,  0.1761, -0.0513,  0.2281, -0.7906, -0.0645, -0.5013, -0.0935,
          0.5117,  0.7154]], requires_grad=True)
[2023-01-19 20:41:29,359][__main__][INFO] - scores: tensor([[24.3906, 25.3594, 24.5156, 22.9688, 24.3750]], device='cuda:0',
       dtype=torch.float16, grad_fn=<MmBackward>)
[2023-01-19 20:41:29,654][__main__][INFO] - parameters: Parameter containing:
tensor([[-0.3095,  0.1748, -0.0504,  0.2526, -0.7768, -0.0577, -0.4911, -0.1214,
          0.5054,  0.7201]], requires_grad=True)
[2023-01-19 20:41:29,656][__main__][INFO] - scores: tensor([[24.2812, 25.3125, 24.4844, 23.0625, 24.3594]], device='cuda:0',
       dtype=torch.float16, grad_fn=<MmBackward>)
[2023-01-19 20:41:29,965][__main__][INFO] - parameters: Parameter containing:
tensor([[-0.3042,  0.1763, -0.0492,  0.2667, -0.7589, -0.0594, -0.4775, -0.1432,
          0.4985,  0.7210]], requires_grad=True)
[2023-01-19 20:41:29,967][__main__][INFO] - scores: tensor([[24.2656, 25.3125, 24.4844, 23.0625, 24.3750]], device='cuda:0',
       dtype=torch.float16, grad_fn=<MmBackward>)
[2023-01-19 20:41:30,264][__main__][INFO] - parameters: Parameter containing:
tensor([[-0.3059,  0.1746, -0.0428,  0.2808, -0.7269, -0.0750, -0.4560, -0.1528,
          0.4889,  0.7250]], requires_grad=True)
[2023-01-19 20:41:30,270][__main__][INFO] - scores: tensor([[24.2500, 25.2812, 24.4844, 23.1094, 24.3281]], device='cuda:0',
       dtype=torch.float16, grad_fn=<MmBackward>)
[2023-01-19 20:41:30,584][__main__][INFO] - parameters: Parameter containing:
tensor([[-0.3125,  0.1762, -0.0341,  0.2935, -0.7027, -0.0841, -0.4340, -0.1772,
          0.4768,  0.7332]], requires_grad=True)
[2023-01-19 20:41:30,585][__main__][INFO] - scores: tensor([[24.2812, 25.3125, 24.5156, 23.1250, 24.3438]], device='cuda:0',
       dtype=torch.float16, grad_fn=<MmBackward>)
[2023-01-19 20:41:30,893][__main__][INFO] - parameters: Parameter containing:
tensor([[-0.3254,  0.1858, -0.0238,  0.2918, -0.6882, -0.1012, -0.4186, -0.1879,
          0.4635,  0.7392]], requires_grad=True)
[2023-01-19 20:41:30,895][__main__][INFO] - scores: tensor([[24.2656, 25.3125, 24.5156, 23.1094, 24.3594]], device='cuda:0',
       dtype=torch.float16, grad_fn=<MmBackward>)
[2023-01-19 20:41:31,218][__main__][INFO] - parameters: Parameter containing:
tensor([[-0.3340,  0.1871, -0.0224,  0.2894, -0.6815, -0.1017, -0.4083, -0.1967,
          0.4428,  0.7349]], requires_grad=True)
[2023-01-19 20:41:31,224][__main__][INFO] - scores: tensor([[24.2656, 25.3281, 24.5156, 23.1250, 24.3594]], device='cuda:0',
       dtype=torch.float16, grad_fn=<MmBackward>)
[2023-01-19 20:41:31,538][__main__][INFO] - parameters: Parameter containing:
tensor([[-0.3375,  0.1835, -0.0141,  0.2887, -0.6702, -0.1035, -0.3819, -0.2070,
          0.4235,  0.7352]], requires_grad=True)
[2023-01-19 20:41:31,541][__main__][INFO] - scores: tensor([[24.2656, 25.2969, 24.4844, 23.1094, 24.3281]], device='cuda:0',
       dtype=torch.float16, grad_fn=<MmBackward>)
[2023-01-19 20:41:31,860][__main__][INFO] - parameters: Parameter containing:
tensor([[-0.3277,  0.1731, -0.0125,  0.2963, -0.6608, -0.0941, -0.3561, -0.2288,
          0.4020,  0.7401]], requires_grad=True)
[2023-01-19 20:41:31,867][__main__][INFO] - scores: tensor([[24.3125, 25.3125, 24.5156, 23.1406, 24.3594]], device='cuda:0',
       dtype=torch.float16, grad_fn=<MmBackward>)
[2023-01-19 20:41:32,201][__main__][INFO] - parameters: Parameter containing:
tensor([[-0.3207,  0.1589, -0.0054,  0.3070, -0.6430, -0.0847, -0.3246, -0.2391,
          0.3950,  0.7390]], requires_grad=True)
[2023-01-19 20:41:32,208][__main__][INFO] - scores: tensor([[24.3281, 25.3281, 24.5312, 23.1406, 24.3750]], device='cuda:0',
       dtype=torch.float16, grad_fn=<MmBackward>)
[2023-01-19 20:41:32,526][__main__][INFO] - parameters: Parameter containing:
tensor([[-0.3237,  0.1486,  0.0070,  0.3206, -0.6259, -0.0753, -0.3020, -0.2338,
          0.3943,  0.7270]], requires_grad=True)
[2023-01-19 20:41:32,528][__main__][INFO] - scores: tensor([[24.2812, 25.2969, 24.4844, 23.1250, 24.3281]], device='cuda:0',
       dtype=torch.float16, grad_fn=<MmBackward>)
[2023-01-19 20:41:32,820][__main__][INFO] - parameters: Parameter containing:
tensor([[-0.3332,  0.1537,  0.0359,  0.3426, -0.6090, -0.0771, -0.2729, -0.2317,
          0.4045,  0.7115]], requires_grad=True)
[2023-01-19 20:41:32,822][__main__][INFO] - scores: tensor([[24.3125, 25.3281, 24.5312, 23.0781, 24.3906]], device='cuda:0',
       dtype=torch.float16, grad_fn=<MmBackward>)
[2023-01-19 20:41:33,146][__main__][INFO] - parameters: Parameter containing:
tensor([[-0.3384,  0.1502,  0.0620,  0.3764, -0.5852, -0.0742, -0.2414, -0.2244,
          0.4133,  0.6957]], requires_grad=True)
[2023-01-19 20:41:33,152][__main__][INFO] - scores: tensor([[24.3750, 25.3438, 24.5625, 23.0625, 24.4062]], device='cuda:0',
       dtype=torch.float16, grad_fn=<MmBackward>)
[2023-01-19 20:41:33,487][__main__][INFO] - parameters: Parameter containing:
tensor([[-0.3486,  0.1467,  0.0925,  0.3987, -0.5650, -0.0769, -0.2045, -0.2202,
          0.4311,  0.6981]], requires_grad=True)
[2023-01-19 20:41:33,498][__main__][INFO] - scores: tensor([[24.3906, 25.3906, 24.6094, 23.0938, 24.4062]], device='cuda:0',
       dtype=torch.float16, grad_fn=<MmBackward>)
[2023-01-19 20:41:33,817][__main__][INFO] - parameters: Parameter containing:
tensor([[-0.3540,  0.1108,  0.1038,  0.4099, -0.5305, -0.0690, -0.1590, -0.2080,
          0.4319,  0.7064]], requires_grad=True)
[2023-01-19 20:41:33,820][__main__][INFO] - scores: tensor([[24.4062, 25.4062, 24.6250, 23.1094, 24.4219]], device='cuda:0',
       dtype=torch.float16, grad_fn=<MmBackward>)
[2023-01-19 20:41:34,144][__main__][INFO] - parameters: Parameter containing:
tensor([[-0.3433,  0.0765,  0.0951,  0.4164, -0.5039, -0.0658, -0.1316, -0.2016,
          0.4177,  0.7191]], requires_grad=True)
[2023-01-19 20:41:34,146][__main__][INFO] - scores: tensor([[24.4062, 25.3906, 24.6562, 23.1719, 24.4375]], device='cuda:0',
       dtype=torch.float16, grad_fn=<MmBackward>)
[2023-01-19 20:41:34,455][__main__][INFO] - parameters: Parameter containing:
tensor([[-0.3417,  0.0395,  0.0828,  0.4118, -0.4793, -0.0598, -0.1085, -0.1953,
          0.4007,  0.7294]], requires_grad=True)
[2023-01-19 20:41:34,457][__main__][INFO] - scores: tensor([[24.3281, 25.2812, 24.5312, 23.1719, 24.4375]], device='cuda:0',
       dtype=torch.float16, grad_fn=<MmBackward>)
[2023-01-19 20:41:34,770][__main__][INFO] - parameters: Parameter containing:
tensor([[-0.3470,  0.0099,  0.0716,  0.3995, -0.4613, -0.0515, -0.0931, -0.2005,
          0.3873,  0.7388]], requires_grad=True)
[2023-01-19 20:41:34,776][__main__][INFO] - scores: tensor([[24.3594, 25.3125, 24.5312, 23.1875, 24.4688]], device='cuda:0',
       dtype=torch.float16, grad_fn=<MmBackward>)
[2023-01-19 20:41:35,089][__main__][INFO] - parameters: Parameter containing:
tensor([[-0.3672, -0.0104,  0.0764,  0.3822, -0.4418, -0.0646, -0.0695, -0.2036,
          0.3802,  0.7600]], requires_grad=True)
[2023-01-19 20:41:35,090][__main__][INFO] - scores: tensor([[24.4531, 25.3594, 24.6094, 23.2031, 24.4688]], device='cuda:0',
       dtype=torch.float16, grad_fn=<MmBackward>)
[2023-01-19 20:41:35,387][__main__][INFO] - parameters: Parameter containing:
tensor([[-0.3874, -0.0363,  0.0732,  0.3578, -0.4324, -0.0715, -0.0519, -0.2101,
          0.3762,  0.7935]], requires_grad=True)
[2023-01-19 20:41:35,389][__main__][INFO] - scores: tensor([[24.4062, 25.3594, 24.5938, 23.2344, 24.5000]], device='cuda:0',
       dtype=torch.float16, grad_fn=<MmBackward>)
[2023-01-19 20:41:35,709][__main__][INFO] - parameters: Parameter containing:
tensor([[-0.4016, -0.0510,  0.0757,  0.3458, -0.4220, -0.0836, -0.0371, -0.2129,
          0.3735,  0.8245]], requires_grad=True)
[2023-01-19 20:41:35,713][__main__][INFO] - scores: tensor([[24.4219, 25.3281, 24.5781, 23.2188, 24.4688]], device='cuda:0',
       dtype=torch.float16, grad_fn=<MmBackward>)
[2023-01-19 20:41:36,032][__main__][INFO] - parameters: Parameter containing:
tensor([[-0.4140, -0.0612,  0.0751,  0.3324, -0.4228, -0.0941, -0.0333, -0.2129,
          0.3781,  0.8606]], requires_grad=True)
[2023-01-19 20:41:36,038][__main__][INFO] - scores: tensor([[24.4531, 25.3438, 24.5938, 23.2344, 24.5000]], device='cuda:0',
       dtype=torch.float16, grad_fn=<MmBackward>)
[2023-01-19 20:41:36,354][__main__][INFO] - parameters: Parameter containing:
tensor([[-0.4296, -0.0694,  0.0861,  0.3199, -0.4098, -0.1150, -0.0172, -0.1958,
          0.3895,  0.8793]], requires_grad=True)
[2023-01-19 20:41:36,359][__main__][INFO] - scores: tensor([[24.4844, 25.3438, 24.5938, 23.2188, 24.4531]], device='cuda:0',
       dtype=torch.float16, grad_fn=<MmBackward>)
[2023-01-19 20:41:36,696][__main__][INFO] - parameters: Parameter containing:
tensor([[-0.4243, -0.0931,  0.0757,  0.3181, -0.4029, -0.1017, -0.0117, -0.1840,
          0.3870,  0.8808]], requires_grad=True)
[2023-01-19 20:41:36,698][__main__][INFO] - scores: tensor([[24.5625, 25.3906, 24.6250, 23.2188, 24.4688]], device='cuda:0',
       dtype=torch.float16, grad_fn=<MmBackward>)
[2023-01-19 20:41:37,017][__main__][INFO] - parameters: Parameter containing:
tensor([[-0.4112, -0.1379,  0.0511,  0.3275, -0.3907, -0.0651, -0.0065, -0.1756,
          0.3780,  0.8711]], requires_grad=True)
[2023-01-19 20:41:37,018][__main__][INFO] - scores: tensor([[24.5469, 25.3594, 24.6250, 23.2656, 24.4531]], device='cuda:0',
       dtype=torch.float16, grad_fn=<MmBackward>)
[2023-01-19 20:41:37,412][__main__][INFO] - parameters: Parameter containing:
tensor([[-0.3945, -0.1733,  0.0227,  0.3427, -0.3803, -0.0391, -0.0110, -0.1850,
          0.3574,  0.8750]], requires_grad=True)
[2023-01-19 20:41:37,417][__main__][INFO] - scores: tensor([[24.5625, 25.3594, 24.6250, 23.3281, 24.4844]], device='cuda:0',
       dtype=torch.float16, grad_fn=<MmBackward>)
[2023-01-19 20:41:37,735][__main__][INFO] - parameters: Parameter containing:
tensor([[-0.3670, -0.1983, -0.0087,  0.3635, -0.3704, -0.0092, -0.0187, -0.1854,
          0.3306,  0.8624]], requires_grad=True)
[2023-01-19 20:41:37,738][__main__][INFO] - scores: tensor([[24.6250, 25.3906, 24.7344, 23.3594, 24.5312]], device='cuda:0',
       dtype=torch.float16, grad_fn=<MmBackward>)
[2023-01-19 20:41:38,042][__main__][INFO] - parameters: Parameter containing:
tensor([[-0.3446, -0.2343, -0.0319,  0.3897, -0.3438,  0.0189, -0.0086, -0.1796,
          0.3016,  0.8613]], requires_grad=True)
[2023-01-19 20:41:38,044][__main__][INFO] - scores: tensor([[24.5469, 25.4062, 24.7344, 23.3438, 24.5469]], device='cuda:0',
       dtype=torch.float16, grad_fn=<MmBackward>)
[2023-01-19 20:41:38,371][__main__][INFO] - parameters: Parameter containing:
tensor([[-0.3270, -0.2617, -0.0600,  0.4051, -0.3345,  0.0470, -0.0161, -0.1782,
          0.2700,  0.8596]], requires_grad=True)
[2023-01-19 20:41:38,377][__main__][INFO] - scores: tensor([[24.4531, 25.3750, 24.6406, 23.2500, 24.5938]], device='cuda:0',
       dtype=torch.float16, grad_fn=<MmBackward>)
[2023-01-19 20:41:38,694][__main__][INFO] - parameters: Parameter containing:
tensor([[-0.3184, -0.2924, -0.0804,  0.4176, -0.3151,  0.0683, -0.0165, -0.1789,
          0.2411,  0.8549]], requires_grad=True)
[2023-01-19 20:41:38,696][__main__][INFO] - scores: tensor([[24.4844, 25.3750, 24.6562, 23.2031, 24.5938]], device='cuda:0',
       dtype=torch.float16, grad_fn=<MmBackward>)
[2023-01-19 20:41:39,001][__main__][INFO] - parameters: Parameter containing:
tensor([[-0.3025, -0.3173, -0.1078,  0.4078, -0.3193,  0.0911, -0.0227, -0.1803,
          0.2295,  0.8496]], requires_grad=True)
[2023-01-19 20:41:39,007][__main__][INFO] - scores: tensor([[24.4062, 25.3281, 24.6406, 23.2031, 24.5000]], device='cuda:0',
       dtype=torch.float16, grad_fn=<MmBackward>)
[2023-01-19 20:41:39,305][__main__][INFO] - parameters: Parameter containing:
tensor([[-0.2906, -0.3455, -0.1303,  0.3978, -0.3168,  0.1109, -0.0202, -0.1769,
          0.2159,  0.8510]], requires_grad=True)
[2023-01-19 20:41:39,311][__main__][INFO] - scores: tensor([[24.4844, 25.3125, 24.6875, 23.1250, 24.4219]], device='cuda:0',
       dtype=torch.float16, grad_fn=<MmBackward>)
[2023-01-19 20:41:39,632][__main__][INFO] - parameters: Parameter containing:
tensor([[-0.2793, -0.3688, -0.1548,  0.3929, -0.3224,  0.1395, -0.0227, -0.1807,
          0.1921,  0.8527]], requires_grad=True)
[2023-01-19 20:41:39,641][__main__][INFO] - scores: tensor([[24.5312, 25.3125, 24.7344, 23.2344, 24.4844]], device='cuda:0',
       dtype=torch.float16, grad_fn=<MmBackward>)
[2023-01-19 20:41:39,944][__main__][INFO] - parameters: Parameter containing:
tensor([[-0.2634, -0.3808, -0.1717,  0.4034, -0.3171,  0.1586, -0.0181, -0.1852,
          0.1585,  0.8468]], requires_grad=True)
[2023-01-19 20:41:39,947][__main__][INFO] - scores: tensor([[24.5000, 25.2969, 24.7031, 23.2031, 24.4375]], device='cuda:0',
       dtype=torch.float16, grad_fn=<MmBackward>)
[2023-01-19 20:41:40,271][__main__][INFO] - parameters: Parameter containing:
tensor([[-0.2566, -0.3955, -0.1739,  0.4159, -0.2982,  0.1643,  0.0066, -0.1799,
          0.1316,  0.8557]], requires_grad=True)
[2023-01-19 20:41:40,274][__main__][INFO] - scores: tensor([[24.4688, 25.2812, 24.6562, 23.1562, 24.4062]], device='cuda:0',
       dtype=torch.float16, grad_fn=<MmBackward>)
[2023-01-19 20:41:40,605][__main__][INFO] - parameters: Parameter containing:
tensor([[-0.2775, -0.3996, -0.1490,  0.4278, -0.2589,  0.1436,  0.0474, -0.1636,
          0.1087,  0.8573]], requires_grad=True)
[2023-01-19 20:41:40,608][__main__][INFO] - scores: tensor([[24.4844, 25.3125, 24.6562, 23.1406, 24.4531]], device='cuda:0',
       dtype=torch.float16, grad_fn=<MmBackward>)
[2023-01-19 20:41:40,914][__main__][INFO] - parameters: Parameter containing:
tensor([[-0.2721, -0.4027, -0.1471,  0.4470, -0.2414,  0.1471,  0.0639, -0.1556,
          0.0895,  0.8550]], requires_grad=True)
[2023-01-19 20:41:40,924][__main__][INFO] - scores: tensor([[24.5781, 25.3906, 24.7188, 23.1406, 24.5000]], device='cuda:0',
       dtype=torch.float16, grad_fn=<MmBackward>)
[2023-01-19 20:41:41,239][__main__][INFO] - parameters: Parameter containing:
tensor([[-0.2512, -0.4094, -0.1622,  0.4704, -0.2427,  0.1707,  0.0615, -0.1543,
          0.0751,  0.8497]], requires_grad=True)
[2023-01-19 20:41:41,240][__main__][INFO] - scores: tensor([[24.5156, 25.3750, 24.6719, 23.0938, 24.4844]], device='cuda:0',
       dtype=torch.float16, grad_fn=<MmBackward>)
[2023-01-19 20:41:41,541][__main__][INFO] - parameters: Parameter containing:
tensor([[-0.2390, -0.4245, -0.1730,  0.4974, -0.2241,  0.1839,  0.0661, -0.1446,
          0.0506,  0.8373]], requires_grad=True)
[2023-01-19 20:41:41,545][__main__][INFO] - scores: tensor([[24.3750, 25.2969, 24.5625, 23.0312, 24.4219]], device='cuda:0',
       dtype=torch.float16, grad_fn=<MmBackward>)
[2023-01-19 20:41:41,855][__main__][INFO] - parameters: Parameter containing:
tensor([[-0.2482, -0.4253, -0.1565,  0.5247, -0.1892,  0.1720,  0.0877, -0.1216,
          0.0257,  0.8239]], requires_grad=True)
[2023-01-19 20:41:41,857][__main__][INFO] - scores: tensor([[24.3906, 25.2812, 24.5938, 23.0312, 24.3906]], device='cuda:0',
       dtype=torch.float16, grad_fn=<MmBackward>)
[2023-01-19 20:41:42,160][__main__][INFO] - parameters: Parameter containing:
tensor([[-0.2642, -0.4250, -0.1407,  0.5423, -0.1585,  0.1611,  0.1017, -0.0948,
          0.0071,  0.8062]], requires_grad=True)
[2023-01-19 20:41:42,164][__main__][INFO] - scores: tensor([[24.3438, 25.2812, 24.5469, 23.0625, 24.3750]], device='cuda:0',
       dtype=torch.float16, grad_fn=<MmBackward>)
[2023-01-19 20:41:42,479][__main__][INFO] - parameters: Parameter containing:
tensor([[-0.2659, -0.4362, -0.1416,  0.5619, -0.1307,  0.1696,  0.1098, -0.0828,
         -0.0209,  0.7918]], requires_grad=True)
[2023-01-19 20:41:42,482][__main__][INFO] - scores: tensor([[24.3594, 25.2656, 24.5312, 23.0469, 24.3750]], device='cuda:0',
       dtype=torch.float16, grad_fn=<MmBackward>)
[2023-01-19 20:41:42,788][__main__][INFO] - parameters: Parameter containing:
tensor([[-0.2516, -0.4542, -0.1579,  0.5854, -0.1158,  0.1938,  0.1069, -0.0823,
         -0.0509,  0.7794]], requires_grad=True)
[2023-01-19 20:41:42,794][__main__][INFO] - scores: tensor([[24.3125, 25.2500, 24.5312, 23.1094, 24.3438]], device='cuda:0',
       dtype=torch.float16, grad_fn=<MmBackward>)
[2023-01-19 20:41:43,085][__main__][INFO] - parameters: Parameter containing:
tensor([[-0.2465, -0.4649, -0.1633,  0.6074, -0.0986,  0.2069,  0.1088, -0.0748,
         -0.0732,  0.7619]], requires_grad=True)
[2023-01-19 20:41:43,090][__main__][INFO] - scores: tensor([[24.2969, 25.2812, 24.5938, 23.0469, 24.3438]], device='cuda:0',
       dtype=torch.float16, grad_fn=<MmBackward>)
[2023-01-19 20:41:43,380][__main__][INFO] - parameters: Parameter containing:
tensor([[-0.2530, -0.4634, -0.1581,  0.6244, -0.0778,  0.1973,  0.1106, -0.0630,
         -0.1054,  0.7401]], requires_grad=True)
[2023-01-19 20:41:43,386][__main__][INFO] - scores: tensor([[24.2969, 25.2969, 24.5938, 23.0156, 24.3438]], device='cuda:0',
       dtype=torch.float16, grad_fn=<MmBackward>)
[2023-01-19 20:41:43,690][__main__][INFO] - parameters: Parameter containing:
tensor([[-0.2696, -0.4528, -0.1400,  0.6336, -0.0587,  0.1792,  0.1188, -0.0526,
         -0.1280,  0.7284]], requires_grad=True)
[2023-01-19 20:41:43,694][__main__][INFO] - scores: tensor([[24.3125, 25.2969, 24.5938, 23.0625, 24.3594]], device='cuda:0',
       dtype=torch.float16, grad_fn=<MmBackward>)
[2023-01-19 20:41:43,988][__main__][INFO] - parameters: Parameter containing:
tensor([[-0.2792, -0.4411, -0.1328,  0.6408, -0.0539,  0.1668,  0.1155, -0.0507,
         -0.1505,  0.7257]], requires_grad=True)
[2023-01-19 20:41:43,990][__main__][INFO] - scores: tensor([[24.3125, 25.2812, 24.5781, 23.0938, 24.3750]], device='cuda:0',
       dtype=torch.float16, grad_fn=<MmBackward>)
[2023-01-19 20:41:44,305][__main__][INFO] - parameters: Parameter containing:
tensor([[-0.2755, -0.4372, -0.1343,  0.6470, -0.0545,  0.1627,  0.1124, -0.0496,
         -0.1693,  0.7283]], requires_grad=True)
[2023-01-19 20:41:44,311][__main__][INFO] - scores: tensor([[24.3906, 25.2969, 24.5781, 23.0781, 24.4219]], device='cuda:0',
       dtype=torch.float16, grad_fn=<MmBackward>)
[2023-01-19 20:41:44,614][__main__][INFO] - parameters: Parameter containing:
tensor([[-0.2632, -0.4413, -0.1439,  0.6576, -0.0573,  0.1631,  0.1080, -0.0519,
         -0.1889,  0.7343]], requires_grad=True)
[2023-01-19 20:41:44,620][__main__][INFO] - scores: tensor([[24.3906, 25.2812, 24.5781, 23.0781, 24.4062]], device='cuda:0',
       dtype=torch.float16, grad_fn=<MmBackward>)
[2023-01-19 20:41:44,917][__main__][INFO] - parameters: Parameter containing:
tensor([[-0.2509, -0.4494, -0.1622,  0.6521, -0.0647,  0.1598,  0.1014, -0.0597,
         -0.2070,  0.7514]], requires_grad=True)
[2023-01-19 20:41:44,921][__main__][INFO] - scores: tensor([[24.3594, 25.3125, 24.5781, 23.0781, 24.4062]], device='cuda:0',
       dtype=torch.float16, grad_fn=<MmBackward>)
[2023-01-19 20:41:45,246][__main__][INFO] - parameters: Parameter containing:
tensor([[-0.2370, -0.4545, -0.1818,  0.6364, -0.0770,  0.1377,  0.0880, -0.0529,
         -0.2160,  0.7874]], requires_grad=True)
[2023-01-19 20:41:45,249][__main__][INFO] - scores: tensor([[24.3281, 25.3125, 24.6094, 23.0781, 24.3750]], device='cuda:0',
       dtype=torch.float16, grad_fn=<MmBackward>)
[2023-01-19 20:41:45,580][__main__][INFO] - parameters: Parameter containing:
tensor([[-0.2345, -0.4533, -0.1817,  0.6272, -0.0683,  0.0955,  0.0958, -0.0409,
         -0.2371,  0.8182]], requires_grad=True)
[2023-01-19 20:41:45,582][__main__][INFO] - scores: tensor([[24.3125, 25.2969, 24.5938, 23.0469, 24.3594]], device='cuda:0',
       dtype=torch.float16, grad_fn=<MmBackward>)
[2023-01-19 20:41:45,891][__main__][INFO] - parameters: Parameter containing:
tensor([[-0.2395, -0.4435, -0.1684,  0.6252, -0.0597,  0.0517,  0.1059, -0.0247,
         -0.2534,  0.8372]], requires_grad=True)
[2023-01-19 20:41:45,897][__main__][INFO] - scores: tensor([[24.3594, 25.3281, 24.6094, 23.0469, 24.3750]], device='cuda:0',
       dtype=torch.float16, grad_fn=<MmBackward>)
[2023-01-19 20:41:46,201][__main__][INFO] - parameters: Parameter containing:
tensor([[-0.2483, -0.4482, -0.1526,  0.6341, -0.0425,  0.0144,  0.1240, -0.0060,
         -0.2674,  0.8603]], requires_grad=True)
[2023-01-19 20:41:46,206][__main__][INFO] - scores: tensor([[24.3594, 25.2969, 24.5781, 23.0469, 24.3750]], device='cuda:0',
       dtype=torch.float16, grad_fn=<MmBackward>)
[2023-01-19 20:41:46,482][__main__][INFO] - parameters: Parameter containing:
tensor([[-0.2418, -0.4522, -0.1515,  0.6518, -0.0388, -0.0040,  0.1225,  0.0048,
         -0.2941,  0.8799]], requires_grad=True)
[2023-01-19 20:41:46,484][__main__][INFO] - scores: tensor([[24.4062, 25.2969, 24.5781, 23.0312, 24.3594]], device='cuda:0',
       dtype=torch.float16, grad_fn=<MmBackward>)
[2023-01-19 20:41:46,782][__main__][INFO] - parameters: Parameter containing:
tensor([[-0.2226, -0.4530, -0.1676,  0.6574, -0.0545, -0.0120,  0.1046, -0.0018,
         -0.3190,  0.9015]], requires_grad=True)
[2023-01-19 20:41:46,784][__main__][INFO] - scores: tensor([[24.3750, 25.2812, 24.5625, 23.0625, 24.3594]], device='cuda:0',
       dtype=torch.float16, grad_fn=<MmBackward>)
[2023-01-19 20:41:47,082][__main__][INFO] - parameters: Parameter containing:
tensor([[-0.2026, -0.4544, -0.1911,  0.6640, -0.0768, -0.0113,  0.0755, -0.0229,
         -0.3503,  0.9305]], requires_grad=True)
[2023-01-19 20:41:47,083][__main__][INFO] - scores: tensor([[24.3750, 25.2812, 24.5469, 23.0156, 24.3750]], device='cuda:0',
       dtype=torch.float16, grad_fn=<MmBackward>)
[2023-01-19 20:41:47,393][__main__][INFO] - parameters: Parameter containing:
tensor([[-0.2018, -0.4520, -0.1907,  0.6722, -0.0758, -0.0290,  0.0716, -0.0268,
         -0.3696,  0.9627]], requires_grad=True)
[2023-01-19 20:41:47,395][__main__][INFO] - scores: tensor([[24.3438, 25.3125, 24.5625, 22.9844, 24.3906]], device='cuda:0',
       dtype=torch.float16, grad_fn=<MmBackward>)
[2023-01-19 20:41:47,717][__main__][INFO] - parameters: Parameter containing:
tensor([[-0.2134, -0.4517, -0.1788,  0.6847, -0.0456, -0.0476,  0.0949, -0.0412,
         -0.4032,  0.9686]], requires_grad=True)
[2023-01-19 20:41:47,724][__main__][INFO] - scores: tensor([[24.3438, 25.3125, 24.5469, 22.9531, 24.3750]], device='cuda:0',
       dtype=torch.float16, grad_fn=<MmBackward>)
[2023-01-19 20:41:48,018][__main__][INFO] - parameters: Parameter containing:
tensor([[-0.2269, -0.4610, -0.1594,  0.6882, -0.0052, -0.0725,  0.1376, -0.0400,
         -0.4136,  0.9808]], requires_grad=True)
[2023-01-19 20:41:48,020][__main__][INFO] - scores: tensor([[24.3750, 25.3281, 24.5781, 23.0469, 24.4062]], device='cuda:0',
       dtype=torch.float16, grad_fn=<MmBackward>)
[2023-01-19 20:41:48,323][__main__][INFO] - parameters: Parameter containing:
tensor([[-0.2487, -0.4684, -0.1319,  0.6825,  0.0351, -0.0997,  0.1893, -0.0420,
         -0.4176,  0.9862]], requires_grad=True)
[2023-01-19 20:41:48,324][__main__][INFO] - scores: tensor([[24.3906, 25.3281, 24.5781, 23.0625, 24.4062]], device='cuda:0',
       dtype=torch.float16, grad_fn=<MmBackward>)
[2023-01-19 20:41:48,631][__main__][INFO] - parameters: Parameter containing:
tensor([[-0.2597, -0.4903, -0.1145,  0.6789,  0.0698, -0.1064,  0.2397, -0.0398,
         -0.4120,  0.9924]], requires_grad=True)
[2023-01-19 20:41:48,634][__main__][INFO] - scores: tensor([[24.4219, 25.2812, 24.5781, 23.0938, 24.3750]], device='cuda:0',
       dtype=torch.float16, grad_fn=<MmBackward>)
[2023-01-19 20:41:48,973][__main__][INFO] - parameters: Parameter containing:
tensor([[-0.2714, -0.5080, -0.0909,  0.6873,  0.1041, -0.1135,  0.2868, -0.0279,
         -0.4021,  0.9955]], requires_grad=True)
[2023-01-19 20:41:48,974][__main__][INFO] - scores: tensor([[24.4375, 25.2656, 24.5781, 23.1250, 24.3906]], device='cuda:0',
       dtype=torch.float16, grad_fn=<MmBackward>)
[2023-01-19 20:41:49,283][__main__][INFO] - parameters: Parameter containing:
tensor([[-0.2868, -0.5180, -0.0724,  0.6932,  0.1203, -0.1131,  0.3146, -0.0371,
         -0.4042,  0.9947]], requires_grad=True)
[2023-01-19 20:41:49,290][__main__][INFO] - scores: tensor([[24.4062, 25.2812, 24.5938, 23.0938, 24.3906]], device='cuda:0',
       dtype=torch.float16, grad_fn=<MmBackward>)
[2023-01-19 20:41:49,601][__main__][INFO] - parameters: Parameter containing:
tensor([[-0.2966, -0.5409, -0.0681,  0.6905,  0.1359, -0.1038,  0.3358, -0.0475,
         -0.4130,  0.9946]], requires_grad=True)
[2023-01-19 20:41:49,605][__main__][INFO] - scores: tensor([[24.3906, 25.3125, 24.6250, 23.1250, 24.4062]], device='cuda:0',
       dtype=torch.float16, grad_fn=<MmBackward>)
[2023-01-19 20:41:49,935][__main__][INFO] - parameters: Parameter containing:
tensor([[-0.3021, -0.5676, -0.0622,  0.6908,  0.1611, -0.0913,  0.3629, -0.0530,
         -0.4175,  0.9866]], requires_grad=True)
[2023-01-19 20:41:49,937][__main__][INFO] - scores: tensor([[24.3750, 25.3125, 24.6406, 23.1094, 24.3906]], device='cuda:0',
       dtype=torch.float16, grad_fn=<MmBackward>)
[2023-01-19 20:41:50,262][__main__][INFO] - parameters: Parameter containing:
tensor([[-0.2952, -0.5855, -0.0620,  0.6937,  0.1722, -0.0758,  0.3787, -0.0559,
         -0.4170,  0.9815]], requires_grad=True)
[2023-01-19 20:41:50,266][__main__][INFO] - scores: tensor([[24.3906, 25.3906, 24.7031, 23.0781, 24.4062]], device='cuda:0',
       dtype=torch.float16, grad_fn=<MmBackward>)
[2023-01-19 20:41:50,591][__main__][INFO] - parameters: Parameter containing:
tensor([[-0.2891, -0.5997, -0.0552,  0.6982,  0.1812, -0.0679,  0.3980, -0.0615,
         -0.4081,  0.9965]], requires_grad=True)
[2023-01-19 20:41:50,596][__main__][INFO] - scores: tensor([[24.2500, 25.2812, 24.5938, 22.9844, 24.3594]], device='cuda:0',
       dtype=torch.float16, grad_fn=<MmBackward>)
[2023-01-19 20:41:50,916][__main__][INFO] - parameters: Parameter containing:
tensor([[-0.2919, -0.6178, -0.0463,  0.6898,  0.1997, -0.0737,  0.4251, -0.0562,
         -0.3926,  1.0142]], requires_grad=True)
[2023-01-19 20:41:50,921][__main__][INFO] - scores: tensor([[24.2656, 25.3125, 24.6406, 23.0312, 24.4219]], device='cuda:0',
       dtype=torch.float16, grad_fn=<MmBackward>)
[2023-01-19 20:41:51,221][__main__][INFO] - parameters: Parameter containing:
tensor([[-0.2914, -0.6351, -0.0423,  0.6746,  0.2162, -0.0804,  0.4493, -0.0510,
         -0.3785,  1.0341]], requires_grad=True)
[2023-01-19 20:41:51,224][__main__][INFO] - scores: tensor([[24.2812, 25.3125, 24.6562, 23.0156, 24.4062]], device='cuda:0',
       dtype=torch.float16, grad_fn=<MmBackward>)
[2023-01-19 20:41:51,549][__main__][INFO] - parameters: Parameter containing:
tensor([[-0.2782, -0.6530, -0.0393,  0.6691,  0.2307, -0.0818,  0.4750, -0.0354,
         -0.3627,  1.0474]], requires_grad=True)
[2023-01-19 20:41:51,554][__main__][INFO] - scores: tensor([[24.3125, 25.3438, 24.7031, 23.0469, 24.4375]], device='cuda:0',
       dtype=torch.float16, grad_fn=<MmBackward>)
[2023-01-19 20:41:51,871][__main__][INFO] - parameters: Parameter containing:
tensor([[-0.2684, -0.6661, -0.0398,  0.6592,  0.2495, -0.0888,  0.4991, -0.0149,
         -0.3559,  1.0608]], requires_grad=True)
[2023-01-19 20:41:51,876][__main__][INFO] - scores: tensor([[24.2969, 25.3438, 24.6406, 23.0312, 24.4375]], device='cuda:0',
       dtype=torch.float16, grad_fn=<MmBackward>)
