[2023-01-20 21:44:07,324][__main__][INFO] - parameters: Parameter containing:
tensor([[0.1446, 0.9192, 0.2922, 0.4065, 0.7879, 0.1695, 0.2953, 0.1898, 0.2443,
         0.0536]], requires_grad=True)
[2023-01-20 21:44:07,569][__main__][INFO] - parameters: Parameter containing:
tensor([[0.1348, 0.9118, 0.2998, 0.3970, 0.7978, 0.1632, 0.3050, 0.1928, 0.2504,
         0.0596]], requires_grad=True)
[2023-01-20 21:44:07,791][__main__][INFO] - parameters: Parameter containing:
tensor([[0.1250, 0.9153, 0.3082, 0.3876, 0.8074, 0.1558, 0.3141, 0.1988, 0.2581,
         0.0662]], requires_grad=True)
[2023-01-20 21:44:07,994][__main__][INFO] - parameters: Parameter containing:
tensor([[0.1159, 0.9217, 0.3149, 0.3783, 0.8106, 0.1479, 0.3163, 0.2021, 0.2647,
         0.0685]], requires_grad=True)
[2023-01-20 21:44:08,208][__main__][INFO] - parameters: Parameter containing:
tensor([[0.1116, 0.9240, 0.3168, 0.3758, 0.8143, 0.1445, 0.3162, 0.2046, 0.2698,
         0.0703]], requires_grad=True)
[2023-01-20 21:44:08,421][__main__][INFO] - parameters: Parameter containing:
tensor([[0.1101, 0.9258, 0.3159, 0.3770, 0.8154, 0.1450, 0.3126, 0.2063, 0.2736,
         0.0683]], requires_grad=True)
[2023-01-20 21:44:08,672][__main__][INFO] - parameters: Parameter containing:
tensor([[0.1117, 0.9270, 0.3130, 0.3804, 0.8146, 0.1479, 0.3075, 0.2059, 0.2749,
         0.0635]], requires_grad=True)
[2023-01-20 21:44:08,904][__main__][INFO] - parameters: Parameter containing:
tensor([[0.1132, 0.9266, 0.3100, 0.3825, 0.8143, 0.1512, 0.3042, 0.2053, 0.2766,
         0.0579]], requires_grad=True)
[2023-01-20 21:44:09,160][__main__][INFO] - parameters: Parameter containing:
tensor([[0.1155, 0.9244, 0.3056, 0.3850, 0.8143, 0.1553, 0.3010, 0.2025, 0.2756,
         0.0522]], requires_grad=True)
[2023-01-20 21:44:09,366][__main__][INFO] - parameters: Parameter containing:
tensor([[0.1172, 0.9215, 0.3021, 0.3867, 0.8166, 0.1588, 0.3005, 0.1995, 0.2758,
         0.0456]], requires_grad=True)
[2023-01-20 21:44:09,576][__main__][INFO] - parameters: Parameter containing:
tensor([[0.1188, 0.9180, 0.2977, 0.3870, 0.8183, 0.1621, 0.3002, 0.1958, 0.2760,
         0.0402]], requires_grad=True)
[2023-01-20 21:44:09,793][__main__][INFO] - parameters: Parameter containing:
tensor([[0.1197, 0.9173, 0.2936, 0.3874, 0.8175, 0.1647, 0.2980, 0.1923, 0.2781,
         0.0357]], requires_grad=True)
[2023-01-20 21:44:10,006][__main__][INFO] - parameters: Parameter containing:
tensor([[0.1185, 0.9193, 0.2920, 0.3856, 0.8160, 0.1655, 0.2964, 0.1892, 0.2821,
         0.0306]], requires_grad=True)
[2023-01-20 21:44:10,216][__main__][INFO] - parameters: Parameter containing:
tensor([[0.1156, 0.9231, 0.2927, 0.3825, 0.8141, 0.1648, 0.2957, 0.1869, 0.2879,
         0.0254]], requires_grad=True)
[2023-01-20 21:44:10,433][__main__][INFO] - parameters: Parameter containing:
tensor([[0.1144, 0.9255, 0.2915, 0.3795, 0.8115, 0.1650, 0.2947, 0.1839, 0.2934,
         0.0213]], requires_grad=True)
[2023-01-20 21:44:10,646][__main__][INFO] - parameters: Parameter containing:
tensor([[0.1147, 0.9262, 0.2886, 0.3771, 0.8090, 0.1666, 0.2935, 0.1800, 0.2976,
         0.0181]], requires_grad=True)
[2023-01-20 21:44:10,864][__main__][INFO] - parameters: Parameter containing:
tensor([[0.1156, 0.9253, 0.2852, 0.3767, 0.8094, 0.1690, 0.2933, 0.1751, 0.2995,
         0.0168]], requires_grad=True)
[2023-01-20 21:44:11,095][__main__][INFO] - parameters: Parameter containing:
tensor([[0.1156, 0.9250, 0.2838, 0.3783, 0.8114, 0.1715, 0.2936, 0.1712, 0.3025,
         0.0157]], requires_grad=True)
[2023-01-20 21:44:11,306][__main__][INFO] - parameters: Parameter containing:
tensor([[0.1146, 0.9254, 0.2841, 0.3808, 0.8147, 0.1738, 0.2947, 0.1681, 0.3064,
         0.0142]], requires_grad=True)
[2023-01-20 21:44:11,527][__main__][INFO] - parameters: Parameter containing:
tensor([[0.1132, 0.9254, 0.2851, 0.3833, 0.8196, 0.1754, 0.2976, 0.1650, 0.3095,
         0.0146]], requires_grad=True)
[2023-01-20 21:44:11,747][__main__][INFO] - parameters: Parameter containing:
tensor([[0.1118, 0.9257, 0.2860, 0.3853, 0.8235, 0.1768, 0.3000, 0.1625, 0.3131,
         0.0164]], requires_grad=True)
[2023-01-20 21:44:11,959][__main__][INFO] - parameters: Parameter containing:
tensor([[0.1121, 0.9247, 0.2849, 0.3872, 0.8267, 0.1784, 0.3016, 0.1594, 0.3144,
         0.0202]], requires_grad=True)
[2023-01-20 21:44:12,162][__main__][INFO] - parameters: Parameter containing:
tensor([[0.1126, 0.9241, 0.2834, 0.3883, 0.8287, 0.1793, 0.3021, 0.1578, 0.3157,
         0.0255]], requires_grad=True)
[2023-01-20 21:44:12,398][__main__][INFO] - parameters: Parameter containing:
tensor([[0.1128, 0.9239, 0.2820, 0.3884, 0.8297, 0.1797, 0.3025, 0.1571, 0.3179,
         0.0318]], requires_grad=True)
[2023-01-20 21:44:12,614][__main__][INFO] - parameters: Parameter containing:
tensor([[0.1120, 0.9244, 0.2816, 0.3875, 0.8302, 0.1792, 0.3031, 0.1579, 0.3212,
         0.0386]], requires_grad=True)
[2023-01-20 21:44:12,821][__main__][INFO] - parameters: Parameter containing:
tensor([[0.1108, 0.9257, 0.2818, 0.3858, 0.8304, 0.1778, 0.3037, 0.1598, 0.3252,
         0.0455]], requires_grad=True)
[2023-01-20 21:44:13,037][__main__][INFO] - parameters: Parameter containing:
tensor([[0.1104, 0.9269, 0.2812, 0.3844, 0.8294, 0.1773, 0.3034, 0.1615, 0.3290,
         0.0519]], requires_grad=True)
[2023-01-20 21:44:13,271][__main__][INFO] - parameters: Parameter containing:
tensor([[0.1114, 0.9267, 0.2790, 0.3840, 0.8281, 0.1784, 0.3023, 0.1617, 0.3312,
         0.0579]], requires_grad=True)
[2023-01-20 21:44:13,479][__main__][INFO] - parameters: Parameter containing:
tensor([[0.1119, 0.9272, 0.2777, 0.3843, 0.8271, 0.1798, 0.3013, 0.1612, 0.3336,
         0.0608]], requires_grad=True)
[2023-01-20 21:44:13,695][__main__][INFO] - parameters: Parameter containing:
tensor([[0.1113, 0.9287, 0.2779, 0.3849, 0.8267, 0.1810, 0.3013, 0.1610, 0.3370,
         0.0615]], requires_grad=True)
[2023-01-20 21:44:13,914][__main__][INFO] - parameters: Parameter containing:
tensor([[0.1105, 0.9297, 0.2785, 0.3863, 0.8280, 0.1822, 0.3022, 0.1597, 0.3387,
         0.0615]], requires_grad=True)
[2023-01-20 21:44:14,131][__main__][INFO] - parameters: Parameter containing:
tensor([[0.1105, 0.9286, 0.2781, 0.3894, 0.8318, 0.1842, 0.3038, 0.1583, 0.3372,
         0.0615]], requires_grad=True)
[2023-01-20 21:44:14,364][__main__][INFO] - parameters: Parameter containing:
tensor([[0.1101, 0.9285, 0.2783, 0.3927, 0.8355, 0.1860, 0.3047, 0.1579, 0.3363,
         0.0593]], requires_grad=True)
[2023-01-20 21:44:14,580][__main__][INFO] - parameters: Parameter containing:
tensor([[0.1096, 0.9293, 0.2784, 0.3950, 0.8380, 0.1874, 0.3048, 0.1586, 0.3361,
         0.0556]], requires_grad=True)
[2023-01-20 21:44:14,789][__main__][INFO] - parameters: Parameter containing:
tensor([[0.1098, 0.9297, 0.2775, 0.3966, 0.8398, 0.1889, 0.3045, 0.1598, 0.3357,
         0.0515]], requires_grad=True)
[2023-01-20 21:44:15,015][__main__][INFO] - parameters: Parameter containing:
tensor([[0.1102, 0.9305, 0.2762, 0.3967, 0.8406, 0.1899, 0.3041, 0.1608, 0.3357,
         0.0472]], requires_grad=True)
[2023-01-20 21:44:15,254][__main__][INFO] - parameters: Parameter containing:
tensor([[0.1095, 0.9318, 0.2753, 0.3953, 0.8413, 0.1898, 0.3044, 0.1621, 0.3363,
         0.0439]], requires_grad=True)
[2023-01-20 21:44:15,467][__main__][INFO] - parameters: Parameter containing:
tensor([[0.1088, 0.9320, 0.2740, 0.3934, 0.8432, 0.1883, 0.3057, 0.1646, 0.3357,
         0.0430]], requires_grad=True)
[2023-01-20 21:44:15,705][__main__][INFO] - parameters: Parameter containing:
tensor([[0.1085, 0.9313, 0.2719, 0.3916, 0.8456, 0.1870, 0.3074, 0.1665, 0.3335,
         0.0436]], requires_grad=True)
[2023-01-20 21:44:15,916][__main__][INFO] - parameters: Parameter containing:
tensor([[0.1076, 0.9317, 0.2704, 0.3895, 0.8469, 0.1857, 0.3087, 0.1680, 0.3321,
         0.0438]], requires_grad=True)
[2023-01-20 21:44:16,122][__main__][INFO] - parameters: Parameter containing:
tensor([[0.1074, 0.9321, 0.2683, 0.3879, 0.8470, 0.1871, 0.3099, 0.1653, 0.3306,
         0.0417]], requires_grad=True)
[2023-01-20 21:44:16,371][__main__][INFO] - parameters: Parameter containing:
tensor([[0.1057, 0.9343, 0.2685, 0.3873, 0.8468, 0.1885, 0.3113, 0.1625, 0.3304,
         0.0396]], requires_grad=True)
[2023-01-20 21:44:16,582][__main__][INFO] - parameters: Parameter containing:
tensor([[0.1050, 0.9361, 0.2683, 0.3874, 0.8463, 0.1907, 0.3124, 0.1595, 0.3302,
         0.0387]], requires_grad=True)
[2023-01-20 21:44:16,800][__main__][INFO] - parameters: Parameter containing:
tensor([[0.1061, 0.9363, 0.2669, 0.3885, 0.8466, 0.1933, 0.3134, 0.1569, 0.3283,
         0.0391]], requires_grad=True)
[2023-01-20 21:44:17,032][__main__][INFO] - parameters: Parameter containing:
tensor([[0.1073, 0.9363, 0.2660, 0.3904, 0.8473, 0.1959, 0.3148, 0.1553, 0.3271,
         0.0409]], requires_grad=True)
[2023-01-20 21:44:17,254][__main__][INFO] - parameters: Parameter containing:
tensor([[0.1071, 0.9371, 0.2665, 0.3919, 0.8482, 0.1980, 0.3171, 0.1547, 0.3274,
         0.0427]], requires_grad=True)
[2023-01-20 21:44:17,472][__main__][INFO] - parameters: Parameter containing:
tensor([[0.1058, 0.9381, 0.2677, 0.3934, 0.8491, 0.2000, 0.3193, 0.1552, 0.3291,
         0.0457]], requires_grad=True)
[2023-01-20 21:44:17,694][__main__][INFO] - parameters: Parameter containing:
tensor([[0.1048, 0.9385, 0.2680, 0.3950, 0.8498, 0.2019, 0.3207, 0.1568, 0.3304,
         0.0491]], requires_grad=True)
[2023-01-20 21:44:17,917][__main__][INFO] - parameters: Parameter containing:
tensor([[0.1050, 0.9377, 0.2669, 0.3971, 0.8512, 0.2042, 0.3216, 0.1585, 0.3304,
         0.0535]], requires_grad=True)
[2023-01-20 21:44:18,139][__main__][INFO] - parameters: Parameter containing:
tensor([[0.1060, 0.9377, 0.2652, 0.3980, 0.8509, 0.2061, 0.3213, 0.1607, 0.3317,
         0.0558]], requires_grad=True)
[2023-01-20 21:44:18,354][__main__][INFO] - parameters: Parameter containing:
tensor([[0.1055, 0.9391, 0.2646, 0.3985, 0.8509, 0.2068, 0.3210, 0.1645, 0.3341,
         0.0573]], requires_grad=True)
[2023-01-20 21:44:18,574][__main__][INFO] - parameters: Parameter containing:
tensor([[0.1044, 0.9412, 0.2642, 0.3984, 0.8505, 0.2069, 0.3202, 0.1689, 0.3371,
         0.0578]], requires_grad=True)
[2023-01-20 21:44:18,791][__main__][INFO] - parameters: Parameter containing:
tensor([[0.1056, 0.9413, 0.2617, 0.3980, 0.8510, 0.2072, 0.3200, 0.1729, 0.3376,
         0.0580]], requires_grad=True)
[2023-01-20 21:44:19,007][__main__][INFO] - parameters: Parameter containing:
tensor([[0.1056, 0.9413, 0.2600, 0.3973, 0.8527, 0.2068, 0.3212, 0.1772, 0.3382,
         0.0593]], requires_grad=True)
[2023-01-20 21:44:19,235][__main__][INFO] - parameters: Parameter containing:
tensor([[0.1042, 0.9423, 0.2599, 0.3968, 0.8553, 0.2054, 0.3234, 0.1811, 0.3387,
         0.0604]], requires_grad=True)
[2023-01-20 21:44:19,466][__main__][INFO] - parameters: Parameter containing:
tensor([[0.1031, 0.9435, 0.2598, 0.3971, 0.8585, 0.2032, 0.3258, 0.1845, 0.3378,
         0.0622]], requires_grad=True)
[2023-01-20 21:44:19,684][__main__][INFO] - parameters: Parameter containing:
tensor([[0.1042, 0.9425, 0.2575, 0.3985, 0.8621, 0.2021, 0.3276, 0.1864, 0.3342,
         0.0653]], requires_grad=True)
[2023-01-20 21:44:19,902][__main__][INFO] - parameters: Parameter containing:
tensor([[0.1045, 0.9429, 0.2564, 0.4006, 0.8645, 0.2014, 0.3286, 0.1873, 0.3316,
         0.0678]], requires_grad=True)
[2023-01-20 21:44:20,117][__main__][INFO] - parameters: Parameter containing:
tensor([[0.1042, 0.9449, 0.2562, 0.4024, 0.8656, 0.2004, 0.3288, 0.1877, 0.3296,
         0.0688]], requires_grad=True)
[2023-01-20 21:44:20,346][__main__][INFO] - parameters: Parameter containing:
tensor([[0.1034, 0.9474, 0.2565, 0.4039, 0.8655, 0.2001, 0.3287, 0.1875, 0.3288,
         0.0694]], requires_grad=True)
[2023-01-20 21:44:20,554][__main__][INFO] - parameters: Parameter containing:
tensor([[0.1033, 0.9493, 0.2558, 0.4043, 0.8634, 0.2013, 0.3276, 0.1870, 0.3293,
         0.0699]], requires_grad=True)
[2023-01-20 21:44:20,795][__main__][INFO] - parameters: Parameter containing:
tensor([[0.1045, 0.9483, 0.2535, 0.4039, 0.8617, 0.2037, 0.3277, 0.1863, 0.3292,
         0.0716]], requires_grad=True)
[2023-01-20 21:44:21,026][__main__][INFO] - parameters: Parameter containing:
tensor([[0.1063, 0.9468, 0.2507, 0.4024, 0.8592, 0.2084, 0.3295, 0.1826, 0.3299,
         0.0698]], requires_grad=True)
[2023-01-20 21:44:21,237][__main__][INFO] - parameters: Parameter containing:
tensor([[0.1058, 0.9476, 0.2505, 0.4012, 0.8565, 0.2124, 0.3311, 0.1798, 0.3326,
         0.0661]], requires_grad=True)
[2023-01-20 21:44:21,462][__main__][INFO] - parameters: Parameter containing:
tensor([[0.1037, 0.9496, 0.2521, 0.4008, 0.8546, 0.2158, 0.3334, 0.1774, 0.3356,
         0.0615]], requires_grad=True)
[2023-01-20 21:44:21,693][__main__][INFO] - parameters: Parameter containing:
tensor([[0.1013, 0.9508, 0.2540, 0.4005, 0.8542, 0.2184, 0.3368, 0.1763, 0.3384,
         0.0581]], requires_grad=True)
[2023-01-20 21:44:21,907][__main__][INFO] - parameters: Parameter containing:
tensor([[0.1011, 0.9507, 0.2541, 0.4004, 0.8535, 0.2217, 0.3393, 0.1752, 0.3404,
         0.0547]], requires_grad=True)
[2023-01-20 21:44:22,120][__main__][INFO] - parameters: Parameter containing:
tensor([[0.1021, 0.9499, 0.2536, 0.4012, 0.8532, 0.2255, 0.3413, 0.1743, 0.3415,
         0.0519]], requires_grad=True)
[2023-01-20 21:44:22,345][__main__][INFO] - parameters: Parameter containing:
tensor([[0.1035, 0.9482, 0.2526, 0.4031, 0.8542, 0.2288, 0.3431, 0.1743, 0.3414,
         0.0508]], requires_grad=True)
[2023-01-20 21:44:22,563][__main__][INFO] - parameters: Parameter containing:
tensor([[0.1038, 0.9468, 0.2526, 0.4049, 0.8565, 0.2310, 0.3460, 0.1749, 0.3416,
         0.0497]], requires_grad=True)
[2023-01-20 21:44:22,800][__main__][INFO] - parameters: Parameter containing:
tensor([[0.1029, 0.9469, 0.2535, 0.4061, 0.8583, 0.2323, 0.3480, 0.1754, 0.3421,
         0.0480]], requires_grad=True)
[2023-01-20 21:44:23,022][__main__][INFO] - parameters: Parameter containing:
tensor([[0.1019, 0.9481, 0.2543, 0.4065, 0.8585, 0.2328, 0.3483, 0.1757, 0.3432,
         0.0468]], requires_grad=True)
[2023-01-20 21:44:23,236][__main__][INFO] - parameters: Parameter containing:
tensor([[0.1021, 0.9488, 0.2539, 0.4061, 0.8588, 0.2325, 0.3485, 0.1758, 0.3426,
         0.0462]], requires_grad=True)
[2023-01-20 21:44:23,449][__main__][INFO] - parameters: Parameter containing:
tensor([[0.1030, 0.9487, 0.2524, 0.4048, 0.8595, 0.2316, 0.3487, 0.1755, 0.3405,
         0.0473]], requires_grad=True)
[2023-01-20 21:44:23,681][__main__][INFO] - parameters: Parameter containing:
tensor([[0.1033, 0.9495, 0.2512, 0.4029, 0.8589, 0.2302, 0.3478, 0.1752, 0.3392,
         0.0487]], requires_grad=True)
[2023-01-20 21:44:23,895][__main__][INFO] - parameters: Parameter containing:
tensor([[0.1030, 0.9509, 0.2507, 0.4009, 0.8583, 0.2284, 0.3468, 0.1748, 0.3384,
         0.0498]], requires_grad=True)
[2023-01-20 21:44:24,112][__main__][INFO] - parameters: Parameter containing:
tensor([[0.1022, 0.9520, 0.2505, 0.4000, 0.8588, 0.2264, 0.3462, 0.1742, 0.3370,
         0.0520]], requires_grad=True)
[2023-01-20 21:44:24,343][__main__][INFO] - parameters: Parameter containing:
tensor([[0.1023, 0.9524, 0.2499, 0.3999, 0.8598, 0.2244, 0.3458, 0.1730, 0.3348,
         0.0550]], requires_grad=True)
[2023-01-20 21:44:24,570][__main__][INFO] - parameters: Parameter containing:
tensor([[0.1026, 0.9525, 0.2493, 0.4004, 0.8614, 0.2222, 0.3457, 0.1717, 0.3324,
         0.0586]], requires_grad=True)
[2023-01-20 21:44:24,789][__main__][INFO] - parameters: Parameter containing:
tensor([[0.1026, 0.9530, 0.2496, 0.4012, 0.8628, 0.2201, 0.3458, 0.1713, 0.3311,
         0.0619]], requires_grad=True)
[2023-01-20 21:44:24,998][__main__][INFO] - parameters: Parameter containing:
tensor([[0.1021, 0.9532, 0.2503, 0.4029, 0.8639, 0.2189, 0.3455, 0.1719, 0.3309,
         0.0657]], requires_grad=True)
[2023-01-20 21:44:25,236][__main__][INFO] - parameters: Parameter containing:
tensor([[0.1016, 0.9533, 0.2509, 0.4051, 0.8641, 0.2187, 0.3438, 0.1738, 0.3320,
         0.0694]], requires_grad=True)
[2023-01-20 21:44:25,448][__main__][INFO] - parameters: Parameter containing:
tensor([[0.1019, 0.9522, 0.2507, 0.4067, 0.8644, 0.2190, 0.3427, 0.1763, 0.3329,
         0.0728]], requires_grad=True)
[2023-01-20 21:44:25,664][__main__][INFO] - parameters: Parameter containing:
tensor([[0.1027, 0.9511, 0.2498, 0.4074, 0.8632, 0.2198, 0.3404, 0.1794, 0.3348,
         0.0753]], requires_grad=True)
[2023-01-20 21:44:25,887][__main__][INFO] - parameters: Parameter containing:
tensor([[0.1032, 0.9507, 0.2492, 0.4063, 0.8608, 0.2204, 0.3387, 0.1822, 0.3376,
         0.0765]], requires_grad=True)
[2023-01-20 21:44:26,104][__main__][INFO] - parameters: Parameter containing:
tensor([[0.1032, 0.9512, 0.2494, 0.4044, 0.8585, 0.2199, 0.3379, 0.1846, 0.3401,
         0.0765]], requires_grad=True)
[2023-01-20 21:44:26,313][__main__][INFO] - parameters: Parameter containing:
tensor([[0.1025, 0.9521, 0.2502, 0.4029, 0.8574, 0.2186, 0.3381, 0.1863, 0.3416,
         0.0763]], requires_grad=True)
[2023-01-20 21:44:26,535][__main__][INFO] - parameters: Parameter containing:
tensor([[0.1022, 0.9518, 0.2507, 0.4027, 0.8580, 0.2176, 0.3393, 0.1873, 0.3413,
         0.0767]], requires_grad=True)
[2023-01-20 21:44:26,759][__main__][INFO] - parameters: Parameter containing:
tensor([[0.1029, 0.9504, 0.2502, 0.4032, 0.8596, 0.2170, 0.3411, 0.1871, 0.3393,
         0.0766]], requires_grad=True)
[2023-01-20 21:44:26,980][__main__][INFO] - parameters: Parameter containing:
tensor([[0.1038, 0.9507, 0.2502, 0.4032, 0.8594, 0.2164, 0.3419, 0.1855, 0.3378,
         0.0740]], requires_grad=True)
[2023-01-20 21:44:27,187][__main__][INFO] - parameters: Parameter containing:
tensor([[0.1037, 0.9519, 0.2511, 0.4041, 0.8590, 0.2158, 0.3420, 0.1840, 0.3368,
         0.0712]], requires_grad=True)
[2023-01-20 21:44:27,421][__main__][INFO] - parameters: Parameter containing:
tensor([[0.1031, 0.9531, 0.2521, 0.4052, 0.8583, 0.2155, 0.3419, 0.1829, 0.3364,
         0.0687]], requires_grad=True)
[2023-01-20 21:44:27,645][__main__][INFO] - parameters: Parameter containing:
tensor([[0.1040, 0.9519, 0.2512, 0.4057, 0.8585, 0.2157, 0.3428, 0.1815, 0.3342,
         0.0675]], requires_grad=True)
[2023-01-20 21:44:27,868][__main__][INFO] - parameters: Parameter containing:
tensor([[0.1039, 0.9507, 0.2507, 0.4059, 0.8585, 0.2158, 0.3435, 0.1812, 0.3331,
         0.0671]], requires_grad=True)
[2023-01-20 21:44:28,083][__main__][INFO] - parameters: Parameter containing:
tensor([[0.1028, 0.9502, 0.2507, 0.4057, 0.8576, 0.2159, 0.3437, 0.1812, 0.3329,
         0.0669]], requires_grad=True)
[2023-01-20 21:44:28,318][__main__][INFO] - parameters: Parameter containing:
tensor([[0.1017, 0.9501, 0.2508, 0.4053, 0.8557, 0.2161, 0.3430, 0.1814, 0.3333,
         0.0670]], requires_grad=True)
[2023-01-20 21:44:28,542][__main__][INFO] - parameters: Parameter containing:
tensor([[0.1004, 0.9506, 0.2512, 0.4055, 0.8529, 0.2169, 0.3413, 0.1817, 0.3348,
         0.0679]], requires_grad=True)
[2023-01-20 21:44:28,786][__main__][INFO] - parameters: Parameter containing:
tensor([[0.1002, 0.9492, 0.2504, 0.4066, 0.8516, 0.2181, 0.3402, 0.1830, 0.3351,
         0.0701]], requires_grad=True)
[2023-01-20 21:44:28,999][__main__][INFO] - parameters: Parameter containing:
tensor([[0.1007, 0.9485, 0.2499, 0.4080, 0.8507, 0.2182, 0.3396, 0.1846, 0.3351,
         0.0715]], requires_grad=True)
[2023-01-20 21:44:29,214][__main__][INFO] - parameters: Parameter containing:
tensor([[0.1005, 0.9487, 0.2502, 0.4094, 0.8494, 0.2179, 0.3386, 0.1859, 0.3352,
         0.0731]], requires_grad=True)
[2023-01-20 21:44:29,428][__main__][INFO] - parameters: Parameter containing:
tensor([[0.0998, 0.9494, 0.2511, 0.4113, 0.8492, 0.2164, 0.3385, 0.1878, 0.3348,
         0.0752]], requires_grad=True)
[2023-01-20 21:44:29,673][__main__][INFO] - parameters: Parameter containing:
tensor([[0.1011, 0.9479, 0.2497, 0.4123, 0.8491, 0.2167, 0.3396, 0.1872, 0.3332,
         0.0766]], requires_grad=True)
[2023-01-20 21:44:29,903][__main__][INFO] - parameters: Parameter containing:
tensor([[0.1020, 0.9478, 0.2489, 0.4118, 0.8479, 0.2160, 0.3408, 0.1861, 0.3321,
         0.0776]], requires_grad=True)
[2023-01-20 21:44:30,122][__main__][INFO] - parameters: Parameter containing:
tensor([[0.1018, 0.9498, 0.2495, 0.4103, 0.8455, 0.2146, 0.3414, 0.1856, 0.3325,
         0.0770]], requires_grad=True)
[2023-01-20 21:44:30,345][__main__][INFO] - parameters: Parameter containing:
tensor([[0.1011, 0.9521, 0.2504, 0.4083, 0.8427, 0.2133, 0.3420, 0.1850, 0.3334,
         0.0760]], requires_grad=True)
[2023-01-20 21:44:30,575][__main__][INFO] - parameters: Parameter containing:
tensor([[0.1021, 0.9520, 0.2496, 0.4074, 0.8420, 0.2126, 0.3434, 0.1846, 0.3319,
         0.0759]], requires_grad=True)
[2023-01-20 21:44:30,794][__main__][INFO] - parameters: Parameter containing:
tensor([[0.1029, 0.9504, 0.2487, 0.4081, 0.8436, 0.2127, 0.3459, 0.1850, 0.3297,
         0.0767]], requires_grad=True)
[2023-01-20 21:44:31,015][__main__][INFO] - parameters: Parameter containing:
tensor([[0.1030, 0.9500, 0.2490, 0.4099, 0.8449, 0.2133, 0.3477, 0.1847, 0.3282,
         0.0759]], requires_grad=True)
[2023-01-20 21:44:31,228][__main__][INFO] - parameters: Parameter containing:
tensor([[0.1020, 0.9507, 0.2501, 0.4108, 0.8451, 0.2136, 0.3488, 0.1847, 0.3277,
         0.0741]], requires_grad=True)
[2023-01-20 21:44:31,439][__main__][INFO] - parameters: Parameter containing:
tensor([[0.1013, 0.9512, 0.2506, 0.4105, 0.8439, 0.2147, 0.3492, 0.1846, 0.3283,
         0.0725]], requires_grad=True)
[2023-01-20 21:44:31,696][__main__][INFO] - parameters: Parameter containing:
tensor([[0.1010, 0.9516, 0.2506, 0.4091, 0.8413, 0.2162, 0.3485, 0.1858, 0.3303,
         0.0706]], requires_grad=True)
[2023-01-20 21:44:31,906][__main__][INFO] - parameters: Parameter containing:
tensor([[0.1017, 0.9510, 0.2497, 0.4080, 0.8391, 0.2179, 0.3477, 0.1879, 0.3324,
         0.0688]], requires_grad=True)
[2023-01-20 21:44:32,132][__main__][INFO] - parameters: Parameter containing:
tensor([[0.1022, 0.9510, 0.2494, 0.4079, 0.8369, 0.2193, 0.3463, 0.1896, 0.3344,
         0.0673]], requires_grad=True)
[2023-01-20 21:44:32,351][__main__][INFO] - parameters: Parameter containing:
tensor([[0.1024, 0.9508, 0.2492, 0.4086, 0.8362, 0.2201, 0.3459, 0.1903, 0.3351,
         0.0665]], requires_grad=True)
[2023-01-20 21:44:32,573][__main__][INFO] - parameters: Parameter containing:
tensor([[0.1020, 0.9512, 0.2499, 0.4092, 0.8363, 0.2198, 0.3463, 0.1902, 0.3354,
         0.0654]], requires_grad=True)
[2023-01-20 21:44:32,794][__main__][INFO] - parameters: Parameter containing:
tensor([[0.1017, 0.9511, 0.2503, 0.4102, 0.8373, 0.2192, 0.3473, 0.1891, 0.3345,
         0.0650]], requires_grad=True)
[2023-01-20 21:44:33,043][__main__][INFO] - parameters: Parameter containing:
tensor([[0.1025, 0.9507, 0.2499, 0.4101, 0.8382, 0.2180, 0.3486, 0.1872, 0.3329,
         0.0638]], requires_grad=True)
[2023-01-20 21:44:33,255][__main__][INFO] - parameters: Parameter containing:
tensor([[0.1030, 0.9512, 0.2497, 0.4095, 0.8382, 0.2162, 0.3493, 0.1853, 0.3321,
         0.0622]], requires_grad=True)
[2023-01-20 21:44:33,469][__main__][INFO] - parameters: Parameter containing:
tensor([[0.1026, 0.9521, 0.2503, 0.4093, 0.8381, 0.2142, 0.3494, 0.1840, 0.3318,
         0.0614]], requires_grad=True)
[2023-01-20 21:44:33,680][__main__][INFO] - parameters: Parameter containing:
tensor([[0.1027, 0.9514, 0.2500, 0.4098, 0.8389, 0.2130, 0.3498, 0.1833, 0.3309,
         0.0623]], requires_grad=True)
[2023-01-20 21:44:33,919][__main__][INFO] - parameters: Parameter containing:
tensor([[0.1026, 0.9508, 0.2496, 0.4103, 0.8388, 0.2127, 0.3493, 0.1834, 0.3313,
         0.0636]], requires_grad=True)
[2023-01-20 21:44:34,130][__main__][INFO] - parameters: Parameter containing:
tensor([[0.1020, 0.9507, 0.2497, 0.4107, 0.8377, 0.2128, 0.3479, 0.1842, 0.3330,
         0.0651]], requires_grad=True)
[2023-01-20 21:44:34,341][__main__][INFO] - parameters: Parameter containing:
tensor([[0.1017, 0.9506, 0.2497, 0.4107, 0.8363, 0.2131, 0.3466, 0.1851, 0.3351,
         0.0659]], requires_grad=True)
[2023-01-20 21:44:34,566][__main__][INFO] - parameters: Parameter containing:
tensor([[0.1020, 0.9498, 0.2493, 0.4109, 0.8358, 0.2133, 0.3464, 0.1857, 0.3364,
         0.0666]], requires_grad=True)
[2023-01-20 21:44:34,799][__main__][INFO] - parameters: Parameter containing:
tensor([[0.1017, 0.9497, 0.2499, 0.4119, 0.8361, 0.2126, 0.3466, 0.1857, 0.3370,
         0.0673]], requires_grad=True)
[2023-01-20 21:44:35,015][__main__][INFO] - parameters: Parameter containing:
tensor([[0.1018, 0.9493, 0.2501, 0.4126, 0.8369, 0.2117, 0.3473, 0.1854, 0.3366,
         0.0678]], requires_grad=True)
[2023-01-20 21:44:35,229][__main__][INFO] - parameters: Parameter containing:
tensor([[0.1022, 0.9502, 0.2503, 0.4122, 0.8360, 0.2107, 0.3471, 0.1845, 0.3368,
         0.0662]], requires_grad=True)
[2023-01-20 21:44:35,450][__main__][INFO] - parameters: Parameter containing:
tensor([[0.1030, 0.9503, 0.2498, 0.4112, 0.8353, 0.2099, 0.3472, 0.1834, 0.3364,
         0.0652]], requires_grad=True)
[2023-01-20 21:44:35,652][__main__][INFO] - parameters: Parameter containing:
tensor([[0.1030, 0.9508, 0.2501, 0.4111, 0.8349, 0.2090, 0.3470, 0.1829, 0.3365,
         0.0645]], requires_grad=True)
[2023-01-20 21:44:35,892][__main__][INFO] - parameters: Parameter containing:
tensor([[0.1029, 0.9502, 0.2503, 0.4120, 0.8360, 0.2083, 0.3478, 0.1830, 0.3360,
         0.0654]], requires_grad=True)
[2023-01-20 21:44:36,107][__main__][INFO] - parameters: Parameter containing:
tensor([[0.1022, 0.9500, 0.2508, 0.4126, 0.8362, 0.2082, 0.3479, 0.1838, 0.3369,
         0.0664]], requires_grad=True)
[2023-01-20 21:44:36,333][__main__][INFO] - parameters: Parameter containing:
tensor([[0.1021, 0.9497, 0.2505, 0.4124, 0.8351, 0.2088, 0.3466, 0.1847, 0.3386,
         0.0668]], requires_grad=True)
[2023-01-20 21:44:36,544][__main__][INFO] - parameters: Parameter containing:
tensor([[0.1019, 0.9484, 0.2496, 0.4135, 0.8351, 0.2097, 0.3452, 0.1853, 0.3387,
         0.0689]], requires_grad=True)
[2023-01-20 21:44:36,771][__main__][INFO] - parameters: Parameter containing:
tensor([[0.1006, 0.9488, 0.2498, 0.4142, 0.8343, 0.2098, 0.3432, 0.1862, 0.3396,
         0.0698]], requires_grad=True)
[2023-01-20 21:44:36,986][__main__][INFO] - parameters: Parameter containing:
tensor([[0.1003, 0.9489, 0.2499, 0.4147, 0.8342, 0.2094, 0.3423, 0.1866, 0.3397,
         0.0700]], requires_grad=True)
[2023-01-20 21:44:37,203][__main__][INFO] - parameters: Parameter containing:
tensor([[0.1009, 0.9478, 0.2491, 0.4156, 0.8357, 0.2090, 0.3426, 0.1871, 0.3382,
         0.0714]], requires_grad=True)
[2023-01-20 21:44:37,441][__main__][INFO] - parameters: Parameter containing:
tensor([[0.1006, 0.9480, 0.2494, 0.4160, 0.8364, 0.2079, 0.3428, 0.1883, 0.3378,
         0.0722]], requires_grad=True)
[2023-01-20 21:44:37,655][__main__][INFO] - parameters: Parameter containing:
tensor([[0.0998, 0.9495, 0.2503, 0.4160, 0.8358, 0.2068, 0.3419, 0.1893, 0.3386,
         0.0724]], requires_grad=True)
[2023-01-20 21:44:37,915][__main__][INFO] - parameters: Parameter containing:
tensor([[0.1012, 0.9485, 0.2491, 0.4162, 0.8367, 0.2066, 0.3423, 0.1905, 0.3375,
         0.0738]], requires_grad=True)
[2023-01-20 21:44:38,127][__main__][INFO] - parameters: Parameter containing:
tensor([[0.1016, 0.9489, 0.2491, 0.4158, 0.8364, 0.2063, 0.3423, 0.1912, 0.3378,
         0.0742]], requires_grad=True)
[2023-01-20 21:44:38,345][__main__][INFO] - parameters: Parameter containing:
tensor([[0.1024, 0.9499, 0.2490, 0.4143, 0.8348, 0.2081, 0.3427, 0.1883, 0.3388,
         0.0710]], requires_grad=True)
[2023-01-20 21:44:38,552][__main__][INFO] - parameters: Parameter containing:
tensor([[0.1023, 0.9508, 0.2496, 0.4133, 0.8345, 0.2093, 0.3445, 0.1852, 0.3393,
         0.0683]], requires_grad=True)
[2023-01-20 21:44:38,833][__main__][INFO] - parameters: Parameter containing:
tensor([[0.1027, 0.9504, 0.2495, 0.4122, 0.8355, 0.2104, 0.3475, 0.1824, 0.3390,
         0.0666]], requires_grad=True)
[2023-01-20 21:44:39,072][__main__][INFO] - parameters: Parameter containing:
tensor([[0.1028, 0.9498, 0.2497, 0.4116, 0.8371, 0.2111, 0.3508, 0.1796, 0.3380,
         0.0657]], requires_grad=True)
[2023-01-20 21:44:39,313][__main__][INFO] - parameters: Parameter containing:
tensor([[0.1019, 0.9503, 0.2506, 0.4116, 0.8378, 0.2116, 0.3524, 0.1774, 0.3378,
         0.0650]], requires_grad=True)
[2023-01-20 21:44:39,549][__main__][INFO] - parameters: Parameter containing:
tensor([[0.1011, 0.9511, 0.2512, 0.4116, 0.8374, 0.2124, 0.3519, 0.1766, 0.3383,
         0.0637]], requires_grad=True)
[2023-01-20 21:44:39,814][__main__][INFO] - parameters: Parameter containing:
tensor([[0.1025, 0.9499, 0.2498, 0.4117, 0.8381, 0.2138, 0.3520, 0.1761, 0.3367,
         0.0632]], requires_grad=True)
[2023-01-20 21:44:40,027][__main__][INFO] - parameters: Parameter containing:
tensor([[0.1030, 0.9494, 0.2488, 0.4121, 0.8380, 0.2151, 0.3504, 0.1762, 0.3356,
         0.0629]], requires_grad=True)
[2023-01-20 21:44:40,250][__main__][INFO] - parameters: Parameter containing:
tensor([[0.1021, 0.9500, 0.2488, 0.4122, 0.8374, 0.2153, 0.3483, 0.1765, 0.3348,
         0.0632]], requires_grad=True)
[2023-01-20 21:44:40,475][__main__][INFO] - parameters: Parameter containing:
tensor([[0.1005, 0.9511, 0.2493, 0.4119, 0.8370, 0.2149, 0.3464, 0.1783, 0.3346,
         0.0636]], requires_grad=True)
[2023-01-20 21:44:40,700][__main__][INFO] - parameters: Parameter containing:
tensor([[0.1004, 0.9504, 0.2485, 0.4114, 0.8373, 0.2148, 0.3450, 0.1810, 0.3336,
         0.0650]], requires_grad=True)
[2023-01-20 21:44:40,915][__main__][INFO] - parameters: Parameter containing:
tensor([[0.1004, 0.9492, 0.2479, 0.4115, 0.8388, 0.2142, 0.3447, 0.1852, 0.3329,
         0.0671]], requires_grad=True)
[2023-01-20 21:44:41,130][__main__][INFO] - parameters: Parameter containing:
tensor([[0.1002, 0.9493, 0.2481, 0.4119, 0.8397, 0.2132, 0.3441, 0.1887, 0.3325,
         0.0688]], requires_grad=True)
[2023-01-20 21:44:41,358][__main__][INFO] - parameters: Parameter containing:
tensor([[0.1005, 0.9504, 0.2487, 0.4120, 0.8395, 0.2119, 0.3432, 0.1913, 0.3324,
         0.0689]], requires_grad=True)
[2023-01-20 21:44:41,575][__main__][INFO] - parameters: Parameter containing:
tensor([[0.1012, 0.9503, 0.2486, 0.4119, 0.8401, 0.2111, 0.3436, 0.1932, 0.3321,
         0.0703]], requires_grad=True)
[2023-01-20 21:44:41,799][__main__][INFO] - parameters: Parameter containing:
tensor([[0.1012, 0.9509, 0.2494, 0.4123, 0.8402, 0.2107, 0.3438, 0.1947, 0.3328,
         0.0713]], requires_grad=True)
[2023-01-20 21:44:42,030][__main__][INFO] - parameters: Parameter containing:
tensor([[0.1017, 0.9507, 0.2496, 0.4125, 0.8407, 0.2105, 0.3447, 0.1952, 0.3329,
         0.0727]], requires_grad=True)
[2023-01-20 21:44:42,247][__main__][INFO] - parameters: Parameter containing:
tensor([[0.1018, 0.9509, 0.2502, 0.4124, 0.8409, 0.2101, 0.3450, 0.1961, 0.3336,
         0.0745]], requires_grad=True)
[2023-01-20 21:44:42,470][__main__][INFO] - parameters: Parameter containing:
tensor([[0.1011, 0.9518, 0.2516, 0.4121, 0.8407, 0.2084, 0.3444, 0.1988, 0.3352,
         0.0772]], requires_grad=True)
[2023-01-20 21:44:42,691][__main__][INFO] - parameters: Parameter containing:
tensor([[0.1021, 0.9501, 0.2508, 0.4129, 0.8421, 0.2085, 0.3447, 0.2002, 0.3343,
         0.0809]], requires_grad=True)
[2023-01-20 21:44:42,917][__main__][INFO] - parameters: Parameter containing:
tensor([[0.1029, 0.9490, 0.2501, 0.4147, 0.8427, 0.2099, 0.3440, 0.1994, 0.3333,
         0.0831]], requires_grad=True)
[2023-01-20 21:44:43,130][__main__][INFO] - parameters: Parameter containing:
tensor([[0.1032, 0.9494, 0.2502, 0.4152, 0.8425, 0.2100, 0.3428, 0.1985, 0.3325,
         0.0841]], requires_grad=True)
[2023-01-20 21:44:43,350][__main__][INFO] - parameters: Parameter containing:
tensor([[0.1022, 0.9510, 0.2514, 0.4147, 0.8420, 0.2090, 0.3420, 0.1977, 0.3323,
         0.0842]], requires_grad=True)
[2023-01-20 21:44:43,571][__main__][INFO] - parameters: Parameter containing:
tensor([[0.1015, 0.9521, 0.2518, 0.4129, 0.8406, 0.2094, 0.3415, 0.1957, 0.3327,
         0.0829]], requires_grad=True)
[2023-01-20 21:44:43,812][__main__][INFO] - parameters: Parameter containing:
tensor([[0.1029, 0.9508, 0.2500, 0.4113, 0.8405, 0.2112, 0.3421, 0.1920, 0.3308,
         0.0821]], requires_grad=True)
[2023-01-20 21:44:44,047][__main__][INFO] - parameters: Parameter containing:
tensor([[0.1032, 0.9502, 0.2493, 0.4099, 0.8404, 0.2132, 0.3430, 0.1888, 0.3301,
         0.0805]], requires_grad=True)
[2023-01-20 21:44:44,263][__main__][INFO] - parameters: Parameter containing:
tensor([[0.1025, 0.9506, 0.2498, 0.4089, 0.8404, 0.2151, 0.3442, 0.1853, 0.3299,
         0.0776]], requires_grad=True)
[2023-01-20 21:44:44,490][__main__][INFO] - parameters: Parameter containing:
tensor([[0.1013, 0.9515, 0.2511, 0.4077, 0.8401, 0.2166, 0.3457, 0.1820, 0.3303,
         0.0739]], requires_grad=True)
[2023-01-20 21:44:44,714][__main__][INFO] - parameters: Parameter containing:
tensor([[0.1015, 0.9509, 0.2510, 0.4060, 0.8407, 0.2181, 0.3481, 0.1801, 0.3301,
         0.0709]], requires_grad=True)
[2023-01-20 21:44:44,933][__main__][INFO] - parameters: Parameter containing:
tensor([[0.1019, 0.9502, 0.2511, 0.4058, 0.8416, 0.2196, 0.3496, 0.1797, 0.3304,
         0.0678]], requires_grad=True)
[2023-01-20 21:44:45,176][__main__][INFO] - parameters: Parameter containing:
tensor([[0.1027, 0.9508, 0.2515, 0.4064, 0.8412, 0.2206, 0.3489, 0.1799, 0.3313,
         0.0635]], requires_grad=True)
[2023-01-20 21:44:45,391][__main__][INFO] - parameters: Parameter containing:
tensor([[0.1031, 0.9512, 0.2516, 0.4075, 0.8410, 0.2213, 0.3474, 0.1807, 0.3322,
         0.0605]], requires_grad=True)
[2023-01-20 21:44:45,617][__main__][INFO] - parameters: Parameter containing:
tensor([[0.1034, 0.9506, 0.2512, 0.4083, 0.8419, 0.2212, 0.3465, 0.1824, 0.3321,
         0.0593]], requires_grad=True)
[2023-01-20 21:44:45,874][__main__][INFO] - parameters: Parameter containing:
tensor([[0.1027, 0.9501, 0.2513, 0.4081, 0.8434, 0.2197, 0.3467, 0.1848, 0.3321,
         0.0595]], requires_grad=True)
[2023-01-20 21:44:46,086][__main__][INFO] - parameters: Parameter containing:
tensor([[0.1013, 0.9503, 0.2519, 0.4072, 0.8443, 0.2173, 0.3464, 0.1874, 0.3328,
         0.0605]], requires_grad=True)
[2023-01-20 21:44:46,304][__main__][INFO] - parameters: Parameter containing:
tensor([[0.1010, 0.9489, 0.2509, 0.4073, 0.8459, 0.2158, 0.3460, 0.1894, 0.3317,
         0.0638]], requires_grad=True)
[2023-01-20 21:44:46,568][__main__][INFO] - parameters: Parameter containing:
tensor([[0.1011, 0.9487, 0.2500, 0.4080, 0.8457, 0.2148, 0.3437, 0.1902, 0.3309,
         0.0663]], requires_grad=True)
[2023-01-20 21:44:46,771][__main__][INFO] - parameters: Parameter containing:
tensor([[0.1013, 0.9496, 0.2496, 0.4094, 0.8442, 0.2141, 0.3403, 0.1897, 0.3304,
         0.0680]], requires_grad=True)
[2023-01-20 21:44:46,985][__main__][INFO] - parameters: Parameter containing:
tensor([[0.1015, 0.9507, 0.2496, 0.4100, 0.8427, 0.2130, 0.3378, 0.1892, 0.3306,
         0.0695]], requires_grad=True)
[2023-01-20 21:44:47,187][__main__][INFO] - parameters: Parameter containing:
tensor([[0.1019, 0.9508, 0.2496, 0.4098, 0.8424, 0.2120, 0.3376, 0.1891, 0.3310,
         0.0715]], requires_grad=True)
[2023-01-20 21:44:47,442][__main__][INFO] - parameters: Parameter containing:
tensor([[0.1017, 0.9500, 0.2501, 0.4096, 0.8439, 0.2113, 0.3399, 0.1893, 0.3317,
         0.0736]], requires_grad=True)
[2023-01-20 21:44:47,653][__main__][INFO] - parameters: Parameter containing:
tensor([[0.1013, 0.9492, 0.2510, 0.4090, 0.8452, 0.2109, 0.3429, 0.1895, 0.3337,
         0.0755]], requires_grad=True)
[2023-01-20 21:44:47,904][__main__][INFO] - parameters: Parameter containing:
tensor([[0.1017, 0.9489, 0.2512, 0.4088, 0.8447, 0.2125, 0.3444, 0.1870, 0.3356,
         0.0753]], requires_grad=True)
[2023-01-20 21:44:48,111][__main__][INFO] - parameters: Parameter containing:
tensor([[0.1023, 0.9499, 0.2517, 0.4092, 0.8428, 0.2140, 0.3440, 0.1845, 0.3377,
         0.0732]], requires_grad=True)
[2023-01-20 21:44:48,320][__main__][INFO] - parameters: Parameter containing:
tensor([[0.1028, 0.9498, 0.2513, 0.4103, 0.8422, 0.2151, 0.3437, 0.1817, 0.3379,
         0.0725]], requires_grad=True)
[2023-01-20 21:44:48,559][__main__][INFO] - parameters: Parameter containing:
tensor([[0.1034, 0.9500, 0.2508, 0.4094, 0.8415, 0.2150, 0.3444, 0.1783, 0.3378,
         0.0708]], requires_grad=True)
[2023-01-20 21:44:48,771][__main__][INFO] - parameters: Parameter containing:
tensor([[0.1025, 0.9508, 0.2514, 0.4075, 0.8412, 0.2134, 0.3456, 0.1763, 0.3382,
         0.0689]], requires_grad=True)
[2023-01-20 21:44:48,972][__main__][INFO] - parameters: Parameter containing:
tensor([[0.1025, 0.9501, 0.2506, 0.4065, 0.8421, 0.2123, 0.3467, 0.1753, 0.3371,
         0.0676]], requires_grad=True)
[2023-01-20 21:44:49,201][__main__][INFO] - parameters: Parameter containing:
tensor([[0.1021, 0.9496, 0.2506, 0.4078, 0.8436, 0.2114, 0.3466, 0.1761, 0.3364,
         0.0661]], requires_grad=True)
[2023-01-20 21:44:49,425][__main__][INFO] - parameters: Parameter containing:
tensor([[0.1016, 0.9501, 0.2512, 0.4097, 0.8440, 0.2106, 0.3449, 0.1782, 0.3370,
         0.0636]], requires_grad=True)
[2023-01-20 21:44:49,648][__main__][INFO] - parameters: Parameter containing:
tensor([[0.1030, 0.9489, 0.2499, 0.4107, 0.8449, 0.2102, 0.3438, 0.1807, 0.3364,
         0.0616]], requires_grad=True)
[2023-01-20 21:44:49,876][__main__][INFO] - parameters: Parameter containing:
tensor([[0.1032, 0.9491, 0.2498, 0.4109, 0.8447, 0.2093, 0.3423, 0.1833, 0.3368,
         0.0598]], requires_grad=True)
[2023-01-20 21:44:50,097][__main__][INFO] - parameters: Parameter containing:
tensor([[0.1022, 0.9502, 0.2508, 0.4107, 0.8438, 0.2081, 0.3409, 0.1861, 0.3382,
         0.0583]], requires_grad=True)
[2023-01-20 21:44:50,314][__main__][INFO] - parameters: Parameter containing:
tensor([[0.1021, 0.9494, 0.2504, 0.4096, 0.8437, 0.2077, 0.3408, 0.1887, 0.3387,
         0.0584]], requires_grad=True)
[2023-01-20 21:44:50,526][__main__][INFO] - parameters: Parameter containing:
tensor([[0.1027, 0.9477, 0.2492, 0.4088, 0.8445, 0.2075, 0.3415, 0.1905, 0.3380,
         0.0597]], requires_grad=True)
[2023-01-20 21:44:50,783][__main__][INFO] - parameters: Parameter containing:
tensor([[0.1027, 0.9476, 0.2492, 0.4087, 0.8445, 0.2073, 0.3414, 0.1912, 0.3375,
         0.0594]], requires_grad=True)
[2023-01-20 21:44:50,999][__main__][INFO] - parameters: Parameter containing:
tensor([[0.1024, 0.9488, 0.2503, 0.4092, 0.8437, 0.2072, 0.3406, 0.1910, 0.3373,
         0.0578]], requires_grad=True)
[2023-01-20 21:44:51,245][__main__][INFO] - parameters: Parameter containing:
tensor([[0.1019, 0.9500, 0.2517, 0.4106, 0.8437, 0.2070, 0.3403, 0.1894, 0.3362,
         0.0567]], requires_grad=True)
[2023-01-20 21:44:51,458][__main__][INFO] - parameters: Parameter containing:
tensor([[0.1025, 0.9492, 0.2517, 0.4110, 0.8450, 0.2063, 0.3414, 0.1888, 0.3341,
         0.0581]], requires_grad=True)
[2023-01-20 21:44:51,668][__main__][INFO] - parameters: Parameter containing:
tensor([[0.1036, 0.9476, 0.2507, 0.4100, 0.8459, 0.2063, 0.3428, 0.1882, 0.3321,
         0.0604]], requires_grad=True)
[2023-01-20 21:44:51,887][__main__][INFO] - parameters: Parameter containing:
tensor([[0.1037, 0.9472, 0.2510, 0.4096, 0.8459, 0.2064, 0.3434, 0.1874, 0.3309,
         0.0626]], requires_grad=True)
[2023-01-20 21:44:52,108][__main__][INFO] - parameters: Parameter containing:
tensor([[0.1035, 0.9484, 0.2519, 0.4091, 0.8441, 0.2069, 0.3425, 0.1861, 0.3308,
         0.0634]], requires_grad=True)
[2023-01-20 21:44:52,331][__main__][INFO] - parameters: Parameter containing:
tensor([[0.1032, 0.9500, 0.2530, 0.4077, 0.8412, 0.2079, 0.3413, 0.1845, 0.3315,
         0.0631]], requires_grad=True)
[2023-01-20 21:44:52,554][__main__][INFO] - parameters: Parameter containing:
tensor([[0.1032, 0.9500, 0.2531, 0.4063, 0.8395, 0.2092, 0.3412, 0.1830, 0.3316,
         0.0641]], requires_grad=True)
[2023-01-20 21:44:52,774][__main__][INFO] - parameters: Parameter containing:
tensor([[0.1036, 0.9483, 0.2522, 0.4051, 0.8390, 0.2114, 0.3421, 0.1818, 0.3309,
         0.0665]], requires_grad=True)
[2023-01-20 21:44:52,991][__main__][INFO] - parameters: Parameter containing:
tensor([[0.1026, 0.9476, 0.2528, 0.4058, 0.8390, 0.2132, 0.3428, 0.1811, 0.3308,
         0.0687]], requires_grad=True)
[2023-01-20 21:44:53,211][__main__][INFO] - parameters: Parameter containing:
tensor([[0.1017, 0.9478, 0.2535, 0.4070, 0.8383, 0.2150, 0.3422, 0.1799, 0.3306,
         0.0698]], requires_grad=True)
[2023-01-20 21:44:53,453][__main__][INFO] - parameters: Parameter containing:
tensor([[0.1013, 0.9478, 0.2539, 0.4081, 0.8375, 0.2160, 0.3412, 0.1801, 0.3309,
         0.0704]], requires_grad=True)
[2023-01-20 21:44:53,681][__main__][INFO] - parameters: Parameter containing:
tensor([[0.1023, 0.9472, 0.2528, 0.4085, 0.8368, 0.2169, 0.3398, 0.1812, 0.3310,
         0.0706]], requires_grad=True)
[2023-01-20 21:44:53,887][__main__][INFO] - parameters: Parameter containing:
tensor([[0.1028, 0.9472, 0.2524, 0.4077, 0.8364, 0.2162, 0.3395, 0.1825, 0.3312,
         0.0701]], requires_grad=True)
[2023-01-20 21:44:54,137][__main__][INFO] - parameters: Parameter containing:
tensor([[0.1031, 0.9478, 0.2523, 0.4056, 0.8359, 0.2144, 0.3401, 0.1834, 0.3314,
         0.0683]], requires_grad=True)
[2023-01-20 21:44:54,354][__main__][INFO] - parameters: Parameter containing:
tensor([[0.1030, 0.9489, 0.2529, 0.4036, 0.8360, 0.2121, 0.3410, 0.1847, 0.3315,
         0.0654]], requires_grad=True)
[2023-01-20 21:44:54,614][__main__][INFO] - parameters: Parameter containing:
tensor([[0.1028, 0.9490, 0.2534, 0.4038, 0.8380, 0.2103, 0.3427, 0.1855, 0.3304,
         0.0634]], requires_grad=True)
[2023-01-20 21:44:54,828][__main__][INFO] - parameters: Parameter containing:
tensor([[0.1033, 0.9478, 0.2531, 0.4060, 0.8412, 0.2095, 0.3443, 0.1862, 0.3280,
         0.0628]], requires_grad=True)
[2023-01-20 21:44:55,038][__main__][INFO] - parameters: Parameter containing:
tensor([[0.1035, 0.9473, 0.2532, 0.4087, 0.8433, 0.2093, 0.3443, 0.1862, 0.3262,
         0.0621]], requires_grad=True)
[2023-01-20 21:44:55,286][__main__][INFO] - parameters: Parameter containing:
tensor([[0.1031, 0.9479, 0.2535, 0.4100, 0.8435, 0.2090, 0.3434, 0.1859, 0.3257,
         0.0613]], requires_grad=True)
[2023-01-20 21:44:55,496][__main__][INFO] - parameters: Parameter containing:
tensor([[0.1032, 0.9482, 0.2528, 0.4089, 0.8418, 0.2090, 0.3416, 0.1860, 0.3263,
         0.0612]], requires_grad=True)
[2023-01-20 21:44:55,711][__main__][INFO] - parameters: Parameter containing:
tensor([[0.1032, 0.9484, 0.2520, 0.4067, 0.8392, 0.2096, 0.3398, 0.1865, 0.3283,
         0.0612]], requires_grad=True)
[2023-01-20 21:44:55,921][__main__][INFO] - parameters: Parameter containing:
tensor([[0.1024, 0.9482, 0.2517, 0.4048, 0.8374, 0.2105, 0.3386, 0.1879, 0.3306,
         0.0620]], requires_grad=True)
[2023-01-20 21:44:56,170][__main__][INFO] - parameters: Parameter containing:
tensor([[0.1014, 0.9481, 0.2523, 0.4053, 0.8375, 0.2115, 0.3387, 0.1884, 0.3321,
         0.0623]], requires_grad=True)
[2023-01-20 21:44:56,395][__main__][INFO] - parameters: Parameter containing:
tensor([[0.1016, 0.9474, 0.2527, 0.4071, 0.8389, 0.2122, 0.3397, 0.1875, 0.3319,
         0.0629]], requires_grad=True)
[2023-01-20 21:44:56,650][__main__][INFO] - parameters: Parameter containing:
tensor([[0.1018, 0.9464, 0.2530, 0.4091, 0.8413, 0.2122, 0.3416, 0.1864, 0.3309,
         0.0646]], requires_grad=True)
[2023-01-20 21:44:56,877][__main__][INFO] - parameters: Parameter containing:
tensor([[0.1019, 0.9465, 0.2533, 0.4100, 0.8420, 0.2117, 0.3423, 0.1850, 0.3305,
         0.0659]], requires_grad=True)
[2023-01-20 21:44:57,088][__main__][INFO] - parameters: Parameter containing:
tensor([[0.1020, 0.9473, 0.2535, 0.4102, 0.8415, 0.2109, 0.3418, 0.1836, 0.3304,
         0.0668]], requires_grad=True)
[2023-01-20 21:44:57,308][__main__][INFO] - parameters: Parameter containing:
tensor([[0.1026, 0.9481, 0.2531, 0.4088, 0.8391, 0.2105, 0.3404, 0.1824, 0.3316,
         0.0679]], requires_grad=True)
[2023-01-20 21:44:57,524][__main__][INFO] - parameters: Parameter containing:
tensor([[0.1034, 0.9488, 0.2524, 0.4065, 0.8365, 0.2103, 0.3392, 0.1824, 0.3337,
         0.0683]], requires_grad=True)
[2023-01-20 21:44:57,733][__main__][INFO] - parameters: Parameter containing:
tensor([[0.1034, 0.9488, 0.2522, 0.4046, 0.8359, 0.2097, 0.3401, 0.1826, 0.3353,
         0.0691]], requires_grad=True)
[2023-01-20 21:44:57,951][__main__][INFO] - parameters: Parameter containing:
tensor([[0.1027, 0.9483, 0.2529, 0.4056, 0.8378, 0.2095, 0.3422, 0.1819, 0.3354,
         0.0695]], requires_grad=True)
[2023-01-20 21:44:58,177][__main__][INFO] - parameters: Parameter containing:
tensor([[0.1023, 0.9481, 0.2536, 0.4077, 0.8397, 0.2098, 0.3433, 0.1805, 0.3349,
         0.0691]], requires_grad=True)
[2023-01-20 21:44:58,388][__main__][INFO] - parameters: Parameter containing:
tensor([[0.1020, 0.9481, 0.2540, 0.4099, 0.8410, 0.2102, 0.3432, 0.1804, 0.3350,
         0.0684]], requires_grad=True)
[2023-01-20 21:44:58,616][__main__][INFO] - parameters: Parameter containing:
tensor([[0.1031, 0.9474, 0.2529, 0.4112, 0.8411, 0.2114, 0.3418, 0.1811, 0.3351,
         0.0675]], requires_grad=True)
[2023-01-20 21:44:58,851][__main__][INFO] - parameters: Parameter containing:
tensor([[0.1038, 0.9481, 0.2521, 0.4109, 0.8397, 0.2116, 0.3397, 0.1818, 0.3360,
         0.0653]], requires_grad=True)
[2023-01-20 21:44:59,062][__main__][INFO] - parameters: Parameter containing:
tensor([[0.1030, 0.9490, 0.2525, 0.4100, 0.8397, 0.2099, 0.3396, 0.1829, 0.3367,
         0.0637]], requires_grad=True)
[2023-01-20 21:44:59,282][__main__][INFO] - parameters: Parameter containing:
tensor([[0.1023, 0.9486, 0.2524, 0.4083, 0.8407, 0.2082, 0.3412, 0.1835, 0.3369,
         0.0635]], requires_grad=True)
[2023-01-20 21:44:59,508][__main__][INFO] - parameters: Parameter containing:
tensor([[0.1026, 0.9467, 0.2510, 0.4071, 0.8427, 0.2073, 0.3434, 0.1839, 0.3356,
         0.0647]], requires_grad=True)
[2023-01-20 21:44:59,722][__main__][INFO] - parameters: Parameter containing:
tensor([[0.1027, 0.9462, 0.2508, 0.4074, 0.8438, 0.2069, 0.3443, 0.1831, 0.3346,
         0.0647]], requires_grad=True)
[2023-01-20 21:44:59,948][__main__][INFO] - parameters: Parameter containing:
tensor([[0.1022, 0.9476, 0.2520, 0.4087, 0.8436, 0.2071, 0.3435, 0.1814, 0.3345,
         0.0633]], requires_grad=True)
[2023-01-20 21:45:00,173][__main__][INFO] - parameters: Parameter containing:
tensor([[0.1014, 0.9493, 0.2531, 0.4107, 0.8427, 0.2078, 0.3412, 0.1804, 0.3349,
         0.0624]], requires_grad=True)
[2023-01-20 21:45:00,395][__main__][INFO] - parameters: Parameter containing:
tensor([[0.1026, 0.9486, 0.2516, 0.4121, 0.8424, 0.2095, 0.3396, 0.1788, 0.3331,
         0.0637]], requires_grad=True)
[2023-01-20 21:45:00,616][__main__][INFO] - parameters: Parameter containing:
tensor([[0.1032, 0.9482, 0.2507, 0.4114, 0.8415, 0.2106, 0.3391, 0.1784, 0.3333,
         0.0645]], requires_grad=True)
[2023-01-20 21:45:00,831][__main__][INFO] - parameters: Parameter containing:
tensor([[0.1033, 0.9482, 0.2504, 0.4087, 0.8400, 0.2111, 0.3394, 0.1791, 0.3349,
         0.0647]], requires_grad=True)
[2023-01-20 21:45:01,052][__main__][INFO] - parameters: Parameter containing:
tensor([[0.1021, 0.9487, 0.2511, 0.4061, 0.8391, 0.2105, 0.3404, 0.1805, 0.3366,
         0.0650]], requires_grad=True)
[2023-01-20 21:45:01,300][__main__][INFO] - parameters: Parameter containing:
tensor([[0.1014, 0.9488, 0.2520, 0.4048, 0.8395, 0.2098, 0.3424, 0.1813, 0.3376,
         0.0649]], requires_grad=True)
[2023-01-20 21:45:01,507][__main__][INFO] - parameters: Parameter containing:
tensor([[0.1023, 0.9478, 0.2518, 0.4059, 0.8411, 0.2100, 0.3438, 0.1821, 0.3366,
         0.0653]], requires_grad=True)
[2023-01-20 21:45:01,734][__main__][INFO] - parameters: Parameter containing:
tensor([[0.1030, 0.9479, 0.2524, 0.4085, 0.8419, 0.2108, 0.3438, 0.1817, 0.3360,
         0.0645]], requires_grad=True)
[2023-01-20 21:45:01,954][__main__][INFO] - parameters: Parameter containing:
tensor([[0.1031, 0.9493, 0.2533, 0.4106, 0.8411, 0.2112, 0.3422, 0.1809, 0.3361,
         0.0628]], requires_grad=True)
[2023-01-20 21:45:02,180][__main__][INFO] - parameters: Parameter containing:
tensor([[0.1042, 0.9487, 0.2523, 0.4113, 0.8412, 0.2120, 0.3417, 0.1805, 0.3350,
         0.0626]], requires_grad=True)
[2023-01-20 21:45:02,392][__main__][INFO] - parameters: Parameter containing:
tensor([[0.1036, 0.9484, 0.2521, 0.4102, 0.8413, 0.2113, 0.3421, 0.1813, 0.3350,
         0.0628]], requires_grad=True)
[2023-01-20 21:45:02,623][__main__][INFO] - parameters: Parameter containing:
tensor([[0.1019, 0.9491, 0.2527, 0.4083, 0.8406, 0.2100, 0.3423, 0.1826, 0.3360,
         0.0629]], requires_grad=True)
[2023-01-20 21:45:02,866][__main__][INFO] - parameters: Parameter containing:
tensor([[0.1018, 0.9481, 0.2518, 0.4069, 0.8408, 0.2094, 0.3428, 0.1840, 0.3356,
         0.0639]], requires_grad=True)
[2023-01-20 21:45:03,092][__main__][INFO] - parameters: Parameter containing:
tensor([[0.1019, 0.9472, 0.2508, 0.4077, 0.8412, 0.2096, 0.3419, 0.1851, 0.3347,
         0.0650]], requires_grad=True)
[2023-01-20 21:45:03,323][__main__][INFO] - parameters: Parameter containing:
tensor([[0.1020, 0.9476, 0.2508, 0.4092, 0.8407, 0.2101, 0.3403, 0.1852, 0.3344,
         0.0649]], requires_grad=True)
[2023-01-20 21:45:03,547][__main__][INFO] - parameters: Parameter containing:
tensor([[0.1015, 0.9490, 0.2515, 0.4101, 0.8394, 0.2103, 0.3387, 0.1851, 0.3348,
         0.0642]], requires_grad=True)
[2023-01-20 21:45:03,757][__main__][INFO] - parameters: Parameter containing:
tensor([[0.1015, 0.9489, 0.2515, 0.4109, 0.8395, 0.2105, 0.3386, 0.1851, 0.3346,
         0.0653]], requires_grad=True)
[2023-01-20 21:45:03,970][__main__][INFO] - parameters: Parameter containing:
tensor([[0.1024, 0.9476, 0.2506, 0.4105, 0.8403, 0.2103, 0.3403, 0.1850, 0.3340,
         0.0671]], requires_grad=True)
[2023-01-20 21:45:04,205][__main__][INFO] - parameters: Parameter containing:
tensor([[0.1018, 0.9475, 0.2510, 0.4099, 0.8408, 0.2096, 0.3419, 0.1854, 0.3340,
         0.0688]], requires_grad=True)
[2023-01-20 21:45:04,421][__main__][INFO] - parameters: Parameter containing:
tensor([[0.1012, 0.9483, 0.2516, 0.4089, 0.8400, 0.2090, 0.3425, 0.1849, 0.3346,
         0.0694]], requires_grad=True)
[2023-01-20 21:45:04,638][__main__][INFO] - parameters: Parameter containing:
tensor([[0.1015, 0.9494, 0.2520, 0.4093, 0.8385, 0.2090, 0.3415, 0.1846, 0.3353,
         0.0691]], requires_grad=True)
[2023-01-20 21:45:04,837][__main__][INFO] - parameters: Parameter containing:
tensor([[0.1030, 0.9489, 0.2510, 0.4092, 0.8380, 0.2096, 0.3416, 0.1840, 0.3349,
         0.0696]], requires_grad=True)
[2023-01-20 21:45:05,052][__main__][INFO] - parameters: Parameter containing:
tensor([[0.1037, 0.9490, 0.2508, 0.4088, 0.8376, 0.2097, 0.3422, 0.1834, 0.3352,
         0.0692]], requires_grad=True)
[2023-01-20 21:45:05,268][__main__][INFO] - parameters: Parameter containing:
tensor([[0.1027, 0.9498, 0.2519, 0.4090, 0.8380, 0.2091, 0.3432, 0.1828, 0.3354,
         0.0686]], requires_grad=True)
[2023-01-20 21:45:05,471][__main__][INFO] - parameters: Parameter containing:
tensor([[0.1024, 0.9494, 0.2521, 0.4088, 0.8391, 0.2089, 0.3450, 0.1822, 0.3348,
         0.0686]], requires_grad=True)
[2023-01-20 21:45:05,682][__main__][INFO] - parameters: Parameter containing:
tensor([[0.1027, 0.9487, 0.2513, 0.4081, 0.8389, 0.2098, 0.3456, 0.1813, 0.3350,
         0.0683]], requires_grad=True)
[2023-01-20 21:45:05,905][__main__][INFO] - parameters: Parameter containing:
tensor([[0.1025, 0.9491, 0.2513, 0.4082, 0.8377, 0.2111, 0.3449, 0.1798, 0.3357,
         0.0672]], requires_grad=True)
[2023-01-20 21:45:06,114][__main__][INFO] - parameters: Parameter containing:
tensor([[0.1025, 0.9498, 0.2515, 0.4086, 0.8365, 0.2121, 0.3438, 0.1783, 0.3365,
         0.0654]], requires_grad=True)
[2023-01-20 21:45:06,324][__main__][INFO] - parameters: Parameter containing:
tensor([[0.1024, 0.9492, 0.2512, 0.4093, 0.8367, 0.2130, 0.3440, 0.1773, 0.3363,
         0.0652]], requires_grad=True)
[2023-01-20 21:45:06,535][__main__][INFO] - parameters: Parameter containing:
tensor([[0.1021, 0.9486, 0.2511, 0.4092, 0.8377, 0.2125, 0.3452, 0.1772, 0.3360,
         0.0649]], requires_grad=True)
[2023-01-20 21:45:06,742][__main__][INFO] - parameters: Parameter containing:
tensor([[0.1013, 0.9486, 0.2518, 0.4093, 0.8387, 0.2110, 0.3460, 0.1790, 0.3364,
         0.0642]], requires_grad=True)
[2023-01-20 21:45:06,942][__main__][INFO] - parameters: Parameter containing:
tensor([[0.1008, 0.9483, 0.2522, 0.4104, 0.8398, 0.2098, 0.3458, 0.1824, 0.3367,
         0.0644]], requires_grad=True)
[2023-01-20 21:45:07,150][__main__][INFO] - parameters: Parameter containing:
tensor([[0.1021, 0.9475, 0.2508, 0.4123, 0.8398, 0.2099, 0.3435, 0.1858, 0.3364,
         0.0651]], requires_grad=True)
[2023-01-20 21:45:07,364][__main__][INFO] - parameters: Parameter containing:
tensor([[0.1026, 0.9478, 0.2499, 0.4134, 0.8387, 0.2098, 0.3405, 0.1887, 0.3363,
         0.0657]], requires_grad=True)
[2023-01-20 21:45:07,593][__main__][INFO] - parameters: Parameter containing:
tensor([[0.1019, 0.9494, 0.2503, 0.4133, 0.8370, 0.2087, 0.3380, 0.1907, 0.3369,
         0.0653]], requires_grad=True)
[2023-01-20 21:45:07,803][__main__][INFO] - parameters: Parameter containing:
tensor([[0.1012, 0.9498, 0.2505, 0.4124, 0.8366, 0.2076, 0.3379, 0.1927, 0.3373,
         0.0658]], requires_grad=True)
[2023-01-20 21:45:08,007][__main__][INFO] - parameters: Parameter containing:
tensor([[0.1009, 0.9489, 0.2504, 0.4114, 0.8382, 0.2047, 0.3389, 0.1973, 0.3368,
         0.0691]], requires_grad=True)
[2023-01-20 21:45:08,223][__main__][INFO] - parameters: Parameter containing:
tensor([[0.1017, 0.9470, 0.2496, 0.4115, 0.8410, 0.2027, 0.3409, 0.1996, 0.3344,
         0.0720]], requires_grad=True)
[2023-01-20 21:45:08,431][__main__][INFO] - parameters: Parameter containing:
tensor([[0.1022, 0.9466, 0.2498, 0.4128, 0.8429, 0.2016, 0.3421, 0.1998, 0.3327,
         0.0729]], requires_grad=True)
[2023-01-20 21:45:08,640][__main__][INFO] - parameters: Parameter containing:
tensor([[0.1020, 0.9473, 0.2509, 0.4149, 0.8437, 0.2018, 0.3422, 0.1982, 0.3314,
         0.0729]], requires_grad=True)
[2023-01-20 21:45:08,863][__main__][INFO] - parameters: Parameter containing:
tensor([[0.1014, 0.9484, 0.2521, 0.4169, 0.8435, 0.2028, 0.3417, 0.1955, 0.3306,
         0.0731]], requires_grad=True)
[2023-01-20 21:45:09,068][__main__][INFO] - parameters: Parameter containing:
tensor([[0.1019, 0.9494, 0.2520, 0.4168, 0.8411, 0.2052, 0.3402, 0.1913, 0.3305,
         0.0729]], requires_grad=True)
[2023-01-20 21:45:09,288][__main__][INFO] - parameters: Parameter containing:
tensor([[0.1032, 0.9499, 0.2507, 0.4140, 0.8372, 0.2083, 0.3387, 0.1871, 0.3315,
         0.0719]], requires_grad=True)
[2023-01-20 21:45:09,503][__main__][INFO] - parameters: Parameter containing:
tensor([[0.1032, 0.9498, 0.2501, 0.4111, 0.8351, 0.2107, 0.3395, 0.1837, 0.3322,
         0.0719]], requires_grad=True)
[2023-01-20 21:45:09,722][__main__][INFO] - parameters: Parameter containing:
tensor([[0.1026, 0.9490, 0.2501, 0.4075, 0.8346, 0.2125, 0.3424, 0.1815, 0.3331,
         0.0721]], requires_grad=True)
[2023-01-20 21:45:09,932][__main__][INFO] - parameters: Parameter containing:
tensor([[0.1011, 0.9489, 0.2514, 0.4059, 0.8355, 0.2139, 0.3456, 0.1794, 0.3336,
         0.0711]], requires_grad=True)
[2023-01-20 21:45:10,138][__main__][INFO] - parameters: Parameter containing:
tensor([[0.1009, 0.9492, 0.2525, 0.4063, 0.8366, 0.2153, 0.3474, 0.1776, 0.3338,
         0.0688]], requires_grad=True)
[2023-01-20 21:45:10,355][__main__][INFO] - parameters: Parameter containing:
tensor([[0.1031, 0.9488, 0.2518, 0.4077, 0.8373, 0.2172, 0.3476, 0.1758, 0.3325,
         0.0659]], requires_grad=True)
[2023-01-20 21:45:10,564][__main__][INFO] - parameters: Parameter containing:
tensor([[0.1036, 0.9492, 0.2522, 0.4086, 0.8378, 0.2184, 0.3474, 0.1754, 0.3321,
         0.0635]], requires_grad=True)
[2023-01-20 21:45:10,784][__main__][INFO] - parameters: Parameter containing:
tensor([[0.1027, 0.9501, 0.2533, 0.4087, 0.8383, 0.2183, 0.3473, 0.1766, 0.3324,
         0.0616]], requires_grad=True)
[2023-01-20 21:45:11,020][__main__][INFO] - parameters: Parameter containing:
tensor([[0.1022, 0.9495, 0.2531, 0.4080, 0.8397, 0.2177, 0.3480, 0.1783, 0.3315,
         0.0617]], requires_grad=True)
[2023-01-20 21:45:11,222][__main__][INFO] - parameters: Parameter containing:
tensor([[0.1022, 0.9487, 0.2525, 0.4072, 0.8409, 0.2164, 0.3480, 0.1818, 0.3311,
         0.0619]], requires_grad=True)
[2023-01-20 21:45:11,440][__main__][INFO] - parameters: Parameter containing:
tensor([[0.1027, 0.9491, 0.2519, 0.4062, 0.8402, 0.2154, 0.3463, 0.1844, 0.3315,
         0.0615]], requires_grad=True)
[2023-01-20 21:45:11,657][__main__][INFO] - parameters: Parameter containing:
tensor([[0.1025, 0.9503, 0.2520, 0.4066, 0.8390, 0.2145, 0.3434, 0.1866, 0.3322,
         0.0611]], requires_grad=True)
[2023-01-20 21:45:11,869][__main__][INFO] - parameters: Parameter containing:
tensor([[0.1031, 0.9496, 0.2509, 0.4077, 0.8391, 0.2145, 0.3416, 0.1878, 0.3314,
         0.0626]], requires_grad=True)
[2023-01-20 21:45:12,085][__main__][INFO] - parameters: Parameter containing:
tensor([[0.1026, 0.9490, 0.2507, 0.4088, 0.8403, 0.2138, 0.3413, 0.1890, 0.3302,
         0.0646]], requires_grad=True)
[2023-01-20 21:45:12,287][__main__][INFO] - parameters: Parameter containing:
tensor([[0.1016, 0.9488, 0.2511, 0.4094, 0.8414, 0.2125, 0.3416, 0.1900, 0.3292,
         0.0661]], requires_grad=True)
[2023-01-20 21:45:12,507][__main__][INFO] - parameters: Parameter containing:
tensor([[0.1009, 0.9495, 0.2516, 0.4090, 0.8409, 0.2115, 0.3411, 0.1907, 0.3297,
         0.0664]], requires_grad=True)
[2023-01-20 21:45:12,730][__main__][INFO] - parameters: Parameter containing:
tensor([[0.1020, 0.9479, 0.2500, 0.4080, 0.8409, 0.2130, 0.3424, 0.1882, 0.3292,
         0.0677]], requires_grad=True)
[2023-01-20 21:45:12,947][__main__][INFO] - parameters: Parameter containing:
tensor([[0.1027, 0.9478, 0.2497, 0.4077, 0.8401, 0.2144, 0.3431, 0.1853, 0.3292,
         0.0679]], requires_grad=True)
[2023-01-20 21:45:13,168][__main__][INFO] - parameters: Parameter containing:
tensor([[0.1024, 0.9489, 0.2505, 0.4079, 0.8391, 0.2153, 0.3433, 0.1822, 0.3293,
         0.0678]], requires_grad=True)
[2023-01-20 21:45:13,377][__main__][INFO] - parameters: Parameter containing:
tensor([[0.1014, 0.9506, 0.2520, 0.4075, 0.8378, 0.2155, 0.3437, 0.1796, 0.3301,
         0.0674]], requires_grad=True)
[2023-01-20 21:45:13,586][__main__][INFO] - parameters: Parameter containing:
tensor([[0.1025, 0.9510, 0.2519, 0.4066, 0.8372, 0.2155, 0.3445, 0.1775, 0.3296,
         0.0664]], requires_grad=True)
[2023-01-20 21:45:13,802][__main__][INFO] - parameters: Parameter containing:
tensor([[0.1036, 0.9500, 0.2511, 0.4059, 0.8378, 0.2157, 0.3461, 0.1763, 0.3287,
         0.0672]], requires_grad=True)
[2023-01-20 21:45:14,022][__main__][INFO] - parameters: Parameter containing:
tensor([[0.1038, 0.9492, 0.2508, 0.4049, 0.8386, 0.2155, 0.3478, 0.1762, 0.3284,
         0.0679]], requires_grad=True)
[2023-01-20 21:45:14,247][__main__][INFO] - parameters: Parameter containing:
tensor([[0.1025, 0.9492, 0.2517, 0.4054, 0.8394, 0.2155, 0.3483, 0.1774, 0.3287,
         0.0686]], requires_grad=True)
[2023-01-20 21:45:14,468][__main__][INFO] - parameters: Parameter containing:
tensor([[0.1014, 0.9498, 0.2530, 0.4069, 0.8398, 0.2154, 0.3475, 0.1796, 0.3293,
         0.0680]], requires_grad=True)
[2023-01-20 21:45:14,676][__main__][INFO] - parameters: Parameter containing:
tensor([[0.1023, 0.9498, 0.2526, 0.4080, 0.8392, 0.2165, 0.3456, 0.1822, 0.3303,
         0.0666]], requires_grad=True)
[2023-01-20 21:45:14,888][__main__][INFO] - parameters: Parameter containing:
tensor([[0.1039, 0.9490, 0.2512, 0.4081, 0.8385, 0.2174, 0.3440, 0.1845, 0.3313,
         0.0653]], requires_grad=True)
[2023-01-20 21:45:15,110][__main__][INFO] - parameters: Parameter containing:
tensor([[0.1040, 0.9488, 0.2508, 0.4079, 0.8383, 0.2171, 0.3432, 0.1870, 0.3323,
         0.0644]], requires_grad=True)
[2023-01-20 21:45:15,325][__main__][INFO] - parameters: Parameter containing:
tensor([[0.1023, 0.9494, 0.2521, 0.4081, 0.8388, 0.2155, 0.3431, 0.1900, 0.3334,
         0.0636]], requires_grad=True)
[2023-01-20 21:45:15,544][__main__][INFO] - parameters: Parameter containing:
tensor([[0.1009, 0.9496, 0.2529, 0.4082, 0.8401, 0.2134, 0.3437, 0.1921, 0.3336,
         0.0629]], requires_grad=True)
[2023-01-20 21:45:15,754][__main__][INFO] - parameters: Parameter containing:
tensor([[0.1014, 0.9479, 0.2518, 0.4087, 0.8422, 0.2116, 0.3447, 0.1939, 0.3315,
         0.0650]], requires_grad=True)
[2023-01-20 21:45:15,964][__main__][INFO] - parameters: Parameter containing:
tensor([[0.1019, 0.9474, 0.2511, 0.4103, 0.8428, 0.2106, 0.3438, 0.1946, 0.3299,
         0.0673]], requires_grad=True)
[2023-01-20 21:45:16,187][__main__][INFO] - parameters: Parameter containing:
tensor([[0.1023, 0.9481, 0.2506, 0.4112, 0.8420, 0.2095, 0.3420, 0.1941, 0.3288,
         0.0687]], requires_grad=True)
[2023-01-20 21:45:16,393][__main__][INFO] - parameters: Parameter containing:
tensor([[0.1023, 0.9496, 0.2508, 0.4113, 0.8402, 0.2086, 0.3399, 0.1929, 0.3286,
         0.0693]], requires_grad=True)
[2023-01-20 21:45:16,605][__main__][INFO] - parameters: Parameter containing:
tensor([[0.1011, 0.9515, 0.2520, 0.4107, 0.8382, 0.2071, 0.3380, 0.1934, 0.3303,
         0.0705]], requires_grad=True)
[2023-01-20 21:45:16,812][__main__][INFO] - parameters: Parameter containing:
tensor([[0.1024, 0.9505, 0.2506, 0.4095, 0.8373, 0.2077, 0.3376, 0.1931, 0.3306,
         0.0724]], requires_grad=True)
[2023-01-20 21:45:17,032][__main__][INFO] - parameters: Parameter containing:
tensor([[0.1051, 0.9473, 0.2476, 0.4075, 0.8376, 0.2123, 0.3407, 0.1879, 0.3299,
         0.0717]], requires_grad=True)
[2023-01-20 21:45:17,248][__main__][INFO] - parameters: Parameter containing:
tensor([[0.1051, 0.9467, 0.2477, 0.4063, 0.8374, 0.2160, 0.3432, 0.1839, 0.3316,
         0.0682]], requires_grad=True)
[2023-01-20 21:45:17,457][__main__][INFO] - parameters: Parameter containing:
tensor([[0.1028, 0.9477, 0.2505, 0.4059, 0.8376, 0.2190, 0.3461, 0.1804, 0.3351,
         0.0632]], requires_grad=True)
[2023-01-20 21:45:17,666][__main__][INFO] - parameters: Parameter containing:
tensor([[0.0996, 0.9498, 0.2542, 0.4068, 0.8379, 0.2211, 0.3480, 0.1773, 0.3379,
         0.0589]], requires_grad=True)
[2023-01-20 21:45:17,886][__main__][INFO] - parameters: Parameter containing:
tensor([[0.0986, 0.9508, 0.2561, 0.4084, 0.8386, 0.2235, 0.3493, 0.1748, 0.3394,
         0.0557]], requires_grad=True)
[2023-01-20 21:45:18,101][__main__][INFO] - parameters: Parameter containing:
tensor([[0.0988, 0.9518, 0.2575, 0.4098, 0.8388, 0.2264, 0.3499, 0.1727, 0.3410,
         0.0522]], requires_grad=True)
[2023-01-20 21:45:18,313][__main__][INFO] - parameters: Parameter containing:
tensor([[0.0990, 0.9535, 0.2589, 0.4100, 0.8375, 0.2288, 0.3497, 0.1710, 0.3435,
         0.0488]], requires_grad=True)
[2023-01-20 21:45:18,536][__main__][INFO] - parameters: Parameter containing:
tensor([[0.0994, 0.9556, 0.2605, 0.4085, 0.8358, 0.2303, 0.3500, 0.1698, 0.3468,
         0.0456]], requires_grad=True)
[2023-01-20 21:45:18,762][__main__][INFO] - parameters: Parameter containing:
tensor([[0.1008, 0.9576, 0.2613, 0.4053, 0.8338, 0.2305, 0.3510, 0.1682, 0.3491,
         0.0430]], requires_grad=True)
[2023-01-20 21:45:18,976][__main__][INFO] - parameters: Parameter containing:
tensor([[0.1035, 0.9588, 0.2608, 0.4014, 0.8321, 0.2304, 0.3520, 0.1666, 0.3500,
         0.0409]], requires_grad=True)
[2023-01-20 21:45:19,190][__main__][INFO] - parameters: Parameter containing:
tensor([[0.1056, 0.9593, 0.2601, 0.3988, 0.8322, 0.2302, 0.3531, 0.1656, 0.3492,
         0.0396]], requires_grad=True)
[2023-01-20 21:45:19,399][__main__][INFO] - parameters: Parameter containing:
tensor([[0.1074, 0.9594, 0.2592, 0.3968, 0.8329, 0.2300, 0.3538, 0.1647, 0.3476,
         0.0387]], requires_grad=True)
[2023-01-20 21:45:19,616][__main__][INFO] - parameters: Parameter containing:
tensor([[0.1091, 0.9597, 0.2582, 0.3957, 0.8335, 0.2299, 0.3537, 0.1623, 0.3454,
         0.0382]], requires_grad=True)
[2023-01-20 21:45:19,821][__main__][INFO] - parameters: Parameter containing:
tensor([[0.1107, 0.9608, 0.2574, 0.3964, 0.8338, 0.2301, 0.3522, 0.1581, 0.3425,
         0.0383]], requires_grad=True)
[2023-01-20 21:45:20,031][__main__][INFO] - parameters: Parameter containing:
tensor([[0.1121, 0.9626, 0.2570, 0.3973, 0.8332, 0.2306, 0.3502, 0.1533, 0.3404,
         0.0386]], requires_grad=True)
[2023-01-20 21:45:20,245][__main__][INFO] - parameters: Parameter containing:
tensor([[0.1128, 0.9648, 0.2574, 0.3987, 0.8332, 0.2304, 0.3485, 0.1486, 0.3384,
         0.0394]], requires_grad=True)
[2023-01-20 21:45:20,469][__main__][INFO] - parameters: Parameter containing:
tensor([[0.1139, 0.9662, 0.2575, 0.4007, 0.8344, 0.2301, 0.3480, 0.1449, 0.3361,
         0.0421]], requires_grad=True)
[2023-01-20 21:45:20,676][__main__][INFO] - parameters: Parameter containing:
tensor([[0.1150, 0.9669, 0.2575, 0.4016, 0.8361, 0.2297, 0.3492, 0.1420, 0.3349,
         0.0458]], requires_grad=True)
[2023-01-20 21:45:20,902][__main__][INFO] - parameters: Parameter containing:
tensor([[0.1160, 0.9676, 0.2578, 0.4013, 0.8377, 0.2291, 0.3516, 0.1398, 0.3351,
         0.0498]], requires_grad=True)
[2023-01-20 21:45:21,178][__main__][INFO] - parameters: Parameter containing:
tensor([[0.1173, 0.9690, 0.2586, 0.3997, 0.8385, 0.2278, 0.3545, 0.1385, 0.3377,
         0.0529]], requires_grad=True)
[2023-01-20 21:45:21,412][__main__][INFO] - parameters: Parameter containing:
tensor([[0.1189, 0.9709, 0.2596, 0.3971, 0.8381, 0.2263, 0.3569, 0.1384, 0.3424,
         0.0557]], requires_grad=True)
[2023-01-20 21:45:21,644][__main__][INFO] - parameters: Parameter containing:
tensor([[0.1210, 0.9724, 0.2602, 0.3943, 0.8377, 0.2247, 0.3594, 0.1390, 0.3474,
         0.0592]], requires_grad=True)
[2023-01-20 21:45:21,861][__main__][INFO] - parameters: Parameter containing:
tensor([[0.1234, 0.9735, 0.2604, 0.3920, 0.8375, 0.2235, 0.3621, 0.1396, 0.3523,
         0.0639]], requires_grad=True)
[2023-01-20 21:45:22,064][__main__][INFO] - parameters: Parameter containing:
tensor([[0.1261, 0.9744, 0.2605, 0.3899, 0.8373, 0.2223, 0.3648, 0.1396, 0.3567,
         0.0683]], requires_grad=True)
[2023-01-20 21:45:22,272][__main__][INFO] - parameters: Parameter containing:
tensor([[0.1285, 0.9752, 0.2608, 0.3894, 0.8382, 0.2214, 0.3676, 0.1392, 0.3605,
         0.0734]], requires_grad=True)
[2023-01-20 21:45:22,483][__main__][INFO] - parameters: Parameter containing:
tensor([[0.1306, 0.9766, 0.2614, 0.3894, 0.8392, 0.2200, 0.3698, 0.1388, 0.3638,
         0.0763]], requires_grad=True)
[2023-01-20 21:45:22,690][__main__][INFO] - parameters: Parameter containing:
tensor([[0.1304, 0.9780, 0.2629, 0.3905, 0.8416, 0.2181, 0.3714, 0.1403, 0.3666,
         0.0810]], requires_grad=True)
[2023-01-20 21:45:22,928][__main__][INFO] - parameters: Parameter containing:
tensor([[0.1302, 0.9795, 0.2641, 0.3910, 0.8438, 0.2162, 0.3722, 0.1422, 0.3689,
         0.0836]], requires_grad=True)
[2023-01-20 21:45:23,146][__main__][INFO] - parameters: Parameter containing:
tensor([[0.1305, 0.9807, 0.2642, 0.3921, 0.8459, 0.2145, 0.3719, 0.1434, 0.3697,
         0.0855]], requires_grad=True)
[2023-01-20 21:45:23,369][__main__][INFO] - parameters: Parameter containing:
tensor([[0.1315, 0.9814, 0.2631, 0.3936, 0.8480, 0.2136, 0.3707, 0.1435, 0.3690,
         0.0866]], requires_grad=True)
[2023-01-20 21:45:23,581][__main__][INFO] - parameters: Parameter containing:
tensor([[0.1327, 0.9819, 0.2615, 0.3944, 0.8501, 0.2121, 0.3692, 0.1439, 0.3677,
         0.0861]], requires_grad=True)
[2023-01-20 21:45:23,784][__main__][INFO] - parameters: Parameter containing:
tensor([[0.1320, 0.9820, 0.2605, 0.3954, 0.8534, 0.2099, 0.3682, 0.1456, 0.3660,
         0.0880]], requires_grad=True)
[2023-01-20 21:45:23,991][__main__][INFO] - parameters: Parameter containing:
tensor([[0.1312, 0.9823, 0.2598, 0.3955, 0.8565, 0.2076, 0.3674, 0.1481, 0.3650,
         0.0882]], requires_grad=True)
[2023-01-20 21:45:24,201][__main__][INFO] - parameters: Parameter containing:
tensor([[0.1306, 0.9823, 0.2592, 0.3952, 0.8593, 0.2063, 0.3671, 0.1501, 0.3643,
         0.0879]], requires_grad=True)
[2023-01-20 21:45:24,403][__main__][INFO] - parameters: Parameter containing:
tensor([[0.1296, 0.9819, 0.2586, 0.3943, 0.8619, 0.2053, 0.3672, 0.1525, 0.3642,
         0.0879]], requires_grad=True)
[2023-01-20 21:45:24,629][__main__][INFO] - parameters: Parameter containing:
tensor([[0.1288, 0.9810, 0.2577, 0.3940, 0.8643, 0.2059, 0.3670, 0.1550, 0.3644,
         0.0886]], requires_grad=True)
[2023-01-20 21:45:24,843][__main__][INFO] - parameters: Parameter containing:
tensor([[0.1285, 0.9803, 0.2569, 0.3950, 0.8661, 0.2079, 0.3662, 0.1569, 0.3651,
         0.0890]], requires_grad=True)
[2023-01-20 21:45:25,063][__main__][INFO] - parameters: Parameter containing:
tensor([[0.1284, 0.9806, 0.2566, 0.3962, 0.8666, 0.2109, 0.3649, 0.1578, 0.3670,
         0.0889]], requires_grad=True)
[2023-01-20 21:45:25,273][__main__][INFO] - parameters: Parameter containing:
tensor([[0.1280, 0.9817, 0.2570, 0.3970, 0.8662, 0.2139, 0.3631, 0.1584, 0.3699,
         0.0880]], requires_grad=True)
[2023-01-20 21:45:25,486][__main__][INFO] - parameters: Parameter containing:
tensor([[0.1279, 0.9821, 0.2571, 0.3979, 0.8665, 0.2171, 0.3627, 0.1581, 0.3722,
         0.0878]], requires_grad=True)
[2023-01-20 21:45:25,695][__main__][INFO] - parameters: Parameter containing:
tensor([[0.1280, 0.9818, 0.2567, 0.3981, 0.8678, 0.2200, 0.3639, 0.1569, 0.3735,
         0.0886]], requires_grad=True)
[2023-01-20 21:45:25,917][__main__][INFO] - parameters: Parameter containing:
tensor([[0.1279, 0.9812, 0.2563, 0.3973, 0.8697, 0.2215, 0.3663, 0.1560, 0.3742,
         0.0898]], requires_grad=True)
[2023-01-20 21:45:26,132][__main__][INFO] - parameters: Parameter containing:
tensor([[0.1272, 0.9809, 0.2562, 0.3955, 0.8719, 0.2219, 0.3692, 0.1552, 0.3749,
         0.0908]], requires_grad=True)
[2023-01-20 21:45:26,366][__main__][INFO] - parameters: Parameter containing:
tensor([[0.1265, 0.9809, 0.2559, 0.3943, 0.8737, 0.2225, 0.3715, 0.1537, 0.3753,
         0.0915]], requires_grad=True)
[2023-01-20 21:45:26,580][__main__][INFO] - parameters: Parameter containing:
tensor([[0.1260, 0.9810, 0.2556, 0.3943, 0.8755, 0.2239, 0.3730, 0.1515, 0.3757,
         0.0924]], requires_grad=True)
[2023-01-20 21:45:26,792][__main__][INFO] - parameters: Parameter containing:
tensor([[0.1255, 0.9815, 0.2554, 0.3953, 0.8769, 0.2258, 0.3734, 0.1498, 0.3764,
         0.0925]], requires_grad=True)
[2023-01-20 21:45:26,999][__main__][INFO] - parameters: Parameter containing:
tensor([[0.1252, 0.9824, 0.2550, 0.3967, 0.8774, 0.2278, 0.3725, 0.1486, 0.3776,
         0.0921]], requires_grad=True)
[2023-01-20 21:45:27,208][__main__][INFO] - parameters: Parameter containing:
tensor([[0.1249, 0.9830, 0.2542, 0.3977, 0.8779, 0.2293, 0.3715, 0.1480, 0.3785,
         0.0921]], requires_grad=True)
[2023-01-20 21:45:27,418][__main__][INFO] - parameters: Parameter containing:
tensor([[0.1249, 0.9832, 0.2528, 0.3983, 0.8782, 0.2305, 0.3704, 0.1477, 0.3791,
         0.0928]], requires_grad=True)
[2023-01-20 21:45:27,630][__main__][INFO] - parameters: Parameter containing:
tensor([[0.1247, 0.9831, 0.2514, 0.3986, 0.8787, 0.2312, 0.3697, 0.1476, 0.3798,
         0.0939]], requires_grad=True)
[2023-01-20 21:45:27,859][__main__][INFO] - parameters: Parameter containing:
tensor([[0.1241, 0.9832, 0.2503, 0.3987, 0.8798, 0.2311, 0.3698, 0.1474, 0.3802,
         0.0952]], requires_grad=True)
[2023-01-20 21:45:28,076][__main__][INFO] - parameters: Parameter containing:
tensor([[0.1227, 0.9837, 0.2500, 0.3989, 0.8812, 0.2304, 0.3707, 0.1473, 0.3809,
         0.0965]], requires_grad=True)
[2023-01-20 21:45:28,290][__main__][INFO] - parameters: Parameter containing:
tensor([[0.1216, 0.9839, 0.2495, 0.3994, 0.8830, 0.2298, 0.3719, 0.1470, 0.3813,
         0.0979]], requires_grad=True)
[2023-01-20 21:45:28,515][__main__][INFO] - parameters: Parameter containing:
tensor([[0.1211, 0.9839, 0.2484, 0.4001, 0.8847, 0.2296, 0.3732, 0.1457, 0.3812,
         0.0998]], requires_grad=True)
