[2023-02-17 16:52:15,684][__main__][INFO] - Starting descriptors ablation for smplx male model
[2023-02-17 16:52:15,684][__main__][INFO] - Starting with 2 descriptors
[2023-02-17 16:52:21,210][__main__][INFO] - Chosen descriptors: ['fat', 'long torso']
[2023-02-17 16:52:21,210][__main__][INFO] - Starting training
[2023-02-17 16:52:21,211][__main__][INFO] - Starting evaluation
[2023-02-17 16:52:25,736][clip2mesh.data_management.data_observation.evaluate_performance][INFO] - IOU: 0.04820542191676212 | Overlap: 0.4575725026852846
[2023-02-17 16:52:25,740][__main__][INFO] - Finished with 2 descriptors
[2023-02-17 16:52:25,740][__main__][INFO] - Starting with 5 descriptors
[2023-02-17 16:52:30,038][__main__][INFO] - Chosen descriptors: ['fat', 'rectangular', 'fit', 'long torso', 'petite']
[2023-02-17 16:52:30,038][__main__][INFO] - Starting training
[2023-02-17 16:52:30,039][__main__][INFO] - Starting evaluation
[2023-02-17 16:52:33,961][clip2mesh.data_management.data_observation.evaluate_performance][INFO] - IOU: 0.31433753340969833 | Overlap: 0.5475405331134927
[2023-02-17 16:52:33,964][__main__][INFO] - Finished with 5 descriptors
[2023-02-17 16:52:33,965][__main__][INFO] - Starting with 10 descriptors
[2023-02-17 16:52:38,386][__main__][INFO] - Chosen descriptors: ['fat', 'rectangular', 'fit', 'proportioned', 'pear shaped', 'curvy', 'long torso', 'petite', 'tall', 'small']
[2023-02-17 16:52:38,386][__main__][INFO] - Starting training
[2023-02-17 16:52:38,387][__main__][INFO] - Starting evaluation
[2023-02-17 16:52:45,559][clip2mesh.data_management.data_observation.evaluate_performance][INFO] - IOU: 0.337151584574265 | Overlap: 0.8006884487331415
[2023-02-17 16:52:45,562][__main__][INFO] - Finished with 10 descriptors
[2023-02-17 16:52:45,562][__main__][INFO] - Starting with 15 descriptors
[2023-02-17 16:52:49,906][__main__][INFO] - Chosen descriptors: ['fat', 'rectangular', 'fit', 'proportioned', 'pear shaped', 'curvy', 'long legs', 'heavyset', 'round apple', 'narrow waist', 'long torso', 'long', 'petite', 'tall', 'small']
[2023-02-17 16:52:49,906][__main__][INFO] - Starting training
[2023-02-17 16:52:49,908][__main__][INFO] - Starting evaluation
[2023-02-17 16:53:00,575][clip2mesh.data_management.data_observation.evaluate_performance][INFO] - IOU: 0.35614738449789995 | Overlap: 0.8535254396984925
[2023-02-17 16:53:00,578][__main__][INFO] - Finished with 15 descriptors
[2023-02-17 16:53:00,578][__main__][INFO] - Starting with 20 descriptors
[2023-02-17 16:53:05,228][__main__][INFO] - Chosen descriptors: ['fat', 'rectangular', 'fit', 'proportioned', 'pear shaped', 'curvy', 'long legs', 'heavyset', 'round apple', 'narrow waist', 'sturdy', 'muscular', 'long torso', 'long', 'petite', 'tall', 'small', 'skinny']
[2023-02-17 16:53:05,228][__main__][INFO] - Starting training
[2023-02-17 16:53:05,230][__main__][INFO] - Starting evaluation
