[2023-01-19 19:39:11,432][__main__][INFO] - parameters: Parameter containing:
tensor([[-0.0010,  0.0010,  0.0010,  0.0010,  0.0010,  0.0010,  0.0010, -0.0010,
          0.0010,  0.0010]], requires_grad=True)
[2023-01-19 19:39:11,434][__main__][INFO] - scores: tensor([[25.0000, 25.3594, 24.2500, 23.1875, 24.4219]], device='cuda:0',
       dtype=torch.float16, grad_fn=<MmBackward>)
[2023-01-19 19:39:11,685][__main__][INFO] - parameters: Parameter containing:
tensor([[-0.0018,  0.0016,  0.0019,  0.0016,  0.0015,  0.0018,  0.0009, -0.0014,
          0.0018,  0.0019]], requires_grad=True)
[2023-01-19 19:39:11,687][__main__][INFO] - scores: tensor([[24.9531, 25.3281, 24.2188, 23.1562, 24.4062]], device='cuda:0',
       dtype=torch.float16, grad_fn=<MmBackward>)
[2023-01-19 19:39:11,917][__main__][INFO] - parameters: Parameter containing:
tensor([[-0.0023,  0.0019,  0.0027,  0.0020,  0.0017,  0.0023,  0.0004, -0.0018,
          0.0025,  0.0028]], requires_grad=True)
[2023-01-19 19:39:11,922][__main__][INFO] - scores: tensor([[24.9531, 25.3281, 24.2031, 23.1562, 24.4062]], device='cuda:0',
       dtype=torch.float16, grad_fn=<MmBackward>)
[2023-01-19 19:39:12,133][__main__][INFO] - parameters: Parameter containing:
tensor([[-0.0024,  0.0018,  0.0034,  0.0021,  0.0015,  0.0027, -0.0003, -0.0022,
          0.0033,  0.0038]], requires_grad=True)
[2023-01-19 19:39:12,134][__main__][INFO] - scores: tensor([[24.9531, 25.3281, 24.2031, 23.1562, 24.4062]], device='cuda:0',
       dtype=torch.float16, grad_fn=<MmBackward>)
[2023-01-19 19:39:12,367][__main__][INFO] - parameters: Parameter containing:
tensor([[-0.0020,  0.0017,  0.0042,  0.0022,  0.0011,  0.0030, -0.0011, -0.0027,
          0.0042,  0.0048]], requires_grad=True)
[2023-01-19 19:39:12,369][__main__][INFO] - scores: tensor([[24.9531, 25.3281, 24.2031, 23.1562, 24.4062]], device='cuda:0',
       dtype=torch.float16, grad_fn=<MmBackward>)
[2023-01-19 19:39:12,565][__main__][INFO] - parameters: Parameter containing:
tensor([[-0.0019,  0.0015,  0.0048,  0.0021,  0.0007,  0.0033, -0.0019, -0.0032,
          0.0044,  0.0057]], requires_grad=True)
[2023-01-19 19:39:12,571][__main__][INFO] - scores: tensor([[24.9531, 25.3281, 24.2031, 23.1562, 24.4062]], device='cuda:0',
       dtype=torch.float16, grad_fn=<MmBackward>)
[2023-01-19 19:39:12,782][__main__][INFO] - parameters: Parameter containing:
tensor([[-0.0019,  0.0012,  0.0054,  0.0020,  0.0004,  0.0036, -0.0027, -0.0039,
          0.0045,  0.0065]], requires_grad=True)
[2023-01-19 19:39:12,788][__main__][INFO] - scores: tensor([[24.9375, 25.3281, 24.2031, 23.1562, 24.3906]], device='cuda:0',
       dtype=torch.float16, grad_fn=<MmBackward>)
[2023-01-19 19:39:13,003][__main__][INFO] - parameters: Parameter containing:
tensor([[-0.0021,  0.0010,  0.0058,  0.0021,  0.0001,  0.0039, -0.0034, -0.0046,
          0.0045,  0.0073]], requires_grad=True)
[2023-01-19 19:39:13,004][__main__][INFO] - scores: tensor([[24.9375, 25.3281, 24.2031, 23.1562, 24.3906]], device='cuda:0',
       dtype=torch.float16, grad_fn=<MmBackward>)
[2023-01-19 19:39:13,223][__main__][INFO] - parameters: Parameter containing:
tensor([[-2.2562e-03,  1.0403e-03,  6.2899e-03,  2.0014e-03, -7.5979e-05,
          4.2144e-03, -4.0896e-03, -5.0537e-03,  4.0103e-03,  7.8564e-03]],
       requires_grad=True)
[2023-01-19 19:39:13,225][__main__][INFO] - scores: tensor([[24.9531, 25.3281, 24.2031, 23.1562, 24.4062]], device='cuda:0',
       dtype=torch.float16, grad_fn=<MmBackward>)
[2023-01-19 19:39:13,460][__main__][INFO] - parameters: Parameter containing:
tensor([[-0.0023,  0.0013,  0.0067,  0.0019, -0.0002,  0.0045, -0.0047, -0.0053,
          0.0034,  0.0083]], requires_grad=True)
[2023-01-19 19:39:13,461][__main__][INFO] - scores: tensor([[24.9375, 25.3281, 24.2188, 23.1562, 24.4062]], device='cuda:0',
       dtype=torch.float16, grad_fn=<MmBackward>)
[2023-01-19 19:39:13,669][__main__][INFO] - parameters: Parameter containing:
tensor([[-0.0024,  0.0014,  0.0070,  0.0018, -0.0002,  0.0049, -0.0054, -0.0055,
          0.0027,  0.0087]], requires_grad=True)
[2023-01-19 19:39:13,670][__main__][INFO] - scores: tensor([[24.9375, 25.3281, 24.2031, 23.1562, 24.4062]], device='cuda:0',
       dtype=torch.float16, grad_fn=<MmBackward>)
[2023-01-19 19:39:13,886][__main__][INFO] - parameters: Parameter containing:
tensor([[-0.0025,  0.0016,  0.0071,  0.0017, -0.0003,  0.0053, -0.0059, -0.0059,
          0.0021,  0.0089]], requires_grad=True)
[2023-01-19 19:39:13,893][__main__][INFO] - scores: tensor([[24.9531, 25.3281, 24.2031, 23.1562, 24.4062]], device='cuda:0',
       dtype=torch.float16, grad_fn=<MmBackward>)
[2023-01-19 19:39:14,112][__main__][INFO] - parameters: Parameter containing:
tensor([[-0.0025,  0.0018,  0.0072,  0.0017, -0.0003,  0.0057, -0.0065, -0.0064,
          0.0014,  0.0090]], requires_grad=True)
[2023-01-19 19:39:14,113][__main__][INFO] - scores: tensor([[24.9375, 25.3125, 24.2031, 23.1562, 24.3906]], device='cuda:0',
       dtype=torch.float16, grad_fn=<MmBackward>)
[2023-01-19 19:39:14,323][__main__][INFO] - parameters: Parameter containing:
tensor([[-0.0025,  0.0020,  0.0073,  0.0017, -0.0003,  0.0061, -0.0070, -0.0070,
          0.0008,  0.0090]], requires_grad=True)
[2023-01-19 19:39:14,333][__main__][INFO] - scores: tensor([[24.9375, 25.3125, 24.2031, 23.1562, 24.4062]], device='cuda:0',
       dtype=torch.float16, grad_fn=<MmBackward>)
[2023-01-19 19:39:14,575][__main__][INFO] - parameters: Parameter containing:
tensor([[-0.0025,  0.0021,  0.0074,  0.0017, -0.0003,  0.0066, -0.0074, -0.0076,
          0.0001,  0.0091]], requires_grad=True)
[2023-01-19 19:39:14,578][__main__][INFO] - scores: tensor([[24.9531, 25.3281, 24.2031, 23.1562, 24.4062]], device='cuda:0',
       dtype=torch.float16, grad_fn=<MmBackward>)
[2023-01-19 19:39:14,799][__main__][INFO] - parameters: Parameter containing:
tensor([[-0.0025,  0.0023,  0.0073,  0.0017, -0.0003,  0.0070, -0.0080, -0.0082,
         -0.0005,  0.0092]], requires_grad=True)
[2023-01-19 19:39:14,801][__main__][INFO] - scores: tensor([[24.9375, 25.3281, 24.2031, 23.1562, 24.4062]], device='cuda:0',
       dtype=torch.float16, grad_fn=<MmBackward>)
[2023-01-19 19:39:15,035][__main__][INFO] - parameters: Parameter containing:
tensor([[-0.0026,  0.0023,  0.0073,  0.0016, -0.0004,  0.0074, -0.0085, -0.0088,
         -0.0011,  0.0094]], requires_grad=True)
[2023-01-19 19:39:15,037][__main__][INFO] - scores: tensor([[24.9375, 25.3125, 24.1875, 23.1406, 24.4062]], device='cuda:0',
       dtype=torch.float16, grad_fn=<MmBackward>)
[2023-01-19 19:39:15,251][__main__][INFO] - parameters: Parameter containing:
tensor([[-0.0025,  0.0023,  0.0073,  0.0015, -0.0006,  0.0078, -0.0091, -0.0094,
         -0.0016,  0.0095]], requires_grad=True)
[2023-01-19 19:39:15,253][__main__][INFO] - scores: tensor([[24.9531, 25.3438, 24.2188, 23.1562, 24.4219]], device='cuda:0',
       dtype=torch.float16, grad_fn=<MmBackward>)
[2023-01-19 19:39:15,465][__main__][INFO] - parameters: Parameter containing:
tensor([[-0.0023,  0.0023,  0.0074,  0.0014, -0.0007,  0.0082, -0.0096, -0.0102,
         -0.0020,  0.0098]], requires_grad=True)
[2023-01-19 19:39:15,467][__main__][INFO] - scores: tensor([[24.9531, 25.3281, 24.2031, 23.1562, 24.4219]], device='cuda:0',
       dtype=torch.float16, grad_fn=<MmBackward>)
[2023-01-19 19:39:15,683][__main__][INFO] - parameters: Parameter containing:
tensor([[-0.0023,  0.0022,  0.0075,  0.0012, -0.0008,  0.0086, -0.0100, -0.0109,
         -0.0023,  0.0100]], requires_grad=True)
[2023-01-19 19:39:15,685][__main__][INFO] - scores: tensor([[24.9375, 25.3281, 24.2031, 23.1406, 24.4062]], device='cuda:0',
       dtype=torch.float16, grad_fn=<MmBackward>)
[2023-01-19 19:39:15,899][__main__][INFO] - parameters: Parameter containing:
tensor([[-0.0025,  0.0022,  0.0075,  0.0011, -0.0008,  0.0090, -0.0104, -0.0116,
         -0.0026,  0.0103]], requires_grad=True)
[2023-01-19 19:39:15,901][__main__][INFO] - scores: tensor([[24.9375, 25.3125, 24.1875, 23.1406, 24.3906]], device='cuda:0',
       dtype=torch.float16, grad_fn=<MmBackward>)
[2023-01-19 19:39:16,118][__main__][INFO] - parameters: Parameter containing:
tensor([[-0.0027,  0.0021,  0.0076,  0.0009, -0.0007,  0.0095, -0.0108, -0.0123,
         -0.0027,  0.0106]], requires_grad=True)
[2023-01-19 19:39:16,120][__main__][INFO] - scores: tensor([[24.9531, 25.3281, 24.2188, 23.1562, 24.4219]], device='cuda:0',
       dtype=torch.float16, grad_fn=<MmBackward>)
[2023-01-19 19:39:16,333][__main__][INFO] - parameters: Parameter containing:
tensor([[-0.0026,  0.0021,  0.0080,  0.0007, -0.0007,  0.0099, -0.0110, -0.0131,
         -0.0027,  0.0108]], requires_grad=True)
[2023-01-19 19:39:16,334][__main__][INFO] - scores: tensor([[24.9531, 25.3281, 24.2031, 23.1562, 24.4219]], device='cuda:0',
       dtype=torch.float16, grad_fn=<MmBackward>)
[2023-01-19 19:39:16,540][__main__][INFO] - parameters: Parameter containing:
tensor([[-0.0025,  0.0021,  0.0083,  0.0005, -0.0006,  0.0103, -0.0112, -0.0139,
         -0.0026,  0.0110]], requires_grad=True)
[2023-01-19 19:39:16,542][__main__][INFO] - scores: tensor([[24.9375, 25.3125, 24.2031, 23.1406, 24.4062]], device='cuda:0',
       dtype=torch.float16, grad_fn=<MmBackward>)
[2023-01-19 19:39:16,767][__main__][INFO] - parameters: Parameter containing:
tensor([[-0.0026,  0.0021,  0.0084,  0.0002, -0.0005,  0.0107, -0.0115, -0.0146,
         -0.0026,  0.0113]], requires_grad=True)
[2023-01-19 19:39:16,769][__main__][INFO] - scores: tensor([[24.9531, 25.3281, 24.2031, 23.1562, 24.4219]], device='cuda:0',
       dtype=torch.float16, grad_fn=<MmBackward>)
[2023-01-19 19:39:16,983][__main__][INFO] - parameters: Parameter containing:
tensor([[-0.0028,  0.0020,  0.0085, -0.0001, -0.0004,  0.0111, -0.0119, -0.0152,
         -0.0027,  0.0116]], requires_grad=True)
[2023-01-19 19:39:16,986][__main__][INFO] - scores: tensor([[24.9375, 25.3281, 24.2031, 23.1562, 24.4062]], device='cuda:0',
       dtype=torch.float16, grad_fn=<MmBackward>)
[2023-01-19 19:39:17,200][__main__][INFO] - parameters: Parameter containing:
tensor([[-0.0028,  0.0021,  0.0086, -0.0005, -0.0002,  0.0115, -0.0122, -0.0156,
         -0.0030,  0.0118]], requires_grad=True)
[2023-01-19 19:39:17,202][__main__][INFO] - scores: tensor([[24.9375, 25.3281, 24.2031, 23.1562, 24.4062]], device='cuda:0',
       dtype=torch.float16, grad_fn=<MmBackward>)
[2023-01-19 19:39:17,419][__main__][INFO] - parameters: Parameter containing:
tensor([[-0.0028,  0.0022,  0.0088, -0.0009, -0.0002,  0.0118, -0.0124, -0.0160,
         -0.0032,  0.0119]], requires_grad=True)
[2023-01-19 19:39:17,423][__main__][INFO] - scores: tensor([[24.9531, 25.3281, 24.2031, 23.1562, 24.4219]], device='cuda:0',
       dtype=torch.float16, grad_fn=<MmBackward>)
[2023-01-19 19:39:17,642][__main__][INFO] - parameters: Parameter containing:
tensor([[-0.0028,  0.0023,  0.0090, -0.0013, -0.0002,  0.0120, -0.0128, -0.0163,
         -0.0034,  0.0120]], requires_grad=True)
[2023-01-19 19:39:17,643][__main__][INFO] - scores: tensor([[24.9375, 25.3281, 24.2031, 23.1406, 24.4062]], device='cuda:0',
       dtype=torch.float16, grad_fn=<MmBackward>)
[2023-01-19 19:39:17,905][__main__][INFO] - parameters: Parameter containing:
tensor([[-0.0029,  0.0023,  0.0090, -0.0017, -0.0002,  0.0123, -0.0132, -0.0165,
         -0.0036,  0.0121]], requires_grad=True)
[2023-01-19 19:39:17,907][__main__][INFO] - scores: tensor([[24.9531, 25.3281, 24.2031, 23.1562, 24.4219]], device='cuda:0',
       dtype=torch.float16, grad_fn=<MmBackward>)
[2023-01-19 19:39:18,118][__main__][INFO] - parameters: Parameter containing:
tensor([[-0.0030,  0.0023,  0.0089, -0.0021, -0.0004,  0.0125, -0.0138, -0.0166,
         -0.0040,  0.0122]], requires_grad=True)
[2023-01-19 19:39:18,122][__main__][INFO] - scores: tensor([[24.9375, 25.3125, 24.1875, 23.1406, 24.4062]], device='cuda:0',
       dtype=torch.float16, grad_fn=<MmBackward>)
[2023-01-19 19:39:18,336][__main__][INFO] - parameters: Parameter containing:
tensor([[-0.0029,  0.0023,  0.0090, -0.0026, -0.0007,  0.0127, -0.0144, -0.0166,
         -0.0044,  0.0122]], requires_grad=True)
[2023-01-19 19:39:18,338][__main__][INFO] - scores: tensor([[24.9531, 25.3281, 24.2188, 23.1562, 24.4219]], device='cuda:0',
       dtype=torch.float16, grad_fn=<MmBackward>)
[2023-01-19 19:39:18,548][__main__][INFO] - parameters: Parameter containing:
tensor([[-0.0027,  0.0022,  0.0090, -0.0032, -0.0012,  0.0127, -0.0151, -0.0165,
         -0.0048,  0.0122]], requires_grad=True)
[2023-01-19 19:39:18,551][__main__][INFO] - scores: tensor([[24.9531, 25.3125, 24.2031, 23.1406, 24.4062]], device='cuda:0',
       dtype=torch.float16, grad_fn=<MmBackward>)
[2023-01-19 19:39:18,754][__main__][INFO] - parameters: Parameter containing:
tensor([[-0.0027,  0.0021,  0.0089, -0.0036, -0.0017,  0.0129, -0.0160, -0.0164,
         -0.0053,  0.0121]], requires_grad=True)
[2023-01-19 19:39:18,755][__main__][INFO] - scores: tensor([[24.9531, 25.3125, 24.2031, 23.1406, 24.4062]], device='cuda:0',
       dtype=torch.float16, grad_fn=<MmBackward>)
[2023-01-19 19:39:19,001][__main__][INFO] - parameters: Parameter containing:
tensor([[-0.0025,  0.0023,  0.0090, -0.0040, -0.0020,  0.0131, -0.0167, -0.0162,
         -0.0058,  0.0119]], requires_grad=True)
[2023-01-19 19:39:19,008][__main__][INFO] - scores: tensor([[24.9531, 25.3125, 24.2031, 23.1406, 24.4062]], device='cuda:0',
       dtype=torch.float16, grad_fn=<MmBackward>)
[2023-01-19 19:39:19,228][__main__][INFO] - parameters: Parameter containing:
tensor([[-0.0024,  0.0024,  0.0091, -0.0043, -0.0024,  0.0133, -0.0174, -0.0160,
         -0.0063,  0.0117]], requires_grad=True)
[2023-01-19 19:39:19,234][__main__][INFO] - scores: tensor([[24.9531, 25.3281, 24.2188, 23.1562, 24.4219]], device='cuda:0',
       dtype=torch.float16, grad_fn=<MmBackward>)
[2023-01-19 19:39:19,453][__main__][INFO] - parameters: Parameter containing:
tensor([[-0.0026,  0.0025,  0.0090, -0.0046, -0.0029,  0.0136, -0.0182, -0.0157,
         -0.0067,  0.0116]], requires_grad=True)
[2023-01-19 19:39:19,455][__main__][INFO] - scores: tensor([[24.9531, 25.3281, 24.2031, 23.1562, 24.4219]], device='cuda:0',
       dtype=torch.float16, grad_fn=<MmBackward>)
[2023-01-19 19:39:19,672][__main__][INFO] - parameters: Parameter containing:
tensor([[-0.0028,  0.0026,  0.0089, -0.0050, -0.0033,  0.0139, -0.0191, -0.0153,
         -0.0073,  0.0115]], requires_grad=True)
[2023-01-19 19:39:19,673][__main__][INFO] - scores: tensor([[24.9531, 25.3125, 24.2031, 23.1406, 24.4062]], device='cuda:0',
       dtype=torch.float16, grad_fn=<MmBackward>)
[2023-01-19 19:39:19,885][__main__][INFO] - parameters: Parameter containing:
tensor([[-0.0029,  0.0027,  0.0089, -0.0053, -0.0038,  0.0143, -0.0199, -0.0150,
         -0.0077,  0.0115]], requires_grad=True)
[2023-01-19 19:39:19,887][__main__][INFO] - scores: tensor([[24.9531, 25.3281, 24.2031, 23.1562, 24.4219]], device='cuda:0',
       dtype=torch.float16, grad_fn=<MmBackward>)
[2023-01-19 19:39:20,114][__main__][INFO] - parameters: Parameter containing:
tensor([[-0.0030,  0.0029,  0.0090, -0.0055, -0.0042,  0.0147, -0.0207, -0.0146,
         -0.0081,  0.0114]], requires_grad=True)
[2023-01-19 19:39:20,116][__main__][INFO] - scores: tensor([[24.9531, 25.3281, 24.2031, 23.1562, 24.4219]], device='cuda:0',
       dtype=torch.float16, grad_fn=<MmBackward>)
[2023-01-19 19:39:20,332][__main__][INFO] - parameters: Parameter containing:
tensor([[-0.0030,  0.0031,  0.0092, -0.0056, -0.0046,  0.0151, -0.0215, -0.0144,
         -0.0085,  0.0112]], requires_grad=True)
[2023-01-19 19:39:20,333][__main__][INFO] - scores: tensor([[24.9531, 25.3281, 24.2031, 23.1562, 24.4062]], device='cuda:0',
       dtype=torch.float16, grad_fn=<MmBackward>)
[2023-01-19 19:39:20,545][__main__][INFO] - parameters: Parameter containing:
tensor([[-0.0029,  0.0035,  0.0096, -0.0057, -0.0049,  0.0156, -0.0221, -0.0144,
         -0.0088,  0.0109]], requires_grad=True)
[2023-01-19 19:39:20,547][__main__][INFO] - scores: tensor([[24.9531, 25.3281, 24.2031, 23.1562, 24.4219]], device='cuda:0',
       dtype=torch.float16, grad_fn=<MmBackward>)
[2023-01-19 19:39:20,759][__main__][INFO] - parameters: Parameter containing:
tensor([[-0.0028,  0.0037,  0.0099, -0.0058, -0.0051,  0.0161, -0.0227, -0.0145,
         -0.0090,  0.0105]], requires_grad=True)
[2023-01-19 19:39:20,761][__main__][INFO] - scores: tensor([[24.9531, 25.3281, 24.2031, 23.1406, 24.4219]], device='cuda:0',
       dtype=torch.float16, grad_fn=<MmBackward>)
[2023-01-19 19:39:20,954][__main__][INFO] - parameters: Parameter containing:
tensor([[-0.0027,  0.0038,  0.0103, -0.0058, -0.0054,  0.0166, -0.0233, -0.0147,
         -0.0091,  0.0101]], requires_grad=True)
[2023-01-19 19:39:20,965][__main__][INFO] - scores: tensor([[24.9531, 25.3125, 24.2031, 23.1406, 24.4062]], device='cuda:0',
       dtype=torch.float16, grad_fn=<MmBackward>)
[2023-01-19 19:39:21,201][__main__][INFO] - parameters: Parameter containing:
tensor([[-0.0027,  0.0038,  0.0106, -0.0058, -0.0057,  0.0171, -0.0238, -0.0150,
         -0.0090,  0.0097]], requires_grad=True)
[2023-01-19 19:39:21,203][__main__][INFO] - scores: tensor([[24.9531, 25.3281, 24.2188, 23.1562, 24.4219]], device='cuda:0',
       dtype=torch.float16, grad_fn=<MmBackward>)
[2023-01-19 19:39:21,412][__main__][INFO] - parameters: Parameter containing:
tensor([[-0.0027,  0.0036,  0.0109, -0.0059, -0.0060,  0.0176, -0.0244, -0.0154,
         -0.0089,  0.0092]], requires_grad=True)
[2023-01-19 19:39:21,413][__main__][INFO] - scores: tensor([[24.9531, 25.3281, 24.2031, 23.1562, 24.4219]], device='cuda:0',
       dtype=torch.float16, grad_fn=<MmBackward>)
[2023-01-19 19:39:21,625][__main__][INFO] - parameters: Parameter containing:
tensor([[-0.0028,  0.0034,  0.0112, -0.0060, -0.0064,  0.0181, -0.0250, -0.0158,
         -0.0089,  0.0087]], requires_grad=True)
[2023-01-19 19:39:21,626][__main__][INFO] - scores: tensor([[24.9531, 25.3281, 24.2031, 23.1562, 24.4219]], device='cuda:0',
       dtype=torch.float16, grad_fn=<MmBackward>)
[2023-01-19 19:39:21,842][__main__][INFO] - parameters: Parameter containing:
tensor([[-0.0028,  0.0031,  0.0115, -0.0062, -0.0068,  0.0185, -0.0255, -0.0163,
         -0.0088,  0.0081]], requires_grad=True)
[2023-01-19 19:39:21,844][__main__][INFO] - scores: tensor([[24.9531, 25.3281, 24.2031, 23.1562, 24.4219]], device='cuda:0',
       dtype=torch.float16, grad_fn=<MmBackward>)
[2023-01-19 19:39:22,046][__main__][INFO] - parameters: Parameter containing:
tensor([[-0.0030,  0.0028,  0.0117, -0.0064, -0.0071,  0.0189, -0.0260, -0.0168,
         -0.0087,  0.0074]], requires_grad=True)
[2023-01-19 19:39:22,056][__main__][INFO] - scores: tensor([[24.9531, 25.3281, 24.2031, 23.1406, 24.4219]], device='cuda:0',
       dtype=torch.float16, grad_fn=<MmBackward>)
[2023-01-19 19:39:22,301][__main__][INFO] - parameters: Parameter containing:
tensor([[-0.0031,  0.0027,  0.0120, -0.0066, -0.0073,  0.0194, -0.0265, -0.0172,
         -0.0088,  0.0067]], requires_grad=True)
[2023-01-19 19:39:22,306][__main__][INFO] - scores: tensor([[24.9531, 25.3125, 24.2031, 23.1406, 24.4062]], device='cuda:0',
       dtype=torch.float16, grad_fn=<MmBackward>)
[2023-01-19 19:39:22,531][__main__][INFO] - parameters: Parameter containing:
tensor([[-0.0032,  0.0026,  0.0125, -0.0068, -0.0074,  0.0198, -0.0268, -0.0175,
         -0.0089,  0.0060]], requires_grad=True)
[2023-01-19 19:39:22,533][__main__][INFO] - scores: tensor([[24.9531, 25.3281, 24.2031, 23.1406, 24.4219]], device='cuda:0',
       dtype=torch.float16, grad_fn=<MmBackward>)
[2023-01-19 19:39:22,743][__main__][INFO] - parameters: Parameter containing:
tensor([[-0.0032,  0.0027,  0.0130, -0.0070, -0.0075,  0.0203, -0.0271, -0.0176,
         -0.0092,  0.0053]], requires_grad=True)
[2023-01-19 19:39:22,745][__main__][INFO] - scores: tensor([[24.9531, 25.3281, 24.2031, 23.1562, 24.4062]], device='cuda:0',
       dtype=torch.float16, grad_fn=<MmBackward>)
[2023-01-19 19:39:22,978][__main__][INFO] - parameters: Parameter containing:
tensor([[-0.0033,  0.0026,  0.0134, -0.0072, -0.0075,  0.0208, -0.0274, -0.0178,
         -0.0094,  0.0047]], requires_grad=True)
[2023-01-19 19:39:22,979][__main__][INFO] - scores: tensor([[24.9531, 25.3281, 24.2031, 23.1406, 24.4062]], device='cuda:0',
       dtype=torch.float16, grad_fn=<MmBackward>)
[2023-01-19 19:39:23,192][__main__][INFO] - parameters: Parameter containing:
tensor([[-0.0035,  0.0025,  0.0137, -0.0074, -0.0076,  0.0214, -0.0278, -0.0179,
         -0.0096,  0.0041]], requires_grad=True)
[2023-01-19 19:39:23,196][__main__][INFO] - scores: tensor([[24.9531, 25.3281, 24.2031, 23.1562, 24.4219]], device='cuda:0',
       dtype=torch.float16, grad_fn=<MmBackward>)
[2023-01-19 19:39:23,421][__main__][INFO] - parameters: Parameter containing:
tensor([[-0.0036,  0.0024,  0.0141, -0.0075, -0.0076,  0.0220, -0.0282, -0.0180,
         -0.0099,  0.0036]], requires_grad=True)
[2023-01-19 19:39:23,422][__main__][INFO] - scores: tensor([[24.9531, 25.3125, 24.2031, 23.1562, 24.4219]], device='cuda:0',
       dtype=torch.float16, grad_fn=<MmBackward>)
[2023-01-19 19:39:23,633][__main__][INFO] - parameters: Parameter containing:
tensor([[-0.0036,  0.0024,  0.0144, -0.0076, -0.0076,  0.0226, -0.0286, -0.0179,
         -0.0103,  0.0030]], requires_grad=True)
[2023-01-19 19:39:23,634][__main__][INFO] - scores: tensor([[24.9531, 25.3281, 24.2031, 23.1562, 24.4062]], device='cuda:0',
       dtype=torch.float16, grad_fn=<MmBackward>)
[2023-01-19 19:39:23,855][__main__][INFO] - parameters: Parameter containing:
tensor([[-0.0037,  0.0025,  0.0147, -0.0078, -0.0075,  0.0232, -0.0290, -0.0178,
         -0.0109,  0.0023]], requires_grad=True)
[2023-01-19 19:39:23,857][__main__][INFO] - scores: tensor([[24.9531, 25.3281, 24.2031, 23.1562, 24.4219]], device='cuda:0',
       dtype=torch.float16, grad_fn=<MmBackward>)
[2023-01-19 19:39:24,058][__main__][INFO] - parameters: Parameter containing:
tensor([[-0.0038,  0.0024,  0.0149, -0.0080, -0.0075,  0.0237, -0.0295, -0.0177,
         -0.0115,  0.0016]], requires_grad=True)
[2023-01-19 19:39:24,059][__main__][INFO] - scores: tensor([[24.9375, 25.3125, 24.2031, 23.1406, 24.4062]], device='cuda:0',
       dtype=torch.float16, grad_fn=<MmBackward>)
[2023-01-19 19:39:24,266][__main__][INFO] - parameters: Parameter containing:
tensor([[-0.0039,  0.0022,  0.0150, -0.0082, -0.0076,  0.0242, -0.0302, -0.0176,
         -0.0120,  0.0009]], requires_grad=True)
[2023-01-19 19:39:24,267][__main__][INFO] - scores: tensor([[24.9531, 25.3125, 24.2031, 23.1406, 24.4219]], device='cuda:0',
       dtype=torch.float16, grad_fn=<MmBackward>)
[2023-01-19 19:39:24,498][__main__][INFO] - parameters: Parameter containing:
tensor([[-3.8128e-03,  2.0960e-03,  1.5222e-02, -8.5241e-03, -7.8152e-03,
          2.4599e-02, -3.0854e-02, -1.7507e-02, -1.2501e-02,  5.5961e-05]],
       requires_grad=True)
[2023-01-19 19:39:24,499][__main__][INFO] - scores: tensor([[24.9531, 25.3125, 24.2031, 23.1406, 24.4219]], device='cuda:0',
       dtype=torch.float16, grad_fn=<MmBackward>)
[2023-01-19 19:39:24,721][__main__][INFO] - parameters: Parameter containing:
tensor([[-0.0037,  0.0021,  0.0154, -0.0089, -0.0080,  0.0250, -0.0316, -0.0172,
         -0.0131, -0.0008]], requires_grad=True)
[2023-01-19 19:39:24,722][__main__][INFO] - scores: tensor([[24.9531, 25.2969, 24.1875, 23.1406, 24.4219]], device='cuda:0',
       dtype=torch.float16, grad_fn=<MmBackward>)
[2023-01-19 19:39:24,937][__main__][INFO] - parameters: Parameter containing:
tensor([[-0.0037,  0.0018,  0.0155, -0.0092, -0.0083,  0.0253, -0.0325, -0.0169,
         -0.0136, -0.0016]], requires_grad=True)
[2023-01-19 19:39:24,939][__main__][INFO] - scores: tensor([[24.9688, 25.3125, 24.2031, 23.1562, 24.4219]], device='cuda:0',
       dtype=torch.float16, grad_fn=<MmBackward>)
[2023-01-19 19:39:25,158][__main__][INFO] - parameters: Parameter containing:
tensor([[-0.0037,  0.0017,  0.0156, -0.0094, -0.0086,  0.0257, -0.0333, -0.0165,
         -0.0142, -0.0026]], requires_grad=True)
[2023-01-19 19:39:25,160][__main__][INFO] - scores: tensor([[24.9531, 25.2969, 24.1875, 23.1406, 24.4219]], device='cuda:0',
       dtype=torch.float16, grad_fn=<MmBackward>)
[2023-01-19 19:39:25,371][__main__][INFO] - parameters: Parameter containing:
tensor([[-0.0038,  0.0018,  0.0157, -0.0096, -0.0088,  0.0262, -0.0340, -0.0161,
         -0.0148, -0.0035]], requires_grad=True)
[2023-01-19 19:39:25,373][__main__][INFO] - scores: tensor([[24.9531, 25.2969, 24.1875, 23.1406, 24.4062]], device='cuda:0',
       dtype=torch.float16, grad_fn=<MmBackward>)
[2023-01-19 19:39:25,587][__main__][INFO] - parameters: Parameter containing:
tensor([[-0.0040,  0.0017,  0.0158, -0.0097, -0.0089,  0.0266, -0.0348, -0.0156,
         -0.0153, -0.0043]], requires_grad=True)
[2023-01-19 19:39:25,589][__main__][INFO] - scores: tensor([[24.9531, 25.2969, 24.1875, 23.1406, 24.4062]], device='cuda:0',
       dtype=torch.float16, grad_fn=<MmBackward>)
[2023-01-19 19:39:25,816][__main__][INFO] - parameters: Parameter containing:
tensor([[-0.0042,  0.0017,  0.0160, -0.0100, -0.0090,  0.0271, -0.0356, -0.0151,
         -0.0158, -0.0051]], requires_grad=True)
[2023-01-19 19:39:25,818][__main__][INFO] - scores: tensor([[24.9531, 25.2969, 24.1875, 23.1406, 24.4219]], device='cuda:0',
       dtype=torch.float16, grad_fn=<MmBackward>)
[2023-01-19 19:39:26,033][__main__][INFO] - parameters: Parameter containing:
tensor([[-0.0043,  0.0018,  0.0164, -0.0102, -0.0090,  0.0275, -0.0364, -0.0145,
         -0.0162, -0.0059]], requires_grad=True)
[2023-01-19 19:39:26,034][__main__][INFO] - scores: tensor([[24.9531, 25.3125, 24.1875, 23.1562, 24.4219]], device='cuda:0',
       dtype=torch.float16, grad_fn=<MmBackward>)
[2023-01-19 19:39:26,240][__main__][INFO] - parameters: Parameter containing:
tensor([[-0.0044,  0.0018,  0.0168, -0.0104, -0.0092,  0.0280, -0.0373, -0.0140,
         -0.0165, -0.0066]], requires_grad=True)
[2023-01-19 19:39:26,242][__main__][INFO] - scores: tensor([[24.9531, 25.2969, 24.1875, 23.1406, 24.4062]], device='cuda:0',
       dtype=torch.float16, grad_fn=<MmBackward>)
[2023-01-19 19:39:26,451][__main__][INFO] - parameters: Parameter containing:
tensor([[-0.0044,  0.0016,  0.0173, -0.0108, -0.0094,  0.0284, -0.0382, -0.0135,
         -0.0166, -0.0073]], requires_grad=True)
[2023-01-19 19:39:26,457][__main__][INFO] - scores: tensor([[24.9688, 25.3125, 24.2031, 23.1406, 24.4219]], device='cuda:0',
       dtype=torch.float16, grad_fn=<MmBackward>)
[2023-01-19 19:39:26,684][__main__][INFO] - parameters: Parameter containing:
tensor([[-0.0044,  0.0014,  0.0179, -0.0111, -0.0095,  0.0289, -0.0392, -0.0131,
         -0.0168, -0.0080]], requires_grad=True)
[2023-01-19 19:39:26,686][__main__][INFO] - scores: tensor([[24.9531, 25.3125, 24.2031, 23.1406, 24.4219]], device='cuda:0',
       dtype=torch.float16, grad_fn=<MmBackward>)
[2023-01-19 19:39:26,921][__main__][INFO] - parameters: Parameter containing:
tensor([[-0.0045,  0.0012,  0.0183, -0.0115, -0.0096,  0.0294, -0.0402, -0.0128,
         -0.0170, -0.0087]], requires_grad=True)
[2023-01-19 19:39:26,926][__main__][INFO] - scores: tensor([[24.9531, 25.3125, 24.2031, 23.1562, 24.4219]], device='cuda:0',
       dtype=torch.float16, grad_fn=<MmBackward>)
[2023-01-19 19:39:27,155][__main__][INFO] - parameters: Parameter containing:
tensor([[-0.0046,  0.0011,  0.0188, -0.0116, -0.0096,  0.0300, -0.0412, -0.0127,
         -0.0173, -0.0095]], requires_grad=True)
[2023-01-19 19:39:27,157][__main__][INFO] - scores: tensor([[24.9531, 25.2969, 24.1875, 23.1406, 24.4219]], device='cuda:0',
       dtype=torch.float16, grad_fn=<MmBackward>)
[2023-01-19 19:39:27,387][__main__][INFO] - parameters: Parameter containing:
tensor([[-0.0046,  0.0010,  0.0193, -0.0117, -0.0096,  0.0306, -0.0421, -0.0126,
         -0.0176, -0.0104]], requires_grad=True)
[2023-01-19 19:39:27,390][__main__][INFO] - scores: tensor([[24.9531, 25.2969, 24.1875, 23.1406, 24.4062]], device='cuda:0',
       dtype=torch.float16, grad_fn=<MmBackward>)
[2023-01-19 19:39:27,604][__main__][INFO] - parameters: Parameter containing:
tensor([[-0.0046,  0.0010,  0.0199, -0.0117, -0.0094,  0.0313, -0.0430, -0.0126,
         -0.0179, -0.0113]], requires_grad=True)
[2023-01-19 19:39:27,610][__main__][INFO] - scores: tensor([[24.9531, 25.3125, 24.2031, 23.1562, 24.4219]], device='cuda:0',
       dtype=torch.float16, grad_fn=<MmBackward>)
[2023-01-19 19:39:27,839][__main__][INFO] - parameters: Parameter containing:
tensor([[-0.0048,  0.0008,  0.0202, -0.0116, -0.0093,  0.0320, -0.0440, -0.0128,
         -0.0181, -0.0122]], requires_grad=True)
[2023-01-19 19:39:27,840][__main__][INFO] - scores: tensor([[24.9531, 25.3125, 24.1875, 23.1406, 24.4219]], device='cuda:0',
       dtype=torch.float16, grad_fn=<MmBackward>)
[2023-01-19 19:39:28,066][__main__][INFO] - parameters: Parameter containing:
tensor([[-0.0049,  0.0006,  0.0206, -0.0115, -0.0094,  0.0326, -0.0450, -0.0130,
         -0.0184, -0.0131]], requires_grad=True)
[2023-01-19 19:39:28,067][__main__][INFO] - scores: tensor([[24.9531, 25.3125, 24.2031, 23.1406, 24.4219]], device='cuda:0',
       dtype=torch.float16, grad_fn=<MmBackward>)
[2023-01-19 19:39:28,292][__main__][INFO] - parameters: Parameter containing:
tensor([[-0.0049,  0.0004,  0.0210, -0.0114, -0.0094,  0.0332, -0.0459, -0.0133,
         -0.0186, -0.0141]], requires_grad=True)
[2023-01-19 19:39:28,294][__main__][INFO] - scores: tensor([[24.9531, 25.2969, 24.1875, 23.1406, 24.4219]], device='cuda:0',
       dtype=torch.float16, grad_fn=<MmBackward>)
[2023-01-19 19:39:28,504][__main__][INFO] - parameters: Parameter containing:
tensor([[-0.0050,  0.0002,  0.0214, -0.0112, -0.0094,  0.0337, -0.0468, -0.0135,
         -0.0188, -0.0150]], requires_grad=True)
[2023-01-19 19:39:28,507][__main__][INFO] - scores: tensor([[24.9531, 25.2969, 24.1875, 23.1406, 24.4219]], device='cuda:0',
       dtype=torch.float16, grad_fn=<MmBackward>)
[2023-01-19 19:39:28,717][__main__][INFO] - parameters: Parameter containing:
tensor([[-4.9777e-03,  4.3968e-05,  2.1817e-02, -1.1103e-02, -9.5509e-03,
          3.4204e-02, -4.7720e-02, -1.3568e-02, -1.8970e-02, -1.5773e-02]],
       requires_grad=True)
[2023-01-19 19:39:28,718][__main__][INFO] - scores: tensor([[24.9531, 25.3125, 24.1875, 23.1562, 24.4219]], device='cuda:0',
       dtype=torch.float16, grad_fn=<MmBackward>)
[2023-01-19 19:39:28,916][__main__][INFO] - parameters: Parameter containing:
tensor([[-0.0051, -0.0001,  0.0222, -0.0110, -0.0097,  0.0346, -0.0486, -0.0136,
         -0.0192, -0.0165]], requires_grad=True)
[2023-01-19 19:39:28,918][__main__][INFO] - scores: tensor([[24.9531, 25.2969, 24.1875, 23.1406, 24.4062]], device='cuda:0',
       dtype=torch.float16, grad_fn=<MmBackward>)
[2023-01-19 19:39:29,165][__main__][INFO] - parameters: Parameter containing:
tensor([[-0.0053, -0.0003,  0.0225, -0.0110, -0.0099,  0.0350, -0.0495, -0.0135,
         -0.0193, -0.0171]], requires_grad=True)
[2023-01-19 19:39:29,167][__main__][INFO] - scores: tensor([[24.9531, 25.3125, 24.2031, 23.1562, 24.4219]], device='cuda:0',
       dtype=torch.float16, grad_fn=<MmBackward>)
[2023-01-19 19:39:29,376][__main__][INFO] - parameters: Parameter containing:
tensor([[-0.0055, -0.0006,  0.0228, -0.0111, -0.0100,  0.0353, -0.0504, -0.0134,
         -0.0195, -0.0176]], requires_grad=True)
[2023-01-19 19:39:29,378][__main__][INFO] - scores: tensor([[24.9531, 25.3125, 24.1875, 23.1406, 24.4219]], device='cuda:0',
       dtype=torch.float16, grad_fn=<MmBackward>)
[2023-01-19 19:39:29,592][__main__][INFO] - parameters: Parameter containing:
tensor([[-0.0055, -0.0008,  0.0232, -0.0111, -0.0100,  0.0356, -0.0512, -0.0135,
         -0.0195, -0.0182]], requires_grad=True)
[2023-01-19 19:39:29,594][__main__][INFO] - scores: tensor([[24.9531, 25.2969, 24.1875, 23.1406, 24.4219]], device='cuda:0',
       dtype=torch.float16, grad_fn=<MmBackward>)
[2023-01-19 19:39:29,823][__main__][INFO] - parameters: Parameter containing:
tensor([[-0.0054, -0.0009,  0.0237, -0.0112, -0.0098,  0.0359, -0.0518, -0.0137,
         -0.0196, -0.0189]], requires_grad=True)
[2023-01-19 19:39:29,825][__main__][INFO] - scores: tensor([[24.9531, 25.2969, 24.1875, 23.1406, 24.4219]], device='cuda:0',
       dtype=torch.float16, grad_fn=<MmBackward>)
[2023-01-19 19:39:30,039][__main__][INFO] - parameters: Parameter containing:
tensor([[-0.0052, -0.0010,  0.0242, -0.0113, -0.0097,  0.0361, -0.0524, -0.0138,
         -0.0197, -0.0196]], requires_grad=True)
[2023-01-19 19:39:30,041][__main__][INFO] - scores: tensor([[24.9531, 25.2969, 24.1875, 23.1406, 24.4219]], device='cuda:0',
       dtype=torch.float16, grad_fn=<MmBackward>)
[2023-01-19 19:39:30,251][__main__][INFO] - parameters: Parameter containing:
tensor([[-0.0051, -0.0012,  0.0246, -0.0114, -0.0096,  0.0364, -0.0529, -0.0139,
         -0.0197, -0.0202]], requires_grad=True)
[2023-01-19 19:39:30,255][__main__][INFO] - scores: tensor([[24.9531, 25.2969, 24.1875, 23.1406, 24.4219]], device='cuda:0',
       dtype=torch.float16, grad_fn=<MmBackward>)
[2023-01-19 19:39:30,503][__main__][INFO] - parameters: Parameter containing:
tensor([[-0.0051, -0.0013,  0.0249, -0.0116, -0.0095,  0.0366, -0.0535, -0.0137,
         -0.0198, -0.0207]], requires_grad=True)
[2023-01-19 19:39:30,504][__main__][INFO] - scores: tensor([[24.9688, 25.3125, 24.2031, 23.1562, 24.4219]], device='cuda:0',
       dtype=torch.float16, grad_fn=<MmBackward>)
[2023-01-19 19:39:30,720][__main__][INFO] - parameters: Parameter containing:
tensor([[-0.0052, -0.0014,  0.0251, -0.0118, -0.0095,  0.0369, -0.0540, -0.0135,
         -0.0199, -0.0210]], requires_grad=True)
[2023-01-19 19:39:30,721][__main__][INFO] - scores: tensor([[24.9531, 25.2969, 24.2031, 23.1562, 24.4219]], device='cuda:0',
       dtype=torch.float16, grad_fn=<MmBackward>)
[2023-01-19 19:39:30,963][__main__][INFO] - parameters: Parameter containing:
tensor([[-0.0054, -0.0015,  0.0253, -0.0119, -0.0095,  0.0371, -0.0544, -0.0132,
         -0.0200, -0.0213]], requires_grad=True)
[2023-01-19 19:39:30,964][__main__][INFO] - scores: tensor([[24.9531, 25.2969, 24.1875, 23.1406, 24.4062]], device='cuda:0',
       dtype=torch.float16, grad_fn=<MmBackward>)
[2023-01-19 19:39:31,171][__main__][INFO] - parameters: Parameter containing:
tensor([[-0.0055, -0.0015,  0.0254, -0.0120, -0.0094,  0.0373, -0.0548, -0.0128,
         -0.0201, -0.0217]], requires_grad=True)
[2023-01-19 19:39:31,176][__main__][INFO] - scores: tensor([[24.9531, 25.3125, 24.2031, 23.1562, 24.4219]], device='cuda:0',
       dtype=torch.float16, grad_fn=<MmBackward>)
[2023-01-19 19:39:31,377][__main__][INFO] - parameters: Parameter containing:
tensor([[-0.0057, -0.0015,  0.0254, -0.0120, -0.0092,  0.0376, -0.0551, -0.0127,
         -0.0202, -0.0223]], requires_grad=True)
[2023-01-19 19:39:31,379][__main__][INFO] - scores: tensor([[24.9531, 25.3125, 24.1719, 23.1406, 24.3906]], device='cuda:0',
       dtype=torch.float16, grad_fn=<MmBackward>)
[2023-01-19 19:39:31,599][__main__][INFO] - parameters: Parameter containing:
tensor([[-0.0058, -0.0015,  0.0255, -0.0119, -0.0089,  0.0379, -0.0553, -0.0127,
         -0.0204, -0.0229]], requires_grad=True)
[2023-01-19 19:39:31,603][__main__][INFO] - scores: tensor([[24.9375, 25.3125, 24.1719, 23.1406, 24.3906]], device='cuda:0',
       dtype=torch.float16, grad_fn=<MmBackward>)
[2023-01-19 19:39:31,817][__main__][INFO] - parameters: Parameter containing:
tensor([[-0.0057, -0.0015,  0.0255, -0.0119, -0.0087,  0.0380, -0.0555, -0.0129,
         -0.0205, -0.0236]], requires_grad=True)
[2023-01-19 19:39:31,818][__main__][INFO] - scores: tensor([[24.9375, 25.2969, 24.1719, 23.1406, 24.3906]], device='cuda:0',
       dtype=torch.float16, grad_fn=<MmBackward>)
[2023-01-19 19:39:32,043][__main__][INFO] - parameters: Parameter containing:
tensor([[-0.0055, -0.0017,  0.0255, -0.0120, -0.0087,  0.0379, -0.0557, -0.0130,
         -0.0207, -0.0242]], requires_grad=True)
[2023-01-19 19:39:32,044][__main__][INFO] - scores: tensor([[24.9375, 25.2969, 24.1719, 23.1406, 24.3906]], device='cuda:0',
       dtype=torch.float16, grad_fn=<MmBackward>)
[2023-01-19 19:39:32,260][__main__][INFO] - parameters: Parameter containing:
tensor([[-0.0054, -0.0018,  0.0255, -0.0120, -0.0087,  0.0379, -0.0559, -0.0131,
         -0.0209, -0.0249]], requires_grad=True)
[2023-01-19 19:39:32,264][__main__][INFO] - scores: tensor([[24.9531, 25.3281, 24.1875, 23.1562, 24.4062]], device='cuda:0',
       dtype=torch.float16, grad_fn=<MmBackward>)
[2023-01-19 19:39:32,482][__main__][INFO] - parameters: Parameter containing:
tensor([[-0.0053, -0.0020,  0.0254, -0.0119, -0.0086,  0.0380, -0.0559, -0.0131,
         -0.0210, -0.0255]], requires_grad=True)
[2023-01-19 19:39:32,484][__main__][INFO] - scores: tensor([[24.9375, 25.2969, 24.1562, 23.1406, 24.3906]], device='cuda:0',
       dtype=torch.float16, grad_fn=<MmBackward>)
[2023-01-19 19:39:32,694][__main__][INFO] - parameters: Parameter containing:
tensor([[-0.0053, -0.0020,  0.0253, -0.0118, -0.0085,  0.0380, -0.0559, -0.0131,
         -0.0212, -0.0262]], requires_grad=True)
[2023-01-19 19:39:32,695][__main__][INFO] - scores: tensor([[24.9375, 25.2969, 24.1719, 23.1406, 24.3906]], device='cuda:0',
       dtype=torch.float16, grad_fn=<MmBackward>)
[2023-01-19 19:39:32,907][__main__][INFO] - parameters: Parameter containing:
tensor([[-0.0052, -0.0020,  0.0252, -0.0116, -0.0083,  0.0380, -0.0558, -0.0130,
         -0.0215, -0.0268]], requires_grad=True)
[2023-01-19 19:39:32,913][__main__][INFO] - scores: tensor([[24.9375, 25.2969, 24.1562, 23.1406, 24.3906]], device='cuda:0',
       dtype=torch.float16, grad_fn=<MmBackward>)
[2023-01-19 19:39:33,132][__main__][INFO] - parameters: Parameter containing:
tensor([[-0.0051, -0.0019,  0.0252, -0.0113, -0.0082,  0.0380, -0.0556, -0.0129,
         -0.0217, -0.0273]], requires_grad=True)
[2023-01-19 19:39:33,134][__main__][INFO] - scores: tensor([[24.9531, 25.2969, 24.1719, 23.1406, 24.3906]], device='cuda:0',
       dtype=torch.float16, grad_fn=<MmBackward>)
[2023-01-19 19:39:33,350][__main__][INFO] - parameters: Parameter containing:
tensor([[-0.0052, -0.0020,  0.0251, -0.0113, -0.0082,  0.0380, -0.0555, -0.0127,
         -0.0219, -0.0277]], requires_grad=True)
[2023-01-19 19:39:33,352][__main__][INFO] - scores: tensor([[24.9375, 25.2969, 24.1719, 23.1406, 24.3906]], device='cuda:0',
       dtype=torch.float16, grad_fn=<MmBackward>)
[2023-01-19 19:39:33,573][__main__][INFO] - parameters: Parameter containing:
tensor([[-0.0052, -0.0021,  0.0250, -0.0113, -0.0082,  0.0379, -0.0554, -0.0125,
         -0.0219, -0.0281]], requires_grad=True)
[2023-01-19 19:39:33,575][__main__][INFO] - scores: tensor([[24.9531, 25.3125, 24.1719, 23.1406, 24.3906]], device='cuda:0',
       dtype=torch.float16, grad_fn=<MmBackward>)
[2023-01-19 19:39:33,804][__main__][INFO] - parameters: Parameter containing:
tensor([[-0.0051, -0.0023,  0.0251, -0.0113, -0.0082,  0.0378, -0.0552, -0.0123,
         -0.0218, -0.0284]], requires_grad=True)
[2023-01-19 19:39:33,806][__main__][INFO] - scores: tensor([[24.9531, 25.3125, 24.1719, 23.1406, 24.4062]], device='cuda:0',
       dtype=torch.float16, grad_fn=<MmBackward>)
[2023-01-19 19:39:34,029][__main__][INFO] - parameters: Parameter containing:
tensor([[-0.0051, -0.0024,  0.0252, -0.0113, -0.0082,  0.0377, -0.0550, -0.0120,
         -0.0218, -0.0286]], requires_grad=True)
[2023-01-19 19:39:34,031][__main__][INFO] - scores: tensor([[24.9531, 25.3125, 24.1719, 23.1406, 24.3906]], device='cuda:0',
       dtype=torch.float16, grad_fn=<MmBackward>)
[2023-01-19 19:39:34,266][__main__][INFO] - parameters: Parameter containing:
tensor([[-0.0052, -0.0025,  0.0252, -0.0112, -0.0082,  0.0377, -0.0548, -0.0117,
         -0.0217, -0.0288]], requires_grad=True)
[2023-01-19 19:39:34,269][__main__][INFO] - scores: tensor([[24.9531, 25.3125, 24.1719, 23.1406, 24.4062]], device='cuda:0',
       dtype=torch.float16, grad_fn=<MmBackward>)
[2023-01-19 19:39:34,488][__main__][INFO] - parameters: Parameter containing:
tensor([[-0.0053, -0.0025,  0.0253, -0.0111, -0.0080,  0.0378, -0.0545, -0.0114,
         -0.0217, -0.0290]], requires_grad=True)
[2023-01-19 19:39:34,490][__main__][INFO] - scores: tensor([[24.9531, 25.3125, 24.1719, 23.1406, 24.3906]], device='cuda:0',
       dtype=torch.float16, grad_fn=<MmBackward>)
[2023-01-19 19:39:34,708][__main__][INFO] - parameters: Parameter containing:
tensor([[-0.0052, -0.0024,  0.0256, -0.0110, -0.0079,  0.0377, -0.0542, -0.0110,
         -0.0216, -0.0292]], requires_grad=True)
[2023-01-19 19:39:34,711][__main__][INFO] - scores: tensor([[24.9531, 25.3281, 24.1875, 23.1562, 24.4062]], device='cuda:0',
       dtype=torch.float16, grad_fn=<MmBackward>)
[2023-01-19 19:39:34,956][__main__][INFO] - parameters: Parameter containing:
tensor([[-0.0052, -0.0026,  0.0256, -0.0111, -0.0080,  0.0376, -0.0539, -0.0106,
         -0.0216, -0.0293]], requires_grad=True)
[2023-01-19 19:39:34,957][__main__][INFO] - scores: tensor([[24.9375, 25.2969, 24.1719, 23.1406, 24.3906]], device='cuda:0',
       dtype=torch.float16, grad_fn=<MmBackward>)
[2023-01-19 19:39:35,185][__main__][INFO] - parameters: Parameter containing:
tensor([[-0.0053, -0.0028,  0.0256, -0.0113, -0.0080,  0.0375, -0.0538, -0.0102,
         -0.0216, -0.0294]], requires_grad=True)
[2023-01-19 19:39:35,187][__main__][INFO] - scores: tensor([[24.9375, 25.2969, 24.1719, 23.1406, 24.3906]], device='cuda:0',
       dtype=torch.float16, grad_fn=<MmBackward>)
[2023-01-19 19:39:35,418][__main__][INFO] - parameters: Parameter containing:
tensor([[-0.0054, -0.0028,  0.0256, -0.0113, -0.0080,  0.0374, -0.0536, -0.0100,
         -0.0217, -0.0297]], requires_grad=True)
[2023-01-19 19:39:35,419][__main__][INFO] - scores: tensor([[24.9531, 25.3125, 24.1719, 23.1406, 24.4062]], device='cuda:0',
       dtype=torch.float16, grad_fn=<MmBackward>)
[2023-01-19 19:39:35,653][__main__][INFO] - parameters: Parameter containing:
tensor([[-0.0053, -0.0027,  0.0257, -0.0112, -0.0079,  0.0374, -0.0533, -0.0098,
         -0.0218, -0.0301]], requires_grad=True)
[2023-01-19 19:39:35,655][__main__][INFO] - scores: tensor([[24.9531, 25.3125, 24.1719, 23.1406, 24.3906]], device='cuda:0',
       dtype=torch.float16, grad_fn=<MmBackward>)
[2023-01-19 19:39:35,866][__main__][INFO] - parameters: Parameter containing:
tensor([[-0.0053, -0.0026,  0.0257, -0.0110, -0.0077,  0.0373, -0.0530, -0.0098,
         -0.0219, -0.0306]], requires_grad=True)
[2023-01-19 19:39:35,867][__main__][INFO] - scores: tensor([[24.9531, 25.3125, 24.1719, 23.1406, 24.4062]], device='cuda:0',
       dtype=torch.float16, grad_fn=<MmBackward>)
[2023-01-19 19:39:36,074][__main__][INFO] - parameters: Parameter containing:
tensor([[-0.0054, -0.0026,  0.0257, -0.0110, -0.0075,  0.0373, -0.0527, -0.0099,
         -0.0220, -0.0312]], requires_grad=True)
[2023-01-19 19:39:36,075][__main__][INFO] - scores: tensor([[24.9375, 25.2969, 24.1719, 23.1406, 24.3906]], device='cuda:0',
       dtype=torch.float16, grad_fn=<MmBackward>)
[2023-01-19 19:39:36,301][__main__][INFO] - parameters: Parameter containing:
tensor([[-0.0055, -0.0027,  0.0256, -0.0111, -0.0075,  0.0371, -0.0526, -0.0099,
         -0.0221, -0.0317]], requires_grad=True)
[2023-01-19 19:39:36,303][__main__][INFO] - scores: tensor([[24.9375, 25.2969, 24.1719, 23.1406, 24.3906]], device='cuda:0',
       dtype=torch.float16, grad_fn=<MmBackward>)
[2023-01-19 19:39:36,539][__main__][INFO] - parameters: Parameter containing:
tensor([[-0.0054, -0.0028,  0.0256, -0.0113, -0.0076,  0.0368, -0.0525, -0.0100,
         -0.0222, -0.0322]], requires_grad=True)
[2023-01-19 19:39:36,540][__main__][INFO] - scores: tensor([[24.9375, 25.2969, 24.1719, 23.1406, 24.3906]], device='cuda:0',
       dtype=torch.float16, grad_fn=<MmBackward>)
[2023-01-19 19:39:36,751][__main__][INFO] - parameters: Parameter containing:
tensor([[-0.0053, -0.0028,  0.0256, -0.0114, -0.0077,  0.0366, -0.0524, -0.0102,
         -0.0222, -0.0327]], requires_grad=True)
[2023-01-19 19:39:36,752][__main__][INFO] - scores: tensor([[24.9531, 25.3125, 24.1719, 23.1406, 24.3906]], device='cuda:0',
       dtype=torch.float16, grad_fn=<MmBackward>)
[2023-01-19 19:39:36,958][__main__][INFO] - parameters: Parameter containing:
tensor([[-0.0053, -0.0028,  0.0257, -0.0113, -0.0077,  0.0365, -0.0523, -0.0103,
         -0.0222, -0.0332]], requires_grad=True)
[2023-01-19 19:39:36,976][__main__][INFO] - scores: tensor([[24.9531, 25.3281, 24.1875, 23.1562, 24.4062]], device='cuda:0',
       dtype=torch.float16, grad_fn=<MmBackward>)
[2023-01-19 19:39:37,205][__main__][INFO] - parameters: Parameter containing:
tensor([[-0.0055, -0.0028,  0.0256, -0.0111, -0.0077,  0.0365, -0.0523, -0.0103,
         -0.0221, -0.0336]], requires_grad=True)
[2023-01-19 19:39:37,206][__main__][INFO] - scores: tensor([[24.9531, 25.3125, 24.1719, 23.1406, 24.4062]], device='cuda:0',
       dtype=torch.float16, grad_fn=<MmBackward>)
[2023-01-19 19:39:37,423][__main__][INFO] - parameters: Parameter containing:
tensor([[-0.0056, -0.0028,  0.0256, -0.0110, -0.0078,  0.0366, -0.0523, -0.0102,
         -0.0220, -0.0338]], requires_grad=True)
[2023-01-19 19:39:37,424][__main__][INFO] - scores: tensor([[24.9375, 25.2969, 24.1719, 23.1406, 24.3906]], device='cuda:0',
       dtype=torch.float16, grad_fn=<MmBackward>)
[2023-01-19 19:39:37,642][__main__][INFO] - parameters: Parameter containing:
tensor([[-0.0055, -0.0028,  0.0257, -0.0110, -0.0081,  0.0365, -0.0524, -0.0099,
         -0.0219, -0.0340]], requires_grad=True)
[2023-01-19 19:39:37,643][__main__][INFO] - scores: tensor([[24.9375, 25.3125, 24.1719, 23.1406, 24.3906]], device='cuda:0',
       dtype=torch.float16, grad_fn=<MmBackward>)
[2023-01-19 19:39:37,860][__main__][INFO] - parameters: Parameter containing:
tensor([[-0.0055, -0.0028,  0.0257, -0.0109, -0.0083,  0.0366, -0.0526, -0.0096,
         -0.0219, -0.0341]], requires_grad=True)
[2023-01-19 19:39:37,861][__main__][INFO] - scores: tensor([[24.9375, 25.2969, 24.1719, 23.1406, 24.3906]], device='cuda:0',
       dtype=torch.float16, grad_fn=<MmBackward>)
[2023-01-19 19:39:38,087][__main__][INFO] - parameters: Parameter containing:
tensor([[-0.0055, -0.0027,  0.0258, -0.0108, -0.0084,  0.0367, -0.0527, -0.0093,
         -0.0217, -0.0343]], requires_grad=True)
[2023-01-19 19:39:38,088][__main__][INFO] - scores: tensor([[24.9375, 25.2969, 24.1719, 23.1406, 24.3906]], device='cuda:0',
       dtype=torch.float16, grad_fn=<MmBackward>)
[2023-01-19 19:39:38,318][__main__][INFO] - parameters: Parameter containing:
tensor([[-0.0055, -0.0028,  0.0259, -0.0107, -0.0085,  0.0368, -0.0528, -0.0093,
         -0.0216, -0.0346]], requires_grad=True)
[2023-01-19 19:39:38,320][__main__][INFO] - scores: tensor([[24.9531, 25.3125, 24.1719, 23.1406, 24.3906]], device='cuda:0',
       dtype=torch.float16, grad_fn=<MmBackward>)
[2023-01-19 19:39:38,543][__main__][INFO] - parameters: Parameter containing:
tensor([[-0.0056, -0.0030,  0.0258, -0.0108, -0.0087,  0.0368, -0.0530, -0.0093,
         -0.0214, -0.0349]], requires_grad=True)
[2023-01-19 19:39:38,545][__main__][INFO] - scores: tensor([[24.9531, 25.3125, 24.1719, 23.1406, 24.4062]], device='cuda:0',
       dtype=torch.float16, grad_fn=<MmBackward>)
[2023-01-19 19:39:38,755][__main__][INFO] - parameters: Parameter containing:
tensor([[-0.0055, -0.0030,  0.0259, -0.0107, -0.0087,  0.0369, -0.0530, -0.0094,
         -0.0213, -0.0353]], requires_grad=True)
[2023-01-19 19:39:38,757][__main__][INFO] - scores: tensor([[24.9531, 25.3125, 24.1719, 23.1406, 24.3906]], device='cuda:0',
       dtype=torch.float16, grad_fn=<MmBackward>)
[2023-01-19 19:39:38,980][__main__][INFO] - parameters: Parameter containing:
tensor([[-0.0054, -0.0029,  0.0260, -0.0107, -0.0086,  0.0369, -0.0529, -0.0095,
         -0.0214, -0.0359]], requires_grad=True)
[2023-01-19 19:39:38,982][__main__][INFO] - scores: tensor([[24.9375, 25.2969, 24.1719, 23.1406, 24.3906]], device='cuda:0',
       dtype=torch.float16, grad_fn=<MmBackward>)
[2023-01-19 19:39:39,167][__main__][INFO] - parameters: Parameter containing:
tensor([[-0.0054, -0.0030,  0.0259, -0.0108, -0.0087,  0.0369, -0.0530, -0.0096,
         -0.0214, -0.0364]], requires_grad=True)
[2023-01-19 19:39:39,169][__main__][INFO] - scores: tensor([[24.9531, 25.3125, 24.1719, 23.1406, 24.4062]], device='cuda:0',
       dtype=torch.float16, grad_fn=<MmBackward>)
[2023-01-19 19:39:39,388][__main__][INFO] - parameters: Parameter containing:
tensor([[-0.0054, -0.0030,  0.0259, -0.0109, -0.0087,  0.0369, -0.0530, -0.0095,
         -0.0216, -0.0368]], requires_grad=True)
[2023-01-19 19:39:39,389][__main__][INFO] - scores: tensor([[24.9531, 25.3125, 24.1719, 23.1406, 24.3906]], device='cuda:0',
       dtype=torch.float16, grad_fn=<MmBackward>)
[2023-01-19 19:39:39,612][__main__][INFO] - parameters: Parameter containing:
tensor([[-0.0055, -0.0029,  0.0259, -0.0109, -0.0086,  0.0370, -0.0530, -0.0094,
         -0.0216, -0.0373]], requires_grad=True)
[2023-01-19 19:39:39,614][__main__][INFO] - scores: tensor([[24.9531, 25.3125, 24.1719, 23.1406, 24.3906]], device='cuda:0',
       dtype=torch.float16, grad_fn=<MmBackward>)
[2023-01-19 19:39:39,822][__main__][INFO] - parameters: Parameter containing:
tensor([[-0.0055, -0.0029,  0.0259, -0.0109, -0.0085,  0.0371, -0.0530, -0.0092,
         -0.0218, -0.0377]], requires_grad=True)
[2023-01-19 19:39:39,826][__main__][INFO] - scores: tensor([[24.9375, 25.3125, 24.1719, 23.1406, 24.3906]], device='cuda:0',
       dtype=torch.float16, grad_fn=<MmBackward>)
[2023-01-19 19:39:40,050][__main__][INFO] - parameters: Parameter containing:
tensor([[-0.0056, -0.0029,  0.0259, -0.0110, -0.0085,  0.0372, -0.0530, -0.0091,
         -0.0219, -0.0382]], requires_grad=True)
[2023-01-19 19:39:40,052][__main__][INFO] - scores: tensor([[24.9531, 25.3125, 24.1719, 23.1406, 24.3906]], device='cuda:0',
       dtype=torch.float16, grad_fn=<MmBackward>)
[2023-01-19 19:39:40,276][__main__][INFO] - parameters: Parameter containing:
tensor([[-0.0055, -0.0028,  0.0260, -0.0110, -0.0085,  0.0372, -0.0531, -0.0092,
         -0.0219, -0.0387]], requires_grad=True)
[2023-01-19 19:39:40,289][__main__][INFO] - scores: tensor([[24.9531, 25.3125, 24.1719, 23.1406, 24.3906]], device='cuda:0',
       dtype=torch.float16, grad_fn=<MmBackward>)
[2023-01-19 19:39:40,507][__main__][INFO] - parameters: Parameter containing:
tensor([[-0.0055, -0.0030,  0.0259, -0.0111, -0.0086,  0.0372, -0.0532, -0.0092,
         -0.0219, -0.0392]], requires_grad=True)
[2023-01-19 19:39:40,508][__main__][INFO] - scores: tensor([[24.9375, 25.3125, 24.1719, 23.1406, 24.3906]], device='cuda:0',
       dtype=torch.float16, grad_fn=<MmBackward>)
[2023-01-19 19:39:40,732][__main__][INFO] - parameters: Parameter containing:
tensor([[-0.0055, -0.0029,  0.0260, -0.0111, -0.0086,  0.0372, -0.0533, -0.0093,
         -0.0219, -0.0396]], requires_grad=True)
[2023-01-19 19:39:40,733][__main__][INFO] - scores: tensor([[24.9688, 25.3281, 24.1875, 23.1562, 24.4062]], device='cuda:0',
       dtype=torch.float16, grad_fn=<MmBackward>)
[2023-01-19 19:39:40,937][__main__][INFO] - parameters: Parameter containing:
tensor([[-0.0054, -0.0028,  0.0261, -0.0109, -0.0086,  0.0373, -0.0532, -0.0093,
         -0.0218, -0.0399]], requires_grad=True)
[2023-01-19 19:39:40,938][__main__][INFO] - scores: tensor([[24.9531, 25.3125, 24.1719, 23.1406, 24.3906]], device='cuda:0',
       dtype=torch.float16, grad_fn=<MmBackward>)
[2023-01-19 19:39:41,142][__main__][INFO] - parameters: Parameter containing:
tensor([[-0.0055, -0.0028,  0.0261, -0.0109, -0.0087,  0.0373, -0.0533, -0.0092,
         -0.0218, -0.0399]], requires_grad=True)
[2023-01-19 19:39:41,144][__main__][INFO] - scores: tensor([[24.9375, 25.2969, 24.1719, 23.1406, 24.3906]], device='cuda:0',
       dtype=torch.float16, grad_fn=<MmBackward>)
[2023-01-19 19:39:41,375][__main__][INFO] - parameters: Parameter containing:
tensor([[-0.0057, -0.0030,  0.0259, -0.0111, -0.0089,  0.0372, -0.0535, -0.0090,
         -0.0218, -0.0399]], requires_grad=True)
[2023-01-19 19:39:41,388][__main__][INFO] - scores: tensor([[24.9375, 25.2969, 24.1719, 23.1406, 24.3906]], device='cuda:0',
       dtype=torch.float16, grad_fn=<MmBackward>)
[2023-01-19 19:39:41,636][__main__][INFO] - parameters: Parameter containing:
tensor([[-0.0056, -0.0030,  0.0259, -0.0111, -0.0091,  0.0372, -0.0536, -0.0089,
         -0.0218, -0.0398]], requires_grad=True)
[2023-01-19 19:39:41,638][__main__][INFO] - scores: tensor([[24.9531, 25.3125, 24.1719, 23.1406, 24.3906]], device='cuda:0',
       dtype=torch.float16, grad_fn=<MmBackward>)
[2023-01-19 19:39:41,857][__main__][INFO] - parameters: Parameter containing:
tensor([[-0.0055, -0.0029,  0.0261, -0.0110, -0.0091,  0.0372, -0.0536, -0.0087,
         -0.0218, -0.0397]], requires_grad=True)
[2023-01-19 19:39:41,858][__main__][INFO] - scores: tensor([[24.9531, 25.3125, 24.1719, 23.1562, 24.4062]], device='cuda:0',
       dtype=torch.float16, grad_fn=<MmBackward>)
[2023-01-19 19:39:42,083][__main__][INFO] - parameters: Parameter containing:
tensor([[-0.0054, -0.0027,  0.0263, -0.0109, -0.0090,  0.0373, -0.0535, -0.0087,
         -0.0217, -0.0396]], requires_grad=True)
[2023-01-19 19:39:42,085][__main__][INFO] - scores: tensor([[24.9531, 25.3125, 24.1875, 23.1562, 24.4062]], device='cuda:0',
       dtype=torch.float16, grad_fn=<MmBackward>)
[2023-01-19 19:39:42,307][__main__][INFO] - parameters: Parameter containing:
tensor([[-0.0055, -0.0028,  0.0263, -0.0109, -0.0090,  0.0374, -0.0534, -0.0086,
         -0.0216, -0.0394]], requires_grad=True)
[2023-01-19 19:39:42,309][__main__][INFO] - scores: tensor([[24.9531, 25.3125, 24.1719, 23.1406, 24.3906]], device='cuda:0',
       dtype=torch.float16, grad_fn=<MmBackward>)
[2023-01-19 19:39:42,528][__main__][INFO] - parameters: Parameter containing:
tensor([[-0.0056, -0.0029,  0.0263, -0.0109, -0.0090,  0.0374, -0.0534, -0.0087,
         -0.0215, -0.0393]], requires_grad=True)
[2023-01-19 19:39:42,530][__main__][INFO] - scores: tensor([[24.9531, 25.3125, 24.1719, 23.1406, 24.3906]], device='cuda:0',
       dtype=torch.float16, grad_fn=<MmBackward>)
[2023-01-19 19:39:42,768][__main__][INFO] - parameters: Parameter containing:
tensor([[-0.0057, -0.0031,  0.0262, -0.0109, -0.0090,  0.0374, -0.0534, -0.0089,
         -0.0214, -0.0392]], requires_grad=True)
[2023-01-19 19:39:42,770][__main__][INFO] - scores: tensor([[24.9375, 25.2969, 24.1719, 23.1406, 24.3906]], device='cuda:0',
       dtype=torch.float16, grad_fn=<MmBackward>)
[2023-01-19 19:39:42,991][__main__][INFO] - parameters: Parameter containing:
tensor([[-0.0056, -0.0030,  0.0263, -0.0109, -0.0090,  0.0373, -0.0533, -0.0091,
         -0.0215, -0.0392]], requires_grad=True)
[2023-01-19 19:39:42,993][__main__][INFO] - scores: tensor([[24.9531, 25.3125, 24.1719, 23.1406, 24.4062]], device='cuda:0',
       dtype=torch.float16, grad_fn=<MmBackward>)
[2023-01-19 19:39:43,212][__main__][INFO] - parameters: Parameter containing:
tensor([[-0.0055, -0.0030,  0.0264, -0.0109, -0.0089,  0.0372, -0.0532, -0.0093,
         -0.0216, -0.0392]], requires_grad=True)
[2023-01-19 19:39:43,214][__main__][INFO] - scores: tensor([[24.9531, 25.3125, 24.1719, 23.1406, 24.3906]], device='cuda:0',
       dtype=torch.float16, grad_fn=<MmBackward>)
[2023-01-19 19:39:43,476][__main__][INFO] - parameters: Parameter containing:
tensor([[-0.0055, -0.0031,  0.0262, -0.0111, -0.0090,  0.0371, -0.0532, -0.0094,
         -0.0217, -0.0392]], requires_grad=True)
[2023-01-19 19:39:43,478][__main__][INFO] - scores: tensor([[24.9531, 25.3125, 24.1719, 23.1406, 24.3906]], device='cuda:0',
       dtype=torch.float16, grad_fn=<MmBackward>)
[2023-01-19 19:39:43,680][__main__][INFO] - parameters: Parameter containing:
tensor([[-0.0055, -0.0031,  0.0262, -0.0111, -0.0089,  0.0371, -0.0532, -0.0095,
         -0.0219, -0.0390]], requires_grad=True)
[2023-01-19 19:39:43,682][__main__][INFO] - scores: tensor([[24.9531, 25.3125, 24.1719, 23.1406, 24.3906]], device='cuda:0',
       dtype=torch.float16, grad_fn=<MmBackward>)
[2023-01-19 19:39:43,891][__main__][INFO] - parameters: Parameter containing:
tensor([[-0.0056, -0.0030,  0.0262, -0.0110, -0.0087,  0.0372, -0.0531, -0.0096,
         -0.0220, -0.0389]], requires_grad=True)
[2023-01-19 19:39:43,892][__main__][INFO] - scores: tensor([[24.9531, 25.3281, 24.1875, 23.1562, 24.4062]], device='cuda:0',
       dtype=torch.float16, grad_fn=<MmBackward>)
[2023-01-19 19:39:44,120][__main__][INFO] - parameters: Parameter containing:
tensor([[-0.0056, -0.0028,  0.0263, -0.0108, -0.0085,  0.0373, -0.0530, -0.0095,
         -0.0222, -0.0388]], requires_grad=True)
[2023-01-19 19:39:44,123][__main__][INFO] - scores: tensor([[24.9375, 25.2969, 24.1719, 23.1406, 24.3906]], device='cuda:0',
       dtype=torch.float16, grad_fn=<MmBackward>)
[2023-01-19 19:39:44,350][__main__][INFO] - parameters: Parameter containing:
tensor([[-0.0056, -0.0028,  0.0262, -0.0108, -0.0086,  0.0373, -0.0530, -0.0094,
         -0.0223, -0.0387]], requires_grad=True)
[2023-01-19 19:39:44,351][__main__][INFO] - scores: tensor([[24.9375, 25.2969, 24.1719, 23.1406, 24.3906]], device='cuda:0',
       dtype=torch.float16, grad_fn=<MmBackward>)
[2023-01-19 19:39:44,585][__main__][INFO] - parameters: Parameter containing:
tensor([[-0.0057, -0.0030,  0.0261, -0.0111, -0.0088,  0.0372, -0.0532, -0.0092,
         -0.0224, -0.0384]], requires_grad=True)
[2023-01-19 19:39:44,587][__main__][INFO] - scores: tensor([[24.9531, 25.3125, 24.1719, 23.1406, 24.3906]], device='cuda:0',
       dtype=torch.float16, grad_fn=<MmBackward>)
[2023-01-19 19:39:44,804][__main__][INFO] - parameters: Parameter containing:
tensor([[-0.0056, -0.0030,  0.0262, -0.0112, -0.0089,  0.0371, -0.0532, -0.0091,
         -0.0225, -0.0382]], requires_grad=True)
[2023-01-19 19:39:44,806][__main__][INFO] - scores: tensor([[24.9375, 25.2969, 24.1719, 23.1406, 24.3906]], device='cuda:0',
       dtype=torch.float16, grad_fn=<MmBackward>)
[2023-01-19 19:39:45,014][__main__][INFO] - parameters: Parameter containing:
tensor([[-0.0055, -0.0029,  0.0263, -0.0111, -0.0090,  0.0371, -0.0532, -0.0090,
         -0.0226, -0.0381]], requires_grad=True)
[2023-01-19 19:39:45,020][__main__][INFO] - scores: tensor([[24.9531, 25.3125, 24.1719, 23.1406, 24.3906]], device='cuda:0',
       dtype=torch.float16, grad_fn=<MmBackward>)
[2023-01-19 19:39:45,255][__main__][INFO] - parameters: Parameter containing:
tensor([[-0.0054, -0.0029,  0.0263, -0.0109, -0.0089,  0.0372, -0.0532, -0.0090,
         -0.0225, -0.0381]], requires_grad=True)
[2023-01-19 19:39:45,257][__main__][INFO] - scores: tensor([[24.9375, 25.2969, 24.1562, 23.1406, 24.3906]], device='cuda:0',
       dtype=torch.float16, grad_fn=<MmBackward>)
[2023-01-19 19:39:45,480][__main__][INFO] - parameters: Parameter containing:
tensor([[-0.0055, -0.0030,  0.0263, -0.0108, -0.0089,  0.0373, -0.0531, -0.0091,
         -0.0224, -0.0382]], requires_grad=True)
[2023-01-19 19:39:45,482][__main__][INFO] - scores: tensor([[24.9375, 25.3125, 24.1719, 23.1406, 24.3906]], device='cuda:0',
       dtype=torch.float16, grad_fn=<MmBackward>)
[2023-01-19 19:39:45,696][__main__][INFO] - parameters: Parameter containing:
tensor([[-0.0056, -0.0032,  0.0262, -0.0107, -0.0089,  0.0373, -0.0531, -0.0092,
         -0.0222, -0.0383]], requires_grad=True)
[2023-01-19 19:39:45,698][__main__][INFO] - scores: tensor([[24.9531, 25.3125, 24.1719, 23.1406, 24.3906]], device='cuda:0',
       dtype=torch.float16, grad_fn=<MmBackward>)
[2023-01-19 19:39:45,897][__main__][INFO] - parameters: Parameter containing:
tensor([[-0.0057, -0.0033,  0.0262, -0.0107, -0.0089,  0.0373, -0.0531, -0.0093,
         -0.0222, -0.0384]], requires_grad=True)
[2023-01-19 19:39:45,899][__main__][INFO] - scores: tensor([[24.9375, 25.2969, 24.1719, 23.1406, 24.3906]], device='cuda:0',
       dtype=torch.float16, grad_fn=<MmBackward>)
[2023-01-19 19:39:46,103][__main__][INFO] - parameters: Parameter containing:
tensor([[-0.0055, -0.0031,  0.0264, -0.0106, -0.0087,  0.0373, -0.0529, -0.0094,
         -0.0221, -0.0387]], requires_grad=True)
[2023-01-19 19:39:46,105][__main__][INFO] - scores: tensor([[24.9531, 25.3125, 24.1719, 23.1406, 24.3906]], device='cuda:0',
       dtype=torch.float16, grad_fn=<MmBackward>)
[2023-01-19 19:39:46,354][__main__][INFO] - parameters: Parameter containing:
tensor([[-0.0054, -0.0032,  0.0264, -0.0106, -0.0087,  0.0373, -0.0528, -0.0094,
         -0.0221, -0.0389]], requires_grad=True)
[2023-01-19 19:39:46,356][__main__][INFO] - scores: tensor([[24.9375, 25.2969, 24.1719, 23.1406, 24.3906]], device='cuda:0',
       dtype=torch.float16, grad_fn=<MmBackward>)
[2023-01-19 19:39:46,599][__main__][INFO] - parameters: Parameter containing:
tensor([[-0.0054, -0.0033,  0.0263, -0.0108, -0.0088,  0.0372, -0.0529, -0.0093,
         -0.0222, -0.0390]], requires_grad=True)
[2023-01-19 19:39:46,600][__main__][INFO] - scores: tensor([[24.9531, 25.3125, 24.1719, 23.1406, 24.3906]], device='cuda:0',
       dtype=torch.float16, grad_fn=<MmBackward>)
[2023-01-19 19:39:46,827][__main__][INFO] - parameters: Parameter containing:
tensor([[-0.0054, -0.0033,  0.0263, -0.0109, -0.0088,  0.0372, -0.0529, -0.0092,
         -0.0223, -0.0390]], requires_grad=True)
[2023-01-19 19:39:46,828][__main__][INFO] - scores: tensor([[24.9375, 25.2969, 24.1719, 23.1406, 24.3906]], device='cuda:0',
       dtype=torch.float16, grad_fn=<MmBackward>)
[2023-01-19 19:39:47,043][__main__][INFO] - parameters: Parameter containing:
tensor([[-0.0054, -0.0032,  0.0263, -0.0108, -0.0087,  0.0373, -0.0528, -0.0090,
         -0.0224, -0.0390]], requires_grad=True)
[2023-01-19 19:39:47,049][__main__][INFO] - scores: tensor([[24.9375, 25.2969, 24.1562, 23.1406, 24.3906]], device='cuda:0',
       dtype=torch.float16, grad_fn=<MmBackward>)
[2023-01-19 19:39:47,289][__main__][INFO] - parameters: Parameter containing:
tensor([[-0.0055, -0.0032,  0.0263, -0.0108, -0.0086,  0.0374, -0.0528, -0.0089,
         -0.0225, -0.0390]], requires_grad=True)
[2023-01-19 19:39:47,291][__main__][INFO] - scores: tensor([[24.9531, 25.3125, 24.1719, 23.1406, 24.3906]], device='cuda:0',
       dtype=torch.float16, grad_fn=<MmBackward>)
[2023-01-19 19:39:47,515][__main__][INFO] - parameters: Parameter containing:
tensor([[-0.0055, -0.0032,  0.0263, -0.0108, -0.0085,  0.0374, -0.0529, -0.0089,
         -0.0225, -0.0389]], requires_grad=True)
[2023-01-19 19:39:47,516][__main__][INFO] - scores: tensor([[24.9531, 25.3125, 24.1719, 23.1562, 24.4062]], device='cuda:0',
       dtype=torch.float16, grad_fn=<MmBackward>)
[2023-01-19 19:39:47,723][__main__][INFO] - parameters: Parameter containing:
tensor([[-0.0055, -0.0032,  0.0264, -0.0108, -0.0086,  0.0374, -0.0529, -0.0089,
         -0.0225, -0.0389]], requires_grad=True)
[2023-01-19 19:39:47,725][__main__][INFO] - scores: tensor([[24.9531, 25.3125, 24.1719, 23.1562, 24.4062]], device='cuda:0',
       dtype=torch.float16, grad_fn=<MmBackward>)
[2023-01-19 19:39:47,940][__main__][INFO] - parameters: Parameter containing:
tensor([[-0.0055, -0.0032,  0.0263, -0.0109, -0.0086,  0.0373, -0.0531, -0.0090,
         -0.0225, -0.0388]], requires_grad=True)
[2023-01-19 19:39:47,942][__main__][INFO] - scores: tensor([[24.9688, 25.3281, 24.1875, 23.1562, 24.4062]], device='cuda:0',
       dtype=torch.float16, grad_fn=<MmBackward>)
[2023-01-19 19:39:48,153][__main__][INFO] - parameters: Parameter containing:
tensor([[-0.0055, -0.0032,  0.0264, -0.0108, -0.0087,  0.0372, -0.0531, -0.0091,
         -0.0224, -0.0389]], requires_grad=True)
[2023-01-19 19:39:48,164][__main__][INFO] - scores: tensor([[24.9531, 25.3125, 24.1719, 23.1562, 24.4062]], device='cuda:0',
       dtype=torch.float16, grad_fn=<MmBackward>)
[2023-01-19 19:39:48,434][__main__][INFO] - parameters: Parameter containing:
tensor([[-0.0055, -0.0032,  0.0264, -0.0107, -0.0087,  0.0371, -0.0532, -0.0091,
         -0.0224, -0.0389]], requires_grad=True)
[2023-01-19 19:39:48,436][__main__][INFO] - scores: tensor([[24.9688, 25.3281, 24.1875, 23.1562, 24.4062]], device='cuda:0',
       dtype=torch.float16, grad_fn=<MmBackward>)
[2023-01-19 19:39:48,666][__main__][INFO] - parameters: Parameter containing:
tensor([[-0.0056, -0.0032,  0.0264, -0.0108, -0.0088,  0.0370, -0.0533, -0.0091,
         -0.0224, -0.0389]], requires_grad=True)
[2023-01-19 19:39:48,673][__main__][INFO] - scores: tensor([[24.9375, 25.2969, 24.1719, 23.1406, 24.3906]], device='cuda:0',
       dtype=torch.float16, grad_fn=<MmBackward>)
[2023-01-19 19:39:48,893][__main__][INFO] - parameters: Parameter containing:
tensor([[-0.0056, -0.0031,  0.0265, -0.0107, -0.0087,  0.0371, -0.0533, -0.0092,
         -0.0224, -0.0390]], requires_grad=True)
[2023-01-19 19:39:48,895][__main__][INFO] - scores: tensor([[24.9375, 25.2969, 24.1562, 23.1406, 24.3906]], device='cuda:0',
       dtype=torch.float16, grad_fn=<MmBackward>)
[2023-01-19 19:39:49,100][__main__][INFO] - parameters: Parameter containing:
tensor([[-0.0057, -0.0031,  0.0265, -0.0107, -0.0087,  0.0371, -0.0534, -0.0091,
         -0.0225, -0.0390]], requires_grad=True)
[2023-01-19 19:39:49,102][__main__][INFO] - scores: tensor([[24.9531, 25.3125, 24.1719, 23.1406, 24.3906]], device='cuda:0',
       dtype=torch.float16, grad_fn=<MmBackward>)
[2023-01-19 19:39:49,329][__main__][INFO] - parameters: Parameter containing:
tensor([[-0.0057, -0.0031,  0.0265, -0.0108, -0.0088,  0.0370, -0.0536, -0.0090,
         -0.0226, -0.0390]], requires_grad=True)
[2023-01-19 19:39:49,332][__main__][INFO] - scores: tensor([[24.9375, 25.2969, 24.1719, 23.1406, 24.3906]], device='cuda:0',
       dtype=torch.float16, grad_fn=<MmBackward>)
[2023-01-19 19:39:49,541][__main__][INFO] - parameters: Parameter containing:
tensor([[-0.0057, -0.0031,  0.0265, -0.0109, -0.0089,  0.0370, -0.0537, -0.0089,
         -0.0228, -0.0391]], requires_grad=True)
[2023-01-19 19:39:49,542][__main__][INFO] - scores: tensor([[24.9531, 25.3125, 24.1719, 23.1406, 24.4062]], device='cuda:0',
       dtype=torch.float16, grad_fn=<MmBackward>)
[2023-01-19 19:39:49,759][__main__][INFO] - parameters: Parameter containing:
tensor([[-0.0056, -0.0030,  0.0266, -0.0108, -0.0088,  0.0371, -0.0537, -0.0090,
         -0.0228, -0.0392]], requires_grad=True)
[2023-01-19 19:39:49,761][__main__][INFO] - scores: tensor([[24.9375, 25.2969, 24.1719, 23.1406, 24.3906]], device='cuda:0',
       dtype=torch.float16, grad_fn=<MmBackward>)
[2023-01-19 19:39:49,980][__main__][INFO] - parameters: Parameter containing:
tensor([[-0.0057, -0.0031,  0.0266, -0.0108, -0.0087,  0.0371, -0.0538, -0.0091,
         -0.0228, -0.0393]], requires_grad=True)
[2023-01-19 19:39:49,982][__main__][INFO] - scores: tensor([[24.9375, 25.3125, 24.1719, 23.1406, 24.3906]], device='cuda:0',
       dtype=torch.float16, grad_fn=<MmBackward>)
[2023-01-19 19:39:50,191][__main__][INFO] - parameters: Parameter containing:
tensor([[-0.0057, -0.0033,  0.0265, -0.0109, -0.0088,  0.0371, -0.0539, -0.0093,
         -0.0227, -0.0394]], requires_grad=True)
[2023-01-19 19:39:50,193][__main__][INFO] - scores: tensor([[24.9531, 25.3125, 24.1719, 23.1406, 24.3906]], device='cuda:0',
       dtype=torch.float16, grad_fn=<MmBackward>)
[2023-01-19 19:39:50,426][__main__][INFO] - parameters: Parameter containing:
tensor([[-0.0056, -0.0033,  0.0266, -0.0108, -0.0088,  0.0371, -0.0538, -0.0095,
         -0.0226, -0.0395]], requires_grad=True)
[2023-01-19 19:39:50,431][__main__][INFO] - scores: tensor([[24.9375, 25.3125, 24.1719, 23.1406, 24.3906]], device='cuda:0',
       dtype=torch.float16, grad_fn=<MmBackward>)
[2023-01-19 19:39:50,662][__main__][INFO] - parameters: Parameter containing:
tensor([[-0.0055, -0.0032,  0.0267, -0.0106, -0.0088,  0.0371, -0.0537, -0.0095,
         -0.0226, -0.0395]], requires_grad=True)
[2023-01-19 19:39:50,664][__main__][INFO] - scores: tensor([[24.9531, 25.3125, 24.1719, 23.1406, 24.4062]], device='cuda:0',
       dtype=torch.float16, grad_fn=<MmBackward>)
[2023-01-19 19:39:50,873][__main__][INFO] - parameters: Parameter containing:
tensor([[-0.0056, -0.0033,  0.0266, -0.0106, -0.0088,  0.0371, -0.0537, -0.0095,
         -0.0226, -0.0393]], requires_grad=True)
[2023-01-19 19:39:50,875][__main__][INFO] - scores: tensor([[24.9531, 25.3125, 24.1719, 23.1406, 24.3906]], device='cuda:0',
       dtype=torch.float16, grad_fn=<MmBackward>)
[2023-01-19 19:39:51,098][__main__][INFO] - parameters: Parameter containing:
tensor([[-0.0057, -0.0033,  0.0265, -0.0107, -0.0089,  0.0371, -0.0538, -0.0093,
         -0.0227, -0.0390]], requires_grad=True)
[2023-01-19 19:39:51,099][__main__][INFO] - scores: tensor([[24.9375, 25.3125, 24.1719, 23.1406, 24.3906]], device='cuda:0',
       dtype=torch.float16, grad_fn=<MmBackward>)
[2023-01-19 19:39:51,308][__main__][INFO] - parameters: Parameter containing:
tensor([[-0.0056, -0.0032,  0.0266, -0.0107, -0.0089,  0.0371, -0.0537, -0.0091,
         -0.0228, -0.0388]], requires_grad=True)
[2023-01-19 19:39:51,309][__main__][INFO] - scores: tensor([[24.9531, 25.3125, 24.1719, 23.1406, 24.3906]], device='cuda:0',
       dtype=torch.float16, grad_fn=<MmBackward>)
[2023-01-19 19:39:51,520][__main__][INFO] - parameters: Parameter containing:
tensor([[-0.0055, -0.0031,  0.0267, -0.0107, -0.0089,  0.0371, -0.0536, -0.0090,
         -0.0229, -0.0387]], requires_grad=True)
[2023-01-19 19:39:51,521][__main__][INFO] - scores: tensor([[24.9531, 25.3125, 24.1719, 23.1406, 24.4062]], device='cuda:0',
       dtype=torch.float16, grad_fn=<MmBackward>)
[2023-01-19 19:39:51,773][__main__][INFO] - parameters: Parameter containing:
tensor([[-0.0056, -0.0031,  0.0266, -0.0108, -0.0089,  0.0371, -0.0536, -0.0090,
         -0.0229, -0.0386]], requires_grad=True)
[2023-01-19 19:39:51,776][__main__][INFO] - scores: tensor([[24.9531, 25.3125, 24.1719, 23.1406, 24.3906]], device='cuda:0',
       dtype=torch.float16, grad_fn=<MmBackward>)
[2023-01-19 19:39:51,990][__main__][INFO] - parameters: Parameter containing:
tensor([[-0.0058, -0.0033,  0.0265, -0.0109, -0.0089,  0.0371, -0.0536, -0.0091,
         -0.0229, -0.0386]], requires_grad=True)
[2023-01-19 19:39:51,991][__main__][INFO] - scores: tensor([[24.9375, 25.3125, 24.1719, 23.1406, 24.3906]], device='cuda:0',
       dtype=torch.float16, grad_fn=<MmBackward>)
[2023-01-19 19:39:52,210][__main__][INFO] - parameters: Parameter containing:
tensor([[-0.0057, -0.0033,  0.0265, -0.0109, -0.0088,  0.0370, -0.0534, -0.0092,
         -0.0229, -0.0388]], requires_grad=True)
[2023-01-19 19:39:52,212][__main__][INFO] - scores: tensor([[24.9375, 25.2969, 24.1719, 23.1406, 24.3906]], device='cuda:0',
       dtype=torch.float16, grad_fn=<MmBackward>)
[2023-01-19 19:39:52,431][__main__][INFO] - parameters: Parameter containing:
tensor([[-0.0055, -0.0031,  0.0267, -0.0107, -0.0086,  0.0370, -0.0532, -0.0094,
         -0.0228, -0.0390]], requires_grad=True)
[2023-01-19 19:39:52,433][__main__][INFO] - scores: tensor([[24.9531, 25.3281, 24.1875, 23.1562, 24.4062]], device='cuda:0',
       dtype=torch.float16, grad_fn=<MmBackward>)
[2023-01-19 19:39:52,664][__main__][INFO] - parameters: Parameter containing:
tensor([[-0.0055, -0.0031,  0.0267, -0.0107, -0.0086,  0.0370, -0.0531, -0.0094,
         -0.0228, -0.0391]], requires_grad=True)
[2023-01-19 19:39:52,666][__main__][INFO] - scores: tensor([[24.9531, 25.3125, 24.1719, 23.1406, 24.3906]], device='cuda:0',
       dtype=torch.float16, grad_fn=<MmBackward>)
[2023-01-19 19:39:52,896][__main__][INFO] - parameters: Parameter containing:
tensor([[-0.0057, -0.0033,  0.0265, -0.0108, -0.0088,  0.0370, -0.0531, -0.0093,
         -0.0229, -0.0391]], requires_grad=True)
[2023-01-19 19:39:52,897][__main__][INFO] - scores: tensor([[24.9375, 25.2969, 24.1719, 23.1406, 24.3906]], device='cuda:0',
       dtype=torch.float16, grad_fn=<MmBackward>)
[2023-01-19 19:39:53,100][__main__][INFO] - parameters: Parameter containing:
tensor([[-0.0057, -0.0033,  0.0264, -0.0108, -0.0088,  0.0370, -0.0531, -0.0093,
         -0.0229, -0.0392]], requires_grad=True)
[2023-01-19 19:39:53,105][__main__][INFO] - scores: tensor([[24.9375, 25.3125, 24.1719, 23.1406, 24.3906]], device='cuda:0',
       dtype=torch.float16, grad_fn=<MmBackward>)
[2023-01-19 19:39:53,329][__main__][INFO] - parameters: Parameter containing:
tensor([[-0.0056, -0.0032,  0.0265, -0.0107, -0.0088,  0.0370, -0.0530, -0.0093,
         -0.0228, -0.0391]], requires_grad=True)
[2023-01-19 19:39:53,332][__main__][INFO] - scores: tensor([[24.9531, 25.3125, 24.1719, 23.1406, 24.4062]], device='cuda:0',
       dtype=torch.float16, grad_fn=<MmBackward>)
