[2023-01-17 23:47:57,575][__main__][INFO] - parameters: Parameter containing:
tensor([[-0.1000,  0.1000, -0.1000,  0.1000,  0.1000,  0.1000,  0.1000,  0.1000,
          0.1000,  0.1000]], requires_grad=True)
[2023-01-17 23:47:57,575][__main__][INFO] - scores: tensor([[24.5156, 25.5312, 23.8594, 23.3594, 24.5000]], device='cuda:0',
       dtype=torch.float16, grad_fn=<MmBackward>)
[2023-01-17 23:47:57,779][__main__][INFO] - parameters: Parameter containing:
tensor([[-0.1954,  0.1485, -0.1917,  0.1945,  0.1589,  0.1972,  0.1202,  0.1543,
          0.0929,  0.1034]], requires_grad=True)
[2023-01-17 23:47:57,780][__main__][INFO] - scores: tensor([[24.5312, 25.5781, 23.9688, 23.3281, 24.6250]], device='cuda:0',
       dtype=torch.float16, grad_fn=<MmBackward>)
[2023-01-17 23:47:57,963][__main__][INFO] - parameters: Parameter containing:
tensor([[-0.2651,  0.1857, -0.2484,  0.2630,  0.2013,  0.2578,  0.1440,  0.1844,
          0.0872,  0.0959]], requires_grad=True)
[2023-01-17 23:47:57,964][__main__][INFO] - scores: tensor([[24.6094, 25.7188, 24.0781, 23.3750, 24.5000]], device='cuda:0',
       dtype=torch.float16, grad_fn=<MmBackward>)
[2023-01-17 23:47:58,125][__main__][INFO] - parameters: Parameter containing:
tensor([[-0.2304,  0.1770, -0.2101,  0.3251,  0.1873,  0.3176,  0.1128,  0.2162,
          0.0412,  0.0855]], requires_grad=True)
[2023-01-17 23:47:58,126][__main__][INFO] - scores: tensor([[24.7344, 25.7344, 24.1406, 23.5156, 24.7344]], device='cuda:0',
       dtype=torch.float16, grad_fn=<MmBackward>)
[2023-01-17 23:47:58,320][__main__][INFO] - parameters: Parameter containing:
tensor([[-0.2399,  0.1743, -0.1727,  0.3741,  0.1811,  0.3649,  0.0984,  0.2494,
          0.0129,  0.0812]], requires_grad=True)
[2023-01-17 23:47:58,321][__main__][INFO] - scores: tensor([[24.5938, 25.7500, 24.0625, 23.3594, 24.5312]], device='cuda:0',
       dtype=torch.float16, grad_fn=<MmBackward>)
[2023-01-17 23:47:58,493][__main__][INFO] - parameters: Parameter containing:
tensor([[-0.2238,  0.1797, -0.1359,  0.4019,  0.1740,  0.3785,  0.0958,  0.2876,
         -0.0011,  0.0918]], requires_grad=True)
[2023-01-17 23:47:58,494][__main__][INFO] - scores: tensor([[24.5469, 25.6875, 24.0000, 23.3594, 24.6250]], device='cuda:0',
       dtype=torch.float16, grad_fn=<MmBackward>)
[2023-01-17 23:47:58,657][__main__][INFO] - parameters: Parameter containing:
tensor([[-0.2464,  0.1790, -0.0907,  0.4238,  0.1658,  0.3930,  0.0983,  0.3149,
         -0.0047,  0.1066]], requires_grad=True)
[2023-01-17 23:47:58,658][__main__][INFO] - scores: tensor([[24.5938, 25.7656, 24.0469, 23.4219, 24.6875]], device='cuda:0',
       dtype=torch.float16, grad_fn=<MmBackward>)
[2023-01-17 23:47:58,867][__main__][INFO] - parameters: Parameter containing:
tensor([[-0.2300,  0.1550, -0.0370,  0.4505,  0.1306,  0.3966,  0.0676,  0.3263,
         -0.0339,  0.0818]], requires_grad=True)
[2023-01-17 23:47:58,868][__main__][INFO] - scores: tensor([[24.6562, 25.7812, 24.0781, 23.4844, 24.7656]], device='cuda:0',
       dtype=torch.float16, grad_fn=<MmBackward>)
[2023-01-17 23:47:59,022][__main__][INFO] - parameters: Parameter containing:
tensor([[-0.2700,  0.1604, -0.0423,  0.5045,  0.1337,  0.4349,  0.0730,  0.2858,
         -0.0351,  0.0282]], requires_grad=True)
[2023-01-17 23:47:59,023][__main__][INFO] - scores: tensor([[24.7656, 25.7812, 24.1719, 23.6094, 25.1875]], device='cuda:0',
       dtype=torch.float16, grad_fn=<MmBackward>)
[2023-01-17 23:47:59,184][__main__][INFO] - parameters: Parameter containing:
tensor([[-0.2837,  0.1712, -0.0485,  0.5277,  0.1374,  0.4357,  0.0835,  0.2459,
         -0.0347, -0.0197]], requires_grad=True)
[2023-01-17 23:47:59,185][__main__][INFO] - scores: tensor([[24.6250, 25.7031, 24.0000, 23.5156, 24.7500]], device='cuda:0',
       dtype=torch.float16, grad_fn=<MmBackward>)
[2023-01-17 23:47:59,360][__main__][INFO] - parameters: Parameter containing:
tensor([[-0.2993,  0.1630, -0.0510,  0.5509,  0.1272,  0.4363,  0.0788,  0.2026,
         -0.0525, -0.0797]], requires_grad=True)
[2023-01-17 23:47:59,361][__main__][INFO] - scores: tensor([[24.5938, 25.7031, 24.0000, 23.5000, 24.7812]], device='cuda:0',
       dtype=torch.float16, grad_fn=<MmBackward>)
[2023-01-17 23:47:59,525][__main__][INFO] - parameters: Parameter containing:
tensor([[-0.3120,  0.1424, -0.0483,  0.5700,  0.1060,  0.4366,  0.0604,  0.1574,
         -0.0652, -0.1378]], requires_grad=True)
[2023-01-17 23:47:59,526][__main__][INFO] - scores: tensor([[24.5469, 25.6719, 23.9531, 23.4219, 24.7500]], device='cuda:0',
       dtype=torch.float16, grad_fn=<MmBackward>)
[2023-01-17 23:47:59,702][__main__][INFO] - parameters: Parameter containing:
tensor([[-0.3176,  0.1022, -0.0516,  0.5974,  0.0669,  0.4435,  0.0220,  0.1126,
         -0.0982, -0.1993]], requires_grad=True)
[2023-01-17 23:47:59,703][__main__][INFO] - scores: tensor([[24.6250, 25.6250, 24.0000, 23.4375, 24.7656]], device='cuda:0',
       dtype=torch.float16, grad_fn=<MmBackward>)
[2023-01-17 23:47:59,887][__main__][INFO] - parameters: Parameter containing:
tensor([[-0.3356,  0.0733, -0.0678,  0.6328,  0.0525,  0.4797,  0.0087,  0.1021,
         -0.1474, -0.2333]], requires_grad=True)
[2023-01-17 23:47:59,888][__main__][INFO] - scores: tensor([[24.5469, 25.6562, 24.0000, 23.4688, 24.9688]], device='cuda:0',
       dtype=torch.float16, grad_fn=<MmBackward>)
[2023-01-17 23:48:00,065][__main__][INFO] - parameters: Parameter containing:
tensor([[-0.3527,  0.0493, -0.0937,  0.6622,  0.0443,  0.5119, -0.0029,  0.0809,
         -0.1953, -0.2612]], requires_grad=True)
[2023-01-17 23:48:00,066][__main__][INFO] - scores: tensor([[24.4531, 25.5938, 23.9688, 23.4219, 24.7031]], device='cuda:0',
       dtype=torch.float16, grad_fn=<MmBackward>)
[2023-01-17 23:48:00,230][__main__][INFO] - parameters: Parameter containing:
tensor([[-0.3723,  0.0383, -0.1105,  0.6887,  0.0445,  0.5403, -0.0048,  0.0607,
         -0.2291, -0.2862]], requires_grad=True)
[2023-01-17 23:48:00,230][__main__][INFO] - scores: tensor([[24.5156, 25.6094, 24.0469, 23.3750, 24.7500]], device='cuda:0',
       dtype=torch.float16, grad_fn=<MmBackward>)
[2023-01-17 23:48:00,393][__main__][INFO] - parameters: Parameter containing:
tensor([[-0.3822,  0.0341, -0.1234,  0.6990,  0.0461,  0.5485,  0.0009,  0.0403,
         -0.2504, -0.3105]], requires_grad=True)
[2023-01-17 23:48:00,394][__main__][INFO] - scores: tensor([[24.5625, 25.6250, 24.0781, 23.4375, 24.7656]], device='cuda:0',
       dtype=torch.float16, grad_fn=<MmBackward>)
[2023-01-17 23:48:00,549][__main__][INFO] - parameters: Parameter containing:
tensor([[-0.4047,  0.0157, -0.1442,  0.7185,  0.0430,  0.5706, -0.0034,  0.0169,
         -0.2787, -0.3360]], requires_grad=True)
[2023-01-17 23:48:00,550][__main__][INFO] - scores: tensor([[24.5156, 25.5938, 24.0156, 23.4062, 24.7344]], device='cuda:0',
       dtype=torch.float16, grad_fn=<MmBackward>)
[2023-01-17 23:48:00,705][__main__][INFO] - parameters: Parameter containing:
tensor([[-0.4040,  0.0123, -0.1629,  0.7300,  0.0428,  0.5721, -0.0058, -0.0068,
         -0.3043, -0.3646]], requires_grad=True)
[2023-01-17 23:48:00,706][__main__][INFO] - scores: tensor([[24.3750, 25.5312, 23.9219, 23.4062, 24.6406]], device='cuda:0',
       dtype=torch.float16, grad_fn=<MmBackward>)
[2023-01-17 23:48:00,860][__main__][INFO] - parameters: Parameter containing:
tensor([[-0.3922,  0.0369, -0.1696,  0.7149,  0.0637,  0.5537,  0.0181, -0.0203,
         -0.3021, -0.3731]], requires_grad=True)
[2023-01-17 23:48:00,861][__main__][INFO] - scores: tensor([[24.3594, 25.5000, 23.9062, 23.3750, 24.6250]], device='cuda:0',
       dtype=torch.float16, grad_fn=<MmBackward>)
[2023-01-17 23:48:01,039][__main__][INFO] - parameters: Parameter containing:
tensor([[-0.4035,  0.0546, -0.1850,  0.7196,  0.0868,  0.5539,  0.0372, -0.0438,
         -0.3053, -0.3884]], requires_grad=True)
[2023-01-17 23:48:01,040][__main__][INFO] - scores: tensor([[24.5156, 25.6250, 24.0781, 23.4844, 24.9219]], device='cuda:0',
       dtype=torch.float16, grad_fn=<MmBackward>)
[2023-01-17 23:48:01,189][__main__][INFO] - parameters: Parameter containing:
tensor([[-0.4269,  0.0637, -0.2077,  0.7278,  0.1112,  0.5657,  0.0525, -0.0748,
         -0.3060, -0.4066]], requires_grad=True)
[2023-01-17 23:48:01,190][__main__][INFO] - scores: tensor([[24.4531, 25.6094, 24.0156, 23.4375, 24.8906]], device='cuda:0',
       dtype=torch.float16, grad_fn=<MmBackward>)
[2023-01-17 23:48:01,365][__main__][INFO] - parameters: Parameter containing:
tensor([[-0.4452,  0.0762, -0.2367,  0.7289,  0.1397,  0.5757,  0.0717, -0.1087,
         -0.3045, -0.4253]], requires_grad=True)
[2023-01-17 23:48:01,367][__main__][INFO] - scores: tensor([[24.4219, 25.5938, 23.9375, 23.3594, 24.8125]], device='cuda:0',
       dtype=torch.float16, grad_fn=<MmBackward>)
[2023-01-17 23:48:01,531][__main__][INFO] - parameters: Parameter containing:
tensor([[-0.4803,  0.0789, -0.2675,  0.7467,  0.1648,  0.6044,  0.0879, -0.1418,
         -0.3262, -0.4500]], requires_grad=True)
[2023-01-17 23:48:01,532][__main__][INFO] - scores: tensor([[24.5469, 25.6562, 24.0938, 23.5469, 25.0156]], device='cuda:0',
       dtype=torch.float16, grad_fn=<MmBackward>)
[2023-01-17 23:48:01,690][__main__][INFO] - parameters: Parameter containing:
tensor([[-0.5144,  0.0913, -0.2891,  0.7641,  0.1921,  0.6263,  0.1133, -0.1605,
         -0.3456, -0.4651]], requires_grad=True)
[2023-01-17 23:48:01,691][__main__][INFO] - scores: tensor([[24.4844, 25.6250, 24.0000, 23.4375, 24.9062]], device='cuda:0',
       dtype=torch.float16, grad_fn=<MmBackward>)
[2023-01-17 23:48:01,869][__main__][INFO] - parameters: Parameter containing:
tensor([[-0.5445,  0.0991, -0.3306,  0.7767,  0.2241,  0.6540,  0.1316, -0.1828,
         -0.3673, -0.4820]], requires_grad=True)
[2023-01-17 23:48:01,870][__main__][INFO] - scores: tensor([[24.4219, 25.5312, 23.9375, 23.4219, 24.8438]], device='cuda:0',
       dtype=torch.float16, grad_fn=<MmBackward>)
[2023-01-17 23:48:02,026][__main__][INFO] - parameters: Parameter containing:
tensor([[-0.5643,  0.1047, -0.3690,  0.7835,  0.2491,  0.6750,  0.1472, -0.2041,
         -0.3881, -0.4948]], requires_grad=True)
[2023-01-17 23:48:02,027][__main__][INFO] - scores: tensor([[24.3906, 25.5781, 23.8906, 23.4531, 24.7500]], device='cuda:0',
       dtype=torch.float16, grad_fn=<MmBackward>)
[2023-01-17 23:48:02,194][__main__][INFO] - parameters: Parameter containing:
tensor([[-0.5713,  0.1248, -0.4065,  0.7795,  0.2829,  0.6869,  0.1765, -0.2108,
         -0.3930, -0.4891]], requires_grad=True)
[2023-01-17 23:48:02,196][__main__][INFO] - scores: tensor([[24.4062, 25.6406, 23.9219, 23.5469, 24.9219]], device='cuda:0',
       dtype=torch.float16, grad_fn=<MmBackward>)
[2023-01-17 23:48:02,351][__main__][INFO] - parameters: Parameter containing:
tensor([[-0.5755,  0.1450, -0.4401,  0.7765,  0.3170,  0.6968,  0.2061, -0.2163,
         -0.4056, -0.4862]], requires_grad=True)
[2023-01-17 23:48:02,352][__main__][INFO] - scores: tensor([[24.4062, 25.5938, 23.9062, 23.4531, 24.8281]], device='cuda:0',
       dtype=torch.float16, grad_fn=<MmBackward>)
[2023-01-17 23:48:02,506][__main__][INFO] - parameters: Parameter containing:
tensor([[-0.5771,  0.1482, -0.4538,  0.7733,  0.3284,  0.7036,  0.2206, -0.2207,
         -0.4283, -0.4883]], requires_grad=True)
[2023-01-17 23:48:02,507][__main__][INFO] - scores: tensor([[24.4375, 25.6406, 23.9844, 23.4688, 24.7344]], device='cuda:0',
       dtype=torch.float16, grad_fn=<MmBackward>)
[2023-01-17 23:48:02,678][__main__][INFO] - parameters: Parameter containing:
tensor([[-0.5779,  0.1445, -0.4635,  0.7720,  0.3304,  0.7077,  0.2279, -0.2348,
         -0.4546, -0.4998]], requires_grad=True)
[2023-01-17 23:48:02,679][__main__][INFO] - scores: tensor([[24.4219, 25.6562, 24.0000, 23.5000, 24.6875]], device='cuda:0',
       dtype=torch.float16, grad_fn=<MmBackward>)
[2023-01-17 23:48:02,861][__main__][INFO] - parameters: Parameter containing:
tensor([[-0.5765,  0.1367, -0.4697,  0.7813,  0.3268,  0.7189,  0.2274, -0.2481,
         -0.4961, -0.5213]], requires_grad=True)
[2023-01-17 23:48:02,862][__main__][INFO] - scores: tensor([[24.4219, 25.6719, 24.0156, 23.5000, 24.6875]], device='cuda:0',
       dtype=torch.float16, grad_fn=<MmBackward>)
[2023-01-17 23:48:03,026][__main__][INFO] - parameters: Parameter containing:
tensor([[-0.5874,  0.1326, -0.4663,  0.7959,  0.3259,  0.7292,  0.2353, -0.2727,
         -0.5264, -0.5438]], requires_grad=True)
[2023-01-17 23:48:03,027][__main__][INFO] - scores: tensor([[24.4375, 25.6406, 23.9688, 23.4688, 24.7344]], device='cuda:0',
       dtype=torch.float16, grad_fn=<MmBackward>)
[2023-01-17 23:48:03,165][__main__][INFO] - parameters: Parameter containing:
tensor([[-0.6006,  0.1158, -0.4678,  0.8124,  0.3186,  0.7473,  0.2306, -0.2995,
         -0.5635, -0.5700]], requires_grad=True)
[2023-01-17 23:48:03,166][__main__][INFO] - scores: tensor([[24.4219, 25.6406, 23.9844, 23.4531, 24.7031]], device='cuda:0',
       dtype=torch.float16, grad_fn=<MmBackward>)
[2023-01-17 23:48:03,322][__main__][INFO] - parameters: Parameter containing:
tensor([[-0.6140,  0.1004, -0.4906,  0.8328,  0.3179,  0.7755,  0.2228, -0.3057,
         -0.6015, -0.5844]], requires_grad=True)
[2023-01-17 23:48:03,323][__main__][INFO] - scores: tensor([[24.3438, 25.5938, 23.9219, 23.4375, 24.6875]], device='cuda:0',
       dtype=torch.float16, grad_fn=<MmBackward>)
[2023-01-17 23:48:03,481][__main__][INFO] - parameters: Parameter containing:
tensor([[-0.6088,  0.0962, -0.5169,  0.8425,  0.3214,  0.7985,  0.2209, -0.2915,
         -0.6257, -0.5833]], requires_grad=True)
[2023-01-17 23:48:03,482][__main__][INFO] - scores: tensor([[24.3438, 25.5938, 23.8906, 23.4375, 24.6875]], device='cuda:0',
       dtype=torch.float16, grad_fn=<MmBackward>)
[2023-01-17 23:48:03,642][__main__][INFO] - parameters: Parameter containing:
tensor([[-0.6146,  0.0809, -0.5450,  0.8694,  0.3219,  0.8364,  0.2066, -0.2839,
         -0.6666, -0.5912]], requires_grad=True)
[2023-01-17 23:48:03,643][__main__][INFO] - scores: tensor([[24.3438, 25.5625, 23.8750, 23.3906, 24.6406]], device='cuda:0',
       dtype=torch.float16, grad_fn=<MmBackward>)
[2023-01-17 23:48:03,798][__main__][INFO] - parameters: Parameter containing:
tensor([[-0.6195,  0.0625, -0.5847,  0.8959,  0.3221,  0.8766,  0.1865, -0.2817,
         -0.7109, -0.5967]], requires_grad=True)
[2023-01-17 23:48:03,799][__main__][INFO] - scores: tensor([[24.2812, 25.5625, 23.8281, 23.3750, 24.6094]], device='cuda:0',
       dtype=torch.float16, grad_fn=<MmBackward>)
[2023-01-17 23:48:03,977][__main__][INFO] - parameters: Parameter containing:
tensor([[-0.6220,  0.0433, -0.6279,  0.9194,  0.3210,  0.9155,  0.1631, -0.2826,
         -0.7505, -0.5980]], requires_grad=True)
[2023-01-17 23:48:03,978][__main__][INFO] - scores: tensor([[24.3438, 25.6250, 23.9062, 23.4531, 24.7031]], device='cuda:0',
       dtype=torch.float16, grad_fn=<MmBackward>)
[2023-01-17 23:48:04,123][__main__][INFO] - parameters: Parameter containing:
tensor([[-0.6194,  0.0157, -0.6786,  0.9457,  0.3121,  0.9582,  0.1277, -0.2830,
         -0.8005, -0.6046]], requires_grad=True)
[2023-01-17 23:48:04,124][__main__][INFO] - scores: tensor([[24.2969, 25.6250, 23.9219, 23.5000, 24.7344]], device='cuda:0',
       dtype=torch.float16, grad_fn=<MmBackward>)
[2023-01-17 23:48:04,273][__main__][INFO] - parameters: Parameter containing:
tensor([[-0.6246, -0.0165, -0.7285,  0.9718,  0.3037,  1.0030,  0.0909, -0.2884,
         -0.8440, -0.6097]], requires_grad=True)
[2023-01-17 23:48:04,274][__main__][INFO] - scores: tensor([[24.3125, 25.6406, 23.9375, 23.5312, 24.6719]], device='cuda:0',
       dtype=torch.float16, grad_fn=<MmBackward>)
[2023-01-17 23:48:04,451][__main__][INFO] - parameters: Parameter containing:
tensor([[-0.6165, -0.0344, -0.7661,  0.9925,  0.2991,  1.0399,  0.0611, -0.2740,
         -0.8764, -0.6048]], requires_grad=True)
[2023-01-17 23:48:04,452][__main__][INFO] - scores: tensor([[24.3438, 25.6250, 23.9531, 23.5000, 24.7031]], device='cuda:0',
       dtype=torch.float16, grad_fn=<MmBackward>)
[2023-01-17 23:48:04,614][__main__][INFO] - parameters: Parameter containing:
tensor([[-0.6098, -0.0315, -0.8057,  0.9968,  0.3190,  1.0710,  0.0586, -0.2556,
         -0.8960, -0.5850]], requires_grad=True)
[2023-01-17 23:48:04,615][__main__][INFO] - scores: tensor([[24.4062, 25.6250, 23.9688, 23.5000, 24.8906]], device='cuda:0',
       dtype=torch.float16, grad_fn=<MmBackward>)
[2023-01-17 23:48:04,784][__main__][INFO] - parameters: Parameter containing:
tensor([[-0.5944, -0.0571, -0.8519,  1.0017,  0.3079,  1.1017,  0.0231, -0.2618,
         -0.9272, -0.5871]], requires_grad=True)
[2023-01-17 23:48:04,785][__main__][INFO] - scores: tensor([[24.4531, 25.6406, 24.0312, 23.5938, 24.9844]], device='cuda:0',
       dtype=torch.float16, grad_fn=<MmBackward>)
[2023-01-17 23:48:04,973][__main__][INFO] - parameters: Parameter containing:
tensor([[-0.5948, -0.0997, -0.9104,  1.0204,  0.2861,  1.1528, -0.0261, -0.2597,
         -0.9754, -0.5944]], requires_grad=True)
[2023-01-17 23:48:04,974][__main__][INFO] - scores: tensor([[24.3750, 25.5156, 23.8750, 23.3594, 24.6875]], device='cuda:0',
       dtype=torch.float16, grad_fn=<MmBackward>)
[2023-01-17 23:48:05,132][__main__][INFO] - parameters: Parameter containing:
tensor([[-0.5785, -0.1246, -0.9492,  1.0028,  0.2742,  1.1618, -0.0579, -0.2577,
         -0.9864, -0.5992]], requires_grad=True)
[2023-01-17 23:48:05,133][__main__][INFO] - scores: tensor([[24.4062, 25.4219, 23.8438, 23.3594, 24.5781]], device='cuda:0',
       dtype=torch.float16, grad_fn=<MmBackward>)
[2023-01-17 23:48:05,284][__main__][INFO] - parameters: Parameter containing:
tensor([[-0.5485, -0.1582, -0.9686,  0.9870,  0.2418,  1.1708, -0.1015, -0.2255,
         -1.0067, -0.5806]], requires_grad=True)
[2023-01-17 23:48:05,286][__main__][INFO] - scores: tensor([[24.4531, 25.5156, 23.9219, 23.5469, 24.9375]], device='cuda:0',
       dtype=torch.float16, grad_fn=<MmBackward>)
[2023-01-17 23:48:05,473][__main__][INFO] - parameters: Parameter containing:
tensor([[-0.5311, -0.2055, -0.9910,  0.9664,  0.1992,  1.1695, -0.1490, -0.2151,
         -1.0184, -0.5693]], requires_grad=True)
[2023-01-17 23:48:05,474][__main__][INFO] - scores: tensor([[24.4531, 25.5469, 23.9531, 23.6094, 25.0312]], device='cuda:0',
       dtype=torch.float16, grad_fn=<MmBackward>)
[2023-01-17 23:48:05,643][__main__][INFO] - parameters: Parameter containing:
tensor([[-0.4920, -0.2455, -1.0011,  0.9355,  0.1519,  1.1508, -0.1954, -0.1943,
         -1.0300, -0.5613]], requires_grad=True)
[2023-01-17 23:48:05,644][__main__][INFO] - scores: tensor([[24.5625, 25.4062, 23.9219, 23.4062, 24.6406]], device='cuda:0',
       dtype=torch.float16, grad_fn=<MmBackward>)
[2023-01-17 23:48:05,802][__main__][INFO] - parameters: Parameter containing:
tensor([[-0.4366, -0.2790, -1.0327,  0.8888,  0.1150,  1.1344, -0.2419, -0.1626,
         -1.0445, -0.5415]], requires_grad=True)
[2023-01-17 23:48:05,803][__main__][INFO] - scores: tensor([[24.5781, 25.3438, 23.8906, 23.3750, 24.6406]], device='cuda:0',
       dtype=torch.float16, grad_fn=<MmBackward>)
[2023-01-17 23:48:05,977][__main__][INFO] - parameters: Parameter containing:
tensor([[-0.3763, -0.3149, -1.0711,  0.8409,  0.0749,  1.1181, -0.2900, -0.1374,
         -1.0649, -0.5227]], requires_grad=True)
[2023-01-17 23:48:05,978][__main__][INFO] - scores: tensor([[24.6719, 25.4062, 23.9375, 23.3750, 24.5625]], device='cuda:0',
       dtype=torch.float16, grad_fn=<MmBackward>)
[2023-01-17 23:48:06,145][__main__][INFO] - parameters: Parameter containing:
tensor([[-0.3129, -0.3469, -1.0909,  0.7903,  0.0310,  1.0964, -0.3361, -0.1143,
         -1.0804, -0.5062]], requires_grad=True)
[2023-01-17 23:48:06,145][__main__][INFO] - scores: tensor([[24.6719, 25.4062, 23.9531, 23.3281, 24.5156]], device='cuda:0',
       dtype=torch.float16, grad_fn=<MmBackward>)
[2023-01-17 23:48:06,302][__main__][INFO] - parameters: Parameter containing:
tensor([[-0.2438, -0.3759, -1.1046,  0.7389, -0.0145,  1.0715, -0.3816, -0.0843,
         -1.0973, -0.4885]], requires_grad=True)
[2023-01-17 23:48:06,303][__main__][INFO] - scores: tensor([[24.7188, 25.4844, 23.9844, 23.4062, 24.6719]], device='cuda:0',
       dtype=torch.float16, grad_fn=<MmBackward>)
[2023-01-17 23:48:06,475][__main__][INFO] - parameters: Parameter containing:
tensor([[-0.1899, -0.4044, -1.1256,  0.6958, -0.0518,  1.0520, -0.4191, -0.0638,
         -1.1151, -0.4775]], requires_grad=True)
[2023-01-17 23:48:06,476][__main__][INFO] - scores: tensor([[24.7969, 25.4688, 24.0156, 23.4375, 24.7188]], device='cuda:0',
       dtype=torch.float16, grad_fn=<MmBackward>)
[2023-01-17 23:48:06,642][__main__][INFO] - parameters: Parameter containing:
tensor([[-0.1354, -0.4357, -1.1413,  0.6584, -0.0954,  1.0330, -0.4625, -0.0465,
         -1.1371, -0.4720]], requires_grad=True)
[2023-01-17 23:48:06,643][__main__][INFO] - scores: tensor([[24.7969, 25.4219, 23.9844, 23.4375, 24.6875]], device='cuda:0',
       dtype=torch.float16, grad_fn=<MmBackward>)
[2023-01-17 23:48:06,807][__main__][INFO] - parameters: Parameter containing:
tensor([[-0.1168, -0.4685, -1.1346,  0.6284, -0.1329,  1.0199, -0.4924, -0.0385,
         -1.1403, -0.4718]], requires_grad=True)
[2023-01-17 23:48:06,808][__main__][INFO] - scores: tensor([[24.7500, 25.2812, 23.8125, 23.3281, 24.5469]], device='cuda:0',
       dtype=torch.float16, grad_fn=<MmBackward>)
[2023-01-17 23:48:06,980][__main__][INFO] - parameters: Parameter containing:
tensor([[-0.1000, -0.4917, -1.1373,  0.6048, -0.1579,  1.0158, -0.5159, -0.0356,
         -1.1420, -0.4682]], requires_grad=True)
[2023-01-17 23:48:06,980][__main__][INFO] - scores: tensor([[24.7500, 25.1875, 23.7344, 23.3750, 24.6562]], device='cuda:0',
       dtype=torch.float16, grad_fn=<MmBackward>)
[2023-01-17 23:48:07,133][__main__][INFO] - parameters: Parameter containing:
tensor([[-0.0919, -0.5261, -1.1518,  0.5926, -0.1896,  1.0217, -0.5486, -0.0407,
         -1.1553, -0.4745]], requires_grad=True)
[2023-01-17 23:48:07,134][__main__][INFO] - scores: tensor([[24.7500, 25.1875, 23.7812, 23.3281, 24.6562]], device='cuda:0',
       dtype=torch.float16, grad_fn=<MmBackward>)
[2023-01-17 23:48:07,292][__main__][INFO] - parameters: Parameter containing:
tensor([[-0.0713, -0.5543, -1.1607,  0.5716, -0.2219,  1.0128, -0.5755, -0.0435,
         -1.1614, -0.4833]], requires_grad=True)
[2023-01-17 23:48:07,293][__main__][INFO] - scores: tensor([[24.7969, 25.2031, 23.8125, 23.3125, 24.5938]], device='cuda:0',
       dtype=torch.float16, grad_fn=<MmBackward>)
[2023-01-17 23:48:07,462][__main__][INFO] - parameters: Parameter containing:
tensor([[-0.0600, -0.5814, -1.1490,  0.5597, -0.2537,  1.0044, -0.5989, -0.0473,
         -1.1657, -0.5043]], requires_grad=True)
[2023-01-17 23:48:07,463][__main__][INFO] - scores: tensor([[24.8594, 25.2656, 23.8906, 23.2500, 24.5938]], device='cuda:0',
       dtype=torch.float16, grad_fn=<MmBackward>)
[2023-01-17 23:48:07,652][__main__][INFO] - parameters: Parameter containing:
tensor([[-0.0580, -0.6187, -1.1373,  0.5584, -0.2935,  1.0050, -0.6303, -0.0461,
         -1.1778, -0.5265]], requires_grad=True)
[2023-01-17 23:48:07,653][__main__][INFO] - scores: tensor([[24.8438, 25.3594, 23.9688, 23.2344, 24.5625]], device='cuda:0',
       dtype=torch.float16, grad_fn=<MmBackward>)
[2023-01-17 23:48:07,812][__main__][INFO] - parameters: Parameter containing:
tensor([[-0.0574, -0.6538, -1.1282,  0.5570, -0.3309,  1.0042, -0.6607, -0.0517,
         -1.1899, -0.5513]], requires_grad=True)
[2023-01-17 23:48:07,813][__main__][INFO] - scores: tensor([[24.8594, 25.4844, 23.9688, 23.3281, 24.6562]], device='cuda:0',
       dtype=torch.float16, grad_fn=<MmBackward>)
[2023-01-17 23:48:07,983][__main__][INFO] - parameters: Parameter containing:
tensor([[-0.0734, -0.7012, -1.1282,  0.5708, -0.3704,  1.0263, -0.6977, -0.0602,
         -1.2177, -0.5776]], requires_grad=True)
[2023-01-17 23:48:07,984][__main__][INFO] - scores: tensor([[24.6562, 25.4219, 23.8750, 23.2188, 24.3594]], device='cuda:0',
       dtype=torch.float16, grad_fn=<MmBackward>)
[2023-01-17 23:48:08,184][__main__][INFO] - parameters: Parameter containing:
tensor([[-0.0894, -0.7462, -1.1244,  0.5841, -0.4089,  1.0398, -0.7304, -0.0726,
         -1.2406, -0.6115]], requires_grad=True)
[2023-01-17 23:48:08,185][__main__][INFO] - scores: tensor([[24.7656, 25.4219, 23.9219, 23.2188, 24.4531]], device='cuda:0',
       dtype=torch.float16, grad_fn=<MmBackward>)
[2023-01-17 23:48:08,358][__main__][INFO] - parameters: Parameter containing:
tensor([[-0.0859, -0.7681, -1.1126,  0.5816, -0.4354,  1.0317, -0.7424, -0.0743,
         -1.2419, -0.6392]], requires_grad=True)
[2023-01-17 23:48:08,360][__main__][INFO] - scores: tensor([[24.6250, 25.4375, 23.8594, 23.0469, 24.4688]], device='cuda:0',
       dtype=torch.float16, grad_fn=<MmBackward>)
[2023-01-17 23:48:08,516][__main__][INFO] - parameters: Parameter containing:
tensor([[-0.0911, -0.7939, -1.0880,  0.5896, -0.4647,  1.0288, -0.7583, -0.0863,
         -1.2550, -0.6777]], requires_grad=True)
[2023-01-17 23:48:08,517][__main__][INFO] - scores: tensor([[24.7188, 25.5000, 23.8281, 23.0781, 24.5781]], device='cuda:0',
       dtype=torch.float16, grad_fn=<MmBackward>)
[2023-01-17 23:48:08,704][__main__][INFO] - parameters: Parameter containing:
tensor([[-0.0874, -0.8225, -1.0431,  0.5990, -0.5118,  1.0129, -0.7795, -0.0952,
         -1.2647, -0.7190]], requires_grad=True)
[2023-01-17 23:48:08,705][__main__][INFO] - scores: tensor([[24.7188, 25.4531, 23.8281, 23.0625, 24.6250]], device='cuda:0',
       dtype=torch.float16, grad_fn=<MmBackward>)
[2023-01-17 23:48:08,880][__main__][INFO] - parameters: Parameter containing:
tensor([[-0.0745, -0.8591, -1.0211,  0.6121, -0.5705,  1.0030, -0.8130, -0.1020,
         -1.2855, -0.7431]], requires_grad=True)
[2023-01-17 23:48:08,881][__main__][INFO] - scores: tensor([[24.5938, 25.3594, 23.6562, 23.0156, 24.5312]], device='cuda:0',
       dtype=torch.float16, grad_fn=<MmBackward>)
[2023-01-17 23:48:09,047][__main__][INFO] - parameters: Parameter containing:
tensor([[-0.0699, -0.8888, -1.0157,  0.6192, -0.6049,  1.0108, -0.8380, -0.1053,
         -1.3026, -0.7528]], requires_grad=True)
[2023-01-17 23:48:09,048][__main__][INFO] - scores: tensor([[24.5781, 25.3125, 23.6406, 23.0469, 24.4531]], device='cuda:0',
       dtype=torch.float16, grad_fn=<MmBackward>)
[2023-01-17 23:48:09,233][__main__][INFO] - parameters: Parameter containing:
tensor([[-0.0480, -0.8947, -0.9913,  0.6165, -0.6297,  0.9982, -0.8337, -0.1044,
         -1.3011, -0.7474]], requires_grad=True)
[2023-01-17 23:48:09,234][__main__][INFO] - scores: tensor([[24.5469, 25.3281, 23.7188, 23.0625, 24.5000]], device='cuda:0',
       dtype=torch.float16, grad_fn=<MmBackward>)
[2023-01-17 23:48:09,388][__main__][INFO] - parameters: Parameter containing:
tensor([[-0.0630, -0.9409, -0.9515,  0.6334, -0.6891,  0.9988, -0.8575, -0.1211,
         -1.3316, -0.7552]], requires_grad=True)
[2023-01-17 23:48:09,389][__main__][INFO] - scores: tensor([[24.5000, 25.2344, 23.6875, 23.0000, 24.3594]], device='cuda:0',
       dtype=torch.float16, grad_fn=<MmBackward>)
[2023-01-17 23:48:09,553][__main__][INFO] - parameters: Parameter containing:
tensor([[-0.0858, -0.9934, -0.9265,  0.6555, -0.7518,  1.0101, -0.8839, -0.1384,
         -1.3627, -0.7591]], requires_grad=True)
[2023-01-17 23:48:09,554][__main__][INFO] - scores: tensor([[24.5625, 25.2656, 23.7188, 23.0156, 24.3125]], device='cuda:0',
       dtype=torch.float16, grad_fn=<MmBackward>)
[2023-01-17 23:48:09,714][__main__][INFO] - parameters: Parameter containing:
tensor([[-0.1175, -1.0433, -0.9198,  0.6751, -0.7961,  1.0329, -0.9030, -0.1390,
         -1.3912, -0.7491]], requires_grad=True)
[2023-01-17 23:48:09,715][__main__][INFO] - scores: tensor([[24.6562, 25.4062, 23.8125, 22.9844, 24.2969]], device='cuda:0',
       dtype=torch.float16, grad_fn=<MmBackward>)
[2023-01-17 23:48:09,903][__main__][INFO] - parameters: Parameter containing:
tensor([[-0.1255, -1.0985, -0.9169,  0.6786, -0.8507,  1.0511, -0.9376, -0.1258,
         -1.4388, -0.7236]], requires_grad=True)
[2023-01-17 23:48:09,903][__main__][INFO] - scores: tensor([[24.4531, 25.3594, 23.7031, 22.7969, 24.1875]], device='cuda:0',
       dtype=torch.float16, grad_fn=<MmBackward>)
[2023-01-17 23:48:10,069][__main__][INFO] - parameters: Parameter containing:
tensor([[-0.1235, -1.1524, -0.8810,  0.6934, -0.9215,  1.0521, -0.9754, -0.1186,
         -1.4795, -0.7028]], requires_grad=True)
[2023-01-17 23:48:10,070][__main__][INFO] - scores: tensor([[24.5781, 25.4375, 23.8281, 22.7500, 24.1875]], device='cuda:0',
       dtype=torch.float16, grad_fn=<MmBackward>)
[2023-01-17 23:48:10,233][__main__][INFO] - parameters: Parameter containing:
tensor([[-0.1245, -1.2049, -0.8707,  0.7023, -0.9767,  1.0588, -0.9978, -0.0969,
         -1.4929, -0.6800]], requires_grad=True)
[2023-01-17 23:48:10,234][__main__][INFO] - scores: tensor([[24.3281, 25.4062, 23.6875, 22.7031, 24.2812]], device='cuda:0',
       dtype=torch.float16, grad_fn=<MmBackward>)
[2023-01-17 23:48:10,423][__main__][INFO] - parameters: Parameter containing:
tensor([[-0.1427, -1.2594, -0.8533,  0.7300, -1.0277,  1.0775, -1.0163, -0.0886,
         -1.5093, -0.6779]], requires_grad=True)
[2023-01-17 23:48:10,424][__main__][INFO] - scores: tensor([[24.4219, 25.4531, 23.7969, 22.9844, 24.4062]], device='cuda:0',
       dtype=torch.float16, grad_fn=<MmBackward>)
[2023-01-17 23:48:10,585][__main__][INFO] - parameters: Parameter containing:
tensor([[-0.1741, -1.3069, -0.8462,  0.7761, -1.0612,  1.1252, -1.0387, -0.0535,
         -1.5304, -0.6557]], requires_grad=True)
[2023-01-17 23:48:10,586][__main__][INFO] - scores: tensor([[24.2812, 25.3281, 23.7344, 22.8750, 24.5469]], device='cuda:0',
       dtype=torch.float16, grad_fn=<MmBackward>)
[2023-01-17 23:48:10,774][__main__][INFO] - parameters: Parameter containing:
tensor([[-0.2082, -1.3650, -0.8435,  0.8145, -1.1083,  1.1648, -1.0696, -0.0261,
         -1.5549, -0.6418]], requires_grad=True)
[2023-01-17 23:48:10,775][__main__][INFO] - scores: tensor([[24.3438, 25.3594, 23.8125, 22.8281, 24.6562]], device='cuda:0',
       dtype=torch.float16, grad_fn=<MmBackward>)
[2023-01-17 23:48:10,959][__main__][INFO] - parameters: Parameter containing:
tensor([[-0.2193, -1.4096, -0.8424,  0.8448, -1.1519,  1.1860, -1.0906, -0.0043,
         -1.5756, -0.6383]], requires_grad=True)
[2023-01-17 23:48:10,960][__main__][INFO] - scores: tensor([[24.2656, 25.2656, 23.7969, 22.8125, 24.7812]], device='cuda:0',
       dtype=torch.float16, grad_fn=<MmBackward>)
[2023-01-17 23:48:11,135][__main__][INFO] - parameters: Parameter containing:
tensor([[-0.2350, -1.4120, -0.8245,  0.8743, -1.1548,  1.1825, -1.0694, -0.0254,
         -1.5467, -0.6548]], requires_grad=True)
[2023-01-17 23:48:11,136][__main__][INFO] - scores: tensor([[24.1875, 25.2344, 23.6875, 22.5938, 24.2344]], device='cuda:0',
       dtype=torch.float16, grad_fn=<MmBackward>)
[2023-01-17 23:48:11,331][__main__][INFO] - parameters: Parameter containing:
tensor([[-0.2747, -1.4193, -0.8401,  0.8952, -1.1313,  1.1954, -1.0373, -0.0794,
         -1.5222, -0.6881]], requires_grad=True)
[2023-01-17 23:48:11,332][__main__][INFO] - scores: tensor([[24.2031, 25.2969, 23.7500, 22.6094, 24.2969]], device='cuda:0',
       dtype=torch.float16, grad_fn=<MmBackward>)
[2023-01-17 23:48:11,488][__main__][INFO] - parameters: Parameter containing:
tensor([[-0.2938, -1.4221, -0.8465,  0.9164, -1.1153,  1.2087, -1.0081, -0.1212,
         -1.5025, -0.7319]], requires_grad=True)
[2023-01-17 23:48:11,489][__main__][INFO] - scores: tensor([[24.2500, 25.3281, 23.8281, 22.7812, 24.4844]], device='cuda:0',
       dtype=torch.float16, grad_fn=<MmBackward>)
[2023-01-17 23:48:11,653][__main__][INFO] - parameters: Parameter containing:
tensor([[-0.3255, -1.4247, -0.8516,  0.9511, -1.0980,  1.2353, -0.9788, -0.1637,
         -1.4777, -0.7707]], requires_grad=True)
[2023-01-17 23:48:11,654][__main__][INFO] - scores: tensor([[24.2812, 25.3750, 23.8594, 22.8125, 24.5000]], device='cuda:0',
       dtype=torch.float16, grad_fn=<MmBackward>)
[2023-01-17 23:48:11,819][__main__][INFO] - parameters: Parameter containing:
tensor([[-0.3799, -1.4044, -0.8518,  0.9856, -1.0466,  1.2578, -0.9153, -0.2389,
         -1.4220, -0.8173]], requires_grad=True)
[2023-01-17 23:48:11,820][__main__][INFO] - scores: tensor([[24.2500, 25.3125, 23.7656, 22.7812, 24.4219]], device='cuda:0',
       dtype=torch.float16, grad_fn=<MmBackward>)
[2023-01-17 23:48:11,978][__main__][INFO] - parameters: Parameter containing:
tensor([[-0.4313, -1.3863, -0.8414,  1.0178, -1.0017,  1.2811, -0.8554, -0.3077,
         -1.3707, -0.8559]], requires_grad=True)
[2023-01-17 23:48:11,979][__main__][INFO] - scores: tensor([[24.2812, 25.4219, 23.8438, 22.8125, 24.6875]], device='cuda:0',
       dtype=torch.float16, grad_fn=<MmBackward>)
[2023-01-17 23:48:12,151][__main__][INFO] - parameters: Parameter containing:
tensor([[-0.5026, -1.3852, -0.8154,  1.0695, -0.9737,  1.3180, -0.8080, -0.3744,
         -1.3437, -0.9021]], requires_grad=True)
[2023-01-17 23:48:12,152][__main__][INFO] - scores: tensor([[24.3125, 25.4219, 23.9062, 22.8438, 24.6406]], device='cuda:0',
       dtype=torch.float16, grad_fn=<MmBackward>)
[2023-01-17 23:48:12,318][__main__][INFO] - parameters: Parameter containing:
tensor([[-0.5874, -1.3840, -0.7890,  1.1296, -0.9380,  1.3609, -0.7572, -0.4530,
         -1.3148, -0.9453]], requires_grad=True)
[2023-01-17 23:48:12,319][__main__][INFO] - scores: tensor([[24.3125, 25.4062, 23.8438, 22.7812, 24.6406]], device='cuda:0',
       dtype=torch.float16, grad_fn=<MmBackward>)
[2023-01-17 23:48:12,517][__main__][INFO] - parameters: Parameter containing:
tensor([[-0.6574, -1.3879, -0.7595,  1.1860, -0.9123,  1.4074, -0.7136, -0.5010,
         -1.3025, -0.9833]], requires_grad=True)
[2023-01-17 23:48:12,518][__main__][INFO] - scores: tensor([[24.2812, 25.4062, 23.8438, 22.8125, 24.6719]], device='cuda:0',
       dtype=torch.float16, grad_fn=<MmBackward>)
[2023-01-17 23:48:12,672][__main__][INFO] - parameters: Parameter containing:
tensor([[-0.7170, -1.3887, -0.7385,  1.2377, -0.8888,  1.4514, -0.6687, -0.5415,
         -1.2964, -0.9972]], requires_grad=True)
[2023-01-17 23:48:12,673][__main__][INFO] - scores: tensor([[24.2812, 25.3750, 23.7812, 22.6250, 24.5625]], device='cuda:0',
       dtype=torch.float16, grad_fn=<MmBackward>)
[2023-01-17 23:48:12,844][__main__][INFO] - parameters: Parameter containing:
tensor([[-0.7735, -1.3982, -0.7149,  1.3011, -0.8855,  1.4906, -0.6294, -0.5747,
         -1.3067, -1.0182]], requires_grad=True)
[2023-01-17 23:48:12,845][__main__][INFO] - scores: tensor([[24.2969, 25.3750, 23.8594, 22.7344, 24.6094]], device='cuda:0',
       dtype=torch.float16, grad_fn=<MmBackward>)
[2023-01-17 23:48:13,013][__main__][INFO] - parameters: Parameter containing:
tensor([[-0.7999, -1.4135, -0.7060,  1.3306, -0.8857,  1.5394, -0.6159, -0.5837,
         -1.3359, -1.0049]], requires_grad=True)
[2023-01-17 23:48:13,014][__main__][INFO] - scores: tensor([[24.2656, 25.2812, 23.8125, 22.5469, 24.3906]], device='cuda:0',
       dtype=torch.float16, grad_fn=<MmBackward>)
[2023-01-17 23:48:13,168][__main__][INFO] - parameters: Parameter containing:
tensor([[-0.8374, -1.4284, -0.6923,  1.3767, -0.8871,  1.5908, -0.6030, -0.5624,
         -1.3265, -0.9641]], requires_grad=True)
[2023-01-17 23:48:13,169][__main__][INFO] - scores: tensor([[24.2656, 25.2812, 23.7656, 22.3906, 24.1406]], device='cuda:0',
       dtype=torch.float16, grad_fn=<MmBackward>)
[2023-01-17 23:48:13,352][__main__][INFO] - parameters: Parameter containing:
tensor([[-0.8878, -1.4532, -0.6321,  1.4357, -0.9166,  1.6280, -0.5976, -0.5286,
         -1.3203, -0.9312]], requires_grad=True)
[2023-01-17 23:48:13,352][__main__][INFO] - scores: tensor([[24.3281, 25.3438, 23.7969, 22.4375, 24.1875]], device='cuda:0',
       dtype=torch.float16, grad_fn=<MmBackward>)
[2023-01-17 23:48:13,515][__main__][INFO] - parameters: Parameter containing:
tensor([[-0.9364, -1.4758, -0.5932,  1.4788, -0.9287,  1.6685, -0.5930, -0.5074,
         -1.3157, -0.9088]], requires_grad=True)
[2023-01-17 23:48:13,516][__main__][INFO] - scores: tensor([[24.3125, 25.3125, 23.8906, 22.7969, 24.7344]], device='cuda:0',
       dtype=torch.float16, grad_fn=<MmBackward>)
[2023-01-17 23:48:13,678][__main__][INFO] - parameters: Parameter containing:
tensor([[-0.9732, -1.4875, -0.5634,  1.4990, -0.9284,  1.6943, -0.5755, -0.4899,
         -1.3017, -0.8841]], requires_grad=True)
[2023-01-17 23:48:13,679][__main__][INFO] - scores: tensor([[24.3281, 25.3594, 23.9219, 22.8594, 24.9062]], device='cuda:0',
       dtype=torch.float16, grad_fn=<MmBackward>)
[2023-01-17 23:48:13,848][__main__][INFO] - parameters: Parameter containing:
tensor([[-1.0045, -1.5010, -0.5308,  1.5216, -0.9389,  1.7103, -0.5584, -0.4702,
         -1.2877, -0.8566]], requires_grad=True)
[2023-01-17 23:48:13,850][__main__][INFO] - scores: tensor([[24.3125, 25.2656, 23.9062, 22.9219, 24.7500]], device='cuda:0',
       dtype=torch.float16, grad_fn=<MmBackward>)
[2023-01-17 23:48:14,034][__main__][INFO] - parameters: Parameter containing:
tensor([[-1.0378, -1.5136, -0.4957,  1.5517, -0.9510,  1.7334, -0.5423, -0.4436,
         -1.2760, -0.8278]], requires_grad=True)
[2023-01-17 23:48:14,035][__main__][INFO] - scores: tensor([[24.2500, 25.2500, 23.8906, 22.9688, 24.7969]], device='cuda:0',
       dtype=torch.float16, grad_fn=<MmBackward>)
[2023-01-17 23:48:14,234][__main__][INFO] - parameters: Parameter containing:
tensor([[-1.0819, -1.5302, -0.4548,  1.5830, -0.9637,  1.7567, -0.5225, -0.4235,
         -1.2655, -0.8059]], requires_grad=True)
[2023-01-17 23:48:14,235][__main__][INFO] - scores: tensor([[24.2344, 25.3438, 23.9375, 23.0000, 24.8125]], device='cuda:0',
       dtype=torch.float16, grad_fn=<MmBackward>)
[2023-01-17 23:48:14,402][__main__][INFO] - parameters: Parameter containing:
tensor([[-1.1070, -1.5513, -0.4339,  1.5983, -0.9806,  1.7804, -0.5177, -0.3808,
         -1.2614, -0.7732]], requires_grad=True)
[2023-01-17 23:48:14,403][__main__][INFO] - scores: tensor([[24.0938, 25.3281, 23.8594, 22.8906, 24.5312]], device='cuda:0',
       dtype=torch.float16, grad_fn=<MmBackward>)
[2023-01-17 23:48:14,564][__main__][INFO] - parameters: Parameter containing:
tensor([[-1.1280, -1.5593, -0.4178,  1.6079, -0.9872,  1.7921, -0.4978, -0.3503,
         -1.2477, -0.7370]], requires_grad=True)
[2023-01-17 23:48:14,565][__main__][INFO] - scores: tensor([[24.1875, 25.3906, 23.8750, 22.9375, 24.6875]], device='cuda:0',
       dtype=torch.float16, grad_fn=<MmBackward>)
[2023-01-17 23:48:14,747][__main__][INFO] - parameters: Parameter containing:
tensor([[-1.1543, -1.5675, -0.4063,  1.6188, -0.9898,  1.8078, -0.4781, -0.3232,
         -1.2323, -0.6998]], requires_grad=True)
[2023-01-17 23:48:14,748][__main__][INFO] - scores: tensor([[24.1719, 25.3750, 23.8438, 22.9219, 24.6719]], device='cuda:0',
       dtype=torch.float16, grad_fn=<MmBackward>)
[2023-01-17 23:48:14,934][__main__][INFO] - parameters: Parameter containing:
tensor([[-1.1751, -1.5747, -0.3948,  1.6315, -0.9915,  1.8300, -0.4666, -0.2869,
         -1.2206, -0.6564]], requires_grad=True)
[2023-01-17 23:48:14,935][__main__][INFO] - scores: tensor([[24.1719, 25.3750, 23.9219, 22.9219, 24.7344]], device='cuda:0',
       dtype=torch.float16, grad_fn=<MmBackward>)
