[2023-01-28 21:04:59,753][__main__][INFO] - Processing 3_female.jpg...

[2023-01-28 21:05:33,235][__main__][INFO] - Processing 6_male.jpg...

[2023-01-28 21:06:07,339][__main__][INFO] - Processing 5_female.jpg...

[2023-01-28 21:06:40,589][__main__][INFO] - Processing 18_female.jpg...

[2023-01-28 21:07:13,136][__main__][INFO] - Processing 20_male.jpg...

[2023-01-28 21:07:45,711][__main__][INFO] - Processing 8_male.jpg...

[2023-01-28 21:08:18,806][__main__][INFO] - Processing 12_female.jpg...

[2023-01-28 21:08:51,789][__main__][INFO] - Processing 11_male.jpg...

[2023-01-28 21:09:25,648][__main__][INFO] - Processing 0_female.jpg...

[2023-01-28 21:09:59,623][__main__][INFO] - Processing test_image2shape.png...

[2023-01-28 21:10:32,206][__main__][INFO] - Processing 19_male.jpg...

[2023-01-28 21:11:05,829][__main__][INFO] - Processing 15_female.jpg...

[2023-01-28 21:11:39,401][__main__][INFO] - Processing fat_woman.jpeg...

[2023-01-28 21:12:12,463][__main__][INFO] - Processing 13_female.jpg...

[2023-01-28 21:12:45,050][__main__][INFO] - Processing the_rock.jpeg...

[2023-01-28 21:13:17,198][__main__][INFO] - Processing lizzo.jpg...

[2023-01-28 21:13:49,731][__main__][INFO] - Processing zju_mocap.jpg...

[2023-01-28 21:14:21,759][__main__][INFO] - Processing 4_male.jpg...

[2023-01-28 21:14:54,978][__main__][INFO] - Processing 16_male.jpg...

[2023-01-28 21:15:29,271][__main__][INFO] - Processing 21_male.jpg...

[2023-01-28 21:16:03,138][__main__][INFO] - Processing 14_male.jpg...

[2023-01-28 21:16:37,561][__main__][INFO] - Processing 7_female.jpg...

[2023-01-28 21:17:11,756][__main__][INFO] - Processing 1_female.jpg...

[2023-01-28 21:17:45,336][__main__][INFO] - Processing 9_female.jpg...

[2023-01-28 21:18:19,354][__main__][INFO] - Processing 10_male.jpg...

[2023-01-28 21:18:53,646][__main__][INFO] - Processing 17_female.jpg...

[2023-01-28 21:19:27,712][__main__][INFO] - Processing 2_female.jpg...

