[2023-02-17 17:23:29,732][__main__][INFO] - Starting descriptors ablation for smplx neutral model
[2023-02-17 17:23:29,732][__main__][INFO] - Starting with 2 descriptors
[2023-02-17 17:23:35,816][__main__][INFO] - Chosen descriptors: ['fat', 'masculine']
[2023-02-17 17:23:35,816][__main__][INFO] - Starting training
[2023-02-17 17:23:35,948][clip2mesh.optimizations.train_mapper][INFO] - Instantiating callback <pytorch_lightning.callbacks.ModelCheckpoint>
[2023-02-17 17:23:35,949][clip2mesh.optimizations.train_mapper][INFO] - dataloader batch size: 200
[2023-02-17 17:23:35,949][clip2mesh.optimizations.train_mapper][INFO] - tensorboard run name: smplx_neutral_2_descriptors
[2023-02-17 17:23:35,949][clip2mesh.optimizations.train_mapper][INFO] - instantiating model
[2023-02-17 17:23:35,954][clip2mesh.optimizations.train_mapper][INFO] - training model
[2023-02-17 17:24:05,079][clip2mesh.optimizations.train_mapper][INFO] - finished training in 29.262880563735962 seconds
[2023-02-17 17:24:05,080][__main__][INFO] - Starting evaluation
[2023-02-17 17:24:07,209][clip2mesh.data_management.data_observation.evaluate_performance][INFO] - IOU: 0.402348224513173 | Overlap: 0.4721352536005009
[2023-02-17 17:24:07,214][__main__][INFO] - Finished with 2 descriptors
[2023-02-17 17:24:07,214][__main__][INFO] - Starting with 5 descriptors
[2023-02-17 17:24:10,607][__main__][INFO] - Chosen descriptors: ['fat', 'masculine', 'hourglass', 'tall', 'curvy']
[2023-02-17 17:24:10,607][__main__][INFO] - Starting training
[2023-02-17 17:24:10,637][clip2mesh.optimizations.train_mapper][INFO] - Instantiating callback <pytorch_lightning.callbacks.ModelCheckpoint>
[2023-02-17 17:24:10,638][clip2mesh.optimizations.train_mapper][INFO] - dataloader batch size: 200
[2023-02-17 17:24:10,639][clip2mesh.optimizations.train_mapper][INFO] - tensorboard run name: smplx_neutral_5_descriptors
[2023-02-17 17:24:10,639][clip2mesh.optimizations.train_mapper][INFO] - instantiating model
[2023-02-17 17:24:10,647][clip2mesh.optimizations.train_mapper][INFO] - training model
[2023-02-17 17:24:37,814][clip2mesh.optimizations.train_mapper][INFO] - finished training in 27.206652879714966 seconds
[2023-02-17 17:24:37,815][__main__][INFO] - Starting evaluation
[2023-02-17 17:24:41,302][clip2mesh.data_management.data_observation.evaluate_performance][INFO] - IOU: 0.5207140129820542 | Overlap: 0.7679315919339743
[2023-02-17 17:24:41,306][__main__][INFO] - Finished with 5 descriptors
[2023-02-17 17:24:41,306][__main__][INFO] - Starting with 10 descriptors
[2023-02-17 17:24:44,767][__main__][INFO] - Chosen descriptors: ['fat', 'masculine', 'hourglass', 'skinny', 'long legs', 'big', 'tall', 'curvy', 'narrow waist', 'pear shaped']
[2023-02-17 17:24:44,767][__main__][INFO] - Starting training
[2023-02-17 17:24:44,797][clip2mesh.optimizations.train_mapper][INFO] - Instantiating callback <pytorch_lightning.callbacks.ModelCheckpoint>
[2023-02-17 17:24:44,799][clip2mesh.optimizations.train_mapper][INFO] - dataloader batch size: 200
[2023-02-17 17:24:44,799][clip2mesh.optimizations.train_mapper][INFO] - tensorboard run name: smplx_neutral_10_descriptors
[2023-02-17 17:24:44,799][clip2mesh.optimizations.train_mapper][INFO] - instantiating model
[2023-02-17 17:24:44,805][clip2mesh.optimizations.train_mapper][INFO] - training model
[2023-02-17 17:25:15,437][clip2mesh.optimizations.train_mapper][INFO] - finished training in 30.669007539749146 seconds
[2023-02-17 17:25:15,437][__main__][INFO] - Starting evaluation
[2023-02-17 17:25:22,212][clip2mesh.data_management.data_observation.evaluate_performance][INFO] - IOU: 0.5188048873615884 | Overlap: 0.8703761119988552
[2023-02-17 17:25:22,216][__main__][INFO] - Finished with 10 descriptors
[2023-02-17 17:25:22,216][__main__][INFO] - Starting with 15 descriptors
[2023-02-17 17:25:25,739][__main__][INFO] - Chosen descriptors: ['fat', 'masculine', 'hourglass', 'skinny', 'long legs', 'big', 'stocky', 'round apple', 'long torso', 'long', 'sturdy', 'tall', 'curvy', 'narrow waist', 'pear shaped']
[2023-02-17 17:25:25,739][__main__][INFO] - Starting training
[2023-02-17 17:25:25,771][clip2mesh.optimizations.train_mapper][INFO] - Instantiating callback <pytorch_lightning.callbacks.ModelCheckpoint>
[2023-02-17 17:25:25,772][clip2mesh.optimizations.train_mapper][INFO] - dataloader batch size: 200
[2023-02-17 17:25:25,773][clip2mesh.optimizations.train_mapper][INFO] - tensorboard run name: smplx_neutral_15_descriptors
[2023-02-17 17:25:25,774][clip2mesh.optimizations.train_mapper][INFO] - instantiating model
[2023-02-17 17:25:25,782][clip2mesh.optimizations.train_mapper][INFO] - training model
[2023-02-17 17:25:59,508][clip2mesh.optimizations.train_mapper][INFO] - finished training in 33.766743183135986 seconds
[2023-02-17 17:25:59,508][__main__][INFO] - Starting evaluation
[2023-02-17 17:26:09,187][clip2mesh.data_management.data_observation.evaluate_performance][INFO] - IOU: 0.5246277205040092 | Overlap: 0.9132000379039136
[2023-02-17 17:26:09,190][__main__][INFO] - Finished with 15 descriptors
[2023-02-17 17:26:09,190][__main__][INFO] - Starting with 20 descriptors
[2023-02-17 17:26:12,637][__main__][INFO] - Chosen descriptors: ['fat', 'masculine', 'hourglass', 'skinny', 'long legs', 'big', 'stocky', 'round apple', 'long torso', 'long', 'sturdy', 'muscular', 'rectangular', 'sexy', 'tall', 'curvy', 'narrow waist', 'pear shaped', 'petite', 'proportioned']
[2023-02-17 17:26:12,637][__main__][INFO] - Starting training
[2023-02-17 17:26:12,668][clip2mesh.optimizations.train_mapper][INFO] - Instantiating callback <pytorch_lightning.callbacks.ModelCheckpoint>
[2023-02-17 17:26:12,669][clip2mesh.optimizations.train_mapper][INFO] - dataloader batch size: 200
[2023-02-17 17:26:12,670][clip2mesh.optimizations.train_mapper][INFO] - tensorboard run name: smplx_neutral_20_descriptors
[2023-02-17 17:26:12,670][clip2mesh.optimizations.train_mapper][INFO] - instantiating model
[2023-02-17 17:26:12,677][clip2mesh.optimizations.train_mapper][INFO] - training model
[2023-02-17 17:26:49,619][clip2mesh.optimizations.train_mapper][INFO] - finished training in 36.97991371154785 seconds
[2023-02-17 17:26:49,619][__main__][INFO] - Starting evaluation
[2023-02-17 17:27:02,459][clip2mesh.data_management.data_observation.evaluate_performance][INFO] - IOU: 0.521954944635357 | Overlap: 0.9299360608895096
[2023-02-17 17:27:02,462][__main__][INFO] - Finished with 20 descriptors
[2023-02-17 17:27:02,462][__main__][INFO] - Finished descriptors ablation for smplx neutral
