[2023-01-03 11:01:02,209][__main__][INFO] - Optimizing for fat...
[2023-01-03 11:01:02,212][__main__][INFO] - Phase: regular
[2023-01-03 11:01:39,160][__main__][INFO] - Phase: inverse
[2023-01-03 11:02:14,021][__main__][INFO] - Optimizing for thin...
[2023-01-03 11:02:14,025][__main__][INFO] - File /home/nadav2/dev/data/CLIP2Shape/outs/vertices_heatmap/optimizations/smplx_multiview/thin/thin.npy already exists. Skipping...
[2023-01-03 11:02:14,025][__main__][INFO] - File /home/nadav2/dev/data/CLIP2Shape/outs/vertices_heatmap/optimizations/smplx_multiview/thin/thin_inverse.npy already exists. Skipping...
[2023-01-03 11:02:14,025][__main__][INFO] - Optimizing for muscular...
[2023-01-03 11:02:14,026][__main__][INFO] - File /home/nadav2/dev/data/CLIP2Shape/outs/vertices_heatmap/optimizations/smplx_multiview/muscular/muscular.npy already exists. Skipping...
[2023-01-03 11:02:14,026][__main__][INFO] - File /home/nadav2/dev/data/CLIP2Shape/outs/vertices_heatmap/optimizations/smplx_multiview/muscular/muscular_inverse.npy already exists. Skipping...
[2023-01-03 11:02:14,026][__main__][INFO] - Optimizing for short...
[2023-01-03 11:02:14,027][__main__][INFO] - File /home/nadav2/dev/data/CLIP2Shape/outs/vertices_heatmap/optimizations/smplx_multiview/short/short.npy already exists. Skipping...
[2023-01-03 11:02:14,027][__main__][INFO] - File /home/nadav2/dev/data/CLIP2Shape/outs/vertices_heatmap/optimizations/smplx_multiview/short/short_inverse.npy already exists. Skipping...
[2023-01-03 11:02:14,027][__main__][INFO] - Optimizing for long legs...
[2023-01-03 11:02:14,027][__main__][INFO] - File /home/nadav2/dev/data/CLIP2Shape/outs/vertices_heatmap/optimizations/smplx_multiview/long legs/long legs.npy already exists. Skipping...
[2023-01-03 11:02:14,027][__main__][INFO] - File /home/nadav2/dev/data/CLIP2Shape/outs/vertices_heatmap/optimizations/smplx_multiview/long legs/long legs_inverse.npy already exists. Skipping...
[2023-01-03 11:02:14,027][__main__][INFO] - Optimizing for narrow waist...
[2023-01-03 11:02:14,028][__main__][INFO] - File /home/nadav2/dev/data/CLIP2Shape/outs/vertices_heatmap/optimizations/smplx_multiview/narrow waist/narrow waist.npy already exists. Skipping...
[2023-01-03 11:02:14,028][__main__][INFO] - File /home/nadav2/dev/data/CLIP2Shape/outs/vertices_heatmap/optimizations/smplx_multiview/narrow waist/narrow waist_inverse.npy already exists. Skipping...
[2023-01-03 11:02:14,028][__main__][INFO] - Optimizing for skinny...
[2023-01-03 11:02:14,028][__main__][INFO] - File /home/nadav2/dev/data/CLIP2Shape/outs/vertices_heatmap/optimizations/smplx_multiview/skinny/skinny.npy already exists. Skipping...
[2023-01-03 11:02:14,029][__main__][INFO] - File /home/nadav2/dev/data/CLIP2Shape/outs/vertices_heatmap/optimizations/smplx_multiview/skinny/skinny_inverse.npy already exists. Skipping...
[2023-01-03 11:02:14,029][__main__][INFO] - Optimizing for tall...
[2023-01-03 11:02:14,029][__main__][INFO] - File /home/nadav2/dev/data/CLIP2Shape/outs/vertices_heatmap/optimizations/smplx_multiview/tall/tall.npy already exists. Skipping...
[2023-01-03 11:02:14,029][__main__][INFO] - File /home/nadav2/dev/data/CLIP2Shape/outs/vertices_heatmap/optimizations/smplx_multiview/tall/tall_inverse.npy already exists. Skipping...
[2023-01-03 11:02:14,029][__main__][INFO] - Optimizing for rectangular...
[2023-01-03 11:02:14,030][__main__][INFO] - File /home/nadav2/dev/data/CLIP2Shape/outs/vertices_heatmap/optimizations/smplx_multiview/rectangular/rectangular.npy already exists. Skipping...
[2023-01-03 11:02:14,030][__main__][INFO] - File /home/nadav2/dev/data/CLIP2Shape/outs/vertices_heatmap/optimizations/smplx_multiview/rectangular/rectangular_inverse.npy already exists. Skipping...
[2023-01-03 11:02:14,030][__main__][INFO] - Optimizing for pear shaped...
[2023-01-03 11:02:14,030][__main__][INFO] - File /home/nadav2/dev/data/CLIP2Shape/outs/vertices_heatmap/optimizations/smplx_multiview/pear shaped/pear shaped.npy already exists. Skipping...
[2023-01-03 11:02:14,030][__main__][INFO] - File /home/nadav2/dev/data/CLIP2Shape/outs/vertices_heatmap/optimizations/smplx_multiview/pear shaped/pear shaped_inverse.npy already exists. Skipping...
[2023-01-03 11:02:14,031][__main__][INFO] - Optimizing for average...
[2023-01-03 11:02:14,031][__main__][INFO] - File /home/nadav2/dev/data/CLIP2Shape/outs/vertices_heatmap/optimizations/smplx_multiview/average/average.npy already exists. Skipping...
[2023-01-03 11:02:14,031][__main__][INFO] - File /home/nadav2/dev/data/CLIP2Shape/outs/vertices_heatmap/optimizations/smplx_multiview/average/average_inverse.npy already exists. Skipping...
[2023-01-03 11:02:14,031][__main__][INFO] - Optimizing for big...
[2023-01-03 11:02:14,032][__main__][INFO] - File /home/nadav2/dev/data/CLIP2Shape/outs/vertices_heatmap/optimizations/smplx_multiview/big/big.npy already exists. Skipping...
[2023-01-03 11:02:14,032][__main__][INFO] - File /home/nadav2/dev/data/CLIP2Shape/outs/vertices_heatmap/optimizations/smplx_multiview/big/big_inverse.npy already exists. Skipping...
[2023-01-03 11:02:14,033][__main__][INFO] - Optimizing for curvy...
[2023-01-03 11:02:14,033][__main__][INFO] - File /home/nadav2/dev/data/CLIP2Shape/outs/vertices_heatmap/optimizations/smplx_multiview/curvy/curvy.npy already exists. Skipping...
[2023-01-03 11:02:14,033][__main__][INFO] - File /home/nadav2/dev/data/CLIP2Shape/outs/vertices_heatmap/optimizations/smplx_multiview/curvy/curvy_inverse.npy already exists. Skipping...
[2023-01-03 11:02:14,033][__main__][INFO] - Optimizing for lean...
[2023-01-03 11:02:14,034][__main__][INFO] - File /home/nadav2/dev/data/CLIP2Shape/outs/vertices_heatmap/optimizations/smplx_multiview/lean/lean.npy already exists. Skipping...
[2023-01-03 11:02:14,034][__main__][INFO] - File /home/nadav2/dev/data/CLIP2Shape/outs/vertices_heatmap/optimizations/smplx_multiview/lean/lean_inverse.npy already exists. Skipping...
[2023-01-03 11:02:14,034][__main__][INFO] - Optimizing for masculine...
[2023-01-03 11:02:14,035][__main__][INFO] - File /home/nadav2/dev/data/CLIP2Shape/outs/vertices_heatmap/optimizations/smplx_multiview/masculine/masculine.npy already exists. Skipping...
[2023-01-03 11:02:14,035][__main__][INFO] - File /home/nadav2/dev/data/CLIP2Shape/outs/vertices_heatmap/optimizations/smplx_multiview/masculine/masculine_inverse.npy already exists. Skipping...
[2023-01-03 11:02:14,035][__main__][INFO] - Optimizing for proportioned...
[2023-01-03 11:02:14,036][__main__][INFO] - File /home/nadav2/dev/data/CLIP2Shape/outs/vertices_heatmap/optimizations/smplx_multiview/proportioned/proportioned.npy already exists. Skipping...
[2023-01-03 11:02:14,036][__main__][INFO] - File /home/nadav2/dev/data/CLIP2Shape/outs/vertices_heatmap/optimizations/smplx_multiview/proportioned/proportioned_inverse.npy already exists. Skipping...
[2023-01-03 11:02:14,036][__main__][INFO] - Optimizing for stocky...
[2023-01-03 11:02:14,037][__main__][INFO] - File /home/nadav2/dev/data/CLIP2Shape/outs/vertices_heatmap/optimizations/smplx_multiview/stocky/stocky.npy already exists. Skipping...
[2023-01-03 11:02:14,037][__main__][INFO] - File /home/nadav2/dev/data/CLIP2Shape/outs/vertices_heatmap/optimizations/smplx_multiview/stocky/stocky_inverse.npy already exists. Skipping...
[2023-01-03 11:02:14,037][__main__][INFO] - Optimizing for sexy...
[2023-01-03 11:02:14,038][__main__][INFO] - File /home/nadav2/dev/data/CLIP2Shape/outs/vertices_heatmap/optimizations/smplx_multiview/sexy/sexy.npy already exists. Skipping...
[2023-01-03 11:02:14,038][__main__][INFO] - File /home/nadav2/dev/data/CLIP2Shape/outs/vertices_heatmap/optimizations/smplx_multiview/sexy/sexy_inverse.npy already exists. Skipping...
[2023-01-03 11:02:14,038][__main__][INFO] - Optimizing for sturdy...
[2023-01-03 11:02:14,039][__main__][INFO] - File /home/nadav2/dev/data/CLIP2Shape/outs/vertices_heatmap/optimizations/smplx_multiview/sturdy/sturdy.npy already exists. Skipping...
[2023-01-03 11:02:14,039][__main__][INFO] - File /home/nadav2/dev/data/CLIP2Shape/outs/vertices_heatmap/optimizations/smplx_multiview/sturdy/sturdy_inverse.npy already exists. Skipping...
[2023-01-03 11:02:14,039][__main__][INFO] - Optimizing for broad shoulders...
[2023-01-03 11:02:14,040][__main__][INFO] - File /home/nadav2/dev/data/CLIP2Shape/outs/vertices_heatmap/optimizations/smplx_multiview/broad shoulders/broad shoulders.npy already exists. Skipping...
[2023-01-03 11:02:14,040][__main__][INFO] - File /home/nadav2/dev/data/CLIP2Shape/outs/vertices_heatmap/optimizations/smplx_multiview/broad shoulders/broad shoulders_inverse.npy already exists. Skipping...
[2023-01-03 11:02:14,040][__main__][INFO] - Optimizing for fit...
[2023-01-03 11:02:14,041][__main__][INFO] - File /home/nadav2/dev/data/CLIP2Shape/outs/vertices_heatmap/optimizations/smplx_multiview/fit/fit.npy already exists. Skipping...
[2023-01-03 11:02:14,041][__main__][INFO] - File /home/nadav2/dev/data/CLIP2Shape/outs/vertices_heatmap/optimizations/smplx_multiview/fit/fit_inverse.npy already exists. Skipping...
[2023-01-03 11:02:14,041][__main__][INFO] - Optimizing for round apple...
[2023-01-03 11:02:14,041][__main__][INFO] - File /home/nadav2/dev/data/CLIP2Shape/outs/vertices_heatmap/optimizations/smplx_multiview/round apple/round apple.npy already exists. Skipping...
[2023-01-03 11:02:14,041][__main__][INFO] - File /home/nadav2/dev/data/CLIP2Shape/outs/vertices_heatmap/optimizations/smplx_multiview/round apple/round apple_inverse.npy already exists. Skipping...
[2023-01-03 11:02:14,041][__main__][INFO] - Optimizing for built...
[2023-01-03 11:02:14,042][__main__][INFO] - File /home/nadav2/dev/data/CLIP2Shape/outs/vertices_heatmap/optimizations/smplx_multiview/built/built.npy already exists. Skipping...
[2023-01-03 11:02:14,042][__main__][INFO] - File /home/nadav2/dev/data/CLIP2Shape/outs/vertices_heatmap/optimizations/smplx_multiview/built/built_inverse.npy already exists. Skipping...
[2023-01-03 11:02:14,042][__main__][INFO] - Optimizing for heavyset...
[2023-01-03 11:02:14,043][__main__][INFO] - File /home/nadav2/dev/data/CLIP2Shape/outs/vertices_heatmap/optimizations/smplx_multiview/heavyset/heavyset.npy already exists. Skipping...
[2023-01-03 11:02:14,043][__main__][INFO] - File /home/nadav2/dev/data/CLIP2Shape/outs/vertices_heatmap/optimizations/smplx_multiview/heavyset/heavyset_inverse.npy already exists. Skipping...
[2023-01-03 11:02:14,043][__main__][INFO] - Optimizing for petite...
[2023-01-03 11:02:14,043][__main__][INFO] - File /home/nadav2/dev/data/CLIP2Shape/outs/vertices_heatmap/optimizations/smplx_multiview/petite/petite.npy already exists. Skipping...
[2023-01-03 11:02:14,043][__main__][INFO] - File /home/nadav2/dev/data/CLIP2Shape/outs/vertices_heatmap/optimizations/smplx_multiview/petite/petite_inverse.npy already exists. Skipping...
[2023-01-03 11:02:14,044][__main__][INFO] - Optimizing for small...
[2023-01-03 11:02:14,044][__main__][INFO] - File /home/nadav2/dev/data/CLIP2Shape/outs/vertices_heatmap/optimizations/smplx_multiview/small/small.npy already exists. Skipping...
[2023-01-03 11:02:14,044][__main__][INFO] - File /home/nadav2/dev/data/CLIP2Shape/outs/vertices_heatmap/optimizations/smplx_multiview/small/small_inverse.npy already exists. Skipping...
