[2023-02-10 10:26:13,779][__main__][INFO] - Processing 3_female.jpg...

[2023-02-10 10:26:26,336][__main__][INFO] - Processing 6_male.jpg...

[2023-02-10 10:26:36,717][__main__][INFO] - Processing 5_female.jpg...

[2023-02-10 10:26:47,593][__main__][INFO] - Processing 18_female.jpg...

[2023-02-10 10:26:57,329][__main__][INFO] - Processing 20_male.jpg...

[2023-02-10 10:27:06,963][__main__][INFO] - Processing 8_male.jpg...

[2023-02-10 10:27:16,679][__main__][INFO] - Processing 12_female.jpg...

[2023-02-10 10:27:26,471][__main__][INFO] - Processing 11_male.jpg...

[2023-02-10 10:27:35,678][__main__][INFO] - Processing 0_female.jpg...

[2023-02-10 10:27:45,733][__main__][INFO] - Processing test_image2shape.png...

[2023-02-10 10:27:54,461][__main__][INFO] - Processing 19_male.jpg...

[2023-02-10 10:28:04,200][__main__][INFO] - Processing 15_female.jpg...

[2023-02-10 10:28:13,693][__main__][INFO] - Processing fat_woman.jpeg...

[2023-02-10 10:28:22,567][__main__][INFO] - Processing 13_female.jpg...

[2023-02-10 10:28:32,061][__main__][INFO] - Processing the_rock.jpeg...

[2023-02-10 10:28:40,573][__main__][INFO] - Processing lizzo.jpg...

[2023-02-10 10:28:49,591][__main__][INFO] - Processing zju_mocap.jpg...

[2023-02-10 10:28:58,742][__main__][INFO] - Processing 4_male.jpg...

[2023-02-10 10:29:08,829][__main__][INFO] - Processing 16_male.jpg...

[2023-02-10 10:29:18,337][__main__][INFO] - Processing 21_male.jpg...

[2023-02-10 10:29:28,258][__main__][INFO] - Processing 14_male.jpg...

