[2023-01-20 21:34:46,967][__main__][INFO] - parameters: Parameter containing:
tensor([[ 0.2000, -0.2000, -0.2000,  0.2000,  0.2000,  0.2000, -0.2000, -0.2000,
         -0.2000,  0.2000]], requires_grad=True)
[2023-01-20 21:34:47,226][__main__][INFO] - parameters: Parameter containing:
tensor([[ 0.3630, -0.3791, -0.3958,  0.0821,  0.2093,  0.3176, -0.0872, -0.3639,
         -0.3939,  0.0652]], requires_grad=True)
[2023-01-20 21:34:47,443][__main__][INFO] - parameters: Parameter containing:
tensor([[ 0.5419, -0.5365, -0.5858, -0.0272,  0.2028,  0.3572,  0.0512, -0.5107,
         -0.5573, -0.0740]], requires_grad=True)
[2023-01-20 21:34:47,654][__main__][INFO] - parameters: Parameter containing:
tensor([[ 0.7272, -0.6728, -0.7786, -0.1090,  0.1040,  0.4426,  0.0539, -0.5173,
         -0.4940, -0.2246]], requires_grad=True)
[2023-01-20 21:34:47,856][__main__][INFO] - parameters: Parameter containing:
tensor([[ 0.8909, -0.7813, -0.9345, -0.1649,  0.0987,  0.4060,  0.0788, -0.4489,
         -0.4909, -0.3476]], requires_grad=True)
[2023-01-20 21:34:48,053][__main__][INFO] - parameters: Parameter containing:
tensor([[ 1.0547, -0.9091, -1.0975, -0.2544,  0.0355,  0.4177,  0.0774, -0.3758,
         -0.4180, -0.4486]], requires_grad=True)
[2023-01-20 21:34:48,253][__main__][INFO] - parameters: Parameter containing:
tensor([[ 1.2149, -1.0175, -1.2484, -0.3606, -0.0447,  0.4240,  0.1092, -0.3230,
         -0.3328, -0.5035]], requires_grad=True)
[2023-01-20 21:34:48,449][__main__][INFO] - parameters: Parameter containing:
tensor([[ 1.3557, -1.0676, -1.3743, -0.4901, -0.1634,  0.4516,  0.1016, -0.2820,
         -0.2087, -0.5307]], requires_grad=True)
[2023-01-20 21:34:48,652][__main__][INFO] - parameters: Parameter containing:
tensor([[ 1.4929, -1.1604, -1.5125, -0.6073, -0.2548,  0.5125,  0.1245, -0.2879,
         -0.1711, -0.5332]], requires_grad=True)
[2023-01-20 21:34:48,848][__main__][INFO] - parameters: Parameter containing:
tensor([[ 1.6149, -1.2512, -1.6526, -0.7422, -0.3529,  0.5164,  0.1678, -0.2806,
         -0.1467, -0.4829]], requires_grad=True)
[2023-01-20 21:34:49,059][__main__][INFO] - parameters: Parameter containing:
tensor([[ 1.7067, -1.3035, -1.7973, -0.8892, -0.4724,  0.5092,  0.1285, -0.2241,
         -0.1404, -0.4375]], requires_grad=True)
[2023-01-20 21:34:49,250][__main__][INFO] - parameters: Parameter containing:
tensor([[ 1.7537, -1.3366, -1.8886, -1.0381, -0.5705,  0.4812,  0.0999, -0.1225,
         -0.1268, -0.4104]], requires_grad=True)
[2023-01-20 21:34:49,446][__main__][INFO] - parameters: Parameter containing:
tensor([[ 1.7707, -1.3499, -1.9911, -1.1704, -0.6834,  0.4979,  0.0224, -0.0692,
         -0.1531, -0.3849]], requires_grad=True)
[2023-01-20 21:34:49,658][__main__][INFO] - parameters: Parameter containing:
tensor([[ 1.7802, -1.3705, -2.0455, -1.2553, -0.7381,  0.5195,  0.0100, -0.1036,
         -0.1903, -0.3296]], requires_grad=True)
[2023-01-20 21:34:49,857][__main__][INFO] - parameters: Parameter containing:
tensor([[ 1.8134, -1.3965, -2.1142, -1.2897, -0.8124,  0.5411, -0.0433, -0.0753,
         -0.1854, -0.2936]], requires_grad=True)
[2023-01-20 21:34:50,037][__main__][INFO] - parameters: Parameter containing:
tensor([[ 1.8337, -1.3420, -2.1597, -1.3010, -0.9089,  0.5505, -0.1340, -0.0821,
         -0.2184, -0.3054]], requires_grad=True)
[2023-01-20 21:34:50,235][__main__][INFO] - parameters: Parameter containing:
tensor([[ 1.8281, -1.2724, -2.2046, -1.3600, -1.0073,  0.5278, -0.2298, -0.0593,
         -0.2352, -0.3252]], requires_grad=True)
[2023-01-20 21:34:50,468][__main__][INFO] - parameters: Parameter containing:
tensor([[ 1.8384, -1.2116, -2.2926, -1.4508, -1.1158,  0.4875, -0.3319, -0.0580,
         -0.2811, -0.3726]], requires_grad=True)
[2023-01-20 21:34:50,663][__main__][INFO] - parameters: Parameter containing:
tensor([[ 1.8396, -1.1390, -2.3544, -1.4706, -1.1689,  0.4583, -0.4291, -0.0595,
         -0.3626, -0.4493]], requires_grad=True)
[2023-01-20 21:34:50,855][__main__][INFO] - parameters: Parameter containing:
tensor([[ 1.8413, -1.1294, -2.4382, -1.5055, -1.2176,  0.4264, -0.5039, -0.0360,
         -0.4096, -0.4709]], requires_grad=True)
[2023-01-20 21:34:51,084][__main__][INFO] - parameters: Parameter containing:
tensor([[ 1.8237e+00, -1.1458e+00, -2.5222e+00, -1.5455e+00, -1.2646e+00,
          4.2328e-01, -5.8540e-01,  3.4859e-04, -4.5579e-01, -4.9158e-01]],
       requires_grad=True)
[2023-01-20 21:34:51,285][__main__][INFO] - parameters: Parameter containing:
tensor([[ 1.8153e+00, -1.1286e+00, -2.5877e+00, -1.6037e+00, -1.3400e+00,
          3.6144e-01, -6.5818e-01,  1.7510e-03, -4.9855e-01, -4.8460e-01]],
       requires_grad=True)
[2023-01-20 21:34:51,509][__main__][INFO] - parameters: Parameter containing:
tensor([[ 1.8005, -1.1464, -2.6531, -1.6570, -1.3876,  0.3676, -0.7081, -0.0125,
         -0.5386, -0.4879]], requires_grad=True)
[2023-01-20 21:34:51,723][__main__][INFO] - parameters: Parameter containing:
tensor([[ 1.7998, -1.1648, -2.7411, -1.7339, -1.4779,  0.3699, -0.7796, -0.0136,
         -0.5614, -0.4657]], requires_grad=True)
[2023-01-20 21:34:51,919][__main__][INFO] - parameters: Parameter containing:
tensor([[ 1.8324, -1.2414, -2.8567, -1.8098, -1.5617,  0.4177, -0.8261,  0.0171,
         -0.5478, -0.4151]], requires_grad=True)
[2023-01-20 21:34:52,115][__main__][INFO] - parameters: Parameter containing:
tensor([[ 1.8713, -1.3351, -2.9738, -1.8997, -1.6455,  0.4840, -0.8587,  0.0559,
         -0.4883, -0.3736]], requires_grad=True)
[2023-01-20 21:34:52,316][__main__][INFO] - parameters: Parameter containing:
tensor([[ 1.8745, -1.3974, -3.0467, -1.9594, -1.6751,  0.5048, -0.8689,  0.0726,
         -0.4614, -0.3343]], requires_grad=True)
[2023-01-20 21:34:52,509][__main__][INFO] - parameters: Parameter containing:
tensor([[ 1.8990, -1.4863, -3.1539, -2.0312, -1.7115,  0.5214, -0.8902,  0.1203,
         -0.4095, -0.2626]], requires_grad=True)
[2023-01-20 21:34:52,731][__main__][INFO] - parameters: Parameter containing:
tensor([[ 1.9432, -1.5978, -3.2822, -2.0513, -1.7129,  0.5512, -0.9319,  0.1989,
         -0.4232, -0.2014]], requires_grad=True)
[2023-01-20 21:34:52,931][__main__][INFO] - parameters: Parameter containing:
tensor([[nan, nan, nan, nan, nan, nan, nan, nan, nan, nan]],
       requires_grad=True)
[2023-01-20 21:34:53,127][__main__][INFO] - parameters: Parameter containing:
tensor([[nan, nan, nan, nan, nan, nan, nan, nan, nan, nan]],
       requires_grad=True)
[2023-01-20 21:34:53,322][__main__][INFO] - parameters: Parameter containing:
tensor([[nan, nan, nan, nan, nan, nan, nan, nan, nan, nan]],
       requires_grad=True)
[2023-01-20 21:34:53,525][__main__][INFO] - parameters: Parameter containing:
tensor([[nan, nan, nan, nan, nan, nan, nan, nan, nan, nan]],
       requires_grad=True)
[2023-01-20 21:34:53,726][__main__][INFO] - parameters: Parameter containing:
tensor([[nan, nan, nan, nan, nan, nan, nan, nan, nan, nan]],
       requires_grad=True)
[2023-01-20 21:34:53,946][__main__][INFO] - parameters: Parameter containing:
tensor([[nan, nan, nan, nan, nan, nan, nan, nan, nan, nan]],
       requires_grad=True)
[2023-01-20 21:34:54,148][__main__][INFO] - parameters: Parameter containing:
tensor([[nan, nan, nan, nan, nan, nan, nan, nan, nan, nan]],
       requires_grad=True)
[2023-01-20 21:34:54,340][__main__][INFO] - parameters: Parameter containing:
tensor([[nan, nan, nan, nan, nan, nan, nan, nan, nan, nan]],
       requires_grad=True)
[2023-01-20 21:34:54,537][__main__][INFO] - parameters: Parameter containing:
tensor([[nan, nan, nan, nan, nan, nan, nan, nan, nan, nan]],
       requires_grad=True)
[2023-01-20 21:34:54,786][__main__][INFO] - parameters: Parameter containing:
tensor([[nan, nan, nan, nan, nan, nan, nan, nan, nan, nan]],
       requires_grad=True)
