[2023-01-20 22:07:01,035][__main__][INFO] - parameters: Parameter containing:
tensor([[0.8564, 0.2964, 0.1725, 1.0045, 0.3757, 0.6847, 0.4460, 0.3799, 0.9364,
         1.1203]], requires_grad=True)
[2023-01-20 22:07:01,263][__main__][INFO] - parameters: Parameter containing:
tensor([[ 0.7283,  0.0094, -0.0990,  0.8160,  0.4380,  0.8829,  0.5491,  0.4369,
          0.8624,  1.3794]], requires_grad=True)
[2023-01-20 22:07:01,455][__main__][INFO] - parameters: Parameter containing:
tensor([[ 0.5127, -0.2574, -0.0587,  0.5947,  0.5196,  0.9053,  0.7560,  0.6219,
          0.8688,  1.6528]], requires_grad=True)
[2023-01-20 22:07:01,630][__main__][INFO] - parameters: Parameter containing:
tensor([[ 0.4276, -0.4114, -0.0033,  0.3509,  0.4675,  0.9205,  0.8641,  0.8504,
          1.0122,  1.9344]], requires_grad=True)
[2023-01-20 22:07:01,805][__main__][INFO] - parameters: Parameter containing:
tensor([[ 0.4587, -0.6133, -0.1220,  0.2156,  0.5153,  0.9810,  0.9544,  0.7655,
          0.8884,  2.2186]], requires_grad=True)
[2023-01-20 22:07:01,979][__main__][INFO] - parameters: Parameter containing:
tensor([[ 0.5991, -0.8362, -0.2425,  0.2552,  0.6325,  1.0564,  1.1231,  0.6883,
          0.7439,  2.4938]], requires_grad=True)
[2023-01-20 22:07:02,164][__main__][INFO] - parameters: Parameter containing:
tensor([[ 0.7036, -0.9074, -0.3529,  0.2311,  0.7122,  0.9960,  1.1898,  0.6274,
          0.6021,  2.7320]], requires_grad=True)
[2023-01-20 22:07:02,339][__main__][INFO] - parameters: Parameter containing:
tensor([[ 0.6893, -0.9511, -0.3995,  0.1893,  0.7683,  0.9390,  1.2486,  0.5519,
          0.4824,  2.9888]], requires_grad=True)
[2023-01-20 22:07:02,512][__main__][INFO] - parameters: Parameter containing:
tensor([[ 0.6649, -1.0344, -0.3872,  0.2292,  0.9043,  0.8425,  1.3878,  0.5278,
          0.3600,  3.1865]], requires_grad=True)
[2023-01-20 22:07:02,688][__main__][INFO] - parameters: Parameter containing:
tensor([[ 0.5662, -0.9832, -0.3051,  0.2079,  0.9194,  0.8396,  1.4194,  0.5114,
          0.3225,  3.1948]], requires_grad=True)
[2023-01-20 22:07:02,877][__main__][INFO] - parameters: Parameter containing:
tensor([[ 0.6117, -1.0062, -0.3574,  0.2729,  0.9030,  0.9183,  1.3654,  0.4843,
          0.2552,  3.1909]], requires_grad=True)
[2023-01-20 22:07:03,055][__main__][INFO] - parameters: Parameter containing:
tensor([[ 0.7157, -1.0855, -0.4254,  0.4043,  0.9210,  1.0411,  1.3559,  0.4489,
          0.1763,  3.1725]], requires_grad=True)
[2023-01-20 22:07:03,216][__main__][INFO] - parameters: Parameter containing:
tensor([[ 0.8505, -1.1654, -0.5128,  0.5894,  0.9423,  1.1750,  1.2984,  0.4482,
          0.0695,  3.1136]], requires_grad=True)
[2023-01-20 22:07:03,400][__main__][INFO] - parameters: Parameter containing:
tensor([[ 9.8526e-01, -1.2773e+00, -6.2181e-01,  7.2421e-01,  9.2499e-01,
          1.3474e+00,  1.2384e+00,  4.3106e-01,  2.4515e-03,  3.1185e+00]],
       requires_grad=True)
[2023-01-20 22:07:03,610][__main__][INFO] - parameters: Parameter containing:
tensor([[ 1.1357, -1.4247, -0.7499,  0.8515,  0.9279,  1.5215,  1.2064,  0.4099,
         -0.0686,  3.1658]], requires_grad=True)
[2023-01-20 22:07:03,777][__main__][INFO] - parameters: Parameter containing:
tensor([[ 1.2466, -1.5628, -0.8609,  0.9254,  0.9047,  1.6901,  1.1816,  0.3921,
         -0.1105,  3.2491]], requires_grad=True)
[2023-01-20 22:07:03,939][__main__][INFO] - parameters: Parameter containing:
tensor([[ 1.3670, -1.6972, -0.9959,  0.9667,  0.8629,  1.8330,  1.1501,  0.3505,
         -0.1494,  3.3457]], requires_grad=True)
[2023-01-20 22:07:04,110][__main__][INFO] - parameters: Parameter containing:
tensor([[ 1.4810, -1.8362, -1.1185,  1.0300,  0.8375,  1.9815,  1.1227,  0.3031,
         -0.1813,  3.4265]], requires_grad=True)
[2023-01-20 22:07:04,284][__main__][INFO] - parameters: Parameter containing:
tensor([[ 1.5821, -1.9263, -1.2390,  1.0848,  0.7920,  2.1087,  1.0512,  0.2332,
         -0.2245,  3.5055]], requires_grad=True)
[2023-01-20 22:07:04,454][__main__][INFO] - parameters: Parameter containing:
tensor([[ 1.5989, -2.0005, -1.2869,  1.1125,  0.7809,  2.1876,  1.0265,  0.2215,
         -0.2361,  3.5530]], requires_grad=True)
[2023-01-20 22:07:04,634][__main__][INFO] - parameters: Parameter containing:
tensor([[ 1.6114, -2.0366, -1.3121,  1.1165,  0.7612,  2.2551,  1.0149,  0.1573,
         -0.2490,  3.6253]], requires_grad=True)
[2023-01-20 22:07:04,820][__main__][INFO] - parameters: Parameter containing:
tensor([[ 1.6474, -2.0920, -1.3589,  1.1359,  0.7174,  2.3630,  0.9866,  0.0924,
         -0.2662,  3.7195]], requires_grad=True)
[2023-01-20 22:07:04,993][__main__][INFO] - parameters: Parameter containing:
tensor([[ 1.6636, -2.1311, -1.4027,  1.0872,  0.6468,  2.4430,  0.9699,  0.0485,
         -0.2660,  3.8031]], requires_grad=True)
[2023-01-20 22:07:05,178][__main__][INFO] - parameters: Parameter containing:
tensor([[ 1.6641, -2.1710, -1.4165,  1.0415,  0.5659,  2.5262,  0.9417,  0.1033,
         -0.2150,  3.8668]], requires_grad=True)
[2023-01-20 22:07:05,363][__main__][INFO] - parameters: Parameter containing:
tensor([[ 1.6980, -2.1870, -1.4224,  1.0239,  0.4936,  2.5786,  0.9179,  0.1526,
         -0.1647,  3.8937]], requires_grad=True)
[2023-01-20 22:07:05,522][__main__][INFO] - parameters: Parameter containing:
tensor([[ 1.7132, -2.1638, -1.4064,  0.9894,  0.4372,  2.5583,  0.8952,  0.2157,
         -0.1097,  3.9102]], requires_grad=True)
[2023-01-20 22:07:05,698][__main__][INFO] - parameters: Parameter containing:
tensor([[ 1.7044, -2.1238, -1.3784,  0.9446,  0.3791,  2.5641,  0.8913,  0.1844,
         -0.0633,  3.9383]], requires_grad=True)
[2023-01-20 22:07:05,890][__main__][INFO] - parameters: Parameter containing:
tensor([[ 1.6633, -2.0569, -1.3392,  0.8480,  0.2942,  2.5284,  0.8832,  0.1503,
         -0.0139,  3.9847]], requires_grad=True)
[2023-01-20 22:07:06,062][__main__][INFO] - parameters: Parameter containing:
tensor([[ 1.6223, -1.9938, -1.3088,  0.7327,  0.2279,  2.4739,  0.8937,  0.1113,
          0.0224,  4.0179]], requires_grad=True)
[2023-01-20 22:07:06,251][__main__][INFO] - parameters: Parameter containing:
tensor([[ 1.6050, -1.9571, -1.2975,  0.6522,  0.1380,  2.4855,  0.8873,  0.0432,
          0.0481,  4.1037]], requires_grad=True)
[2023-01-20 22:07:06,461][__main__][INFO] - parameters: Parameter containing:
tensor([[ 1.5641, -1.9122, -1.2592,  0.5533,  0.0190,  2.5241,  0.8989, -0.0627,
          0.1103,  4.2145]], requires_grad=True)
[2023-01-20 22:07:06,650][__main__][INFO] - parameters: Parameter containing:
tensor([[ 1.5048, -1.8565, -1.2164,  0.4415, -0.0601,  2.5043,  0.9237, -0.1496,
          0.1461,  4.3199]], requires_grad=True)
[2023-01-20 22:07:06,819][__main__][INFO] - parameters: Parameter containing:
tensor([[ 1.4304, -1.8145, -1.1666,  0.3269, -0.1201,  2.4691,  0.9631, -0.2212,
          0.1940,  4.3959]], requires_grad=True)
[2023-01-20 22:07:06,998][__main__][INFO] - parameters: Parameter containing:
tensor([[ 1.3716, -1.7728, -1.1233,  0.2207, -0.2162,  2.4650,  0.9958, -0.3239,
          0.2589,  4.4744]], requires_grad=True)
[2023-01-20 22:07:07,194][__main__][INFO] - parameters: Parameter containing:
tensor([[ 1.3529, -1.7433, -1.0990,  0.1506, -0.3002,  2.4772,  1.0364, -0.4559,
          0.3080,  4.5382]], requires_grad=True)
[2023-01-20 22:07:07,369][__main__][INFO] - parameters: Parameter containing:
tensor([[ 1.3476, -1.7010, -1.0671,  0.1343, -0.3715,  2.5018,  1.0518, -0.5968,
          0.3305,  4.5850]], requires_grad=True)
[2023-01-20 22:07:07,558][__main__][INFO] - parameters: Parameter containing:
tensor([[ 1.3120, -1.6395, -1.0027,  0.1470, -0.3902,  2.4757,  1.0697, -0.7116,
          0.3392,  4.5917]], requires_grad=True)
[2023-01-20 22:07:07,732][__main__][INFO] - parameters: Parameter containing:
tensor([[ 1.2989, -1.5984, -0.9410,  0.1470, -0.4407,  2.4918,  1.1056, -0.7934,
          0.3862,  4.6121]], requires_grad=True)
[2023-01-20 22:07:07,909][__main__][INFO] - parameters: Parameter containing:
tensor([[ 1.2783, -1.5700, -0.8902,  0.1214, -0.4776,  2.4968,  1.1546, -0.8685,
          0.4263,  4.6181]], requires_grad=True)
[2023-01-20 22:07:08,121][__main__][INFO] - parameters: Parameter containing:
tensor([[ 1.2358, -1.5347, -0.8320,  0.1161, -0.4958,  2.4828,  1.1882, -0.9470,
          0.4385,  4.6027]], requires_grad=True)
[2023-01-20 22:07:08,297][__main__][INFO] - parameters: Parameter containing:
tensor([[ 1.1818, -1.4609, -0.7970,  0.0350, -0.5289,  2.3872,  1.2200, -1.0212,
          0.4178,  4.6089]], requires_grad=True)
[2023-01-20 22:07:08,473][__main__][INFO] - parameters: Parameter containing:
tensor([[ 1.0913, -1.3866, -0.7682, -0.0940, -0.5447,  2.2645,  1.2636, -1.0620,
          0.3990,  4.5986]], requires_grad=True)
[2023-01-20 22:07:08,655][__main__][INFO] - parameters: Parameter containing:
tensor([[ 1.0166, -1.2946, -0.7565, -0.2022, -0.5859,  2.1530,  1.2437, -1.1047,
          0.3524,  4.5683]], requires_grad=True)
[2023-01-20 22:07:08,872][__main__][INFO] - parameters: Parameter containing:
tensor([[ 0.9489, -1.2176, -0.7451, -0.2671, -0.5654,  2.0267,  1.2464, -1.1399,
          0.2744,  4.5582]], requires_grad=True)
[2023-01-20 22:07:09,049][__main__][INFO] - parameters: Parameter containing:
tensor([[ 0.8846, -1.1233, -0.7295, -0.3145, -0.5438,  1.8966,  1.2114, -1.1504,
          0.2060,  4.5249]], requires_grad=True)
[2023-01-20 22:07:09,225][__main__][INFO] - parameters: Parameter containing:
tensor([[ 0.8476, -1.0853, -0.7581, -0.3660, -0.5032,  1.7803,  1.1931, -1.1384,
          0.1249,  4.5193]], requires_grad=True)
[2023-01-20 22:07:09,407][__main__][INFO] - parameters: Parameter containing:
tensor([[ 0.8073, -1.0226, -0.7856, -0.4405, -0.4744,  1.6489,  1.1729, -1.1355,
          0.0469,  4.4776]], requires_grad=True)
[2023-01-20 22:07:09,590][__main__][INFO] - parameters: Parameter containing:
tensor([[ 0.7764, -0.9677, -0.8338, -0.5193, -0.4583,  1.5340,  1.1435, -1.1108,
         -0.0216,  4.4000]], requires_grad=True)
[2023-01-20 22:07:09,766][__main__][INFO] - parameters: Parameter containing:
tensor([[ 0.7516, -0.9051, -0.8560, -0.5695, -0.4313,  1.4316,  1.1255, -1.0998,
         -0.0815,  4.2642]], requires_grad=True)
[2023-01-20 22:07:09,950][__main__][INFO] - parameters: Parameter containing:
tensor([[ 0.7115, -0.8298, -0.8503, -0.6013, -0.3417,  1.2760,  1.1489, -1.0733,
         -0.1685,  4.1073]], requires_grad=True)
[2023-01-20 22:07:10,129][__main__][INFO] - parameters: Parameter containing:
tensor([[ 0.6903, -0.7580, -0.8595, -0.6019, -0.2416,  1.1328,  1.1491, -1.0478,
         -0.2676,  3.9360]], requires_grad=True)
[2023-01-20 22:07:10,307][__main__][INFO] - parameters: Parameter containing:
tensor([[ 0.6546, -0.7322, -0.8501, -0.6258, -0.1453,  1.0371,  1.2012, -1.0416,
         -0.3327,  3.8257]], requires_grad=True)
[2023-01-20 22:07:10,486][__main__][INFO] - parameters: Parameter containing:
tensor([[ 0.6066, -0.5740, -0.7690, -0.6531, -0.2164,  0.9972,  1.1085, -1.0579,
         -0.3063,  3.6303]], requires_grad=True)
[2023-01-20 22:07:10,672][__main__][INFO] - parameters: Parameter containing:
tensor([[ 0.5732, -0.4189, -0.7080, -0.6391, -0.2727,  0.9515,  1.0022, -1.0929,
         -0.3348,  3.4214]], requires_grad=True)
[2023-01-20 22:07:10,855][__main__][INFO] - parameters: Parameter containing:
tensor([[ 0.5855, -0.3086, -0.6850, -0.6370, -0.3441,  0.9314,  0.9146, -1.1029,
         -0.3355,  3.2436]], requires_grad=True)
[2023-01-20 22:07:11,036][__main__][INFO] - parameters: Parameter containing:
tensor([[ 0.5841, -0.1972, -0.6649, -0.6526, -0.4069,  0.8796,  0.8341, -1.1019,
         -0.3489,  3.0996]], requires_grad=True)
[2023-01-20 22:07:11,216][__main__][INFO] - parameters: Parameter containing:
tensor([[ 0.5256,  0.0271, -0.5319, -0.7117, -0.5905,  0.8450,  0.6689, -1.1890,
         -0.2276,  2.8798]], requires_grad=True)
[2023-01-20 22:07:11,388][__main__][INFO] - parameters: Parameter containing:
tensor([[ 0.4916,  0.2249, -0.4184, -0.7720, -0.7693,  0.8510,  0.5380, -1.3148,
         -0.1137,  2.7168]], requires_grad=True)
[2023-01-20 22:07:11,562][__main__][INFO] - parameters: Parameter containing:
tensor([[ 0.4389,  0.4192, -0.3043, -0.8312, -0.9060,  0.8079,  0.4429, -1.4149,
         -0.0504,  2.5251]], requires_grad=True)
[2023-01-20 22:07:11,743][__main__][INFO] - parameters: Parameter containing:
tensor([[ 0.3374,  0.6146, -0.1312, -0.8994, -1.0296,  0.7703,  0.3947, -1.4693,
          0.0784,  2.3382]], requires_grad=True)
[2023-01-20 22:07:11,938][__main__][INFO] - parameters: Parameter containing:
tensor([[ 0.2120,  0.7897,  0.0481, -0.8985, -1.1275,  0.7798,  0.3303, -1.5018,
          0.1949,  2.1322]], requires_grad=True)
[2023-01-20 22:07:12,102][__main__][INFO] - parameters: Parameter containing:
tensor([[ 0.0792,  0.9655,  0.2119, -0.9138, -1.2143,  0.7620,  0.2634, -1.5110,
          0.2885,  1.9179]], requires_grad=True)
[2023-01-20 22:07:12,283][__main__][INFO] - parameters: Parameter containing:
tensor([[-0.0953,  1.1272,  0.4026, -0.9317, -1.2663,  0.7405,  0.2413, -1.5219,
          0.3717,  1.6828]], requires_grad=True)
[2023-01-20 22:07:12,483][__main__][INFO] - parameters: Parameter containing:
tensor([[-0.2452,  1.2570,  0.5360, -0.9628, -1.3314,  0.7152,  0.2015, -1.5354,
          0.4404,  1.4807]], requires_grad=True)
[2023-01-20 22:07:12,661][__main__][INFO] - parameters: Parameter containing:
tensor([[-0.3704,  1.3678,  0.6473, -0.9897, -1.4038,  0.7106,  0.1601, -1.5682,
          0.5142,  1.3343]], requires_grad=True)
[2023-01-20 22:07:12,821][__main__][INFO] - parameters: Parameter containing:
tensor([[-0.4285,  1.4272,  0.6650, -1.0363, -1.5040,  0.7320,  0.0561, -1.5593,
          0.5559,  1.2462]], requires_grad=True)
[2023-01-20 22:07:12,999][__main__][INFO] - parameters: Parameter containing:
tensor([[-0.5399,  1.5100,  0.7221, -1.0851, -1.5714,  0.7246, -0.0161, -1.6017,
          0.5751,  1.1761]], requires_grad=True)
[2023-01-20 22:07:13,182][__main__][INFO] - parameters: Parameter containing:
tensor([[-0.6874,  1.6229,  0.7993, -1.1386, -1.6109,  0.6124, -0.0903, -1.5677,
          0.5972,  1.0952]], requires_grad=True)
[2023-01-20 22:07:13,362][__main__][INFO] - parameters: Parameter containing:
tensor([[-0.8407,  1.7396,  0.8863, -1.2167, -1.6627,  0.5021, -0.1623, -1.5031,
          0.6358,  0.9925]], requires_grad=True)
[2023-01-20 22:07:13,541][__main__][INFO] - parameters: Parameter containing:
tensor([[-1.0070,  1.8668,  0.9773, -1.3053, -1.7043,  0.3758, -0.2246, -1.4555,
          0.6561,  0.8634]], requires_grad=True)
[2023-01-20 22:07:13,716][__main__][INFO] - parameters: Parameter containing:
tensor([[-1.2294,  2.0590,  1.1569, -1.3985, -1.7525,  0.2071, -0.2989, -1.3697,
          0.7195,  0.6654]], requires_grad=True)
[2023-01-20 22:07:13,895][__main__][INFO] - parameters: Parameter containing:
tensor([[-1.4303,  2.2432,  1.3035, -1.5004, -1.8157,  0.0729, -0.4051, -1.3042,
          0.7729,  0.4835]], requires_grad=True)
[2023-01-20 22:07:14,081][__main__][INFO] - parameters: Parameter containing:
tensor([[-1.6188,  2.4211,  1.4274, -1.5990, -1.8792, -0.0745, -0.5223, -1.2169,
          0.8238,  0.3362]], requires_grad=True)
[2023-01-20 22:07:14,270][__main__][INFO] - parameters: Parameter containing:
tensor([[-1.7717,  2.5290,  1.4763, -1.7018, -1.9087, -0.2087, -0.5921, -1.1672,
          0.8265,  0.2293]], requires_grad=True)
[2023-01-20 22:07:14,448][__main__][INFO] - parameters: Parameter containing:
tensor([[-1.8499,  2.5750,  1.4695, -1.7528, -1.9525, -0.2505, -0.6653, -1.1451,
          0.8192,  0.1723]], requires_grad=True)
[2023-01-20 22:07:14,639][__main__][INFO] - parameters: Parameter containing:
tensor([[-1.9382,  2.6494,  1.4612, -1.8154, -2.0249, -0.2851, -0.7690, -1.1364,
          0.8188,  0.1139]], requires_grad=True)
[2023-01-20 22:07:14,846][__main__][INFO] - parameters: Parameter containing:
tensor([[-1.9811,  2.6933,  1.4141, -1.8218, -2.0783, -0.3200, -0.8954, -1.0878,
          0.8095,  0.0449]], requires_grad=True)
[2023-01-20 22:07:15,028][__main__][INFO] - parameters: Parameter containing:
tensor([[-2.0426,  2.7461,  1.3781, -1.8559, -2.1241, -0.3872, -1.0123, -1.0646,
          0.8027, -0.0098]], requires_grad=True)
[2023-01-20 22:07:15,206][__main__][INFO] - parameters: Parameter containing:
tensor([[-2.0639,  2.7766,  1.3360, -1.8732, -2.1875, -0.4026, -1.1202, -1.0870,
          0.7999, -0.0503]], requires_grad=True)
[2023-01-20 22:07:15,386][__main__][INFO] - parameters: Parameter containing:
tensor([[-2.0928,  2.8560,  1.3132, -1.9406, -2.3100, -0.4265, -1.2569, -1.0995,
          0.8420, -0.1078]], requires_grad=True)
[2023-01-20 22:07:15,566][__main__][INFO] - parameters: Parameter containing:
tensor([[-2.0915,  2.9294,  1.2935, -1.9921, -2.4203, -0.4296, -1.3695, -1.1449,
          0.8705, -0.1689]], requires_grad=True)
[2023-01-20 22:07:15,746][__main__][INFO] - parameters: Parameter containing:
tensor([[-2.0633,  3.0271,  1.2780, -2.0449, -2.5653, -0.4168, -1.5211, -1.1720,
          0.9336, -0.2634]], requires_grad=True)
[2023-01-20 22:07:15,930][__main__][INFO] - parameters: Parameter containing:
tensor([[-1.9722,  3.0806,  1.2210, -2.1098, -2.7345, -0.3545, -1.6446, -1.2246,
          0.9936, -0.2959]], requires_grad=True)
[2023-01-20 22:07:16,117][__main__][INFO] - parameters: Parameter containing:
tensor([[-1.9291,  3.1793,  1.2061, -2.2176, -2.9243, -0.3128, -1.7755, -1.3473,
          1.0559, -0.3111]], requires_grad=True)
[2023-01-20 22:07:16,300][__main__][INFO] - parameters: Parameter containing:
tensor([[-1.8635,  3.2136,  1.1812, -2.2726, -3.0871, -0.2442, -1.8595, -1.3714,
          1.1348, -0.3269]], requires_grad=True)
[2023-01-20 22:07:16,464][__main__][INFO] - parameters: Parameter containing:
tensor([[-1.7633,  3.2370,  1.1813, -2.2359, -3.2027, -0.1750, -1.8904, -1.4076,
          1.2440, -0.3330]], requires_grad=True)
[2023-01-20 22:07:16,639][__main__][INFO] - parameters: Parameter containing:
tensor([[-1.6668,  3.2531,  1.1676, -2.2410, -3.3270, -0.0997, -1.9127, -1.4615,
          1.3376, -0.3130]], requires_grad=True)
[2023-01-20 22:07:16,818][__main__][INFO] - parameters: Parameter containing:
tensor([[-1.5312e+00,  3.2347e+00,  1.1195e+00, -2.2015e+00, -3.4374e+00,
         -3.2879e-03, -1.9259e+00, -1.5408e+00,  1.3949e+00, -2.3621e-01]],
       requires_grad=True)
[2023-01-20 22:07:16,993][__main__][INFO] - parameters: Parameter containing:
tensor([[-1.3966,  3.2009,  1.0365, -2.1875, -3.5176,  0.0774, -1.9317, -1.6730,
          1.4007, -0.1439]], requires_grad=True)
[2023-01-20 22:07:17,178][__main__][INFO] - parameters: Parameter containing:
tensor([[-1.2907,  3.1510,  0.9653, -2.2034, -3.6252,  0.1829, -1.9518, -1.7668,
          1.4516, -0.0352]], requires_grad=True)
[2023-01-20 22:07:17,364][__main__][INFO] - parameters: Parameter containing:
tensor([[-1.2242,  3.1229,  0.9340, -2.2227, -3.7239,  0.2704, -1.9539, -1.8636,
          1.5136,  0.0396]], requires_grad=True)
[2023-01-20 22:07:17,545][__main__][INFO] - parameters: Parameter containing:
tensor([[-1.1884,  3.0900,  0.9176, -2.2781, -3.8059,  0.3567, -1.9264, -1.9582,
          1.5714,  0.1285]], requires_grad=True)
[2023-01-20 22:07:17,730][__main__][INFO] - parameters: Parameter containing:
tensor([[-1.1098,  3.0676,  0.8756, -2.3566, -3.8996,  0.4101, -1.9207, -2.0220,
          1.6245,  0.2346]], requires_grad=True)
[2023-01-20 22:07:17,910][__main__][INFO] - parameters: Parameter containing:
tensor([[-1.0740,  3.0468,  0.8474, -2.3985, -3.9553,  0.4333, -1.9191, -2.0627,
          1.6465,  0.3005]], requires_grad=True)
[2023-01-20 22:07:18,085][__main__][INFO] - parameters: Parameter containing:
tensor([[-1.0098,  3.0319,  0.8169, -2.4239, -4.0222,  0.4832, -1.9308, -2.1027,
          1.6662,  0.3160]], requires_grad=True)
[2023-01-20 22:07:18,254][__main__][INFO] - parameters: Parameter containing:
tensor([[-0.9406,  2.9940,  0.7668, -2.4352, -4.0920,  0.5586, -1.9424, -2.1507,
          1.6638,  0.3573]], requires_grad=True)
[2023-01-20 22:07:18,434][__main__][INFO] - parameters: Parameter containing:
tensor([[-0.9148,  2.9476,  0.7427, -2.4304, -4.0841,  0.5864, -1.8870, -2.2236,
          1.6125,  0.4265]], requires_grad=True)
[2023-01-20 22:07:18,612][__main__][INFO] - parameters: Parameter containing:
tensor([[-0.8958,  2.9050,  0.7081, -2.4507, -4.1026,  0.6371, -1.8479, -2.3360,
          1.5690,  0.5065]], requires_grad=True)
[2023-01-20 22:07:18,787][__main__][INFO] - parameters: Parameter containing:
tensor([[-0.8560,  2.8564,  0.6601, -2.4377, -4.1198,  0.6857, -1.8412, -2.3890,
          1.5283,  0.5683]], requires_grad=True)
[2023-01-20 22:07:18,974][__main__][INFO] - parameters: Parameter containing:
tensor([[-0.8340,  2.8239,  0.5948, -2.4684, -4.1832,  0.7489, -1.9246, -2.3953,
          1.5255,  0.5669]], requires_grad=True)
[2023-01-20 22:07:19,162][__main__][INFO] - parameters: Parameter containing:
tensor([[-0.8115,  2.7639,  0.5219, -2.4780, -4.2192,  0.8302, -1.9959, -2.3896,
          1.5012,  0.5692]], requires_grad=True)
[2023-01-20 22:07:19,344][__main__][INFO] - parameters: Parameter containing:
tensor([[-0.7942,  2.6964,  0.4624, -2.4739, -4.2335,  0.9230, -2.0333, -2.4084,
          1.4636,  0.5919]], requires_grad=True)
[2023-01-20 22:07:19,519][__main__][INFO] - parameters: Parameter containing:
tensor([[-0.7752,  2.6478,  0.4288, -2.5167, -4.2919,  1.0381, -2.0888, -2.3613,
          1.4726,  0.5811]], requires_grad=True)
[2023-01-20 22:07:19,702][__main__][INFO] - parameters: Parameter containing:
tensor([[-0.7247,  2.5639,  0.3502, -2.5835, -4.3078,  1.1104, -2.0940, -2.3191,
          1.4326,  0.5856]], requires_grad=True)
[2023-01-20 22:07:19,873][__main__][INFO] - parameters: Parameter containing:
tensor([[-0.6833,  2.4641,  0.2445, -2.6479, -4.3321,  1.2099, -2.1304, -2.2551,
          1.3767,  0.5718]], requires_grad=True)
[2023-01-20 22:07:20,047][__main__][INFO] - parameters: Parameter containing:
tensor([[-0.6825,  2.3580,  0.1575, -2.7338, -4.3273,  1.2850, -2.1213, -2.2288,
          1.3284,  0.6091]], requires_grad=True)
[2023-01-20 22:07:20,240][__main__][INFO] - parameters: Parameter containing:
tensor([[-0.7023,  2.2942,  0.1024, -2.8281, -4.3602,  1.3260, -2.1540, -2.1324,
          1.3375,  0.5986]], requires_grad=True)
[2023-01-20 22:07:20,427][__main__][INFO] - parameters: Parameter containing:
tensor([[-0.7417,  2.2694,  0.1062, -2.8717, -4.3823,  1.2988, -2.2044, -1.9441,
          1.4199,  0.4879]], requires_grad=True)
[2023-01-20 22:07:20,635][__main__][INFO] - parameters: Parameter containing:
tensor([[-0.7760,  2.2485,  0.1272, -2.8828, -4.3576,  1.2250, -2.2032, -1.7619,
          1.4860,  0.3740]], requires_grad=True)
[2023-01-20 22:07:20,840][__main__][INFO] - parameters: Parameter containing:
tensor([[-0.7812,  2.2158,  0.1363, -2.8569, -4.3457,  1.1874, -2.2373, -1.5693,
          1.5495,  0.2490]], requires_grad=True)
[2023-01-20 22:07:21,013][__main__][INFO] - parameters: Parameter containing:
tensor([[-0.7599,  2.1621,  0.1422, -2.8308, -4.3174,  1.1368, -2.2275, -1.3743,
          1.6415,  0.1809]], requires_grad=True)
[2023-01-20 22:07:21,188][__main__][INFO] - parameters: Parameter containing:
tensor([[-0.7579,  2.0944,  0.1360, -2.8529, -4.3031,  1.1249, -2.1923, -1.2169,
          1.7540,  0.1633]], requires_grad=True)
[2023-01-20 22:07:21,379][__main__][INFO] - parameters: Parameter containing:
tensor([[-0.7727,  2.0266,  0.1471, -2.8550, -4.2696,  1.1138, -2.1459, -1.0564,
          1.8589,  0.1547]], requires_grad=True)
[2023-01-20 22:07:21,600][__main__][INFO] - parameters: Parameter containing:
tensor([[-0.7380,  1.9216,  0.0814, -2.8533, -4.2064,  1.1502, -2.0685, -0.9924,
          1.8481,  0.1201]], requires_grad=True)
[2023-01-20 22:07:21,782][__main__][INFO] - parameters: Parameter containing:
tensor([[-0.7232,  1.8276,  0.0415, -2.8554, -4.1308,  1.1682, -1.9452, -1.0035,
          1.8085,  0.1738]], requires_grad=True)
[2023-01-20 22:07:21,959][__main__][INFO] - parameters: Parameter containing:
tensor([[-0.6876,  1.7490,  0.0135, -2.8510, -4.0912,  1.1636, -1.8377, -0.9739,
          1.8248,  0.2255]], requires_grad=True)
[2023-01-20 22:07:22,134][__main__][INFO] - parameters: Parameter containing:
tensor([[-0.5478,  1.5313, -0.1563, -2.7928, -3.9835,  1.2719, -1.6967, -0.9521,
          1.6922,  0.3803]], requires_grad=True)
[2023-01-20 22:07:22,297][__main__][INFO] - parameters: Parameter containing:
tensor([[-0.3975,  1.3446, -0.3422, -2.7786, -3.9587,  1.4136, -1.6488, -0.9037,
          1.6220,  0.4999]], requires_grad=True)
[2023-01-20 22:07:22,471][__main__][INFO] - parameters: Parameter containing:
tensor([[-0.2437,  1.1654, -0.5131, -2.7125, -3.8730,  1.5271, -1.5727, -0.8907,
          1.4942,  0.5957]], requires_grad=True)
[2023-01-20 22:07:22,650][__main__][INFO] - parameters: Parameter containing:
tensor([[-0.0927,  0.9886, -0.6715, -2.6484, -3.7669,  1.6161, -1.4757, -0.8919,
          1.3421,  0.6982]], requires_grad=True)
[2023-01-20 22:07:22,827][__main__][INFO] - parameters: Parameter containing:
tensor([[ 0.0305,  0.8751, -0.7749, -2.5692, -3.7089,  1.7182, -1.4514, -0.8570,
          1.2525,  0.6974]], requires_grad=True)
[2023-01-20 22:07:23,006][__main__][INFO] - parameters: Parameter containing:
tensor([[ 0.1547,  0.7668, -0.8750, -2.5002, -3.6489,  1.8336, -1.4297, -0.8160,
          1.1575,  0.6896]], requires_grad=True)
[2023-01-20 22:07:23,190][__main__][INFO] - parameters: Parameter containing:
tensor([[ 0.2722,  0.6430, -0.9678, -2.4447, -3.5503,  1.9527, -1.3254, -0.8465,
          1.0273,  0.6984]], requires_grad=True)
[2023-01-20 22:07:23,394][__main__][INFO] - parameters: Parameter containing:
tensor([[ 0.4235,  0.5155, -1.1073, -2.3910, -3.4865,  2.0817, -1.2711, -0.8932,
          0.8836,  0.7364]], requires_grad=True)
[2023-01-20 22:07:23,563][__main__][INFO] - parameters: Parameter containing:
tensor([[ 0.6116,  0.4034, -1.2607, -2.3652, -3.4611,  2.2227, -1.2389, -0.9695,
          0.7590,  0.7121]], requires_grad=True)
[2023-01-20 22:07:23,747][__main__][INFO] - parameters: Parameter containing:
tensor([[ 0.7316,  0.3523, -1.3371, -2.3605, -3.4575,  2.3219, -1.2127, -1.0290,
          0.6983,  0.6853]], requires_grad=True)
[2023-01-20 22:07:23,921][__main__][INFO] - parameters: Parameter containing:
tensor([[ 0.8281,  0.3166, -1.3907, -2.3546, -3.4575,  2.4177, -1.1850, -1.0956,
          0.6555,  0.6608]], requires_grad=True)
[2023-01-20 22:07:24,084][__main__][INFO] - parameters: Parameter containing:
tensor([[ 0.9093,  0.2878, -1.4397, -2.3060, -3.4513,  2.5004, -1.2034, -1.0904,
          0.6321,  0.5807]], requires_grad=True)
[2023-01-20 22:07:24,260][__main__][INFO] - parameters: Parameter containing:
tensor([[ 0.9504,  0.2828, -1.4369, -2.2447, -3.4303,  2.5634, -1.1966, -1.0712,
          0.6198,  0.4862]], requires_grad=True)
[2023-01-20 22:07:24,432][__main__][INFO] - parameters: Parameter containing:
tensor([[ 0.9655,  0.2750, -1.4260, -2.2007, -3.4090,  2.6102, -1.1796, -1.0405,
          0.6279,  0.3980]], requires_grad=True)
[2023-01-20 22:07:24,621][__main__][INFO] - parameters: Parameter containing:
tensor([[ 0.9619,  0.2657, -1.3997, -2.1629, -3.3966,  2.6562, -1.1685, -0.9946,
          0.6550,  0.3243]], requires_grad=True)
[2023-01-20 22:07:24,792][__main__][INFO] - parameters: Parameter containing:
tensor([[ 0.9842,  0.2687, -1.3602, -2.0728, -3.4006,  2.7396, -1.1786, -0.9809,
          0.6857,  0.2261]], requires_grad=True)
[2023-01-20 22:07:24,965][__main__][INFO] - parameters: Parameter containing:
tensor([[ 1.0191,  0.2724, -1.3437, -1.9931, -3.3909,  2.7923, -1.1973, -0.9809,
          0.6937,  0.1473]], requires_grad=True)
[2023-01-20 22:07:25,148][__main__][INFO] - parameters: Parameter containing:
tensor([[ 1.0591,  0.2706, -1.3240, -1.9193, -3.3850,  2.8504, -1.2097, -0.9930,
          0.7144,  0.0991]], requires_grad=True)
[2023-01-20 22:07:25,333][__main__][INFO] - parameters: Parameter containing:
tensor([[ 1.0665,  0.2729, -1.2966, -1.8436, -3.3818,  2.9076, -1.2346, -1.0055,
          0.7343,  0.0552]], requires_grad=True)
[2023-01-20 22:07:25,515][__main__][INFO] - parameters: Parameter containing:
tensor([[ 1.0731e+00,  2.7083e-01, -1.2744e+00, -1.8163e+00, -3.3874e+00,
          2.9472e+00, -1.2426e+00, -1.0011e+00,  7.7028e-01, -1.0375e-03]],
       requires_grad=True)
[2023-01-20 22:07:25,693][__main__][INFO] - parameters: Parameter containing:
tensor([[ 1.0840,  0.2760, -1.2485, -1.7706, -3.3693,  2.9795, -1.2469, -1.0086,
          0.7969, -0.0730]], requires_grad=True)
[2023-01-20 22:07:25,866][__main__][INFO] - parameters: Parameter containing:
tensor([[ 1.1326,  0.2661, -1.2465, -1.7374, -3.3473,  2.9978, -1.2196, -1.0444,
          0.8016, -0.1010]], requires_grad=True)
[2023-01-20 22:07:26,037][__main__][INFO] - parameters: Parameter containing:
tensor([[ 1.1904,  0.2389, -1.2670, -1.6915, -3.3356,  3.0449, -1.2097, -1.0669,
          0.8152, -0.1426]], requires_grad=True)
[2023-01-20 22:07:26,216][__main__][INFO] - parameters: Parameter containing:
tensor([[ 1.2497,  0.2193, -1.2857, -1.6616, -3.3299,  3.0717, -1.2010, -1.0769,
          0.8445, -0.1907]], requires_grad=True)
[2023-01-20 22:07:26,386][__main__][INFO] - parameters: Parameter containing:
tensor([[ 1.2987,  0.2212, -1.2838, -1.6307, -3.3236,  3.0485, -1.2128, -1.0102,
          0.8873, -0.2307]], requires_grad=True)
[2023-01-20 22:07:26,574][__main__][INFO] - parameters: Parameter containing:
tensor([[ 1.3633,  0.2041, -1.2908, -1.5757, -3.3106,  3.0421, -1.2238, -0.9059,
          0.9282, -0.2761]], requires_grad=True)
[2023-01-20 22:07:26,747][__main__][INFO] - parameters: Parameter containing:
tensor([[ 1.4301,  0.1582, -1.3264, -1.5797, -3.2968,  3.0379, -1.1988, -0.8380,
          0.9556, -0.2715]], requires_grad=True)
[2023-01-20 22:07:26,918][__main__][INFO] - parameters: Parameter containing:
tensor([[ 1.4965,  0.1381, -1.3477, -1.5789, -3.3306,  3.0722, -1.2163, -0.7921,
          1.0003, -0.2826]], requires_grad=True)
[2023-01-20 22:07:27,093][__main__][INFO] - parameters: Parameter containing:
tensor([[ 1.5838,  0.0909, -1.4131, -1.5866, -3.3690,  3.1205, -1.2578, -0.7402,
          1.0125, -0.2694]], requires_grad=True)
[2023-01-20 22:07:27,259][__main__][INFO] - parameters: Parameter containing:
tensor([[ 1.6412,  0.0662, -1.4551, -1.5837, -3.3973,  3.1551, -1.2981, -0.6930,
          1.0257, -0.2718]], requires_grad=True)
[2023-01-20 22:07:27,422][__main__][INFO] - parameters: Parameter containing:
tensor([[ 1.6881,  0.0693, -1.4986, -1.6329, -3.4725,  3.1797, -1.3802, -0.6166,
          1.0853, -0.3103]], requires_grad=True)
[2023-01-20 22:07:27,588][__main__][INFO] - parameters: Parameter containing:
tensor([[ 1.7236,  0.0809, -1.5092, -1.6934, -3.5362,  3.2032, -1.4094, -0.5931,
          1.1411, -0.3183]], requires_grad=True)
[2023-01-20 22:07:27,757][__main__][INFO] - parameters: Parameter containing:
tensor([[ 1.7447,  0.0646, -1.5163, -1.7378, -3.5822,  3.2690, -1.4079, -0.6086,
          1.1812, -0.2648]], requires_grad=True)
[2023-01-20 22:07:27,951][__main__][INFO] - parameters: Parameter containing:
tensor([[ 1.7812,  0.0352, -1.5287, -1.7539, -3.5825,  3.3107, -1.3663, -0.6442,
          1.1832, -0.2163]], requires_grad=True)
[2023-01-20 22:07:28,157][__main__][INFO] - parameters: Parameter containing:
tensor([[ 1.8073,  0.0146, -1.5168, -1.7485, -3.5651,  3.3254, -1.3000, -0.7061,
          1.1726, -0.1313]], requires_grad=True)
[2023-01-20 22:07:28,364][__main__][INFO] - parameters: Parameter containing:
tensor([[ 1.8805, -0.0409, -1.5291, -1.7613, -3.5681,  3.3890, -1.2152, -0.7351,
          1.1967, -0.0460]], requires_grad=True)
