[2023-02-17 17:30:12,487][__main__][INFO] - Starting descriptors ablation for smpl neutral model
[2023-02-17 17:30:12,487][__main__][INFO] - Starting with 2 descriptors
[2023-02-17 17:30:19,430][__main__][INFO] - Chosen descriptors: ['long legs', 'fat']
[2023-02-17 17:30:19,430][__main__][INFO] - Starting training
[2023-02-17 17:30:19,466][clip2mesh.optimizations.train_mapper][INFO] - Instantiating callback <pytorch_lightning.callbacks.ModelCheckpoint>
[2023-02-17 17:30:19,468][clip2mesh.optimizations.train_mapper][INFO] - dataloader batch size: 200
[2023-02-17 17:30:19,468][clip2mesh.optimizations.train_mapper][INFO] - tensorboard run name: smpl_neutral_2_descriptors
[2023-02-17 17:30:19,469][clip2mesh.optimizations.train_mapper][INFO] - instantiating model
[2023-02-17 17:30:19,478][clip2mesh.optimizations.train_mapper][INFO] - training model
[2023-02-17 17:30:52,361][clip2mesh.optimizations.train_mapper][INFO] - finished training in 32.930694818496704 seconds
[2023-02-17 17:30:52,362][__main__][INFO] - Starting evaluation
[2023-02-17 17:30:54,155][clip2mesh.data_management.data_observation.evaluate_performance][INFO] - IOU: 0.4896907216494845 | Overlap: 0.37484767243480377
[2023-02-17 17:30:54,160][__main__][INFO] - Finished with 2 descriptors
[2023-02-17 17:30:54,160][__main__][INFO] - Starting with 5 descriptors
[2023-02-17 17:30:57,702][__main__][INFO] - Chosen descriptors: ['long legs', 'curvy', 'small', 'fat', 'narrow waist']
[2023-02-17 17:30:57,702][__main__][INFO] - Starting training
[2023-02-17 17:30:57,736][clip2mesh.optimizations.train_mapper][INFO] - Instantiating callback <pytorch_lightning.callbacks.ModelCheckpoint>
[2023-02-17 17:30:57,737][clip2mesh.optimizations.train_mapper][INFO] - dataloader batch size: 200
[2023-02-17 17:30:57,738][clip2mesh.optimizations.train_mapper][INFO] - tensorboard run name: smpl_neutral_5_descriptors
[2023-02-17 17:30:57,738][clip2mesh.optimizations.train_mapper][INFO] - instantiating model
[2023-02-17 17:30:57,744][clip2mesh.optimizations.train_mapper][INFO] - training model
[2023-02-17 17:31:29,803][clip2mesh.optimizations.train_mapper][INFO] - finished training in 32.10025644302368 seconds
[2023-02-17 17:31:29,803][__main__][INFO] - Starting evaluation
[2023-02-17 17:31:33,522][clip2mesh.data_management.data_observation.evaluate_performance][INFO] - IOU: 0.5257731958762887 | Overlap: 0.7174225323209522
[2023-02-17 17:31:33,526][__main__][INFO] - Finished with 5 descriptors
[2023-02-17 17:31:33,526][__main__][INFO] - Starting with 10 descriptors
[2023-02-17 17:31:37,462][__main__][INFO] - Chosen descriptors: ['long legs', 'curvy', 'small', 'pear shaped', 'petite', 'long torso', 'stocky', 'fat', 'narrow waist', 'rectangular']
[2023-02-17 17:31:37,462][__main__][INFO] - Starting training
[2023-02-17 17:31:37,499][clip2mesh.optimizations.train_mapper][INFO] - Instantiating callback <pytorch_lightning.callbacks.ModelCheckpoint>
[2023-02-17 17:31:37,501][clip2mesh.optimizations.train_mapper][INFO] - dataloader batch size: 200
[2023-02-17 17:31:37,501][clip2mesh.optimizations.train_mapper][INFO] - tensorboard run name: smpl_neutral_10_descriptors
[2023-02-17 17:31:37,501][clip2mesh.optimizations.train_mapper][INFO] - instantiating model
[2023-02-17 17:31:37,507][clip2mesh.optimizations.train_mapper][INFO] - training model
[2023-02-17 17:32:13,781][clip2mesh.optimizations.train_mapper][INFO] - finished training in 36.316407442092896 seconds
[2023-02-17 17:32:13,781][__main__][INFO] - Starting evaluation
[2023-02-17 17:32:20,446][clip2mesh.data_management.data_observation.evaluate_performance][INFO] - IOU: 0.5187094310805651 | Overlap: 0.8497940680542886
[2023-02-17 17:32:20,450][__main__][INFO] - Finished with 10 descriptors
[2023-02-17 17:32:20,450][__main__][INFO] - Starting with 15 descriptors
[2023-02-17 17:32:24,119][__main__][INFO] - Chosen descriptors: ['long legs', 'curvy', 'small', 'pear shaped', 'petite', 'long torso', 'stocky', 'skinny', 'short', 'round apple', 'muscular', 'fit', 'fat', 'narrow waist', 'rectangular']
[2023-02-17 17:32:24,120][__main__][INFO] - Starting training
[2023-02-17 17:32:24,162][clip2mesh.optimizations.train_mapper][INFO] - Instantiating callback <pytorch_lightning.callbacks.ModelCheckpoint>
[2023-02-17 17:32:24,163][clip2mesh.optimizations.train_mapper][INFO] - dataloader batch size: 200
[2023-02-17 17:32:24,164][clip2mesh.optimizations.train_mapper][INFO] - tensorboard run name: smpl_neutral_15_descriptors
[2023-02-17 17:32:24,164][clip2mesh.optimizations.train_mapper][INFO] - instantiating model
[2023-02-17 17:32:24,169][clip2mesh.optimizations.train_mapper][INFO] - training model
[2023-02-17 17:33:04,075][clip2mesh.optimizations.train_mapper][INFO] - finished training in 39.953322410583496 seconds
[2023-02-17 17:33:04,075][__main__][INFO] - Starting evaluation
[2023-02-17 17:33:13,934][clip2mesh.data_management.data_observation.evaluate_performance][INFO] - IOU: 0.8503245513554792 | Overlap: 0.873645390070922
[2023-02-17 17:33:13,937][__main__][INFO] - Finished with 15 descriptors
[2023-02-17 17:33:13,937][__main__][INFO] - Starting with 20 descriptors
[2023-02-17 17:33:17,750][__main__][INFO] - Chosen descriptors: ['long legs', 'curvy', 'small', 'pear shaped', 'petite', 'long torso', 'stocky', 'skinny', 'short', 'round apple', 'muscular', 'fit', 'sturdy', 'proportioned', 'fat', 'narrow waist', 'rectangular']
[2023-02-17 17:33:17,750][__main__][INFO] - Starting training
[2023-02-17 17:33:17,791][clip2mesh.optimizations.train_mapper][INFO] - Instantiating callback <pytorch_lightning.callbacks.ModelCheckpoint>
[2023-02-17 17:33:17,793][clip2mesh.optimizations.train_mapper][INFO] - dataloader batch size: 200
[2023-02-17 17:33:17,793][clip2mesh.optimizations.train_mapper][INFO] - tensorboard run name: smpl_neutral_17_descriptors
[2023-02-17 17:33:17,793][clip2mesh.optimizations.train_mapper][INFO] - instantiating model
[2023-02-17 17:33:17,799][clip2mesh.optimizations.train_mapper][INFO] - training model
[2023-02-17 17:33:59,057][clip2mesh.optimizations.train_mapper][INFO] - finished training in 41.30428981781006 seconds
[2023-02-17 17:33:59,057][__main__][INFO] - Starting evaluation
[2023-02-17 17:34:09,913][clip2mesh.data_management.data_observation.evaluate_performance][INFO] - IOU: 0.9847269950362734 | Overlap: 0.8680362785104832
[2023-02-17 17:34:09,919][__main__][INFO] - Finished with 20 descriptors
[2023-02-17 17:34:09,919][__main__][INFO] - Finished descriptors ablation for smpl neutral
