[2023-01-20 20:54:37,314][choosing_descriptors][INFO] - There are total of 29 descriptors
[2023-01-20 20:55:24,792][choosing_descriptors][INFO] - Working on cluster 0
[2023-01-20 20:55:24,792][choosing_descriptors][INFO] - 0 most covering descriptor - curvy
[2023-01-20 20:55:24,792][choosing_descriptors][INFO] - Adding curvy to chosen descriptors
[2023-01-20 20:55:24,793][choosing_descriptors][INFO] - 1 most covering descriptor - pear shaped
[2023-01-20 20:55:24,795][choosing_descriptors][INFO] - pear shaped has high IoU with curvy with iou 0.3888888888888889, skipping
[2023-01-20 20:55:24,795][choosing_descriptors][INFO] - 2 most covering descriptor - fit
[2023-01-20 20:55:24,796][choosing_descriptors][INFO] - fit has high IoU with curvy with iou 0.5167464114832536, skipping
[2023-01-20 20:55:24,796][choosing_descriptors][INFO] - 3 most covering descriptor - short
[2023-01-20 20:55:24,798][choosing_descriptors][INFO] - Adding short to chosen descriptors
[2023-01-20 20:55:24,798][choosing_descriptors][INFO] - 4 most covering descriptor - long legs
[2023-01-20 20:55:24,800][choosing_descriptors][INFO] - long legs has high IoU with curvy with iou 0.3743589743589743, skipping
[2023-01-20 20:55:24,800][choosing_descriptors][INFO] - 5 most covering descriptor - lean
[2023-01-20 20:55:24,801][choosing_descriptors][INFO] - lean has high IoU with curvy with iou 0.2736318407960199, skipping
[2023-01-20 20:55:24,801][choosing_descriptors][INFO] - 6 most covering descriptor - masculine
[2023-01-20 20:55:24,803][choosing_descriptors][INFO] - masculine has high IoU with curvy with iou 0.3689839572192513, skipping
[2023-01-20 20:55:24,803][choosing_descriptors][INFO] - 7 most covering descriptor - muscular
[2023-01-20 20:55:24,805][choosing_descriptors][INFO] - muscular has high IoU with curvy with iou 0.2525773195876288, skipping
[2023-01-20 20:55:24,805][choosing_descriptors][INFO] - 8 most covering descriptor - round apple
[2023-01-20 20:55:24,807][choosing_descriptors][INFO] - round apple is correlated with curvy with corr 0.8594333476409223
[2023-01-20 20:55:24,807][choosing_descriptors][INFO] - 9 most covering descriptor - attractive
[2023-01-20 20:55:24,809][choosing_descriptors][INFO] - Adding attractive to chosen descriptors
[2023-01-20 20:55:24,809][choosing_descriptors][INFO] - 10 most covering descriptor - stocky
[2023-01-20 20:55:24,811][choosing_descriptors][INFO] - stocky has high IoU with attractive with iou 0.6666666666666666, skipping
[2023-01-20 20:55:24,812][choosing_descriptors][INFO] - 11 most covering descriptor - built
[2023-01-20 20:55:24,814][choosing_descriptors][INFO] - built has high IoU with attractive with iou 0.217391304347826, skipping
[2023-01-20 20:55:24,814][choosing_descriptors][INFO] - 12 most covering descriptor - sturdy
[2023-01-20 20:55:24,817][choosing_descriptors][INFO] - sturdy is correlated with curvy with corr 0.6592298122335114
[2023-01-20 20:55:24,817][choosing_descriptors][INFO] - 13 most covering descriptor - short legs
[2023-01-20 20:55:24,820][choosing_descriptors][INFO] - short legs is correlated with curvy with corr 0.693632991290143
[2023-01-20 20:55:24,820][choosing_descriptors][INFO] - 14 most covering descriptor - sexy
[2023-01-20 20:55:24,823][choosing_descriptors][INFO] - sexy has high IoU with attractive with iou 0.3513513513513513, skipping
[2023-01-20 20:55:24,823][choosing_descriptors][INFO] - currently chosen descriptors: {'curvy': {'iou': 0.20455225253625084, 'vertex_coverage': 187}, 'short': {'iou': 0.10945195492538917, 'vertex_coverage': 87}, 'attractive': {'iou': 0.22522510842805543, 'vertex_coverage': 34}}
[2023-01-20 20:55:24,823][choosing_descriptors][INFO] - Finished cluster 0
[2023-01-20 20:55:24,823][choosing_descriptors][INFO] - Working on cluster 1
[2023-01-20 20:55:24,824][choosing_descriptors][INFO] - 0 most covering descriptor - short torso
[2023-01-20 20:55:24,824][choosing_descriptors][INFO] - Adding short torso to chosen descriptors
[2023-01-20 20:55:24,825][choosing_descriptors][INFO] - 1 most covering descriptor - fat
[2023-01-20 20:55:24,827][choosing_descriptors][INFO] - fat has high IoU with short torso with iou 0.4502923976608187, skipping
[2023-01-20 20:55:24,827][choosing_descriptors][INFO] - 2 most covering descriptor - broad shoulders
[2023-01-20 20:55:24,829][choosing_descriptors][INFO] - broad shoulders is correlated with short torso with corr 0.5796289113655224
[2023-01-20 20:55:24,829][choosing_descriptors][INFO] - 3 most covering descriptor - long torso
[2023-01-20 20:55:24,831][choosing_descriptors][INFO] - long torso is correlated with short torso with corr 0.717333606916391
[2023-01-20 20:55:24,831][choosing_descriptors][INFO] - 4 most covering descriptor - narrow waist
[2023-01-20 20:55:24,833][choosing_descriptors][INFO] - Adding narrow waist to chosen descriptors
[2023-01-20 20:55:24,833][choosing_descriptors][INFO] - 5 most covering descriptor - tall
[2023-01-20 20:55:24,836][choosing_descriptors][INFO] - Adding tall to chosen descriptors
[2023-01-20 20:55:24,836][choosing_descriptors][INFO] - currently chosen descriptors: {'short torso': {'iou': 0.22474943436561426, 'vertex_coverage': 162}, 'narrow waist': {'iou': 0.12443896824396906, 'vertex_coverage': 18}, 'tall': {'iou': 0.058253226574390866, 'vertex_coverage': 8}}
[2023-01-20 20:55:24,836][choosing_descriptors][INFO] - Finished cluster 1
[2023-01-20 20:55:24,836][choosing_descriptors][INFO] - Working on cluster 2
[2023-01-20 20:55:24,837][choosing_descriptors][INFO] - 0 most covering descriptor - heavyset
[2023-01-20 20:55:24,837][choosing_descriptors][INFO] - Adding heavyset to chosen descriptors
[2023-01-20 20:55:24,838][choosing_descriptors][INFO] - 1 most covering descriptor - rectangular
[2023-01-20 20:55:24,840][choosing_descriptors][INFO] - Adding rectangular to chosen descriptors
[2023-01-20 20:55:24,840][choosing_descriptors][INFO] - 2 most covering descriptor - big
[2023-01-20 20:55:24,840][choosing_descriptors][INFO] - big not in correlations df
[2023-01-20 20:55:24,840][choosing_descriptors][INFO] - currently chosen descriptors: {'heavyset': {'iou': 0.12305600213052922, 'vertex_coverage': 108}, 'rectangular': {'iou': 0.08646937622858002, 'vertex_coverage': 23}}
[2023-01-20 20:55:24,840][choosing_descriptors][INFO] - Finished cluster 2
[2023-01-20 20:55:24,840][choosing_descriptors][INFO] - Working on cluster 3
[2023-01-20 20:55:24,841][choosing_descriptors][INFO] - 0 most covering descriptor - skinny
[2023-01-20 20:55:24,841][choosing_descriptors][INFO] - Adding skinny to chosen descriptors
[2023-01-20 20:55:24,842][choosing_descriptors][INFO] - 1 most covering descriptor - proportioned
[2023-01-20 20:55:24,844][choosing_descriptors][INFO] - proportioned has high IoU with skinny with iou 0.2527472527472527, skipping
[2023-01-20 20:55:24,844][choosing_descriptors][INFO] - 2 most covering descriptor - long
[2023-01-20 20:55:24,846][choosing_descriptors][INFO] - long is correlated with skinny with corr 0.7973280768962225
[2023-01-20 20:55:24,846][choosing_descriptors][INFO] - currently chosen descriptors: {'skinny': {'iou': 0.18244426442912864, 'vertex_coverage': 60}}
[2023-01-20 20:55:24,846][choosing_descriptors][INFO] - Finished cluster 3
[2023-01-20 20:55:24,846][choosing_descriptors][INFO] - Working on cluster 4
[2023-01-20 20:55:24,847][choosing_descriptors][INFO] - 0 most covering descriptor - small
[2023-01-20 20:55:24,847][choosing_descriptors][INFO] - Adding small to chosen descriptors
[2023-01-20 20:55:24,848][choosing_descriptors][INFO] - 1 most covering descriptor - petite
[2023-01-20 20:55:24,850][choosing_descriptors][INFO] - petite is correlated with small with corr 0.5321996211710347
[2023-01-20 20:55:24,850][choosing_descriptors][INFO] - currently chosen descriptors: {'small': {'iou': 0.21252549252588285, 'vertex_coverage': 136}}
[2023-01-20 20:55:24,850][choosing_descriptors][INFO] - Finished cluster 4
[2023-01-20 20:55:24,850][choosing_descriptors][INFO] - There are 10 chosen descriptors
[2023-01-20 20:55:24,850][choosing_descriptors][INFO] - chosen descriptors: [['curvy', 'short', 'attractive'], ['short torso', 'narrow waist', 'tall'], ['heavyset', 'rectangular'], ['skinny'], ['small']]
