[2023-01-21 17:49:29,857][choosing_descriptors][INFO] - There are total of 11 descriptors
[2023-01-21 17:49:29,858][choosing_descriptors][INFO] - Working on cluster 0
[2023-01-21 17:49:29,859][choosing_descriptors][INFO] - 0 most variance descriptor - ears sticking-out
[2023-01-21 17:49:29,859][choosing_descriptors][INFO] - Adding ears sticking-out to chosen descriptors
[2023-01-21 17:49:29,859][choosing_descriptors][INFO] - 1 most variance descriptor - chubby cheeks
[2023-01-21 17:49:29,860][choosing_descriptors][INFO] - chubby cheeks is correlated with ears sticking-out with corr -0.611327923917199
[2023-01-21 17:49:29,860][choosing_descriptors][INFO] - 2 most variance descriptor - big mouth
[2023-01-21 17:49:29,860][choosing_descriptors][INFO] - Adding big mouth to chosen descriptors
[2023-01-21 17:49:29,860][choosing_descriptors][INFO] - currently chosen descriptors: {'ears sticking-out': {'variance': 0.4786706156246535}, 'big mouth': {'variance': 0.23328302654801417}}
[2023-01-21 17:49:29,860][choosing_descriptors][INFO] - Finished cluster 0
[2023-01-21 17:49:29,860][choosing_descriptors][INFO] - Working on cluster 2
[2023-01-21 17:49:29,861][choosing_descriptors][INFO] - 0 most variance descriptor - fat
[2023-01-21 17:49:29,861][choosing_descriptors][INFO] - Adding fat to chosen descriptors
[2023-01-21 17:49:29,861][choosing_descriptors][INFO] - currently chosen descriptors: {'fat': {'variance': 0.5097797707085544}}
[2023-01-21 17:49:29,861][choosing_descriptors][INFO] - Finished cluster 2
[2023-01-21 17:49:29,861][choosing_descriptors][INFO] - Working on cluster 3
[2023-01-21 17:49:29,861][choosing_descriptors][INFO] - 0 most variance descriptor - thin
[2023-01-21 17:49:29,861][choosing_descriptors][INFO] - Adding thin to chosen descriptors
[2023-01-21 17:49:29,861][choosing_descriptors][INFO] - currently chosen descriptors: {'thin': {'variance': 1.2125299531405125}}
[2023-01-21 17:49:29,861][choosing_descriptors][INFO] - Finished cluster 3
[2023-01-21 17:49:29,861][choosing_descriptors][INFO] - Working on cluster 4
[2023-01-21 17:49:29,862][choosing_descriptors][INFO] - 0 most variance descriptor - long neck
[2023-01-21 17:49:29,862][choosing_descriptors][INFO] - Adding long neck to chosen descriptors
[2023-01-21 17:49:29,862][choosing_descriptors][INFO] - 1 most variance descriptor - long head
[2023-01-21 17:49:29,863][choosing_descriptors][INFO] - long head is correlated with long neck with corr 0.8757543449564797
[2023-01-21 17:49:29,863][choosing_descriptors][INFO] - 2 most variance descriptor - big forhead
[2023-01-21 17:49:29,863][choosing_descriptors][INFO] - Adding big forhead to chosen descriptors
[2023-01-21 17:49:29,863][choosing_descriptors][INFO] - 3 most variance descriptor - small chin
[2023-01-21 17:49:29,864][choosing_descriptors][INFO] - Adding small chin to chosen descriptors
[2023-01-21 17:49:29,864][choosing_descriptors][INFO] - 4 most variance descriptor - nose sticking-out
[2023-01-21 17:49:29,865][choosing_descriptors][INFO] - nose sticking-out is correlated with long neck with corr 0.6065349830205996
[2023-01-21 17:49:29,865][choosing_descriptors][INFO] - currently chosen descriptors: {'long neck': {'variance': 1.229582960183979}, 'big forhead': {'variance': 0.40178241967526285}, 'small chin': {'variance': 0.14107360869645102}}
[2023-01-21 17:49:29,865][choosing_descriptors][INFO] - Finished cluster 4
[2023-01-21 17:49:29,865][choosing_descriptors][INFO] - Working on cluster 5
[2023-01-21 17:49:29,865][choosing_descriptors][INFO] - 0 most variance descriptor - big eyebrows
[2023-01-21 17:49:29,865][choosing_descriptors][INFO] - Adding big eyebrows to chosen descriptors
[2023-01-21 17:49:29,865][choosing_descriptors][INFO] - currently chosen descriptors: {'big eyebrows': {'variance': 0.18224428019864009}}
[2023-01-21 17:49:29,866][choosing_descriptors][INFO] - Finished cluster 5
[2023-01-21 17:49:29,866][choosing_descriptors][INFO] - There are 8 chosen descriptors in initial filter
[2023-01-21 17:49:29,866][choosing_descriptors][INFO] - chosen descriptors: [['ears sticking-out', 'big mouth'], ['fat'], ['thin'], ['long neck', 'big forhead', 'small chin'], ['big eyebrows']]
[2023-01-21 17:49:29,866][choosing_descriptors][INFO] - Final filter
[2023-01-21 17:49:29,867][choosing_descriptors][INFO] - Descriptor long neck has variance 1.229582960183979
[2023-01-21 17:49:29,868][choosing_descriptors][INFO] - Descriptor long neck is correlated with big mouth with correlation 0.6167662045777805 - removing big mouth
[2023-01-21 17:49:29,868][choosing_descriptors][INFO] - Descriptor long neck is correlated with ears sticking-out with correlation 0.8870348757322982 - removing ears sticking-out
[2023-01-21 17:49:29,869][choosing_descriptors][INFO] - Descriptor long neck is correlated with thin with correlation 0.9406391553486161 - removing thin
[2023-01-21 17:49:29,870][choosing_descriptors][INFO] - Descriptor fat has variance 0.5097797707085544
[2023-01-21 17:49:29,871][choosing_descriptors][INFO] - Descriptor fat is correlated with small chin with correlation 0.5805732470000375 - removing small chin
[2023-01-21 17:49:29,872][choosing_descriptors][INFO] - Descriptor big forhead has variance 0.40178241967526285
[2023-01-21 17:49:29,873][choosing_descriptors][INFO] - Descriptor big forhead is correlated with big mouth with correlation 0.5874760239752619 - removing big mouth
[2023-01-21 17:49:29,874][choosing_descriptors][INFO] - Descriptor big forhead is correlated with thin with correlation 0.6171284219884929 - removing thin
[2023-01-21 17:49:29,875][choosing_descriptors][INFO] - Descriptor big eyebrows has variance 0.18224428019864009
