[2023-02-11 16:41:13,571][choosing_descriptors][INFO] - There are total of 24 descriptors
[2023-02-11 16:41:13,571][choosing_descriptors][INFO] - Keeping []
[2023-02-11 16:41:13,572][choosing_descriptors][INFO] - Working on cluster 0
[2023-02-11 16:41:13,573][choosing_descriptors][INFO] - 0 most variance descriptor - long legs
[2023-02-11 16:41:13,573][choosing_descriptors][INFO] - Adding long legs to chosen descriptors
[2023-02-11 16:41:13,573][choosing_descriptors][INFO] - 1 most variance descriptor - pear shaped
[2023-02-11 16:41:13,574][choosing_descriptors][INFO] - pear shaped is correlated with long legs with corr -0.8050377920389262
[2023-02-11 16:41:13,574][choosing_descriptors][INFO] - 2 most variance descriptor - petite
[2023-02-11 16:41:13,574][choosing_descriptors][INFO] - petite is correlated with long legs with corr 0.612664013587361
[2023-02-11 16:41:13,574][choosing_descriptors][INFO] - 3 most variance descriptor - curvy
[2023-02-11 16:41:13,575][choosing_descriptors][INFO] - Adding curvy to chosen descriptors
[2023-02-11 16:41:13,575][choosing_descriptors][INFO] - 4 most variance descriptor - long torso
[2023-02-11 16:41:13,576][choosing_descriptors][INFO] - long torso is correlated with long legs with corr 0.8114267657337618
[2023-02-11 16:41:13,576][choosing_descriptors][INFO] - 5 most variance descriptor - stocky
[2023-02-11 16:41:13,577][choosing_descriptors][INFO] - stocky is correlated with long legs with corr -0.6014624114402887
[2023-02-11 16:41:13,577][choosing_descriptors][INFO] - 6 most variance descriptor - skinny
[2023-02-11 16:41:13,577][choosing_descriptors][INFO] - skinny is correlated with long legs with corr 0.8993787162874544
[2023-02-11 16:41:13,577][choosing_descriptors][INFO] - 7 most variance descriptor - short
[2023-02-11 16:41:13,578][choosing_descriptors][INFO] - short is correlated with long legs with corr 0.6849345371139252
[2023-02-11 16:41:13,578][choosing_descriptors][INFO] - 8 most variance descriptor - short legs
[2023-02-11 16:41:13,579][choosing_descriptors][INFO] - short legs is correlated with long legs with corr 0.8776318847933832
[2023-02-11 16:41:13,579][choosing_descriptors][INFO] - 9 most variance descriptor - short torso
[2023-02-11 16:41:13,579][choosing_descriptors][INFO] - short torso is correlated with long legs with corr 0.6683632969782141
[2023-02-11 16:41:13,580][choosing_descriptors][INFO] - 10 most variance descriptor - small
[2023-02-11 16:41:13,581][choosing_descriptors][INFO] - Adding small to chosen descriptors
[2023-02-11 16:41:13,581][choosing_descriptors][INFO] - 11 most variance descriptor - round apple
[2023-02-11 16:41:13,582][choosing_descriptors][INFO] - round apple is correlated with small with corr 0.7779891746972311
[2023-02-11 16:41:13,582][choosing_descriptors][INFO] - 12 most variance descriptor - lean
[2023-02-11 16:41:13,583][choosing_descriptors][INFO] - Adding lean to chosen descriptors
[2023-02-11 16:41:13,584][choosing_descriptors][INFO] - 13 most variance descriptor - muscular
[2023-02-11 16:41:13,584][choosing_descriptors][INFO] - muscular is correlated with long legs with corr 0.6429758674969062
[2023-02-11 16:41:13,584][choosing_descriptors][INFO] - 14 most variance descriptor - fit
[2023-02-11 16:41:13,585][choosing_descriptors][INFO] - fit is correlated with long legs with corr 0.6737290116942682
[2023-02-11 16:41:13,585][choosing_descriptors][INFO] - 15 most variance descriptor - sturdy
[2023-02-11 16:41:13,586][choosing_descriptors][INFO] - sturdy is correlated with small with corr 0.7356736938585312
[2023-02-11 16:41:13,587][choosing_descriptors][INFO] - 16 most variance descriptor - proportioned
[2023-02-11 16:41:13,588][choosing_descriptors][INFO] - Adding proportioned to chosen descriptors
[2023-02-11 16:41:13,588][choosing_descriptors][INFO] - currently chosen descriptors: {'long legs': {'variance': 0.44365185180541955}, 'curvy': {'variance': 0.2031263402633777}, 'small': {'variance': 0.10449822789779754}, 'lean': {'variance': 0.08041552088543405}, 'proportioned': {'variance': 0.04597921431709876}}
[2023-02-11 16:41:13,588][choosing_descriptors][INFO] - Finished cluster 0
[2023-02-11 16:41:13,589][choosing_descriptors][INFO] - Working on cluster 1
[2023-02-11 16:41:13,589][choosing_descriptors][INFO] - 0 most variance descriptor - fat
[2023-02-11 16:41:13,589][choosing_descriptors][INFO] - Adding fat to chosen descriptors
[2023-02-11 16:41:13,589][choosing_descriptors][INFO] - 1 most variance descriptor - big
[2023-02-11 16:41:13,590][choosing_descriptors][INFO] - big is correlated with fat with corr 0.9582606590779499
[2023-02-11 16:41:13,590][choosing_descriptors][INFO] - 2 most variance descriptor - heavyset
[2023-02-11 16:41:13,591][choosing_descriptors][INFO] - heavyset is correlated with fat with corr 0.9268641247092131
[2023-02-11 16:41:13,591][choosing_descriptors][INFO] - 3 most variance descriptor - tall
[2023-02-11 16:41:13,592][choosing_descriptors][INFO] - tall is correlated with fat with corr -0.6042991383125212
[2023-02-11 16:41:13,592][choosing_descriptors][INFO] - 4 most variance descriptor - rectangular
[2023-02-11 16:41:13,593][choosing_descriptors][INFO] - Adding rectangular to chosen descriptors
[2023-02-11 16:41:13,593][choosing_descriptors][INFO] - 5 most variance descriptor - long
[2023-02-11 16:41:13,595][choosing_descriptors][INFO] - long is correlated with rectangular with corr 0.638950353317122
[2023-02-11 16:41:13,595][choosing_descriptors][INFO] - 6 most variance descriptor - narrow waist
[2023-02-11 16:41:13,597][choosing_descriptors][INFO] - Adding narrow waist to chosen descriptors
[2023-02-11 16:41:13,597][choosing_descriptors][INFO] - currently chosen descriptors: {'fat': {'variance': 0.589250367635566}, 'rectangular': {'variance': 0.08618068913596198}, 'narrow waist': {'variance': 0.06268055690329936}}
[2023-02-11 16:41:13,597][choosing_descriptors][INFO] - Finished cluster 1
[2023-02-11 16:41:13,597][choosing_descriptors][INFO] - There are 8 chosen descriptors in initial filter
[2023-02-11 16:41:13,597][choosing_descriptors][INFO] - chosen descriptors: [['long legs', 'curvy', 'small', 'lean', 'proportioned'], ['fat', 'rectangular', 'narrow waist']]
[2023-02-11 16:41:13,597][choosing_descriptors][INFO] - Final filter
[2023-02-11 16:41:13,599][choosing_descriptors][INFO] - Descriptor long legs has variance 0.44365185180541955
[2023-02-11 16:41:13,600][choosing_descriptors][INFO] - Descriptor long legs is correlated with rectangular with correlation 0.6304712911796552
[2023-02-11 16:41:13,601][choosing_descriptors][INFO] - Removing rectangular because it is correlated with long legs
[2023-02-11 16:41:14,618][choosing_descriptors][INFO] - Descriptor curvy has variance 0.2031263402633777
[2023-02-11 16:41:14,619][choosing_descriptors][INFO] - Descriptor curvy is correlated with fat with correlation 0.7115447504015168
[2023-02-11 16:41:14,619][choosing_descriptors][INFO] - Removing curvy because fat is already chosen
[2023-02-11 16:41:14,619][choosing_descriptors][INFO] - Descriptor small has variance 0.10449822789779754
[2023-02-11 16:41:14,620][choosing_descriptors][INFO] - Descriptor small is correlated with fat with correlation 0.6781772328354719
[2023-02-11 16:41:14,620][choosing_descriptors][INFO] - Removing small because fat is already chosen
[2023-02-11 16:41:14,691][choosing_descriptors][INFO] - Descriptor lean has variance 0.08041552088543405
[2023-02-11 16:41:14,693][choosing_descriptors][INFO] - Removing lean because it is an antonym of fat
[2023-02-11 16:41:14,693][choosing_descriptors][INFO] - Descriptor narrow waist has variance 0.06268055690329936
[2023-02-11 16:41:14,696][choosing_descriptors][INFO] - Descriptor proportioned has variance 0.04597921431709876
[2023-02-11 16:41:14,698][choosing_descriptors][INFO] - Too few descriptors (4) - increasing
