[2023-01-19 20:42:06,220][__main__][INFO] - parameters: Parameter containing:
tensor([[-0.1000, -0.1000,  0.1000,  0.1000,  0.1000,  0.1000,  0.1000,  0.1000,
          0.1000, -0.1000]], requires_grad=True)
[2023-01-19 20:42:06,221][__main__][INFO] - scores: tensor([[24.6250, 25.5000, 24.7031, 23.0469, 24.5000]], device='cuda:0',
       dtype=torch.float16, grad_fn=<MmBackward>)
[2023-01-19 20:42:06,575][__main__][INFO] - parameters: Parameter containing:
tensor([[-0.1142, -0.1995,  0.0900,  0.1997,  0.1800,  0.1314,  0.1063,  0.0755,
          0.0578, -0.0969]], requires_grad=True)
[2023-01-19 20:42:06,579][__main__][INFO] - scores: tensor([[24.5000, 25.4531, 24.5781, 23.1094, 24.5469]], device='cuda:0',
       dtype=torch.float16, grad_fn=<MmBackward>)
[2023-01-19 20:42:06,910][__main__][INFO] - parameters: Parameter containing:
tensor([[-0.1000, -0.2944,  0.0406,  0.2909,  0.1848,  0.1422,  0.0501,  0.0851,
          0.0074, -0.1005]], requires_grad=True)
[2023-01-19 20:42:06,913][__main__][INFO] - scores: tensor([[24.4531, 25.4375, 24.5781, 23.0469, 24.4375]], device='cuda:0',
       dtype=torch.float16, grad_fn=<MmBackward>)
[2023-01-19 20:42:07,219][__main__][INFO] - parameters: Parameter containing:
tensor([[-0.0788, -0.3820, -0.0257,  0.2831,  0.1773,  0.1025, -0.0202,  0.1395,
         -0.0426, -0.1118]], requires_grad=True)
[2023-01-19 20:42:07,220][__main__][INFO] - scores: tensor([[24.4062, 25.3750, 24.5000, 23.0000, 24.3594]], device='cuda:0',
       dtype=torch.float16, grad_fn=<MmBackward>)
[2023-01-19 20:42:07,569][__main__][INFO] - parameters: Parameter containing:
tensor([[-0.0319, -0.4615, -0.0989,  0.2467,  0.1413,  0.0595, -0.0885,  0.1715,
         -0.0823, -0.0972]], requires_grad=True)
[2023-01-19 20:42:07,572][__main__][INFO] - scores: tensor([[24.4219, 25.3438, 24.4688, 23.0156, 24.3906]], device='cuda:0',
       dtype=torch.float16, grad_fn=<MmBackward>)
[2023-01-19 20:42:07,893][__main__][INFO] - parameters: Parameter containing:
tensor([[ 0.0281, -0.5451, -0.1800,  0.2359,  0.0947,  0.0532, -0.1635,  0.1632,
         -0.1433, -0.0889]], requires_grad=True)
[2023-01-19 20:42:07,898][__main__][INFO] - scores: tensor([[24.4375, 25.2969, 24.5156, 23.0312, 24.3281]], device='cuda:0',
       dtype=torch.float16, grad_fn=<MmBackward>)
[2023-01-19 20:42:08,219][__main__][INFO] - parameters: Parameter containing:
tensor([[ 0.0962, -0.6319, -0.2663,  0.2509,  0.0466,  0.0810, -0.2439,  0.1328,
         -0.2108, -0.0786]], requires_grad=True)
[2023-01-19 20:42:08,223][__main__][INFO] - scores: tensor([[24.2656, 25.1875, 24.3750, 22.8438, 24.2500]], device='cuda:0',
       dtype=torch.float16, grad_fn=<MmBackward>)
[2023-01-19 20:42:08,520][__main__][INFO] - parameters: Parameter containing:
tensor([[ 1.4741e-01, -7.0284e-01, -3.4443e-01,  2.6496e-01, -3.9970e-04,
          1.1283e-01, -3.1865e-01,  1.0755e-01, -2.7353e-01, -6.0802e-02]],
       requires_grad=True)
[2023-01-19 20:42:08,522][__main__][INFO] - scores: tensor([[24.2344, 25.2656, 24.4062, 22.9531, 24.2500]], device='cuda:0',
       dtype=torch.float16, grad_fn=<MmBackward>)
[2023-01-19 20:42:08,829][__main__][INFO] - parameters: Parameter containing:
tensor([[ 0.2081, -0.7823, -0.4291,  0.2916, -0.0616,  0.1598, -0.4007,  0.0619,
         -0.3475, -0.0538]], requires_grad=True)
[2023-01-19 20:42:08,831][__main__][INFO] - scores: tensor([[24.3750, 25.2344, 24.3281, 23.0781, 24.3750]], device='cuda:0',
       dtype=torch.float16, grad_fn=<MmBackward>)
[2023-01-19 20:42:09,150][__main__][INFO] - parameters: Parameter containing:
tensor([[ 0.2771, -0.8617, -0.5186,  0.3194, -0.1330,  0.2098, -0.4878,  0.0489,
         -0.4190, -0.0503]], requires_grad=True)
[2023-01-19 20:42:09,154][__main__][INFO] - scores: tensor([[24.5312, 25.2500, 24.3281, 23.1719, 24.4219]], device='cuda:0',
       dtype=torch.float16, grad_fn=<MmBackward>)
[2023-01-19 20:42:09,501][__main__][INFO] - parameters: Parameter containing:
tensor([[ 0.3550, -0.9397, -0.6106,  0.3413, -0.2123,  0.2750, -0.5795,  0.0269,
         -0.4988, -0.0271]], requires_grad=True)
[2023-01-19 20:42:09,507][__main__][INFO] - scores: tensor([[24.6094, 25.2969, 24.3906, 23.1875, 24.5625]], device='cuda:0',
       dtype=torch.float16, grad_fn=<MmBackward>)
[2023-01-19 20:42:09,842][__main__][INFO] - parameters: Parameter containing:
tensor([[ 0.4043, -0.9839, -0.6658,  0.3887, -0.2515,  0.3212, -0.6544,  0.0215,
         -0.5500, -0.0465]], requires_grad=True)
[2023-01-19 20:42:09,848][__main__][INFO] - scores: tensor([[24.4688, 25.2812, 24.2812, 23.0312, 24.5000]], device='cuda:0',
       dtype=torch.float16, grad_fn=<MmBackward>)
[2023-01-19 20:42:10,158][__main__][INFO] - parameters: Parameter containing:
tensor([[ 0.4329, -1.0225, -0.7063,  0.4461, -0.2576,  0.3613, -0.7152,  0.0246,
         -0.6026, -0.0755]], requires_grad=True)
[2023-01-19 20:42:10,164][__main__][INFO] - scores: tensor([[24.4688, 25.2188, 24.2500, 22.9531, 24.5156]], device='cuda:0',
       dtype=torch.float16, grad_fn=<MmBackward>)
[2023-01-19 20:42:10,479][__main__][INFO] - parameters: Parameter containing:
tensor([[ 0.4473, -1.0604, -0.7375,  0.5097, -0.2406,  0.4001, -0.7564,  0.0093,
         -0.6530, -0.0883]], requires_grad=True)
[2023-01-19 20:42:10,485][__main__][INFO] - scores: tensor([[24.5312, 25.1875, 24.2656, 22.9531, 24.5469]], device='cuda:0',
       dtype=torch.float16, grad_fn=<MmBackward>)
[2023-01-19 20:42:10,782][__main__][INFO] - parameters: Parameter containing:
tensor([[ 0.4297, -1.0860, -0.7461,  0.5509, -0.2032,  0.4058, -0.7724,  0.0136,
         -0.6939, -0.1060]], requires_grad=True)
[2023-01-19 20:42:10,784][__main__][INFO] - scores: tensor([[24.3906, 25.0938, 24.1562, 22.8594, 24.4688]], device='cuda:0',
       dtype=torch.float16, grad_fn=<MmBackward>)
[2023-01-19 20:42:11,101][__main__][INFO] - parameters: Parameter containing:
tensor([[ 0.4047, -1.1039, -0.7447,  0.5822, -0.1624,  0.4074, -0.7766,  0.0181,
         -0.7239, -0.1105]], requires_grad=True)
[2023-01-19 20:42:11,107][__main__][INFO] - scores: tensor([[24.3125, 25.0625, 24.1250, 22.7500, 24.3906]], device='cuda:0',
       dtype=torch.float16, grad_fn=<MmBackward>)
[2023-01-19 20:42:11,409][__main__][INFO] - parameters: Parameter containing:
tensor([[ 0.3656, -1.1014, -0.7260,  0.6131, -0.1057,  0.3860, -0.7633,  0.0365,
         -0.7502, -0.1307]], requires_grad=True)
[2023-01-19 20:42:11,417][__main__][INFO] - scores: tensor([[24.4375, 25.1719, 24.2188, 22.8438, 24.4844]], device='cuda:0',
       dtype=torch.float16, grad_fn=<MmBackward>)
[2023-01-19 20:42:11,707][__main__][INFO] - parameters: Parameter containing:
tensor([[ 0.3265, -1.0896, -0.7063,  0.6290, -0.0612,  0.3517, -0.7555,  0.0677,
         -0.7593, -0.1565]], requires_grad=True)
[2023-01-19 20:42:11,708][__main__][INFO] - scores: tensor([[24.4531, 25.1406, 24.2188, 22.8125, 24.4375]], device='cuda:0',
       dtype=torch.float16, grad_fn=<MmBackward>)
[2023-01-19 20:42:12,013][__main__][INFO] - parameters: Parameter containing:
tensor([[ 0.3037, -1.0734, -0.6966,  0.6301, -0.0462,  0.3290, -0.7597,  0.0939,
         -0.7717, -0.1833]], requires_grad=True)
[2023-01-19 20:42:12,016][__main__][INFO] - scores: tensor([[24.5156, 25.1719, 24.2344, 22.8906, 24.5156]], device='cuda:0',
       dtype=torch.float16, grad_fn=<MmBackward>)
[2023-01-19 20:42:12,328][__main__][INFO] - parameters: Parameter containing:
tensor([[ 0.2688, -1.0427, -0.6799,  0.6244, -0.0415,  0.3032, -0.7725,  0.1309,
         -0.7653, -0.2277]], requires_grad=True)
[2023-01-19 20:42:12,334][__main__][INFO] - scores: tensor([[24.4688, 25.1406, 24.2188, 22.8906, 24.5000]], device='cuda:0',
       dtype=torch.float16, grad_fn=<MmBackward>)
[2023-01-19 20:42:12,645][__main__][INFO] - parameters: Parameter containing:
tensor([[ 0.2314, -1.0182, -0.6656,  0.6316, -0.0306,  0.2793, -0.7899,  0.1663,
         -0.7668, -0.2680]], requires_grad=True)
[2023-01-19 20:42:12,646][__main__][INFO] - scores: tensor([[24.4062, 25.1250, 24.2500, 22.9062, 24.5000]], device='cuda:0',
       dtype=torch.float16, grad_fn=<MmBackward>)
[2023-01-19 20:42:12,946][__main__][INFO] - parameters: Parameter containing:
tensor([[ 0.1951, -0.9888, -0.6450,  0.6547, -0.0095,  0.2487, -0.8029,  0.2088,
         -0.7527, -0.3050]], requires_grad=True)
[2023-01-19 20:42:12,953][__main__][INFO] - scores: tensor([[24.4844, 25.1562, 24.2344, 22.8906, 24.4844]], device='cuda:0',
       dtype=torch.float16, grad_fn=<MmBackward>)
[2023-01-19 20:42:13,275][__main__][INFO] - parameters: Parameter containing:
tensor([[ 0.1489, -0.9589, -0.6134,  0.6921,  0.0226,  0.2207, -0.8028,  0.2588,
         -0.7301, -0.3498]], requires_grad=True)
[2023-01-19 20:42:13,277][__main__][INFO] - scores: tensor([[24.4219, 25.1250, 24.2344, 22.7344, 24.4219]], device='cuda:0',
       dtype=torch.float16, grad_fn=<MmBackward>)
[2023-01-19 20:42:13,587][__main__][INFO] - parameters: Parameter containing:
tensor([[ 0.0996, -0.9294, -0.5849,  0.7163,  0.0484,  0.1839, -0.8094,  0.3178,
         -0.7099, -0.3941]], requires_grad=True)
[2023-01-19 20:42:13,594][__main__][INFO] - scores: tensor([[24.5625, 25.1719, 24.2969, 22.7344, 24.4062]], device='cuda:0',
       dtype=torch.float16, grad_fn=<MmBackward>)
[2023-01-19 20:42:13,896][__main__][INFO] - parameters: Parameter containing:
tensor([[ 0.0729, -0.9012, -0.5677,  0.7390,  0.0602,  0.1515, -0.8225,  0.3585,
         -0.6833, -0.4280]], requires_grad=True)
[2023-01-19 20:42:13,898][__main__][INFO] - scores: tensor([[24.5312, 25.1562, 24.3438, 22.9062, 24.4688]], device='cuda:0',
       dtype=torch.float16, grad_fn=<MmBackward>)
[2023-01-19 20:42:14,194][__main__][INFO] - parameters: Parameter containing:
tensor([[ 0.0489, -0.8822, -0.5523,  0.7446,  0.0761,  0.1210, -0.8258,  0.3886,
         -0.6583, -0.4534]], requires_grad=True)
[2023-01-19 20:42:14,197][__main__][INFO] - scores: tensor([[24.5469, 25.2344, 24.3906, 22.7969, 24.4219]], device='cuda:0',
       dtype=torch.float16, grad_fn=<MmBackward>)
[2023-01-19 20:42:14,508][__main__][INFO] - parameters: Parameter containing:
tensor([[ 0.0358, -0.8700, -0.5481,  0.7528,  0.0838,  0.0927, -0.8408,  0.4127,
         -0.6451, -0.4736]], requires_grad=True)
[2023-01-19 20:42:14,512][__main__][INFO] - scores: tensor([[24.4531, 25.2188, 24.4062, 22.9375, 24.4844]], device='cuda:0',
       dtype=torch.float16, grad_fn=<MmBackward>)
[2023-01-19 20:42:14,814][__main__][INFO] - parameters: Parameter containing:
tensor([[ 0.0186, -0.8758, -0.5441,  0.7372,  0.0925,  0.0722, -0.8421,  0.4420,
         -0.6206, -0.4801]], requires_grad=True)
[2023-01-19 20:42:14,821][__main__][INFO] - scores: tensor([[24.5469, 25.2812, 24.4531, 22.9844, 24.5469]], device='cuda:0',
       dtype=torch.float16, grad_fn=<MmBackward>)
[2023-01-19 20:42:15,125][__main__][INFO] - parameters: Parameter containing:
tensor([[ 0.0063, -0.8840, -0.5389,  0.7257,  0.1049,  0.0561, -0.8357,  0.4678,
         -0.5945, -0.4762]], requires_grad=True)
[2023-01-19 20:42:15,128][__main__][INFO] - scores: tensor([[24.5156, 25.2812, 24.4688, 22.9062, 24.5000]], device='cuda:0',
       dtype=torch.float16, grad_fn=<MmBackward>)
[2023-01-19 20:42:15,431][__main__][INFO] - parameters: Parameter containing:
tensor([[-0.0124, -0.8932, -0.5317,  0.7041,  0.1159,  0.0444, -0.8303,  0.5058,
         -0.5599, -0.4900]], requires_grad=True)
[2023-01-19 20:42:15,438][__main__][INFO] - scores: tensor([[24.4844, 25.2344, 24.4375, 22.8594, 24.4375]], device='cuda:0',
       dtype=torch.float16, grad_fn=<MmBackward>)
[2023-01-19 20:42:15,764][__main__][INFO] - parameters: Parameter containing:
tensor([[-0.0242, -0.9084, -0.5277,  0.6898,  0.1320,  0.0319, -0.8240,  0.5465,
         -0.5390, -0.4993]], requires_grad=True)
[2023-01-19 20:42:15,772][__main__][INFO] - scores: tensor([[24.4531, 25.2500, 24.4844, 22.9375, 24.5000]], device='cuda:0',
       dtype=torch.float16, grad_fn=<MmBackward>)
[2023-01-19 20:42:16,093][__main__][INFO] - parameters: Parameter containing:
tensor([[-0.0266, -0.9292, -0.5278,  0.6573,  0.1445,  0.0178, -0.8113,  0.5874,
         -0.5188, -0.5077]], requires_grad=True)
[2023-01-19 20:42:16,099][__main__][INFO] - scores: tensor([[24.4375, 25.2344, 24.4375, 22.9844, 24.5312]], device='cuda:0',
       dtype=torch.float16, grad_fn=<MmBackward>)
[2023-01-19 20:42:16,427][__main__][INFO] - parameters: Parameter containing:
tensor([[-0.0255, -0.9420, -0.5270,  0.6384,  0.1568,  0.0087, -0.8023,  0.6290,
         -0.4971, -0.5191]], requires_grad=True)
[2023-01-19 20:42:16,431][__main__][INFO] - scores: tensor([[24.4844, 25.2812, 24.4688, 23.0312, 24.5469]], device='cuda:0',
       dtype=torch.float16, grad_fn=<MmBackward>)
[2023-01-19 20:42:16,726][__main__][INFO] - parameters: Parameter containing:
tensor([[-0.0189, -0.9445, -0.5248,  0.6347,  0.1702,  0.0108, -0.7931,  0.6572,
         -0.4819, -0.5500]], requires_grad=True)
[2023-01-19 20:42:16,733][__main__][INFO] - scores: tensor([[24.4375, 25.2500, 24.4219, 22.9844, 24.5000]], device='cuda:0',
       dtype=torch.float16, grad_fn=<MmBackward>)
[2023-01-19 20:42:17,032][__main__][INFO] - parameters: Parameter containing:
tensor([[-0.0044, -0.9373, -0.5214,  0.6517,  0.1865,  0.0161, -0.7828,  0.6726,
         -0.4757, -0.5860]], requires_grad=True)
[2023-01-19 20:42:17,034][__main__][INFO] - scores: tensor([[24.4531, 25.2656, 24.4375, 23.0000, 24.5156]], device='cuda:0',
       dtype=torch.float16, grad_fn=<MmBackward>)
[2023-01-19 20:42:17,338][__main__][INFO] - parameters: Parameter containing:
tensor([[ 0.0132, -0.9184, -0.5164,  0.6752,  0.1981,  0.0155, -0.7779,  0.6971,
         -0.4724, -0.6338]], requires_grad=True)
[2023-01-19 20:42:17,344][__main__][INFO] - scores: tensor([[24.4219, 25.2344, 24.4062, 22.9844, 24.4844]], device='cuda:0',
       dtype=torch.float16, grad_fn=<MmBackward>)
[2023-01-19 20:42:17,638][__main__][INFO] - parameters: Parameter containing:
tensor([[ 0.0281, -0.8917, -0.5067,  0.7107,  0.2110,  0.0234, -0.7773,  0.7211,
         -0.4786, -0.6895]], requires_grad=True)
[2023-01-19 20:42:17,644][__main__][INFO] - scores: tensor([[24.5000, 25.2344, 24.4688, 23.0938, 24.5156]], device='cuda:0',
       dtype=torch.float16, grad_fn=<MmBackward>)
[2023-01-19 20:42:17,957][__main__][INFO] - parameters: Parameter containing:
tensor([[ 0.0314, -0.8734, -0.4927,  0.7366,  0.2319,  0.0230, -0.7704,  0.7561,
         -0.4771, -0.7466]], requires_grad=True)
[2023-01-19 20:42:17,959][__main__][INFO] - scores: tensor([[24.5312, 25.2344, 24.5000, 22.9219, 24.4531]], device='cuda:0',
       dtype=torch.float16, grad_fn=<MmBackward>)
[2023-01-19 20:42:18,251][__main__][INFO] - parameters: Parameter containing:
tensor([[ 0.0352, -0.8633, -0.4801,  0.7706,  0.2592,  0.0264, -0.7615,  0.7906,
         -0.4835, -0.8027]], requires_grad=True)
[2023-01-19 20:42:18,257][__main__][INFO] - scores: tensor([[24.5156, 25.2344, 24.4688, 22.9219, 24.4531]], device='cuda:0',
       dtype=torch.float16, grad_fn=<MmBackward>)
[2023-01-19 20:42:18,558][__main__][INFO] - parameters: Parameter containing:
tensor([[ 0.0401, -0.8487, -0.4708,  0.7943,  0.2819,  0.0191, -0.7565,  0.8218,
         -0.4865, -0.8399]], requires_grad=True)
[2023-01-19 20:42:18,563][__main__][INFO] - scores: tensor([[24.5625, 25.2344, 24.4531, 22.9688, 24.5156]], device='cuda:0',
       dtype=torch.float16, grad_fn=<MmBackward>)
[2023-01-19 20:42:18,871][__main__][INFO] - parameters: Parameter containing:
tensor([[ 0.0592, -0.8397, -0.4785,  0.8201,  0.2944,  0.0096, -0.7708,  0.8387,
         -0.5044, -0.8633]], requires_grad=True)
[2023-01-19 20:42:18,878][__main__][INFO] - scores: tensor([[24.6094, 25.2969, 24.4844, 23.0156, 24.5469]], device='cuda:0',
       dtype=torch.float16, grad_fn=<MmBackward>)
[2023-01-19 20:42:19,182][__main__][INFO] - parameters: Parameter containing:
tensor([[ 0.0621, -0.8142, -0.4722,  0.8612,  0.3121, -0.0115, -0.7826,  0.8490,
         -0.5315, -0.8868]], requires_grad=True)
[2023-01-19 20:42:19,184][__main__][INFO] - scores: tensor([[24.5781, 25.2344, 24.4375, 22.9688, 24.5312]], device='cuda:0',
       dtype=torch.float16, grad_fn=<MmBackward>)
[2023-01-19 20:42:19,490][__main__][INFO] - parameters: Parameter containing:
tensor([[ 0.0550, -0.7839, -0.4653,  0.9087,  0.3313, -0.0287, -0.8003,  0.8417,
         -0.5747, -0.9213]], requires_grad=True)
[2023-01-19 20:42:19,493][__main__][INFO] - scores: tensor([[24.5312, 25.2344, 24.4062, 22.8906, 24.5000]], device='cuda:0',
       dtype=torch.float16, grad_fn=<MmBackward>)
[2023-01-19 20:42:19,793][__main__][INFO] - parameters: Parameter containing:
tensor([[ 0.0617, -0.8041, -0.4804,  0.9513,  0.3747, -0.0577, -0.7998,  0.8432,
         -0.6423, -0.9315]], requires_grad=True)
[2023-01-19 20:42:19,796][__main__][INFO] - scores: tensor([[24.6562, 25.2969, 24.4688, 22.8906, 24.5156]], device='cuda:0',
       dtype=torch.float16, grad_fn=<MmBackward>)
[2023-01-19 20:42:20,115][__main__][INFO] - parameters: Parameter containing:
tensor([[ 0.0674, -0.8247, -0.4938,  0.9804,  0.4159, -0.0874, -0.7905,  0.8546,
         -0.7006, -0.9538]], requires_grad=True)
[2023-01-19 20:42:20,118][__main__][INFO] - scores: tensor([[24.6094, 25.2656, 24.4219, 22.8594, 24.5156]], device='cuda:0',
       dtype=torch.float16, grad_fn=<MmBackward>)
[2023-01-19 20:42:20,410][__main__][INFO] - parameters: Parameter containing:
tensor([[ 0.0713, -0.8487, -0.5032,  1.0058,  0.4589, -0.1124, -0.7700,  0.8670,
         -0.7488, -0.9673]], requires_grad=True)
[2023-01-19 20:42:20,411][__main__][INFO] - scores: tensor([[24.6250, 25.2812, 24.4062, 22.8750, 24.5469]], device='cuda:0',
       dtype=torch.float16, grad_fn=<MmBackward>)
[2023-01-19 20:42:20,725][__main__][INFO] - parameters: Parameter containing:
tensor([[ 0.0735, -0.8736, -0.5119,  1.0169,  0.4920, -0.1322, -0.7468,  0.8856,
         -0.7827, -0.9664]], requires_grad=True)
[2023-01-19 20:42:20,728][__main__][INFO] - scores: tensor([[24.5938, 25.2656, 24.4062, 22.7812, 24.5156]], device='cuda:0',
       dtype=torch.float16, grad_fn=<MmBackward>)
[2023-01-19 20:42:21,030][__main__][INFO] - parameters: Parameter containing:
tensor([[ 0.0680, -0.8849, -0.5105,  1.0323,  0.5134, -0.1372, -0.7280,  0.9055,
         -0.8026, -0.9745]], requires_grad=True)
[2023-01-19 20:42:21,032][__main__][INFO] - scores: tensor([[24.5938, 25.2344, 24.3906, 22.7812, 24.5156]], device='cuda:0',
       dtype=torch.float16, grad_fn=<MmBackward>)
[2023-01-19 20:42:21,343][__main__][INFO] - parameters: Parameter containing:
tensor([[ 0.0558, -0.8938, -0.5067,  1.0514,  0.5327, -0.1366, -0.7145,  0.9315,
         -0.8203, -0.9831]], requires_grad=True)
[2023-01-19 20:42:21,348][__main__][INFO] - scores: tensor([[24.5938, 25.2188, 24.3906, 22.7969, 24.5312]], device='cuda:0',
       dtype=torch.float16, grad_fn=<MmBackward>)
[2023-01-19 20:42:21,637][__main__][INFO] - parameters: Parameter containing:
tensor([[ 0.0390, -0.8913, -0.4952,  1.0727,  0.5552, -0.1356, -0.6955,  0.9378,
         -0.8432, -1.0042]], requires_grad=True)
[2023-01-19 20:42:21,640][__main__][INFO] - scores: tensor([[24.5625, 25.2188, 24.4062, 22.7969, 24.5312]], device='cuda:0',
       dtype=torch.float16, grad_fn=<MmBackward>)
[2023-01-19 20:42:21,937][__main__][INFO] - parameters: Parameter containing:
tensor([[ 0.0191, -0.8868, -0.4806,  1.1005,  0.5811, -0.1341, -0.6777,  0.9391,
         -0.8620, -1.0243]], requires_grad=True)
[2023-01-19 20:42:21,938][__main__][INFO] - scores: tensor([[24.5625, 25.2344, 24.4062, 22.7969, 24.5312]], device='cuda:0',
       dtype=torch.float16, grad_fn=<MmBackward>)
[2023-01-19 20:42:22,233][__main__][INFO] - parameters: Parameter containing:
tensor([[ 0.0053, -0.8881, -0.4692,  1.1239,  0.6159, -0.1499, -0.6488,  0.9450,
         -0.8877, -1.0301]], requires_grad=True)
[2023-01-19 20:42:22,239][__main__][INFO] - scores: tensor([[24.5938, 25.2500, 24.4062, 22.7812, 24.5156]], device='cuda:0',
       dtype=torch.float16, grad_fn=<MmBackward>)
[2023-01-19 20:42:22,535][__main__][INFO] - parameters: Parameter containing:
tensor([[-0.0074, -0.8965, -0.4611,  1.1478,  0.6508, -0.1544, -0.6217,  0.9542,
         -0.9168, -1.0393]], requires_grad=True)
[2023-01-19 20:42:22,536][__main__][INFO] - scores: tensor([[24.5938, 25.2500, 24.3906, 22.7500, 24.4688]], device='cuda:0',
       dtype=torch.float16, grad_fn=<MmBackward>)
[2023-01-19 20:42:22,839][__main__][INFO] - parameters: Parameter containing:
tensor([[-0.0186, -0.8839, -0.4506,  1.1697,  0.6663, -0.1708, -0.6086,  0.9713,
         -0.9406, -1.0634]], requires_grad=True)
[2023-01-19 20:42:22,845][__main__][INFO] - scores: tensor([[24.5625, 25.2500, 24.4062, 22.8125, 24.5625]], device='cuda:0',
       dtype=torch.float16, grad_fn=<MmBackward>)
[2023-01-19 20:42:23,163][__main__][INFO] - parameters: Parameter containing:
tensor([[-0.0022, -0.9047, -0.4538,  1.2249,  0.6831, -0.1370, -0.5944,  0.9918,
         -0.9636, -1.0729]], requires_grad=True)
[2023-01-19 20:42:23,168][__main__][INFO] - scores: tensor([[24.5469, 25.2656, 24.4375, 22.8281, 24.5469]], device='cuda:0',
       dtype=torch.float16, grad_fn=<MmBackward>)
[2023-01-19 20:42:23,482][__main__][INFO] - parameters: Parameter containing:
tensor([[ 0.0146, -0.9274, -0.4562,  1.2974,  0.6945, -0.0832, -0.5894,  1.0001,
         -0.9804, -1.0766]], requires_grad=True)
[2023-01-19 20:42:23,485][__main__][INFO] - scores: tensor([[24.5781, 25.2969, 24.4688, 22.8750, 24.6094]], device='cuda:0',
       dtype=torch.float16, grad_fn=<MmBackward>)
[2023-01-19 20:42:23,783][__main__][INFO] - parameters: Parameter containing:
tensor([[ 0.0277, -0.9382, -0.4512,  1.3851,  0.7164, -0.0332, -0.5883,  0.9941,
         -1.0042, -1.0863]], requires_grad=True)
[2023-01-19 20:42:23,787][__main__][INFO] - scores: tensor([[24.6250, 25.2812, 24.4375, 22.7500, 24.5625]], device='cuda:0',
       dtype=torch.float16, grad_fn=<MmBackward>)
[2023-01-19 20:42:24,095][__main__][INFO] - parameters: Parameter containing:
tensor([[ 0.0402, -0.9513, -0.4464,  1.4614,  0.7371,  0.0134, -0.5810,  0.9855,
         -1.0204, -1.0876]], requires_grad=True)
[2023-01-19 20:42:24,097][__main__][INFO] - scores: tensor([[24.6094, 25.3438, 24.4531, 22.7656, 24.5938]], device='cuda:0',
       dtype=torch.float16, grad_fn=<MmBackward>)
[2023-01-19 20:42:24,421][__main__][INFO] - parameters: Parameter containing:
tensor([[ 0.0283, -0.9544, -0.4327,  1.5088,  0.7547,  0.0427, -0.5730,  0.9761,
         -1.0312, -1.0834]], requires_grad=True)
[2023-01-19 20:42:24,424][__main__][INFO] - scores: tensor([[24.5938, 25.3750, 24.5312, 22.9375, 24.6719]], device='cuda:0',
       dtype=torch.float16, grad_fn=<MmBackward>)
[2023-01-19 20:42:24,719][__main__][INFO] - parameters: Parameter containing:
tensor([[ 0.0100, -0.9703, -0.4207,  1.5558,  0.7938,  0.0628, -0.5571,  0.9728,
         -1.0519, -1.0714]], requires_grad=True)
[2023-01-19 20:42:24,721][__main__][INFO] - scores: tensor([[24.5781, 25.4062, 24.5781, 23.0000, 24.7031]], device='cuda:0',
       dtype=torch.float16, grad_fn=<MmBackward>)
[2023-01-19 20:42:25,040][__main__][INFO] - parameters: Parameter containing:
tensor([[ 0.0091, -0.9869, -0.4225,  1.5957,  0.8139,  0.0829, -0.5544,  0.9763,
         -1.0765, -1.0502]], requires_grad=True)
[2023-01-19 20:42:25,042][__main__][INFO] - scores: tensor([[24.5625, 25.4219, 24.5781, 22.9844, 24.6406]], device='cuda:0',
       dtype=torch.float16, grad_fn=<MmBackward>)
[2023-01-19 20:42:25,355][__main__][INFO] - parameters: Parameter containing:
tensor([[ 0.0177, -0.9970, -0.4286,  1.6361,  0.8147,  0.1061, -0.5636,  0.9843,
         -1.0955, -1.0359]], requires_grad=True)
[2023-01-19 20:42:25,356][__main__][INFO] - scores: tensor([[24.5625, 25.3750, 24.5625, 23.0312, 24.7031]], device='cuda:0',
       dtype=torch.float16, grad_fn=<MmBackward>)
[2023-01-19 20:42:25,656][__main__][INFO] - parameters: Parameter containing:
tensor([[ 0.0146, -1.0004, -0.4257,  1.6629,  0.8167,  0.1174, -0.5658,  0.9980,
         -1.1098, -1.0244]], requires_grad=True)
[2023-01-19 20:42:25,657][__main__][INFO] - scores: tensor([[24.5156, 25.3750, 24.5469, 23.0000, 24.6719]], device='cuda:0',
       dtype=torch.float16, grad_fn=<MmBackward>)
[2023-01-19 20:42:25,941][__main__][INFO] - parameters: Parameter containing:
tensor([[-0.0049, -0.9995, -0.4131,  1.6739,  0.8219,  0.1096, -0.5600,  1.0260,
         -1.1207, -1.0020]], requires_grad=True)
[2023-01-19 20:42:25,946][__main__][INFO] - scores: tensor([[24.5000, 25.3750, 24.5469, 23.0312, 24.6719]], device='cuda:0',
       dtype=torch.float16, grad_fn=<MmBackward>)
[2023-01-19 20:42:26,266][__main__][INFO] - parameters: Parameter containing:
tensor([[-0.0041, -1.0040, -0.4155,  1.6939,  0.8211,  0.1085, -0.5625,  1.0353,
         -1.1412, -0.9708]], requires_grad=True)
[2023-01-19 20:42:26,268][__main__][INFO] - scores: tensor([[24.4688, 25.3594, 24.5625, 23.0000, 24.6406]], device='cuda:0',
       dtype=torch.float16, grad_fn=<MmBackward>)
[2023-01-19 20:42:26,584][__main__][INFO] - parameters: Parameter containing:
tensor([[ 0.0058, -1.0034, -0.4221,  1.7179,  0.8130,  0.1100, -0.5703,  1.0298,
         -1.1603, -0.9381]], requires_grad=True)
[2023-01-19 20:42:26,588][__main__][INFO] - scores: tensor([[24.5000, 25.4219, 24.5938, 22.9375, 24.6250]], device='cuda:0',
       dtype=torch.float16, grad_fn=<MmBackward>)
[2023-01-19 20:42:26,876][__main__][INFO] - parameters: Parameter containing:
tensor([[ 1.2807e-03, -9.9515e-01, -4.2197e-01,  1.7274e+00,  7.9696e-01,
          1.0543e-01, -5.7970e-01,  1.0298e+00, -1.1682e+00, -9.0373e-01]],
       requires_grad=True)
[2023-01-19 20:42:26,878][__main__][INFO] - scores: tensor([[24.4375, 25.4062, 24.5469, 22.8906, 24.5938]], device='cuda:0',
       dtype=torch.float16, grad_fn=<MmBackward>)
[2023-01-19 20:42:27,199][__main__][INFO] - parameters: Parameter containing:
tensor([[ 0.0030, -0.9909, -0.4325,  1.7292,  0.7655,  0.1130, -0.5998,  1.0208,
         -1.1760, -0.8691]], requires_grad=True)
[2023-01-19 20:42:27,202][__main__][INFO] - scores: tensor([[24.4375, 25.3906, 24.5312, 22.8750, 24.6094]], device='cuda:0',
       dtype=torch.float16, grad_fn=<MmBackward>)
[2023-01-19 20:42:27,514][__main__][INFO] - parameters: Parameter containing:
tensor([[-0.0068, -0.9823, -0.4322,  1.7254,  0.7382,  0.1126, -0.6139,  1.0294,
         -1.1737, -0.8347]], requires_grad=True)
[2023-01-19 20:42:27,518][__main__][INFO] - scores: tensor([[24.4688, 25.4062, 24.5469, 22.8906, 24.6406]], device='cuda:0',
       dtype=torch.float16, grad_fn=<MmBackward>)
[2023-01-19 20:42:27,828][__main__][INFO] - parameters: Parameter containing:
tensor([[-0.0101, -0.9620, -0.4231,  1.7280,  0.7063,  0.1125, -0.6198,  1.0254,
         -1.1639, -0.7984]], requires_grad=True)
[2023-01-19 20:42:27,834][__main__][INFO] - scores: tensor([[24.5000, 25.3906, 24.5625, 22.8750, 24.6094]], device='cuda:0',
       dtype=torch.float16, grad_fn=<MmBackward>)
[2023-01-19 20:42:28,112][__main__][INFO] - parameters: Parameter containing:
tensor([[ 0.0110, -0.9530, -0.4295,  1.7358,  0.6651,  0.1216, -0.6319,  1.0227,
         -1.1558, -0.7498]], requires_grad=True)
[2023-01-19 20:42:28,116][__main__][INFO] - scores: tensor([[24.5625, 25.4062, 24.6406, 22.9531, 24.6562]], device='cuda:0',
       dtype=torch.float16, grad_fn=<MmBackward>)
[2023-01-19 20:42:28,418][__main__][INFO] - parameters: Parameter containing:
tensor([[ 0.0106, -0.9367, -0.4164,  1.7449,  0.6386,  0.1318, -0.6292,  1.0184,
         -1.1369, -0.7140]], requires_grad=True)
[2023-01-19 20:42:28,425][__main__][INFO] - scores: tensor([[24.5312, 25.4219, 24.5938, 22.9219, 24.6562]], device='cuda:0',
       dtype=torch.float16, grad_fn=<MmBackward>)
[2023-01-19 20:42:28,728][__main__][INFO] - parameters: Parameter containing:
tensor([[ 2.8408e-04, -9.2515e-01, -4.0061e-01,  1.7556e+00,  6.2668e-01,
          1.3798e-01, -6.2233e-01,  1.0106e+00, -1.1343e+00, -6.7744e-01]],
       requires_grad=True)
[2023-01-19 20:42:28,733][__main__][INFO] - scores: tensor([[24.6094, 25.4375, 24.5625, 22.8438, 24.6250]], device='cuda:0',
       dtype=torch.float16, grad_fn=<MmBackward>)
[2023-01-19 20:42:29,030][__main__][INFO] - parameters: Parameter containing:
tensor([[-0.0172, -0.9121, -0.3793,  1.7720,  0.6158,  0.1501, -0.6148,  1.0000,
         -1.1347, -0.6522]], requires_grad=True)
[2023-01-19 20:42:29,036][__main__][INFO] - scores: tensor([[24.6094, 25.4062, 24.5469, 22.8750, 24.6562]], device='cuda:0',
       dtype=torch.float16, grad_fn=<MmBackward>)
[2023-01-19 20:42:29,344][__main__][INFO] - parameters: Parameter containing:
tensor([[-0.0206, -0.9059, -0.3614,  1.8048,  0.6111,  0.1659, -0.6052,  1.0016,
         -1.1317, -0.6282]], requires_grad=True)
[2023-01-19 20:42:29,347][__main__][INFO] - scores: tensor([[24.6094, 25.3750, 24.5625, 22.8438, 24.6250]], device='cuda:0',
       dtype=torch.float16, grad_fn=<MmBackward>)
[2023-01-19 20:42:29,661][__main__][INFO] - parameters: Parameter containing:
tensor([[-0.0213, -0.8924, -0.3363,  1.8434,  0.6112,  0.1711, -0.5871,  1.0052,
         -1.1229, -0.6080]], requires_grad=True)
[2023-01-19 20:42:29,668][__main__][INFO] - scores: tensor([[24.6094, 25.3281, 24.5312, 22.8438, 24.6094]], device='cuda:0',
       dtype=torch.float16, grad_fn=<MmBackward>)
[2023-01-19 20:42:29,982][__main__][INFO] - parameters: Parameter containing:
tensor([[-0.0133, -0.8818, -0.3235,  1.8732,  0.5981,  0.1814, -0.5819,  1.0083,
         -1.1145, -0.5834]], requires_grad=True)
[2023-01-19 20:42:29,983][__main__][INFO] - scores: tensor([[24.5938, 25.3281, 24.5625, 22.9219, 24.6562]], device='cuda:0',
       dtype=torch.float16, grad_fn=<MmBackward>)
[2023-01-19 20:42:30,273][__main__][INFO] - parameters: Parameter containing:
tensor([[-0.0074, -0.8692, -0.3142,  1.8830,  0.5737,  0.1897, -0.5818,  1.0090,
         -1.0997, -0.5563]], requires_grad=True)
[2023-01-19 20:42:30,275][__main__][INFO] - scores: tensor([[24.5938, 25.2812, 24.5469, 22.9844, 24.6406]], device='cuda:0',
       dtype=torch.float16, grad_fn=<MmBackward>)
[2023-01-19 20:42:30,583][__main__][INFO] - parameters: Parameter containing:
tensor([[-0.0055, -0.8544, -0.3076,  1.8904,  0.5474,  0.1957, -0.5894,  1.0080,
         -1.0946, -0.5356]], requires_grad=True)
[2023-01-19 20:42:30,585][__main__][INFO] - scores: tensor([[24.5625, 25.2656, 24.5000, 22.9531, 24.6250]], device='cuda:0',
       dtype=torch.float16, grad_fn=<MmBackward>)
[2023-01-19 20:42:30,894][__main__][INFO] - parameters: Parameter containing:
tensor([[-0.0169, -0.8304, -0.2922,  1.8873,  0.5214,  0.1895, -0.5921,  1.0104,
         -1.0873, -0.5195]], requires_grad=True)
[2023-01-19 20:42:30,900][__main__][INFO] - scores: tensor([[24.5312, 25.3125, 24.5781, 23.0156, 24.6562]], device='cuda:0',
       dtype=torch.float16, grad_fn=<MmBackward>)
[2023-01-19 20:42:31,187][__main__][INFO] - parameters: Parameter containing:
tensor([[-0.0268, -0.8153, -0.2832,  1.8820,  0.4881,  0.1934, -0.6051,  1.0204,
         -1.0755, -0.5027]], requires_grad=True)
[2023-01-19 20:42:31,189][__main__][INFO] - scores: tensor([[24.5781, 25.2969, 24.5781, 23.0469, 24.6875]], device='cuda:0',
       dtype=torch.float16, grad_fn=<MmBackward>)
[2023-01-19 20:42:31,506][__main__][INFO] - parameters: Parameter containing:
tensor([[ 0.0165, -0.7853, -0.2953,  1.8325,  0.4246,  0.1902, -0.6102,  0.9888,
         -1.0562, -0.5628]], requires_grad=True)
[2023-01-19 20:42:31,512][__main__][INFO] - scores: tensor([[24.5781, 25.3281, 24.5469, 22.9531, 24.6250]], device='cuda:0',
       dtype=torch.float16, grad_fn=<MmBackward>)
[2023-01-19 20:42:31,816][__main__][INFO] - parameters: Parameter containing:
tensor([[ 0.0661, -0.7526, -0.3083,  1.7921,  0.3525,  0.1947, -0.6200,  0.9476,
         -1.0317, -0.6133]], requires_grad=True)
[2023-01-19 20:42:31,822][__main__][INFO] - scores: tensor([[24.7344, 25.3906, 24.5781, 22.8438, 24.6094]], device='cuda:0',
       dtype=torch.float16, grad_fn=<MmBackward>)
[2023-01-19 20:42:32,114][__main__][INFO] - parameters: Parameter containing:
tensor([[ 0.1027, -0.7237, -0.3154,  1.7461,  0.2831,  0.1928, -0.6233,  0.9142,
         -1.0012, -0.6477]], requires_grad=True)
[2023-01-19 20:42:32,118][__main__][INFO] - scores: tensor([[24.7812, 25.4062, 24.4531, 22.8125, 24.6094]], device='cuda:0',
       dtype=torch.float16, grad_fn=<MmBackward>)
[2023-01-19 20:42:32,407][__main__][INFO] - parameters: Parameter containing:
tensor([[ 0.1364, -0.6877, -0.3214,  1.7137,  0.2134,  0.1880, -0.6418,  0.8874,
         -0.9740, -0.6793]], requires_grad=True)
[2023-01-19 20:42:32,412][__main__][INFO] - scores: tensor([[24.7188, 25.3281, 24.3594, 22.8594, 24.6719]], device='cuda:0',
       dtype=torch.float16, grad_fn=<MmBackward>)
[2023-01-19 20:42:32,721][__main__][INFO] - parameters: Parameter containing:
tensor([[ 0.1591, -0.6484, -0.3150,  1.6892,  0.1591,  0.1798, -0.6490,  0.8625,
         -0.9527, -0.7186]], requires_grad=True)
[2023-01-19 20:42:32,725][__main__][INFO] - scores: tensor([[24.7656, 25.3750, 24.4375, 22.9062, 24.7188]], device='cuda:0',
       dtype=torch.float16, grad_fn=<MmBackward>)
[2023-01-19 20:42:33,042][__main__][INFO] - parameters: Parameter containing:
tensor([[ 0.1848, -0.6097, -0.3064,  1.6769,  0.1140,  0.1755, -0.6492,  0.8345,
         -0.9318, -0.7524]], requires_grad=True)
[2023-01-19 20:42:33,043][__main__][INFO] - scores: tensor([[24.7344, 25.3281, 24.4219, 23.0156, 24.7344]], device='cuda:0',
       dtype=torch.float16, grad_fn=<MmBackward>)
[2023-01-19 20:42:33,338][__main__][INFO] - parameters: Parameter containing:
tensor([[ 0.2036, -0.5653, -0.2932,  1.6631,  0.0651,  0.1697, -0.6546,  0.8175,
         -0.8994, -0.7894]], requires_grad=True)
[2023-01-19 20:42:33,340][__main__][INFO] - scores: tensor([[24.6875, 25.3281, 24.4219, 23.0000, 24.6875]], device='cuda:0',
       dtype=torch.float16, grad_fn=<MmBackward>)
[2023-01-19 20:42:33,654][__main__][INFO] - parameters: Parameter containing:
tensor([[ 0.2254, -0.5308, -0.2823,  1.6554,  0.0325,  0.1534, -0.6485,  0.8039,
         -0.8754, -0.8187]], requires_grad=True)
[2023-01-19 20:42:33,656][__main__][INFO] - scores: tensor([[24.7031, 25.3125, 24.4062, 22.9531, 24.6250]], device='cuda:0',
       dtype=torch.float16, grad_fn=<MmBackward>)
[2023-01-19 20:42:33,960][__main__][INFO] - parameters: Parameter containing:
tensor([[ 0.2408, -0.5002, -0.2701,  1.6519,  0.0080,  0.1342, -0.6421,  0.7882,
         -0.8474, -0.8370]], requires_grad=True)
[2023-01-19 20:42:33,962][__main__][INFO] - scores: tensor([[24.7812, 25.2969, 24.3906, 22.9062, 24.6250]], device='cuda:0',
       dtype=torch.float16, grad_fn=<MmBackward>)
[2023-01-19 20:42:34,274][__main__][INFO] - parameters: Parameter containing:
tensor([[ 0.2414, -0.4557, -0.2390,  1.6543, -0.0087,  0.1035, -0.6309,  0.7824,
         -0.8047, -0.8559]], requires_grad=True)
[2023-01-19 20:42:34,277][__main__][INFO] - scores: tensor([[24.7500, 25.2188, 24.3438, 22.8906, 24.5781]], device='cuda:0',
       dtype=torch.float16, grad_fn=<MmBackward>)
[2023-01-19 20:42:34,598][__main__][INFO] - parameters: Parameter containing:
tensor([[ 0.2378, -0.4146, -0.2059,  1.6525, -0.0236,  0.0783, -0.6169,  0.7735,
         -0.7558, -0.8764]], requires_grad=True)
[2023-01-19 20:42:34,599][__main__][INFO] - scores: tensor([[24.7031, 25.2656, 24.3906, 22.9062, 24.5469]], device='cuda:0',
       dtype=torch.float16, grad_fn=<MmBackward>)
[2023-01-19 20:42:34,903][__main__][INFO] - parameters: Parameter containing:
tensor([[ 0.2411, -0.3791, -0.1794,  1.6620, -0.0355,  0.0622, -0.6100,  0.7639,
         -0.7143, -0.8991]], requires_grad=True)
[2023-01-19 20:42:34,905][__main__][INFO] - scores: tensor([[24.6875, 25.2812, 24.3594, 22.9375, 24.5781]], device='cuda:0',
       dtype=torch.float16, grad_fn=<MmBackward>)
[2023-01-19 20:42:35,216][__main__][INFO] - parameters: Parameter containing:
tensor([[ 0.2523, -0.3571, -0.1630,  1.6683, -0.0470,  0.0538, -0.6021,  0.7595,
         -0.6711, -0.9078]], requires_grad=True)
[2023-01-19 20:42:35,218][__main__][INFO] - scores: tensor([[24.6562, 25.3125, 24.3750, 22.9219, 24.5469]], device='cuda:0',
       dtype=torch.float16, grad_fn=<MmBackward>)
[2023-01-19 20:42:35,509][__main__][INFO] - parameters: Parameter containing:
tensor([[ 0.2623, -0.3396, -0.1511,  1.6692, -0.0616,  0.0403, -0.6016,  0.7553,
         -0.6291, -0.9031]], requires_grad=True)
[2023-01-19 20:42:35,510][__main__][INFO] - scores: tensor([[24.6562, 25.2969, 24.2969, 22.9531, 24.5625]], device='cuda:0',
       dtype=torch.float16, grad_fn=<MmBackward>)
[2023-01-19 20:42:35,817][__main__][INFO] - parameters: Parameter containing:
tensor([[ 0.2665, -0.3279, -0.1361,  1.6686, -0.0640,  0.0137, -0.5941,  0.7611,
         -0.5877, -0.8855]], requires_grad=True)
[2023-01-19 20:42:35,821][__main__][INFO] - scores: tensor([[24.7188, 25.3438, 24.3125, 22.9688, 24.6094]], device='cuda:0',
       dtype=torch.float16, grad_fn=<MmBackward>)
[2023-01-19 20:42:36,125][__main__][INFO] - parameters: Parameter containing:
tensor([[ 0.2666, -0.3037, -0.1181,  1.6617, -0.0767, -0.0252, -0.6013,  0.7819,
         -0.5357, -0.8602]], requires_grad=True)
[2023-01-19 20:42:36,132][__main__][INFO] - scores: tensor([[24.6406, 25.3281, 24.3438, 22.9531, 24.5625]], device='cuda:0',
       dtype=torch.float16, grad_fn=<MmBackward>)
[2023-01-19 20:42:36,448][__main__][INFO] - parameters: Parameter containing:
tensor([[ 0.2568, -0.2818, -0.0984,  1.6449, -0.0914, -0.0637, -0.6108,  0.8065,
         -0.4814, -0.8302]], requires_grad=True)
[2023-01-19 20:42:36,454][__main__][INFO] - scores: tensor([[24.5781, 25.2812, 24.2500, 22.8906, 24.5156]], device='cuda:0',
       dtype=torch.float16, grad_fn=<MmBackward>)
[2023-01-19 20:42:36,741][__main__][INFO] - parameters: Parameter containing:
tensor([[ 0.2483, -0.2608, -0.0830,  1.6348, -0.1114, -0.0899, -0.6290,  0.8246,
         -0.4316, -0.8045]], requires_grad=True)
[2023-01-19 20:42:36,742][__main__][INFO] - scores: tensor([[24.5781, 25.3594, 24.2969, 22.9531, 24.5781]], device='cuda:0',
       dtype=torch.float16, grad_fn=<MmBackward>)
[2023-01-19 20:42:37,054][__main__][INFO] - parameters: Parameter containing:
tensor([[ 0.2352, -0.2407, -0.0662,  1.6281, -0.1268, -0.1144, -0.6480,  0.8496,
         -0.3841, -0.7793]], requires_grad=True)
[2023-01-19 20:42:37,059][__main__][INFO] - scores: tensor([[24.5938, 25.3438, 24.2969, 22.9688, 24.5781]], device='cuda:0',
       dtype=torch.float16, grad_fn=<MmBackward>)
[2023-01-19 20:42:37,373][__main__][INFO] - parameters: Parameter containing:
tensor([[ 0.2138, -0.2021, -0.0322,  1.6085, -0.1361, -0.1587, -0.6484,  0.8803,
         -0.3302, -0.7706]], requires_grad=True)
[2023-01-19 20:42:37,376][__main__][INFO] - scores: tensor([[24.4688, 25.3281, 24.2344, 23.0156, 24.5625]], device='cuda:0',
       dtype=torch.float16, grad_fn=<MmBackward>)
[2023-01-19 20:42:37,681][__main__][INFO] - parameters: Parameter containing:
tensor([[ 0.1940, -0.1635,  0.0059,  1.6050, -0.1382, -0.1959, -0.6435,  0.9147,
         -0.2802, -0.7714]], requires_grad=True)
[2023-01-19 20:42:37,682][__main__][INFO] - scores: tensor([[24.5000, 25.3438, 24.2969, 22.9688, 24.5469]], device='cuda:0',
       dtype=torch.float16, grad_fn=<MmBackward>)
[2023-01-19 20:42:37,969][__main__][INFO] - parameters: Parameter containing:
tensor([[ 0.1882, -0.1383,  0.0274,  1.6036, -0.1505, -0.2174, -0.6497,  0.9317,
         -0.2390, -0.7570]], requires_grad=True)
[2023-01-19 20:42:37,972][__main__][INFO] - scores: tensor([[24.4219, 25.4219, 24.3594, 23.0156, 24.5156]], device='cuda:0',
       dtype=torch.float16, grad_fn=<MmBackward>)
[2023-01-19 20:42:38,283][__main__][INFO] - parameters: Parameter containing:
tensor([[ 0.1805, -0.1114,  0.0484,  1.6021, -0.1652, -0.2478, -0.6585,  0.9512,
         -0.2045, -0.7377]], requires_grad=True)
[2023-01-19 20:42:38,287][__main__][INFO] - scores: tensor([[24.3906, 25.4219, 24.4062, 23.0938, 24.5625]], device='cuda:0',
       dtype=torch.float16, grad_fn=<MmBackward>)
[2023-01-19 20:42:38,596][__main__][INFO] - parameters: Parameter containing:
tensor([[ 0.1739, -0.1029,  0.0630,  1.6041, -0.1644, -0.2844, -0.6528,  0.9750,
         -0.1929, -0.7083]], requires_grad=True)
[2023-01-19 20:42:38,598][__main__][INFO] - scores: tensor([[24.4531, 25.4062, 24.4219, 23.1406, 24.5781]], device='cuda:0',
       dtype=torch.float16, grad_fn=<MmBackward>)
[2023-01-19 20:42:38,890][__main__][INFO] - parameters: Parameter containing:
tensor([[ 0.1607, -0.0905,  0.0830,  1.6061, -0.1659, -0.3203, -0.6439,  0.9932,
         -0.1751, -0.6811]], requires_grad=True)
[2023-01-19 20:42:38,893][__main__][INFO] - scores: tensor([[24.4688, 25.3750, 24.4062, 23.1250, 24.5781]], device='cuda:0',
       dtype=torch.float16, grad_fn=<MmBackward>)
[2023-01-19 20:42:39,216][__main__][INFO] - parameters: Parameter containing:
tensor([[ 0.1514, -0.0778,  0.1001,  1.6084, -0.1683, -0.3570, -0.6351,  1.0054,
         -0.1671, -0.6530]], requires_grad=True)
[2023-01-19 20:42:39,222][__main__][INFO] - scores: tensor([[24.4844, 25.3906, 24.4531, 23.1250, 24.5781]], device='cuda:0',
       dtype=torch.float16, grad_fn=<MmBackward>)
[2023-01-19 20:42:39,514][__main__][INFO] - parameters: Parameter containing:
tensor([[ 0.1389, -0.0701,  0.1084,  1.5993, -0.1685, -0.4033, -0.6286,  1.0125,
         -0.1812, -0.6243]], requires_grad=True)
[2023-01-19 20:42:39,520][__main__][INFO] - scores: tensor([[24.5312, 25.4688, 24.5156, 23.1406, 24.5938]], device='cuda:0',
       dtype=torch.float16, grad_fn=<MmBackward>)
[2023-01-19 20:42:39,825][__main__][INFO] - parameters: Parameter containing:
tensor([[ 0.1290, -0.0613,  0.1148,  1.5915, -0.1749, -0.4436, -0.6245,  1.0087,
         -0.2039, -0.5909]], requires_grad=True)
[2023-01-19 20:42:39,827][__main__][INFO] - scores: tensor([[24.5156, 25.4531, 24.5312, 23.1719, 24.6094]], device='cuda:0',
       dtype=torch.float16, grad_fn=<MmBackward>)
[2023-01-19 20:42:40,120][__main__][INFO] - parameters: Parameter containing:
tensor([[ 0.1349, -0.0605,  0.1055,  1.6002, -0.1754, -0.4767, -0.6248,  0.9949,
         -0.2514, -0.5588]], requires_grad=True)
[2023-01-19 20:42:40,126][__main__][INFO] - scores: tensor([[24.5469, 25.4531, 24.5469, 23.2031, 24.6562]], device='cuda:0',
       dtype=torch.float16, grad_fn=<MmBackward>)
[2023-01-19 20:42:40,437][__main__][INFO] - parameters: Parameter containing:
tensor([[ 0.1469, -0.0530,  0.0926,  1.6193, -0.1860, -0.5046, -0.6371,  0.9697,
         -0.3085, -0.5331]], requires_grad=True)
[2023-01-19 20:42:40,440][__main__][INFO] - scores: tensor([[24.5469, 25.4375, 24.5312, 23.2500, 24.7188]], device='cuda:0',
       dtype=torch.float16, grad_fn=<MmBackward>)
[2023-01-19 20:42:40,745][__main__][INFO] - parameters: Parameter containing:
tensor([[ 0.1533, -0.0506,  0.0832,  1.6302, -0.2019, -0.5197, -0.6452,  0.9518,
         -0.3454, -0.5092]], requires_grad=True)
[2023-01-19 20:42:40,747][__main__][INFO] - scores: tensor([[24.4688, 25.4375, 24.5156, 23.2031, 24.6875]], device='cuda:0',
       dtype=torch.float16, grad_fn=<MmBackward>)
[2023-01-19 20:42:41,045][__main__][INFO] - parameters: Parameter containing:
tensor([[ 0.1605, -0.0461,  0.0750,  1.6461, -0.2188, -0.5219, -0.6577,  0.9297,
         -0.3723, -0.4931]], requires_grad=True)
[2023-01-19 20:42:41,050][__main__][INFO] - scores: tensor([[24.4844, 25.4219, 24.4844, 23.2031, 24.6875]], device='cuda:0',
       dtype=torch.float16, grad_fn=<MmBackward>)
[2023-01-19 20:42:41,363][__main__][INFO] - parameters: Parameter containing:
tensor([[ 0.1639, -0.0625,  0.0617,  1.6635, -0.2159, -0.5181, -0.6618,  0.9085,
         -0.4086, -0.4763]], requires_grad=True)
[2023-01-19 20:42:41,365][__main__][INFO] - scores: tensor([[24.4531, 25.4062, 24.4688, 23.1875, 24.6875]], device='cuda:0',
       dtype=torch.float16, grad_fn=<MmBackward>)
[2023-01-19 20:42:41,674][__main__][INFO] - parameters: Parameter containing:
tensor([[ 0.1586, -0.0772,  0.0576,  1.6813, -0.2227, -0.4885, -0.6667,  0.8707,
         -0.4179, -0.4513]], requires_grad=True)
[2023-01-19 20:42:41,676][__main__][INFO] - scores: tensor([[24.4062, 25.4062, 24.4531, 23.1562, 24.6562]], device='cuda:0',
       dtype=torch.float16, grad_fn=<MmBackward>)
[2023-01-19 20:42:41,982][__main__][INFO] - parameters: Parameter containing:
tensor([[ 0.1485, -0.1037,  0.0507,  1.6881, -0.2303, -0.4467, -0.6667,  0.8183,
         -0.4282, -0.4148]], requires_grad=True)
[2023-01-19 20:42:41,985][__main__][INFO] - scores: tensor([[24.4375, 25.3906, 24.4531, 23.1094, 24.6250]], device='cuda:0',
       dtype=torch.float16, grad_fn=<MmBackward>)
[2023-01-19 20:42:42,277][__main__][INFO] - parameters: Parameter containing:
tensor([[ 0.1303, -0.1216,  0.0499,  1.6822, -0.2495, -0.4049, -0.6696,  0.7788,
         -0.4186, -0.3854]], requires_grad=True)
[2023-01-19 20:42:42,280][__main__][INFO] - scores: tensor([[24.3906, 25.3750, 24.4375, 23.0312, 24.5625]], device='cuda:0',
       dtype=torch.float16, grad_fn=<MmBackward>)
[2023-01-19 20:42:42,590][__main__][INFO] - parameters: Parameter containing:
tensor([[ 0.1073, -0.1127,  0.0635,  1.6789, -0.2887, -0.3566, -0.6896,  0.7424,
         -0.3821, -0.3659]], requires_grad=True)
[2023-01-19 20:42:42,592][__main__][INFO] - scores: tensor([[24.4688, 25.3750, 24.4531, 23.0625, 24.5781]], device='cuda:0',
       dtype=torch.float16, grad_fn=<MmBackward>)
[2023-01-19 20:42:42,893][__main__][INFO] - parameters: Parameter containing:
tensor([[ 0.0907, -0.1032,  0.0763,  1.6688, -0.3289, -0.3128, -0.7003,  0.7100,
         -0.3456, -0.3441]], requires_grad=True)
[2023-01-19 20:42:42,895][__main__][INFO] - scores: tensor([[24.6094, 25.4062, 24.5000, 23.0938, 24.6250]], device='cuda:0',
       dtype=torch.float16, grad_fn=<MmBackward>)
[2023-01-19 20:42:43,196][__main__][INFO] - parameters: Parameter containing:
tensor([[ 0.0683, -0.0966,  0.0913,  1.6630, -0.3610, -0.2724, -0.7092,  0.6884,
         -0.3126, -0.3212]], requires_grad=True)
[2023-01-19 20:42:43,197][__main__][INFO] - scores: tensor([[24.6094, 25.4531, 24.5469, 23.1250, 24.6250]], device='cuda:0',
       dtype=torch.float16, grad_fn=<MmBackward>)
[2023-01-19 20:42:43,470][__main__][INFO] - parameters: Parameter containing:
tensor([[ 0.0500, -0.0863,  0.1001,  1.6668, -0.3914, -0.2350, -0.7257,  0.6502,
         -0.2964, -0.2995]], requires_grad=True)
[2023-01-19 20:42:43,477][__main__][INFO] - scores: tensor([[24.5781, 25.4531, 24.5625, 23.1250, 24.5938]], device='cuda:0',
       dtype=torch.float16, grad_fn=<MmBackward>)
[2023-01-19 20:42:43,782][__main__][INFO] - parameters: Parameter containing:
tensor([[ 0.0334, -0.0635,  0.1130,  1.6787, -0.4248, -0.2077, -0.7512,  0.6159,
         -0.2823, -0.2855]], requires_grad=True)
[2023-01-19 20:42:43,788][__main__][INFO] - scores: tensor([[24.5781, 25.4531, 24.5156, 23.0781, 24.5781]], device='cuda:0',
       dtype=torch.float16, grad_fn=<MmBackward>)
[2023-01-19 20:42:44,133][__main__][INFO] - parameters: Parameter containing:
tensor([[ 0.0213, -0.0499,  0.1244,  1.6913, -0.4517, -0.1841, -0.7678,  0.5920,
         -0.2699, -0.2651]], requires_grad=True)
[2023-01-19 20:42:44,137][__main__][INFO] - scores: tensor([[24.5469, 25.4688, 24.5469, 23.0469, 24.5625]], device='cuda:0',
       dtype=torch.float16, grad_fn=<MmBackward>)
[2023-01-19 20:42:44,462][__main__][INFO] - parameters: Parameter containing:
tensor([[-1.0964e-04, -3.7475e-02,  1.3831e-01,  1.6945e+00, -4.8260e-01,
         -1.5720e-01, -7.8675e-01,  5.7391e-01, -2.5083e-01, -2.5254e-01]],
       requires_grad=True)
[2023-01-19 20:42:44,464][__main__][INFO] - scores: tensor([[24.5000, 25.4219, 24.4844, 23.0156, 24.5469]], device='cuda:0',
       dtype=torch.float16, grad_fn=<MmBackward>)
[2023-01-19 20:42:44,784][__main__][INFO] - parameters: Parameter containing:
tensor([[-0.0223, -0.0309,  0.1523,  1.6869, -0.5116, -0.1277, -0.7945,  0.5587,
         -0.2246, -0.2400]], requires_grad=True)
[2023-01-19 20:42:44,788][__main__][INFO] - scores: tensor([[24.5156, 25.4219, 24.5156, 23.0312, 24.5156]], device='cuda:0',
       dtype=torch.float16, grad_fn=<MmBackward>)
[2023-01-19 20:42:45,109][__main__][INFO] - parameters: Parameter containing:
tensor([[-0.0346, -0.0292,  0.1634,  1.6719, -0.5437, -0.0953, -0.7959,  0.5488,
         -0.1922, -0.2233]], requires_grad=True)
[2023-01-19 20:42:45,111][__main__][INFO] - scores: tensor([[24.5312, 25.4531, 24.5938, 22.9844, 24.5312]], device='cuda:0',
       dtype=torch.float16, grad_fn=<MmBackward>)
[2023-01-19 20:42:45,416][__main__][INFO] - parameters: Parameter containing:
tensor([[-0.0476, -0.0310,  0.1759,  1.6465, -0.5748, -0.0654, -0.7891,  0.5429,
         -0.1582, -0.2020]], requires_grad=True)
[2023-01-19 20:42:45,417][__main__][INFO] - scores: tensor([[24.5938, 25.4844, 24.6250, 23.0312, 24.5469]], device='cuda:0',
       dtype=torch.float16, grad_fn=<MmBackward>)
[2023-01-19 20:42:45,712][__main__][INFO] - parameters: Parameter containing:
tensor([[-0.0599, -0.0258,  0.1910,  1.6220, -0.6058, -0.0355, -0.7801,  0.5225,
         -0.1310, -0.1849]], requires_grad=True)
[2023-01-19 20:42:45,718][__main__][INFO] - scores: tensor([[24.6406, 25.5000, 24.6719, 23.0469, 24.5312]], device='cuda:0',
       dtype=torch.float16, grad_fn=<MmBackward>)
[2023-01-19 20:42:46,026][__main__][INFO] - parameters: Parameter containing:
tensor([[-0.0736, -0.0345,  0.2079,  1.6073, -0.6257,  0.0114, -0.7595,  0.5038,
         -0.1053, -0.1652]], requires_grad=True)
[2023-01-19 20:42:46,030][__main__][INFO] - scores: tensor([[24.5938, 25.4844, 24.6719, 23.0156, 24.4844]], device='cuda:0',
       dtype=torch.float16, grad_fn=<MmBackward>)
[2023-01-19 20:42:46,329][__main__][INFO] - parameters: Parameter containing:
tensor([[-0.0947, -0.0304,  0.2322,  1.5850, -0.6410,  0.0330, -0.7341,  0.5005,
         -0.0847, -0.1549]], requires_grad=True)
[2023-01-19 20:42:46,335][__main__][INFO] - scores: tensor([[24.5938, 25.4844, 24.6719, 23.0312, 24.4844]], device='cuda:0',
       dtype=torch.float16, grad_fn=<MmBackward>)
[2023-01-19 20:42:46,635][__main__][INFO] - parameters: Parameter containing:
tensor([[-0.1147, -0.0097,  0.2589,  1.5526, -0.6654,  0.0332, -0.7140,  0.5029,
         -0.0584, -0.1485]], requires_grad=True)
[2023-01-19 20:42:46,636][__main__][INFO] - scores: tensor([[24.6562, 25.4844, 24.6719, 23.0469, 24.4844]], device='cuda:0',
       dtype=torch.float16, grad_fn=<MmBackward>)
[2023-01-19 20:42:46,943][__main__][INFO] - parameters: Parameter containing:
tensor([[-0.1334,  0.0131,  0.2792,  1.5160, -0.6940,  0.0258, -0.7015,  0.5069,
         -0.0372, -0.1527]], requires_grad=True)
[2023-01-19 20:42:46,946][__main__][INFO] - scores: tensor([[24.7812, 25.5625, 24.7812, 23.1562, 24.5469]], device='cuda:0',
       dtype=torch.float16, grad_fn=<MmBackward>)
[2023-01-19 20:42:47,249][__main__][INFO] - parameters: Parameter containing:
tensor([[-0.1442,  0.0319,  0.2964,  1.4966, -0.7129,  0.0264, -0.6984,  0.5203,
         -0.0244, -0.1729]], requires_grad=True)
[2023-01-19 20:42:47,255][__main__][INFO] - scores: tensor([[24.7500, 25.5625, 24.7500, 23.1250, 24.5469]], device='cuda:0',
       dtype=torch.float16, grad_fn=<MmBackward>)
[2023-01-19 20:42:47,563][__main__][INFO] - parameters: Parameter containing:
tensor([[-0.1539,  0.0478,  0.3151,  1.4867, -0.7406,  0.0431, -0.7018,  0.5282,
         -0.0040, -0.1879]], requires_grad=True)
[2023-01-19 20:42:47,569][__main__][INFO] - scores: tensor([[24.6875, 25.5312, 24.7500, 23.1250, 24.5625]], device='cuda:0',
       dtype=torch.float16, grad_fn=<MmBackward>)
[2023-01-19 20:42:47,880][__main__][INFO] - parameters: Parameter containing:
tensor([[-0.1586,  0.0590,  0.3269,  1.4816, -0.7715,  0.0712, -0.7158,  0.5208,
          0.0102, -0.1958]], requires_grad=True)
[2023-01-19 20:42:47,886][__main__][INFO] - scores: tensor([[24.6250, 25.5000, 24.7500, 23.0781, 24.5312]], device='cuda:0',
       dtype=torch.float16, grad_fn=<MmBackward>)
[2023-01-19 20:42:48,187][__main__][INFO] - parameters: Parameter containing:
tensor([[-0.1577,  0.0530,  0.3276,  1.4713, -0.8078,  0.1132, -0.7296,  0.4988,
          0.0303, -0.1836]], requires_grad=True)
[2023-01-19 20:42:48,190][__main__][INFO] - scores: tensor([[24.6719, 25.5000, 24.7656, 23.1094, 24.5781]], device='cuda:0',
       dtype=torch.float16, grad_fn=<MmBackward>)
[2023-01-19 20:42:48,494][__main__][INFO] - parameters: Parameter containing:
tensor([[-0.1496,  0.0397,  0.3161,  1.4597, -0.8410,  0.1520, -0.7454,  0.4694,
          0.0380, -0.1657]], requires_grad=True)
[2023-01-19 20:42:48,500][__main__][INFO] - scores: tensor([[24.6406, 25.5000, 24.7812, 23.1094, 24.5625]], device='cuda:0',
       dtype=torch.float16, grad_fn=<MmBackward>)
[2023-01-19 20:42:48,805][__main__][INFO] - parameters: Parameter containing:
tensor([[-0.1546,  0.0244,  0.3112,  1.4490, -0.8643,  0.1936, -0.7567,  0.4390,
          0.0400, -0.1466]], requires_grad=True)
[2023-01-19 20:42:48,808][__main__][INFO] - scores: tensor([[24.7031, 25.5156, 24.7188, 23.0938, 24.5625]], device='cuda:0',
       dtype=torch.float16, grad_fn=<MmBackward>)
[2023-01-19 20:42:49,099][__main__][INFO] - parameters: Parameter containing:
tensor([[-0.1659,  0.0186,  0.3229,  1.4527, -0.8819,  0.2396, -0.7549,  0.3905,
          0.0435, -0.1270]], requires_grad=True)
[2023-01-19 20:42:49,100][__main__][INFO] - scores: tensor([[24.6250, 25.4844, 24.7031, 23.0469, 24.5156]], device='cuda:0',
       dtype=torch.float16, grad_fn=<MmBackward>)
[2023-01-19 20:42:49,404][__main__][INFO] - parameters: Parameter containing:
tensor([[-0.1760,  0.0139,  0.3319,  1.4643, -0.8932,  0.2766, -0.7559,  0.3369,
          0.0300, -0.1066]], requires_grad=True)
[2023-01-19 20:42:49,406][__main__][INFO] - scores: tensor([[24.6406, 25.4844, 24.6719, 23.0469, 24.5156]], device='cuda:0',
       dtype=torch.float16, grad_fn=<MmBackward>)
[2023-01-19 20:42:49,718][__main__][INFO] - parameters: Parameter containing:
tensor([[-0.1777,  0.0022,  0.3314,  1.4633, -0.8956,  0.3001, -0.7487,  0.2891,
          0.0108, -0.0847]], requires_grad=True)
[2023-01-19 20:42:49,720][__main__][INFO] - scores: tensor([[24.6719, 25.5156, 24.7031, 23.0781, 24.5469]], device='cuda:0',
       dtype=torch.float16, grad_fn=<MmBackward>)
[2023-01-19 20:42:50,016][__main__][INFO] - parameters: Parameter containing:
tensor([[-0.1745, -0.0118,  0.3243,  1.4695, -0.8916,  0.3215, -0.7452,  0.2362,
         -0.0220, -0.0625]], requires_grad=True)
[2023-01-19 20:42:50,016][__main__][INFO] - scores: tensor([[24.7031, 25.5000, 24.7031, 23.0469, 24.5469]], device='cuda:0',
       dtype=torch.float16, grad_fn=<MmBackward>)
[2023-01-19 20:42:50,310][__main__][INFO] - parameters: Parameter containing:
tensor([[-0.1760, -0.0097,  0.3277,  1.4791, -0.8873,  0.3368, -0.7417,  0.1821,
         -0.0471, -0.0550]], requires_grad=True)
[2023-01-19 20:42:50,312][__main__][INFO] - scores: tensor([[24.7031, 25.5156, 24.7031, 23.0625, 24.5625]], device='cuda:0',
       dtype=torch.float16, grad_fn=<MmBackward>)
[2023-01-19 20:42:50,628][__main__][INFO] - parameters: Parameter containing:
tensor([[-0.1825, -0.0015,  0.3382,  1.4828, -0.8827,  0.3570, -0.7309,  0.1287,
         -0.0581, -0.0565]], requires_grad=True)
[2023-01-19 20:42:50,634][__main__][INFO] - scores: tensor([[24.6562, 25.4844, 24.6562, 23.0469, 24.5469]], device='cuda:0',
       dtype=torch.float16, grad_fn=<MmBackward>)
[2023-01-19 20:42:50,951][__main__][INFO] - parameters: Parameter containing:
tensor([[-0.1868,  0.0154,  0.3489,  1.4914, -0.8782,  0.3737, -0.7273,  0.0778,
         -0.0663, -0.0622]], requires_grad=True)
[2023-01-19 20:42:50,952][__main__][INFO] - scores: tensor([[24.6250, 25.4375, 24.6094, 22.9531, 24.5156]], device='cuda:0',
       dtype=torch.float16, grad_fn=<MmBackward>)
[2023-01-19 20:42:51,224][__main__][INFO] - parameters: Parameter containing:
tensor([[-0.1668,  0.0158,  0.3317,  1.5110, -0.8866,  0.3987, -0.7497,  0.0301,
         -0.0798, -0.0615]], requires_grad=True)
[2023-01-19 20:42:51,230][__main__][INFO] - scores: tensor([[24.5469, 25.4062, 24.5625, 22.9531, 24.5156]], device='cuda:0',
       dtype=torch.float16, grad_fn=<MmBackward>)
[2023-01-19 20:42:51,532][__main__][INFO] - parameters: Parameter containing:
tensor([[-1.6351e-01,  1.4611e-02,  3.2149e-01,  1.5267e+00, -8.8177e-01,
          4.0985e-01, -7.6911e-01,  1.4164e-03, -1.0067e-01, -6.4621e-02]],
       requires_grad=True)
[2023-01-19 20:42:51,537][__main__][INFO] - scores: tensor([[24.5781, 25.3906, 24.5156, 22.8750, 24.4688]], device='cuda:0',
       dtype=torch.float16, grad_fn=<MmBackward>)
[2023-01-19 20:42:51,858][__main__][INFO] - parameters: Parameter containing:
tensor([[-0.1701,  0.0147,  0.3207,  1.5501, -0.8617,  0.4116, -0.7802, -0.0188,
         -0.1259, -0.0720]], requires_grad=True)
[2023-01-19 20:42:51,864][__main__][INFO] - scores: tensor([[24.6250, 25.4062, 24.5469, 22.9062, 24.5156]], device='cuda:0',
       dtype=torch.float16, grad_fn=<MmBackward>)
