[2023-02-17 18:46:06,866][__main__][INFO] - Starting descriptors ablation for flame neutral model
[2023-02-17 18:46:06,866][__main__][INFO] - Starting with 2 descriptors
[2023-02-17 18:46:14,373][__main__][INFO] - Chosen descriptors: ['open mouth', 'smiling']
[2023-02-17 18:46:14,373][__main__][INFO] - Starting training
[2023-02-17 18:46:14,408][clip2mesh.optimizations.train_mapper][INFO] - Instantiating callback <pytorch_lightning.callbacks.ModelCheckpoint>
[2023-02-17 18:46:14,409][clip2mesh.optimizations.train_mapper][INFO] - dataloader batch size: 200
[2023-02-17 18:46:14,410][clip2mesh.optimizations.train_mapper][INFO] - tensorboard run name: flame_neutral_2_descriptors
[2023-02-17 18:46:14,410][clip2mesh.optimizations.train_mapper][INFO] - instantiating model
[2023-02-17 18:46:14,416][clip2mesh.optimizations.train_mapper][INFO] - training model
[2023-02-17 18:46:52,774][clip2mesh.optimizations.train_mapper][INFO] - finished training in 38.39981722831726 seconds
[2023-02-17 18:46:52,774][__main__][INFO] - Starting evaluation
[2023-02-17 18:46:54,382][clip2mesh.data_management.data_observation.evaluate_performance][INFO] - IOU: 0.10469745222929937 | Overlap: 0.47452547452547456
[2023-02-17 18:46:54,385][__main__][INFO] - Finished with 2 descriptors
[2023-02-17 18:46:54,385][__main__][INFO] - Starting with 5 descriptors
[2023-02-17 18:46:58,580][__main__][INFO] - Chosen descriptors: ['open mouth', 'smiling', 'serious', 'scared', 'sad']
[2023-02-17 18:46:58,580][__main__][INFO] - Starting training
[2023-02-17 18:46:58,612][clip2mesh.optimizations.train_mapper][INFO] - Instantiating callback <pytorch_lightning.callbacks.ModelCheckpoint>
[2023-02-17 18:46:58,613][clip2mesh.optimizations.train_mapper][INFO] - dataloader batch size: 200
[2023-02-17 18:46:58,614][clip2mesh.optimizations.train_mapper][INFO] - tensorboard run name: flame_neutral_5_descriptors
[2023-02-17 18:46:58,614][clip2mesh.optimizations.train_mapper][INFO] - instantiating model
[2023-02-17 18:46:58,621][clip2mesh.optimizations.train_mapper][INFO] - training model
[2023-02-17 18:47:35,289][clip2mesh.optimizations.train_mapper][INFO] - finished training in 36.70807194709778 seconds
[2023-02-17 18:47:35,289][__main__][INFO] - Starting evaluation
[2023-02-17 18:47:38,751][clip2mesh.data_management.data_observation.evaluate_performance][INFO] - IOU: 0.3288216560509554 | Overlap: 0.5588785046728972
[2023-02-17 18:47:38,754][__main__][INFO] - Finished with 5 descriptors
[2023-02-17 18:47:38,754][__main__][INFO] - Starting with 10 descriptors
[2023-02-17 18:47:43,070][__main__][INFO] - Chosen descriptors: ['open mouth', 'smiling', 'surprised', 'excited', 'open eyes', 'happy', 'confused', 'serious', 'scared', 'sad']
[2023-02-17 18:47:43,070][__main__][INFO] - Starting training
[2023-02-17 18:47:43,107][clip2mesh.optimizations.train_mapper][INFO] - Instantiating callback <pytorch_lightning.callbacks.ModelCheckpoint>
[2023-02-17 18:47:43,108][clip2mesh.optimizations.train_mapper][INFO] - dataloader batch size: 200
[2023-02-17 18:47:43,109][clip2mesh.optimizations.train_mapper][INFO] - tensorboard run name: flame_neutral_10_descriptors
[2023-02-17 18:47:43,109][clip2mesh.optimizations.train_mapper][INFO] - instantiating model
[2023-02-17 18:47:43,117][clip2mesh.optimizations.train_mapper][INFO] - training model
[2023-02-17 18:48:24,711][clip2mesh.optimizations.train_mapper][INFO] - finished training in 41.63738179206848 seconds
[2023-02-17 18:48:24,711][__main__][INFO] - Starting evaluation
[2023-02-17 18:48:31,274][clip2mesh.data_management.data_observation.evaluate_performance][INFO] - IOU: 0.2762738853503185 | Overlap: 0.7871492102438277
[2023-02-17 18:48:31,278][__main__][INFO] - Finished with 10 descriptors
[2023-02-17 18:48:31,278][__main__][INFO] - Starting with 15 descriptors
[2023-02-17 18:48:35,351][__main__][INFO] - Chosen descriptors: ['open mouth', 'smiling', 'surprised', 'excited', 'open eyes', 'happy', 'confused', 'angry', 'worried', 'nervous', 'bored', 'relaxed', 'serious', 'scared', 'sad']
[2023-02-17 18:48:35,351][__main__][INFO] - Starting training
[2023-02-17 18:48:35,390][clip2mesh.optimizations.train_mapper][INFO] - Instantiating callback <pytorch_lightning.callbacks.ModelCheckpoint>
[2023-02-17 18:48:35,391][clip2mesh.optimizations.train_mapper][INFO] - dataloader batch size: 200
[2023-02-17 18:48:35,391][clip2mesh.optimizations.train_mapper][INFO] - tensorboard run name: flame_neutral_15_descriptors
[2023-02-17 18:48:35,392][clip2mesh.optimizations.train_mapper][INFO] - instantiating model
[2023-02-17 18:48:35,398][clip2mesh.optimizations.train_mapper][INFO] - training model
[2023-02-17 18:49:21,010][clip2mesh.optimizations.train_mapper][INFO] - finished training in 45.65786814689636 seconds
[2023-02-17 18:49:21,010][__main__][INFO] - Starting evaluation
[2023-02-17 18:49:30,936][clip2mesh.data_management.data_observation.evaluate_performance][INFO] - IOU: 0.3519108280254777 | Overlap: 0.8236057068741893
[2023-02-17 18:49:30,939][__main__][INFO] - Finished with 15 descriptors
[2023-02-17 18:49:30,939][__main__][INFO] - Starting with 20 descriptors
[2023-02-17 18:49:35,183][__main__][INFO] - Chosen descriptors: ['open mouth', 'smiling', 'surprised', 'excited', 'open eyes', 'happy', 'confused', 'angry', 'worried', 'nervous', 'bored', 'relaxed', 'fearful', 'calm', 'sleepy', 'tired', 'disgusted', 'serious', 'scared', 'sad']
[2023-02-17 18:49:35,184][__main__][INFO] - Starting training
[2023-02-17 18:49:35,229][clip2mesh.optimizations.train_mapper][INFO] - Instantiating callback <pytorch_lightning.callbacks.ModelCheckpoint>
[2023-02-17 18:49:35,230][clip2mesh.optimizations.train_mapper][INFO] - dataloader batch size: 200
[2023-02-17 18:49:35,231][clip2mesh.optimizations.train_mapper][INFO] - tensorboard run name: flame_neutral_20_descriptors
[2023-02-17 18:49:35,231][clip2mesh.optimizations.train_mapper][INFO] - instantiating model
[2023-02-17 18:49:35,239][clip2mesh.optimizations.train_mapper][INFO] - training model
[2023-02-17 18:50:24,605][clip2mesh.optimizations.train_mapper][INFO] - finished training in 49.419757604599 seconds
[2023-02-17 18:50:24,606][__main__][INFO] - Starting evaluation
[2023-02-17 18:50:37,375][clip2mesh.data_management.data_observation.evaluate_performance][INFO] - IOU: 0.2786624203821656 | Overlap: 0.8865110246433203
[2023-02-17 18:50:37,378][__main__][INFO] - Finished with 20 descriptors
[2023-02-17 18:50:37,378][__main__][INFO] - Finished descriptors ablation for flame neutral
