[2023-01-27 21:49:05,278][choosing_descriptors][INFO] - There are total of 19 descriptors
[2023-01-27 21:49:05,280][choosing_descriptors][INFO] - Working on cluster 0
[2023-01-27 21:49:05,281][choosing_descriptors][INFO] - 0 most variance descriptor - curvy
[2023-01-27 21:49:05,281][choosing_descriptors][INFO] - Adding curvy to chosen descriptors
[2023-01-27 21:49:05,281][choosing_descriptors][INFO] - 1 most variance descriptor - long legs
[2023-01-27 21:49:05,282][choosing_descriptors][INFO] - long legs is correlated with curvy with corr -0.7773645962975286
[2023-01-27 21:49:05,282][choosing_descriptors][INFO] - 2 most variance descriptor - lean
[2023-01-27 21:49:05,282][choosing_descriptors][INFO] - lean is correlated with curvy with corr 0.6201348689855718
[2023-01-27 21:49:05,282][choosing_descriptors][INFO] - 3 most variance descriptor - hourglass
[2023-01-27 21:49:05,283][choosing_descriptors][INFO] - hourglass is correlated with curvy with corr 0.8441342572072288
[2023-01-27 21:49:05,283][choosing_descriptors][INFO] - 4 most variance descriptor - sexy
[2023-01-27 21:49:05,284][choosing_descriptors][INFO] - sexy is correlated with curvy with corr 0.7881766797643467
[2023-01-27 21:49:05,284][choosing_descriptors][INFO] - 5 most variance descriptor - fit
[2023-01-27 21:49:05,285][choosing_descriptors][INFO] - fit is correlated with curvy with corr 0.8053092484042516
[2023-01-27 21:49:05,285][choosing_descriptors][INFO] - 6 most variance descriptor - short
[2023-01-27 21:49:05,286][choosing_descriptors][INFO] - Adding short to chosen descriptors
[2023-01-27 21:49:05,286][choosing_descriptors][INFO] - 7 most variance descriptor - tall
[2023-01-27 21:49:05,287][choosing_descriptors][INFO] - Adding tall to chosen descriptors
[2023-01-27 21:49:05,287][choosing_descriptors][INFO] - currently chosen descriptors: {'curvy': {'variance': 0.7984410331438416}, 'short': {'variance': 0.08097220403436829}, 'tall': {'variance': 0.07920027272258476}}
[2023-01-27 21:49:05,288][choosing_descriptors][INFO] - Finished cluster 0
[2023-01-27 21:49:05,288][choosing_descriptors][INFO] - Working on cluster 1
[2023-01-27 21:49:05,288][choosing_descriptors][INFO] - 0 most variance descriptor - proportioned
[2023-01-27 21:49:05,288][choosing_descriptors][INFO] - Adding proportioned to chosen descriptors
[2023-01-27 21:49:05,288][choosing_descriptors][INFO] - 1 most variance descriptor - skinny
[2023-01-27 21:49:05,289][choosing_descriptors][INFO] - Adding skinny to chosen descriptors
[2023-01-27 21:49:05,289][choosing_descriptors][INFO] - currently chosen descriptors: {'proportioned': {'variance': 0.09186960598159424}, 'skinny': {'variance': 0.082286089194857}}
[2023-01-27 21:49:05,289][choosing_descriptors][INFO] - Finished cluster 1
[2023-01-27 21:49:05,289][choosing_descriptors][INFO] - Working on cluster 2
[2023-01-27 21:49:05,290][choosing_descriptors][INFO] - 0 most variance descriptor - pear shaped
[2023-01-27 21:49:05,290][choosing_descriptors][INFO] - Adding pear shaped to chosen descriptors
[2023-01-27 21:49:05,290][choosing_descriptors][INFO] - 1 most variance descriptor - big
[2023-01-27 21:49:05,291][choosing_descriptors][INFO] - big is correlated with pear shaped with corr 0.9263120371785106
[2023-01-27 21:49:05,291][choosing_descriptors][INFO] - 2 most variance descriptor - heavyset
[2023-01-27 21:49:05,292][choosing_descriptors][INFO] - heavyset is correlated with pear shaped with corr 0.9297586236595476
[2023-01-27 21:49:05,292][choosing_descriptors][INFO] - currently chosen descriptors: {'pear shaped': {'variance': 1.2696035792544096}}
[2023-01-27 21:49:05,292][choosing_descriptors][INFO] - Finished cluster 2
[2023-01-27 21:49:05,292][choosing_descriptors][INFO] - Working on cluster 3
[2023-01-27 21:49:05,292][choosing_descriptors][INFO] - 0 most variance descriptor - fat
[2023-01-27 21:49:05,292][choosing_descriptors][INFO] - Adding fat to chosen descriptors
[2023-01-27 21:49:05,293][choosing_descriptors][INFO] - currently chosen descriptors: {'fat': {'variance': 1.9127443968981859}}
[2023-01-27 21:49:05,293][choosing_descriptors][INFO] - Finished cluster 3
[2023-01-27 21:49:05,293][choosing_descriptors][INFO] - Working on cluster 4
[2023-01-27 21:49:05,293][choosing_descriptors][INFO] - 0 most variance descriptor - petite
[2023-01-27 21:49:05,293][choosing_descriptors][INFO] - Adding petite to chosen descriptors
[2023-01-27 21:49:05,293][choosing_descriptors][INFO] - 1 most variance descriptor - small
[2023-01-27 21:49:05,294][choosing_descriptors][INFO] - Adding small to chosen descriptors
[2023-01-27 21:49:05,294][choosing_descriptors][INFO] - currently chosen descriptors: {'petite': {'variance': 0.08295113714496449}, 'small': {'variance': 0.07112013300695305}}
[2023-01-27 21:49:05,294][choosing_descriptors][INFO] - Finished cluster 4
[2023-01-27 21:49:05,294][choosing_descriptors][INFO] - Working on cluster 5
[2023-01-27 21:49:05,295][choosing_descriptors][INFO] - 0 most variance descriptor - narrow waist
[2023-01-27 21:49:05,295][choosing_descriptors][INFO] - Adding narrow waist to chosen descriptors
[2023-01-27 21:49:05,295][choosing_descriptors][INFO] - currently chosen descriptors: {'narrow waist': {'variance': 0.09899651921979308}}
[2023-01-27 21:49:05,295][choosing_descriptors][INFO] - Finished cluster 5
[2023-01-27 21:49:05,295][choosing_descriptors][INFO] - There are 10 chosen descriptors in initial filter
[2023-01-27 21:49:05,295][choosing_descriptors][INFO] - chosen descriptors: [['curvy', 'short', 'tall'], ['proportioned', 'skinny'], ['pear shaped'], ['fat'], ['petite', 'small'], ['narrow waist']]
[2023-01-27 21:49:05,295][choosing_descriptors][INFO] - Final filter
[2023-01-27 21:49:05,297][choosing_descriptors][INFO] - Descriptor fat has variance 1.9127443968981859
[2023-01-27 21:49:05,298][choosing_descriptors][INFO] - Descriptor fat is correlated with curvy with correlation 0.9073523288608573 - removing curvy
[2023-01-27 21:49:05,300][choosing_descriptors][INFO] - Descriptor fat is correlated with pear shaped with correlation 0.9340113388624457 - removing pear shaped
[2023-01-27 21:49:05,300][choosing_descriptors][INFO] - Descriptor fat is correlated with small with correlation 0.7395071931860654 - removing small
[2023-01-27 21:49:05,301][choosing_descriptors][INFO] - Descriptor fat is correlated with narrow waist with correlation 0.6067172432375337 - removing narrow waist
[2023-01-27 21:49:05,302][choosing_descriptors][INFO] - Descriptor proportioned has variance 0.09186960598159424
[2023-01-27 21:49:05,306][choosing_descriptors][INFO] - Descriptor petite has variance 0.08295113714496449
[2023-01-27 21:49:05,307][choosing_descriptors][INFO] - Descriptor petite is correlated with short with correlation 0.6786758792131238 - removing short
[2023-01-27 21:49:05,310][choosing_descriptors][INFO] - Descriptor skinny has variance 0.082286089194857
[2023-01-27 21:49:05,310][choosing_descriptors][INFO] - Descriptor skinny is correlated with tall with correlation 0.5394508142090508 - removing tall
