[2023-01-20 21:58:33,216][__main__][INFO] - parameters: Parameter containing:
tensor([[0.1564, 0.7968, 0.5021, 0.4035, 0.4750, 0.0065, 0.6928, 0.7913, 0.5899,
         0.0837]], requires_grad=True)
[2023-01-20 21:58:33,439][__main__][INFO] - parameters: Parameter containing:
tensor([[0.1548, 0.8000, 0.4943, 0.3937, 0.4688, 0.0134, 0.6856, 0.7835, 0.5940,
         0.0839]], requires_grad=True)
[2023-01-20 21:58:33,619][__main__][INFO] - parameters: Parameter containing:
tensor([[0.1609, 0.7974, 0.4860, 0.3974, 0.4645, 0.0215, 0.6790, 0.7768, 0.5933,
         0.0877]], requires_grad=True)
[2023-01-20 21:58:33,792][__main__][INFO] - parameters: Parameter containing:
tensor([[0.1659, 0.7936, 0.4795, 0.4022, 0.4636, 0.0256, 0.6756, 0.7760, 0.5924,
         0.0920]], requires_grad=True)
[2023-01-20 21:58:33,962][__main__][INFO] - parameters: Parameter containing:
tensor([[0.1659, 0.7905, 0.4770, 0.4057, 0.4633, 0.0277, 0.6734, 0.7783, 0.5934,
         0.0958]], requires_grad=True)
[2023-01-20 21:58:34,124][__main__][INFO] - parameters: Parameter containing:
tensor([[0.1648, 0.7858, 0.4750, 0.4107, 0.4654, 0.0286, 0.6736, 0.7825, 0.5937,
         0.0996]], requires_grad=True)
[2023-01-20 21:58:34,295][__main__][INFO] - parameters: Parameter containing:
tensor([[0.1628, 0.7822, 0.4733, 0.4131, 0.4660, 0.0312, 0.6727, 0.7857, 0.5949,
         0.1028]], requires_grad=True)
[2023-01-20 21:58:34,456][__main__][INFO] - parameters: Parameter containing:
tensor([[0.1597, 0.7808, 0.4727, 0.4129, 0.4648, 0.0348, 0.6703, 0.7883, 0.5978,
         0.1043]], requires_grad=True)
[2023-01-20 21:58:34,635][__main__][INFO] - parameters: Parameter containing:
tensor([[0.1579, 0.7788, 0.4709, 0.4131, 0.4641, 0.0384, 0.6684, 0.7895, 0.5994,
         0.1064]], requires_grad=True)
[2023-01-20 21:58:34,819][__main__][INFO] - parameters: Parameter containing:
tensor([[0.1573, 0.7780, 0.4702, 0.4145, 0.4630, 0.0420, 0.6664, 0.7889, 0.6017,
         0.1082]], requires_grad=True)
[2023-01-20 21:58:35,001][__main__][INFO] - parameters: Parameter containing:
tensor([[0.1567, 0.7784, 0.4706, 0.4158, 0.4611, 0.0464, 0.6641, 0.7866, 0.6052,
         0.1099]], requires_grad=True)
[2023-01-20 21:58:35,192][__main__][INFO] - parameters: Parameter containing:
tensor([[0.1585, 0.7765, 0.4691, 0.4182, 0.4611, 0.0505, 0.6635, 0.7843, 0.6068,
         0.1137]], requires_grad=True)
[2023-01-20 21:58:35,378][__main__][INFO] - parameters: Parameter containing:
tensor([[0.1601, 0.7750, 0.4673, 0.4210, 0.4611, 0.0540, 0.6623, 0.7817, 0.6079,
         0.1170]], requires_grad=True)
[2023-01-20 21:58:35,563][__main__][INFO] - parameters: Parameter containing:
tensor([[0.1634, 0.7713, 0.4633, 0.4259, 0.4633, 0.0569, 0.6623, 0.7800, 0.6061,
         0.1217]], requires_grad=True)
[2023-01-20 21:58:35,744][__main__][INFO] - parameters: Parameter containing:
tensor([[0.1654, 0.7682, 0.4599, 0.4306, 0.4659, 0.0584, 0.6627, 0.7775, 0.6034,
         0.1255]], requires_grad=True)
[2023-01-20 21:58:35,952][__main__][INFO] - parameters: Parameter containing:
tensor([[0.1646, 0.7663, 0.4583, 0.4341, 0.4685, 0.0588, 0.6635, 0.7741, 0.6011,
         0.1289]], requires_grad=True)
[2023-01-20 21:58:36,123][__main__][INFO] - parameters: Parameter containing:
tensor([[0.1611, 0.7652, 0.4591, 0.4356, 0.4713, 0.0571, 0.6653, 0.7714, 0.5994,
         0.1325]], requires_grad=True)
[2023-01-20 21:58:36,307][__main__][INFO] - parameters: Parameter containing:
tensor([[0.1560, 0.7644, 0.4613, 0.4355, 0.4753, 0.0532, 0.6688, 0.7697, 0.5974,
         0.1353]], requires_grad=True)
[2023-01-20 21:58:36,527][__main__][INFO] - parameters: Parameter containing:
tensor([[0.1506, 0.7645, 0.4649, 0.4351, 0.4796, 0.0478, 0.6732, 0.7673, 0.5961,
         0.1374]], requires_grad=True)
[2023-01-20 21:58:36,700][__main__][INFO] - parameters: Parameter containing:
tensor([[0.1465, 0.7643, 0.4668, 0.4362, 0.4838, 0.0427, 0.6763, 0.7642, 0.5932,
         0.1396]], requires_grad=True)
[2023-01-20 21:58:36,858][__main__][INFO] - parameters: Parameter containing:
tensor([[0.1444, 0.7634, 0.4670, 0.4385, 0.4882, 0.0385, 0.6790, 0.7608, 0.5892,
         0.1424]], requires_grad=True)
[2023-01-20 21:58:37,027][__main__][INFO] - parameters: Parameter containing:
tensor([[0.1448, 0.7622, 0.4659, 0.4417, 0.4915, 0.0368, 0.6801, 0.7581, 0.5852,
         0.1447]], requires_grad=True)
[2023-01-20 21:58:37,212][__main__][INFO] - parameters: Parameter containing:
tensor([[0.1480, 0.7606, 0.4629, 0.4461, 0.4942, 0.0365, 0.6793, 0.7597, 0.5807,
         0.1443]], requires_grad=True)
[2023-01-20 21:58:37,380][__main__][INFO] - parameters: Parameter containing:
tensor([[0.1516, 0.7594, 0.4595, 0.4511, 0.4959, 0.0378, 0.6771, 0.7613, 0.5763,
         0.1428]], requires_grad=True)
[2023-01-20 21:58:37,572][__main__][INFO] - parameters: Parameter containing:
tensor([[0.1539, 0.7590, 0.4578, 0.4550, 0.4972, 0.0386, 0.6753, 0.7636, 0.5738,
         0.1410]], requires_grad=True)
[2023-01-20 21:58:37,747][__main__][INFO] - parameters: Parameter containing:
tensor([[0.1546, 0.7590, 0.4574, 0.4575, 0.4987, 0.0389, 0.6742, 0.7666, 0.5727,
         0.1393]], requires_grad=True)
[2023-01-20 21:58:37,923][__main__][INFO] - parameters: Parameter containing:
tensor([[0.1539, 0.7592, 0.4580, 0.4579, 0.5004, 0.0377, 0.6739, 0.7702, 0.5725,
         0.1375]], requires_grad=True)
[2023-01-20 21:58:38,123][__main__][INFO] - parameters: Parameter containing:
tensor([[0.1520, 0.7590, 0.4595, 0.4568, 0.5029, 0.0355, 0.6748, 0.7745, 0.5731,
         0.1365]], requires_grad=True)
[2023-01-20 21:58:38,301][__main__][INFO] - parameters: Parameter containing:
tensor([[0.1497, 0.7583, 0.4613, 0.4549, 0.5055, 0.0337, 0.6765, 0.7790, 0.5741,
         0.1369]], requires_grad=True)
[2023-01-20 21:58:38,478][__main__][INFO] - parameters: Parameter containing:
tensor([[0.1482, 0.7561, 0.4621, 0.4530, 0.5086, 0.0325, 0.6785, 0.7831, 0.5745,
         0.1390]], requires_grad=True)
[2023-01-20 21:58:38,648][__main__][INFO] - parameters: Parameter containing:
tensor([[0.1474, 0.7532, 0.4621, 0.4513, 0.5119, 0.0318, 0.6807, 0.7867, 0.5744,
         0.1423]], requires_grad=True)
[2023-01-20 21:58:38,831][__main__][INFO] - parameters: Parameter containing:
tensor([[0.1469, 0.7502, 0.4617, 0.4498, 0.5151, 0.0311, 0.6828, 0.7889, 0.5732,
         0.1462]], requires_grad=True)
[2023-01-20 21:58:39,014][__main__][INFO] - parameters: Parameter containing:
tensor([[0.1464, 0.7481, 0.4621, 0.4494, 0.5188, 0.0293, 0.6851, 0.7904, 0.5715,
         0.1490]], requires_grad=True)
[2023-01-20 21:58:39,199][__main__][INFO] - parameters: Parameter containing:
tensor([[0.1461, 0.7463, 0.4626, 0.4495, 0.5225, 0.0268, 0.6874, 0.7910, 0.5694,
         0.1512]], requires_grad=True)
[2023-01-20 21:58:39,391][__main__][INFO] - parameters: Parameter containing:
tensor([[0.1462, 0.7445, 0.4629, 0.4501, 0.5261, 0.0248, 0.6897, 0.7910, 0.5672,
         0.1533]], requires_grad=True)
[2023-01-20 21:58:39,558][__main__][INFO] - parameters: Parameter containing:
tensor([[0.1472, 0.7427, 0.4629, 0.4512, 0.5292, 0.0234, 0.6915, 0.7907, 0.5655,
         0.1548]], requires_grad=True)
[2023-01-20 21:58:39,747][__main__][INFO] - parameters: Parameter containing:
tensor([[0.1483, 0.7411, 0.4631, 0.4523, 0.5318, 0.0227, 0.6932, 0.7905, 0.5647,
         0.1556]], requires_grad=True)
[2023-01-20 21:58:39,929][__main__][INFO] - parameters: Parameter containing:
tensor([[0.1492, 0.7397, 0.4635, 0.4533, 0.5343, 0.0223, 0.6951, 0.7899, 0.5646,
         0.1562]], requires_grad=True)
[2023-01-20 21:58:40,100][__main__][INFO] - parameters: Parameter containing:
tensor([[0.1496, 0.7382, 0.4641, 0.4543, 0.5374, 0.0218, 0.6976, 0.7883, 0.5639,
         0.1569]], requires_grad=True)
[2023-01-20 21:58:40,295][__main__][INFO] - parameters: Parameter containing:
tensor([[0.1485, 0.7383, 0.4661, 0.4544, 0.5400, 0.0201, 0.6995, 0.7878, 0.5647,
         0.1553]], requires_grad=True)
[2023-01-20 21:58:40,479][__main__][INFO] - parameters: Parameter containing:
tensor([[0.1467, 0.7393, 0.4686, 0.4543, 0.5421, 0.0182, 0.7006, 0.7879, 0.5664,
         0.1521]], requires_grad=True)
[2023-01-20 21:58:40,656][__main__][INFO] - parameters: Parameter containing:
tensor([[0.1452, 0.7397, 0.4713, 0.4549, 0.5452, 0.0156, 0.7027, 0.7880, 0.5681,
         0.1490]], requires_grad=True)
[2023-01-20 21:58:40,835][__main__][INFO] - parameters: Parameter containing:
tensor([[0.1430, 0.7405, 0.4753, 0.4569, 0.5493, 0.0121, 0.7058, 0.7880, 0.5705,
         0.1459]], requires_grad=True)
[2023-01-20 21:58:41,042][__main__][INFO] - parameters: Parameter containing:
tensor([[0.1414, 0.7409, 0.4795, 0.4600, 0.5538, 0.0085, 0.7093, 0.7882, 0.5731,
         0.1433]], requires_grad=True)
[2023-01-20 21:58:41,224][__main__][INFO] - parameters: Parameter containing:
tensor([[0.1407, 0.7405, 0.4830, 0.4629, 0.5577, 0.0064, 0.7128, 0.7878, 0.5757,
         0.1425]], requires_grad=True)
[2023-01-20 21:58:41,403][__main__][INFO] - parameters: Parameter containing:
tensor([[0.1407, 0.7395, 0.4857, 0.4653, 0.5608, 0.0054, 0.7157, 0.7878, 0.5786,
         0.1425]], requires_grad=True)
[2023-01-20 21:58:41,582][__main__][INFO] - parameters: Parameter containing:
tensor([[0.1416, 0.7379, 0.4875, 0.4674, 0.5633, 0.0046, 0.7179, 0.7889, 0.5817,
         0.1428]], requires_grad=True)
[2023-01-20 21:58:41,758][__main__][INFO] - parameters: Parameter containing:
tensor([[0.1431, 0.7360, 0.4887, 0.4692, 0.5653, 0.0045, 0.7197, 0.7903, 0.5851,
         0.1434]], requires_grad=True)
[2023-01-20 21:58:41,974][__main__][INFO] - parameters: Parameter containing:
tensor([[0.1450, 0.7337, 0.4894, 0.4705, 0.5669, 0.0044, 0.7210, 0.7927, 0.5891,
         0.1436]], requires_grad=True)
[2023-01-20 21:58:42,162][__main__][INFO] - parameters: Parameter containing:
tensor([[0.1473, 0.7311, 0.4894, 0.4723, 0.5684, 0.0045, 0.7219, 0.7952, 0.5930,
         0.1443]], requires_grad=True)
[2023-01-20 21:58:42,338][__main__][INFO] - parameters: Parameter containing:
tensor([[0.1503, 0.7286, 0.4885, 0.4749, 0.5699, 0.0042, 0.7221, 0.7971, 0.5959,
         0.1447]], requires_grad=True)
[2023-01-20 21:58:42,529][__main__][INFO] - parameters: Parameter containing:
tensor([[0.1523, 0.7278, 0.4883, 0.4769, 0.5705, 0.0035, 0.7215, 0.7983, 0.5991,
         0.1439]], requires_grad=True)
[2023-01-20 21:58:42,705][__main__][INFO] - parameters: Parameter containing:
tensor([[0.1528, 0.7282, 0.4889, 0.4771, 0.5707, 0.0014, 0.7209, 0.7997, 0.6018,
         0.1423]], requires_grad=True)
[2023-01-20 21:58:42,878][__main__][INFO] - parameters: Parameter containing:
tensor([[ 0.1525,  0.7294,  0.4898,  0.4771,  0.5709, -0.0015,  0.7201,  0.8007,
          0.6037,  0.1405]], requires_grad=True)
[2023-01-20 21:58:43,055][__main__][INFO] - parameters: Parameter containing:
tensor([[ 0.1519,  0.7306,  0.4903,  0.4766,  0.5707, -0.0044,  0.7187,  0.8018,
          0.6051,  0.1379]], requires_grad=True)
[2023-01-20 21:58:43,252][__main__][INFO] - parameters: Parameter containing:
tensor([[ 0.1511,  0.7315,  0.4901,  0.4762,  0.5709, -0.0077,  0.7171,  0.8029,
          0.6054,  0.1352]], requires_grad=True)
[2023-01-20 21:58:43,437][__main__][INFO] - parameters: Parameter containing:
tensor([[ 0.1504,  0.7323,  0.4896,  0.4759,  0.5711, -0.0109,  0.7152,  0.8039,
          0.6053,  0.1327]], requires_grad=True)
[2023-01-20 21:58:43,603][__main__][INFO] - parameters: Parameter containing:
tensor([[ 0.1499,  0.7329,  0.4887,  0.4762,  0.5712, -0.0143,  0.7128,  0.8050,
          0.6050,  0.1300]], requires_grad=True)
[2023-01-20 21:58:43,790][__main__][INFO] - parameters: Parameter containing:
tensor([[ 0.1497,  0.7331,  0.4875,  0.4761,  0.5717, -0.0183,  0.7111,  0.8064,
          0.6049,  0.1277]], requires_grad=True)
[2023-01-20 21:58:43,984][__main__][INFO] - parameters: Parameter containing:
tensor([[ 0.1503,  0.7327,  0.4861,  0.4773,  0.5720, -0.0209,  0.7094,  0.8072,
          0.6052,  0.1262]], requires_grad=True)
[2023-01-20 21:58:44,174][__main__][INFO] - parameters: Parameter containing:
tensor([[ 0.1515,  0.7316,  0.4847,  0.4798,  0.5727, -0.0225,  0.7085,  0.8072,
          0.6057,  0.1257]], requires_grad=True)
[2023-01-20 21:58:44,366][__main__][INFO] - parameters: Parameter containing:
tensor([[ 0.1517,  0.7319,  0.4853,  0.4824,  0.5731, -0.0246,  0.7078,  0.8076,
          0.6075,  0.1250]], requires_grad=True)
[2023-01-20 21:58:44,546][__main__][INFO] - parameters: Parameter containing:
tensor([[ 0.1516,  0.7314,  0.4865,  0.4857,  0.5742, -0.0262,  0.7080,  0.8084,
          0.6088,  0.1250]], requires_grad=True)
[2023-01-20 21:58:44,743][__main__][INFO] - parameters: Parameter containing:
tensor([[ 0.1511,  0.7309,  0.4879,  0.4885,  0.5752, -0.0277,  0.7083,  0.8094,
          0.6101,  0.1256]], requires_grad=True)
[2023-01-20 21:58:44,937][__main__][INFO] - parameters: Parameter containing:
tensor([[ 0.1511,  0.7302,  0.4892,  0.4913,  0.5759, -0.0282,  0.7090,  0.8090,
          0.6116,  0.1267]], requires_grad=True)
[2023-01-20 21:58:45,117][__main__][INFO] - parameters: Parameter containing:
tensor([[ 0.1514,  0.7296,  0.4901,  0.4928,  0.5761, -0.0287,  0.7097,  0.8075,
          0.6132,  0.1280]], requires_grad=True)
[2023-01-20 21:58:45,298][__main__][INFO] - parameters: Parameter containing:
tensor([[ 0.1516,  0.7290,  0.4907,  0.4929,  0.5755, -0.0292,  0.7100,  0.8063,
          0.6151,  0.1293]], requires_grad=True)
[2023-01-20 21:58:45,476][__main__][INFO] - parameters: Parameter containing:
tensor([[ 0.1516,  0.7288,  0.4911,  0.4916,  0.5742, -0.0300,  0.7099,  0.8053,
          0.6172,  0.1303]], requires_grad=True)
[2023-01-20 21:58:45,660][__main__][INFO] - parameters: Parameter containing:
tensor([[ 0.1515,  0.7288,  0.4910,  0.4890,  0.5725, -0.0313,  0.7093,  0.8046,
          0.6190,  0.1309]], requires_grad=True)
[2023-01-20 21:58:45,844][__main__][INFO] - parameters: Parameter containing:
tensor([[ 0.1514,  0.7288,  0.4905,  0.4868,  0.5707, -0.0324,  0.7081,  0.8036,
          0.6206,  0.1311]], requires_grad=True)
[2023-01-20 21:58:46,022][__main__][INFO] - parameters: Parameter containing:
tensor([[ 0.1514,  0.7287,  0.4899,  0.4852,  0.5688, -0.0330,  0.7066,  0.8020,
          0.6218,  0.1315]], requires_grad=True)
[2023-01-20 21:58:46,203][__main__][INFO] - parameters: Parameter containing:
tensor([[ 0.1513,  0.7291,  0.4895,  0.4844,  0.5672, -0.0341,  0.7049,  0.7998,
          0.6225,  0.1312]], requires_grad=True)
[2023-01-20 21:58:46,369][__main__][INFO] - parameters: Parameter containing:
tensor([[ 0.1509,  0.7298,  0.4892,  0.4842,  0.5659, -0.0356,  0.7032,  0.7975,
          0.6230,  0.1305]], requires_grad=True)
[2023-01-20 21:58:46,591][__main__][INFO] - parameters: Parameter containing:
tensor([[ 0.1511,  0.7297,  0.4886,  0.4848,  0.5649, -0.0360,  0.7020,  0.7945,
          0.6234,  0.1307]], requires_grad=True)
[2023-01-20 21:58:46,772][__main__][INFO] - parameters: Parameter containing:
tensor([[ 0.1511,  0.7292,  0.4883,  0.4858,  0.5645, -0.0364,  0.7014,  0.7925,
          0.6243,  0.1312]], requires_grad=True)
[2023-01-20 21:58:46,952][__main__][INFO] - parameters: Parameter containing:
tensor([[ 0.1500,  0.7292,  0.4889,  0.4867,  0.5647, -0.0379,  0.7012,  0.7918,
          0.6256,  0.1309]], requires_grad=True)
[2023-01-20 21:58:47,125][__main__][INFO] - parameters: Parameter containing:
tensor([[ 0.1498,  0.7282,  0.4893,  0.4888,  0.5652, -0.0379,  0.7016,  0.7902,
          0.6271,  0.1318]], requires_grad=True)
[2023-01-20 21:58:47,298][__main__][INFO] - parameters: Parameter containing:
tensor([[ 0.1496,  0.7271,  0.4897,  0.4905,  0.5660, -0.0384,  0.7024,  0.7895,
          0.6287,  0.1323]], requires_grad=True)
[2023-01-20 21:58:47,476][__main__][INFO] - parameters: Parameter containing:
tensor([[ 0.1495,  0.7261,  0.4897,  0.4922,  0.5669, -0.0393,  0.7029,  0.7887,
          0.6301,  0.1326]], requires_grad=True)
[2023-01-20 21:58:47,675][__main__][INFO] - parameters: Parameter containing:
tensor([[ 0.1494,  0.7250,  0.4893,  0.4938,  0.5677, -0.0403,  0.7031,  0.7881,
          0.6311,  0.1325]], requires_grad=True)
[2023-01-20 21:58:47,853][__main__][INFO] - parameters: Parameter containing:
tensor([[ 0.1485,  0.7251,  0.4896,  0.4946,  0.5679, -0.0421,  0.7027,  0.7881,
          0.6327,  0.1312]], requires_grad=True)
[2023-01-20 21:58:48,020][__main__][INFO] - parameters: Parameter containing:
tensor([[ 0.1479,  0.7254,  0.4898,  0.4947,  0.5677, -0.0445,  0.7024,  0.7879,
          0.6343,  0.1300]], requires_grad=True)
[2023-01-20 21:58:48,196][__main__][INFO] - parameters: Parameter containing:
tensor([[ 0.1484,  0.7250,  0.4893,  0.4943,  0.5672, -0.0461,  0.7024,  0.7871,
          0.6359,  0.1301]], requires_grad=True)
[2023-01-20 21:58:48,407][__main__][INFO] - parameters: Parameter containing:
tensor([[ 0.1493,  0.7247,  0.4887,  0.4937,  0.5664, -0.0479,  0.7024,  0.7859,
          0.6377,  0.1303]], requires_grad=True)
[2023-01-20 21:58:48,592][__main__][INFO] - parameters: Parameter containing:
tensor([[ 0.1498,  0.7248,  0.4887,  0.4940,  0.5657, -0.0494,  0.7024,  0.7841,
          0.6394,  0.1299]], requires_grad=True)
[2023-01-20 21:58:48,775][__main__][INFO] - parameters: Parameter containing:
tensor([[ 0.1496,  0.7254,  0.4893,  0.4944,  0.5651, -0.0515,  0.7024,  0.7825,
          0.6411,  0.1289]], requires_grad=True)
[2023-01-20 21:58:48,948][__main__][INFO] - parameters: Parameter containing:
tensor([[ 0.1491,  0.7258,  0.4895,  0.4943,  0.5647, -0.0540,  0.7023,  0.7812,
          0.6424,  0.1280]], requires_grad=True)
[2023-01-20 21:58:49,123][__main__][INFO] - parameters: Parameter containing:
tensor([[ 0.1494,  0.7247,  0.4887,  0.4938,  0.5639, -0.0549,  0.7021,  0.7804,
          0.6440,  0.1285]], requires_grad=True)
[2023-01-20 21:58:49,311][__main__][INFO] - parameters: Parameter containing:
tensor([[ 0.1495,  0.7234,  0.4877,  0.4932,  0.5631, -0.0560,  0.7015,  0.7799,
          0.6455,  0.1291]], requires_grad=True)
[2023-01-20 21:58:49,485][__main__][INFO] - parameters: Parameter containing:
tensor([[ 0.1490,  0.7229,  0.4874,  0.4935,  0.5623, -0.0570,  0.7008,  0.7788,
          0.6467,  0.1289]], requires_grad=True)
[2023-01-20 21:58:49,691][__main__][INFO] - parameters: Parameter containing:
tensor([[ 0.1480,  0.7232,  0.4878,  0.4942,  0.5614, -0.0583,  0.6998,  0.7773,
          0.6481,  0.1280]], requires_grad=True)
[2023-01-20 21:58:49,859][__main__][INFO] - parameters: Parameter containing:
tensor([[ 0.1473,  0.7237,  0.4885,  0.4966,  0.5609, -0.0598,  0.6988,  0.7755,
          0.6489,  0.1273]], requires_grad=True)
[2023-01-20 21:58:50,024][__main__][INFO] - parameters: Parameter containing:
tensor([[ 0.1471,  0.7236,  0.4886,  0.4980,  0.5600, -0.0609,  0.6978,  0.7739,
          0.6503,  0.1275]], requires_grad=True)
[2023-01-20 21:58:50,204][__main__][INFO] - parameters: Parameter containing:
tensor([[ 0.1478,  0.7226,  0.4880,  0.4990,  0.5587, -0.0614,  0.6971,  0.7730,
          0.6522,  0.1292]], requires_grad=True)
[2023-01-20 21:58:50,423][__main__][INFO] - parameters: Parameter containing:
tensor([[ 0.1487,  0.7211,  0.4874,  0.4995,  0.5573, -0.0610,  0.6968,  0.7723,
          0.6545,  0.1312]], requires_grad=True)
[2023-01-20 21:58:50,610][__main__][INFO] - parameters: Parameter containing:
tensor([[ 0.1480,  0.7211,  0.4885,  0.4996,  0.5566, -0.0629,  0.6972,  0.7714,
          0.6565,  0.1319]], requires_grad=True)
[2023-01-20 21:58:50,801][__main__][INFO] - parameters: Parameter containing:
tensor([[ 0.1471,  0.7215,  0.4896,  0.4991,  0.5560, -0.0654,  0.6976,  0.7709,
          0.6581,  0.1328]], requires_grad=True)
[2023-01-20 21:58:50,994][__main__][INFO] - parameters: Parameter containing:
tensor([[ 0.1469,  0.7216,  0.4899,  0.4992,  0.5551, -0.0677,  0.6974,  0.7702,
          0.6592,  0.1339]], requires_grad=True)
[2023-01-20 21:58:51,201][__main__][INFO] - parameters: Parameter containing:
tensor([[ 0.1477,  0.7209,  0.4888,  0.4989,  0.5539, -0.0695,  0.6966,  0.7700,
          0.6598,  0.1356]], requires_grad=True)
[2023-01-20 21:58:51,394][__main__][INFO] - parameters: Parameter containing:
tensor([[ 0.1484,  0.7201,  0.4875,  0.4985,  0.5531, -0.0720,  0.6957,  0.7700,
          0.6601,  0.1369]], requires_grad=True)
[2023-01-20 21:58:51,605][__main__][INFO] - parameters: Parameter containing:
tensor([[ 0.1480,  0.7203,  0.4877,  0.4984,  0.5525, -0.0749,  0.6953,  0.7702,
          0.6607,  0.1378]], requires_grad=True)
[2023-01-20 21:58:51,813][__main__][INFO] - parameters: Parameter containing:
tensor([[ 0.1469,  0.7211,  0.4886,  0.4987,  0.5522, -0.0785,  0.6949,  0.7704,
          0.6611,  0.1381]], requires_grad=True)
[2023-01-20 21:58:51,983][__main__][INFO] - parameters: Parameter containing:
tensor([[ 0.1473,  0.7212,  0.4887,  0.5010,  0.5516, -0.0806,  0.6938,  0.7699,
          0.6611,  0.1391]], requires_grad=True)
[2023-01-20 21:58:52,163][__main__][INFO] - parameters: Parameter containing:
tensor([[ 0.1488,  0.7202,  0.4877,  0.5027,  0.5502, -0.0809,  0.6927,  0.7692,
          0.6615,  0.1415]], requires_grad=True)
[2023-01-20 21:58:52,365][__main__][INFO] - parameters: Parameter containing:
tensor([[ 0.1493,  0.7198,  0.4884,  0.5048,  0.5494, -0.0816,  0.6927,  0.7688,
          0.6625,  0.1428]], requires_grad=True)
[2023-01-20 21:58:52,545][__main__][INFO] - parameters: Parameter containing:
tensor([[ 0.1488,  0.7198,  0.4902,  0.5072,  0.5492, -0.0825,  0.6935,  0.7684,
          0.6639,  0.1434]], requires_grad=True)
[2023-01-20 21:58:52,717][__main__][INFO] - parameters: Parameter containing:
tensor([[ 0.1483,  0.7195,  0.4918,  0.5088,  0.5488, -0.0833,  0.6942,  0.7683,
          0.6657,  0.1438]], requires_grad=True)
[2023-01-20 21:58:52,889][__main__][INFO] - parameters: Parameter containing:
tensor([[ 0.1486,  0.7183,  0.4917,  0.5087,  0.5475, -0.0837,  0.6942,  0.7685,
          0.6668,  0.1451]], requires_grad=True)
[2023-01-20 21:58:53,055][__main__][INFO] - parameters: Parameter containing:
tensor([[ 0.1491,  0.7169,  0.4905,  0.5076,  0.5460, -0.0845,  0.6936,  0.7691,
          0.6673,  0.1463]], requires_grad=True)
[2023-01-20 21:58:53,230][__main__][INFO] - parameters: Parameter containing:
tensor([[ 0.1490,  0.7160,  0.4898,  0.5055,  0.5445, -0.0864,  0.6934,  0.7696,
          0.6678,  0.1475]], requires_grad=True)
[2023-01-20 21:58:53,421][__main__][INFO] - parameters: Parameter containing:
tensor([[ 0.1482,  0.7159,  0.4898,  0.5033,  0.5436, -0.0895,  0.6933,  0.7701,
          0.6681,  0.1481]], requires_grad=True)
[2023-01-20 21:58:53,588][__main__][INFO] - parameters: Parameter containing:
tensor([[ 0.1469,  0.7165,  0.4901,  0.5015,  0.5429, -0.0933,  0.6932,  0.7703,
          0.6680,  0.1483]], requires_grad=True)
[2023-01-20 21:58:53,769][__main__][INFO] - parameters: Parameter containing:
tensor([[ 0.1473,  0.7162,  0.4892,  0.5016,  0.5419, -0.0949,  0.6925,  0.7690,
          0.6672,  0.1490]], requires_grad=True)
[2023-01-20 21:58:53,960][__main__][INFO] - parameters: Parameter containing:
tensor([[ 0.1481,  0.7157,  0.4882,  0.5026,  0.5410, -0.0961,  0.6916,  0.7675,
          0.6661,  0.1500]], requires_grad=True)
[2023-01-20 21:58:54,125][__main__][INFO] - parameters: Parameter containing:
tensor([[ 0.1483,  0.7158,  0.4885,  0.5049,  0.5412, -0.0978,  0.6917,  0.7658,
          0.6650,  0.1503]], requires_grad=True)
[2023-01-20 21:58:54,310][__main__][INFO] - parameters: Parameter containing:
tensor([[ 0.1477,  0.7166,  0.4898,  0.5076,  0.5414, -0.0997,  0.6917,  0.7646,
          0.6647,  0.1497]], requires_grad=True)
[2023-01-20 21:58:54,491][__main__][INFO] - parameters: Parameter containing:
tensor([[ 0.1477,  0.7166,  0.4908,  0.5106,  0.5416, -0.1006,  0.6919,  0.7633,
          0.6646,  0.1496]], requires_grad=True)
[2023-01-20 21:58:54,683][__main__][INFO] - parameters: Parameter containing:
tensor([[ 0.1485,  0.7158,  0.4908,  0.5127,  0.5412, -0.1008,  0.6921,  0.7622,
          0.6644,  0.1512]], requires_grad=True)
[2023-01-20 21:58:54,866][__main__][INFO] - parameters: Parameter containing:
tensor([[ 0.1491,  0.7154,  0.4911,  0.5144,  0.5400, -0.1004,  0.6917,  0.7613,
          0.6648,  0.1517]], requires_grad=True)
[2023-01-20 21:58:55,039][__main__][INFO] - parameters: Parameter containing:
tensor([[ 0.1487,  0.7159,  0.4918,  0.5139,  0.5381, -0.1011,  0.6910,  0.7610,
          0.6659,  0.1517]], requires_grad=True)
[2023-01-20 21:58:55,239][__main__][INFO] - parameters: Parameter containing:
tensor([[ 0.1485,  0.7158,  0.4920,  0.5135,  0.5361, -0.1011,  0.6901,  0.7608,
          0.6667,  0.1520]], requires_grad=True)
[2023-01-20 21:58:55,423][__main__][INFO] - parameters: Parameter containing:
tensor([[ 0.1483,  0.7149,  0.4917,  0.5116,  0.5339, -0.1010,  0.6895,  0.7613,
          0.6674,  0.1533]], requires_grad=True)
[2023-01-20 21:58:55,602][__main__][INFO] - parameters: Parameter containing:
tensor([[ 0.1483,  0.7141,  0.4910,  0.5100,  0.5317, -0.1009,  0.6886,  0.7615,
          0.6678,  0.1542]], requires_grad=True)
[2023-01-20 21:58:55,787][__main__][INFO] - parameters: Parameter containing:
tensor([[ 0.1476,  0.7140,  0.4911,  0.5082,  0.5301, -0.1019,  0.6882,  0.7620,
          0.6683,  0.1545]], requires_grad=True)
[2023-01-20 21:58:55,976][__main__][INFO] - parameters: Parameter containing:
tensor([[ 0.1470,  0.7142,  0.4915,  0.5076,  0.5289, -0.1031,  0.6879,  0.7621,
          0.6682,  0.1543]], requires_grad=True)
[2023-01-20 21:58:56,160][__main__][INFO] - parameters: Parameter containing:
tensor([[ 0.1469,  0.7140,  0.4911,  0.5071,  0.5277, -0.1037,  0.6874,  0.7621,
          0.6677,  0.1540]], requires_grad=True)
[2023-01-20 21:58:56,343][__main__][INFO] - parameters: Parameter containing:
tensor([[ 0.1474,  0.7139,  0.4905,  0.5081,  0.5268, -0.1036,  0.6867,  0.7611,
          0.6663,  0.1536]], requires_grad=True)
[2023-01-20 21:58:56,546][__main__][INFO] - parameters: Parameter containing:
tensor([[ 0.1474,  0.7141,  0.4906,  0.5092,  0.5265, -0.1042,  0.6868,  0.7602,
          0.6650,  0.1528]], requires_grad=True)
[2023-01-20 21:58:56,744][__main__][INFO] - parameters: Parameter containing:
tensor([[ 0.1472,  0.7146,  0.4909,  0.5102,  0.5268, -0.1055,  0.6874,  0.7596,
          0.6637,  0.1520]], requires_grad=True)
[2023-01-20 21:58:56,941][__main__][INFO] - parameters: Parameter containing:
tensor([[ 0.1471,  0.7145,  0.4913,  0.5114,  0.5274, -0.1066,  0.6884,  0.7593,
          0.6626,  0.1518]], requires_grad=True)
[2023-01-20 21:58:57,130][__main__][INFO] - parameters: Parameter containing:
tensor([[ 0.1477,  0.7132,  0.4909,  0.5120,  0.5279, -0.1065,  0.6897,  0.7597,
          0.6622,  0.1525]], requires_grad=True)
[2023-01-20 21:58:57,315][__main__][INFO] - parameters: Parameter containing:
tensor([[ 0.1477,  0.7127,  0.4912,  0.5123,  0.5282, -0.1072,  0.6909,  0.7607,
          0.6625,  0.1522]], requires_grad=True)
[2023-01-20 21:58:57,511][__main__][INFO] - parameters: Parameter containing:
tensor([[ 0.1475,  0.7130,  0.4916,  0.5122,  0.5280, -0.1081,  0.6915,  0.7615,
          0.6631,  0.1513]], requires_grad=True)
[2023-01-20 21:58:57,722][__main__][INFO] - parameters: Parameter containing:
tensor([[ 0.1472,  0.7141,  0.4921,  0.5115,  0.5271, -0.1096,  0.6913,  0.7621,
          0.6638,  0.1499]], requires_grad=True)
