[2023-02-26 13:01:41,565][choosing_descriptors][INFO] - There are total of 29 descriptors
[2023-02-26 13:01:41,566][choosing_descriptors][INFO] - There are 5 descriptors with no cluster
[2023-02-26 13:01:41,566][choosing_descriptors][INFO] - Keeping []
[2023-02-26 13:01:41,567][choosing_descriptors][INFO] - Working on cluster 0
[2023-02-26 13:01:41,568][choosing_descriptors][INFO] - 0 most variance descriptor - pear shaped
[2023-02-26 13:01:41,568][choosing_descriptors][INFO] - Adding pear shaped to chosen descriptors
[2023-02-26 13:01:41,568][choosing_descriptors][INFO] - 1 most variance descriptor - curvy
[2023-02-26 13:01:41,569][choosing_descriptors][INFO] - curvy is correlated with pear shaped with corr 0.9172352511746468
[2023-02-26 13:01:41,569][choosing_descriptors][INFO] - 2 most variance descriptor - long legs
[2023-02-26 13:01:41,570][choosing_descriptors][INFO] - long legs is correlated with pear shaped with corr -0.8197766715422405
[2023-02-26 13:01:41,570][choosing_descriptors][INFO] - 3 most variance descriptor - stocky
[2023-02-26 13:01:41,571][choosing_descriptors][INFO] - stocky is correlated with pear shaped with corr 0.832466160864489
[2023-02-26 13:01:41,571][choosing_descriptors][INFO] - 4 most variance descriptor - round apple
[2023-02-26 13:01:41,572][choosing_descriptors][INFO] - round apple is correlated with pear shaped with corr 0.8707270781100496
[2023-02-26 13:01:41,572][choosing_descriptors][INFO] - 5 most variance descriptor - long torso
[2023-02-26 13:01:41,572][choosing_descriptors][INFO] - Adding long torso to chosen descriptors
[2023-02-26 13:01:41,573][choosing_descriptors][INFO] - 6 most variance descriptor - short legs
[2023-02-26 13:01:41,573][choosing_descriptors][INFO] - short legs is correlated with pear shaped with corr -0.7397168122657112
[2023-02-26 13:01:41,573][choosing_descriptors][INFO] - 7 most variance descriptor - long
[2023-02-26 13:01:41,574][choosing_descriptors][INFO] - long is correlated with long torso with corr 0.8757854854812722
[2023-02-26 13:01:41,574][choosing_descriptors][INFO] - 8 most variance descriptor - lean
[2023-02-26 13:01:41,576][choosing_descriptors][INFO] - Adding lean to chosen descriptors
[2023-02-26 13:01:41,576][choosing_descriptors][INFO] - 9 most variance descriptor - sturdy
[2023-02-26 13:01:41,576][choosing_descriptors][INFO] - sturdy is correlated with pear shaped with corr 0.7421800585904926
[2023-02-26 13:01:41,577][choosing_descriptors][INFO] - 10 most variance descriptor - short
[2023-02-26 13:01:41,578][choosing_descriptors][INFO] - Adding short to chosen descriptors
[2023-02-26 13:01:41,578][choosing_descriptors][INFO] - 11 most variance descriptor - muscular
[2023-02-26 13:01:41,580][choosing_descriptors][INFO] - muscular is correlated with lean with corr 0.6316762280393907
[2023-02-26 13:01:41,580][choosing_descriptors][INFO] - 12 most variance descriptor - fit
[2023-02-26 13:01:41,582][choosing_descriptors][INFO] - Adding fit to chosen descriptors
[2023-02-26 13:01:41,583][choosing_descriptors][INFO] - 13 most variance descriptor - rectangular
[2023-02-26 13:01:41,586][choosing_descriptors][INFO] - Adding rectangular to chosen descriptors
[2023-02-26 13:01:41,586][choosing_descriptors][INFO] - 14 most variance descriptor - proportioned
[2023-02-26 13:01:41,588][choosing_descriptors][INFO] - proportioned is correlated with long torso with corr 0.703265058983564
[2023-02-26 13:01:41,588][choosing_descriptors][INFO] - 15 most variance descriptor - short torso
[2023-02-26 13:01:41,590][choosing_descriptors][INFO] - short torso is correlated with long torso with corr 0.7104123555077413
[2023-02-26 13:01:41,590][choosing_descriptors][INFO] - currently chosen descriptors: {'pear shaped': {'variance': 0.8045740076013512}, 'long torso': {'variance': 0.1533800441066066}, 'lean': {'variance': 0.09873408540376316}, 'short': {'variance': 0.06341997368462211}, 'fit': {'variance': 0.059492655741679196}, 'rectangular': {'variance': 0.05767045732255693}}
[2023-02-26 13:01:41,590][choosing_descriptors][INFO] - Finished cluster 0
[2023-02-26 13:01:41,590][choosing_descriptors][INFO] - Working on cluster 1
[2023-02-26 13:01:41,591][choosing_descriptors][INFO] - 0 most variance descriptor - fat
[2023-02-26 13:01:41,591][choosing_descriptors][INFO] - Adding fat to chosen descriptors
[2023-02-26 13:01:41,591][choosing_descriptors][INFO] - 1 most variance descriptor - big
[2023-02-26 13:01:41,592][choosing_descriptors][INFO] - big is correlated with fat with corr 0.9746615162325875
[2023-02-26 13:01:41,592][choosing_descriptors][INFO] - 2 most variance descriptor - heavyset
[2023-02-26 13:01:41,593][choosing_descriptors][INFO] - heavyset is correlated with fat with corr 0.9828124620007778
[2023-02-26 13:01:41,593][choosing_descriptors][INFO] - 3 most variance descriptor - narrow waist
[2023-02-26 13:01:41,594][choosing_descriptors][INFO] - narrow waist is correlated with fat with corr 0.6848162880538505
[2023-02-26 13:01:41,594][choosing_descriptors][INFO] - currently chosen descriptors: {'fat': {'variance': 1.4225720877127128}}
[2023-02-26 13:01:41,594][choosing_descriptors][INFO] - Finished cluster 1
[2023-02-26 13:01:41,594][choosing_descriptors][INFO] - Working on cluster 2
[2023-02-26 13:01:41,595][choosing_descriptors][INFO] - 0 most variance descriptor - tall
[2023-02-26 13:01:41,595][choosing_descriptors][INFO] - Adding tall to chosen descriptors
[2023-02-26 13:01:41,595][choosing_descriptors][INFO] - 1 most variance descriptor - petite
[2023-02-26 13:01:41,596][choosing_descriptors][INFO] - Adding petite to chosen descriptors
[2023-02-26 13:01:41,596][choosing_descriptors][INFO] - 2 most variance descriptor - small
[2023-02-26 13:01:41,598][choosing_descriptors][INFO] - Adding small to chosen descriptors
[2023-02-26 13:01:41,598][choosing_descriptors][INFO] - 3 most variance descriptor - skinny
[2023-02-26 13:01:41,599][choosing_descriptors][INFO] - skinny is correlated with tall with corr 0.7244980580170006
[2023-02-26 13:01:41,599][choosing_descriptors][INFO] - currently chosen descriptors: {'tall': {'variance': 0.15217275478603604}, 'petite': {'variance': 0.10774728610446381}, 'small': {'variance': 0.08456546756717656}}
[2023-02-26 13:01:41,599][choosing_descriptors][INFO] - Finished cluster 2
[2023-02-26 13:01:41,599][choosing_descriptors][INFO] - There are 10 chosen descriptors in initial filter
[2023-02-26 13:01:41,599][choosing_descriptors][INFO] - chosen descriptors: [['pear shaped', 'long torso', 'lean', 'short', 'fit', 'rectangular'], ['fat'], ['tall', 'petite', 'small']]
[2023-02-26 13:01:41,599][choosing_descriptors][INFO] - Final filter
[2023-02-26 13:01:41,601][choosing_descriptors][INFO] - Descriptor pear shaped has variance 0.8045740076013512
[2023-02-26 13:01:41,602][choosing_descriptors][INFO] - Descriptor pear shaped is correlated with fat with correlation 0.963831581879597
[2023-02-26 13:01:41,603][choosing_descriptors][INFO] - Removing pear shaped because fat is already chosen
[2023-02-26 13:01:42,677][choosing_descriptors][INFO] - Descriptor long torso has variance 0.1533800441066066
[2023-02-26 13:01:42,694][choosing_descriptors][INFO] - Descriptor long torso is correlated with tall with correlation 0.9093676008095909
[2023-02-26 13:01:42,694][choosing_descriptors][INFO] - Removing tall because it is correlated with long torso
[2023-02-26 13:01:42,695][choosing_descriptors][INFO] - Descriptor petite has variance 0.10774728610446381
[2023-02-26 13:01:42,696][choosing_descriptors][INFO] - Descriptor petite is correlated with short with correlation 0.6559224878484355
[2023-02-26 13:01:42,696][choosing_descriptors][INFO] - Removing short because it is correlated with petite
[2023-02-26 13:01:42,697][choosing_descriptors][INFO] - Descriptor lean has variance 0.09873408540376316
[2023-02-26 13:01:42,698][choosing_descriptors][INFO] - Descriptor lean is correlated with fat with correlation 0.6941186823669616
[2023-02-26 13:01:42,698][choosing_descriptors][INFO] - Removing lean because fat is already chosen
[2023-02-26 13:01:42,698][choosing_descriptors][INFO] - Removing lean because it is an antonym of fat
[2023-02-26 13:01:42,699][choosing_descriptors][INFO] - Removing lean because it is an antonym of fat
[2023-02-26 13:01:42,699][choosing_descriptors][INFO] - Descriptor small has variance 0.08456546756717656
[2023-02-26 13:01:42,702][choosing_descriptors][INFO] - Descriptor fit has variance 0.059492655741679196
[2023-02-26 13:01:42,704][choosing_descriptors][INFO] - Descriptor rectangular has variance 0.05767045732255693
