[2023-02-24 17:34:07,122][__main__][INFO] - Starting optimization for smplx betas
[2023-02-24 17:34:07,122][__main__][INFO] - labels: [['fat'], ['long torso']]
[2023-02-24 17:34:07,123][__main__][INFO] - Optimizing 7.png
[2023-02-24 17:34:07,124][__main__][INFO] - Video for 7.png already exists
[2023-02-24 17:34:07,124][__main__][INFO] - Optimizing 2.png
[2023-02-24 17:34:07,124][__main__][INFO] - Video for 2.png already exists
[2023-02-24 17:34:07,124][__main__][INFO] - Optimizing 9.png
[2023-02-24 17:34:07,124][__main__][INFO] - Video for 9.png already exists
[2023-02-24 17:34:07,124][__main__][INFO] - Optimizing 0.png
[2023-02-24 17:34:07,124][__main__][INFO] - Video for 0.png already exists
[2023-02-24 17:34:07,124][__main__][INFO] - Optimizing 6.png
[2023-02-24 17:34:07,124][__main__][INFO] - Video for 6.png already exists
[2023-02-24 17:34:07,125][__main__][INFO] - Optimizing 4.png
[2023-02-24 17:34:07,125][__main__][INFO] - Video for 4.png already exists
[2023-02-24 17:34:07,125][__main__][INFO] - Optimizing 1.png
[2023-02-24 17:34:07,125][__main__][INFO] - Video for 1.png already exists
[2023-02-24 17:34:07,125][__main__][INFO] - Optimizing 3.png
[2023-02-24 17:34:07,125][__main__][INFO] - Video for 3.png already exists
[2023-02-24 17:34:07,125][__main__][INFO] - Optimizing 5.png
[2023-02-24 17:34:07,125][__main__][INFO] - Video for 5.png already exists
[2023-02-24 17:34:07,155][__main__][INFO] - Starting optimization for smplx betas
[2023-02-24 17:34:07,155][__main__][INFO] - labels: [['fat'], ['rectangular'], ['fit'], ['long torso'], ['petite']]
[2023-02-24 17:34:07,155][__main__][INFO] - Optimizing 7.png
[2023-02-24 17:34:07,156][__main__][INFO] - Video for 7.png already exists
[2023-02-24 17:34:07,156][__main__][INFO] - Optimizing 2.png
[2023-02-24 17:34:07,156][__main__][INFO] - Video for 2.png already exists
[2023-02-24 17:34:07,156][__main__][INFO] - Optimizing 9.png
[2023-02-24 17:34:07,156][__main__][INFO] - Video for 9.png already exists
[2023-02-24 17:34:07,156][__main__][INFO] - Optimizing 0.png
[2023-02-24 17:34:07,156][__main__][INFO] - Video for 0.png already exists
[2023-02-24 17:34:07,157][__main__][INFO] - Optimizing 6.png
