[2023-01-16 22:19:30,832][choosing_descriptors][INFO] - There are total of 26 descriptors
[2023-01-16 22:19:35,108][choosing_descriptors][INFO] - Working on cluster 0
[2023-01-16 22:19:35,109][choosing_descriptors][INFO] - 0 most covering descriptor
[2023-01-16 22:19:35,109][choosing_descriptors][INFO] - Adding curvy to chosen descriptors
[2023-01-16 22:19:35,110][choosing_descriptors][INFO] - 1 most covering descriptor
[2023-01-16 22:19:35,111][choosing_descriptors][INFO] - proportioned has high IoU with curvy with iou 0.9045801526717556, skipping
[2023-01-16 22:19:35,111][choosing_descriptors][INFO] - 2 most covering descriptor
[2023-01-16 22:19:35,112][choosing_descriptors][INFO] - round apple has high IoU with curvy with iou 0.7662835249042146, skipping
[2023-01-16 22:19:35,112][choosing_descriptors][INFO] - 3 most covering descriptor
[2023-01-16 22:19:35,114][choosing_descriptors][INFO] - Adding short to chosen descriptors
[2023-01-16 22:19:35,114][choosing_descriptors][INFO] - 4 most covering descriptor
[2023-01-16 22:19:35,116][choosing_descriptors][INFO] - lean has high IoU with short with iou 0.7412587412587412, skipping
[2023-01-16 22:19:35,116][choosing_descriptors][INFO] - 5 most covering descriptor
[2023-01-16 22:19:35,118][choosing_descriptors][INFO] - fit has high IoU with short with iou 0.7291666666666666, skipping
[2023-01-16 22:19:35,118][choosing_descriptors][INFO] - 6 most covering descriptor
[2023-01-16 22:19:35,121][choosing_descriptors][INFO] - petite has high IoU with short with iou 0.7571428571428571, skipping
[2023-01-16 22:19:35,121][choosing_descriptors][INFO] - 7 most covering descriptor
[2023-01-16 22:19:35,123][choosing_descriptors][INFO] - masculine has high IoU with short with iou 0.7132867132867133, skipping
[2023-01-16 22:19:35,123][choosing_descriptors][INFO] - 8 most covering descriptor
[2023-01-16 22:19:35,125][choosing_descriptors][INFO] - Adding long legs to chosen descriptors
[2023-01-16 22:19:35,125][choosing_descriptors][INFO] - 9 most covering descriptor
[2023-01-16 22:19:35,127][choosing_descriptors][INFO] - sexy is correlated with {'curvy': {'iou': 0.13659089100058114, 'vertex_coverage': 258}, 'short': {'iou': 0.4152997871853899, 'vertex_coverage': 127}, 'long legs': {'iou': 0.14645519271619983, 'vertex_coverage': 103}} with corr 0.6859252975778732
[2023-01-16 22:19:35,128][choosing_descriptors][INFO] - 10 most covering descriptor
[2023-01-16 22:19:35,131][choosing_descriptors][INFO] - built is correlated with {'curvy': {'iou': 0.13659089100058114, 'vertex_coverage': 258}, 'short': {'iou': 0.4152997871853899, 'vertex_coverage': 127}, 'long legs': {'iou': 0.14645519271619983, 'vertex_coverage': 103}} with corr 0.5920090632708452
[2023-01-16 22:19:35,131][choosing_descriptors][INFO] - 11 most covering descriptor
[2023-01-16 22:19:35,134][choosing_descriptors][INFO] - Adding muscular to chosen descriptors
[2023-01-16 22:19:35,134][choosing_descriptors][INFO] - 12 most covering descriptor
[2023-01-16 22:19:35,137][choosing_descriptors][INFO] - Adding sturdy to chosen descriptors
[2023-01-16 22:19:35,137][choosing_descriptors][INFO] - currently chosen descriptors: {'curvy': {'iou': 0.13659089100058114, 'vertex_coverage': 258}, 'short': {'iou': 0.4152997871853899, 'vertex_coverage': 127}, 'long legs': {'iou': 0.14645519271619983, 'vertex_coverage': 103}, 'muscular': {'iou': 0.42206339248840197, 'vertex_coverage': 64}, 'sturdy': {'iou': 0.30531646773477683, 'vertex_coverage': 61}}
[2023-01-16 22:19:35,137][choosing_descriptors][INFO] - Finished cluster 0
[2023-01-16 22:19:35,137][choosing_descriptors][INFO] - Working on cluster 1
[2023-01-16 22:19:35,138][choosing_descriptors][INFO] - 0 most covering descriptor
[2023-01-16 22:19:35,138][choosing_descriptors][INFO] - Adding broad shoulders to chosen descriptors
[2023-01-16 22:19:35,138][choosing_descriptors][INFO] - 1 most covering descriptor
[2023-01-16 22:19:35,139][choosing_descriptors][INFO] - thin has high IoU with broad shoulders with iou 0.824, skipping
[2023-01-16 22:19:35,140][choosing_descriptors][INFO] - 2 most covering descriptor
[2023-01-16 22:19:35,141][choosing_descriptors][INFO] - average has high IoU with broad shoulders with iou 0.7578125, skipping
[2023-01-16 22:19:35,141][choosing_descriptors][INFO] - 3 most covering descriptor
[2023-01-16 22:19:35,142][choosing_descriptors][INFO] - skinny has high IoU with broad shoulders with iou 0.8, skipping
[2023-01-16 22:19:35,142][choosing_descriptors][INFO] - 4 most covering descriptor
[2023-01-16 22:19:35,143][choosing_descriptors][INFO] - Adding narrow waist to chosen descriptors
[2023-01-16 22:19:35,144][choosing_descriptors][INFO] - 5 most covering descriptor
[2023-01-16 22:19:35,146][choosing_descriptors][INFO] - Adding tall to chosen descriptors
[2023-01-16 22:19:35,146][choosing_descriptors][INFO] - 6 most covering descriptor
[2023-01-16 22:19:35,150][choosing_descriptors][INFO] - Adding fat to chosen descriptors
[2023-01-16 22:19:35,150][choosing_descriptors][INFO] - 7 most covering descriptor
[2023-01-16 22:19:35,154][choosing_descriptors][INFO] - big has high IoU with fat with iou 0.8913043478260869, skipping
[2023-01-16 22:19:35,154][choosing_descriptors][INFO] - currently chosen descriptors: {'broad shoulders': {'iou': 0.4738041780574101, 'vertex_coverage': 123}, 'narrow waist': {'iou': 0.14499363393308, 'vertex_coverage': 79}, 'tall': {'iou': 0.4405816794018499, 'vertex_coverage': 73}, 'fat': {'iou': 0.34396378328106864, 'vertex_coverage': 46}}
[2023-01-16 22:19:35,154][choosing_descriptors][INFO] - Finished cluster 1
[2023-01-16 22:19:35,154][choosing_descriptors][INFO] - Working on cluster 2
[2023-01-16 22:19:35,155][choosing_descriptors][INFO] - 0 most covering descriptor
[2023-01-16 22:19:35,155][choosing_descriptors][INFO] - Adding rectangular to chosen descriptors
[2023-01-16 22:19:35,156][choosing_descriptors][INFO] - 1 most covering descriptor
[2023-01-16 22:19:35,157][choosing_descriptors][INFO] - Adding pear shaped to chosen descriptors
[2023-01-16 22:19:35,157][choosing_descriptors][INFO] - 2 most covering descriptor
[2023-01-16 22:19:35,160][choosing_descriptors][INFO] - small is correlated with {'rectangular': {'iou': 0.11561907297428485, 'vertex_coverage': 372}, 'pear shaped': {'iou': 0.13113449396006188, 'vertex_coverage': 250}} with corr 0.5816964381585672
[2023-01-16 22:19:35,160][choosing_descriptors][INFO] - 3 most covering descriptor
[2023-01-16 22:19:35,163][choosing_descriptors][INFO] - stocky is correlated with {'rectangular': {'iou': 0.11561907297428485, 'vertex_coverage': 372}, 'pear shaped': {'iou': 0.13113449396006188, 'vertex_coverage': 250}} with corr 0.839091265498889
[2023-01-16 22:19:35,163][choosing_descriptors][INFO] - 4 most covering descriptor
[2023-01-16 22:19:35,166][choosing_descriptors][INFO] - heavyset is correlated with {'rectangular': {'iou': 0.11561907297428485, 'vertex_coverage': 372}, 'pear shaped': {'iou': 0.13113449396006188, 'vertex_coverage': 250}} with corr 0.954286153728873
[2023-01-16 22:19:35,166][choosing_descriptors][INFO] - currently chosen descriptors: {'rectangular': {'iou': 0.11561907297428485, 'vertex_coverage': 372}, 'pear shaped': {'iou': 0.13113449396006188, 'vertex_coverage': 250}}
[2023-01-16 22:19:35,166][choosing_descriptors][INFO] - Finished cluster 2
[2023-01-16 22:19:35,167][choosing_descriptors][INFO] - There are 11 chosen descriptors
[2023-01-16 22:19:35,167][choosing_descriptors][INFO] - chosen descriptors: [['curvy', 'short', 'long legs', 'muscular', 'sturdy'], ['broad shoulders', 'narrow waist', 'tall', 'fat'], ['rectangular', 'pear shaped']]
