[2023-01-20 19:09:49,111][__main__][INFO] - Optimizing for short...
[2023-01-20 19:09:49,113][__main__][INFO] - File /home/nadav2/dev/data/CLIP2Shape/outs/vertices_heatmap/optimizations/compared_to_inv/smplx_multiview_diff_coords/short/short.npy already exists. Skipping...
[2023-01-20 19:09:49,113][__main__][INFO] - File /home/nadav2/dev/data/CLIP2Shape/outs/vertices_heatmap/optimizations/compared_to_inv/smplx_multiview_diff_coords/short/short_inverse.npy already exists. Skipping...
[2023-01-20 19:09:49,113][__main__][INFO] - Optimizing for tall...
[2023-01-20 19:09:49,113][__main__][INFO] - File /home/nadav2/dev/data/CLIP2Shape/outs/vertices_heatmap/optimizations/compared_to_inv/smplx_multiview_diff_coords/tall/tall.npy already exists. Skipping...
[2023-01-20 19:09:49,113][__main__][INFO] - File /home/nadav2/dev/data/CLIP2Shape/outs/vertices_heatmap/optimizations/compared_to_inv/smplx_multiview_diff_coords/tall/tall_inverse.npy already exists. Skipping...
[2023-01-20 19:09:49,114][__main__][INFO] - Optimizing for long legs...
[2023-01-20 19:09:49,114][__main__][INFO] - File /home/nadav2/dev/data/CLIP2Shape/outs/vertices_heatmap/optimizations/compared_to_inv/smplx_multiview_diff_coords/long legs/long legs.npy already exists. Skipping...
[2023-01-20 19:09:49,114][__main__][INFO] - File /home/nadav2/dev/data/CLIP2Shape/outs/vertices_heatmap/optimizations/compared_to_inv/smplx_multiview_diff_coords/long legs/long legs_inverse.npy already exists. Skipping...
[2023-01-20 19:09:49,114][__main__][INFO] - Optimizing for big...
[2023-01-20 19:09:49,115][__main__][INFO] - File /home/nadav2/dev/data/CLIP2Shape/outs/vertices_heatmap/optimizations/compared_to_inv/smplx_multiview_diff_coords/big/big.npy already exists. Skipping...
[2023-01-20 19:09:49,115][__main__][INFO] - File /home/nadav2/dev/data/CLIP2Shape/outs/vertices_heatmap/optimizations/compared_to_inv/smplx_multiview_diff_coords/big/big_inverse.npy already exists. Skipping...
[2023-01-20 19:09:49,115][__main__][INFO] - Optimizing for fat...
[2023-01-20 19:09:49,116][__main__][INFO] - File /home/nadav2/dev/data/CLIP2Shape/outs/vertices_heatmap/optimizations/compared_to_inv/smplx_multiview_diff_coords/fat/fat.npy already exists. Skipping...
[2023-01-20 19:09:49,116][__main__][INFO] - File /home/nadav2/dev/data/CLIP2Shape/outs/vertices_heatmap/optimizations/compared_to_inv/smplx_multiview_diff_coords/fat/fat_inverse.npy already exists. Skipping...
[2023-01-20 19:09:49,116][__main__][INFO] - Optimizing for broad shoulders...
[2023-01-20 19:09:49,116][__main__][INFO] - File /home/nadav2/dev/data/CLIP2Shape/outs/vertices_heatmap/optimizations/compared_to_inv/smplx_multiview_diff_coords/broad shoulders/broad shoulders.npy already exists. Skipping...
[2023-01-20 19:09:49,116][__main__][INFO] - File /home/nadav2/dev/data/CLIP2Shape/outs/vertices_heatmap/optimizations/compared_to_inv/smplx_multiview_diff_coords/broad shoulders/broad shoulders_inverse.npy already exists. Skipping...
[2023-01-20 19:09:49,117][__main__][INFO] - Optimizing for built...
[2023-01-20 19:09:49,117][__main__][INFO] - File /home/nadav2/dev/data/CLIP2Shape/outs/vertices_heatmap/optimizations/compared_to_inv/smplx_multiview_diff_coords/built/built.npy already exists. Skipping...
[2023-01-20 19:09:49,117][__main__][INFO] - File /home/nadav2/dev/data/CLIP2Shape/outs/vertices_heatmap/optimizations/compared_to_inv/smplx_multiview_diff_coords/built/built_inverse.npy already exists. Skipping...
[2023-01-20 19:09:49,117][__main__][INFO] - Optimizing for curvy...
[2023-01-20 19:09:49,118][__main__][INFO] - File /home/nadav2/dev/data/CLIP2Shape/outs/vertices_heatmap/optimizations/compared_to_inv/smplx_multiview_diff_coords/curvy/curvy.npy already exists. Skipping...
[2023-01-20 19:09:49,118][__main__][INFO] - File /home/nadav2/dev/data/CLIP2Shape/outs/vertices_heatmap/optimizations/compared_to_inv/smplx_multiview_diff_coords/curvy/curvy_inverse.npy already exists. Skipping...
[2023-01-20 19:09:49,118][__main__][INFO] - Optimizing for feminine...
[2023-01-20 19:09:49,118][__main__][INFO] - File /home/nadav2/dev/data/CLIP2Shape/outs/vertices_heatmap/optimizations/compared_to_inv/smplx_multiview_diff_coords/feminine/feminine.npy already exists. Skipping...
[2023-01-20 19:09:49,118][__main__][INFO] - File /home/nadav2/dev/data/CLIP2Shape/outs/vertices_heatmap/optimizations/compared_to_inv/smplx_multiview_diff_coords/feminine/feminine_inverse.npy already exists. Skipping...
[2023-01-20 19:09:49,118][__main__][INFO] - Optimizing for fit...
[2023-01-20 19:09:49,119][__main__][INFO] - File /home/nadav2/dev/data/CLIP2Shape/outs/vertices_heatmap/optimizations/compared_to_inv/smplx_multiview_diff_coords/fit/fit.npy already exists. Skipping...
[2023-01-20 19:09:49,119][__main__][INFO] - File /home/nadav2/dev/data/CLIP2Shape/outs/vertices_heatmap/optimizations/compared_to_inv/smplx_multiview_diff_coords/fit/fit_inverse.npy already exists. Skipping...
[2023-01-20 19:09:49,119][__main__][INFO] - Optimizing for heavyset...
[2023-01-20 19:09:49,120][__main__][INFO] - File /home/nadav2/dev/data/CLIP2Shape/outs/vertices_heatmap/optimizations/compared_to_inv/smplx_multiview_diff_coords/heavyset/heavyset.npy already exists. Skipping...
[2023-01-20 19:09:49,120][__main__][INFO] - File /home/nadav2/dev/data/CLIP2Shape/outs/vertices_heatmap/optimizations/compared_to_inv/smplx_multiview_diff_coords/heavyset/heavyset_inverse.npy already exists. Skipping...
[2023-01-20 19:09:49,120][__main__][INFO] - Optimizing for lean...
[2023-01-20 19:09:49,120][__main__][INFO] - File /home/nadav2/dev/data/CLIP2Shape/outs/vertices_heatmap/optimizations/compared_to_inv/smplx_multiview_diff_coords/lean/lean.npy already exists. Skipping...
[2023-01-20 19:09:49,120][__main__][INFO] - File /home/nadav2/dev/data/CLIP2Shape/outs/vertices_heatmap/optimizations/compared_to_inv/smplx_multiview_diff_coords/lean/lean_inverse.npy already exists. Skipping...
[2023-01-20 19:09:49,121][__main__][INFO] - Optimizing for long torso...
[2023-01-20 19:09:49,121][__main__][INFO] - File /home/nadav2/dev/data/CLIP2Shape/outs/vertices_heatmap/optimizations/compared_to_inv/smplx_multiview_diff_coords/long torso/long torso.npy already exists. Skipping...
[2023-01-20 19:09:49,121][__main__][INFO] - File /home/nadav2/dev/data/CLIP2Shape/outs/vertices_heatmap/optimizations/compared_to_inv/smplx_multiview_diff_coords/long torso/long torso_inverse.npy already exists. Skipping...
[2023-01-20 19:09:49,121][__main__][INFO] - Optimizing for long...
[2023-01-20 19:09:49,122][__main__][INFO] - File /home/nadav2/dev/data/CLIP2Shape/outs/vertices_heatmap/optimizations/compared_to_inv/smplx_multiview_diff_coords/long/long.npy already exists. Skipping...
[2023-01-20 19:09:49,122][__main__][INFO] - File /home/nadav2/dev/data/CLIP2Shape/outs/vertices_heatmap/optimizations/compared_to_inv/smplx_multiview_diff_coords/long/long_inverse.npy already exists. Skipping...
[2023-01-20 19:09:49,122][__main__][INFO] - Optimizing for masculine...
[2023-01-20 19:09:49,122][__main__][INFO] - File /home/nadav2/dev/data/CLIP2Shape/outs/vertices_heatmap/optimizations/compared_to_inv/smplx_multiview_diff_coords/masculine/masculine.npy already exists. Skipping...
[2023-01-20 19:09:49,122][__main__][INFO] - File /home/nadav2/dev/data/CLIP2Shape/outs/vertices_heatmap/optimizations/compared_to_inv/smplx_multiview_diff_coords/masculine/masculine_inverse.npy already exists. Skipping...
[2023-01-20 19:09:49,123][__main__][INFO] - Optimizing for muscular...
[2023-01-20 19:09:49,123][__main__][INFO] - File /home/nadav2/dev/data/CLIP2Shape/outs/vertices_heatmap/optimizations/compared_to_inv/smplx_multiview_diff_coords/muscular/muscular.npy already exists. Skipping...
[2023-01-20 19:09:49,123][__main__][INFO] - File /home/nadav2/dev/data/CLIP2Shape/outs/vertices_heatmap/optimizations/compared_to_inv/smplx_multiview_diff_coords/muscular/muscular_inverse.npy already exists. Skipping...
[2023-01-20 19:09:49,123][__main__][INFO] - Optimizing for pear shaped...
[2023-01-20 19:09:49,124][__main__][INFO] - File /home/nadav2/dev/data/CLIP2Shape/outs/vertices_heatmap/optimizations/compared_to_inv/smplx_multiview_diff_coords/pear shaped/pear shaped.npy already exists. Skipping...
[2023-01-20 19:09:49,124][__main__][INFO] - File /home/nadav2/dev/data/CLIP2Shape/outs/vertices_heatmap/optimizations/compared_to_inv/smplx_multiview_diff_coords/pear shaped/pear shaped_inverse.npy already exists. Skipping...
[2023-01-20 19:09:49,124][__main__][INFO] - Optimizing for petite...
[2023-01-20 19:09:49,124][__main__][INFO] - File /home/nadav2/dev/data/CLIP2Shape/outs/vertices_heatmap/optimizations/compared_to_inv/smplx_multiview_diff_coords/petite/petite.npy already exists. Skipping...
[2023-01-20 19:09:49,124][__main__][INFO] - File /home/nadav2/dev/data/CLIP2Shape/outs/vertices_heatmap/optimizations/compared_to_inv/smplx_multiview_diff_coords/petite/petite_inverse.npy already exists. Skipping...
[2023-01-20 19:09:49,125][__main__][INFO] - Optimizing for proportioned...
[2023-01-20 19:09:49,125][__main__][INFO] - File /home/nadav2/dev/data/CLIP2Shape/outs/vertices_heatmap/optimizations/compared_to_inv/smplx_multiview_diff_coords/proportioned/proportioned.npy already exists. Skipping...
[2023-01-20 19:09:49,125][__main__][INFO] - File /home/nadav2/dev/data/CLIP2Shape/outs/vertices_heatmap/optimizations/compared_to_inv/smplx_multiview_diff_coords/proportioned/proportioned_inverse.npy already exists. Skipping...
[2023-01-20 19:09:49,125][__main__][INFO] - Optimizing for rectangular...
[2023-01-20 19:09:49,126][__main__][INFO] - File /home/nadav2/dev/data/CLIP2Shape/outs/vertices_heatmap/optimizations/compared_to_inv/smplx_multiview_diff_coords/rectangular/rectangular.npy already exists. Skipping...
[2023-01-20 19:09:49,126][__main__][INFO] - File /home/nadav2/dev/data/CLIP2Shape/outs/vertices_heatmap/optimizations/compared_to_inv/smplx_multiview_diff_coords/rectangular/rectangular_inverse.npy already exists. Skipping...
[2023-01-20 19:09:49,126][__main__][INFO] - Optimizing for round apple...
[2023-01-20 19:09:49,127][__main__][INFO] - File /home/nadav2/dev/data/CLIP2Shape/outs/vertices_heatmap/optimizations/compared_to_inv/smplx_multiview_diff_coords/round apple/round apple.npy already exists. Skipping...
[2023-01-20 19:09:49,127][__main__][INFO] - File /home/nadav2/dev/data/CLIP2Shape/outs/vertices_heatmap/optimizations/compared_to_inv/smplx_multiview_diff_coords/round apple/round apple_inverse.npy already exists. Skipping...
[2023-01-20 19:09:49,127][__main__][INFO] - Optimizing for short legs...
[2023-01-20 19:09:49,127][__main__][INFO] - File /home/nadav2/dev/data/CLIP2Shape/outs/vertices_heatmap/optimizations/compared_to_inv/smplx_multiview_diff_coords/short legs/short legs.npy already exists. Skipping...
[2023-01-20 19:09:49,127][__main__][INFO] - File /home/nadav2/dev/data/CLIP2Shape/outs/vertices_heatmap/optimizations/compared_to_inv/smplx_multiview_diff_coords/short legs/short legs_inverse.npy already exists. Skipping...
[2023-01-20 19:09:49,128][__main__][INFO] - Optimizing for short torso...
[2023-01-20 19:09:49,128][__main__][INFO] - File /home/nadav2/dev/data/CLIP2Shape/outs/vertices_heatmap/optimizations/compared_to_inv/smplx_multiview_diff_coords/short torso/short torso.npy already exists. Skipping...
[2023-01-20 19:09:49,128][__main__][INFO] - File /home/nadav2/dev/data/CLIP2Shape/outs/vertices_heatmap/optimizations/compared_to_inv/smplx_multiview_diff_coords/short torso/short torso_inverse.npy already exists. Skipping...
[2023-01-20 19:09:49,128][__main__][INFO] - Optimizing for skinny...
[2023-01-20 19:09:49,129][__main__][INFO] - File /home/nadav2/dev/data/CLIP2Shape/outs/vertices_heatmap/optimizations/compared_to_inv/smplx_multiview_diff_coords/skinny/skinny.npy already exists. Skipping...
[2023-01-20 19:09:49,129][__main__][INFO] - File /home/nadav2/dev/data/CLIP2Shape/outs/vertices_heatmap/optimizations/compared_to_inv/smplx_multiview_diff_coords/skinny/skinny_inverse.npy already exists. Skipping...
[2023-01-20 19:09:49,129][__main__][INFO] - Optimizing for small...
[2023-01-20 19:09:49,129][__main__][INFO] - File /home/nadav2/dev/data/CLIP2Shape/outs/vertices_heatmap/optimizations/compared_to_inv/smplx_multiview_diff_coords/small/small.npy already exists. Skipping...
[2023-01-20 19:09:49,129][__main__][INFO] - File /home/nadav2/dev/data/CLIP2Shape/outs/vertices_heatmap/optimizations/compared_to_inv/smplx_multiview_diff_coords/small/small_inverse.npy already exists. Skipping...
[2023-01-20 19:09:49,130][__main__][INFO] - Optimizing for stocky...
[2023-01-20 19:09:49,130][__main__][INFO] - File /home/nadav2/dev/data/CLIP2Shape/outs/vertices_heatmap/optimizations/compared_to_inv/smplx_multiview_diff_coords/stocky/stocky.npy already exists. Skipping...
[2023-01-20 19:09:49,130][__main__][INFO] - Phase: inverse
[2023-01-20 19:09:51,949][__main__][INFO] - learning rate: 0.2
[2023-01-20 19:10:13,101][__main__][INFO] - Optimizing for sturdy...
[2023-01-20 19:10:13,102][__main__][INFO] - Phase: regular
[2023-01-20 19:10:15,999][__main__][INFO] - learning rate: 0.2
[2023-01-20 19:10:35,727][__main__][INFO] - Phase: inverse
[2023-01-20 19:10:38,517][__main__][INFO] - learning rate: 0.2
[2023-01-20 19:10:58,514][__main__][INFO] - Optimizing for attractive...
[2023-01-20 19:10:58,515][__main__][INFO] - Phase: regular
[2023-01-20 19:11:01,347][__main__][INFO] - learning rate: 0.2
[2023-01-20 19:11:21,618][__main__][INFO] - Phase: inverse
[2023-01-20 19:11:24,644][__main__][INFO] - learning rate: 0.2
[2023-01-20 19:11:44,716][__main__][INFO] - Optimizing for sexy...
[2023-01-20 19:11:44,716][__main__][INFO] - Phase: regular
[2023-01-20 19:11:47,797][__main__][INFO] - learning rate: 0.2
[2023-01-20 19:12:07,788][__main__][INFO] - Phase: inverse
[2023-01-20 19:12:11,004][__main__][INFO] - learning rate: 0.2
[2023-01-20 19:12:31,000][__main__][INFO] - Optimizing for narrow waist...
[2023-01-20 19:12:31,000][__main__][INFO] - Phase: regular
[2023-01-20 19:12:34,113][__main__][INFO] - learning rate: 0.2
[2023-01-20 19:12:54,234][__main__][INFO] - Phase: inverse
[2023-01-20 19:12:56,996][__main__][INFO] - learning rate: 0.2
[2023-01-20 19:13:17,078][__main__][INFO] - Optimizing for hourglass...
[2023-01-20 19:13:17,079][__main__][INFO] - Phase: regular
[2023-01-20 19:13:20,222][__main__][INFO] - learning rate: 0.2
[2023-01-20 19:13:40,808][__main__][INFO] - Phase: inverse
[2023-01-20 19:13:44,145][__main__][INFO] - learning rate: 0.2
