[2023-01-23 19:15:38,794][choosing_descriptors][INFO] - There are total of 28 descriptors
[2023-01-23 19:15:38,795][choosing_descriptors][INFO] - Working on cluster 0
[2023-01-23 19:15:38,796][choosing_descriptors][INFO] - 0 most variance descriptor - curvy
[2023-01-23 19:15:38,796][choosing_descriptors][INFO] - Adding curvy to chosen descriptors
[2023-01-23 19:15:38,796][choosing_descriptors][INFO] - 1 most variance descriptor - pear shaped
[2023-01-23 19:15:38,797][choosing_descriptors][INFO] - pear shaped is correlated with curvy with corr 0.8601308292129571
[2023-01-23 19:15:38,797][choosing_descriptors][INFO] - 2 most variance descriptor - long legs
[2023-01-23 19:15:38,798][choosing_descriptors][INFO] - long legs is correlated with curvy with corr -0.6579018371770903
[2023-01-23 19:15:38,798][choosing_descriptors][INFO] - 3 most variance descriptor - big
[2023-01-23 19:15:38,799][choosing_descriptors][INFO] - big is correlated with curvy with corr 0.6802202860548757
[2023-01-23 19:15:38,799][choosing_descriptors][INFO] - 4 most variance descriptor - stocky
[2023-01-23 19:15:38,800][choosing_descriptors][INFO] - Adding stocky to chosen descriptors
[2023-01-23 19:15:38,800][choosing_descriptors][INFO] - 5 most variance descriptor - round apple
[2023-01-23 19:15:38,801][choosing_descriptors][INFO] - round apple is correlated with curvy with corr 0.8083124881038865
[2023-01-23 19:15:38,801][choosing_descriptors][INFO] - 6 most variance descriptor - masculine
[2023-01-23 19:15:38,803][choosing_descriptors][INFO] - masculine is correlated with stocky with corr 0.798252964381004
[2023-01-23 19:15:38,803][choosing_descriptors][INFO] - 7 most variance descriptor - heavyset
[2023-01-23 19:15:38,804][choosing_descriptors][INFO] - heavyset is correlated with curvy with corr 0.6801985844090402
[2023-01-23 19:15:38,804][choosing_descriptors][INFO] - 8 most variance descriptor - lean
[2023-01-23 19:15:38,806][choosing_descriptors][INFO] - lean is correlated with stocky with corr 0.7925130459235293
[2023-01-23 19:15:38,806][choosing_descriptors][INFO] - 9 most variance descriptor - sturdy
[2023-01-23 19:15:38,807][choosing_descriptors][INFO] - sturdy is correlated with curvy with corr 0.6977557048082405
[2023-01-23 19:15:38,807][choosing_descriptors][INFO] - 10 most variance descriptor - short
[2023-01-23 19:15:38,809][choosing_descriptors][INFO] - Adding short to chosen descriptors
[2023-01-23 19:15:38,809][choosing_descriptors][INFO] - 11 most variance descriptor - petite
[2023-01-23 19:15:38,811][choosing_descriptors][INFO] - petite is correlated with short with corr 0.8170395397721832
[2023-01-23 19:15:38,811][choosing_descriptors][INFO] - 12 most variance descriptor - short legs
[2023-01-23 19:15:38,812][choosing_descriptors][INFO] - short legs is correlated with curvy with corr -0.5051364100173629
[2023-01-23 19:15:38,812][choosing_descriptors][INFO] - 13 most variance descriptor - small
[2023-01-23 19:15:38,814][choosing_descriptors][INFO] - small is correlated with stocky with corr 0.5374827926780988
[2023-01-23 19:15:38,814][choosing_descriptors][INFO] - 14 most variance descriptor - muscular
[2023-01-23 19:15:38,816][choosing_descriptors][INFO] - muscular is correlated with stocky with corr 0.713755133764255
[2023-01-23 19:15:38,816][choosing_descriptors][INFO] - 15 most variance descriptor - hourglass
[2023-01-23 19:15:38,817][choosing_descriptors][INFO] - hourglass is correlated with curvy with corr 0.6643788825278922
[2023-01-23 19:15:38,817][choosing_descriptors][INFO] - 16 most variance descriptor - sexy
[2023-01-23 19:15:38,820][choosing_descriptors][INFO] - Adding sexy to chosen descriptors
[2023-01-23 19:15:38,820][choosing_descriptors][INFO] - 17 most variance descriptor - fit
[2023-01-23 19:15:38,823][choosing_descriptors][INFO] - fit is correlated with sexy with corr 0.8226511585011029
[2023-01-23 19:15:38,823][choosing_descriptors][INFO] - 18 most variance descriptor - attractive
[2023-01-23 19:15:38,826][choosing_descriptors][INFO] - attractive is correlated with short with corr 0.5283303874999449
[2023-01-23 19:15:38,826][choosing_descriptors][INFO] - currently chosen descriptors: {'curvy': {'variance': 1.122368380462924}, 'stocky': {'variance': 0.5440428788258408}, 'short': {'variance': 0.1656888534951138}, 'sexy': {'variance': 0.08301325267279255}}
[2023-01-23 19:15:38,826][choosing_descriptors][INFO] - Finished cluster 0
[2023-01-23 19:15:38,826][choosing_descriptors][INFO] - Working on cluster 1
[2023-01-23 19:15:38,827][choosing_descriptors][INFO] - 0 most variance descriptor - fat
[2023-01-23 19:15:38,827][choosing_descriptors][INFO] - Adding fat to chosen descriptors
[2023-01-23 19:15:38,827][choosing_descriptors][INFO] - 1 most variance descriptor - long torso
[2023-01-23 19:15:38,828][choosing_descriptors][INFO] - long torso is correlated with fat with corr -0.5368621767936573
[2023-01-23 19:15:38,828][choosing_descriptors][INFO] - 2 most variance descriptor - tall
[2023-01-23 19:15:38,829][choosing_descriptors][INFO] - tall is correlated with fat with corr -0.6754982422885271
[2023-01-23 19:15:38,829][choosing_descriptors][INFO] - 3 most variance descriptor - short torso
[2023-01-23 19:15:38,830][choosing_descriptors][INFO] - Adding short torso to chosen descriptors
[2023-01-23 19:15:38,830][choosing_descriptors][INFO] - 4 most variance descriptor - proportioned
[2023-01-23 19:15:38,832][choosing_descriptors][INFO] - Adding proportioned to chosen descriptors
[2023-01-23 19:15:38,832][choosing_descriptors][INFO] - 5 most variance descriptor - narrow waist
[2023-01-23 19:15:38,834][choosing_descriptors][INFO] - narrow waist is correlated with proportioned with corr 0.50522260453167
[2023-01-23 19:15:38,834][choosing_descriptors][INFO] - currently chosen descriptors: {'fat': {'variance': 1.740626771649233}, 'short torso': {'variance': 0.1424338218790861}, 'proportioned': {'variance': 0.09507400026695949}}
[2023-01-23 19:15:38,834][choosing_descriptors][INFO] - Finished cluster 1
[2023-01-23 19:15:38,834][choosing_descriptors][INFO] - Working on cluster 2
[2023-01-23 19:15:38,835][choosing_descriptors][INFO] - 0 most variance descriptor - long
[2023-01-23 19:15:38,835][choosing_descriptors][INFO] - Adding long to chosen descriptors
[2023-01-23 19:15:38,835][choosing_descriptors][INFO] - 1 most variance descriptor - skinny
[2023-01-23 19:15:38,836][choosing_descriptors][INFO] - skinny is correlated with long with corr 0.796100088442883
[2023-01-23 19:15:38,836][choosing_descriptors][INFO] - 2 most variance descriptor - rectangular
[2023-01-23 19:15:38,837][choosing_descriptors][INFO] - rectangular is correlated with long with corr 0.5396158288548311
[2023-01-23 19:15:38,837][choosing_descriptors][INFO] - currently chosen descriptors: {'long': {'variance': 0.19814648579843963}}
[2023-01-23 19:15:38,837][choosing_descriptors][INFO] - Finished cluster 2
[2023-01-23 19:15:38,837][choosing_descriptors][INFO] - There are 8 chosen descriptors in initial filter
[2023-01-23 19:15:38,838][choosing_descriptors][INFO] - chosen descriptors: [['curvy', 'stocky', 'short', 'sexy'], ['fat', 'short torso', 'proportioned'], ['long']]
[2023-01-23 19:15:38,838][choosing_descriptors][INFO] - Final filter
[2023-01-23 19:15:38,839][choosing_descriptors][INFO] - Descriptor fat has variance 1.740626771649233
[2023-01-23 19:15:38,841][choosing_descriptors][INFO] - Descriptor fat is correlated with curvy with correlation 0.7361233718090284 - removing curvy
[2023-01-23 19:15:38,841][choosing_descriptors][INFO] - Descriptor fat is correlated with stocky with correlation 0.7488446149277175 - removing stocky
[2023-01-23 19:15:38,842][choosing_descriptors][INFO] - Descriptor long has variance 0.19814648579843963
[2023-01-23 19:15:38,844][choosing_descriptors][INFO] - Descriptor long is correlated with short torso with correlation 0.6715761508608759 - removing short torso
[2023-01-23 19:15:38,844][choosing_descriptors][INFO] - Descriptor short has variance 0.1656888534951138
[2023-01-23 19:15:38,846][choosing_descriptors][INFO] - Descriptor proportioned has variance 0.09507400026695949
[2023-01-23 19:15:38,848][choosing_descriptors][INFO] - Descriptor sexy has variance 0.08301325267279255
