[2023-01-20 21:33:52,090][__main__][INFO] - parameters: Parameter containing:
tensor([[ 0.2000, -0.2000, -0.2000,  0.2000,  0.2000,  0.2000, -0.2000, -0.2000,
          0.2000,  0.2000]], requires_grad=True)
[2023-01-20 21:33:52,338][__main__][INFO] - parameters: Parameter containing:
tensor([[ 0.3916, -0.2661, -0.2979,  0.3876,  0.3220,  0.2895, -0.3820, -0.3679,
          0.3788,  0.2068]], requires_grad=True)
[2023-01-20 21:33:52,600][__main__][INFO] - parameters: Parameter containing:
tensor([[ 0.5683, -0.3892, -0.4405,  0.4239,  0.3388,  0.3843, -0.5304, -0.2702,
          0.2564,  0.2614]], requires_grad=True)
[2023-01-20 21:33:52,821][__main__][INFO] - parameters: Parameter containing:
tensor([[ 0.6381, -0.4711, -0.5361,  0.3998,  0.4044,  0.3755, -0.6191, -0.2022,
          0.1507,  0.3859]], requires_grad=True)
[2023-01-20 21:33:53,072][__main__][INFO] - parameters: Parameter containing:
tensor([[ 0.6600, -0.5443, -0.5957,  0.4278,  0.5075,  0.3999, -0.6733, -0.1625,
          0.0673,  0.3812]], requires_grad=True)
[2023-01-20 21:33:53,278][__main__][INFO] - parameters: Parameter containing:
tensor([[ 0.7225, -0.6037, -0.6626,  0.3743,  0.5129,  0.4078, -0.7391, -0.1169,
         -0.0187,  0.4314]], requires_grad=True)
[2023-01-20 21:33:53,495][__main__][INFO] - parameters: Parameter containing:
tensor([[ 0.8023, -0.6947, -0.7521,  0.3732,  0.5452,  0.4725, -0.8172, -0.0856,
         -0.1399,  0.4584]], requires_grad=True)
[2023-01-20 21:33:53,706][__main__][INFO] - parameters: Parameter containing:
tensor([[ 0.7752, -0.7301, -0.7965,  0.2864,  0.5447,  0.4418, -0.8376, -0.0297,
         -0.2166,  0.5501]], requires_grad=True)
[2023-01-20 21:33:53,950][__main__][INFO] - parameters: Parameter containing:
tensor([[ 0.8001, -0.7642, -0.8574,  0.2706,  0.5392,  0.4670, -0.8908,  0.0121,
         -0.3038,  0.6192]], requires_grad=True)
[2023-01-20 21:33:54,169][__main__][INFO] - parameters: Parameter containing:
tensor([[ 0.8249, -0.8290, -0.9352,  0.2319,  0.5411,  0.4849, -0.9285,  0.0490,
         -0.4107,  0.7185]], requires_grad=True)
[2023-01-20 21:33:54,381][__main__][INFO] - parameters: Parameter containing:
tensor([[ 0.8932, -0.9329, -1.0435,  0.2296,  0.5796,  0.5312, -0.9786,  0.0872,
         -0.5400,  0.8148]], requires_grad=True)
[2023-01-20 21:33:54,626][__main__][INFO] - parameters: Parameter containing:
tensor([[ 0.9822, -1.0518, -1.1263,  0.2845,  0.6702,  0.6147, -1.0058,  0.1337,
         -0.6328,  0.8089]], requires_grad=True)
[2023-01-20 21:33:54,843][__main__][INFO] - parameters: Parameter containing:
tensor([[ 1.0491, -1.1575, -1.1700,  0.3735,  0.7964,  0.6811, -1.0167,  0.1901,
         -0.7312,  0.7763]], requires_grad=True)
[2023-01-20 21:33:55,058][__main__][INFO] - parameters: Parameter containing:
tensor([[ 1.1341, -1.2603, -1.2044,  0.4887,  0.9210,  0.7693, -1.0408,  0.2458,
         -0.8234,  0.7454]], requires_grad=True)
[2023-01-20 21:33:55,272][__main__][INFO] - parameters: Parameter containing:
tensor([[ 1.1983, -1.3189, -1.2157,  0.6128,  1.0490,  0.8534, -1.0539,  0.2589,
         -0.9306,  0.7028]], requires_grad=True)
[2023-01-20 21:33:55,496][__main__][INFO] - parameters: Parameter containing:
tensor([[ 1.2332, -1.3462, -1.2079,  0.7419,  1.1801,  0.9281, -1.0640,  0.2785,
         -1.0279,  0.6433]], requires_grad=True)
[2023-01-20 21:33:55,711][__main__][INFO] - parameters: Parameter containing:
tensor([[ 1.2378, -1.3467, -1.1839,  0.8758,  1.3023,  0.9800, -1.0772,  0.2846,
         -1.1195,  0.6028]], requires_grad=True)
[2023-01-20 21:33:55,942][__main__][INFO] - parameters: Parameter containing:
tensor([[ 1.2409, -1.3179, -1.1384,  0.9867,  1.3946,  1.0042, -1.0753,  0.3018,
         -1.1655,  0.5319]], requires_grad=True)
[2023-01-20 21:33:56,158][__main__][INFO] - parameters: Parameter containing:
tensor([[ 1.2626, -1.2914, -1.1157,  1.0847,  1.4695,  1.0258, -1.0893,  0.3033,
         -1.2234,  0.4744]], requires_grad=True)
[2023-01-20 21:33:56,369][__main__][INFO] - parameters: Parameter containing:
tensor([[ 1.3175, -1.2746, -1.1179,  1.1710,  1.4905,  1.0777, -1.1350,  0.3102,
         -1.2671,  0.4267]], requires_grad=True)
[2023-01-20 21:33:56,607][__main__][INFO] - parameters: Parameter containing:
tensor([[ 1.3730, -1.2525, -1.1017,  1.2576,  1.5155,  1.1259, -1.1484,  0.3394,
         -1.2864,  0.4084]], requires_grad=True)
[2023-01-20 21:33:56,830][__main__][INFO] - parameters: Parameter containing:
tensor([[ 1.3788, -1.2340, -1.0567,  1.3605,  1.5901,  1.1552, -1.1360,  0.3904,
         -1.3162,  0.3919]], requires_grad=True)
[2023-01-20 21:33:57,039][__main__][INFO] - parameters: Parameter containing:
tensor([[ 1.3487, -1.2024, -0.9952,  1.4376,  1.6560,  1.1654, -1.1031,  0.4150,
         -1.3511,  0.3725]], requires_grad=True)
[2023-01-20 21:33:57,261][__main__][INFO] - parameters: Parameter containing:
tensor([[ 1.3678, -1.1813, -0.9658,  1.5018,  1.7085,  1.1701, -1.0770,  0.4263,
         -1.3908,  0.3804]], requires_grad=True)
[2023-01-20 21:33:57,470][__main__][INFO] - parameters: Parameter containing:
tensor([[ 1.3716, -1.1673, -0.9383,  1.5609,  1.7644,  1.1511, -1.0527,  0.4262,
         -1.4474,  0.3962]], requires_grad=True)
[2023-01-20 21:33:57,674][__main__][INFO] - parameters: Parameter containing:
tensor([[ 1.3915, -1.1355, -0.9046,  1.6131,  1.7814,  1.1479, -1.0270,  0.3912,
         -1.4783,  0.4317]], requires_grad=True)
[2023-01-20 21:33:57,903][__main__][INFO] - parameters: Parameter containing:
tensor([[ 1.4098, -1.1199, -0.8797,  1.6580,  1.7888,  1.1600, -1.0003,  0.3325,
         -1.5279,  0.4955]], requires_grad=True)
[2023-01-20 21:33:58,129][__main__][INFO] - parameters: Parameter containing:
tensor([[ 1.4246, -1.0856, -0.8501,  1.7034,  1.7708,  1.1648, -1.0059,  0.3097,
         -1.5204,  0.5516]], requires_grad=True)
[2023-01-20 21:33:58,333][__main__][INFO] - parameters: Parameter containing:
tensor([[ 1.4355, -1.0338, -0.8289,  1.7400,  1.7286,  1.1679, -1.0437,  0.2760,
         -1.5179,  0.5694]], requires_grad=True)
[2023-01-20 21:33:58,559][__main__][INFO] - parameters: Parameter containing:
tensor([[ 1.3741, -0.9183, -0.7436,  1.7453,  1.6399,  1.1728, -1.0806,  0.2404,
         -1.4335,  0.5236]], requires_grad=True)
[2023-01-20 21:33:58,777][__main__][INFO] - parameters: Parameter containing:
tensor([[ 1.3145, -0.8189, -0.6617,  1.7650,  1.5834,  1.1683, -1.1123,  0.2250,
         -1.3580,  0.4931]], requires_grad=True)
[2023-01-20 21:33:58,992][__main__][INFO] - parameters: Parameter containing:
tensor([[ 1.2650, -0.7316, -0.5891,  1.8026,  1.5453,  1.1807, -1.1405,  0.1769,
         -1.2887,  0.4562]], requires_grad=True)
[2023-01-20 21:33:59,225][__main__][INFO] - parameters: Parameter containing:
tensor([[ 1.2170, -0.6783, -0.5312,  1.8207,  1.5069,  1.2145, -1.1433,  0.1474,
         -1.2131,  0.4393]], requires_grad=True)
[2023-01-20 21:33:59,440][__main__][INFO] - parameters: Parameter containing:
tensor([[ 1.1734, -0.6282, -0.4758,  1.8439,  1.4671,  1.2333, -1.1499,  0.0870,
         -1.1598,  0.4470]], requires_grad=True)
[2023-01-20 21:33:59,670][__main__][INFO] - parameters: Parameter containing:
tensor([[ 1.1364, -0.5633, -0.4147,  1.8695,  1.4049,  1.2503, -1.1850,  0.0763,
         -1.0847,  0.4432]], requires_grad=True)
[2023-01-20 21:33:59,881][__main__][INFO] - parameters: Parameter containing:
tensor([[ 1.0755, -0.4807, -0.3368,  1.8658,  1.3198,  1.2597, -1.2154,  0.0490,
         -0.9855,  0.4649]], requires_grad=True)
[2023-01-20 21:34:00,105][__main__][INFO] - parameters: Parameter containing:
tensor([[ 1.0482, -0.4156, -0.2883,  1.8533,  1.2148,  1.2843, -1.2688,  0.0383,
         -0.8989,  0.4890]], requires_grad=True)
[2023-01-20 21:34:00,324][__main__][INFO] - parameters: Parameter containing:
tensor([[ 0.9961, -0.3728, -0.2407,  1.8253,  1.1330,  1.3151, -1.3020,  0.0497,
         -0.8146,  0.5195]], requires_grad=True)
[2023-01-20 21:34:00,566][__main__][INFO] - parameters: Parameter containing:
tensor([[ 0.9507, -0.3164, -0.1844,  1.8495,  1.0852,  1.3379, -1.3555,  0.0382,
         -0.7658,  0.5247]], requires_grad=True)
[2023-01-20 21:34:00,785][__main__][INFO] - parameters: Parameter containing:
tensor([[ 0.8882, -0.2718, -0.1106,  1.8889,  1.0671,  1.3415, -1.3806,  0.0555,
         -0.7221,  0.5641]], requires_grad=True)
[2023-01-20 21:34:00,999][__main__][INFO] - parameters: Parameter containing:
tensor([[ 0.8264, -0.2112, -0.0247,  1.9397,  1.0731,  1.3133, -1.3971,  0.0617,
         -0.6802,  0.5927]], requires_grad=True)
[2023-01-20 21:34:01,237][__main__][INFO] - parameters: Parameter containing:
tensor([[ 0.7987, -0.1442,  0.0653,  2.0020,  1.1018,  1.2596, -1.4211,  0.1502,
         -0.6343,  0.5563]], requires_grad=True)
[2023-01-20 21:34:01,464][__main__][INFO] - parameters: Parameter containing:
tensor([[ 0.8144, -0.1048,  0.1110,  2.0713,  1.1291,  1.2045, -1.4587,  0.2043,
         -0.6328,  0.5536]], requires_grad=True)
[2023-01-20 21:34:01,678][__main__][INFO] - parameters: Parameter containing:
tensor([[ 0.8041, -0.0675,  0.1608,  2.1027,  1.1668,  1.1239, -1.4577,  0.2795,
         -0.6229,  0.5659]], requires_grad=True)
[2023-01-20 21:34:01,923][__main__][INFO] - parameters: Parameter containing:
tensor([[ 0.7988, -0.0026,  0.2097,  2.0951,  1.1792,  1.0051, -1.4676,  0.3831,
         -0.5990,  0.5345]], requires_grad=True)
[2023-01-20 21:34:02,141][__main__][INFO] - parameters: Parameter containing:
tensor([[ 0.7531,  0.0594,  0.2744,  2.0867,  1.2086,  0.8840, -1.4647,  0.4903,
         -0.5760,  0.5346]], requires_grad=True)
[2023-01-20 21:34:02,360][__main__][INFO] - parameters: Parameter containing:
tensor([[ 0.7767,  0.0822,  0.2729,  2.0792,  1.1844,  0.8315, -1.5296,  0.5794,
         -0.5547,  0.5631]], requires_grad=True)
[2023-01-20 21:34:02,585][__main__][INFO] - parameters: Parameter containing:
tensor([[ 0.7823,  0.0916,  0.2941,  2.0873,  1.2017,  0.7780, -1.5484,  0.6780,
         -0.5296,  0.5887]], requires_grad=True)
[2023-01-20 21:34:02,803][__main__][INFO] - parameters: Parameter containing:
tensor([[ 0.7801,  0.1017,  0.3075,  2.1100,  1.2119,  0.7421, -1.6023,  0.7810,
         -0.5066,  0.5820]], requires_grad=True)
[2023-01-20 21:34:03,012][__main__][INFO] - parameters: Parameter containing:
tensor([[ 0.7885,  0.1145,  0.3055,  2.1468,  1.2096,  0.7316, -1.6871,  0.8614,
         -0.4996,  0.5514]], requires_grad=True)
[2023-01-20 21:34:03,243][__main__][INFO] - parameters: Parameter containing:
tensor([[ 0.7977,  0.1252,  0.3053,  2.1629,  1.1915,  0.7130, -1.7641,  0.9655,
         -0.4791,  0.5144]], requires_grad=True)
[2023-01-20 21:34:03,455][__main__][INFO] - parameters: Parameter containing:
tensor([[ 0.8069,  0.1129,  0.2866,  2.1677,  1.1740,  0.6965, -1.8443,  1.0559,
         -0.4805,  0.4892]], requires_grad=True)
[2023-01-20 21:34:03,671][__main__][INFO] - parameters: Parameter containing:
tensor([[ 0.8038,  0.1144,  0.2844,  2.1664,  1.1720,  0.6518, -1.8989,  1.1434,
         -0.4981,  0.4781]], requires_grad=True)
[2023-01-20 21:34:03,882][__main__][INFO] - parameters: Parameter containing:
tensor([[ 0.7725,  0.1267,  0.3129,  2.1609,  1.1768,  0.5852, -1.9367,  1.2591,
         -0.4900,  0.4853]], requires_grad=True)
[2023-01-20 21:34:04,100][__main__][INFO] - parameters: Parameter containing:
tensor([[ 0.7475,  0.1551,  0.3402,  2.1347,  1.1636,  0.5041, -1.9723,  1.3724,
         -0.4728,  0.4735]], requires_grad=True)
[2023-01-20 21:34:04,315][__main__][INFO] - parameters: Parameter containing:
tensor([[ 0.7233,  0.1778,  0.3729,  2.1093,  1.1549,  0.4414, -1.9860,  1.4668,
         -0.4485,  0.4803]], requires_grad=True)
[2023-01-20 21:34:04,549][__main__][INFO] - parameters: Parameter containing:
tensor([[ 0.6973,  0.1385,  0.3886,  2.0981,  1.2042,  0.3741, -1.9508,  1.5755,
         -0.4586,  0.5153]], requires_grad=True)
[2023-01-20 21:34:04,781][__main__][INFO] - parameters: Parameter containing:
tensor([[ 0.6779,  0.1231,  0.4145,  2.0928,  1.2533,  0.2925, -1.9087,  1.6599,
         -0.4604,  0.5395]], requires_grad=True)
[2023-01-20 21:34:05,005][__main__][INFO] - parameters: Parameter containing:
tensor([[ 0.6654,  0.1167,  0.4383,  2.0793,  1.2911,  0.2115, -1.8644,  1.7352,
         -0.4504,  0.5649]], requires_grad=True)
[2023-01-20 21:34:05,222][__main__][INFO] - parameters: Parameter containing:
tensor([[ 0.6632,  0.1061,  0.4363,  2.0579,  1.3042,  0.1390, -1.8635,  1.8019,
         -0.4323,  0.5957]], requires_grad=True)
[2023-01-20 21:34:05,443][__main__][INFO] - parameters: Parameter containing:
tensor([[ 0.6524,  0.0804,  0.4292,  2.0333,  1.3239,  0.0843, -1.8631,  1.8663,
         -0.4228,  0.6121]], requires_grad=True)
[2023-01-20 21:34:05,655][__main__][INFO] - parameters: Parameter containing:
tensor([[ 0.6628,  0.0364,  0.4112,  2.0132,  1.3390,  0.0628, -1.8518,  1.9047,
         -0.4058,  0.6361]], requires_grad=True)
[2023-01-20 21:34:05,888][__main__][INFO] - parameters: Parameter containing:
tensor([[ 0.6490,  0.0261,  0.4092,  1.9748,  1.3220,  0.0388, -1.8644,  1.9290,
         -0.3654,  0.6651]], requires_grad=True)
[2023-01-20 21:34:06,108][__main__][INFO] - parameters: Parameter containing:
tensor([[ 0.6418,  0.0639,  0.4147,  1.9472,  1.2489,  0.0465, -1.9376,  1.9333,
         -0.3059,  0.6778]], requires_grad=True)
[2023-01-20 21:34:06,316][__main__][INFO] - parameters: Parameter containing:
tensor([[ 0.6419,  0.0918,  0.4045,  1.9292,  1.1680,  0.0663, -2.0295,  1.9226,
         -0.2667,  0.6981]], requires_grad=True)
[2023-01-20 21:34:06,539][__main__][INFO] - parameters: Parameter containing:
tensor([[ 0.6450,  0.1224,  0.3941,  1.9175,  1.0881,  0.0849, -2.1158,  1.8915,
         -0.2300,  0.7132]], requires_grad=True)
[2023-01-20 21:34:06,761][__main__][INFO] - parameters: Parameter containing:
tensor([[ 0.6544,  0.1623,  0.3839,  1.9132,  1.0078,  0.0929, -2.2091,  1.8538,
         -0.1908,  0.7107]], requires_grad=True)
[2023-01-20 21:34:06,975][__main__][INFO] - parameters: Parameter containing:
tensor([[ 0.6611,  0.2080,  0.3816,  1.9208,  0.9377,  0.0905, -2.2959,  1.8221,
         -0.1574,  0.7004]], requires_grad=True)
[2023-01-20 21:34:07,192][__main__][INFO] - parameters: Parameter containing:
tensor([[ 0.6760,  0.2464,  0.3749,  1.9402,  0.8850,  0.0986, -2.3727,  1.7743,
         -0.1434,  0.6837]], requires_grad=True)
[2023-01-20 21:34:07,422][__main__][INFO] - parameters: Parameter containing:
tensor([[ 0.7279,  0.2651,  0.3360,  1.9537,  0.8234,  0.1271, -2.4672,  1.7350,
         -0.1216,  0.6680]], requires_grad=True)
[2023-01-20 21:34:07,643][__main__][INFO] - parameters: Parameter containing:
tensor([[ 0.7764,  0.2630,  0.2812,  1.9389,  0.7468,  0.1707, -2.5607,  1.7026,
         -0.1034,  0.6684]], requires_grad=True)
[2023-01-20 21:34:07,866][__main__][INFO] - parameters: Parameter containing:
tensor([[ 0.8495,  0.2577,  0.2194,  1.8982,  0.6699,  0.2049, -2.6252,  1.6374,
         -0.1037,  0.6238]], requires_grad=True)
[2023-01-20 21:34:08,082][__main__][INFO] - parameters: Parameter containing:
tensor([[ 0.8818,  0.2602,  0.1807,  1.8349,  0.5957,  0.2225, -2.6660,  1.5834,
         -0.0956,  0.5956]], requires_grad=True)
[2023-01-20 21:34:08,298][__main__][INFO] - parameters: Parameter containing:
tensor([[ 0.9597,  0.2495,  0.0888,  1.7600,  0.4721,  0.2867, -2.7641,  1.4990,
         -0.0896,  0.5685]], requires_grad=True)
[2023-01-20 21:34:08,536][__main__][INFO] - parameters: Parameter containing:
tensor([[ 1.0489,  0.2313, -0.0197,  1.6919,  0.3424,  0.3624, -2.8714,  1.4027,
         -0.1088,  0.5488]], requires_grad=True)
[2023-01-20 21:34:08,755][__main__][INFO] - parameters: Parameter containing:
tensor([[ 1.1430,  0.1728, -0.1431,  1.6246,  0.2353,  0.4650, -2.9499,  1.3022,
         -0.1619,  0.5198]], requires_grad=True)
[2023-01-20 21:34:08,975][__main__][INFO] - parameters: Parameter containing:
tensor([[ 1.2481,  0.1092, -0.2663,  1.5606,  0.1294,  0.5807, -3.0233,  1.2090,
         -0.1963,  0.4951]], requires_grad=True)
[2023-01-20 21:34:09,197][__main__][INFO] - parameters: Parameter containing:
tensor([[ 1.3261,  0.0800, -0.3559,  1.4997,  0.0299,  0.6660, -3.0852,  1.1336,
         -0.2194,  0.4564]], requires_grad=True)
[2023-01-20 21:34:09,430][__main__][INFO] - parameters: Parameter containing:
tensor([[ 1.4008,  0.0422, -0.4529,  1.4291, -0.0775,  0.7480, -3.1566,  1.0778,
         -0.2339,  0.4225]], requires_grad=True)
[2023-01-20 21:34:09,668][__main__][INFO] - parameters: Parameter containing:
tensor([[ 1.4368,  0.0109, -0.5320,  1.3352, -0.1536,  0.7979, -3.2056,  1.0495,
         -0.2440,  0.3893]], requires_grad=True)
[2023-01-20 21:34:09,895][__main__][INFO] - parameters: Parameter containing:
tensor([[ 1.4500, -0.0102, -0.5965,  1.2132, -0.2298,  0.8304, -3.2305,  1.0145,
         -0.2617,  0.3841]], requires_grad=True)
[2023-01-20 21:34:10,113][__main__][INFO] - parameters: Parameter containing:
tensor([[ 1.4703, -0.0180, -0.6510,  1.1315, -0.3012,  0.8761, -3.2723,  0.9759,
         -0.2924,  0.3463]], requires_grad=True)
[2023-01-20 21:34:10,346][__main__][INFO] - parameters: Parameter containing:
tensor([[ 1.4697, -0.0253, -0.6878,  1.0422, -0.3543,  0.8953, -3.2846,  0.9487,
         -0.3137,  0.3308]], requires_grad=True)
[2023-01-20 21:34:10,569][__main__][INFO] - parameters: Parameter containing:
tensor([[ 1.4208, -0.0182, -0.6949,  0.9326, -0.4111,  0.9190, -3.2707,  0.8641,
         -0.3250,  0.3227]], requires_grad=True)
[2023-01-20 21:34:10,811][__main__][INFO] - parameters: Parameter containing:
tensor([[ 1.3887, -0.0191, -0.7147,  0.8492, -0.4551,  0.9419, -3.2610,  0.7671,
         -0.3632,  0.2993]], requires_grad=True)
[2023-01-20 21:34:11,032][__main__][INFO] - parameters: Parameter containing:
tensor([[ 1.3598, -0.0443, -0.7476,  0.7833, -0.4646,  0.9615, -3.2366,  0.6691,
         -0.4407,  0.2747]], requires_grad=True)
[2023-01-20 21:34:11,249][__main__][INFO] - parameters: Parameter containing:
tensor([[ 1.3614, -0.0765, -0.8050,  0.6935, -0.4972,  0.9738, -3.2323,  0.5856,
         -0.5033,  0.2695]], requires_grad=True)
[2023-01-20 21:34:11,478][__main__][INFO] - parameters: Parameter containing:
tensor([[ 1.3850, -0.1355, -0.8902,  0.6106, -0.5269,  1.0100, -3.2437,  0.5037,
         -0.5772,  0.2722]], requires_grad=True)
[2023-01-20 21:34:11,699][__main__][INFO] - parameters: Parameter containing:
tensor([[ 1.3637, -0.1729, -0.9296,  0.5113, -0.5340,  1.0215, -3.2168,  0.4473,
         -0.6156,  0.2493]], requires_grad=True)
[2023-01-20 21:34:11,914][__main__][INFO] - parameters: Parameter containing:
tensor([[ 1.3398, -0.1888, -0.9509,  0.4274, -0.5464,  1.0298, -3.1899,  0.4038,
         -0.6419,  0.2179]], requires_grad=True)
[2023-01-20 21:34:12,141][__main__][INFO] - parameters: Parameter containing:
tensor([[ 1.3212, -0.2192, -0.9747,  0.3516, -0.5330,  1.0352, -3.1533,  0.3711,
         -0.6820,  0.1894]], requires_grad=True)
[2023-01-20 21:34:12,356][__main__][INFO] - parameters: Parameter containing:
tensor([[ 1.3110, -0.2624, -1.0006,  0.2954, -0.4895,  1.0273, -3.1003,  0.3319,
         -0.7405,  0.1613]], requires_grad=True)
[2023-01-20 21:34:12,576][__main__][INFO] - parameters: Parameter containing:
tensor([[ 1.3128, -0.3309, -1.0478,  0.2095, -0.4528,  1.0317, -3.0311,  0.2807,
         -0.7943,  0.1521]], requires_grad=True)
[2023-01-20 21:34:12,811][__main__][INFO] - parameters: Parameter containing:
tensor([[ 1.3149, -0.4005, -1.0956,  0.1541, -0.3880,  0.9887, -2.9704,  0.2541,
         -0.8630,  0.1749]], requires_grad=True)
[2023-01-20 21:34:13,030][__main__][INFO] - parameters: Parameter containing:
tensor([[ 1.2982, -0.4505, -1.1216,  0.1013, -0.3470,  0.9398, -2.9188,  0.1890,
         -0.9006,  0.2276]], requires_grad=True)
[2023-01-20 21:34:13,247][__main__][INFO] - parameters: Parameter containing:
tensor([[ 1.2870, -0.5186, -1.1573,  0.0493, -0.3043,  0.8834, -2.8637,  0.1356,
         -0.9495,  0.3093]], requires_grad=True)
[2023-01-20 21:34:13,475][__main__][INFO] - parameters: Parameter containing:
tensor([[ 1.2970, -0.5897, -1.2092,  0.0058, -0.2636,  0.8160, -2.8153,  0.0835,
         -1.0309,  0.3854]], requires_grad=True)
[2023-01-20 21:34:13,700][__main__][INFO] - parameters: Parameter containing:
tensor([[ 1.3195, -0.6681, -1.2594, -0.0241, -0.2005,  0.7426, -2.7533,  0.0660,
         -1.1209,  0.4417]], requires_grad=True)
[2023-01-20 21:34:13,912][__main__][INFO] - parameters: Parameter containing:
tensor([[ 1.3242, -0.7395, -1.3043, -0.0751, -0.1417,  0.6730, -2.6987,  0.0536,
         -1.1985,  0.5284]], requires_grad=True)
[2023-01-20 21:34:14,136][__main__][INFO] - parameters: Parameter containing:
tensor([[ 1.3256, -0.7798, -1.3424, -0.1227, -0.1214,  0.6097, -2.6797,  0.0345,
         -1.2726,  0.6061]], requires_grad=True)
