[2023-01-20 22:04:02,474][__main__][INFO] - parameters: Parameter containing:
tensor([[0.3458, 0.1456, 0.8103, 0.7737, 1.0578, 0.4573, 0.5110, 0.4195, 0.0707,
         1.0122]], requires_grad=True)
[2023-01-20 22:04:02,694][__main__][INFO] - parameters: Parameter containing:
tensor([[0.2575, 0.0468, 0.8679, 0.8707, 1.1579, 0.5037, 0.4790, 0.4480, 0.0070,
         1.0891]], requires_grad=True)
[2023-01-20 22:04:02,900][__main__][INFO] - parameters: Parameter containing:
tensor([[ 0.2554,  0.0864,  0.8814,  0.9637,  1.2270,  0.4693,  0.4108,  0.4700,
         -0.0394,  1.1233]], requires_grad=True)
[2023-01-20 22:04:03,075][__main__][INFO] - parameters: Parameter containing:
tensor([[ 0.2492,  0.1302,  0.8920,  1.0157,  1.2703,  0.4894,  0.3583,  0.4425,
         -0.0910,  1.1611]], requires_grad=True)
[2023-01-20 22:04:03,259][__main__][INFO] - parameters: Parameter containing:
tensor([[ 0.2165,  0.1850,  0.9015,  1.0209,  1.2915,  0.5000,  0.3263,  0.3953,
         -0.1544,  1.1818]], requires_grad=True)
[2023-01-20 22:04:03,437][__main__][INFO] - parameters: Parameter containing:
tensor([[ 0.2148,  0.2542,  0.9077,  1.0365,  1.2906,  0.4889,  0.2758,  0.3475,
         -0.1927,  1.1678]], requires_grad=True)
[2023-01-20 22:04:03,615][__main__][INFO] - parameters: Parameter containing:
tensor([[ 0.2384,  0.3314,  0.9162,  1.0634,  1.2825,  0.4605,  0.2375,  0.3082,
         -0.2101,  1.1468]], requires_grad=True)
[2023-01-20 22:04:03,791][__main__][INFO] - parameters: Parameter containing:
tensor([[ 0.2575,  0.3821,  0.9105,  1.0898,  1.2681,  0.4685,  0.1871,  0.2659,
         -0.2302,  1.1320]], requires_grad=True)
[2023-01-20 22:04:03,999][__main__][INFO] - parameters: Parameter containing:
tensor([[ 0.2885,  0.4284,  0.8940,  1.1258,  1.2543,  0.4664,  0.1253,  0.2507,
         -0.2441,  1.1176]], requires_grad=True)
[2023-01-20 22:04:04,177][__main__][INFO] - parameters: Parameter containing:
tensor([[ 0.3093,  0.4660,  0.8752,  1.1431,  1.2358,  0.4496,  0.0650,  0.2477,
         -0.2579,  1.0970]], requires_grad=True)
[2023-01-20 22:04:04,364][__main__][INFO] - parameters: Parameter containing:
tensor([[ 0.3414,  0.4907,  0.8565,  1.1728,  1.2449,  0.4141,  0.0673,  0.2286,
         -0.2785,  1.0844]], requires_grad=True)
[2023-01-20 22:04:04,569][__main__][INFO] - parameters: Parameter containing:
tensor([[ 0.3555,  0.5179,  0.8389,  1.1866,  1.2543,  0.3721,  0.0623,  0.2171,
         -0.3083,  1.0701]], requires_grad=True)
[2023-01-20 22:04:04,754][__main__][INFO] - parameters: Parameter containing:
tensor([[ 0.3733,  0.5340,  0.8271,  1.1999,  1.2731,  0.3229,  0.0812,  0.1975,
         -0.3343,  1.0775]], requires_grad=True)
[2023-01-20 22:04:04,938][__main__][INFO] - parameters: Parameter containing:
tensor([[ 0.3844,  0.5583,  0.8278,  1.2120,  1.2902,  0.2731,  0.0919,  0.1958,
         -0.3529,  1.0763]], requires_grad=True)
[2023-01-20 22:04:05,131][__main__][INFO] - parameters: Parameter containing:
tensor([[ 0.3883,  0.5781,  0.8457,  1.2330,  1.3265,  0.2124,  0.1143,  0.2054,
         -0.3746,  1.0852]], requires_grad=True)
[2023-01-20 22:04:05,307][__main__][INFO] - parameters: Parameter containing:
tensor([[ 0.4019,  0.5794,  0.8515,  1.2683,  1.3688,  0.1834,  0.1377,  0.2019,
         -0.4022,  1.0926]], requires_grad=True)
[2023-01-20 22:04:05,487][__main__][INFO] - parameters: Parameter containing:
tensor([[ 0.4176,  0.5674,  0.8379,  1.2691,  1.3856,  0.1809,  0.1742,  0.1699,
         -0.4249,  1.0757]], requires_grad=True)
[2023-01-20 22:04:05,671][__main__][INFO] - parameters: Parameter containing:
tensor([[ 0.4175,  0.5573,  0.8383,  1.2614,  1.4154,  0.1609,  0.2193,  0.1431,
         -0.4565,  1.0590]], requires_grad=True)
[2023-01-20 22:04:05,850][__main__][INFO] - parameters: Parameter containing:
tensor([[ 0.4110,  0.5593,  0.8574,  1.2714,  1.4549,  0.1425,  0.2515,  0.1215,
         -0.4888,  1.0506]], requires_grad=True)
[2023-01-20 22:04:06,014][__main__][INFO] - parameters: Parameter containing:
tensor([[ 0.3931,  0.5670,  0.8858,  1.2674,  1.4924,  0.1100,  0.2829,  0.1143,
         -0.5183,  1.0371]], requires_grad=True)
[2023-01-20 22:04:06,191][__main__][INFO] - parameters: Parameter containing:
tensor([[ 0.3757,  0.5776,  0.9039,  1.2588,  1.5200,  0.0774,  0.3010,  0.1127,
         -0.5478,  1.0163]], requires_grad=True)
[2023-01-20 22:04:06,387][__main__][INFO] - parameters: Parameter containing:
tensor([[ 0.3592,  0.5892,  0.9279,  1.2659,  1.5543,  0.0362,  0.3063,  0.1287,
         -0.5804,  1.0106]], requires_grad=True)
[2023-01-20 22:04:06,585][__main__][INFO] - parameters: Parameter containing:
tensor([[ 0.3299,  0.5743,  0.9478,  1.2701,  1.5866,  0.0212,  0.3118,  0.1382,
         -0.6118,  1.0127]], requires_grad=True)
[2023-01-20 22:04:06,776][__main__][INFO] - parameters: Parameter containing:
tensor([[ 0.2833,  0.5616,  0.9885,  1.2574,  1.6224, -0.0049,  0.3330,  0.1534,
         -0.6348,  1.0094]], requires_grad=True)
[2023-01-20 22:04:06,971][__main__][INFO] - parameters: Parameter containing:
tensor([[ 0.2291,  0.5427,  1.0249,  1.2393,  1.6545, -0.0220,  0.3531,  0.1615,
         -0.6667,  1.0040]], requires_grad=True)
[2023-01-20 22:04:07,150][__main__][INFO] - parameters: Parameter containing:
tensor([[ 0.1706,  0.5313,  1.0692,  1.2286,  1.6916, -0.0438,  0.3580,  0.1733,
         -0.7003,  0.9997]], requires_grad=True)
[2023-01-20 22:04:07,316][__main__][INFO] - parameters: Parameter containing:
tensor([[ 0.1197,  0.5180,  1.0997,  1.2131,  1.7160, -0.0703,  0.3552,  0.1845,
         -0.7328,  1.0046]], requires_grad=True)
[2023-01-20 22:04:07,490][__main__][INFO] - parameters: Parameter containing:
tensor([[ 0.0655,  0.5294,  1.1399,  1.1865,  1.7120, -0.0924,  0.3396,  0.2000,
         -0.7213,  0.9977]], requires_grad=True)
[2023-01-20 22:04:07,668][__main__][INFO] - parameters: Parameter containing:
tensor([[ 1.1683e-03,  5.6394e-01,  1.1940e+00,  1.1496e+00,  1.6970e+00,
         -1.3942e-01,  3.0876e-01,  2.4393e-01, -6.8702e-01,  9.7953e-01]],
       requires_grad=True)
[2023-01-20 22:04:07,845][__main__][INFO] - parameters: Parameter containing:
tensor([[-0.0461,  0.5899,  1.2229,  1.1255,  1.6838, -0.1778,  0.2591,  0.2932,
         -0.6708,  0.9666]], requires_grad=True)
[2023-01-20 22:04:08,022][__main__][INFO] - parameters: Parameter containing:
tensor([[-0.0825,  0.5953,  1.2454,  1.1159,  1.6913, -0.2122,  0.2284,  0.3393,
         -0.6645,  0.9619]], requires_grad=True)
[2023-01-20 22:04:08,207][__main__][INFO] - parameters: Parameter containing:
tensor([[-0.1110,  0.5753,  1.2487,  1.0925,  1.6938, -0.2411,  0.2186,  0.3856,
         -0.6540,  0.9631]], requires_grad=True)
[2023-01-20 22:04:08,390][__main__][INFO] - parameters: Parameter containing:
tensor([[-0.1366,  0.5570,  1.2681,  1.0810,  1.7034, -0.2626,  0.2162,  0.4345,
         -0.6372,  0.9806]], requires_grad=True)
[2023-01-20 22:04:08,571][__main__][INFO] - parameters: Parameter containing:
tensor([[-0.1456,  0.5375,  1.2742,  1.0797,  1.7068, -0.2680,  0.2122,  0.4563,
         -0.6283,  1.0053]], requires_grad=True)
[2023-01-20 22:04:08,733][__main__][INFO] - parameters: Parameter containing:
tensor([[-0.1550,  0.5032,  1.2738,  1.0802,  1.7134, -0.2612,  0.2088,  0.4758,
         -0.6220,  1.0416]], requires_grad=True)
[2023-01-20 22:04:08,902][__main__][INFO] - parameters: Parameter containing:
tensor([[-0.1639,  0.5132,  1.2828,  1.0811,  1.6954, -0.2534,  0.1781,  0.4677,
         -0.6090,  1.0627]], requires_grad=True)
[2023-01-20 22:04:09,082][__main__][INFO] - parameters: Parameter containing:
tensor([[-0.1621,  0.5262,  1.2854,  1.0840,  1.6700, -0.2415,  0.1520,  0.4490,
         -0.5936,  1.0771]], requires_grad=True)
[2023-01-20 22:04:09,278][__main__][INFO] - parameters: Parameter containing:
tensor([[-0.1644,  0.5360,  1.2961,  1.0901,  1.6515, -0.2284,  0.1338,  0.4399,
         -0.5748,  1.0887]], requires_grad=True)
[2023-01-20 22:04:09,475][__main__][INFO] - parameters: Parameter containing:
tensor([[-0.1639,  0.5404,  1.3088,  1.0975,  1.6370, -0.2103,  0.1248,  0.4318,
         -0.5527,  1.1023]], requires_grad=True)
[2023-01-20 22:04:09,660][__main__][INFO] - parameters: Parameter containing:
tensor([[-0.1737,  0.5501,  1.3330,  1.0951,  1.6166, -0.1926,  0.1144,  0.4351,
         -0.5163,  1.1128]], requires_grad=True)
[2023-01-20 22:04:09,849][__main__][INFO] - parameters: Parameter containing:
tensor([[-0.1651,  0.5453,  1.3391,  1.0995,  1.5972, -0.1688,  0.1081,  0.4344,
         -0.4860,  1.1293]], requires_grad=True)
[2023-01-20 22:04:10,030][__main__][INFO] - parameters: Parameter containing:
tensor([[-0.1695,  0.5404,  1.3491,  1.0978,  1.5862, -0.1525,  0.1024,  0.4358,
         -0.4632,  1.1462]], requires_grad=True)
[2023-01-20 22:04:10,203][__main__][INFO] - parameters: Parameter containing:
tensor([[-0.1700,  0.5512,  1.3713,  1.0969,  1.5722, -0.1497,  0.1015,  0.4349,
         -0.4200,  1.1561]], requires_grad=True)
[2023-01-20 22:04:10,363][__main__][INFO] - parameters: Parameter containing:
tensor([[-0.1752,  0.5868,  1.4215,  1.0997,  1.5642, -0.1671,  0.1174,  0.4424,
         -0.3590,  1.1624]], requires_grad=True)
[2023-01-20 22:04:10,548][__main__][INFO] - parameters: Parameter containing:
tensor([[-0.1740,  0.6207,  1.4613,  1.1035,  1.5474, -0.1790,  0.1166,  0.4481,
         -0.2974,  1.1633]], requires_grad=True)
[2023-01-20 22:04:10,726][__main__][INFO] - parameters: Parameter containing:
tensor([[-0.1713,  0.6437,  1.4854,  1.0945,  1.5138, -0.1685,  0.1023,  0.4526,
         -0.2303,  1.1647]], requires_grad=True)
[2023-01-20 22:04:10,904][__main__][INFO] - parameters: Parameter containing:
tensor([[-0.1599,  0.6648,  1.5059,  1.0866,  1.4731, -0.1435,  0.0850,  0.4454,
         -0.1543,  1.1727]], requires_grad=True)
[2023-01-20 22:04:11,087][__main__][INFO] - parameters: Parameter containing:
tensor([[-0.1625,  0.6892,  1.5346,  1.0668,  1.4331, -0.1304,  0.0648,  0.4468,
         -0.0770,  1.1770]], requires_grad=True)
[2023-01-20 22:04:11,275][__main__][INFO] - parameters: Parameter containing:
tensor([[-1.6762e-01,  7.0713e-01,  1.5626e+00,  1.0434e+00,  1.3966e+00,
         -1.1617e-01,  5.2507e-02,  4.4798e-01,  1.8398e-04,  1.1843e+00]],
       requires_grad=True)
[2023-01-20 22:04:11,461][__main__][INFO] - parameters: Parameter containing:
tensor([[-0.1709,  0.7214,  1.5858,  1.0230,  1.3736, -0.1083,  0.0533,  0.4388,
          0.0654,  1.1927]], requires_grad=True)
[2023-01-20 22:04:11,629][__main__][INFO] - parameters: Parameter containing:
tensor([[-0.1811,  0.7536,  1.6250,  1.0032,  1.3583, -0.1210,  0.0680,  0.4172,
          0.1296,  1.1991]], requires_grad=True)
[2023-01-20 22:04:11,811][__main__][INFO] - parameters: Parameter containing:
tensor([[-0.1819,  0.8021,  1.6567,  0.9802,  1.3205, -0.1271,  0.0610,  0.3864,
          0.1914,  1.1965]], requires_grad=True)
[2023-01-20 22:04:11,997][__main__][INFO] - parameters: Parameter containing:
tensor([[-0.1737,  0.8590,  1.6913,  0.9635,  1.2704, -0.1283,  0.0506,  0.3530,
          0.2585,  1.1965]], requires_grad=True)
[2023-01-20 22:04:12,181][__main__][INFO] - parameters: Parameter containing:
tensor([[-0.1557,  0.9070,  1.7139,  0.9592,  1.2293, -0.1352,  0.0405,  0.3362,
          0.3126,  1.1920]], requires_grad=True)
[2023-01-20 22:04:12,361][__main__][INFO] - parameters: Parameter containing:
tensor([[-0.1464,  0.9553,  1.7430,  0.9502,  1.1837, -0.1395,  0.0284,  0.3281,
          0.3710,  1.1822]], requires_grad=True)
[2023-01-20 22:04:12,540][__main__][INFO] - parameters: Parameter containing:
tensor([[-0.1272,  0.9968,  1.7724,  0.9516,  1.1399, -0.1311,  0.0212,  0.3300,
          0.4367,  1.1724]], requires_grad=True)
[2023-01-20 22:04:12,714][__main__][INFO] - parameters: Parameter containing:
tensor([[-0.1035,  1.0341,  1.7977,  0.9650,  1.1055, -0.1246,  0.0125,  0.3194,
          0.4873,  1.1645]], requires_grad=True)
[2023-01-20 22:04:12,892][__main__][INFO] - parameters: Parameter containing:
tensor([[-0.0940,  1.0696,  1.8233,  0.9609,  1.0650, -0.1145,  0.0024,  0.3125,
          0.5373,  1.1589]], requires_grad=True)
[2023-01-20 22:04:13,068][__main__][INFO] - parameters: Parameter containing:
tensor([[-0.0923,  1.0988,  1.8505,  0.9544,  1.0274, -0.1013, -0.0098,  0.3076,
          0.5868,  1.1668]], requires_grad=True)
[2023-01-20 22:04:13,237][__main__][INFO] - parameters: Parameter containing:
tensor([[-0.0942,  1.1244,  1.8756,  0.9373,  0.9988, -0.1064, -0.0135,  0.3135,
          0.6363,  1.1771]], requires_grad=True)
[2023-01-20 22:04:13,416][__main__][INFO] - parameters: Parameter containing:
tensor([[-0.0801,  1.1465,  1.8813,  0.9215,  0.9658, -0.1096, -0.0200,  0.3087,
          0.6760,  1.1853]], requires_grad=True)
[2023-01-20 22:04:13,592][__main__][INFO] - parameters: Parameter containing:
tensor([[-0.0738,  1.1503,  1.8757,  0.9061,  0.9507, -0.1160, -0.0221,  0.3012,
          0.7007,  1.2010]], requires_grad=True)
[2023-01-20 22:04:13,769][__main__][INFO] - parameters: Parameter containing:
tensor([[-0.0798,  1.1466,  1.8682,  0.8888,  0.9475, -0.1291, -0.0283,  0.2945,
          0.7072,  1.2135]], requires_grad=True)
[2023-01-20 22:04:13,950][__main__][INFO] - parameters: Parameter containing:
tensor([[-0.0921,  1.1425,  1.8617,  0.8686,  0.9497, -0.1520, -0.0333,  0.2826,
          0.7087,  1.2234]], requires_grad=True)
[2023-01-20 22:04:14,123][__main__][INFO] - parameters: Parameter containing:
tensor([[-0.0870,  1.1355,  1.8421,  0.8657,  0.9501, -0.1657, -0.0463,  0.2607,
          0.7042,  1.2314]], requires_grad=True)
[2023-01-20 22:04:14,298][__main__][INFO] - parameters: Parameter containing:
tensor([[-0.0860,  1.1347,  1.8376,  0.8697,  0.9545, -0.1844, -0.0573,  0.2396,
          0.7118,  1.2310]], requires_grad=True)
[2023-01-20 22:04:14,464][__main__][INFO] - parameters: Parameter containing:
tensor([[-0.0965,  1.1510,  1.8603,  0.8756,  0.9612, -0.2189, -0.0651,  0.2309,
          0.7365,  1.2133]], requires_grad=True)
[2023-01-20 22:04:14,646][__main__][INFO] - parameters: Parameter containing:
tensor([[-0.0899,  1.1629,  1.8696,  0.8858,  0.9597, -0.2429, -0.0731,  0.2157,
          0.7613,  1.1924]], requires_grad=True)
[2023-01-20 22:04:14,808][__main__][INFO] - parameters: Parameter containing:
tensor([[-0.0755,  1.1705,  1.8779,  0.9041,  0.9622, -0.2594, -0.0681,  0.1855,
          0.7832,  1.1835]], requires_grad=True)
[2023-01-20 22:04:14,982][__main__][INFO] - parameters: Parameter containing:
tensor([[-0.0674,  1.1786,  1.8871,  0.9124,  0.9612, -0.2785, -0.0631,  0.1564,
          0.8033,  1.1715]], requires_grad=True)
[2023-01-20 22:04:15,161][__main__][INFO] - parameters: Parameter containing:
tensor([[-0.0741,  1.2013,  1.9069,  0.9078,  0.9490, -0.3065, -0.0687,  0.1258,
          0.8201,  1.1454]], requires_grad=True)
[2023-01-20 22:04:15,336][__main__][INFO] - parameters: Parameter containing:
tensor([[-0.0880,  1.2285,  1.9414,  0.9050,  0.9377, -0.3270, -0.0613,  0.0920,
          0.8445,  1.1154]], requires_grad=True)
[2023-01-20 22:04:15,496][__main__][INFO] - parameters: Parameter containing:
tensor([[-0.0821,  1.2486,  1.9544,  0.9189,  0.9284, -0.3364, -0.0533,  0.0354,
          0.8401,  1.1063]], requires_grad=True)
[2023-01-20 22:04:15,655][__main__][INFO] - parameters: Parameter containing:
tensor([[-0.0785,  1.2621,  1.9704,  0.9315,  0.9130, -0.3289, -0.0418, -0.0168,
          0.8416,  1.1162]], requires_grad=True)
[2023-01-20 22:04:15,822][__main__][INFO] - parameters: Parameter containing:
tensor([[-0.0821,  1.2644,  1.9937,  0.9426,  0.9093, -0.3177, -0.0172, -0.0478,
          0.8562,  1.1357]], requires_grad=True)
[2023-01-20 22:04:15,998][__main__][INFO] - parameters: Parameter containing:
tensor([[-0.0997,  1.2765,  2.0284,  0.9444,  0.8924, -0.3054, -0.0127, -0.0519,
          0.9004,  1.1387]], requires_grad=True)
[2023-01-20 22:04:16,193][__main__][INFO] - parameters: Parameter containing:
tensor([[-0.1158,  1.3302,  2.0747,  0.9239,  0.8312, -0.2828, -0.0434, -0.0699,
          0.9694,  1.1192]], requires_grad=True)
[2023-01-20 22:04:16,383][__main__][INFO] - parameters: Parameter containing:
tensor([[-0.1299,  1.3714,  2.1179,  0.9066,  0.7720, -0.2463, -0.0691, -0.0930,
          1.0336,  1.1161]], requires_grad=True)
[2023-01-20 22:04:16,571][__main__][INFO] - parameters: Parameter containing:
tensor([[-0.1419,  1.4058,  2.1635,  0.9104,  0.7168, -0.2027, -0.0943, -0.1248,
          1.0888,  1.1284]], requires_grad=True)
[2023-01-20 22:04:16,754][__main__][INFO] - parameters: Parameter containing:
tensor([[-0.1465,  1.4168,  2.1970,  0.9209,  0.6758, -0.1484, -0.0992, -0.1690,
          1.1263,  1.1508]], requires_grad=True)
[2023-01-20 22:04:16,934][__main__][INFO] - parameters: Parameter containing:
tensor([[-0.1609,  1.4272,  2.2279,  0.9081,  0.6299, -0.0962, -0.1095, -0.2007,
          1.1615,  1.1614]], requires_grad=True)
[2023-01-20 22:04:17,118][__main__][INFO] - parameters: Parameter containing:
tensor([[-0.1726,  1.3929,  2.2238,  0.8946,  0.6098, -0.0370, -0.0955, -0.2297,
          1.1566,  1.1917]], requires_grad=True)
[2023-01-20 22:04:17,297][__main__][INFO] - parameters: Parameter containing:
tensor([[-0.1767,  1.3767,  2.2198,  0.8821,  0.5799,  0.0187, -0.0980, -0.2640,
          1.1561,  1.2202]], requires_grad=True)
[2023-01-20 22:04:17,479][__main__][INFO] - parameters: Parameter containing:
tensor([[-0.1688,  1.3561,  2.2061,  0.8759,  0.5568,  0.0715, -0.1008, -0.2815,
          1.1537,  1.2348]], requires_grad=True)
[2023-01-20 22:04:17,659][__main__][INFO] - parameters: Parameter containing:
tensor([[-0.1584,  1.3392,  2.1931,  0.8772,  0.5484,  0.1008, -0.1048, -0.2796,
          1.1410,  1.2387]], requires_grad=True)
[2023-01-20 22:04:17,850][__main__][INFO] - parameters: Parameter containing:
tensor([[-0.1412,  1.3301,  2.1848,  0.8944,  0.5580,  0.1052, -0.1138, -0.2536,
          1.1235,  1.2139]], requires_grad=True)
[2023-01-20 22:04:18,032][__main__][INFO] - parameters: Parameter containing:
tensor([[-0.1447,  1.3252,  2.1863,  0.9037,  0.5609,  0.1218, -0.1320, -0.2387,
          1.1090,  1.1962]], requires_grad=True)
[2023-01-20 22:04:18,200][__main__][INFO] - parameters: Parameter containing:
tensor([[-0.1641,  1.3162,  2.1934,  0.9129,  0.5686,  0.1465, -0.1539, -0.2299,
          1.0881,  1.1879]], requires_grad=True)
[2023-01-20 22:04:18,371][__main__][INFO] - parameters: Parameter containing:
tensor([[-0.1843,  1.3146,  2.2067,  0.9226,  0.5722,  0.1642, -0.1791, -0.2195,
          1.0815,  1.1787]], requires_grad=True)
[2023-01-20 22:04:18,550][__main__][INFO] - parameters: Parameter containing:
tensor([[-0.2061,  1.3170,  2.2230,  0.9223,  0.5722,  0.1797, -0.1926, -0.2118,
          1.0804,  1.1648]], requires_grad=True)
[2023-01-20 22:04:18,714][__main__][INFO] - parameters: Parameter containing:
tensor([[-0.2167,  1.3205,  2.2368,  0.9213,  0.5739,  0.1771, -0.1929, -0.2077,
          1.0827,  1.1657]], requires_grad=True)
[2023-01-20 22:04:18,887][__main__][INFO] - parameters: Parameter containing:
tensor([[-0.2078,  1.3269,  2.2477,  0.9388,  0.5774,  0.1748, -0.1859, -0.2243,
          1.0878,  1.1915]], requires_grad=True)
[2023-01-20 22:04:19,058][__main__][INFO] - parameters: Parameter containing:
tensor([[-0.1917,  1.3297,  2.2534,  0.9581,  0.5832,  0.1676, -0.1742, -0.2417,
          1.0954,  1.2353]], requires_grad=True)
[2023-01-20 22:04:19,217][__main__][INFO] - parameters: Parameter containing:
tensor([[-0.1831,  1.3230,  2.2539,  0.9682,  0.5923,  0.1668, -0.1599, -0.2551,
          1.0992,  1.2766]], requires_grad=True)
[2023-01-20 22:04:19,406][__main__][INFO] - parameters: Parameter containing:
tensor([[-0.1890,  1.3156,  2.2696,  0.9807,  0.6046,  0.1735, -0.1329, -0.2807,
          1.1097,  1.3300]], requires_grad=True)
[2023-01-20 22:04:19,588][__main__][INFO] - parameters: Parameter containing:
tensor([[-0.2030,  1.3142,  2.2813,  0.9824,  0.6159,  0.1690, -0.1299, -0.2777,
          1.1231,  1.3495]], requires_grad=True)
[2023-01-20 22:04:19,770][__main__][INFO] - parameters: Parameter containing:
tensor([[-0.2323,  1.3129,  2.2971,  0.9720,  0.6311,  0.1547, -0.1323, -0.2518,
          1.1397,  1.3399]], requires_grad=True)
[2023-01-20 22:04:19,947][__main__][INFO] - parameters: Parameter containing:
tensor([[-0.2534,  1.3064,  2.2995,  0.9598,  0.6540,  0.1277, -0.1308, -0.2242,
          1.1454,  1.3263]], requires_grad=True)
[2023-01-20 22:04:20,130][__main__][INFO] - parameters: Parameter containing:
tensor([[-0.2839,  1.2935,  2.3026,  0.9381,  0.6725,  0.1137, -0.1265, -0.1958,
          1.1467,  1.3155]], requires_grad=True)
[2023-01-20 22:04:20,305][__main__][INFO] - parameters: Parameter containing:
tensor([[-0.3070,  1.2771,  2.3037,  0.9108,  0.6940,  0.0947, -0.1147, -0.1438,
          1.1546,  1.2873]], requires_grad=True)
[2023-01-20 22:04:20,481][__main__][INFO] - parameters: Parameter containing:
tensor([[-0.3415,  1.2679,  2.3176,  0.8785,  0.7116,  0.0766, -0.1163, -0.0734,
          1.1729,  1.2407]], requires_grad=True)
[2023-01-20 22:04:20,648][__main__][INFO] - parameters: Parameter containing:
tensor([[-3.7557e-01,  1.2494e+00,  2.3242e+00,  8.4184e-01,  7.2124e-01,
          7.1533e-02, -1.2658e-01, -6.5844e-04,  1.1979e+00,  1.2014e+00]],
       requires_grad=True)
[2023-01-20 22:04:20,830][__main__][INFO] - parameters: Parameter containing:
tensor([[-0.3977,  1.2214,  2.3230,  0.8179,  0.7400,  0.0649, -0.1223,  0.0573,
          1.2125,  1.1836]], requires_grad=True)
[2023-01-20 22:04:21,003][__main__][INFO] - parameters: Parameter containing:
tensor([[-0.4181,  1.2124,  2.3384,  0.7965,  0.7466,  0.0578, -0.1203,  0.1071,
          1.2383,  1.1571]], requires_grad=True)
[2023-01-20 22:04:21,175][__main__][INFO] - parameters: Parameter containing:
tensor([[-0.4359,  1.2126,  2.3605,  0.7702,  0.7414,  0.0493, -0.1213,  0.1631,
          1.2798,  1.1269]], requires_grad=True)
[2023-01-20 22:04:21,373][__main__][INFO] - parameters: Parameter containing:
tensor([[-0.4590,  1.2089,  2.3838,  0.7482,  0.7389,  0.0510, -0.1215,  0.2054,
          1.3141,  1.1048]], requires_grad=True)
[2023-01-20 22:04:21,545][__main__][INFO] - parameters: Parameter containing:
tensor([[-0.4679,  1.2062,  2.4013,  0.7334,  0.7186,  0.0659, -0.1377,  0.2476,
          1.3579,  1.0905]], requires_grad=True)
[2023-01-20 22:04:21,718][__main__][INFO] - parameters: Parameter containing:
tensor([[-0.4503,  1.1582,  2.3715,  0.7237,  0.7216,  0.0934, -0.1289,  0.2848,
          1.3530,  1.1137]], requires_grad=True)
[2023-01-20 22:04:21,889][__main__][INFO] - parameters: Parameter containing:
tensor([[-0.4355,  1.1193,  2.3445,  0.7130,  0.7307,  0.1051, -0.1224,  0.3188,
          1.3402,  1.1330]], requires_grad=True)
[2023-01-20 22:04:22,070][__main__][INFO] - parameters: Parameter containing:
tensor([[-0.4211,  1.0845,  2.3175,  0.7022,  0.7387,  0.1163, -0.1248,  0.3555,
          1.3307,  1.1479]], requires_grad=True)
[2023-01-20 22:04:22,242][__main__][INFO] - parameters: Parameter containing:
tensor([[-0.4121,  1.0481,  2.2901,  0.6813,  0.7538,  0.1143, -0.1223,  0.4012,
          1.3203,  1.1551]], requires_grad=True)
[2023-01-20 22:04:22,413][__main__][INFO] - parameters: Parameter containing:
tensor([[-0.4038,  1.0156,  2.2527,  0.6522,  0.7650,  0.0988, -0.1348,  0.4469,
          1.3038,  1.1583]], requires_grad=True)
[2023-01-20 22:04:22,578][__main__][INFO] - parameters: Parameter containing:
tensor([[-0.3953,  0.9875,  2.2103,  0.6213,  0.7667,  0.0920, -0.1569,  0.4790,
          1.2818,  1.1611]], requires_grad=True)
[2023-01-20 22:04:22,768][__main__][INFO] - parameters: Parameter containing:
tensor([[-0.3941,  0.9859,  2.1783,  0.5942,  0.7320,  0.0962, -0.2227,  0.5286,
          1.2970,  1.1416]], requires_grad=True)
[2023-01-20 22:04:22,951][__main__][INFO] - parameters: Parameter containing:
tensor([[-0.3853,  0.9795,  2.1422,  0.5804,  0.6925,  0.1185, -0.2957,  0.5844,
          1.3220,  1.1121]], requires_grad=True)
[2023-01-20 22:04:23,131][__main__][INFO] - parameters: Parameter containing:
tensor([[-0.3842,  0.9766,  2.1145,  0.5661,  0.6642,  0.1309, -0.3645,  0.6413,
          1.3432,  1.0815]], requires_grad=True)
[2023-01-20 22:04:23,310][__main__][INFO] - parameters: Parameter containing:
tensor([[-0.3833,  0.9745,  2.0854,  0.5540,  0.6409,  0.1344, -0.4308,  0.6841,
          1.3545,  1.0436]], requires_grad=True)
[2023-01-20 22:04:23,497][__main__][INFO] - parameters: Parameter containing:
tensor([[-0.3885,  0.9700,  2.0552,  0.5350,  0.6157,  0.1436, -0.4924,  0.7186,
          1.3628,  1.0091]], requires_grad=True)
[2023-01-20 22:04:23,677][__main__][INFO] - parameters: Parameter containing:
tensor([[-0.3989,  0.9540,  2.0246,  0.5094,  0.6008,  0.1631, -0.5264,  0.7398,
          1.3525,  0.9932]], requires_grad=True)
[2023-01-20 22:04:23,867][__main__][INFO] - parameters: Parameter containing:
tensor([[-0.3959,  0.9301,  1.9871,  0.4910,  0.5872,  0.1949, -0.5485,  0.7539,
          1.3428,  0.9869]], requires_grad=True)
[2023-01-20 22:04:24,050][__main__][INFO] - parameters: Parameter containing:
tensor([[-0.3943,  0.9018,  1.9530,  0.4811,  0.5823,  0.2251, -0.5704,  0.7835,
          1.3413,  0.9747]], requires_grad=True)
[2023-01-20 22:04:24,242][__main__][INFO] - parameters: Parameter containing:
tensor([[-0.3952,  0.8771,  1.9233,  0.4708,  0.5768,  0.2538, -0.5952,  0.8130,
          1.3432,  0.9679]], requires_grad=True)
[2023-01-20 22:04:24,421][__main__][INFO] - parameters: Parameter containing:
tensor([[-0.3894,  0.8524,  1.8870,  0.4553,  0.5661,  0.2702, -0.6232,  0.8476,
          1.3523,  0.9575]], requires_grad=True)
[2023-01-20 22:04:24,609][__main__][INFO] - parameters: Parameter containing:
tensor([[-0.3768,  0.8247,  1.8477,  0.4461,  0.5609,  0.2926, -0.6491,  0.8712,
          1.3566,  0.9523]], requires_grad=True)
[2023-01-20 22:04:24,783][__main__][INFO] - parameters: Parameter containing:
tensor([[-0.3653,  0.8065,  1.8300,  0.4743,  0.5658,  0.3269, -0.6923,  0.8983,
          1.3587,  0.9588]], requires_grad=True)
[2023-01-20 22:04:24,960][__main__][INFO] - parameters: Parameter containing:
tensor([[-0.3476,  0.7870,  1.8061,  0.4988,  0.5722,  0.3553, -0.7317,  0.9299,
          1.3556,  0.9593]], requires_grad=True)
[2023-01-20 22:04:25,138][__main__][INFO] - parameters: Parameter containing:
tensor([[-0.3411,  0.7699,  1.7934,  0.5242,  0.5829,  0.3797, -0.7657,  0.9560,
          1.3519,  0.9590]], requires_grad=True)
[2023-01-20 22:04:25,317][__main__][INFO] - parameters: Parameter containing:
tensor([[-0.3334,  0.7490,  1.7816,  0.5485,  0.5929,  0.4129, -0.7878,  0.9709,
          1.3485,  0.9654]], requires_grad=True)
[2023-01-20 22:04:25,493][__main__][INFO] - parameters: Parameter containing:
tensor([[-0.3328,  0.7402,  1.7937,  0.5737,  0.5973,  0.4340, -0.8119,  1.0108,
          1.3776,  0.9586]], requires_grad=True)
[2023-01-20 22:04:25,662][__main__][INFO] - parameters: Parameter containing:
tensor([[-0.3306,  0.7320,  1.8058,  0.5995,  0.6006,  0.4604, -0.8278,  1.0369,
          1.4061,  0.9559]], requires_grad=True)
[2023-01-20 22:04:25,840][__main__][INFO] - parameters: Parameter containing:
tensor([[-0.3318,  0.7257,  1.8124,  0.6191,  0.6091,  0.4754, -0.8375,  1.0498,
          1.4213,  0.9537]], requires_grad=True)
[2023-01-20 22:04:26,020][__main__][INFO] - parameters: Parameter containing:
tensor([[-0.3314,  0.7152,  1.8086,  0.6411,  0.6168,  0.5000, -0.8543,  1.0572,
          1.4263,  0.9541]], requires_grad=True)
[2023-01-20 22:04:26,204][__main__][INFO] - parameters: Parameter containing:
tensor([[-0.3369,  0.7028,  1.8154,  0.6593,  0.6238,  0.5342, -0.8573,  1.0545,
          1.4355,  0.9655]], requires_grad=True)
[2023-01-20 22:04:26,402][__main__][INFO] - parameters: Parameter containing:
tensor([[-0.3545,  0.6991,  1.8282,  0.6700,  0.6361,  0.5564, -0.8578,  1.0494,
          1.4363,  0.9735]], requires_grad=True)
[2023-01-20 22:04:26,613][__main__][INFO] - parameters: Parameter containing:
tensor([[-0.3765,  0.7054,  1.8484,  0.6733,  0.6432,  0.5703, -0.8629,  1.0482,
          1.4447,  0.9784]], requires_grad=True)
[2023-01-20 22:04:26,779][__main__][INFO] - parameters: Parameter containing:
tensor([[-0.3872,  0.7177,  1.8769,  0.6843,  0.6588,  0.5649, -0.8588,  1.0541,
          1.4583,  0.9824]], requires_grad=True)
[2023-01-20 22:04:26,948][__main__][INFO] - parameters: Parameter containing:
tensor([[-0.3935,  0.7325,  1.8919,  0.6862,  0.6553,  0.5638, -0.8806,  1.0767,
          1.4763,  0.9761]], requires_grad=True)
[2023-01-20 22:04:27,115][__main__][INFO] - parameters: Parameter containing:
tensor([[-0.3880,  0.7436,  1.8957,  0.6873,  0.6508,  0.5651, -0.8954,  1.0948,
          1.4877,  0.9778]], requires_grad=True)
[2023-01-20 22:04:27,291][__main__][INFO] - parameters: Parameter containing:
tensor([[-0.3724,  0.7587,  1.8949,  0.6860,  0.6440,  0.5533, -0.9091,  1.1196,
          1.4962,  0.9765]], requires_grad=True)
[2023-01-20 22:04:27,481][__main__][INFO] - parameters: Parameter containing:
tensor([[-0.3675,  0.7674,  1.8954,  0.6746,  0.6382,  0.5412, -0.9182,  1.1434,
          1.5003,  0.9845]], requires_grad=True)
[2023-01-20 22:04:27,665][__main__][INFO] - parameters: Parameter containing:
tensor([[-0.3793,  0.7748,  1.9008,  0.6481,  0.6287,  0.5430, -0.9182,  1.1472,
          1.4963,  1.0044]], requires_grad=True)
[2023-01-20 22:04:27,850][__main__][INFO] - parameters: Parameter containing:
tensor([[-0.3899,  0.7795,  1.9019,  0.6142,  0.6077,  0.5569, -0.9170,  1.1352,
          1.4959,  1.0292]], requires_grad=True)
[2023-01-20 22:04:28,036][__main__][INFO] - parameters: Parameter containing:
tensor([[-0.3899,  0.7958,  1.9006,  0.5848,  0.5699,  0.5816, -0.9283,  1.1169,
          1.5023,  1.0488]], requires_grad=True)
[2023-01-20 22:04:28,227][__main__][INFO] - parameters: Parameter containing:
tensor([[-0.3821,  0.8058,  1.9018,  0.5758,  0.5462,  0.6082, -0.9337,  1.1099,
          1.5127,  1.0677]], requires_grad=True)
[2023-01-20 22:04:28,396][__main__][INFO] - parameters: Parameter containing:
tensor([[-0.3684,  0.8130,  1.9052,  0.5764,  0.5349,  0.6291, -0.9284,  1.1079,
          1.5227,  1.0876]], requires_grad=True)
[2023-01-20 22:04:28,568][__main__][INFO] - parameters: Parameter containing:
tensor([[-0.3586,  0.8168,  1.9124,  0.5735,  0.5275,  0.6449, -0.9146,  1.1094,
          1.5352,  1.1077]], requires_grad=True)
[2023-01-20 22:04:28,752][__main__][INFO] - parameters: Parameter containing:
tensor([[-0.3663,  0.8256,  1.9291,  0.5623,  0.5191,  0.6514, -0.9023,  1.1109,
          1.5487,  1.1238]], requires_grad=True)
[2023-01-20 22:04:28,918][__main__][INFO] - parameters: Parameter containing:
tensor([[-0.3754,  0.8292,  1.9414,  0.5489,  0.5144,  0.6589, -0.8891,  1.1122,
          1.5581,  1.1332]], requires_grad=True)
[2023-01-20 22:04:29,104][__main__][INFO] - parameters: Parameter containing:
tensor([[-0.3721,  0.8315,  1.9467,  0.5437,  0.5104,  0.6658, -0.8811,  1.1171,
          1.5698,  1.1387]], requires_grad=True)
[2023-01-20 22:04:29,290][__main__][INFO] - parameters: Parameter containing:
tensor([[-0.3541,  0.8304,  1.9409,  0.5497,  0.5046,  0.6773, -0.8791,  1.1212,
          1.5796,  1.1437]], requires_grad=True)
[2023-01-20 22:04:29,474][__main__][INFO] - parameters: Parameter containing:
tensor([[-0.3516,  0.8316,  1.9486,  0.5634,  0.5008,  0.6896, -0.8880,  1.1303,
          1.5935,  1.1401]], requires_grad=True)
[2023-01-20 22:04:29,657][__main__][INFO] - parameters: Parameter containing:
tensor([[-0.3603,  0.8244,  1.9506,  0.5637,  0.4929,  0.7166, -0.8939,  1.1194,
          1.5943,  1.1466]], requires_grad=True)
[2023-01-20 22:04:29,836][__main__][INFO] - parameters: Parameter containing:
tensor([[-0.3626,  0.8232,  1.9515,  0.5685,  0.4788,  0.7434, -0.9103,  1.1109,
          1.5999,  1.1482]], requires_grad=True)
[2023-01-20 22:04:30,016][__main__][INFO] - parameters: Parameter containing:
tensor([[-0.3623,  0.8344,  1.9545,  0.5693,  0.4572,  0.7640, -0.9320,  1.1025,
          1.6062,  1.1396]], requires_grad=True)
[2023-01-20 22:04:30,216][__main__][INFO] - parameters: Parameter containing:
tensor([[-0.3690,  0.8712,  1.9719,  0.5700,  0.4194,  0.7771, -0.9731,  1.1039,
          1.6351,  1.1081]], requires_grad=True)
[2023-01-20 22:04:30,428][__main__][INFO] - parameters: Parameter containing:
tensor([[-0.3771,  0.8981,  1.9851,  0.5707,  0.4056,  0.7597, -1.0052,  1.1264,
          1.6628,  1.0685]], requires_grad=True)
[2023-01-20 22:04:30,598][__main__][INFO] - parameters: Parameter containing:
tensor([[-0.3900,  0.9307,  2.0017,  0.5734,  0.3950,  0.7359, -1.0448,  1.1569,
          1.6901,  1.0248]], requires_grad=True)
[2023-01-20 22:04:30,782][__main__][INFO] - parameters: Parameter containing:
tensor([[-0.4013,  0.9622,  2.0235,  0.5729,  0.3835,  0.7153, -1.0729,  1.1837,
          1.7183,  0.9875]], requires_grad=True)
[2023-01-20 22:04:30,971][__main__][INFO] - parameters: Parameter containing:
tensor([[-0.4025,  0.9971,  2.0477,  0.5845,  0.3676,  0.6977, -1.1018,  1.2134,
          1.7543,  0.9435]], requires_grad=True)
[2023-01-20 22:04:31,158][__main__][INFO] - parameters: Parameter containing:
tensor([[-0.3891,  1.0132,  2.0601,  0.5988,  0.3673,  0.6877, -1.1041,  1.2327,
          1.7770,  0.9149]], requires_grad=True)
[2023-01-20 22:04:31,342][__main__][INFO] - parameters: Parameter containing:
tensor([[-0.3812,  1.0270,  2.0699,  0.6022,  0.3589,  0.6858, -1.1074,  1.2342,
          1.7954,  0.8929]], requires_grad=True)
[2023-01-20 22:04:31,517][__main__][INFO] - parameters: Parameter containing:
tensor([[-0.3708,  1.0287,  2.0789,  0.6066,  0.3632,  0.6815, -1.0945,  1.2341,
          1.8122,  0.8768]], requires_grad=True)
[2023-01-20 22:04:31,731][__main__][INFO] - parameters: Parameter containing:
tensor([[-0.3628,  1.0289,  2.0917,  0.6093,  0.3698,  0.6792, -1.0739,  1.2346,
          1.8275,  0.8612]], requires_grad=True)
[2023-01-20 22:04:31,924][__main__][INFO] - parameters: Parameter containing:
tensor([[-0.3597,  1.0322,  2.1049,  0.6088,  0.3793,  0.6706, -1.0540,  1.2370,
          1.8351,  0.8462]], requires_grad=True)
[2023-01-20 22:04:32,121][__main__][INFO] - parameters: Parameter containing:
tensor([[-0.3591,  1.0374,  2.1179,  0.6081,  0.3838,  0.6710, -1.0418,  1.2456,
          1.8463,  0.8281]], requires_grad=True)
[2023-01-20 22:04:32,307][__main__][INFO] - parameters: Parameter containing:
tensor([[-0.3515,  1.0305,  2.1124,  0.6055,  0.3879,  0.6838, -1.0339,  1.2595,
          1.8513,  0.8206]], requires_grad=True)
[2023-01-20 22:04:32,509][__main__][INFO] - parameters: Parameter containing:
tensor([[-0.3310,  1.0246,  2.0941,  0.6088,  0.3833,  0.7073, -1.0371,  1.2710,
          1.8528,  0.8123]], requires_grad=True)
[2023-01-20 22:04:32,691][__main__][INFO] - parameters: Parameter containing:
tensor([[-0.3050,  1.0169,  2.0724,  0.6184,  0.3770,  0.7369, -1.0428,  1.2731,
          1.8530,  0.8096]], requires_grad=True)
[2023-01-20 22:04:32,874][__main__][INFO] - parameters: Parameter containing:
tensor([[-0.2908,  1.0027,  2.0509,  0.6154,  0.3735,  0.7670, -1.0487,  1.2781,
          1.8495,  0.8105]], requires_grad=True)
[2023-01-20 22:04:33,051][__main__][INFO] - parameters: Parameter containing:
tensor([[-0.2798,  0.9974,  2.0360,  0.6192,  0.3556,  0.8079, -1.0766,  1.2895,
          1.8642,  0.8011]], requires_grad=True)
[2023-01-20 22:04:33,233][__main__][INFO] - parameters: Parameter containing:
tensor([[-0.2601,  1.0075,  2.0349,  0.6301,  0.3341,  0.8470, -1.0912,  1.2906,
          1.8860,  0.7852]], requires_grad=True)
[2023-01-20 22:04:33,423][__main__][INFO] - parameters: Parameter containing:
tensor([[-0.2355,  1.0085,  2.0277,  0.6400,  0.3143,  0.8977, -1.0931,  1.2689,
          1.9006,  0.7856]], requires_grad=True)
[2023-01-20 22:04:33,615][__main__][INFO] - parameters: Parameter containing:
tensor([[-0.2224,  1.0152,  2.0251,  0.6361,  0.2943,  0.9337, -1.0937,  1.2478,
          1.9095,  0.7820]], requires_grad=True)
[2023-01-20 22:04:33,803][__main__][INFO] - parameters: Parameter containing:
tensor([[-0.2054,  1.0300,  2.0298,  0.6426,  0.2581,  0.9817, -1.1090,  1.2346,
          1.9395,  0.7701]], requires_grad=True)
[2023-01-20 22:04:33,987][__main__][INFO] - parameters: Parameter containing:
tensor([[-0.1758,  1.0437,  2.0274,  0.6524,  0.2271,  1.0222, -1.1175,  1.2248,
          1.9663,  0.7640]], requires_grad=True)
[2023-01-20 22:04:34,173][__main__][INFO] - parameters: Parameter containing:
tensor([[-0.1667,  1.0560,  2.0293,  0.6463,  0.2080,  1.0390, -1.1232,  1.2334,
          1.9892,  0.7548]], requires_grad=True)
[2023-01-20 22:04:34,356][__main__][INFO] - parameters: Parameter containing:
tensor([[-0.1632,  1.0701,  2.0435,  0.6438,  0.1902,  1.0627, -1.1257,  1.2443,
          2.0210,  0.7433]], requires_grad=True)
[2023-01-20 22:04:34,531][__main__][INFO] - parameters: Parameter containing:
tensor([[-0.1661,  1.0813,  2.0612,  0.6419,  0.1850,  1.0741, -1.1213,  1.2586,
          2.0490,  0.7326]], requires_grad=True)
[2023-01-20 22:04:34,708][__main__][INFO] - parameters: Parameter containing:
tensor([[-0.1788,  1.1085,  2.0898,  0.6281,  0.1774,  1.0689, -1.1154,  1.2719,
          2.0805,  0.7103]], requires_grad=True)
[2023-01-20 22:04:34,913][__main__][INFO] - parameters: Parameter containing:
tensor([[-0.1959,  1.1131,  2.1065,  0.6156,  0.1794,  1.0842, -1.0973,  1.2724,
          2.0934,  0.7034]], requires_grad=True)
[2023-01-20 22:04:35,109][__main__][INFO] - parameters: Parameter containing:
tensor([[-0.2104,  1.1288,  2.1302,  0.6116,  0.1887,  1.0767, -1.0763,  1.2739,
          2.1034,  0.6857]], requires_grad=True)
[2023-01-20 22:04:35,301][__main__][INFO] - parameters: Parameter containing:
tensor([[-0.2169,  1.1467,  2.1520,  0.6097,  0.2012,  1.0629, -1.0472,  1.2625,
          2.1052,  0.6796]], requires_grad=True)
