[2023-01-21 17:25:49,581][choosing_descriptors][INFO] - There are total of 12 descriptors
[2023-01-21 17:25:49,583][choosing_descriptors][INFO] - Working on cluster 0
[2023-01-21 17:25:49,583][choosing_descriptors][INFO] - 0 most variance descriptor - thin
[2023-01-21 17:25:49,583][choosing_descriptors][INFO] - Adding thin to chosen descriptors
[2023-01-21 17:25:49,583][choosing_descriptors][INFO] - 1 most variance descriptor - long neck
[2023-01-21 17:25:49,584][choosing_descriptors][INFO] - long neck is correlated with thin with corr 0.9710176135444962
[2023-01-21 17:25:49,584][choosing_descriptors][INFO] - 2 most variance descriptor - ears sticking-out
[2023-01-21 17:25:49,585][choosing_descriptors][INFO] - ears sticking-out is correlated with thin with corr 0.9159092876654935
[2023-01-21 17:25:49,585][choosing_descriptors][INFO] - 3 most variance descriptor - big mouth
[2023-01-21 17:25:49,586][choosing_descriptors][INFO] - big mouth is correlated with thin with corr 0.8289998022262789
[2023-01-21 17:25:49,586][choosing_descriptors][INFO] - 4 most variance descriptor - chubby cheeks
[2023-01-21 17:25:49,586][choosing_descriptors][INFO] - Adding chubby cheeks to chosen descriptors
[2023-01-21 17:25:49,586][choosing_descriptors][INFO] - currently chosen descriptors: {'thin': {'variance': 1.7538294428830037}, 'chubby cheeks': {'variance': 0.30248462838880835}}
[2023-01-21 17:25:49,586][choosing_descriptors][INFO] - Finished cluster 0
[2023-01-21 17:25:49,586][choosing_descriptors][INFO] - Working on cluster 1
[2023-01-21 17:25:49,587][choosing_descriptors][INFO] - 0 most variance descriptor - fat
[2023-01-21 17:25:49,587][choosing_descriptors][INFO] - Adding fat to chosen descriptors
[2023-01-21 17:25:49,587][choosing_descriptors][INFO] - 1 most variance descriptor - big forhead
[2023-01-21 17:25:49,588][choosing_descriptors][INFO] - Adding big forhead to chosen descriptors
[2023-01-21 17:25:49,588][choosing_descriptors][INFO] - 2 most variance descriptor - nose sticking-out
[2023-01-21 17:25:49,589][choosing_descriptors][INFO] - nose sticking-out is correlated with big forhead with corr 0.7400836693251195
[2023-01-21 17:25:49,589][choosing_descriptors][INFO] - 3 most variance descriptor - small chin
[2023-01-21 17:25:49,590][choosing_descriptors][INFO] - small chin is correlated with big forhead with corr 0.896318016207958
[2023-01-21 17:25:49,590][choosing_descriptors][INFO] - 4 most variance descriptor - big eyebrows
[2023-01-21 17:25:49,591][choosing_descriptors][INFO] - big eyebrows is correlated with big forhead with corr 0.5637302174336759
[2023-01-21 17:25:49,591][choosing_descriptors][INFO] - currently chosen descriptors: {'fat': {'variance': 0.4663310318103826}, 'big forhead': {'variance': 0.4562405253530799}}
[2023-01-21 17:25:49,591][choosing_descriptors][INFO] - Finished cluster 1
[2023-01-21 17:25:49,591][choosing_descriptors][INFO] - There are 4 chosen descriptors in initial filter
[2023-01-21 17:25:49,591][choosing_descriptors][INFO] - chosen descriptors: [['thin', 'chubby cheeks'], ['fat', 'big forhead']]
[2023-01-21 17:25:49,592][choosing_descriptors][INFO] - Final filter
[2023-01-21 17:25:49,593][choosing_descriptors][INFO] - Descriptor thin has variance 1.7538294428830037
[2023-01-21 17:25:49,594][choosing_descriptors][INFO] - Descriptor thin is correlated with big forhead with correlation 0.719264780434976 - removing big forhead
[2023-01-21 17:25:49,594][choosing_descriptors][INFO] - Descriptor fat has variance 0.4663310318103826
[2023-01-21 17:25:49,595][choosing_descriptors][INFO] - Descriptor fat is correlated with chubby cheeks with correlation 0.8258216932513849 - removing chubby cheeks
