[2023-01-21 17:00:26,203][choosing_descriptors][INFO] - There are total of 26 descriptors
[2023-01-21 17:00:26,204][choosing_descriptors][INFO] - Working on cluster 0
[2023-01-21 17:00:26,205][choosing_descriptors][INFO] - 0 most variance descriptor - open mouth
[2023-01-21 17:00:26,205][choosing_descriptors][INFO] - Adding open mouth to chosen descriptors
[2023-01-21 17:00:26,205][choosing_descriptors][INFO] - 1 most variance descriptor - smiling
[2023-01-21 17:00:26,206][choosing_descriptors][INFO] - Adding smiling to chosen descriptors
[2023-01-21 17:00:26,206][choosing_descriptors][INFO] - 2 most variance descriptor - happy
[2023-01-21 17:00:26,207][choosing_descriptors][INFO] - happy is correlated with open mouth with corr 0.6034115565228041
[2023-01-21 17:00:26,207][choosing_descriptors][INFO] - 3 most variance descriptor - excited
[2023-01-21 17:00:26,208][choosing_descriptors][INFO] - excited is correlated with open mouth with corr 0.76899186303275
[2023-01-21 17:00:26,208][choosing_descriptors][INFO] - 4 most variance descriptor - pensive
[2023-01-21 17:00:26,209][choosing_descriptors][INFO] - pensive is correlated with smiling with corr -0.5239707416093944
[2023-01-21 17:00:26,209][choosing_descriptors][INFO] - 5 most variance descriptor - open eyes
[2023-01-21 17:00:26,210][choosing_descriptors][INFO] - open eyes is correlated with open mouth with corr 0.7415155451481605
[2023-01-21 17:00:26,210][choosing_descriptors][INFO] - 6 most variance descriptor - sleepy
[2023-01-21 17:00:26,211][choosing_descriptors][INFO] - sleepy is correlated with open mouth with corr 0.6912988387326392
[2023-01-21 17:00:26,211][choosing_descriptors][INFO] - 7 most variance descriptor - calm
[2023-01-21 17:00:26,212][choosing_descriptors][INFO] - calm is correlated with open mouth with corr 0.682660058937869
[2023-01-21 17:00:26,212][choosing_descriptors][INFO] - 8 most variance descriptor - fearful
[2023-01-21 17:00:26,212][choosing_descriptors][INFO] - fearful is correlated with open mouth with corr 0.5960406000720171
[2023-01-21 17:00:26,213][choosing_descriptors][INFO] - 9 most variance descriptor - bored
[2023-01-21 17:00:26,213][choosing_descriptors][INFO] - bored is correlated with open mouth with corr 0.861329469121124
[2023-01-21 17:00:26,213][choosing_descriptors][INFO] - 10 most variance descriptor - relaxed
[2023-01-21 17:00:26,214][choosing_descriptors][INFO] - relaxed is correlated with open mouth with corr 0.5548844179551785
[2023-01-21 17:00:26,214][choosing_descriptors][INFO] - 11 most variance descriptor - tired
[2023-01-21 17:00:26,215][choosing_descriptors][INFO] - tired is correlated with open mouth with corr 0.6939851731235444
[2023-01-21 17:00:26,215][choosing_descriptors][INFO] - 12 most variance descriptor - worried
[2023-01-21 17:00:26,216][choosing_descriptors][INFO] - Adding worried to chosen descriptors
[2023-01-21 17:00:26,217][choosing_descriptors][INFO] - 13 most variance descriptor - nervous
[2023-01-21 17:00:26,218][choosing_descriptors][INFO] - nervous is correlated with worried with corr 0.8136514887736354
[2023-01-21 17:00:26,218][choosing_descriptors][INFO] - 14 most variance descriptor - confused
[2023-01-21 17:00:26,219][choosing_descriptors][INFO] - confused is correlated with open mouth with corr 0.6580568101446859
[2023-01-21 17:00:26,219][choosing_descriptors][INFO] - 15 most variance descriptor - disgusted
[2023-01-21 17:00:26,219][choosing_descriptors][INFO] - disgusted is correlated with open mouth with corr 0.7884596807534427
[2023-01-21 17:00:26,219][choosing_descriptors][INFO] - currently chosen descriptors: {'open mouth': {'variance': 1.9951242487537362}, 'smiling': {'variance': 1.9283539637330411}, 'worried': {'variance': 0.1832285467909967}}
[2023-01-21 17:00:26,219][choosing_descriptors][INFO] - Finished cluster 0
[2023-01-21 17:00:26,220][choosing_descriptors][INFO] - Working on cluster 1
[2023-01-21 17:00:26,220][choosing_descriptors][INFO] - 0 most variance descriptor - angry
[2023-01-21 17:00:26,220][choosing_descriptors][INFO] - Adding angry to chosen descriptors
[2023-01-21 17:00:26,220][choosing_descriptors][INFO] - 1 most variance descriptor - surprised
[2023-01-21 17:00:26,221][choosing_descriptors][INFO] - Adding surprised to chosen descriptors
[2023-01-21 17:00:26,221][choosing_descriptors][INFO] - 2 most variance descriptor - serious
[2023-01-21 17:00:26,223][choosing_descriptors][INFO] - Adding serious to chosen descriptors
[2023-01-21 17:00:26,223][choosing_descriptors][INFO] - 3 most variance descriptor - scared
[2023-01-21 17:00:26,224][choosing_descriptors][INFO] - scared is correlated with surprised with corr 0.8548306985752759
[2023-01-21 17:00:26,224][choosing_descriptors][INFO] - 4 most variance descriptor - neutral
[2023-01-21 17:00:26,225][choosing_descriptors][INFO] - neutral is correlated with surprised with corr 0.53676386862763
[2023-01-21 17:00:26,225][choosing_descriptors][INFO] - 5 most variance descriptor - sad
[2023-01-21 17:00:26,226][choosing_descriptors][INFO] - sad is correlated with surprised with corr 0.510765731739757
[2023-01-21 17:00:26,226][choosing_descriptors][INFO] - 6 most variance descriptor - raised eyebrows
[2023-01-21 17:00:26,228][choosing_descriptors][INFO] - Adding raised eyebrows to chosen descriptors
[2023-01-21 17:00:26,228][choosing_descriptors][INFO] - currently chosen descriptors: {'angry': {'variance': 0.9070730177910972}, 'surprised': {'variance': 0.5492131286431122}, 'serious': {'variance': 0.29897397606976367}, 'raised eyebrows': {'variance': 0.08350287828721445}}
[2023-01-21 17:00:26,228][choosing_descriptors][INFO] - Finished cluster 1
[2023-01-21 17:00:26,228][choosing_descriptors][INFO] - There are 7 chosen descriptors in initial filter
[2023-01-21 17:00:26,228][choosing_descriptors][INFO] - chosen descriptors: [['open mouth', 'smiling', 'worried'], ['angry', 'surprised', 'serious', 'raised eyebrows']]
[2023-01-21 17:00:26,228][choosing_descriptors][INFO] - Final filter
[2023-01-21 17:00:26,230][choosing_descriptors][INFO] - Descriptor open mouth has variance 1.9951242487537362
[2023-01-21 17:00:26,231][choosing_descriptors][INFO] - Descriptor open mouth is correlated with surprised with correlation 0.7687695859158153 - removing surprised
[2023-01-21 17:00:26,231][choosing_descriptors][INFO] - Descriptor open mouth is correlated with angry with correlation 0.7363620036460964 - removing angry
[2023-01-21 17:00:26,231][choosing_descriptors][INFO] - Descriptor smiling has variance 1.9283539637330411
[2023-01-21 17:00:26,232][choosing_descriptors][INFO] - Descriptor serious has variance 0.29897397606976367
[2023-01-21 17:00:26,232][choosing_descriptors][INFO] - Descriptor worried has variance 0.1832285467909967
[2023-01-21 17:00:26,233][choosing_descriptors][INFO] - Descriptor worried is correlated with surprised with correlation 0.6268842480392369 - removing surprised
[2023-01-21 17:00:26,233][choosing_descriptors][INFO] - Descriptor raised eyebrows has variance 0.08350287828721445
