[2023-02-17 11:13:54,667][choosing_descriptors][INFO] - There are total of 8 descriptors
[2023-02-17 11:13:54,669][choosing_descriptors][INFO] - Keeping ['cow', 'donkey']
[2023-02-17 11:13:54,671][choosing_descriptors][INFO] - Working on cluster 0
[2023-02-17 11:13:54,672][choosing_descriptors][INFO] - 0 most variance descriptor - lion
[2023-02-17 11:13:54,673][choosing_descriptors][INFO] - Adding lion to chosen descriptors
[2023-02-17 11:13:54,673][choosing_descriptors][INFO] - donkey already chosen
[2023-02-17 11:13:54,673][choosing_descriptors][INFO] - 2 most variance descriptor - hippo
[2023-02-17 11:13:54,674][choosing_descriptors][INFO] - hippo is correlated with lion with corr 0.6057585149506216
[2023-02-17 11:13:54,675][choosing_descriptors][INFO] - currently chosen descriptors: {'donkey': {'variance': 0.7053732937896173}, 'lion': {'variance': 1.6689825867907955}}
[2023-02-17 11:13:54,675][choosing_descriptors][INFO] - Finished cluster 0
[2023-02-17 11:13:54,675][choosing_descriptors][INFO] - Working on cluster 1
[2023-02-17 11:13:54,675][choosing_descriptors][INFO] - cow already chosen
[2023-02-17 11:13:54,676][choosing_descriptors][INFO] - 1 most variance descriptor - horse
[2023-02-17 11:13:54,676][choosing_descriptors][INFO] - horse is correlated with cow with corr 0.7813107224751353
[2023-02-17 11:13:54,677][choosing_descriptors][INFO] - 2 most variance descriptor - cat
[2023-02-17 11:13:54,677][choosing_descriptors][INFO] - Adding cat to chosen descriptors
[2023-02-17 11:13:54,678][choosing_descriptors][INFO] - 3 most variance descriptor - dog
[2023-02-17 11:13:54,679][choosing_descriptors][INFO] - Adding dog to chosen descriptors
[2023-02-17 11:13:54,679][choosing_descriptors][INFO] - currently chosen descriptors: {'cow': {'variance': 1.2233940393449785}, 'cat': {'variance': 0.6050872334525498}, 'dog': {'variance': 0.26851903193138627}}
[2023-02-17 11:13:54,680][choosing_descriptors][INFO] - Finished cluster 1
[2023-02-17 11:13:54,680][choosing_descriptors][INFO] - There are 5 chosen descriptors in initial filter
[2023-02-17 11:13:54,680][choosing_descriptors][INFO] - chosen descriptors: [['donkey', 'lion'], ['cow', 'cat', 'dog']]
[2023-02-17 11:13:54,680][choosing_descriptors][INFO] - Final filter
[2023-02-17 11:13:54,682][choosing_descriptors][INFO] - Descriptor cow has variance 1.2233940393449785
[2023-02-17 11:13:54,684][choosing_descriptors][INFO] - Descriptor cow is correlated with donkey with correlation 0.7897605127278374
[2023-02-17 11:13:55,910][choosing_descriptors][INFO] - Descriptor donkey has variance 0.7053732937896173
[2023-02-17 11:13:55,911][choosing_descriptors][INFO] - Descriptor donkey is correlated with cow with correlation 0.7897605127278374
[2023-02-17 11:13:55,911][choosing_descriptors][INFO] - Descriptor cat has variance 0.6050872334525498
[2023-02-17 11:13:55,912][choosing_descriptors][INFO] - Descriptor dog has variance 0.26851903193138627
