[2023-01-28 14:02:26,636][choosing_descriptors][INFO] - There are total of 29 descriptors
[2023-01-28 14:02:26,638][choosing_descriptors][INFO] - Working on cluster 0
[2023-01-28 14:02:26,638][choosing_descriptors][INFO] - 0 most variance descriptor - pear shaped
[2023-01-28 14:02:26,638][choosing_descriptors][INFO] - Adding pear shaped to chosen descriptors
[2023-01-28 14:02:26,638][choosing_descriptors][INFO] - 1 most variance descriptor - curvy
[2023-01-28 14:02:26,639][choosing_descriptors][INFO] - curvy is correlated with pear shaped with corr 0.9145526070490186
[2023-01-28 14:02:26,639][choosing_descriptors][INFO] - 2 most variance descriptor - long legs
[2023-01-28 14:02:26,640][choosing_descriptors][INFO] - long legs is correlated with pear shaped with corr -0.8091543412297694
[2023-01-28 14:02:26,640][choosing_descriptors][INFO] - 3 most variance descriptor - stocky
[2023-01-28 14:02:26,641][choosing_descriptors][INFO] - stocky is correlated with pear shaped with corr 0.8277047627090216
[2023-01-28 14:02:26,641][choosing_descriptors][INFO] - 4 most variance descriptor - round apple
[2023-01-28 14:02:26,642][choosing_descriptors][INFO] - round apple is correlated with pear shaped with corr 0.8658688041063869
[2023-01-28 14:02:26,642][choosing_descriptors][INFO] - 5 most variance descriptor - short legs
[2023-01-28 14:02:26,642][choosing_descriptors][INFO] - short legs is correlated with pear shaped with corr -0.7106315073859686
[2023-01-28 14:02:26,642][choosing_descriptors][INFO] - 6 most variance descriptor - petite
[2023-01-28 14:02:26,643][choosing_descriptors][INFO] - Adding petite to chosen descriptors
[2023-01-28 14:02:26,643][choosing_descriptors][INFO] - 7 most variance descriptor - lean
[2023-01-28 14:02:26,644][choosing_descriptors][INFO] - Adding lean to chosen descriptors
[2023-01-28 14:02:26,645][choosing_descriptors][INFO] - 8 most variance descriptor - small
[2023-01-28 14:02:26,647][choosing_descriptors][INFO] - small is correlated with lean with corr 0.612123154306054
[2023-01-28 14:02:26,647][choosing_descriptors][INFO] - 9 most variance descriptor - sturdy
[2023-01-28 14:02:26,648][choosing_descriptors][INFO] - sturdy is correlated with pear shaped with corr 0.7468319676255393
[2023-01-28 14:02:26,648][choosing_descriptors][INFO] - 10 most variance descriptor - muscular
[2023-01-28 14:02:26,650][choosing_descriptors][INFO] - muscular is correlated with lean with corr 0.6440051075915637
[2023-01-28 14:02:26,651][choosing_descriptors][INFO] - 11 most variance descriptor - short
[2023-01-28 14:02:26,652][choosing_descriptors][INFO] - short is correlated with petite with corr 0.6467010961623147
[2023-01-28 14:02:26,652][choosing_descriptors][INFO] - 12 most variance descriptor - fit
[2023-01-28 14:02:26,655][choosing_descriptors][INFO] - Adding fit to chosen descriptors
[2023-01-28 14:02:26,655][choosing_descriptors][INFO] - currently chosen descriptors: {'pear shaped': {'variance': 0.7568554609077591}, 'petite': {'variance': 0.10703590650008335}, 'lean': {'variance': 0.09728617153526002}, 'fit': {'variance': 0.058001631810212784}}
[2023-01-28 14:02:26,655][choosing_descriptors][INFO] - Finished cluster 0
[2023-01-28 14:02:26,655][choosing_descriptors][INFO] - Working on cluster 1
[2023-01-28 14:02:26,656][choosing_descriptors][INFO] - 0 most variance descriptor - long torso
[2023-01-28 14:02:26,656][choosing_descriptors][INFO] - Adding long torso to chosen descriptors
[2023-01-28 14:02:26,656][choosing_descriptors][INFO] - 1 most variance descriptor - short torso
[2023-01-28 14:02:26,657][choosing_descriptors][INFO] - short torso is correlated with long torso with corr 0.6910622423950147
[2023-01-28 14:02:26,657][choosing_descriptors][INFO] - currently chosen descriptors: {'long torso': {'variance': 0.14417044263778034}}
[2023-01-28 14:02:26,657][choosing_descriptors][INFO] - Finished cluster 1
[2023-01-28 14:02:26,657][choosing_descriptors][INFO] - Working on cluster 2
[2023-01-28 14:02:26,657][choosing_descriptors][INFO] - 0 most variance descriptor - tall
[2023-01-28 14:02:26,657][choosing_descriptors][INFO] - Adding tall to chosen descriptors
[2023-01-28 14:02:26,657][choosing_descriptors][INFO] - 1 most variance descriptor - skinny
[2023-01-28 14:02:26,658][choosing_descriptors][INFO] - skinny is correlated with tall with corr 0.7125695527485595
[2023-01-28 14:02:26,658][choosing_descriptors][INFO] - 2 most variance descriptor - proportioned
[2023-01-28 14:02:26,659][choosing_descriptors][INFO] - proportioned is correlated with tall with corr 0.6340415903646986
[2023-01-28 14:02:26,659][choosing_descriptors][INFO] - currently chosen descriptors: {'tall': {'variance': 0.1404763882882836}}
[2023-01-28 14:02:26,659][choosing_descriptors][INFO] - Finished cluster 2
[2023-01-28 14:02:26,659][choosing_descriptors][INFO] - Working on cluster 3
[2023-01-28 14:02:26,660][choosing_descriptors][INFO] - 0 most variance descriptor - long
[2023-01-28 14:02:26,660][choosing_descriptors][INFO] - Adding long to chosen descriptors
[2023-01-28 14:02:26,660][choosing_descriptors][INFO] - currently chosen descriptors: {'long': {'variance': 0.1103522800786026}}
[2023-01-28 14:02:26,660][choosing_descriptors][INFO] - Finished cluster 3
[2023-01-28 14:02:26,660][choosing_descriptors][INFO] - Working on cluster 4
[2023-01-28 14:02:26,661][choosing_descriptors][INFO] - 0 most variance descriptor - narrow waist
[2023-01-28 14:02:26,661][choosing_descriptors][INFO] - Adding narrow waist to chosen descriptors
[2023-01-28 14:02:26,661][choosing_descriptors][INFO] - currently chosen descriptors: {'narrow waist': {'variance': 0.08706731627556405}}
[2023-01-28 14:02:26,661][choosing_descriptors][INFO] - Finished cluster 4
[2023-01-28 14:02:26,661][choosing_descriptors][INFO] - Working on cluster 5
[2023-01-28 14:02:26,661][choosing_descriptors][INFO] - 0 most variance descriptor - fat
[2023-01-28 14:02:26,662][choosing_descriptors][INFO] - Adding fat to chosen descriptors
[2023-01-28 14:02:26,662][choosing_descriptors][INFO] - 1 most variance descriptor - big
[2023-01-28 14:02:26,662][choosing_descriptors][INFO] - big is correlated with fat with corr 0.9731373103351822
[2023-01-28 14:02:26,662][choosing_descriptors][INFO] - 2 most variance descriptor - heavyset
[2023-01-28 14:02:26,663][choosing_descriptors][INFO] - heavyset is correlated with fat with corr 0.9814392175402243
[2023-01-28 14:02:26,663][choosing_descriptors][INFO] - 3 most variance descriptor - rectangular
[2023-01-28 14:02:26,664][choosing_descriptors][INFO] - Adding rectangular to chosen descriptors
[2023-01-28 14:02:26,664][choosing_descriptors][INFO] - currently chosen descriptors: {'fat': {'variance': 1.3424149605586844}, 'rectangular': {'variance': 0.060694360983826204}}
[2023-01-28 14:02:26,664][choosing_descriptors][INFO] - Finished cluster 5
[2023-01-28 14:02:26,664][choosing_descriptors][INFO] - There are 10 chosen descriptors in initial filter
[2023-01-28 14:02:26,664][choosing_descriptors][INFO] - chosen descriptors: [['pear shaped', 'petite', 'lean', 'fit'], ['long torso'], ['tall'], ['long'], ['narrow waist'], ['fat', 'rectangular']]
[2023-01-28 14:02:26,664][choosing_descriptors][INFO] - Final filter
[2023-01-28 14:02:26,665][choosing_descriptors][INFO] - Descriptor fat has variance 1.3424149605586844
[2023-01-28 14:02:26,666][choosing_descriptors][INFO] - Descriptor fat is correlated with lean with correlation 0.7017970408837239 - removing lean
[2023-01-28 14:02:26,666][choosing_descriptors][INFO] - Descriptor fat is correlated with pear shaped with correlation 0.961670578441374 - removing pear shaped
[2023-01-28 14:02:26,669][choosing_descriptors][INFO] - Descriptor fat is correlated with narrow waist with correlation 0.6713093399863208 - removing narrow waist
[2023-01-28 14:02:26,669][choosing_descriptors][INFO] - Descriptor long torso has variance 0.14417044263778034
[2023-01-28 14:02:26,671][choosing_descriptors][INFO] - Descriptor long torso is correlated with tall with correlation 0.9016607694002744 - removing tall
[2023-01-28 14:02:26,672][choosing_descriptors][INFO] - Descriptor long torso is correlated with long with correlation 0.8689949153373557 - removing long
[2023-01-28 14:02:26,673][choosing_descriptors][INFO] - Descriptor petite has variance 0.10703590650008335
[2023-01-28 14:02:26,676][choosing_descriptors][INFO] - Descriptor rectangular has variance 0.060694360983826204
[2023-01-28 14:02:26,680][choosing_descriptors][INFO] - Descriptor fit has variance 0.058001631810212784
