[2023-01-20 20:35:04,762][choosing_descriptors][INFO] - There are total of 29 descriptors
[2023-01-20 20:36:01,355][choosing_descriptors][INFO] - Working on cluster 0
[2023-01-20 20:36:01,356][choosing_descriptors][INFO] - 0 most covering descriptor - big
[2023-01-20 20:36:01,356][choosing_descriptors][INFO] - big not in correlations df
[2023-01-20 20:36:01,356][choosing_descriptors][INFO] - 1 most covering descriptor - fit
[2023-01-20 20:36:01,357][choosing_descriptors][INFO] - Adding fit to chosen descriptors
[2023-01-20 20:36:01,358][choosing_descriptors][INFO] - 2 most covering descriptor - narrow waist
[2023-01-20 20:36:01,360][choosing_descriptors][INFO] - narrow waist has high IoU with fit with iou 0.6697779208239459, skipping
[2023-01-20 20:36:01,360][choosing_descriptors][INFO] - 3 most covering descriptor - small
[2023-01-20 20:36:01,362][choosing_descriptors][INFO] - small has high IoU with fit with iou 0.6966406515100102, skipping
[2023-01-20 20:36:01,362][choosing_descriptors][INFO] - 4 most covering descriptor - sturdy
[2023-01-20 20:36:01,365][choosing_descriptors][INFO] - sturdy is correlated with fit with corr 0.5388425741234922
[2023-01-20 20:36:01,365][choosing_descriptors][INFO] - 5 most covering descriptor - short
[2023-01-20 20:36:01,367][choosing_descriptors][INFO] - short has high IoU with fit with iou 0.7267565649396736, skipping
[2023-01-20 20:36:01,367][choosing_descriptors][INFO] - 6 most covering descriptor - heavyset
[2023-01-20 20:36:01,369][choosing_descriptors][INFO] - heavyset has high IoU with fit with iou 0.7639141506002183, skipping
[2023-01-20 20:36:01,370][choosing_descriptors][INFO] - 7 most covering descriptor - pear shaped
[2023-01-20 20:36:01,372][choosing_descriptors][INFO] - Adding pear shaped to chosen descriptors
[2023-01-20 20:36:01,372][choosing_descriptors][INFO] - 8 most covering descriptor - short legs
[2023-01-20 20:36:01,375][choosing_descriptors][INFO] - short legs has high IoU with pear shaped with iou 0.9468892261001516, skipping
[2023-01-20 20:36:01,375][choosing_descriptors][INFO] - 9 most covering descriptor - sexy
[2023-01-20 20:36:01,378][choosing_descriptors][INFO] - sexy has high IoU with pear shaped with iou 0.923154701718908, skipping
[2023-01-20 20:36:01,378][choosing_descriptors][INFO] - 10 most covering descriptor - attractive
[2023-01-20 20:36:01,380][choosing_descriptors][INFO] - attractive has high IoU with pear shaped with iou 0.9330949948927476, skipping
[2023-01-20 20:36:01,380][choosing_descriptors][INFO] - 11 most covering descriptor - rectangular
[2023-01-20 20:36:01,382][choosing_descriptors][INFO] - rectangular has high IoU with pear shaped with iou 0.90194075587334, skipping
[2023-01-20 20:36:01,382][choosing_descriptors][INFO] - 12 most covering descriptor - skinny
[2023-01-20 20:36:01,384][choosing_descriptors][INFO] - skinny has high IoU with pear shaped with iou 0.7976673427991886, skipping
[2023-01-20 20:36:01,385][choosing_descriptors][INFO] - 13 most covering descriptor - built
[2023-01-20 20:36:01,387][choosing_descriptors][INFO] - Adding built to chosen descriptors
[2023-01-20 20:36:01,387][choosing_descriptors][INFO] - 14 most covering descriptor - tall
[2023-01-20 20:36:01,390][choosing_descriptors][INFO] - tall has high IoU with pear shaped with iou 0.6323304436511984, skipping
[2023-01-20 20:36:01,390][choosing_descriptors][INFO] - 15 most covering descriptor - muscular
[2023-01-20 20:36:01,393][choosing_descriptors][INFO] - muscular has high IoU with pear shaped with iou 0.5992003998001, skipping
[2023-01-20 20:36:01,393][choosing_descriptors][INFO] - 16 most covering descriptor - long
[2023-01-20 20:36:01,395][choosing_descriptors][INFO] - long has high IoU with pear shaped with iou 0.5556690500510725, skipping
[2023-01-20 20:36:01,396][choosing_descriptors][INFO] - 17 most covering descriptor - lean
[2023-01-20 20:36:01,398][choosing_descriptors][INFO] - lean has high IoU with pear shaped with iou 0.5556690500510725, skipping
[2023-01-20 20:36:01,398][choosing_descriptors][INFO] - 18 most covering descriptor - proportioned
[2023-01-20 20:36:01,400][choosing_descriptors][INFO] - proportioned has high IoU with pear shaped with iou 0.5454545454545454, skipping
[2023-01-20 20:36:01,400][choosing_descriptors][INFO] - 19 most covering descriptor - masculine
[2023-01-20 20:36:01,403][choosing_descriptors][INFO] - masculine is correlated with fit with corr 0.6198775700144641
[2023-01-20 20:36:01,403][choosing_descriptors][INFO] - 20 most covering descriptor - curvy
[2023-01-20 20:36:01,407][choosing_descriptors][INFO] - curvy is correlated with pear shaped with corr 0.9145364748020889
[2023-01-20 20:36:01,407][choosing_descriptors][INFO] - 21 most covering descriptor - petite
[2023-01-20 20:36:01,410][choosing_descriptors][INFO] - Adding petite to chosen descriptors
[2023-01-20 20:36:01,411][choosing_descriptors][INFO] - 22 most covering descriptor - broad shoulders
[2023-01-20 20:36:01,414][choosing_descriptors][INFO] - broad shoulders has high IoU with petite with iou 0.6410635155096012, skipping
[2023-01-20 20:36:01,414][choosing_descriptors][INFO] - 23 most covering descriptor - stocky
[2023-01-20 20:36:01,418][choosing_descriptors][INFO] - stocky has high IoU with petite with iou 0.5493562231759657, skipping
[2023-01-20 20:36:01,418][choosing_descriptors][INFO] - 24 most covering descriptor - short torso
[2023-01-20 20:36:01,423][choosing_descriptors][INFO] - Adding short torso to chosen descriptors
[2023-01-20 20:36:01,423][choosing_descriptors][INFO] - 25 most covering descriptor - long legs
[2023-01-20 20:36:01,428][choosing_descriptors][INFO] - long legs has high IoU with short torso with iou 0.7673913043478261, skipping
[2023-01-20 20:36:01,428][choosing_descriptors][INFO] - 26 most covering descriptor - round apple
[2023-01-20 20:36:01,433][choosing_descriptors][INFO] - round apple has high IoU with petite with iou 0.5726950354609929, skipping
[2023-01-20 20:36:01,433][choosing_descriptors][INFO] - 27 most covering descriptor - fat
[2023-01-20 20:36:01,439][choosing_descriptors][INFO] - fat has high IoU with short torso with iou 0.6288888888888889, skipping
[2023-01-20 20:36:01,439][choosing_descriptors][INFO] - 28 most covering descriptor - long torso
[2023-01-20 20:36:01,444][choosing_descriptors][INFO] - long torso is correlated with short torso with corr 0.717333606916391
[2023-01-20 20:36:01,444][choosing_descriptors][INFO] - currently chosen descriptors: {'fit': {'iou': 0.3393458343989525, 'vertex_coverage': 2712}, 'pear shaped': {'iou': 0.46237510228859185, 'vertex_coverage': 1958}, 'built': {'iou': 0.2515878891629045, 'vertex_coverage': 1389}, 'petite': {'iou': 0.2781911587682238, 'vertex_coverage': 561}, 'short torso': {'iou': 0.26086158375521235, 'vertex_coverage': 440}}
[2023-01-20 20:36:01,444][choosing_descriptors][INFO] - Finished cluster 0
[2023-01-20 20:36:01,444][choosing_descriptors][INFO] - There are 5 chosen descriptors
[2023-01-20 20:36:01,444][choosing_descriptors][INFO] - chosen descriptors: [['fit', 'pear shaped', 'built', 'petite', 'short torso']]
