[2023-01-19 22:06:00,922][__main__][INFO] - parameters: Parameter containing:
tensor([[ 0.0700, -0.0700, -0.0700,  0.0700,  0.0700,  0.0700, -0.0700, -0.0700,
         -0.0700,  0.0700]], requires_grad=True)
[2023-01-19 22:06:01,692][__main__][INFO] - parameters: Parameter containing:
tensor([[ 0.0387, -0.0770, -0.0648,  0.0663,  0.1296,  0.0611, -0.0833, -0.0349,
         -0.0525,  0.0593]], requires_grad=True)
[2023-01-19 22:06:02,022][__main__][INFO] - parameters: Parameter containing:
tensor([[ 0.0098, -0.0826, -0.0833,  0.0272,  0.1520,  0.0602, -0.1284, -0.0394,
         -0.0508,  0.0151]], requires_grad=True)
[2023-01-19 22:06:02,331][__main__][INFO] - parameters: Parameter containing:
tensor([[-0.0369, -0.0953, -0.0857, -0.0229,  0.1938,  0.0574, -0.1248, -0.0065,
         -0.0311, -0.0321]], requires_grad=True)
[2023-01-19 22:06:02,631][__main__][INFO] - parameters: Parameter containing:
tensor([[-0.0829, -0.0999, -0.0673, -0.0482,  0.2372,  0.0636, -0.1108,  0.0332,
          0.0105, -0.0862]], requires_grad=True)
[2023-01-19 22:06:02,936][__main__][INFO] - parameters: Parameter containing:
tensor([[-0.1023, -0.1087, -0.0470, -0.0435,  0.2894,  0.0801, -0.0829,  0.0823,
          0.0498, -0.1446]], requires_grad=True)
[2023-01-19 22:06:03,243][__main__][INFO] - parameters: Parameter containing:
tensor([[-0.1243, -0.1063, -0.0258, -0.0541,  0.3213,  0.0831, -0.0683,  0.1232,
          0.0853, -0.2005]], requires_grad=True)
[2023-01-19 22:06:03,546][__main__][INFO] - parameters: Parameter containing:
tensor([[-0.1073, -0.1211, -0.0427, -0.0502,  0.3124,  0.1073, -0.0952,  0.1645,
          0.1211, -0.2536]], requires_grad=True)
[2023-01-19 22:06:03,834][__main__][INFO] - parameters: Parameter containing:
tensor([[-0.0956, -0.1273, -0.0587, -0.0619,  0.3016,  0.1060, -0.1256,  0.2145,
          0.1484, -0.3008]], requires_grad=True)
[2023-01-19 22:06:04,156][__main__][INFO] - parameters: Parameter containing:
tensor([[-0.0845, -0.1433, -0.0803, -0.0794,  0.2925,  0.1118, -0.1575,  0.2610,
          0.1578, -0.3404]], requires_grad=True)
[2023-01-19 22:06:04,453][__main__][INFO] - parameters: Parameter containing:
tensor([[-0.0823, -0.1519, -0.0932, -0.0895,  0.2806,  0.1199, -0.1894,  0.3095,
          0.1610, -0.3820]], requires_grad=True)
[2023-01-19 22:06:04,768][__main__][INFO] - parameters: Parameter containing:
tensor([[-0.0747, -0.1575, -0.1119, -0.0976,  0.2600,  0.1315, -0.2279,  0.3558,
          0.1595, -0.4279]], requires_grad=True)
[2023-01-19 22:06:05,061][__main__][INFO] - parameters: Parameter containing:
tensor([[-0.0720, -0.1652, -0.1254, -0.1092,  0.2450,  0.1506, -0.2570,  0.3956,
          0.1656, -0.4715]], requires_grad=True)
[2023-01-19 22:06:05,354][__main__][INFO] - parameters: Parameter containing:
tensor([[-0.0755, -0.1743, -0.1294, -0.1228,  0.2394,  0.1702, -0.2695,  0.4382,
          0.1836, -0.5169]], requires_grad=True)
[2023-01-19 22:06:05,650][__main__][INFO] - parameters: Parameter containing:
tensor([[-0.0901, -0.1789, -0.1217, -0.1369,  0.2399,  0.1879, -0.2735,  0.4868,
          0.2183, -0.5668]], requires_grad=True)
[2023-01-19 22:06:05,935][__main__][INFO] - parameters: Parameter containing:
tensor([[-0.1065, -0.1937, -0.1199, -0.1468,  0.2455,  0.2086, -0.2765,  0.5207,
          0.2361, -0.5855]], requires_grad=True)
[2023-01-19 22:06:06,237][__main__][INFO] - parameters: Parameter containing:
tensor([[-0.1292, -0.1995, -0.1042, -0.1548,  0.2566,  0.2228, -0.2673,  0.5558,
          0.2589, -0.5999]], requires_grad=True)
[2023-01-19 22:06:06,540][__main__][INFO] - parameters: Parameter containing:
tensor([[-0.1341, -0.2136, -0.0968, -0.1465,  0.2658,  0.2466, -0.2617,  0.5881,
          0.2695, -0.6193]], requires_grad=True)
[2023-01-19 22:06:06,832][__main__][INFO] - parameters: Parameter containing:
tensor([[-0.1404, -0.2218, -0.0885, -0.1405,  0.2667,  0.2696, -0.2616,  0.6251,
          0.2825, -0.6449]], requires_grad=True)
[2023-01-19 22:06:07,136][__main__][INFO] - parameters: Parameter containing:
tensor([[-0.1432, -0.2199, -0.0804, -0.1371,  0.2540,  0.2893, -0.2698,  0.6614,
          0.3039, -0.6639]], requires_grad=True)
[2023-01-19 22:06:07,420][__main__][INFO] - parameters: Parameter containing:
tensor([[-0.1350, -0.2148, -0.0813, -0.1466,  0.2282,  0.3007, -0.2838,  0.6920,
          0.3186, -0.6561]], requires_grad=True)
[2023-01-19 22:06:07,716][__main__][INFO] - parameters: Parameter containing:
tensor([[-0.1184, -0.2143, -0.0923, -0.1597,  0.1983,  0.3143, -0.3047,  0.7098,
          0.3268, -0.6481]], requires_grad=True)
[2023-01-19 22:06:08,008][__main__][INFO] - parameters: Parameter containing:
tensor([[-0.1047, -0.2127, -0.0991, -0.1826,  0.1685,  0.3257, -0.3182,  0.7149,
          0.3390, -0.6345]], requires_grad=True)
[2023-01-19 22:06:08,312][__main__][INFO] - parameters: Parameter containing:
tensor([[-0.1042, -0.2114, -0.0973, -0.2114,  0.1454,  0.3351, -0.3191,  0.7141,
          0.3566, -0.6181]], requires_grad=True)
[2023-01-19 22:06:08,617][__main__][INFO] - parameters: Parameter containing:
tensor([[-0.1124, -0.2057, -0.0920, -0.2436,  0.1248,  0.3413, -0.3156,  0.7044,
          0.3688, -0.6012]], requires_grad=True)
[2023-01-19 22:06:08,922][__main__][INFO] - parameters: Parameter containing:
tensor([[-0.1257, -0.2034, -0.0842, -0.2814,  0.1132,  0.3404, -0.3012,  0.7014,
          0.3814, -0.5808]], requires_grad=True)
[2023-01-19 22:06:09,226][__main__][INFO] - parameters: Parameter containing:
tensor([[-0.1297, -0.1985, -0.0842, -0.3087,  0.0924,  0.3467, -0.2989,  0.6919,
          0.3851, -0.5668]], requires_grad=True)
[2023-01-19 22:06:09,517][__main__][INFO] - parameters: Parameter containing:
tensor([[-0.1202, -0.2033, -0.0947, -0.3289,  0.0706,  0.3566, -0.3006,  0.6707,
          0.3741, -0.5466]], requires_grad=True)
[2023-01-19 22:06:09,802][__main__][INFO] - parameters: Parameter containing:
tensor([[-0.1134, -0.2060, -0.1049, -0.3493,  0.0570,  0.3630, -0.2984,  0.6497,
          0.3573, -0.5418]], requires_grad=True)
[2023-01-19 22:06:10,110][__main__][INFO] - parameters: Parameter containing:
tensor([[-0.1085, -0.1924, -0.1089, -0.3687,  0.0469,  0.3576, -0.2978,  0.6281,
          0.3394, -0.5615]], requires_grad=True)
[2023-01-19 22:06:10,421][__main__][INFO] - parameters: Parameter containing:
tensor([[-0.1133, -0.1726, -0.1020, -0.3754,  0.0484,  0.3471, -0.2931,  0.6185,
          0.3262, -0.5871]], requires_grad=True)
[2023-01-19 22:06:10,722][__main__][INFO] - parameters: Parameter containing:
tensor([[-0.1142, -0.1580, -0.0954, -0.3817,  0.0470,  0.3450, -0.2869,  0.6130,
          0.3199, -0.6123]], requires_grad=True)
[2023-01-19 22:06:11,022][__main__][INFO] - parameters: Parameter containing:
tensor([[-0.1102, -0.1488, -0.0954, -0.3881,  0.0362,  0.3547, -0.2876,  0.6069,
          0.3209, -0.6428]], requires_grad=True)
[2023-01-19 22:06:11,329][__main__][INFO] - parameters: Parameter containing:
tensor([[-0.1034, -0.1378, -0.0972, -0.3944,  0.0224,  0.3649, -0.2905,  0.5934,
          0.3101, -0.6744]], requires_grad=True)
[2023-01-19 22:06:11,617][__main__][INFO] - parameters: Parameter containing:
tensor([[-0.0998, -0.1306, -0.0996, -0.4075,  0.0067,  0.3702, -0.2950,  0.5949,
          0.3032, -0.7038]], requires_grad=True)
[2023-01-19 22:06:11,915][__main__][INFO] - parameters: Parameter containing:
tensor([[-0.0979, -0.1266, -0.1012, -0.4232, -0.0104,  0.3739, -0.2974,  0.6102,
          0.3003, -0.7264]], requires_grad=True)
[2023-01-19 22:06:12,207][__main__][INFO] - parameters: Parameter containing:
tensor([[-0.0928, -0.1318, -0.1060, -0.4290, -0.0279,  0.3890, -0.3044,  0.6307,
          0.3017, -0.7518]], requires_grad=True)
[2023-01-19 22:06:12,536][__main__][INFO] - parameters: Parameter containing:
tensor([[-0.0821, -0.1387, -0.1151, -0.4287, -0.0497,  0.4115, -0.3187,  0.6432,
          0.2970, -0.7837]], requires_grad=True)
[2023-01-19 22:06:12,825][__main__][INFO] - parameters: Parameter containing:
tensor([[-0.0785, -0.1381, -0.1172, -0.4321, -0.0687,  0.4292, -0.3276,  0.6549,
          0.2957, -0.8178]], requires_grad=True)
[2023-01-19 22:06:13,133][__main__][INFO] - parameters: Parameter containing:
tensor([[-0.0836, -0.1190, -0.1051, -0.4337, -0.0878,  0.4362, -0.3319,  0.6626,
          0.3043, -0.8575]], requires_grad=True)
[2023-01-19 22:06:13,431][__main__][INFO] - parameters: Parameter containing:
tensor([[-0.0933, -0.1017, -0.0872, -0.4355, -0.0951,  0.4372, -0.3264,  0.6752,
          0.3146, -0.8973]], requires_grad=True)
[2023-01-19 22:06:13,729][__main__][INFO] - parameters: Parameter containing:
tensor([[-0.0911, -0.1060, -0.0890, -0.4455, -0.1125,  0.4496, -0.3311,  0.6865,
          0.3150, -0.9281]], requires_grad=True)
[2023-01-19 22:06:14,006][__main__][INFO] - parameters: Parameter containing:
tensor([[-0.0908, -0.1233, -0.0960, -0.4677, -0.1259,  0.4597, -0.3309,  0.7097,
          0.3134, -0.9470]], requires_grad=True)
[2023-01-19 22:06:14,299][__main__][INFO] - parameters: Parameter containing:
tensor([[-0.0902, -0.1502, -0.1091, -0.4751, -0.1307,  0.4777, -0.3365,  0.7279,
          0.3003, -0.9646]], requires_grad=True)
[2023-01-19 22:06:14,602][__main__][INFO] - parameters: Parameter containing:
tensor([[-0.1027, -0.1628, -0.1054, -0.4719, -0.1260,  0.4898, -0.3325,  0.7442,
          0.2937, -0.9886]], requires_grad=True)
[2023-01-19 22:06:14,912][__main__][INFO] - parameters: Parameter containing:
tensor([[-0.1241, -0.1602, -0.0878, -0.4578, -0.1083,  0.4817, -0.3219,  0.7591,
          0.2771, -1.0185]], requires_grad=True)
[2023-01-19 22:06:15,216][__main__][INFO] - parameters: Parameter containing:
tensor([[-0.1318, -0.1675, -0.0885, -0.4364, -0.0977,  0.4864, -0.3261,  0.7500,
          0.2404, -1.0465]], requires_grad=True)
[2023-01-19 22:06:15,527][__main__][INFO] - parameters: Parameter containing:
tensor([[-0.1256, -0.1900, -0.1025, -0.4165, -0.0924,  0.5058, -0.3373,  0.7439,
          0.2104, -1.0673]], requires_grad=True)
[2023-01-19 22:06:15,832][__main__][INFO] - parameters: Parameter containing:
tensor([[-0.1351, -0.2013, -0.1054, -0.3980, -0.0810,  0.5164, -0.3476,  0.7472,
          0.1854, -1.0903]], requires_grad=True)
[2023-01-19 22:06:16,127][__main__][INFO] - parameters: Parameter containing:
tensor([[-0.1443, -0.2058, -0.1043, -0.3781, -0.0690,  0.5226, -0.3576,  0.7443,
          0.1643, -1.1149]], requires_grad=True)
[2023-01-19 22:06:16,432][__main__][INFO] - parameters: Parameter containing:
tensor([[-0.1560, -0.2083, -0.1010, -0.3557, -0.0520,  0.5262, -0.3691,  0.7512,
          0.1406, -1.1435]], requires_grad=True)
[2023-01-19 22:06:16,734][__main__][INFO] - parameters: Parameter containing:
tensor([[-0.1657, -0.2091, -0.0978, -0.3385, -0.0410,  0.5256, -0.3836,  0.7579,
          0.1085, -1.1697]], requires_grad=True)
[2023-01-19 22:06:17,034][__main__][INFO] - parameters: Parameter containing:
tensor([[-0.1717, -0.2115, -0.1000, -0.3384, -0.0395,  0.5206, -0.3997,  0.7767,
          0.0829, -1.1927]], requires_grad=True)
[2023-01-19 22:06:17,344][__main__][INFO] - parameters: Parameter containing:
tensor([[-0.1702, -0.2232, -0.1086, -0.3513, -0.0446,  0.5186, -0.4082,  0.7930,
          0.0677, -1.1985]], requires_grad=True)
[2023-01-19 22:06:17,645][__main__][INFO] - parameters: Parameter containing:
tensor([[-0.1643, -0.2370, -0.1239, -0.3683, -0.0535,  0.5142, -0.4202,  0.8057,
          0.0482, -1.1991]], requires_grad=True)
[2023-01-19 22:06:17,945][__main__][INFO] - parameters: Parameter containing:
tensor([[-0.1652, -0.2440, -0.1249, -0.3863, -0.0523,  0.5001, -0.4212,  0.8289,
          0.0423, -1.2010]], requires_grad=True)
[2023-01-19 22:06:18,244][__main__][INFO] - parameters: Parameter containing:
tensor([[-0.1682, -0.2483, -0.1178, -0.3974, -0.0442,  0.4826, -0.4151,  0.8609,
          0.0450, -1.2032]], requires_grad=True)
[2023-01-19 22:06:18,530][__main__][INFO] - parameters: Parameter containing:
tensor([[-0.1639, -0.2614, -0.1140, -0.3973, -0.0310,  0.4771, -0.4083,  0.8915,
          0.0417, -1.2062]], requires_grad=True)
[2023-01-19 22:06:18,834][__main__][INFO] - parameters: Parameter containing:
tensor([[-0.1582, -0.2712, -0.1107, -0.3922, -0.0179,  0.4738, -0.4064,  0.9203,
          0.0325, -1.2181]], requires_grad=True)
[2023-01-19 22:06:19,139][__main__][INFO] - parameters: Parameter containing:
tensor([[-0.1540, -0.2771, -0.1057, -0.3799, -0.0053,  0.4751, -0.4069,  0.9457,
          0.0252, -1.2343]], requires_grad=True)
[2023-01-19 22:06:19,435][__main__][INFO] - parameters: Parameter containing:
tensor([[-0.1477, -0.2783, -0.1018, -0.3776,  0.0063,  0.4739, -0.4048,  0.9584,
          0.0112, -1.2490]], requires_grad=True)
[2023-01-19 22:06:19,725][__main__][INFO] - parameters: Parameter containing:
tensor([[-0.1417, -0.2704, -0.0982, -0.3830,  0.0131,  0.4656, -0.4062,  0.9614,
         -0.0031, -1.2599]], requires_grad=True)
[2023-01-19 22:06:20,034][__main__][INFO] - parameters: Parameter containing:
tensor([[-0.1445, -0.2591, -0.0969, -0.4016,  0.0162,  0.4531, -0.4100,  0.9518,
         -0.0208, -1.2585]], requires_grad=True)
[2023-01-19 22:06:20,327][__main__][INFO] - parameters: Parameter containing:
tensor([[-0.1059, -0.2330, -0.1043, -0.3809,  0.0584,  0.4132, -0.4440,  1.0035,
         -0.0509, -1.3078]], requires_grad=True)
[2023-01-19 22:06:20,621][__main__][INFO] - parameters: Parameter containing:
tensor([[-0.0748, -0.2137, -0.1079, -0.3725,  0.0991,  0.3774, -0.4660,  1.0496,
         -0.0709, -1.3510]], requires_grad=True)
[2023-01-19 22:06:20,921][__main__][INFO] - parameters: Parameter containing:
tensor([[-0.0366, -0.1981, -0.1233, -0.3683,  0.1280,  0.3442, -0.4933,  1.0906,
         -0.0949, -1.3895]], requires_grad=True)
[2023-01-19 22:06:21,217][__main__][INFO] - parameters: Parameter containing:
tensor([[-0.0110, -0.1871, -0.1328, -0.3663,  0.1621,  0.3131, -0.5121,  1.1281,
         -0.1182, -1.4219]], requires_grad=True)
[2023-01-19 22:06:21,521][__main__][INFO] - parameters: Parameter containing:
tensor([[ 0.0112, -0.1814, -0.1400, -0.3668,  0.1951,  0.2868, -0.5253,  1.1654,
         -0.1239, -1.4499]], requires_grad=True)
[2023-01-19 22:06:21,812][__main__][INFO] - parameters: Parameter containing:
tensor([[ 0.0274, -0.1726, -0.1455, -0.3810,  0.2205,  0.2578, -0.5368,  1.1995,
         -0.1134, -1.4706]], requires_grad=True)
[2023-01-19 22:06:22,112][__main__][INFO] - parameters: Parameter containing:
tensor([[ 0.0464, -0.1762, -0.1596, -0.3880,  0.2437,  0.2371, -0.5547,  1.2318,
         -0.1086, -1.4891]], requires_grad=True)
[2023-01-19 22:06:22,403][__main__][INFO] - parameters: Parameter containing:
tensor([[ 0.0437, -0.1842, -0.1609, -0.3673,  0.2765,  0.2219, -0.5768,  1.2666,
         -0.1020, -1.4776]], requires_grad=True)
[2023-01-19 22:06:22,690][__main__][INFO] - parameters: Parameter containing:
tensor([[ 0.0399, -0.1946, -0.1634, -0.3609,  0.2998,  0.2110, -0.5991,  1.3040,
         -0.0729, -1.4681]], requires_grad=True)
[2023-01-19 22:06:22,996][__main__][INFO] - parameters: Parameter containing:
tensor([[ 0.0294, -0.2005, -0.1598, -0.3592,  0.3215,  0.2065, -0.6160,  1.3371,
         -0.0439, -1.4631]], requires_grad=True)
[2023-01-19 22:06:23,287][__main__][INFO] - parameters: Parameter containing:
tensor([[ 0.0137, -0.1993, -0.1514, -0.3575,  0.3404,  0.2037, -0.6323,  1.3621,
         -0.0244, -1.4595]], requires_grad=True)
[2023-01-19 22:06:23,585][__main__][INFO] - parameters: Parameter containing:
tensor([[ 0.0104, -0.1943, -0.1502, -0.3450,  0.3609,  0.1974, -0.6553,  1.3839,
         -0.0248, -1.4627]], requires_grad=True)
[2023-01-19 22:06:23,894][__main__][INFO] - parameters: Parameter containing:
tensor([[ 0.0213, -0.2086, -0.1653, -0.3361,  0.3744,  0.2068, -0.6799,  1.4060,
         -0.0106, -1.4649]], requires_grad=True)
[2023-01-19 22:06:24,184][__main__][INFO] - parameters: Parameter containing:
tensor([[ 0.0289, -0.2147, -0.1730, -0.3233,  0.3925,  0.2114, -0.6982,  1.4199,
         -0.0069, -1.4652]], requires_grad=True)
[2023-01-19 22:06:24,471][__main__][INFO] - parameters: Parameter containing:
tensor([[ 0.0272, -0.2094, -0.1720, -0.3148,  0.3983,  0.2214, -0.7226,  1.4312,
          0.0174, -1.4646]], requires_grad=True)
[2023-01-19 22:06:24,766][__main__][INFO] - parameters: Parameter containing:
tensor([[ 0.0234, -0.2058, -0.1709, -0.3139,  0.4053,  0.2286, -0.7436,  1.4411,
          0.0402, -1.4649]], requires_grad=True)
[2023-01-19 22:06:25,063][__main__][INFO] - parameters: Parameter containing:
tensor([[ 0.0257, -0.2067, -0.1720, -0.3069,  0.4204,  0.2333, -0.7587,  1.4476,
          0.0525, -1.4618]], requires_grad=True)
[2023-01-19 22:06:25,368][__main__][INFO] - parameters: Parameter containing:
tensor([[ 0.0349, -0.2184, -0.1845, -0.3002,  0.4343,  0.2419, -0.7765,  1.4521,
          0.0517, -1.4591]], requires_grad=True)
[2023-01-19 22:06:25,660][__main__][INFO] - parameters: Parameter containing:
tensor([[ 0.0396, -0.2273, -0.1897, -0.3051,  0.4528,  0.2400, -0.7781,  1.4553,
          0.0497, -1.4493]], requires_grad=True)
[2023-01-19 22:06:25,963][__main__][INFO] - parameters: Parameter containing:
tensor([[ 0.0400, -0.2309, -0.1898, -0.3072,  0.4694,  0.2368, -0.7812,  1.4577,
          0.0446, -1.4414]], requires_grad=True)
[2023-01-19 22:06:26,261][__main__][INFO] - parameters: Parameter containing:
tensor([[ 0.0404, -0.2307, -0.1909, -0.3129,  0.4779,  0.2337, -0.7908,  1.4594,
          0.0419, -1.4367]], requires_grad=True)
[2023-01-19 22:06:26,560][__main__][INFO] - parameters: Parameter containing:
tensor([[ 0.0394, -0.2180, -0.1844, -0.3245,  0.4789,  0.2247, -0.7992,  1.4595,
          0.0420, -1.4296]], requires_grad=True)
[2023-01-19 22:06:26,869][__main__][INFO] - parameters: Parameter containing:
tensor([[ 0.0330, -0.2021, -0.1713, -0.3359,  0.4788,  0.2185, -0.8039,  1.4598,
          0.0496, -1.4236]], requires_grad=True)
[2023-01-19 22:06:27,163][__main__][INFO] - parameters: Parameter containing:
tensor([[ 0.0355, -0.1937, -0.1697, -0.3451,  0.4781,  0.2186, -0.8153,  1.4589,
          0.0451, -1.4234]], requires_grad=True)
[2023-01-19 22:06:27,467][__main__][INFO] - parameters: Parameter containing:
tensor([[ 0.0411, -0.1972, -0.1756, -0.3480,  0.4824,  0.2279, -0.8306,  1.4585,
          0.0280, -1.4260]], requires_grad=True)
[2023-01-19 22:06:27,747][__main__][INFO] - parameters: Parameter containing:
tensor([[ 0.0288, -0.1991, -0.1632, -0.3431,  0.5019,  0.2356, -0.8309,  1.4618,
          0.0218, -1.4293]], requires_grad=True)
[2023-01-19 22:06:28,042][__main__][INFO] - parameters: Parameter containing:
tensor([[ 0.0290, -0.2041, -0.1595, -0.3311,  0.5257,  0.2452, -0.8322,  1.4619,
          0.0021, -1.4385]], requires_grad=True)
[2023-01-19 22:06:28,354][__main__][INFO] - parameters: Parameter containing:
tensor([[ 0.0374, -0.2053, -0.1591, -0.3207,  0.5425,  0.2525, -0.8338,  1.4583,
         -0.0064, -1.4432]], requires_grad=True)
[2023-01-19 22:06:28,660][__main__][INFO] - parameters: Parameter containing:
tensor([[ 0.0398, -0.1979, -0.1542, -0.3071,  0.5589,  0.2515, -0.8378,  1.4520,
         -0.0285, -1.4486]], requires_grad=True)
[2023-01-19 22:06:28,964][__main__][INFO] - parameters: Parameter containing:
tensor([[ 0.0402, -0.1900, -0.1487, -0.3003,  0.5694,  0.2473, -0.8438,  1.4491,
         -0.0400, -1.4525]], requires_grad=True)
[2023-01-19 22:06:29,267][__main__][INFO] - parameters: Parameter containing:
tensor([[ 0.0421, -0.1885, -0.1473, -0.2996,  0.5781,  0.2419, -0.8509,  1.4503,
         -0.0408, -1.4540]], requires_grad=True)
[2023-01-19 22:06:29,562][__main__][INFO] - parameters: Parameter containing:
tensor([[ 0.0469, -0.1942, -0.1510, -0.3061,  0.5860,  0.2344, -0.8580,  1.4556,
         -0.0344, -1.4562]], requires_grad=True)
[2023-01-19 22:06:29,857][__main__][INFO] - parameters: Parameter containing:
tensor([[ 0.0493, -0.1970, -0.1519, -0.3209,  0.5873,  0.2247, -0.8647,  1.4647,
         -0.0150, -1.4592]], requires_grad=True)
[2023-01-19 22:06:30,170][__main__][INFO] - parameters: Parameter containing:
tensor([[ 0.0454, -0.2007, -0.1464, -0.3356,  0.5901,  0.2142, -0.8684,  1.4781,
          0.0095, -1.4601]], requires_grad=True)
[2023-01-19 22:06:30,472][__main__][INFO] - parameters: Parameter containing:
tensor([[ 0.0514, -0.2185, -0.1530, -0.3493,  0.5923,  0.2145, -0.8769,  1.4928,
          0.0294, -1.4619]], requires_grad=True)
[2023-01-19 22:06:30,787][__main__][INFO] - parameters: Parameter containing:
tensor([[ 0.0467, -0.2252, -0.1447, -0.3561,  0.5992,  0.2143, -0.8793,  1.5066,
          0.0568, -1.4675]], requires_grad=True)
[2023-01-19 22:06:31,088][__main__][INFO] - parameters: Parameter containing:
tensor([[ 0.0484, -0.2250, -0.1367, -0.3598,  0.6022,  0.2171, -0.8835,  1.5154,
          0.0829, -1.4762]], requires_grad=True)
[2023-01-19 22:06:31,377][__main__][INFO] - parameters: Parameter containing:
tensor([[ 0.0576, -0.2231, -0.1360, -0.3622,  0.5961,  0.2283, -0.8969,  1.5204,
          0.1097, -1.4868]], requires_grad=True)
[2023-01-19 22:06:31,680][__main__][INFO] - parameters: Parameter containing:
tensor([[ 0.0557, -0.2261, -0.1294, -0.3544,  0.5988,  0.2466, -0.9088,  1.5269,
          0.1364, -1.4918]], requires_grad=True)
[2023-01-19 22:06:31,984][__main__][INFO] - parameters: Parameter containing:
tensor([[ 0.0536, -0.2366, -0.1273, -0.3488,  0.6050,  0.2684, -0.9205,  1.5337,
          0.1538, -1.4972]], requires_grad=True)
[2023-01-19 22:06:32,284][__main__][INFO] - parameters: Parameter containing:
tensor([[ 0.0522, -0.2454, -0.1218, -0.3351,  0.6187,  0.2894, -0.9278,  1.5382,
          0.1646, -1.5048]], requires_grad=True)
[2023-01-19 22:06:32,575][__main__][INFO] - parameters: Parameter containing:
tensor([[ 0.0502, -0.2552, -0.1162, -0.3189,  0.6380,  0.3039, -0.9314,  1.5426,
          0.1692, -1.5099]], requires_grad=True)
[2023-01-19 22:06:32,898][__main__][INFO] - parameters: Parameter containing:
tensor([[ 0.0502, -0.2526, -0.1106, -0.3034,  0.6443,  0.3146, -0.9447,  1.5443,
          0.1776, -1.5129]], requires_grad=True)
[2023-01-19 22:06:33,218][__main__][INFO] - parameters: Parameter containing:
tensor([[ 0.0568, -0.2591, -0.1141, -0.2913,  0.6517,  0.3186, -0.9541,  1.5455,
          0.1761, -1.5104]], requires_grad=True)
[2023-01-19 22:06:33,552][__main__][INFO] - parameters: Parameter containing:
tensor([[ 0.0463, -0.2520, -0.1020, -0.2909,  0.6595,  0.3089, -0.9538,  1.5485,
          0.1830, -1.5056]], requires_grad=True)
[2023-01-19 22:06:33,873][__main__][INFO] - parameters: Parameter containing:
tensor([[ 0.0426, -0.2505, -0.0974, -0.2955,  0.6677,  0.2922, -0.9526,  1.5542,
          0.1845, -1.4971]], requires_grad=True)
[2023-01-19 22:06:34,181][__main__][INFO] - parameters: Parameter containing:
tensor([[ 0.0485, -0.2538, -0.1030, -0.3023,  0.6720,  0.2760, -0.9594,  1.5634,
          0.1808, -1.4935]], requires_grad=True)
[2023-01-19 22:06:34,478][__main__][INFO] - parameters: Parameter containing:
tensor([[ 0.0589, -0.2645, -0.1151, -0.3174,  0.6746,  0.2546, -0.9622,  1.5748,
          0.1756, -1.4838]], requires_grad=True)
[2023-01-19 22:06:34,773][__main__][INFO] - parameters: Parameter containing:
tensor([[ 0.0612, -0.2714, -0.1194, -0.3329,  0.6818,  0.2319, -0.9588,  1.5868,
          0.1733, -1.4744]], requires_grad=True)
[2023-01-19 22:06:35,085][__main__][INFO] - parameters: Parameter containing:
tensor([[ 0.0593, -0.2717, -0.1158, -0.3516,  0.6879,  0.2098, -0.9496,  1.5980,
          0.1748, -1.4681]], requires_grad=True)
[2023-01-19 22:06:35,381][__main__][INFO] - parameters: Parameter containing:
tensor([[ 0.0625, -0.2637, -0.1105, -0.3567,  0.6850,  0.2017, -0.9512,  1.6043,
          0.1765, -1.4680]], requires_grad=True)
[2023-01-19 22:06:35,679][__main__][INFO] - parameters: Parameter containing:
tensor([[ 0.0770, -0.2585, -0.1121, -0.3612,  0.6728,  0.2053, -0.9567,  1.6059,
          0.1792, -1.4743]], requires_grad=True)
[2023-01-19 22:06:35,976][__main__][INFO] - parameters: Parameter containing:
tensor([[ 0.0821, -0.2614, -0.1069, -0.3611,  0.6763,  0.2110, -0.9489,  1.6084,
          0.1739, -1.4790]], requires_grad=True)
[2023-01-19 22:06:36,312][__main__][INFO] - parameters: Parameter containing:
tensor([[ 0.0726, -0.2673, -0.0899, -0.3482,  0.6953,  0.2142, -0.9304,  1.6138,
          0.1682, -1.4733]], requires_grad=True)
[2023-01-19 22:06:36,634][__main__][INFO] - parameters: Parameter containing:
tensor([[ 0.0589, -0.2905, -0.0736, -0.3265,  0.7274,  0.2178, -0.9025,  1.6218,
          0.1527, -1.4564]], requires_grad=True)
[2023-01-19 22:06:36,933][__main__][INFO] - parameters: Parameter containing:
tensor([[ 0.0458, -0.3061, -0.0545, -0.3069,  0.7556,  0.2172, -0.8732,  1.6270,
          0.1366, -1.4397]], requires_grad=True)
[2023-01-19 22:06:37,223][__main__][INFO] - parameters: Parameter containing:
tensor([[ 0.0375, -0.3167, -0.0373, -0.2811,  0.7787,  0.2172, -0.8493,  1.6261,
          0.1263, -1.4194]], requires_grad=True)
[2023-01-19 22:06:37,513][__main__][INFO] - parameters: Parameter containing:
tensor([[ 0.0308, -0.3278, -0.0204, -0.2543,  0.8035,  0.2117, -0.8236,  1.6254,
          0.1193, -1.3984]], requires_grad=True)
[2023-01-19 22:06:37,844][__main__][INFO] - parameters: Parameter containing:
tensor([[ 0.0332, -0.3433, -0.0113, -0.2326,  0.8256,  0.1993, -0.7988,  1.6264,
          0.1097, -1.3767]], requires_grad=True)
[2023-01-19 22:06:38,158][__main__][INFO] - parameters: Parameter containing:
tensor([[ 0.0407, -0.3631, -0.0118, -0.2208,  0.8391,  0.1853, -0.7795,  1.6285,
          0.0982, -1.3537]], requires_grad=True)
[2023-01-19 22:06:38,450][__main__][INFO] - parameters: Parameter containing:
tensor([[ 0.0458, -0.3737, -0.0105, -0.2164,  0.8420,  0.1691, -0.7652,  1.6329,
          0.0954, -1.3347]], requires_grad=True)
[2023-01-19 22:06:38,744][__main__][INFO] - parameters: Parameter containing:
tensor([[ 0.0514, -0.3769, -0.0099, -0.2091,  0.8380,  0.1494, -0.7586,  1.6367,
          0.0921, -1.3176]], requires_grad=True)
[2023-01-19 22:06:39,032][__main__][INFO] - parameters: Parameter containing:
tensor([[ 0.0583, -0.3796, -0.0123, -0.2075,  0.8276,  0.1283, -0.7558,  1.6410,
          0.0929, -1.3008]], requires_grad=True)
[2023-01-19 22:06:39,351][__main__][INFO] - parameters: Parameter containing:
tensor([[ 0.0677, -0.3753, -0.0233, -0.2109,  0.8060,  0.1052, -0.7711,  1.6405,
          0.0807, -1.2873]], requires_grad=True)
[2023-01-19 22:06:39,642][__main__][INFO] - parameters: Parameter containing:
tensor([[ 0.1191, -0.3463, -0.0543, -0.2557,  0.7496,  0.0696, -0.7864,  1.6211,
          0.0715, -1.3313]], requires_grad=True)
[2023-01-19 22:06:39,962][__main__][INFO] - parameters: Parameter containing:
tensor([[ 0.1671, -0.3274, -0.0925, -0.2956,  0.6959,  0.0374, -0.8084,  1.5980,
          0.0476, -1.3658]], requires_grad=True)
[2023-01-19 22:06:40,258][__main__][INFO] - parameters: Parameter containing:
tensor([[ 2.1232e-01, -3.1002e-01, -1.2821e-01, -3.3482e-01,  6.4803e-01,
          9.5699e-04, -8.2563e-01,  1.5790e+00,  2.7215e-02, -1.3978e+00]],
       requires_grad=True)
[2023-01-19 22:06:40,562][__main__][INFO] - parameters: Parameter containing:
tensor([[ 0.2494, -0.2955, -0.1538, -0.3691,  0.6121, -0.0307, -0.8320,  1.5636,
          0.0124, -1.4277]], requires_grad=True)
[2023-01-19 22:06:40,856][__main__][INFO] - parameters: Parameter containing:
tensor([[ 2.8918e-01, -2.8736e-01, -1.8486e-01, -4.0492e-01,  5.7700e-01,
         -6.0089e-02, -8.4196e-01,  1.5499e+00, -1.1880e-03, -1.4520e+00]],
       requires_grad=True)
[2023-01-19 22:06:41,176][__main__][INFO] - parameters: Parameter containing:
tensor([[ 0.3241, -0.2885, -0.2183, -0.4400,  0.5461, -0.0819, -0.8550,  1.5368,
         -0.0161, -1.4711]], requires_grad=True)
[2023-01-19 22:06:41,479][__main__][INFO] - parameters: Parameter containing:
tensor([[ 0.3595, -0.2948, -0.2583, -0.4717,  0.5126, -0.0955, -0.8786,  1.5214,
         -0.0348, -1.4871]], requires_grad=True)
[2023-01-19 22:06:41,789][__main__][INFO] - parameters: Parameter containing:
tensor([[ 0.3927, -0.3015, -0.2914, -0.4991,  0.4786, -0.1020, -0.8950,  1.5081,
         -0.0406, -1.5028]], requires_grad=True)
[2023-01-19 22:06:42,079][__main__][INFO] - parameters: Parameter containing:
tensor([[ 0.4205, -0.2998, -0.3189, -0.5232,  0.4434, -0.1130, -0.9175,  1.4997,
         -0.0429, -1.5196]], requires_grad=True)
[2023-01-19 22:06:42,373][__main__][INFO] - parameters: Parameter containing:
tensor([[ 0.4409, -0.2971, -0.3347, -0.5385,  0.4220, -0.1253, -0.9265,  1.4903,
         -0.0512, -1.5371]], requires_grad=True)
[2023-01-19 22:06:42,685][__main__][INFO] - parameters: Parameter containing:
tensor([[ 0.4660, -0.3067, -0.3582, -0.5408,  0.4039, -0.1223, -0.9429,  1.4826,
         -0.0622, -1.5559]], requires_grad=True)
[2023-01-19 22:06:42,970][__main__][INFO] - parameters: Parameter containing:
tensor([[ 0.4861, -0.3078, -0.3674, -0.5381,  0.3934, -0.1283, -0.9485,  1.4791,
         -0.0600, -1.5707]], requires_grad=True)
[2023-01-19 22:06:43,280][__main__][INFO] - parameters: Parameter containing:
tensor([[ 0.4999, -0.3001, -0.3715, -0.5397,  0.3840, -0.1406, -0.9539,  1.4725,
         -0.0617, -1.5820]], requires_grad=True)
[2023-01-19 22:06:43,594][__main__][INFO] - parameters: Parameter containing:
tensor([[ 0.5171, -0.2931, -0.3805, -0.5370,  0.3747, -0.1526, -0.9651,  1.4597,
         -0.0737, -1.5893]], requires_grad=True)
[2023-01-19 22:06:43,907][__main__][INFO] - parameters: Parameter containing:
tensor([[ 0.5242, -0.2819, -0.3858, -0.5425,  0.3636, -0.1704, -0.9789,  1.4458,
         -0.0931, -1.5922]], requires_grad=True)
[2023-01-19 22:06:44,212][__main__][INFO] - parameters: Parameter containing:
tensor([[ 0.5340, -0.2782, -0.3983, -0.5476,  0.3476, -0.1806, -0.9988,  1.4307,
         -0.1157, -1.5913]], requires_grad=True)
[2023-01-19 22:06:44,528][__main__][INFO] - parameters: Parameter containing:
tensor([[ 0.5433, -0.2781, -0.4080, -0.5580,  0.3346, -0.1973, -1.0053,  1.4199,
         -0.1349, -1.5862]], requires_grad=True)
[2023-01-19 22:06:44,814][__main__][INFO] - parameters: Parameter containing:
tensor([[ 0.5533, -0.2802, -0.4157, -0.5714,  0.3230, -0.2181, -1.0045,  1.4138,
         -0.1494, -1.5810]], requires_grad=True)
[2023-01-19 22:06:45,104][__main__][INFO] - parameters: Parameter containing:
tensor([[ 0.5617, -0.2836, -0.4213, -0.5871,  0.3136, -0.2457, -0.9997,  1.4132,
         -0.1618, -1.5750]], requires_grad=True)
[2023-01-19 22:06:45,412][__main__][INFO] - parameters: Parameter containing:
tensor([[ 0.5710, -0.2821, -0.4256, -0.5950,  0.3077, -0.2714, -0.9971,  1.4076,
         -0.1866, -1.5731]], requires_grad=True)
[2023-01-19 22:06:45,712][__main__][INFO] - parameters: Parameter containing:
tensor([[ 0.5739, -0.2733, -0.4205, -0.5969,  0.3093, -0.3022, -0.9895,  1.4057,
         -0.2147, -1.5743]], requires_grad=True)
[2023-01-19 22:06:46,000][__main__][INFO] - parameters: Parameter containing:
tensor([[ 0.5845, -0.2727, -0.4238, -0.5944,  0.3086, -0.3200, -0.9865,  1.4036,
         -0.2393, -1.5800]], requires_grad=True)
[2023-01-19 22:06:46,294][__main__][INFO] - parameters: Parameter containing:
tensor([[ 0.5939, -0.2757, -0.4282, -0.5933,  0.3105, -0.3398, -0.9824,  1.4068,
         -0.2641, -1.5860]], requires_grad=True)
[2023-01-19 22:06:46,592][__main__][INFO] - parameters: Parameter containing:
tensor([[ 0.6076, -0.2821, -0.4452, -0.5970,  0.3014, -0.3490, -0.9909,  1.4081,
         -0.2926, -1.5967]], requires_grad=True)
[2023-01-19 22:06:46,922][__main__][INFO] - parameters: Parameter containing:
tensor([[ 0.6105, -0.2899, -0.4501, -0.5995,  0.3051, -0.3657, -0.9854,  1.4119,
         -0.3161, -1.6047]], requires_grad=True)
[2023-01-19 22:06:47,219][__main__][INFO] - parameters: Parameter containing:
tensor([[ 0.5965, -0.2882, -0.4328, -0.6060,  0.3213, -0.3960, -0.9579,  1.4192,
         -0.3342, -1.6144]], requires_grad=True)
[2023-01-19 22:06:47,516][__main__][INFO] - parameters: Parameter containing:
tensor([[ 0.5875, -0.2873, -0.4225, -0.6101,  0.3267, -0.4157, -0.9436,  1.4272,
         -0.3495, -1.6276]], requires_grad=True)
[2023-01-19 22:06:47,803][__main__][INFO] - parameters: Parameter containing:
tensor([[ 0.5835, -0.2808, -0.4169, -0.6052,  0.3224, -0.4302, -0.9467,  1.4357,
         -0.3604, -1.6454]], requires_grad=True)
[2023-01-19 22:06:48,109][__main__][INFO] - parameters: Parameter containing:
tensor([[ 0.5805, -0.2603, -0.4033, -0.5903,  0.3186, -0.4464, -0.9483,  1.4434,
         -0.3675, -1.6650]], requires_grad=True)
[2023-01-19 22:06:48,424][__main__][INFO] - parameters: Parameter containing:
tensor([[ 0.5790, -0.2413, -0.3903, -0.5744,  0.3135, -0.4579, -0.9525,  1.4536,
         -0.3682, -1.6833]], requires_grad=True)
[2023-01-19 22:06:48,718][__main__][INFO] - parameters: Parameter containing:
tensor([[ 0.5785, -0.2287, -0.3782, -0.5571,  0.3174, -0.4654, -0.9470,  1.4606,
         -0.3786, -1.6976]], requires_grad=True)
[2023-01-19 22:06:49,026][__main__][INFO] - parameters: Parameter containing:
tensor([[ 0.5851, -0.2221, -0.3795, -0.5363,  0.3176, -0.4628, -0.9582,  1.4647,
         -0.4024, -1.7188]], requires_grad=True)
[2023-01-19 22:06:49,346][__main__][INFO] - parameters: Parameter containing:
tensor([[ 0.5940, -0.2243, -0.3854, -0.5129,  0.3211, -0.4524, -0.9687,  1.4668,
         -0.4337, -1.7437]], requires_grad=True)
[2023-01-19 22:06:49,647][__main__][INFO] - parameters: Parameter containing:
tensor([[ 0.5983, -0.2338, -0.3891, -0.4972,  0.3280, -0.4368, -0.9667,  1.4629,
         -0.4657, -1.7654]], requires_grad=True)
[2023-01-19 22:06:49,954][__main__][INFO] - parameters: Parameter containing:
tensor([[ 0.5902, -0.2496, -0.3836, -0.4904,  0.3431, -0.4251, -0.9487,  1.4600,
         -0.4920, -1.7760]], requires_grad=True)
[2023-01-19 22:06:50,246][__main__][INFO] - parameters: Parameter containing:
tensor([[ 0.5794, -0.2616, -0.3757, -0.4951,  0.3500, -0.4147, -0.9298,  1.4542,
         -0.5099, -1.7826]], requires_grad=True)
[2023-01-19 22:06:50,544][__main__][INFO] - parameters: Parameter containing:
tensor([[ 0.5714, -0.2680, -0.3688, -0.5052,  0.3486, -0.4032, -0.9144,  1.4496,
         -0.5251, -1.7897]], requires_grad=True)
[2023-01-19 22:06:50,869][__main__][INFO] - parameters: Parameter containing:
tensor([[ 0.5768, -0.2785, -0.3770, -0.5140,  0.3310, -0.3830, -0.9212,  1.4479,
         -0.5338, -1.7979]], requires_grad=True)
[2023-01-19 22:06:51,181][__main__][INFO] - parameters: Parameter containing:
tensor([[ 0.5888, -0.2750, -0.3811, -0.5218,  0.3077, -0.3676, -0.9276,  1.4425,
         -0.5373, -1.8132]], requires_grad=True)
[2023-01-19 22:06:51,487][__main__][INFO] - parameters: Parameter containing:
tensor([[ 0.5970, -0.2610, -0.3777, -0.5256,  0.2875, -0.3587, -0.9313,  1.4366,
         -0.5418, -1.8282]], requires_grad=True)
[2023-01-19 22:06:51,819][__main__][INFO] - parameters: Parameter containing:
tensor([[ 0.5933, -0.2321, -0.3648, -0.5282,  0.2660, -0.3535, -0.9413,  1.4311,
         -0.5450, -1.8467]], requires_grad=True)
[2023-01-19 22:06:52,147][__main__][INFO] - parameters: Parameter containing:
tensor([[ 0.5938, -0.2212, -0.3601, -0.5341,  0.2464, -0.3428, -0.9442,  1.4265,
         -0.5540, -1.8606]], requires_grad=True)
[2023-01-19 22:06:52,454][__main__][INFO] - parameters: Parameter containing:
tensor([[ 0.5927, -0.2265, -0.3570, -0.5436,  0.2341, -0.3304, -0.9316,  1.4173,
         -0.5740, -1.8639]], requires_grad=True)
[2023-01-19 22:06:52,742][__main__][INFO] - parameters: Parameter containing:
tensor([[ 0.5934, -0.2400, -0.3571, -0.5541,  0.2229, -0.3145, -0.9133,  1.4057,
         -0.5997, -1.8617]], requires_grad=True)
[2023-01-19 22:06:53,043][__main__][INFO] - parameters: Parameter containing:
tensor([[ 0.5947, -0.2509, -0.3524, -0.5621,  0.2198, -0.3073, -0.8859,  1.4010,
         -0.6243, -1.8630]], requires_grad=True)
[2023-01-19 22:06:53,374][__main__][INFO] - parameters: Parameter containing:
tensor([[ 0.5910, -0.2475, -0.3354, -0.5673,  0.2199, -0.3154, -0.8553,  1.4038,
         -0.6398, -1.8684]], requires_grad=True)
[2023-01-19 22:06:53,679][__main__][INFO] - parameters: Parameter containing:
tensor([[ 0.5998, -0.2493, -0.3344, -0.5735,  0.2100, -0.3164, -0.8390,  1.4071,
         -0.6559, -1.8742]], requires_grad=True)
[2023-01-19 22:06:53,976][__main__][INFO] - parameters: Parameter containing:
tensor([[ 0.6125, -0.2506, -0.3428, -0.5755,  0.1908, -0.3132, -0.8453,  1.4158,
         -0.6735, -1.8841]], requires_grad=True)
[2023-01-19 22:06:54,257][__main__][INFO] - parameters: Parameter containing:
tensor([[ 0.6000, -0.2416, -0.3286, -0.5564,  0.1946, -0.3191, -0.8424,  1.4302,
         -0.6961, -1.8786]], requires_grad=True)
[2023-01-19 22:06:54,561][__main__][INFO] - parameters: Parameter containing:
tensor([[ 0.5934, -0.2393, -0.3249, -0.5369,  0.1891, -0.3183, -0.8532,  1.4442,
         -0.7147, -1.8693]], requires_grad=True)
[2023-01-19 22:06:54,841][__main__][INFO] - parameters: Parameter containing:
tensor([[ 0.5930, -0.2349, -0.3215, -0.5217,  0.1756, -0.3134, -0.8667,  1.4628,
         -0.7206, -1.8673]], requires_grad=True)
[2023-01-19 22:06:55,148][__main__][INFO] - parameters: Parameter containing:
tensor([[ 0.5929, -0.2410, -0.3184, -0.5084,  0.1629, -0.2998, -0.8725,  1.4811,
         -0.7165, -1.8564]], requires_grad=True)
[2023-01-19 22:06:55,444][__main__][INFO] - parameters: Parameter containing:
tensor([[ 0.5922, -0.2477, -0.3149, -0.5031,  0.1444, -0.2844, -0.8751,  1.4931,
         -0.7007, -1.8375]], requires_grad=True)
[2023-01-19 22:06:55,743][__main__][INFO] - parameters: Parameter containing:
tensor([[ 0.5938, -0.2552, -0.3131, -0.4973,  0.1263, -0.2708, -0.8769,  1.5041,
         -0.6852, -1.8213]], requires_grad=True)
[2023-01-19 22:06:56,044][__main__][INFO] - parameters: Parameter containing:
tensor([[ 0.6015, -0.2710, -0.3245, -0.4935,  0.1046, -0.2543, -0.8869,  1.5106,
         -0.6797, -1.8024]], requires_grad=True)
[2023-01-19 22:06:56,345][__main__][INFO] - parameters: Parameter containing:
tensor([[ 0.5986, -0.2827, -0.3240, -0.4958,  0.0896, -0.2456, -0.8860,  1.5217,
         -0.6674, -1.7832]], requires_grad=True)
[2023-01-19 22:06:56,646][__main__][INFO] - parameters: Parameter containing:
tensor([[ 0.5870, -0.2890, -0.3104, -0.4961,  0.0860, -0.2495, -0.8737,  1.5386,
         -0.6495, -1.7660]], requires_grad=True)
[2023-01-19 22:06:56,956][__main__][INFO] - parameters: Parameter containing:
tensor([[ 0.5858, -0.3045, -0.3122, -0.4918,  0.0793, -0.2411, -0.8738,  1.5493,
         -0.6441, -1.7492]], requires_grad=True)
[2023-01-19 22:06:57,266][__main__][INFO] - parameters: Parameter containing:
tensor([[ 0.5940, -0.3233, -0.3233, -0.4813,  0.0680, -0.2210, -0.8838,  1.5526,
         -0.6435, -1.7320]], requires_grad=True)
[2023-01-19 22:06:57,588][__main__][INFO] - parameters: Parameter containing:
tensor([[ 0.6027, -0.3465, -0.3348, -0.4712,  0.0651, -0.2035, -0.8872,  1.5585,
         -0.6518, -1.7155]], requires_grad=True)
[2023-01-19 22:06:57,876][__main__][INFO] - parameters: Parameter containing:
tensor([[ 0.6095, -0.3590, -0.3418, -0.4593,  0.0620, -0.1914, -0.8914,  1.5614,
         -0.6630, -1.7023]], requires_grad=True)
[2023-01-19 22:06:58,182][__main__][INFO] - parameters: Parameter containing:
tensor([[ 0.6242, -0.3832, -0.3622, -0.4486,  0.0509, -0.1619, -0.9019,  1.5586,
         -0.6784, -1.6921]], requires_grad=True)
[2023-01-19 22:06:58,474][__main__][INFO] - parameters: Parameter containing:
tensor([[ 0.6170, -0.3796, -0.3535, -0.4405,  0.0504, -0.1518, -0.8967,  1.5611,
         -0.6808, -1.6880]], requires_grad=True)
[2023-01-19 22:06:58,774][__main__][INFO] - parameters: Parameter containing:
tensor([[ 0.6130, -0.3867, -0.3512, -0.4289,  0.0578, -0.1413, -0.8917,  1.5656,
         -0.6942, -1.6858]], requires_grad=True)
[2023-01-19 22:06:59,077][__main__][INFO] - parameters: Parameter containing:
tensor([[ 0.6018, -0.3794, -0.3407, -0.4186,  0.0610, -0.1340, -0.8945,  1.5732,
         -0.6968, -1.6904]], requires_grad=True)
[2023-01-19 22:06:59,366][__main__][INFO] - parameters: Parameter containing:
tensor([[ 0.5899, -0.3684, -0.3265, -0.4066,  0.0607, -0.1261, -0.8972,  1.5800,
         -0.6960, -1.6963]], requires_grad=True)
[2023-01-19 22:06:59,674][__main__][INFO] - parameters: Parameter containing:
tensor([[ 0.5847, -0.3626, -0.3175, -0.3867,  0.0574, -0.1054, -0.9058,  1.5857,
         -0.6962, -1.7042]], requires_grad=True)
[2023-01-19 22:06:59,968][__main__][INFO] - parameters: Parameter containing:
tensor([[ 0.5827, -0.3547, -0.3043, -0.3623,  0.0584, -0.0916, -0.9054,  1.5927,
         -0.6963, -1.7115]], requires_grad=True)
[2023-01-19 22:07:00,257][__main__][INFO] - parameters: Parameter containing:
tensor([[ 0.5760, -0.3350, -0.2794, -0.3313,  0.0658, -0.0863, -0.9001,  1.5990,
         -0.6910, -1.7205]], requires_grad=True)
[2023-01-19 22:07:00,568][__main__][INFO] - parameters: Parameter containing:
tensor([[ 0.5825, -0.3252, -0.2698, -0.2959,  0.0629, -0.0646, -0.9062,  1.6016,
         -0.6888, -1.7297]], requires_grad=True)
[2023-01-19 22:07:00,839][__main__][INFO] - parameters: Parameter containing:
tensor([[ 0.6007, -0.3290, -0.2784, -0.2572,  0.0509, -0.0257, -0.9271,  1.5948,
         -0.7004, -1.7323]], requires_grad=True)
[2023-01-19 22:07:01,149][__main__][INFO] - parameters: Parameter containing:
tensor([[ 6.0975e-01, -3.2740e-01, -2.8296e-01, -2.3000e-01,  3.9424e-02,
          7.4462e-04, -9.4494e-01,  1.5908e+00, -7.1226e-01, -1.7342e+00]],
       requires_grad=True)
[2023-01-19 22:07:01,456][__main__][INFO] - parameters: Parameter containing:
tensor([[ 0.6203, -0.3282, -0.2910, -0.2027,  0.0255,  0.0258, -0.9654,  1.5901,
         -0.7261, -1.7354]], requires_grad=True)
[2023-01-19 22:07:01,759][__main__][INFO] - parameters: Parameter containing:
tensor([[ 0.6374, -0.3368, -0.3070, -0.1770,  0.0087,  0.0534, -0.9890,  1.5875,
         -0.7446, -1.7353]], requires_grad=True)
[2023-01-19 22:07:02,068][__main__][INFO] - parameters: Parameter containing:
tensor([[ 6.4561e-01, -3.4472e-01, -3.1189e-01, -1.6556e-01,  1.4775e-03,
          7.3058e-02, -9.8897e-01,  1.5857e+00, -7.5524e-01, -1.7338e+00]],
       requires_grad=True)
[2023-01-19 22:07:02,352][__main__][INFO] - parameters: Parameter containing:
tensor([[ 0.6526, -0.3549, -0.3214, -0.1618, -0.0087,  0.0880, -0.9927,  1.5821,
         -0.7717, -1.7294]], requires_grad=True)
[2023-01-19 22:07:02,660][__main__][INFO] - parameters: Parameter containing:
tensor([[ 0.6487, -0.3517, -0.3150, -0.1611, -0.0122,  0.0915, -0.9843,  1.5844,
         -0.7760, -1.7241]], requires_grad=True)
[2023-01-19 22:07:02,966][__main__][INFO] - parameters: Parameter containing:
tensor([[ 0.6405, -0.3438, -0.3061, -0.1704, -0.0182,  0.0908, -0.9752,  1.5896,
         -0.7741, -1.7197]], requires_grad=True)
[2023-01-19 22:07:03,254][__main__][INFO] - parameters: Parameter containing:
tensor([[ 0.6316, -0.3363, -0.2970, -0.1875, -0.0254,  0.0847, -0.9625,  1.5968,
         -0.7681, -1.7135]], requires_grad=True)
[2023-01-19 22:07:03,543][__main__][INFO] - parameters: Parameter containing:
tensor([[ 0.6156, -0.3224, -0.2805, -0.2103, -0.0283,  0.0708, -0.9423,  1.5999,
         -0.7680, -1.7078]], requires_grad=True)
[2023-01-19 22:07:03,841][__main__][INFO] - parameters: Parameter containing:
tensor([[ 0.5989, -0.3150, -0.2669, -0.2365, -0.0336,  0.0636, -0.9221,  1.6013,
         -0.7728, -1.6991]], requires_grad=True)
[2023-01-19 22:07:04,143][__main__][INFO] - parameters: Parameter containing:
tensor([[ 0.5816, -0.3106, -0.2515, -0.2610, -0.0356,  0.0546, -0.8993,  1.6080,
         -0.7738, -1.6878]], requires_grad=True)
[2023-01-19 22:07:04,448][__main__][INFO] - parameters: Parameter containing:
tensor([[ 0.5703, -0.3082, -0.2475, -0.2870, -0.0459,  0.0423, -0.8914,  1.6150,
         -0.7817, -1.6768]], requires_grad=True)
[2023-01-19 22:07:04,764][__main__][INFO] - parameters: Parameter containing:
tensor([[ 0.5632, -0.3056, -0.2432, -0.3098, -0.0566,  0.0301, -0.8815,  1.6271,
         -0.7858, -1.6690]], requires_grad=True)
[2023-01-19 22:07:05,068][__main__][INFO] - parameters: Parameter containing:
tensor([[ 0.5570, -0.2990, -0.2389, -0.3306, -0.0720,  0.0209, -0.8781,  1.6387,
         -0.7869, -1.6614]], requires_grad=True)
[2023-01-19 22:07:05,374][__main__][INFO] - parameters: Parameter containing:
tensor([[ 0.5540, -0.2949, -0.2387, -0.3453, -0.0881,  0.0171, -0.8812,  1.6476,
         -0.7931, -1.6529]], requires_grad=True)
[2023-01-19 22:07:05,683][__main__][INFO] - parameters: Parameter containing:
tensor([[ 0.5528, -0.2910, -0.2381, -0.3535, -0.1012,  0.0138, -0.8871,  1.6652,
         -0.7902, -1.6511]], requires_grad=True)
[2023-01-19 22:07:05,978][__main__][INFO] - parameters: Parameter containing:
tensor([[ 0.5622, -0.2979, -0.2461, -0.3514, -0.1094,  0.0216, -0.8928,  1.6780,
         -0.8002, -1.6497]], requires_grad=True)
[2023-01-19 22:07:06,269][__main__][INFO] - parameters: Parameter containing:
tensor([[ 0.5780, -0.3051, -0.2546, -0.3410, -0.1174,  0.0354, -0.9020,  1.6964,
         -0.8018, -1.6552]], requires_grad=True)
[2023-01-19 22:07:06,568][__main__][INFO] - parameters: Parameter containing:
tensor([[ 0.5981, -0.3154, -0.2686, -0.3253, -0.1290,  0.0575, -0.9196,  1.7131,
         -0.8024, -1.6622]], requires_grad=True)
[2023-01-19 22:07:06,869][__main__][INFO] - parameters: Parameter containing:
tensor([[ 0.6117, -0.3129, -0.2737, -0.3134, -0.1429,  0.0719, -0.9361,  1.7312,
         -0.7869, -1.6700]], requires_grad=True)
[2023-01-19 22:07:07,173][__main__][INFO] - parameters: Parameter containing:
tensor([[ 0.6264, -0.3136, -0.2816, -0.3081, -0.1592,  0.0922, -0.9492,  1.7409,
         -0.7689, -1.6728]], requires_grad=True)
[2023-01-19 22:07:07,501][__main__][INFO] - parameters: Parameter containing:
tensor([[ 0.6384, -0.3112, -0.2926, -0.3019, -0.1810,  0.1142, -0.9729,  1.7457,
         -0.7577, -1.6776]], requires_grad=True)
[2023-01-19 22:07:07,823][__main__][INFO] - parameters: Parameter containing:
tensor([[ 0.6437, -0.2993, -0.2959, -0.3077, -0.2006,  0.1178, -0.9884,  1.7552,
         -0.7394, -1.6833]], requires_grad=True)
[2023-01-19 22:07:08,125][__main__][INFO] - parameters: Parameter containing:
tensor([[ 0.6361, -0.2659, -0.2862, -0.3314, -0.2215,  0.0929, -1.0006,  1.7683,
         -0.7160, -1.6905]], requires_grad=True)
[2023-01-19 22:07:08,428][__main__][INFO] - parameters: Parameter containing:
tensor([[ 0.6299, -0.2348, -0.2803, -0.3576, -0.2463,  0.0639, -1.0202,  1.7834,
         -0.6927, -1.6947]], requires_grad=True)
[2023-01-19 22:07:08,746][__main__][INFO] - parameters: Parameter containing:
tensor([[ 0.6252, -0.2091, -0.2786, -0.3852, -0.2744,  0.0420, -1.0414,  1.7994,
         -0.6705, -1.6988]], requires_grad=True)
[2023-01-19 22:07:09,071][__main__][INFO] - parameters: Parameter containing:
tensor([[ 0.6271, -0.1942, -0.2824, -0.4101, -0.3000,  0.0299, -1.0588,  1.8091,
         -0.6507, -1.7036]], requires_grad=True)
[2023-01-19 22:07:09,379][__main__][INFO] - parameters: Parameter containing:
tensor([[ 0.6270, -0.1792, -0.2842, -0.4367, -0.3246,  0.0159, -1.0735,  1.8177,
         -0.6294, -1.7095]], requires_grad=True)
[2023-01-19 22:07:09,682][__main__][INFO] - parameters: Parameter containing:
tensor([[ 0.6276, -0.1691, -0.2880, -0.4601, -0.3502,  0.0044, -1.0913,  1.8254,
         -0.6081, -1.7141]], requires_grad=True)
[2023-01-19 22:07:09,997][__main__][INFO] - parameters: Parameter containing:
tensor([[ 0.6276, -0.1652, -0.2916, -0.4786, -0.3688, -0.0028, -1.1044,  1.8272,
         -0.5964, -1.7169]], requires_grad=True)
[2023-01-19 22:07:10,314][__main__][INFO] - parameters: Parameter containing:
tensor([[ 0.6204, -0.1581, -0.2865, -0.4881, -0.3752, -0.0125, -1.1117,  1.8273,
         -0.5913, -1.7208]], requires_grad=True)
[2023-01-19 22:07:10,608][__main__][INFO] - parameters: Parameter containing:
tensor([[ 0.6035, -0.1493, -0.2720, -0.4934, -0.3721, -0.0219, -1.1121,  1.8256,
         -0.5888, -1.7242]], requires_grad=True)
[2023-01-19 22:07:10,912][__main__][INFO] - parameters: Parameter containing:
tensor([[ 0.5921, -0.1488, -0.2628, -0.4949, -0.3622, -0.0223, -1.1098,  1.8247,
         -0.5961, -1.7333]], requires_grad=True)
[2023-01-19 22:07:11,225][__main__][INFO] - parameters: Parameter containing:
tensor([[ 0.5817, -0.1536, -0.2534, -0.4880, -0.3474, -0.0142, -1.1033,  1.8205,
         -0.6058, -1.7413]], requires_grad=True)
[2023-01-19 22:07:11,542][__main__][INFO] - parameters: Parameter containing:
tensor([[ 0.5806, -0.1682, -0.2543, -0.4774, -0.3312, -0.0063, -1.0956,  1.8181,
         -0.6376, -1.7517]], requires_grad=True)
[2023-01-19 22:07:11,848][__main__][INFO] - parameters: Parameter containing:
tensor([[ 0.5845, -0.1814, -0.2562, -0.4649, -0.3184,  0.0022, -1.0854,  1.8142,
         -0.6690, -1.7640]], requires_grad=True)
[2023-01-19 22:07:12,165][__main__][INFO] - parameters: Parameter containing:
tensor([[ 0.5833, -0.1926, -0.2553, -0.4562, -0.3049,  0.0056, -1.0719,  1.8067,
         -0.6967, -1.7701]], requires_grad=True)
[2023-01-19 22:07:12,465][__main__][INFO] - parameters: Parameter containing:
tensor([[ 0.5771, -0.1939, -0.2489, -0.4528, -0.2964,  0.0041, -1.0585,  1.7966,
         -0.7153, -1.7740]], requires_grad=True)
[2023-01-19 22:07:12,770][__main__][INFO] - parameters: Parameter containing:
tensor([[ 0.5676, -0.1907, -0.2415, -0.4495, -0.2886, -0.0026, -1.0501,  1.7914,
         -0.7322, -1.7823]], requires_grad=True)
[2023-01-19 22:07:13,087][__main__][INFO] - parameters: Parameter containing:
tensor([[ 0.5550, -0.1834, -0.2327, -0.4469, -0.2821, -0.0161, -1.0439,  1.7872,
         -0.7598, -1.7924]], requires_grad=True)
[2023-01-19 22:07:13,402][__main__][INFO] - parameters: Parameter containing:
tensor([[ 0.5476, -0.1773, -0.2264, -0.4476, -0.2794, -0.0241, -1.0384,  1.7830,
         -0.7819, -1.8007]], requires_grad=True)
[2023-01-19 22:07:13,716][__main__][INFO] - parameters: Parameter containing:
tensor([[ 0.5348, -0.1617, -0.2113, -0.4524, -0.2736, -0.0412, -1.0251,  1.7817,
         -0.7957, -1.8097]], requires_grad=True)
[2023-01-19 22:07:14,013][__main__][INFO] - parameters: Parameter containing:
tensor([[ 0.5315, -0.1566, -0.2059, -0.4595, -0.2734, -0.0516, -1.0185,  1.7830,
         -0.8057, -1.8163]], requires_grad=True)
[2023-01-19 22:07:14,325][__main__][INFO] - parameters: Parameter containing:
tensor([[ 0.5333, -0.1554, -0.2007, -0.4621, -0.2759, -0.0536, -1.0125,  1.7821,
         -0.8034, -1.8177]], requires_grad=True)
[2023-01-19 22:07:14,630][__main__][INFO] - parameters: Parameter containing:
tensor([[ 0.5397, -0.1618, -0.1975, -0.4604, -0.2729, -0.0483, -1.0028,  1.7834,
         -0.8047, -1.8233]], requires_grad=True)
[2023-01-19 22:07:14,945][__main__][INFO] - parameters: Parameter containing:
tensor([[ 0.5485, -0.1667, -0.1956, -0.4629, -0.2745, -0.0422, -0.9975,  1.7895,
         -0.7937, -1.8297]], requires_grad=True)
[2023-01-19 22:07:15,271][__main__][INFO] - parameters: Parameter containing:
tensor([[ 0.5611, -0.1705, -0.1974, -0.4558, -0.2799, -0.0391, -1.0035,  1.8016,
         -0.7759, -1.8372]], requires_grad=True)
[2023-01-19 22:07:15,574][__main__][INFO] - parameters: Parameter containing:
tensor([[ 0.5738, -0.1775, -0.2034, -0.4557, -0.2866, -0.0374, -1.0108,  1.8175,
         -0.7637, -1.8481]], requires_grad=True)
[2023-01-19 22:07:15,880][__main__][INFO] - parameters: Parameter containing:
tensor([[ 0.5878, -0.1894, -0.2128, -0.4630, -0.2933, -0.0350, -1.0118,  1.8333,
         -0.7560, -1.8621]], requires_grad=True)
[2023-01-19 22:07:16,166][__main__][INFO] - parameters: Parameter containing:
tensor([[ 0.6029, -0.1970, -0.2253, -0.4745, -0.3044, -0.0360, -1.0160,  1.8410,
         -0.7581, -1.8713]], requires_grad=True)
[2023-01-19 22:07:16,477][__main__][INFO] - parameters: Parameter containing:
tensor([[ 0.6187, -0.2020, -0.2394, -0.4838, -0.3212, -0.0333, -1.0288,  1.8452,
         -0.7634, -1.8801]], requires_grad=True)
[2023-01-19 22:07:16,780][__main__][INFO] - parameters: Parameter containing:
tensor([[ 0.6331, -0.1951, -0.2472, -0.4910, -0.3412, -0.0329, -1.0419,  1.8466,
         -0.7604, -1.8971]], requires_grad=True)
[2023-01-19 22:07:17,074][__main__][INFO] - parameters: Parameter containing:
tensor([[ 0.6435, -0.1895, -0.2525, -0.4950, -0.3561, -0.0327, -1.0523,  1.8429,
         -0.7633, -1.9118]], requires_grad=True)
[2023-01-19 22:07:17,358][__main__][INFO] - parameters: Parameter containing:
tensor([[ 0.6510, -0.1810, -0.2549, -0.4985, -0.3700, -0.0383, -1.0613,  1.8347,
         -0.7705, -1.9228]], requires_grad=True)
[2023-01-19 22:07:17,663][__main__][INFO] - parameters: Parameter containing:
tensor([[ 0.6458, -0.1779, -0.2521, -0.5036, -0.3770, -0.0445, -1.0666,  1.8316,
         -0.7771, -1.9279]], requires_grad=True)
[2023-01-19 22:07:17,966][__main__][INFO] - parameters: Parameter containing:
tensor([[ 0.6385, -0.1738, -0.2451, -0.5080, -0.3816, -0.0534, -1.0681,  1.8266,
         -0.7832, -1.9310]], requires_grad=True)
[2023-01-19 22:07:18,284][__main__][INFO] - parameters: Parameter containing:
tensor([[ 0.6243, -0.1692, -0.2345, -0.5122, -0.3791, -0.0680, -1.0705,  1.8262,
         -0.7942, -1.9324]], requires_grad=True)
[2023-01-19 22:07:18,563][__main__][INFO] - parameters: Parameter containing:
tensor([[ 0.5970, -0.1634, -0.2188, -0.5101, -0.3644, -0.0871, -1.0696,  1.8220,
         -0.8164, -1.9215]], requires_grad=True)
[2023-01-19 22:07:18,869][__main__][INFO] - parameters: Parameter containing:
tensor([[ 0.5788, -0.1678, -0.2152, -0.5208, -0.3610, -0.0999, -1.0736,  1.8183,
         -0.8380, -1.9081]], requires_grad=True)
[2023-01-19 22:07:19,164][__main__][INFO] - parameters: Parameter containing:
tensor([[ 0.5593, -0.1806, -0.2161, -0.5252, -0.3543, -0.1093, -1.0765,  1.8150,
         -0.8665, -1.8866]], requires_grad=True)
[2023-01-19 22:07:19,456][__main__][INFO] - parameters: Parameter containing:
tensor([[ 0.5405, -0.1877, -0.2117, -0.5343, -0.3507, -0.1176, -1.0738,  1.8124,
         -0.8899, -1.8634]], requires_grad=True)
[2023-01-19 22:07:19,741][__main__][INFO] - parameters: Parameter containing:
tensor([[ 0.5254, -0.1944, -0.2036, -0.5360, -0.3424, -0.1280, -1.0626,  1.8134,
         -0.9082, -1.8446]], requires_grad=True)
[2023-01-19 22:07:20,057][__main__][INFO] - parameters: Parameter containing:
tensor([[ 0.5184, -0.2080, -0.2012, -0.5218, -0.3343, -0.1296, -1.0559,  1.8137,
         -0.9336, -1.8292]], requires_grad=True)
[2023-01-19 22:07:20,376][__main__][INFO] - parameters: Parameter containing:
tensor([[ 0.5116, -0.2103, -0.1977, -0.5050, -0.3347, -0.1300, -1.0575,  1.8057,
         -0.9664, -1.8174]], requires_grad=True)
[2023-01-19 22:07:20,676][__main__][INFO] - parameters: Parameter containing:
tensor([[ 0.5040, -0.2142, -0.1951, -0.4875, -0.3354, -0.1236, -1.0601,  1.7985,
         -0.9959, -1.8098]], requires_grad=True)
[2023-01-19 22:07:20,977][__main__][INFO] - parameters: Parameter containing:
tensor([[ 0.4972, -0.2211, -0.1962, -0.4802, -0.3413, -0.1151, -1.0653,  1.7985,
         -1.0172, -1.8032]], requires_grad=True)
[2023-01-19 22:07:21,287][__main__][INFO] - parameters: Parameter containing:
tensor([[ 0.4908, -0.2302, -0.2006, -0.4786, -0.3497, -0.1055, -1.0735,  1.8030,
         -1.0416, -1.8037]], requires_grad=True)
[2023-01-19 22:07:21,571][__main__][INFO] - parameters: Parameter containing:
tensor([[ 0.4853, -0.2339, -0.2057, -0.4756, -0.3671, -0.0932, -1.0902,  1.8060,
         -1.0583, -1.8057]], requires_grad=True)
[2023-01-19 22:07:21,883][__main__][INFO] - parameters: Parameter containing:
tensor([[ 0.4825, -0.2337, -0.2082, -0.4669, -0.3843, -0.0812, -1.1072,  1.8157,
         -1.0676, -1.8159]], requires_grad=True)
[2023-01-19 22:07:22,193][__main__][INFO] - parameters: Parameter containing:
tensor([[ 0.4880, -0.2410, -0.2192, -0.4555, -0.4024, -0.0654, -1.1288,  1.8285,
         -1.0739, -1.8256]], requires_grad=True)
[2023-01-19 22:07:22,541][__main__][INFO] - parameters: Parameter containing:
tensor([[ 0.4887, -0.2475, -0.2205, -0.4450, -0.4119, -0.0545, -1.1393,  1.8518,
         -1.0671, -1.8394]], requires_grad=True)
[2023-01-19 22:07:22,860][__main__][INFO] - parameters: Parameter containing:
tensor([[ 0.4888, -0.2570, -0.2200, -0.4316, -0.4144, -0.0473, -1.1465,  1.8808,
         -1.0586, -1.8564]], requires_grad=True)
[2023-01-19 22:07:23,179][__main__][INFO] - parameters: Parameter containing:
tensor([[ 0.4910, -0.2674, -0.2232, -0.4139, -0.4187, -0.0416, -1.1620,  1.9083,
         -1.0543, -1.8734]], requires_grad=True)
[2023-01-19 22:07:23,478][__main__][INFO] - parameters: Parameter containing:
tensor([[ 0.4943, -0.2805, -0.2267, -0.3940, -0.4228, -0.0369, -1.1745,  1.9319,
         -1.0536, -1.8848]], requires_grad=True)
[2023-01-19 22:07:23,791][__main__][INFO] - parameters: Parameter containing:
tensor([[ 0.4961, -0.2896, -0.2282, -0.3831, -0.4300, -0.0354, -1.1814,  1.9498,
         -1.0497, -1.8924]], requires_grad=True)
[2023-01-19 22:07:24,116][__main__][INFO] - parameters: Parameter containing:
tensor([[ 0.4951, -0.2999, -0.2270, -0.3857, -0.4349, -0.0388, -1.1796,  1.9728,
         -1.0388, -1.8998]], requires_grad=True)
[2023-01-19 22:07:24,426][__main__][INFO] - parameters: Parameter containing:
tensor([[ 0.4909, -0.3048, -0.2223, -0.3899, -0.4379, -0.0479, -1.1756,  1.9960,
         -1.0288, -1.9057]], requires_grad=True)
[2023-01-19 22:07:24,738][__main__][INFO] - parameters: Parameter containing:
tensor([[ 0.4831, -0.3059, -0.2139, -0.3941, -0.4370, -0.0598, -1.1695,  2.0214,
         -1.0202, -1.9148]], requires_grad=True)
[2023-01-19 22:07:25,028][__main__][INFO] - parameters: Parameter containing:
tensor([[ 0.4776, -0.3127, -0.2135, -0.4039, -0.4406, -0.0682, -1.1705,  2.0408,
         -1.0206, -1.9206]], requires_grad=True)
[2023-01-19 22:07:25,343][__main__][INFO] - parameters: Parameter containing:
tensor([[ 0.4713, -0.3210, -0.2120, -0.4140, -0.4439, -0.0723, -1.1715,  2.0599,
         -1.0156, -1.9261]], requires_grad=True)
[2023-01-19 22:07:25,660][__main__][INFO] - parameters: Parameter containing:
tensor([[ 0.4692, -0.3287, -0.2128, -0.4202, -0.4507, -0.0670, -1.1758,  2.0773,
         -1.0095, -1.9337]], requires_grad=True)
[2023-01-19 22:07:25,950][__main__][INFO] - parameters: Parameter containing:
tensor([[ 0.4685, -0.3337, -0.2120, -0.4289, -0.4620, -0.0569, -1.1801,  2.0948,
         -0.9963, -1.9444]], requires_grad=True)
[2023-01-19 22:07:26,242][__main__][INFO] - parameters: Parameter containing:
tensor([[ 0.4716, -0.3413, -0.2119, -0.4405, -0.4755, -0.0404, -1.1823,  2.1170,
         -0.9726, -1.9586]], requires_grad=True)
[2023-01-19 22:07:26,553][__main__][INFO] - parameters: Parameter containing:
tensor([[ 0.4726, -0.3466, -0.2082, -0.4511, -0.4889, -0.0231, -1.1814,  2.1403,
         -0.9451, -1.9733]], requires_grad=True)
[2023-01-19 22:07:26,845][__main__][INFO] - parameters: Parameter containing:
tensor([[ 0.4711, -0.3427, -0.1998, -0.4603, -0.5032, -0.0068, -1.1809,  2.1604,
         -0.9175, -1.9934]], requires_grad=True)
[2023-01-19 22:07:27,148][__main__][INFO] - parameters: Parameter containing:
tensor([[ 0.4735, -0.3392, -0.1911, -0.4589, -0.5131,  0.0127, -1.1784,  2.1786,
         -0.8932, -2.0144]], requires_grad=True)
[2023-01-19 22:07:27,455][__main__][INFO] - parameters: Parameter containing:
tensor([[ 0.4799, -0.3359, -0.1859, -0.4615, -0.5304,  0.0318, -1.1769,  2.1986,
         -0.8633, -2.0326]], requires_grad=True)
[2023-01-19 22:07:27,768][__main__][INFO] - parameters: Parameter containing:
tensor([[ 0.4878, -0.3310, -0.1791, -0.4665, -0.5452,  0.0427, -1.1707,  2.2219,
         -0.8318, -2.0497]], requires_grad=True)
[2023-01-19 22:07:28,081][__main__][INFO] - parameters: Parameter containing:
tensor([[ 0.4966, -0.3339, -0.1743, -0.4748, -0.5508,  0.0471, -1.1577,  2.2472,
         -0.8110, -2.0656]], requires_grad=True)
[2023-01-19 22:07:28,427][__main__][INFO] - parameters: Parameter containing:
tensor([[ 0.5016, -0.3404, -0.1701, -0.4871, -0.5538,  0.0492, -1.1430,  2.2719,
         -0.7935, -2.0771]], requires_grad=True)
[2023-01-19 22:07:28,735][__main__][INFO] - parameters: Parameter containing:
tensor([[ 0.5000, -0.3478, -0.1651, -0.5035, -0.5595,  0.0503, -1.1293,  2.2969,
         -0.7743, -2.0849]], requires_grad=True)
