[2023-02-11 16:48:26,153][choosing_descriptors][INFO] - There are total of 19 descriptors
[2023-02-11 16:48:26,154][choosing_descriptors][INFO] - Keeping []
[2023-02-11 16:48:26,155][choosing_descriptors][INFO] - Working on cluster 0
[2023-02-11 16:48:26,156][choosing_descriptors][INFO] - 0 most variance descriptor - fat
[2023-02-11 16:48:26,156][choosing_descriptors][INFO] - Adding fat to chosen descriptors
[2023-02-11 16:48:26,156][choosing_descriptors][INFO] - 1 most variance descriptor - pear shaped
[2023-02-11 16:48:26,157][choosing_descriptors][INFO] - pear shaped is correlated with fat with corr 0.8965023528238563
[2023-02-11 16:48:26,158][choosing_descriptors][INFO] - 2 most variance descriptor - curvy
[2023-02-11 16:48:26,158][choosing_descriptors][INFO] - curvy is correlated with fat with corr 0.7012694162827121
[2023-02-11 16:48:26,159][choosing_descriptors][INFO] - 3 most variance descriptor - sexy
[2023-02-11 16:48:26,159][choosing_descriptors][INFO] - Adding sexy to chosen descriptors
[2023-02-11 16:48:26,160][choosing_descriptors][INFO] - 4 most variance descriptor - big
[2023-02-11 16:48:26,160][choosing_descriptors][INFO] - big is correlated with fat with corr 0.9784414207902542
[2023-02-11 16:48:26,161][choosing_descriptors][INFO] - 5 most variance descriptor - heavyset
[2023-02-11 16:48:26,161][choosing_descriptors][INFO] - heavyset is correlated with fat with corr 0.9630231532058768
[2023-02-11 16:48:26,162][choosing_descriptors][INFO] - 6 most variance descriptor - narrow waist
[2023-02-11 16:48:26,163][choosing_descriptors][INFO] - Adding narrow waist to chosen descriptors
[2023-02-11 16:48:26,164][choosing_descriptors][INFO] - 7 most variance descriptor - short
[2023-02-11 16:48:26,165][choosing_descriptors][INFO] - short is correlated with sexy with corr 0.881682831170003
[2023-02-11 16:48:26,165][choosing_descriptors][INFO] - 8 most variance descriptor - fit
[2023-02-11 16:48:26,168][choosing_descriptors][INFO] - fit is correlated with sexy with corr 0.9350633988565591
[2023-02-11 16:48:26,168][choosing_descriptors][INFO] - 9 most variance descriptor - small
[2023-02-11 16:48:26,171][choosing_descriptors][INFO] - Adding small to chosen descriptors
[2023-02-11 16:48:26,172][choosing_descriptors][INFO] - 10 most variance descriptor - average
[2023-02-11 16:48:26,173][choosing_descriptors][INFO] - average is correlated with sexy with corr 0.6516693012471773
[2023-02-11 16:48:26,173][choosing_descriptors][INFO] - 11 most variance descriptor - lean
[2023-02-11 16:48:26,176][choosing_descriptors][INFO] - Adding lean to chosen descriptors
[2023-02-11 16:48:26,177][choosing_descriptors][INFO] - currently chosen descriptors: {'fat': {'variance': 1.055509642102923}, 'sexy': {'variance': 0.28269468596194386}, 'narrow waist': {'variance': 0.1393862536427073}, 'small': {'variance': 0.0869352006224297}, 'lean': {'variance': 0.06615310678103638}}
[2023-02-11 16:48:26,177][choosing_descriptors][INFO] - Finished cluster 0
[2023-02-11 16:48:26,177][choosing_descriptors][INFO] - Working on cluster 1
[2023-02-11 16:48:26,178][choosing_descriptors][INFO] - 0 most variance descriptor - long legs
[2023-02-11 16:48:26,178][choosing_descriptors][INFO] - Adding long legs to chosen descriptors
[2023-02-11 16:48:26,179][choosing_descriptors][INFO] - 1 most variance descriptor - petite
[2023-02-11 16:48:26,180][choosing_descriptors][INFO] - petite is correlated with long legs with corr 0.8392527905437935
[2023-02-11 16:48:26,180][choosing_descriptors][INFO] - 2 most variance descriptor - tall
[2023-02-11 16:48:26,181][choosing_descriptors][INFO] - tall is correlated with long legs with corr 0.9586513011999399
[2023-02-11 16:48:26,181][choosing_descriptors][INFO] - 3 most variance descriptor - skinny
[2023-02-11 16:48:26,182][choosing_descriptors][INFO] - skinny is correlated with long legs with corr 0.8881447617420118
[2023-02-11 16:48:26,183][choosing_descriptors][INFO] - 4 most variance descriptor - thin
[2023-02-11 16:48:26,184][choosing_descriptors][INFO] - thin is correlated with long legs with corr 0.9045556671272079
[2023-02-11 16:48:26,184][choosing_descriptors][INFO] - 5 most variance descriptor - hourglass
[2023-02-11 16:48:26,185][choosing_descriptors][INFO] - hourglass is correlated with long legs with corr 0.7246271694143277
[2023-02-11 16:48:26,185][choosing_descriptors][INFO] - 6 most variance descriptor - proportioned
[2023-02-11 16:48:26,186][choosing_descriptors][INFO] - Adding proportioned to chosen descriptors
[2023-02-11 16:48:26,186][choosing_descriptors][INFO] - currently chosen descriptors: {'long legs': {'variance': 0.9288777259249178}, 'proportioned': {'variance': 0.09223539940288254}}
[2023-02-11 16:48:26,186][choosing_descriptors][INFO] - Finished cluster 1
[2023-02-11 16:48:26,187][choosing_descriptors][INFO] - There are 7 chosen descriptors in initial filter
[2023-02-11 16:48:26,187][choosing_descriptors][INFO] - chosen descriptors: [['fat', 'sexy', 'narrow waist', 'small', 'lean'], ['long legs', 'proportioned']]
[2023-02-11 16:48:26,187][choosing_descriptors][INFO] - Final filter
[2023-02-11 16:48:26,189][choosing_descriptors][INFO] - Descriptor long legs has variance 0.9288777259249178
[2023-02-11 16:48:26,190][choosing_descriptors][INFO] - Descriptor long legs is correlated with sexy with correlation 0.8255486975650642
[2023-02-11 16:48:26,190][choosing_descriptors][INFO] - Removing sexy because it is correlated with long legs
[2023-02-11 16:48:27,214][choosing_descriptors][INFO] - Descriptor narrow waist has variance 0.1393862536427073
[2023-02-11 16:48:27,276][choosing_descriptors][INFO] - Descriptor proportioned has variance 0.09223539940288254
[2023-02-11 16:48:27,277][choosing_descriptors][INFO] - Descriptor proportioned is correlated with sexy with correlation 0.6631090295380163
[2023-02-11 16:48:27,278][choosing_descriptors][INFO] - Descriptor small has variance 0.0869352006224297
[2023-02-11 16:48:27,280][choosing_descriptors][INFO] - Descriptor lean has variance 0.06615310678103638
[2023-02-11 16:48:27,281][choosing_descriptors][INFO] - Removing lean because it is an antonym of fat
[2023-02-11 16:48:27,283][choosing_descriptors][INFO] - Too few descriptors (5) - increasing
[2023-02-11 16:48:27,284][choosing_descriptors][INFO] - Descriptor lean is an antonym of fat - skipping
