[2023-02-07 11:01:31,202][choosing_descriptors][INFO] - There are total of 19 descriptors
[2023-02-07 11:01:31,203][choosing_descriptors][INFO] - Working on cluster 0
[2023-02-07 11:01:31,204][choosing_descriptors][INFO] - 0 most variance descriptor - fat
[2023-02-07 11:01:31,204][choosing_descriptors][INFO] - Adding fat to chosen descriptors
[2023-02-07 11:01:31,204][choosing_descriptors][INFO] - 1 most variance descriptor - pear shaped
[2023-02-07 11:01:31,205][choosing_descriptors][INFO] - pear shaped is correlated with fat with corr 0.8965023528238563
[2023-02-07 11:01:31,206][choosing_descriptors][INFO] - 2 most variance descriptor - curvy
[2023-02-07 11:01:31,206][choosing_descriptors][INFO] - curvy is correlated with fat with corr 0.7012694162827121
[2023-02-07 11:01:31,207][choosing_descriptors][INFO] - 3 most variance descriptor - sexy
[2023-02-07 11:01:31,207][choosing_descriptors][INFO] - Adding sexy to chosen descriptors
[2023-02-07 11:01:31,208][choosing_descriptors][INFO] - 4 most variance descriptor - big
[2023-02-07 11:01:31,209][choosing_descriptors][INFO] - big is correlated with fat with corr 0.9784414207902542
[2023-02-07 11:01:31,209][choosing_descriptors][INFO] - 5 most variance descriptor - heavyset
[2023-02-07 11:01:31,210][choosing_descriptors][INFO] - heavyset is correlated with fat with corr 0.9630231532058768
[2023-02-07 11:01:31,210][choosing_descriptors][INFO] - 6 most variance descriptor - narrow waist
[2023-02-07 11:01:31,211][choosing_descriptors][INFO] - Adding narrow waist to chosen descriptors
[2023-02-07 11:01:31,211][choosing_descriptors][INFO] - 7 most variance descriptor - short
[2023-02-07 11:01:31,213][choosing_descriptors][INFO] - short is correlated with sexy with corr 0.881682831170003
[2023-02-07 11:01:31,213][choosing_descriptors][INFO] - 8 most variance descriptor - fit
[2023-02-07 11:01:31,215][choosing_descriptors][INFO] - fit is correlated with sexy with corr 0.9350633988565591
[2023-02-07 11:01:31,215][choosing_descriptors][INFO] - 9 most variance descriptor - small
[2023-02-07 11:01:31,217][choosing_descriptors][INFO] - Adding small to chosen descriptors
[2023-02-07 11:01:31,217][choosing_descriptors][INFO] - 10 most variance descriptor - average
[2023-02-07 11:01:31,218][choosing_descriptors][INFO] - average is correlated with sexy with corr 0.6516693012471773
[2023-02-07 11:01:31,218][choosing_descriptors][INFO] - 11 most variance descriptor - lean
[2023-02-07 11:01:31,220][choosing_descriptors][INFO] - Adding lean to chosen descriptors
[2023-02-07 11:01:31,220][choosing_descriptors][INFO] - currently chosen descriptors: {'fat': {'variance': 1.055509642102923}, 'sexy': {'variance': 0.28269468596194386}, 'narrow waist': {'variance': 0.1393862536427073}, 'small': {'variance': 0.0869352006224297}, 'lean': {'variance': 0.06615310678103638}}
[2023-02-07 11:01:31,220][choosing_descriptors][INFO] - Finished cluster 0
[2023-02-07 11:01:31,220][choosing_descriptors][INFO] - Working on cluster 1
[2023-02-07 11:01:31,221][choosing_descriptors][INFO] - 0 most variance descriptor - long legs
[2023-02-07 11:01:31,221][choosing_descriptors][INFO] - Adding long legs to chosen descriptors
[2023-02-07 11:01:31,222][choosing_descriptors][INFO] - 1 most variance descriptor - petite
[2023-02-07 11:01:31,222][choosing_descriptors][INFO] - petite is correlated with long legs with corr 0.8392527905437935
[2023-02-07 11:01:31,223][choosing_descriptors][INFO] - 2 most variance descriptor - tall
[2023-02-07 11:01:31,223][choosing_descriptors][INFO] - tall is correlated with long legs with corr 0.9586513011999399
[2023-02-07 11:01:31,224][choosing_descriptors][INFO] - 3 most variance descriptor - skinny
[2023-02-07 11:01:31,224][choosing_descriptors][INFO] - skinny is correlated with long legs with corr 0.8881447617420118
[2023-02-07 11:01:31,224][choosing_descriptors][INFO] - 4 most variance descriptor - thin
[2023-02-07 11:01:31,225][choosing_descriptors][INFO] - thin is correlated with long legs with corr 0.9045556671272079
[2023-02-07 11:01:31,225][choosing_descriptors][INFO] - 5 most variance descriptor - hourglass
[2023-02-07 11:01:31,226][choosing_descriptors][INFO] - hourglass is correlated with long legs with corr 0.7246271694143277
[2023-02-07 11:01:31,226][choosing_descriptors][INFO] - 6 most variance descriptor - proportioned
[2023-02-07 11:01:31,227][choosing_descriptors][INFO] - Adding proportioned to chosen descriptors
[2023-02-07 11:01:31,227][choosing_descriptors][INFO] - currently chosen descriptors: {'long legs': {'variance': 0.9288777259249178}, 'proportioned': {'variance': 0.09223539940288254}}
[2023-02-07 11:01:31,227][choosing_descriptors][INFO] - Finished cluster 1
[2023-02-07 11:01:31,227][choosing_descriptors][INFO] - There are 7 chosen descriptors in initial filter
[2023-02-07 11:01:31,228][choosing_descriptors][INFO] - chosen descriptors: [['fat', 'sexy', 'narrow waist', 'small', 'lean'], ['long legs', 'proportioned']]
[2023-02-07 11:01:31,228][choosing_descriptors][INFO] - Final filter
[2023-02-07 11:01:31,229][choosing_descriptors][INFO] - Descriptor fat has variance 1.055509642102923
[2023-02-07 11:01:31,230][choosing_descriptors][INFO] - Descriptor long legs has variance 0.9288777259249178
[2023-02-07 11:01:31,231][choosing_descriptors][INFO] - Descriptor long legs is correlated with sexy with correlation 0.8255486975650642 - removing sexy
[2023-02-07 11:01:31,231][choosing_descriptors][INFO] - Descriptor narrow waist has variance 0.1393862536427073
[2023-02-07 11:01:31,233][choosing_descriptors][INFO] - Descriptor proportioned has variance 0.09223539940288254
[2023-02-07 11:01:31,234][choosing_descriptors][INFO] - Descriptor proportioned is correlated with sexy with correlation 0.6631090295380163 - removing sexy
[2023-02-07 11:01:31,234][choosing_descriptors][INFO] - Descriptor small has variance 0.0869352006224297
[2023-02-07 11:01:31,235][choosing_descriptors][INFO] - Descriptor lean has variance 0.06615310678103638
