[2023-01-20 22:07:46,339][__main__][INFO] - parameters: Parameter containing:
tensor([[ 0.5744, -0.0063,  0.4510,  0.0873,  0.1612,  0.6355,  0.3895,  0.2678,
          0.8044,  0.4981]], requires_grad=True)
[2023-01-20 22:07:46,553][__main__][INFO] - parameters: Parameter containing:
tensor([[ 0.5130, -0.0882,  0.3668, -0.0071,  0.2180,  0.6487,  0.4897,  0.1677,
          0.7126,  0.4096]], requires_grad=True)
[2023-01-20 22:07:46,738][__main__][INFO] - parameters: Parameter containing:
tensor([[ 0.5662, -0.1751,  0.2889,  0.0276,  0.2712,  0.7134,  0.5749,  0.1479,
          0.6380,  0.4062]], requires_grad=True)
[2023-01-20 22:07:46,901][__main__][INFO] - parameters: Parameter containing:
tensor([[ 0.5648, -0.1602,  0.3218,  0.0591,  0.3184,  0.6788,  0.6317,  0.1889,
          0.6502,  0.3563]], requires_grad=True)
[2023-01-20 22:07:47,070][__main__][INFO] - parameters: Parameter containing:
tensor([[ 0.5907, -0.1605,  0.3479,  0.0851,  0.3408,  0.6562,  0.7040,  0.1908,
          0.6541,  0.3768]], requires_grad=True)
[2023-01-20 22:07:47,253][__main__][INFO] - parameters: Parameter containing:
tensor([[ 0.5949, -0.1215,  0.3978,  0.1101,  0.2985,  0.6577,  0.6983,  0.1933,
          0.6963,  0.3797]], requires_grad=True)
[2023-01-20 22:07:47,413][__main__][INFO] - parameters: Parameter containing:
tensor([[ 0.6192, -0.1044,  0.4403,  0.1544,  0.2683,  0.6718,  0.7053,  0.2093,
          0.7502,  0.3944]], requires_grad=True)
[2023-01-20 22:07:47,570][__main__][INFO] - parameters: Parameter containing:
tensor([[ 0.6442, -0.0803,  0.4743,  0.2094,  0.2491,  0.6708,  0.6978,  0.2208,
          0.7885,  0.3919]], requires_grad=True)
[2023-01-20 22:07:47,732][__main__][INFO] - parameters: Parameter containing:
tensor([[ 0.6332, -0.0362,  0.5250,  0.2225,  0.2280,  0.6372,  0.6939,  0.2447,
          0.8370,  0.3595]], requires_grad=True)
[2023-01-20 22:07:47,906][__main__][INFO] - parameters: Parameter containing:
tensor([[ 0.6284, -0.0038,  0.5696,  0.2466,  0.2290,  0.6050,  0.7108,  0.2558,
          0.8740,  0.3397]], requires_grad=True)
[2023-01-20 22:07:48,075][__main__][INFO] - parameters: Parameter containing:
tensor([[0.6347, 0.0253, 0.6019, 0.2619, 0.2133, 0.5771, 0.7153, 0.2618, 0.9063,
         0.3315]], requires_grad=True)
[2023-01-20 22:07:48,240][__main__][INFO] - parameters: Parameter containing:
tensor([[0.6596, 0.0347, 0.5997, 0.2836, 0.2021, 0.5536, 0.6966, 0.2734, 0.9189,
         0.3118]], requires_grad=True)
[2023-01-20 22:07:48,403][__main__][INFO] - parameters: Parameter containing:
tensor([[0.6806, 0.0391, 0.5915, 0.3154, 0.1983, 0.5298, 0.6707, 0.2826, 0.9183,
         0.2878]], requires_grad=True)
[2023-01-20 22:07:48,567][__main__][INFO] - parameters: Parameter containing:
tensor([[0.6978, 0.0551, 0.5818, 0.3411, 0.1837, 0.5092, 0.6309, 0.2642, 0.9091,
         0.2616]], requires_grad=True)
[2023-01-20 22:07:48,744][__main__][INFO] - parameters: Parameter containing:
tensor([[0.7045, 0.0671, 0.5714, 0.3477, 0.1816, 0.4734, 0.6029, 0.2585, 0.8953,
         0.2427]], requires_grad=True)
[2023-01-20 22:07:48,922][__main__][INFO] - parameters: Parameter containing:
tensor([[0.7117, 0.0677, 0.5548, 0.3276, 0.1761, 0.4397, 0.5946, 0.2584, 0.8899,
         0.2353]], requires_grad=True)
[2023-01-20 22:07:49,095][__main__][INFO] - parameters: Parameter containing:
tensor([[0.7338, 0.0650, 0.5328, 0.3241, 0.1671, 0.4167, 0.5836, 0.2482, 0.8859,
         0.2315]], requires_grad=True)
[2023-01-20 22:07:49,262][__main__][INFO] - parameters: Parameter containing:
tensor([[0.7557, 0.0629, 0.5089, 0.3264, 0.1487, 0.4054, 0.5585, 0.2371, 0.8862,
         0.2204]], requires_grad=True)
[2023-01-20 22:07:49,431][__main__][INFO] - parameters: Parameter containing:
tensor([[0.7549, 0.0680, 0.4908, 0.3226, 0.1405, 0.3847, 0.5307, 0.2248, 0.8745,
         0.2028]], requires_grad=True)
[2023-01-20 22:07:49,600][__main__][INFO] - parameters: Parameter containing:
tensor([[0.7486, 0.0721, 0.4709, 0.3140, 0.1192, 0.3791, 0.4967, 0.2051, 0.8589,
         0.1894]], requires_grad=True)
[2023-01-20 22:07:49,777][__main__][INFO] - parameters: Parameter containing:
tensor([[0.7311, 0.0744, 0.4671, 0.3271, 0.1075, 0.3810, 0.4729, 0.1849, 0.8472,
         0.1776]], requires_grad=True)
[2023-01-20 22:07:49,947][__main__][INFO] - parameters: Parameter containing:
tensor([[0.7043, 0.0759, 0.4651, 0.3335, 0.1118, 0.3717, 0.4547, 0.1724, 0.8240,
         0.1662]], requires_grad=True)
[2023-01-20 22:07:50,118][__main__][INFO] - parameters: Parameter containing:
tensor([[0.6905, 0.0862, 0.4629, 0.3513, 0.1103, 0.3621, 0.4287, 0.1521, 0.7995,
         0.1588]], requires_grad=True)
[2023-01-20 22:07:50,298][__main__][INFO] - parameters: Parameter containing:
tensor([[0.6759, 0.0985, 0.4609, 0.3737, 0.1123, 0.3505, 0.4068, 0.1235, 0.7643,
         0.1496]], requires_grad=True)
[2023-01-20 22:07:50,463][__main__][INFO] - parameters: Parameter containing:
tensor([[0.6645, 0.1013, 0.4499, 0.3770, 0.1106, 0.3451, 0.3878, 0.0973, 0.7308,
         0.1454]], requires_grad=True)
[2023-01-20 22:07:50,619][__main__][INFO] - parameters: Parameter containing:
tensor([[0.6555, 0.1039, 0.4337, 0.3820, 0.1031, 0.3407, 0.3565, 0.0742, 0.6955,
         0.1391]], requires_grad=True)
[2023-01-20 22:07:50,779][__main__][INFO] - parameters: Parameter containing:
tensor([[0.6565, 0.0998, 0.4106, 0.3826, 0.0833, 0.3477, 0.3225, 0.0514, 0.6707,
         0.1402]], requires_grad=True)
[2023-01-20 22:07:50,948][__main__][INFO] - parameters: Parameter containing:
tensor([[0.6571, 0.0953, 0.3918, 0.3829, 0.0620, 0.3655, 0.2936, 0.0300, 0.6553,
         0.1354]], requires_grad=True)
[2023-01-20 22:07:51,116][__main__][INFO] - parameters: Parameter containing:
tensor([[0.6570, 0.0966, 0.3764, 0.3880, 0.0337, 0.3845, 0.2574, 0.0127, 0.6474,
         0.1192]], requires_grad=True)
[2023-01-20 22:07:51,287][__main__][INFO] - parameters: Parameter containing:
tensor([[0.6564, 0.0909, 0.3620, 0.3897, 0.0037, 0.4108, 0.2250, 0.0087, 0.6524,
         0.1012]], requires_grad=True)
[2023-01-20 22:07:51,455][__main__][INFO] - parameters: Parameter containing:
tensor([[ 0.6476,  0.0910,  0.3536,  0.3779, -0.0211,  0.4273,  0.1984,  0.0013,
          0.6575,  0.0846]], requires_grad=True)
[2023-01-20 22:07:51,639][__main__][INFO] - parameters: Parameter containing:
tensor([[ 0.6297,  0.0960,  0.3548,  0.3544, -0.0446,  0.4432,  0.1814, -0.0098,
          0.6635,  0.0726]], requires_grad=True)
[2023-01-20 22:07:51,805][__main__][INFO] - parameters: Parameter containing:
tensor([[ 0.6152,  0.0832,  0.3549,  0.3351, -0.0386,  0.4564,  0.1942, -0.0150,
          0.6736,  0.0778]], requires_grad=True)
[2023-01-20 22:07:51,966][__main__][INFO] - parameters: Parameter containing:
tensor([[ 0.5938,  0.0878,  0.3745,  0.3247, -0.0418,  0.4711,  0.2058, -0.0151,
          0.7041,  0.0663]], requires_grad=True)
[2023-01-20 22:07:52,137][__main__][INFO] - parameters: Parameter containing:
tensor([[ 0.5732,  0.1045,  0.3873,  0.3037, -0.0706,  0.4936,  0.1892, -0.0214,
          0.7415,  0.0533]], requires_grad=True)
[2023-01-20 22:07:52,290][__main__][INFO] - parameters: Parameter containing:
tensor([[ 0.5595,  0.1246,  0.3959,  0.2966, -0.0957,  0.5057,  0.1667, -0.0278,
          0.7661,  0.0428]], requires_grad=True)
[2023-01-20 22:07:52,453][__main__][INFO] - parameters: Parameter containing:
tensor([[ 0.5502,  0.1433,  0.3955,  0.2884, -0.1245,  0.5233,  0.1358, -0.0427,
          0.7854,  0.0296]], requires_grad=True)
[2023-01-20 22:07:52,611][__main__][INFO] - parameters: Parameter containing:
tensor([[ 0.5381,  0.1550,  0.3970,  0.2778, -0.1413,  0.5440,  0.1200, -0.0688,
          0.7883,  0.0413]], requires_grad=True)
[2023-01-20 22:07:52,767][__main__][INFO] - parameters: Parameter containing:
tensor([[ 0.5414,  0.1684,  0.3887,  0.2757, -0.1704,  0.5736,  0.0882, -0.0980,
          0.7934,  0.0449]], requires_grad=True)
[2023-01-20 22:07:52,948][__main__][INFO] - parameters: Parameter containing:
tensor([[ 0.5420,  0.1745,  0.3885,  0.2772, -0.1820,  0.5975,  0.0791, -0.1288,
          0.7917,  0.0602]], requires_grad=True)
[2023-01-20 22:07:53,107][__main__][INFO] - parameters: Parameter containing:
tensor([[ 0.5377,  0.1761,  0.3903,  0.2763, -0.1893,  0.6259,  0.0707, -0.1536,
          0.7891,  0.0698]], requires_grad=True)
[2023-01-20 22:07:53,266][__main__][INFO] - parameters: Parameter containing:
tensor([[ 0.5354,  0.1784,  0.3905,  0.2661, -0.2019,  0.6531,  0.0589, -0.1767,
          0.7881,  0.0730]], requires_grad=True)
[2023-01-20 22:07:53,429][__main__][INFO] - parameters: Parameter containing:
tensor([[ 0.5409,  0.1749,  0.3837,  0.2627, -0.2086,  0.6806,  0.0480, -0.1977,
          0.7753,  0.0779]], requires_grad=True)
[2023-01-20 22:07:53,584][__main__][INFO] - parameters: Parameter containing:
tensor([[ 0.5352,  0.1881,  0.3864,  0.2489, -0.2192,  0.6874,  0.0312, -0.2122,
          0.7600,  0.0642]], requires_grad=True)
[2023-01-20 22:07:53,750][__main__][INFO] - parameters: Parameter containing:
tensor([[ 0.5265,  0.2033,  0.4008,  0.2384, -0.2167,  0.6759,  0.0312, -0.2364,
          0.7439,  0.0456]], requires_grad=True)
[2023-01-20 22:07:53,913][__main__][INFO] - parameters: Parameter containing:
tensor([[ 0.5066,  0.2053,  0.4190,  0.2051, -0.2011,  0.6617,  0.0534, -0.2579,
          0.7315,  0.0441]], requires_grad=True)
[2023-01-20 22:07:54,090][__main__][INFO] - parameters: Parameter containing:
tensor([[ 0.4807,  0.2023,  0.4505,  0.1614, -0.1765,  0.6457,  0.0991, -0.2792,
          0.7339,  0.0532]], requires_grad=True)
[2023-01-20 22:07:54,270][__main__][INFO] - parameters: Parameter containing:
tensor([[ 0.4670,  0.1741,  0.4646,  0.1206, -0.1497,  0.6566,  0.1510, -0.2862,
          0.7360,  0.0659]], requires_grad=True)
[2023-01-20 22:07:54,443][__main__][INFO] - parameters: Parameter containing:
tensor([[ 0.4705,  0.1286,  0.4694,  0.0948, -0.1127,  0.6700,  0.2096, -0.2652,
          0.7364,  0.0918]], requires_grad=True)
[2023-01-20 22:07:54,601][__main__][INFO] - parameters: Parameter containing:
tensor([[ 0.4861,  0.0870,  0.4698,  0.0932, -0.0828,  0.6948,  0.2536, -0.2559,
          0.7293,  0.1160]], requires_grad=True)
[2023-01-20 22:07:54,763][__main__][INFO] - parameters: Parameter containing:
tensor([[ 0.5148,  0.0546,  0.4672,  0.0958, -0.0713,  0.7237,  0.2852, -0.2505,
          0.7334,  0.1406]], requires_grad=True)
[2023-01-20 22:07:54,933][__main__][INFO] - parameters: Parameter containing:
tensor([[ 0.5301,  0.0267,  0.4632,  0.0842, -0.0728,  0.7561,  0.3043, -0.2456,
          0.7401,  0.1637]], requires_grad=True)
[2023-01-20 22:07:55,103][__main__][INFO] - parameters: Parameter containing:
tensor([[ 0.5430, -0.0125,  0.4638,  0.0877, -0.0707,  0.8060,  0.3283, -0.2435,
          0.7510,  0.1970]], requires_grad=True)
[2023-01-20 22:07:55,264][__main__][INFO] - parameters: Parameter containing:
tensor([[ 0.5498, -0.0446,  0.4734,  0.0913, -0.0677,  0.8438,  0.3519, -0.2272,
          0.7705,  0.2310]], requires_grad=True)
[2023-01-20 22:07:55,423][__main__][INFO] - parameters: Parameter containing:
tensor([[ 0.5606, -0.0808,  0.4827,  0.1099, -0.0516,  0.8802,  0.3786, -0.2130,
          0.7804,  0.2702]], requires_grad=True)
[2023-01-20 22:07:55,612][__main__][INFO] - parameters: Parameter containing:
tensor([[ 0.5784, -0.1196,  0.4875,  0.1247, -0.0346,  0.9129,  0.4092, -0.1958,
          0.7921,  0.3170]], requires_grad=True)
[2023-01-20 22:07:55,790][__main__][INFO] - parameters: Parameter containing:
tensor([[ 0.5901, -0.1610,  0.4895,  0.1280, -0.0246,  0.9501,  0.4356, -0.1722,
          0.8077,  0.3593]], requires_grad=True)
[2023-01-20 22:07:55,958][__main__][INFO] - parameters: Parameter containing:
tensor([[ 0.5942, -0.1914,  0.4974,  0.1185, -0.0138,  0.9778,  0.4622, -0.1497,
          0.8217,  0.3921]], requires_grad=True)
[2023-01-20 22:07:56,129][__main__][INFO] - parameters: Parameter containing:
tensor([[ 0.5994, -0.2306,  0.5049,  0.1076,  0.0108,  0.9965,  0.4993, -0.1147,
          0.8273,  0.4334]], requires_grad=True)
[2023-01-20 22:07:56,294][__main__][INFO] - parameters: Parameter containing:
tensor([[ 0.5897, -0.2646,  0.5168,  0.0911,  0.0517,  0.9983,  0.5447, -0.0751,
          0.8157,  0.4664]], requires_grad=True)
[2023-01-20 22:07:56,471][__main__][INFO] - parameters: Parameter containing:
tensor([[ 0.5746, -0.2882,  0.5395,  0.0612,  0.0939,  0.9745,  0.6009, -0.0346,
          0.8102,  0.5010]], requires_grad=True)
[2023-01-20 22:07:56,641][__main__][INFO] - parameters: Parameter containing:
tensor([[ 0.5479, -0.2969,  0.5738,  0.0310,  0.1261,  0.9477,  0.6461, -0.0066,
          0.8088,  0.5370]], requires_grad=True)
[2023-01-20 22:07:56,805][__main__][INFO] - parameters: Parameter containing:
tensor([[ 0.5373, -0.3096,  0.5922,  0.0293,  0.1700,  0.9195,  0.6797,  0.0189,
          0.7781,  0.5653]], requires_grad=True)
[2023-01-20 22:07:56,986][__main__][INFO] - parameters: Parameter containing:
tensor([[ 0.5239, -0.3113,  0.6184,  0.0377,  0.2147,  0.8867,  0.7102,  0.0385,
          0.7500,  0.5746]], requires_grad=True)
[2023-01-20 22:07:57,154][__main__][INFO] - parameters: Parameter containing:
tensor([[ 0.5165, -0.3200,  0.6354,  0.0451,  0.2630,  0.8736,  0.7503,  0.0137,
          0.6989,  0.5954]], requires_grad=True)
[2023-01-20 22:07:57,325][__main__][INFO] - parameters: Parameter containing:
tensor([[ 0.5197, -0.3328,  0.6461,  0.0507,  0.3080,  0.8648,  0.7935, -0.0113,
          0.6511,  0.6129]], requires_grad=True)
[2023-01-20 22:07:57,489][__main__][INFO] - parameters: Parameter containing:
tensor([[ 0.5232, -0.3484,  0.6515,  0.0396,  0.3394,  0.8668,  0.8344, -0.0345,
          0.6178,  0.6292]], requires_grad=True)
[2023-01-20 22:07:57,665][__main__][INFO] - parameters: Parameter containing:
tensor([[ 0.5197, -0.3656,  0.6651,  0.0170,  0.3732,  0.8667,  0.8814, -0.0448,
          0.5951,  0.6493]], requires_grad=True)
[2023-01-20 22:07:57,831][__main__][INFO] - parameters: Parameter containing:
tensor([[ 0.5265, -0.3933,  0.6645,  0.0167,  0.4197,  0.8614,  0.9221, -0.0492,
          0.5507,  0.6687]], requires_grad=True)
[2023-01-20 22:07:57,997][__main__][INFO] - parameters: Parameter containing:
tensor([[ 0.5339, -0.4138,  0.6683,  0.0303,  0.4748,  0.8485,  0.9597, -0.0676,
          0.4952,  0.6818]], requires_grad=True)
[2023-01-20 22:07:58,167][__main__][INFO] - parameters: Parameter containing:
tensor([[ 0.5581, -0.4469,  0.6602,  0.0625,  0.5399,  0.8409,  1.0058, -0.1164,
          0.4182,  0.7236]], requires_grad=True)
[2023-01-20 22:07:58,355][__main__][INFO] - parameters: Parameter containing:
tensor([[ 0.5767, -0.4671,  0.6569,  0.0997,  0.6096,  0.8187,  1.0458, -0.1655,
          0.3394,  0.7553]], requires_grad=True)
[2023-01-20 22:07:58,522][__main__][INFO] - parameters: Parameter containing:
tensor([[ 0.5927, -0.4619,  0.6569,  0.1242,  0.6325,  0.8049,  1.0567, -0.2232,
          0.2879,  0.7800]], requires_grad=True)
[2023-01-20 22:07:58,689][__main__][INFO] - parameters: Parameter containing:
tensor([[ 0.6012, -0.4410,  0.6712,  0.1542,  0.6336,  0.8129,  1.0559, -0.2944,
          0.2536,  0.8102]], requires_grad=True)
[2023-01-20 22:07:58,867][__main__][INFO] - parameters: Parameter containing:
tensor([[ 0.6054, -0.4243,  0.6906,  0.1913,  0.6349,  0.8243,  1.0522, -0.3418,
          0.2301,  0.8314]], requires_grad=True)
[2023-01-20 22:07:59,042][__main__][INFO] - parameters: Parameter containing:
tensor([[ 0.6218, -0.4079,  0.6943,  0.2259,  0.6304,  0.8434,  1.0415, -0.4065,
          0.1945,  0.8542]], requires_grad=True)
[2023-01-20 22:07:59,213][__main__][INFO] - parameters: Parameter containing:
tensor([[ 0.6401, -0.3998,  0.6984,  0.2740,  0.6360,  0.8589,  1.0329, -0.4513,
          0.1622,  0.8692]], requires_grad=True)
[2023-01-20 22:07:59,384][__main__][INFO] - parameters: Parameter containing:
tensor([[ 0.6523, -0.4010,  0.7119,  0.3166,  0.6648,  0.8620,  1.0517, -0.4894,
          0.1218,  0.8882]], requires_grad=True)
[2023-01-20 22:07:59,556][__main__][INFO] - parameters: Parameter containing:
tensor([[ 0.6723, -0.4193,  0.7181,  0.3751,  0.7152,  0.8641,  1.0882, -0.5421,
          0.0575,  0.9294]], requires_grad=True)
[2023-01-20 22:07:59,735][__main__][INFO] - parameters: Parameter containing:
tensor([[ 0.6983, -0.4274,  0.7221,  0.4180,  0.7360,  0.8819,  1.1094, -0.5945,
          0.0136,  0.9686]], requires_grad=True)
[2023-01-20 22:07:59,894][__main__][INFO] - parameters: Parameter containing:
tensor([[ 0.7245, -0.4573,  0.7151,  0.4736,  0.7743,  0.9031,  1.1404, -0.6239,
         -0.0363,  0.9981]], requires_grad=True)
[2023-01-20 22:08:00,053][__main__][INFO] - parameters: Parameter containing:
tensor([[ 0.7533, -0.4867,  0.7077,  0.5347,  0.8118,  0.9257,  1.1690, -0.6630,
         -0.0849,  1.0422]], requires_grad=True)
[2023-01-20 22:08:00,223][__main__][INFO] - parameters: Parameter containing:
tensor([[ 0.7724, -0.5157,  0.7021,  0.5960,  0.8463,  0.9508,  1.1979, -0.7144,
         -0.1385,  1.0785]], requires_grad=True)
[2023-01-20 22:08:00,398][__main__][INFO] - parameters: Parameter containing:
tensor([[ 0.8040, -0.5356,  0.6950,  0.6646,  0.8726,  0.9815,  1.2172, -0.7713,
         -0.1895,  1.1093]], requires_grad=True)
[2023-01-20 22:08:00,575][__main__][INFO] - parameters: Parameter containing:
tensor([[ 0.8314, -0.5584,  0.6764,  0.7260,  0.8925,  1.0080,  1.2271, -0.8280,
         -0.2382,  1.1367]], requires_grad=True)
[2023-01-20 22:08:00,747][__main__][INFO] - parameters: Parameter containing:
tensor([[ 0.8510, -0.5563,  0.6811,  0.7996,  0.9040,  1.0267,  1.2284, -0.8905,
         -0.2793,  1.1459]], requires_grad=True)
[2023-01-20 22:08:00,912][__main__][INFO] - parameters: Parameter containing:
tensor([[ 0.8648, -0.5613,  0.6790,  0.8717,  0.9135,  1.0445,  1.2284, -0.9505,
         -0.3221,  1.1611]], requires_grad=True)
[2023-01-20 22:08:01,097][__main__][INFO] - parameters: Parameter containing:
tensor([[ 0.8585, -0.5525,  0.6776,  0.9159,  0.9213,  1.0415,  1.2206, -1.0095,
         -0.3697,  1.1723]], requires_grad=True)
[2023-01-20 22:08:01,256][__main__][INFO] - parameters: Parameter containing:
tensor([[ 0.8411, -0.5373,  0.6825,  0.9554,  0.9320,  1.0258,  1.2102, -1.0574,
         -0.4207,  1.1725]], requires_grad=True)
[2023-01-20 22:08:01,422][__main__][INFO] - parameters: Parameter containing:
tensor([[ 0.8271, -0.5344,  0.6878,  1.0094,  0.9454,  1.0329,  1.2054, -1.0978,
         -0.4623,  1.1641]], requires_grad=True)
[2023-01-20 22:08:01,601][__main__][INFO] - parameters: Parameter containing:
tensor([[ 0.8169, -0.5385,  0.6922,  1.0536,  0.9564,  1.0473,  1.2090, -1.1347,
         -0.4957,  1.1583]], requires_grad=True)
[2023-01-20 22:08:01,770][__main__][INFO] - parameters: Parameter containing:
tensor([[ 0.8031, -0.5480,  0.6936,  1.0889,  0.9726,  1.0633,  1.2150, -1.1570,
         -0.5304,  1.1554]], requires_grad=True)
[2023-01-20 22:08:01,944][__main__][INFO] - parameters: Parameter containing:
tensor([[ 0.8028, -0.5518,  0.6910,  1.1134,  0.9805,  1.0687,  1.2227, -1.1791,
         -0.5568,  1.1560]], requires_grad=True)
[2023-01-20 22:08:02,125][__main__][INFO] - parameters: Parameter containing:
tensor([[ 0.8269, -0.5484,  0.6852,  1.1491,  0.9836,  1.0642,  1.2299, -1.2010,
         -0.5772,  1.1330]], requires_grad=True)
[2023-01-20 22:08:02,302][__main__][INFO] - parameters: Parameter containing:
tensor([[ 0.8462, -0.5451,  0.6796,  1.1826,  0.9842,  1.0704,  1.2362, -1.2319,
         -0.5975,  1.1166]], requires_grad=True)
[2023-01-20 22:08:02,486][__main__][INFO] - parameters: Parameter containing:
tensor([[ 0.8508, -0.5419,  0.6943,  1.2272,  0.9764,  1.0940,  1.2426, -1.2730,
         -0.5977,  1.1109]], requires_grad=True)
[2023-01-20 22:08:02,648][__main__][INFO] - parameters: Parameter containing:
tensor([[ 0.8561, -0.5437,  0.7095,  1.2777,  0.9693,  1.1234,  1.2496, -1.3177,
         -0.5929,  1.1176]], requires_grad=True)
[2023-01-20 22:08:02,809][__main__][INFO] - parameters: Parameter containing:
tensor([[ 0.8509, -0.5467,  0.7230,  1.3159,  0.9647,  1.1509,  1.2571, -1.3651,
         -0.5977,  1.1216]], requires_grad=True)
[2023-01-20 22:08:02,977][__main__][INFO] - parameters: Parameter containing:
tensor([[ 0.8509, -0.5477,  0.7301,  1.3450,  0.9595,  1.1693,  1.2594, -1.4037,
         -0.6052,  1.1225]], requires_grad=True)
[2023-01-20 22:08:03,141][__main__][INFO] - parameters: Parameter containing:
tensor([[ 0.8540, -0.5552,  0.7307,  1.3681,  0.9616,  1.1795,  1.2614, -1.4274,
         -0.6167,  1.1272]], requires_grad=True)
[2023-01-20 22:08:03,300][__main__][INFO] - parameters: Parameter containing:
tensor([[ 0.8509, -0.5610,  0.7336,  1.3761,  0.9610,  1.1825,  1.2613, -1.4365,
         -0.6245,  1.1225]], requires_grad=True)
[2023-01-20 22:08:03,465][__main__][INFO] - parameters: Parameter containing:
tensor([[ 0.8549, -0.5570,  0.7397,  1.3783,  0.9577,  1.1714,  1.2568, -1.4374,
         -0.6320,  1.0964]], requires_grad=True)
[2023-01-20 22:08:03,634][__main__][INFO] - parameters: Parameter containing:
tensor([[ 0.8492, -0.5465,  0.7486,  1.3705,  0.9536,  1.1512,  1.2463, -1.4337,
         -0.6426,  1.0573]], requires_grad=True)
[2023-01-20 22:08:03,822][__main__][INFO] - parameters: Parameter containing:
tensor([[ 0.8375, -0.5337,  0.7674,  1.3769,  0.9557,  1.1393,  1.2366, -1.4310,
         -0.6571,  1.0107]], requires_grad=True)
[2023-01-20 22:08:03,991][__main__][INFO] - parameters: Parameter containing:
tensor([[ 0.8256, -0.5197,  0.7950,  1.4076,  0.9632,  1.1295,  1.2270, -1.4353,
         -0.6753,  0.9837]], requires_grad=True)
[2023-01-20 22:08:04,163][__main__][INFO] - parameters: Parameter containing:
tensor([[ 0.8208, -0.5044,  0.8281,  1.4465,  0.9609,  1.1345,  1.2142, -1.4377,
         -0.6816,  0.9499]], requires_grad=True)
[2023-01-20 22:08:04,330][__main__][INFO] - parameters: Parameter containing:
tensor([[ 0.8175, -0.5111,  0.8438,  1.4832,  0.9574,  1.1629,  1.2005, -1.4417,
         -0.6844,  0.9504]], requires_grad=True)
[2023-01-20 22:08:04,511][__main__][INFO] - parameters: Parameter containing:
tensor([[ 0.7979, -0.5225,  0.8556,  1.4976,  0.9532,  1.1942,  1.1906, -1.4496,
         -0.6843,  0.9628]], requires_grad=True)
[2023-01-20 22:08:04,681][__main__][INFO] - parameters: Parameter containing:
tensor([[ 0.7539, -0.4937,  0.8961,  1.4797,  0.9182,  1.2089,  1.1692, -1.4633,
         -0.6449,  0.9487]], requires_grad=True)
[2023-01-20 22:08:04,853][__main__][INFO] - parameters: Parameter containing:
tensor([[ 0.7127, -0.4728,  0.9260,  1.4529,  0.8803,  1.2326,  1.1527, -1.4809,
         -0.6064,  0.9278]], requires_grad=True)
[2023-01-20 22:08:05,027][__main__][INFO] - parameters: Parameter containing:
tensor([[ 0.6748, -0.4578,  0.9528,  1.4386,  0.8468,  1.2619,  1.1308, -1.4855,
         -0.5745,  0.9149]], requires_grad=True)
[2023-01-20 22:08:05,215][__main__][INFO] - parameters: Parameter containing:
tensor([[ 0.6448, -0.4439,  0.9852,  1.4303,  0.8140,  1.2920,  1.1143, -1.4805,
         -0.5302,  0.8964]], requires_grad=True)
[2023-01-20 22:08:05,392][__main__][INFO] - parameters: Parameter containing:
tensor([[ 0.6054, -0.4164,  1.0276,  1.4213,  0.7790,  1.3080,  1.0946, -1.4834,
         -0.4915,  0.8832]], requires_grad=True)
[2023-01-20 22:08:05,558][__main__][INFO] - parameters: Parameter containing:
tensor([[ 0.5774, -0.4018,  1.0619,  1.4186,  0.7453,  1.3435,  1.0823, -1.4903,
         -0.4564,  0.8820]], requires_grad=True)
[2023-01-20 22:08:05,733][__main__][INFO] - parameters: Parameter containing:
tensor([[ 0.5642, -0.4020,  1.0824,  1.4310,  0.7291,  1.3848,  1.0763, -1.4991,
         -0.4357,  0.8920]], requires_grad=True)
[2023-01-20 22:08:05,909][__main__][INFO] - parameters: Parameter containing:
tensor([[ 0.5371, -0.3977,  1.1213,  1.4541,  0.7281,  1.4224,  1.0767, -1.5095,
         -0.4150,  0.9024]], requires_grad=True)
[2023-01-20 22:08:06,081][__main__][INFO] - parameters: Parameter containing:
tensor([[ 0.5200, -0.3982,  1.1462,  1.4775,  0.7167,  1.4819,  1.0798, -1.5558,
         -0.4103,  0.9448]], requires_grad=True)
[2023-01-20 22:08:06,258][__main__][INFO] - parameters: Parameter containing:
tensor([[ 0.5059, -0.3973,  1.1731,  1.4929,  0.6890,  1.5500,  1.0812, -1.6088,
         -0.3906,  0.9829]], requires_grad=True)
[2023-01-20 22:08:06,430][__main__][INFO] - parameters: Parameter containing:
tensor([[ 0.4815, -0.3867,  1.2102,  1.4996,  0.6464,  1.6285,  1.0811, -1.6701,
         -0.3553,  1.0197]], requires_grad=True)
[2023-01-20 22:08:06,612][__main__][INFO] - parameters: Parameter containing:
tensor([[ 0.4556, -0.3898,  1.2409,  1.4831,  0.6114,  1.7040,  1.1064, -1.7340,
         -0.3201,  1.0667]], requires_grad=True)
[2023-01-20 22:08:06,783][__main__][INFO] - parameters: Parameter containing:
tensor([[ 0.4251, -0.3815,  1.2756,  1.4440,  0.5706,  1.7560,  1.1290, -1.7758,
         -0.2718,  1.1074]], requires_grad=True)
[2023-01-20 22:08:06,950][__main__][INFO] - parameters: Parameter containing:
tensor([[ 0.4162, -0.3793,  1.2837,  1.4092,  0.5199,  1.8166,  1.1250, -1.8065,
         -0.2221,  1.1445]], requires_grad=True)
[2023-01-20 22:08:07,110][__main__][INFO] - parameters: Parameter containing:
tensor([[ 0.4149, -0.3576,  1.2978,  1.3935,  0.4689,  1.8710,  1.1118, -1.8606,
         -0.1873,  1.1740]], requires_grad=True)
[2023-01-20 22:08:07,286][__main__][INFO] - parameters: Parameter containing:
tensor([[ 0.4088, -0.3254,  1.3246,  1.3901,  0.4229,  1.9092,  1.0908, -1.8977,
         -0.1449,  1.1841]], requires_grad=True)
[2023-01-20 22:08:07,458][__main__][INFO] - parameters: Parameter containing:
tensor([[ 0.4054, -0.2988,  1.3434,  1.3972,  0.3849,  1.9436,  1.0659, -1.9259,
         -0.1133,  1.1865]], requires_grad=True)
[2023-01-20 22:08:07,635][__main__][INFO] - parameters: Parameter containing:
tensor([[ 0.3953, -0.2720,  1.3683,  1.4093,  0.3492,  1.9729,  1.0409, -1.9407,
         -0.0815,  1.1906]], requires_grad=True)
[2023-01-20 22:08:07,813][__main__][INFO] - parameters: Parameter containing:
tensor([[ 0.3979, -0.2560,  1.3765,  1.4275,  0.3131,  2.0093,  1.0085, -1.9478,
         -0.0625,  1.1966]], requires_grad=True)
[2023-01-20 22:08:08,000][__main__][INFO] - parameters: Parameter containing:
tensor([[ 0.4115, -0.2467,  1.3747,  1.4572,  0.2698,  2.0558,  0.9613, -1.9409,
         -0.0432,  1.1985]], requires_grad=True)
[2023-01-20 22:08:08,163][__main__][INFO] - parameters: Parameter containing:
tensor([[ 0.4191, -0.2404,  1.3795,  1.4828,  0.2350,  2.0999,  0.9256, -1.9403,
         -0.0245,  1.2102]], requires_grad=True)
[2023-01-20 22:08:08,338][__main__][INFO] - parameters: Parameter containing:
tensor([[ 0.4259, -0.2422,  1.3719,  1.5018,  0.2244,  2.1239,  0.9047, -1.9498,
         -0.0328,  1.2177]], requires_grad=True)
[2023-01-20 22:08:08,505][__main__][INFO] - parameters: Parameter containing:
tensor([[ 0.4581, -0.2636,  1.3408,  1.5305,  0.2184,  2.1696,  0.8914, -1.9792,
         -0.0544,  1.2412]], requires_grad=True)
[2023-01-20 22:08:08,673][__main__][INFO] - parameters: Parameter containing:
tensor([[ 0.4778, -0.2725,  1.3162,  1.5448,  0.2102,  2.1995,  0.8682, -1.9984,
         -0.0693,  1.2596]], requires_grad=True)
[2023-01-20 22:08:08,844][__main__][INFO] - parameters: Parameter containing:
tensor([[ 0.5061, -0.2867,  1.2847,  1.5547,  0.1991,  2.2284,  0.8448, -2.0024,
         -0.0770,  1.2747]], requires_grad=True)
[2023-01-20 22:08:09,014][__main__][INFO] - parameters: Parameter containing:
tensor([[ 0.5448, -0.3067,  1.2538,  1.5783,  0.1834,  2.2732,  0.8193, -2.0024,
         -0.0742,  1.2844]], requires_grad=True)
[2023-01-20 22:08:09,190][__main__][INFO] - parameters: Parameter containing:
tensor([[ 0.5700, -0.3304,  1.2423,  1.6175,  0.1885,  2.3253,  0.8160, -2.0224,
         -0.0778,  1.3001]], requires_grad=True)
[2023-01-20 22:08:09,385][__main__][INFO] - parameters: Parameter containing:
tensor([[ 0.5929, -0.3498,  1.2347,  1.6471,  0.1927,  2.3651,  0.8165, -2.0163,
         -0.0662,  1.2896]], requires_grad=True)
[2023-01-20 22:08:09,556][__main__][INFO] - parameters: Parameter containing:
tensor([[ 0.6052, -0.3644,  1.2342,  1.6778,  0.2000,  2.4071,  0.8213, -2.0256,
         -0.0558,  1.2917]], requires_grad=True)
[2023-01-20 22:08:09,731][__main__][INFO] - parameters: Parameter containing:
tensor([[ 0.6190, -0.3716,  1.2314,  1.7157,  0.2109,  2.4305,  0.8156, -2.0369,
         -0.0656,  1.2842]], requires_grad=True)
[2023-01-20 22:08:09,900][__main__][INFO] - parameters: Parameter containing:
tensor([[ 0.6298, -0.3733,  1.2322,  1.7483,  0.2243,  2.4397,  0.8152, -2.0509,
         -0.0756,  1.2848]], requires_grad=True)
[2023-01-20 22:08:10,072][__main__][INFO] - parameters: Parameter containing:
tensor([[ 0.6415, -0.3704,  1.2373,  1.7810,  0.2460,  2.4365,  0.8221, -2.0633,
         -0.0886,  1.2773]], requires_grad=True)
[2023-01-20 22:08:10,246][__main__][INFO] - parameters: Parameter containing:
tensor([[ 0.6545, -0.3557,  1.2386,  1.8093,  0.2447,  2.4362,  0.7985, -2.0761,
         -0.1022,  1.2660]], requires_grad=True)
[2023-01-20 22:08:10,418][__main__][INFO] - parameters: Parameter containing:
tensor([[ 0.6722, -0.3640,  1.2290,  1.8460,  0.2555,  2.4504,  0.7860, -2.0981,
         -0.1291,  1.2803]], requires_grad=True)
[2023-01-20 22:08:10,595][__main__][INFO] - parameters: Parameter containing:
tensor([[ 0.6783, -0.3593,  1.2227,  1.8657,  0.2651,  2.4397,  0.7759, -2.1182,
         -0.1626,  1.2892]], requires_grad=True)
[2023-01-20 22:08:10,775][__main__][INFO] - parameters: Parameter containing:
tensor([[ 0.6862, -0.3513,  1.2081,  1.8757,  0.2734,  2.4205,  0.7635, -2.1397,
         -0.1954,  1.2922]], requires_grad=True)
[2023-01-20 22:08:10,947][__main__][INFO] - parameters: Parameter containing:
tensor([[ 0.6766, -0.3202,  1.2213,  1.8908,  0.2732,  2.3818,  0.7290, -2.1251,
         -0.1980,  1.2755]], requires_grad=True)
[2023-01-20 22:08:11,114][__main__][INFO] - parameters: Parameter containing:
tensor([[ 0.6771, -0.2900,  1.2218,  1.9093,  0.2741,  2.3455,  0.6898, -2.1239,
         -0.2191,  1.2498]], requires_grad=True)
[2023-01-20 22:08:11,292][__main__][INFO] - parameters: Parameter containing:
tensor([[ 0.6626, -0.2473,  1.2377,  1.9276,  0.2841,  2.2968,  0.6576, -2.1294,
         -0.2429,  1.2132]], requires_grad=True)
[2023-01-20 22:08:11,462][__main__][INFO] - parameters: Parameter containing:
tensor([[ 0.6619, -0.2048,  1.2509,  1.9492,  0.2905,  2.2540,  0.6233, -2.1334,
         -0.2655,  1.1770]], requires_grad=True)
[2023-01-20 22:08:11,630][__main__][INFO] - parameters: Parameter containing:
tensor([[ 0.6623, -0.1734,  1.2550,  1.9668,  0.3016,  2.2115,  0.5941, -2.1365,
         -0.2909,  1.1545]], requires_grad=True)
[2023-01-20 22:08:11,796][__main__][INFO] - parameters: Parameter containing:
tensor([[ 0.6539, -0.1310,  1.2772,  1.9912,  0.3080,  2.1687,  0.5594, -2.1364,
         -0.3000,  1.1241]], requires_grad=True)
[2023-01-20 22:08:11,958][__main__][INFO] - parameters: Parameter containing:
tensor([[ 0.6551, -0.1001,  1.2879,  1.9977,  0.3219,  2.1242,  0.5466, -2.1501,
         -0.3213,  1.1153]], requires_grad=True)
[2023-01-20 22:08:12,152][__main__][INFO] - parameters: Parameter containing:
tensor([[ 0.6583, -0.0710,  1.2827,  2.0094,  0.3263,  2.0818,  0.5045, -2.1398,
         -0.3427,  1.0881]], requires_grad=True)
[2023-01-20 22:08:12,322][__main__][INFO] - parameters: Parameter containing:
tensor([[ 0.6738, -0.0538,  1.2577,  2.0139,  0.3192,  2.0564,  0.4599, -2.1410,
         -0.3676,  1.0653]], requires_grad=True)
[2023-01-20 22:08:12,496][__main__][INFO] - parameters: Parameter containing:
tensor([[ 0.6808, -0.0439,  1.2421,  2.0227,  0.3173,  2.0364,  0.4269, -2.1362,
         -0.3856,  1.0569]], requires_grad=True)
[2023-01-20 22:08:12,665][__main__][INFO] - parameters: Parameter containing:
tensor([[ 0.6993, -0.0542,  1.2008,  2.0267,  0.3007,  2.0385,  0.4001, -2.1889,
         -0.4093,  1.0994]], requires_grad=True)
[2023-01-20 22:08:12,837][__main__][INFO] - parameters: Parameter containing:
tensor([[ 0.7094, -0.0555,  1.1750,  2.0346,  0.2925,  2.0371,  0.3804, -2.2450,
         -0.4326,  1.1370]], requires_grad=True)
[2023-01-20 22:08:13,007][__main__][INFO] - parameters: Parameter containing:
tensor([[ 0.7280, -0.0516,  1.1437,  2.0593,  0.3026,  2.0138,  0.3594, -2.2985,
         -0.4769,  1.1683]], requires_grad=True)
[2023-01-20 22:08:13,176][__main__][INFO] - parameters: Parameter containing:
tensor([[ 0.7185, -0.0363,  1.1285,  2.0759,  0.3294,  1.9691,  0.3403, -2.3335,
         -0.5139,  1.1804]], requires_grad=True)
[2023-01-20 22:08:13,347][__main__][INFO] - parameters: Parameter containing:
tensor([[ 0.7018, -0.0191,  1.1261,  2.0913,  0.3562,  1.9182,  0.3221, -2.3569,
         -0.5368,  1.1862]], requires_grad=True)
[2023-01-20 22:08:13,532][__main__][INFO] - parameters: Parameter containing:
tensor([[ 0.6819, -0.0049,  1.1241,  2.1060,  0.3873,  1.8680,  0.3022, -2.3574,
         -0.5589,  1.1758]], requires_grad=True)
[2023-01-20 22:08:13,704][__main__][INFO] - parameters: Parameter containing:
tensor([[ 0.6648,  0.0112,  1.1246,  2.1228,  0.4303,  1.8075,  0.2923, -2.3586,
         -0.5963,  1.1642]], requires_grad=True)
[2023-01-20 22:08:13,879][__main__][INFO] - parameters: Parameter containing:
tensor([[ 0.6499,  0.0196,  1.1238,  2.1464,  0.4720,  1.7610,  0.2783, -2.3497,
         -0.6314,  1.1505]], requires_grad=True)
[2023-01-20 22:08:14,057][__main__][INFO] - parameters: Parameter containing:
tensor([[ 0.6394,  0.0276,  1.1216,  2.1640,  0.5025,  1.7138,  0.2597, -2.3308,
         -0.6581,  1.1342]], requires_grad=True)
[2023-01-20 22:08:14,227][__main__][INFO] - parameters: Parameter containing:
tensor([[ 0.6358,  0.0322,  1.1162,  2.1741,  0.5204,  1.6830,  0.2442, -2.3148,
         -0.6813,  1.1275]], requires_grad=True)
[2023-01-20 22:08:14,394][__main__][INFO] - parameters: Parameter containing:
tensor([[ 0.6246,  0.0390,  1.1130,  2.1759,  0.5412,  1.6486,  0.2457, -2.3287,
         -0.7191,  1.1463]], requires_grad=True)
[2023-01-20 22:08:14,554][__main__][INFO] - parameters: Parameter containing:
tensor([[ 0.6017,  0.0400,  1.1111,  2.1879,  0.5817,  1.6092,  0.2579, -2.3546,
         -0.7773,  1.1711]], requires_grad=True)
[2023-01-20 22:08:14,733][__main__][INFO] - parameters: Parameter containing:
tensor([[ 0.5772,  0.0546,  1.1145,  2.1937,  0.5890,  1.5782,  0.2473, -2.3720,
         -0.7976,  1.1792]], requires_grad=True)
[2023-01-20 22:08:14,923][__main__][INFO] - parameters: Parameter containing:
tensor([[ 0.5535,  0.0686,  1.1286,  2.1937,  0.6058,  1.5448,  0.2628, -2.3944,
         -0.8179,  1.1893]], requires_grad=True)
[2023-01-20 22:08:15,095][__main__][INFO] - parameters: Parameter containing:
tensor([[ 0.5486,  0.0652,  1.1170,  2.1968,  0.6300,  1.5254,  0.2724, -2.4092,
         -0.8553,  1.1982]], requires_grad=True)
[2023-01-20 22:08:15,263][__main__][INFO] - parameters: Parameter containing:
tensor([[ 0.5469,  0.0669,  1.1037,  2.2162,  0.6449,  1.5096,  0.2616, -2.4201,
         -0.8890,  1.1976]], requires_grad=True)
[2023-01-20 22:08:15,440][__main__][INFO] - parameters: Parameter containing:
tensor([[ 0.5583,  0.0641,  1.0868,  2.2523,  0.6515,  1.5112,  0.2425, -2.4324,
         -0.9213,  1.2000]], requires_grad=True)
[2023-01-20 22:08:15,615][__main__][INFO] - parameters: Parameter containing:
tensor([[ 0.5477,  0.0701,  1.0885,  2.2811,  0.6560,  1.4874,  0.2142, -2.4016,
         -0.9299,  1.1657]], requires_grad=True)
[2023-01-20 22:08:15,787][__main__][INFO] - parameters: Parameter containing:
tensor([[ 0.5395,  0.0791,  1.0919,  2.3101,  0.6550,  1.4699,  0.1893, -2.3776,
         -0.9392,  1.1398]], requires_grad=True)
[2023-01-20 22:08:15,951][__main__][INFO] - parameters: Parameter containing:
tensor([[ 0.5327,  0.0863,  1.1046,  2.3299,  0.6534,  1.4547,  0.1774, -2.3491,
         -0.9344,  1.1114]], requires_grad=True)
[2023-01-20 22:08:16,117][__main__][INFO] - parameters: Parameter containing:
tensor([[ 0.5334,  0.0904,  1.1141,  2.3410,  0.6424,  1.4514,  0.1610, -2.3167,
         -0.9197,  1.0849]], requires_grad=True)
[2023-01-20 22:08:16,302][__main__][INFO] - parameters: Parameter containing:
tensor([[ 0.5401,  0.1051,  1.1257,  2.3527,  0.6189,  1.4492,  0.1342, -2.2852,
         -0.8938,  1.0531]], requires_grad=True)
[2023-01-20 22:08:16,461][__main__][INFO] - parameters: Parameter containing:
tensor([[ 0.5448,  0.1155,  1.1297,  2.3683,  0.6040,  1.4383,  0.1066, -2.2500,
         -0.8721,  1.0204]], requires_grad=True)
[2023-01-20 22:08:16,633][__main__][INFO] - parameters: Parameter containing:
tensor([[ 0.5667,  0.1118,  1.1101,  2.3860,  0.5900,  1.4449,  0.0811, -2.2335,
         -0.8714,  0.9951]], requires_grad=True)
[2023-01-20 22:08:16,808][__main__][INFO] - parameters: Parameter containing:
tensor([[ 0.5852,  0.1116,  1.0877,  2.4026,  0.5664,  1.4577,  0.0378, -2.2114,
         -0.8621,  0.9683]], requires_grad=True)
[2023-01-20 22:08:16,978][__main__][INFO] - parameters: Parameter containing:
tensor([[ 0.5777,  0.1209,  1.0891,  2.4220,  0.5518,  1.4482, -0.0126, -2.1614,
         -0.8349,  0.9214]], requires_grad=True)
[2023-01-20 22:08:17,152][__main__][INFO] - parameters: Parameter containing:
tensor([[ 0.5651,  0.1289,  1.0983,  2.4455,  0.5403,  1.4463, -0.0613, -2.1115,
         -0.8080,  0.8730]], requires_grad=True)
[2023-01-20 22:08:17,328][__main__][INFO] - parameters: Parameter containing:
tensor([[ 0.5485,  0.1416,  1.1188,  2.4781,  0.5365,  1.4391, -0.1035, -2.0633,
         -0.7904,  0.8245]], requires_grad=True)
[2023-01-20 22:08:17,496][__main__][INFO] - parameters: Parameter containing:
tensor([[ 0.5262,  0.1643,  1.1419,  2.4956,  0.5299,  1.4204, -0.1408, -2.0230,
         -0.7748,  0.7751]], requires_grad=True)
[2023-01-20 22:08:17,682][__main__][INFO] - parameters: Parameter containing:
tensor([[ 0.5035,  0.1943,  1.1742,  2.5082,  0.5245,  1.4042, -0.1705, -1.9950,
         -0.7534,  0.7241]], requires_grad=True)
[2023-01-20 22:08:17,858][__main__][INFO] - parameters: Parameter containing:
tensor([[ 0.4856,  0.2057,  1.2060,  2.5305,  0.5307,  1.4042, -0.1850, -1.9643,
         -0.7319,  0.6854]], requires_grad=True)
[2023-01-20 22:08:18,030][__main__][INFO] - parameters: Parameter containing:
tensor([[ 0.4665,  0.2137,  1.2398,  2.5563,  0.5369,  1.4091, -0.1977, -1.9373,
         -0.7067,  0.6475]], requires_grad=True)
[2023-01-20 22:08:18,204][__main__][INFO] - parameters: Parameter containing:
tensor([[ 0.4574,  0.2182,  1.2638,  2.5868,  0.5339,  1.4299, -0.2185, -1.9175,
         -0.6838,  0.6112]], requires_grad=True)
[2023-01-20 22:08:18,369][__main__][INFO] - parameters: Parameter containing:
tensor([[ 0.4433,  0.2163,  1.2921,  2.6106,  0.5393,  1.4514, -0.2234, -1.8990,
         -0.6601,  0.5873]], requires_grad=True)
[2023-01-20 22:08:18,530][__main__][INFO] - parameters: Parameter containing:
tensor([[ 0.4251,  0.2115,  1.3222,  2.6327,  0.5574,  1.4640, -0.2204, -1.8790,
         -0.6390,  0.5684]], requires_grad=True)
[2023-01-20 22:08:18,698][__main__][INFO] - parameters: Parameter containing:
tensor([[ 0.4282,  0.1980,  1.3322,  2.6528,  0.5743,  1.4815, -0.2168, -1.8662,
         -0.6284,  0.5607]], requires_grad=True)
[2023-01-20 22:08:18,881][__main__][INFO] - parameters: Parameter containing:
tensor([[ 0.4413,  0.1732,  1.3323,  2.6729,  0.5962,  1.4988, -0.2084, -1.8472,
         -0.6227,  0.5610]], requires_grad=True)
[2023-01-20 22:08:19,069][__main__][INFO] - parameters: Parameter containing:
tensor([[ 0.4604,  0.1512,  1.3193,  2.6822,  0.6037,  1.5250, -0.2111, -1.8440,
         -0.6184,  0.5769]], requires_grad=True)
[2023-01-20 22:08:19,248][__main__][INFO] - parameters: Parameter containing:
tensor([[ 0.4766,  0.1492,  1.3125,  2.6854,  0.5997,  1.5423, -0.2255, -1.8445,
         -0.6093,  0.5766]], requires_grad=True)
[2023-01-20 22:08:19,420][__main__][INFO] - parameters: Parameter containing:
tensor([[ 0.5073,  0.1129,  1.2727,  2.6718,  0.6122,  1.5565, -0.2281, -1.8348,
         -0.6168,  0.5964]], requires_grad=True)
[2023-01-20 22:08:19,593][__main__][INFO] - parameters: Parameter containing:
tensor([[ 0.5312,  0.0988,  1.2453,  2.6518,  0.6182,  1.5564, -0.2368, -1.8271,
         -0.6156,  0.6027]], requires_grad=True)
[2023-01-20 22:08:19,770][__main__][INFO] - parameters: Parameter containing:
tensor([[ 0.5656,  0.0604,  1.2038,  2.6401,  0.6523,  1.5486, -0.2199, -1.8196,
         -0.6355,  0.6276]], requires_grad=True)
[2023-01-20 22:08:19,952][__main__][INFO] - parameters: Parameter containing:
tensor([[ 0.6013,  0.0309,  1.1651,  2.6304,  0.6761,  1.5457, -0.2099, -1.8237,
         -0.6548,  0.6503]], requires_grad=True)
[2023-01-20 22:08:20,124][__main__][INFO] - parameters: Parameter containing:
tensor([[ 0.6305,  0.0190,  1.1385,  2.6227,  0.6924,  1.5336, -0.2082, -1.8286,
         -0.6697,  0.6627]], requires_grad=True)
[2023-01-20 22:08:20,303][__main__][INFO] - parameters: Parameter containing:
tensor([[ 0.6534,  0.0079,  1.1077,  2.6013,  0.7152,  1.5077, -0.2044, -1.8313,
         -0.6930,  0.6704]], requires_grad=True)
[2023-01-20 22:08:20,482][__main__][INFO] - parameters: Parameter containing:
tensor([[ 0.6885, -0.0266,  1.0554,  2.5829,  0.7474,  1.5036, -0.1839, -1.8536,
         -0.7305,  0.7111]], requires_grad=True)
[2023-01-20 22:08:20,646][__main__][INFO] - parameters: Parameter containing:
tensor([[ 0.7319, -0.0555,  0.9986,  2.5604,  0.7647,  1.5083, -0.1775, -1.8768,
         -0.7646,  0.7288]], requires_grad=True)
[2023-01-20 22:08:20,815][__main__][INFO] - parameters: Parameter containing:
tensor([[ 0.7714, -0.0917,  0.9468,  2.5374,  0.7821,  1.5252, -0.1540, -1.9231,
         -0.8044,  0.7682]], requires_grad=True)
[2023-01-20 22:08:20,987][__main__][INFO] - parameters: Parameter containing:
tensor([[ 0.8049, -0.1441,  0.8926,  2.5104,  0.8043,  1.5486, -0.1293, -1.9555,
         -0.8351,  0.8205]], requires_grad=True)
[2023-01-20 22:08:21,157][__main__][INFO] - parameters: Parameter containing:
tensor([[ 0.8440, -0.1924,  0.8442,  2.4775,  0.8169,  1.5739, -0.1026, -1.9796,
         -0.8508,  0.8682]], requires_grad=True)
[2023-01-20 22:08:21,317][__main__][INFO] - parameters: Parameter containing:
tensor([[ 0.9034, -0.2392,  0.7982,  2.4724,  0.8213,  1.6212, -0.0832, -2.0143,
         -0.8611,  0.9188]], requires_grad=True)
[2023-01-20 22:08:21,497][__main__][INFO] - parameters: Parameter containing:
tensor([[ 0.9736, -0.2842,  0.7451,  2.4679,  0.8294,  1.6598, -0.0561, -2.0634,
         -0.8820,  0.9817]], requires_grad=True)
[2023-01-20 22:08:21,664][__main__][INFO] - parameters: Parameter containing:
tensor([[ 1.0576, -0.3361,  0.6844,  2.4717,  0.8309,  1.7069, -0.0379, -2.1007,
         -0.8932,  1.0524]], requires_grad=True)
[2023-01-20 22:08:21,851][__main__][INFO] - parameters: Parameter containing:
tensor([[ 1.1530, -0.3869,  0.6200,  2.4781,  0.8232,  1.7550, -0.0288, -2.1299,
         -0.8946,  1.1215]], requires_grad=True)
[2023-01-20 22:08:22,023][__main__][INFO] - parameters: Parameter containing:
tensor([[ 1.2285, -0.4265,  0.5710,  2.4917,  0.8385,  1.7794, -0.0077, -2.1608,
         -0.9135,  1.1687]], requires_grad=True)
[2023-01-20 22:08:22,190][__main__][INFO] - parameters: Parameter containing:
tensor([[ 1.2908e+00, -4.5076e-01,  5.2917e-01,  2.5049e+00,  8.4844e-01,
          1.7968e+00,  5.4713e-05, -2.1918e+00, -9.3504e-01,  1.2009e+00]],
       requires_grad=True)
[2023-01-20 22:08:22,357][__main__][INFO] - parameters: Parameter containing:
tensor([[ 1.3373, -0.4741,  0.4929,  2.5074,  0.8501,  1.8159,  0.0064, -2.2079,
         -0.9432,  1.2264]], requires_grad=True)
[2023-01-20 22:08:22,533][__main__][INFO] - parameters: Parameter containing:
tensor([[ 1.3709, -0.4894,  0.4649,  2.5078,  0.8599,  1.8160,  0.0125, -2.2191,
         -0.9563,  1.2443]], requires_grad=True)
[2023-01-20 22:08:22,706][__main__][INFO] - parameters: Parameter containing:
tensor([[ 1.3981, -0.4962,  0.4491,  2.5216,  0.8724,  1.8174,  0.0148, -2.2263,
         -0.9689,  1.2472]], requires_grad=True)
[2023-01-20 22:08:22,878][__main__][INFO] - parameters: Parameter containing:
tensor([[ 1.4333, -0.5060,  0.4342,  2.5418,  0.8731,  1.8357,  0.0124, -2.2363,
         -0.9687,  1.2537]], requires_grad=True)
[2023-01-20 22:08:23,047][__main__][INFO] - parameters: Parameter containing:
tensor([[ 1.4781e+00, -5.1978e-01,  4.1677e-01,  2.5796e+00,  8.6953e-01,
          1.8680e+00,  1.0016e-03, -2.2411e+00, -9.6945e-01,  1.2487e+00]],
       requires_grad=True)
[2023-01-20 22:08:23,230][__main__][INFO] - parameters: Parameter containing:
tensor([[ 1.5154, -0.5249,  0.4092,  2.6015,  0.8685,  1.8891, -0.0026, -2.2440,
         -0.9655,  1.2416]], requires_grad=True)
[2023-01-20 22:08:23,396][__main__][INFO] - parameters: Parameter containing:
tensor([[ 1.5363e+00, -5.2821e-01,  4.0760e-01,  2.6089e+00,  8.7099e-01,
          1.9038e+00, -6.9999e-04, -2.2451e+00, -9.6184e-01,  1.2419e+00]],
       requires_grad=True)
[2023-01-20 22:08:23,567][__main__][INFO] - parameters: Parameter containing:
tensor([[ 1.5564, -0.5292,  0.4072,  2.6139,  0.8714,  1.9163,  0.0032, -2.2470,
         -0.9549,  1.2463]], requires_grad=True)
[2023-01-20 22:08:23,733][__main__][INFO] - parameters: Parameter containing:
tensor([[ 1.5708, -0.5304,  0.4014,  2.6110,  0.8761,  1.9259,  0.0058, -2.2554,
         -0.9556,  1.2590]], requires_grad=True)
[2023-01-20 22:08:23,906][__main__][INFO] - parameters: Parameter containing:
tensor([[ 1.5607, -0.5335,  0.4049,  2.5960,  0.8833,  1.9353,  0.0054, -2.2442,
         -0.9582,  1.2626]], requires_grad=True)
[2023-01-20 22:08:24,074][__main__][INFO] - parameters: Parameter containing:
tensor([[ 1.5375, -0.5331,  0.4122,  2.5685,  0.8893,  1.9338,  0.0069, -2.2367,
         -0.9598,  1.2744]], requires_grad=True)
[2023-01-20 22:08:24,246][__main__][INFO] - parameters: Parameter containing:
tensor([[ 1.5215, -0.5258,  0.4173,  2.5471,  0.8963,  1.9248,  0.0070, -2.2335,
         -0.9662,  1.2843]], requires_grad=True)
[2023-01-20 22:08:24,418][__main__][INFO] - parameters: Parameter containing:
tensor([[ 1.4930, -0.5181,  0.4222,  2.5146,  0.9079,  1.9032,  0.0122, -2.2272,
         -0.9745,  1.2935]], requires_grad=True)
[2023-01-20 22:08:24,612][__main__][INFO] - parameters: Parameter containing:
tensor([[ 1.4700, -0.5145,  0.4237,  2.4800,  0.9237,  1.8840,  0.0247, -2.2248,
         -0.9866,  1.3034]], requires_grad=True)
[2023-01-20 22:08:24,792][__main__][INFO] - parameters: Parameter containing:
tensor([[ 1.4524, -0.5168,  0.4268,  2.4539,  0.9413,  1.8722,  0.0399, -2.2243,
         -0.9936,  1.3060]], requires_grad=True)
[2023-01-20 22:08:24,971][__main__][INFO] - parameters: Parameter containing:
tensor([[ 1.4618, -0.5177,  0.4139,  2.4390,  0.9469,  1.8680,  0.0424, -2.2306,
         -1.0039,  1.2852]], requires_grad=True)
[2023-01-20 22:08:25,142][__main__][INFO] - parameters: Parameter containing:
tensor([[ 1.4637, -0.5115,  0.4120,  2.4307,  0.9614,  1.8522,  0.0479, -2.2295,
         -1.0126,  1.2533]], requires_grad=True)
[2023-01-20 22:08:25,345][__main__][INFO] - parameters: Parameter containing:
tensor([[ 1.4538, -0.5014,  0.4193,  2.4202,  0.9811,  1.8264,  0.0564, -2.2184,
         -1.0177,  1.2154]], requires_grad=True)
[2023-01-20 22:08:25,554][__main__][INFO] - parameters: Parameter containing:
tensor([[ 1.4584, -0.4882,  0.4248,  2.4198,  0.9921,  1.8050,  0.0581, -2.2121,
         -1.0172,  1.1779]], requires_grad=True)
[2023-01-20 22:08:25,769][__main__][INFO] - parameters: Parameter containing:
tensor([[ 1.4656, -0.4740,  0.4221,  2.4172,  1.0014,  1.7805,  0.0564, -2.2107,
         -1.0208,  1.1473]], requires_grad=True)
[2023-01-20 22:08:25,976][__main__][INFO] - parameters: Parameter containing:
tensor([[ 1.4819, -0.4645,  0.4117,  2.4064,  0.9921,  1.7715,  0.0480, -2.2131,
         -1.0159,  1.1269]], requires_grad=True)
[2023-01-20 22:08:26,181][__main__][INFO] - parameters: Parameter containing:
tensor([[ 1.5121, -0.4624,  0.3964,  2.4101,  0.9815,  1.7755,  0.0368, -2.2039,
         -1.0061,  1.0970]], requires_grad=True)
[2023-01-20 22:08:26,348][__main__][INFO] - parameters: Parameter containing:
tensor([[ 1.5238, -0.4463,  0.3942,  2.3975,  0.9756,  1.7643,  0.0291, -2.1927,
         -0.9986,  1.0634]], requires_grad=True)
[2023-01-20 22:08:26,506][__main__][INFO] - parameters: Parameter containing:
tensor([[ 1.5213, -0.4277,  0.4009,  2.3782,  0.9764,  1.7516,  0.0262, -2.1850,
         -0.9953,  1.0371]], requires_grad=True)
[2023-01-20 22:08:26,667][__main__][INFO] - parameters: Parameter containing:
tensor([[ 1.5133, -0.4116,  0.4143,  2.3641,  0.9788,  1.7448,  0.0270, -2.1786,
         -0.9886,  1.0159]], requires_grad=True)
[2023-01-20 22:08:26,830][__main__][INFO] - parameters: Parameter containing:
tensor([[ 1.4904, -0.3991,  0.4390,  2.3585,  0.9893,  1.7458,  0.0319, -2.1763,
         -0.9861,  1.0006]], requires_grad=True)
[2023-01-20 22:08:26,992][__main__][INFO] - parameters: Parameter containing:
tensor([[ 1.4654, -0.3800,  0.4698,  2.3402,  0.9952,  1.7415,  0.0421, -2.1709,
         -0.9749,  0.9870]], requires_grad=True)
[2023-01-20 22:08:27,156][__main__][INFO] - parameters: Parameter containing:
tensor([[ 1.4369, -0.3620,  0.5053,  2.3292,  1.0001,  1.7450,  0.0531, -2.1643,
         -0.9623,  0.9728]], requires_grad=True)
[2023-01-20 22:08:27,330][__main__][INFO] - parameters: Parameter containing:
tensor([[ 1.4116, -0.3531,  0.5282,  2.3100,  1.0149,  1.7420,  0.0692, -2.1525,
         -0.9616,  0.9615]], requires_grad=True)
[2023-01-20 22:08:27,516][__main__][INFO] - parameters: Parameter containing:
tensor([[ 1.3754, -0.3486,  0.5547,  2.2950,  1.0447,  1.7333,  0.0911, -2.1464,
         -0.9714,  0.9543]], requires_grad=True)
[2023-01-20 22:08:27,690][__main__][INFO] - parameters: Parameter containing:
tensor([[ 1.3431, -0.3343,  0.5796,  2.2642,  1.0610,  1.7207,  0.1082, -2.1478,
         -0.9764,  0.9346]], requires_grad=True)
[2023-01-20 22:08:27,870][__main__][INFO] - parameters: Parameter containing:
tensor([[ 1.3061, -0.3138,  0.6117,  2.2239,  1.0773,  1.6954,  0.1283, -2.1387,
         -0.9703,  0.9175]], requires_grad=True)
[2023-01-20 22:08:28,044][__main__][INFO] - parameters: Parameter containing:
tensor([[ 1.3138, -0.3678,  0.6231,  2.2634,  1.1569,  1.7106,  0.1772, -2.1042,
         -0.9963,  0.9494]], requires_grad=True)
[2023-01-20 22:08:28,221][__main__][INFO] - parameters: Parameter containing:
tensor([[ 1.3009, -0.4212,  0.6277,  2.2751,  1.2201,  1.7334,  0.2185, -2.0750,
         -1.0161,  0.9846]], requires_grad=True)
[2023-01-20 22:08:28,386][__main__][INFO] - parameters: Parameter containing:
tensor([[ 1.2898, -0.4727,  0.6298,  2.2762,  1.2860,  1.7387,  0.2673, -2.0466,
         -1.0350,  1.0250]], requires_grad=True)
[2023-01-20 22:08:28,550][__main__][INFO] - parameters: Parameter containing:
tensor([[ 1.2707, -0.5146,  0.6413,  2.2843,  1.3509,  1.7390,  0.3100, -2.0246,
         -1.0543,  1.0550]], requires_grad=True)
[2023-01-20 22:08:28,734][__main__][INFO] - parameters: Parameter containing:
tensor([[ 1.2582, -0.5527,  0.6452,  2.3005,  1.4078,  1.7464,  0.3410, -2.0125,
         -1.0793,  1.0738]], requires_grad=True)
[2023-01-20 22:08:28,906][__main__][INFO] - parameters: Parameter containing:
tensor([[ 1.2591, -0.5893,  0.6465,  2.3230,  1.4696,  1.7490,  0.3806, -2.0045,
         -1.1089,  1.0939]], requires_grad=True)
[2023-01-20 22:08:29,081][__main__][INFO] - parameters: Parameter containing:
tensor([[ 1.2690, -0.6276,  0.6423,  2.3484,  1.5218,  1.7591,  0.4180, -1.9973,
         -1.1334,  1.1182]], requires_grad=True)
[2023-01-20 22:08:29,248][__main__][INFO] - parameters: Parameter containing:
tensor([[ 1.2641, -0.6599,  0.6426,  2.3642,  1.5703,  1.7677,  0.4493, -1.9937,
         -1.1571,  1.1404]], requires_grad=True)
[2023-01-20 22:08:29,414][__main__][INFO] - parameters: Parameter containing:
tensor([[ 1.2666, -0.6896,  0.6391,  2.3834,  1.6141,  1.7767,  0.4750, -1.9931,
         -1.1818,  1.1663]], requires_grad=True)
[2023-01-20 22:08:29,580][__main__][INFO] - parameters: Parameter containing:
tensor([[ 1.2635, -0.7093,  0.6367,  2.3945,  1.6532,  1.7728,  0.4937, -1.9920,
         -1.2087,  1.1890]], requires_grad=True)
[2023-01-20 22:08:29,757][__main__][INFO] - parameters: Parameter containing:
tensor([[ 1.2491, -0.7249,  0.6364,  2.3912,  1.6909,  1.7552,  0.5135, -1.9928,
         -1.2343,  1.2187]], requires_grad=True)
[2023-01-20 22:08:29,954][__main__][INFO] - parameters: Parameter containing:
tensor([[ 1.2313, -0.7477,  0.6275,  2.3913,  1.7242,  1.7497,  0.5219, -1.9927,
         -1.2651,  1.2475]], requires_grad=True)
[2023-01-20 22:08:30,128][__main__][INFO] - parameters: Parameter containing:
tensor([[ 1.2232, -0.7690,  0.6163,  2.3963,  1.7497,  1.7465,  0.5292, -1.9939,
         -1.2917,  1.2777]], requires_grad=True)
[2023-01-20 22:08:30,303][__main__][INFO] - parameters: Parameter containing:
tensor([[ 1.2291, -0.7874,  0.6027,  2.4128,  1.7670,  1.7545,  0.5343, -2.0066,
         -1.3161,  1.3076]], requires_grad=True)
[2023-01-20 22:08:30,465][__main__][INFO] - parameters: Parameter containing:
tensor([[ 1.2372, -0.7914,  0.5894,  2.4323,  1.7715,  1.7638,  0.5195, -2.0184,
         -1.3338,  1.3274]], requires_grad=True)
[2023-01-20 22:08:30,636][__main__][INFO] - parameters: Parameter containing:
tensor([[ 1.2358, -0.7937,  0.5832,  2.4536,  1.7881,  1.7627,  0.5154, -2.0351,
         -1.3571,  1.3436]], requires_grad=True)
[2023-01-20 22:08:30,807][__main__][INFO] - parameters: Parameter containing:
tensor([[ 1.2255, -0.7974,  0.5800,  2.4680,  1.8115,  1.7532,  0.5241, -2.0562,
         -1.3848,  1.3595]], requires_grad=True)
[2023-01-20 22:08:30,981][__main__][INFO] - parameters: Parameter containing:
tensor([[ 1.2186, -0.7940,  0.5731,  2.4671,  1.8293,  1.7361,  0.5280, -2.0657,
         -1.4036,  1.3584]], requires_grad=True)
[2023-01-20 22:08:31,170][__main__][INFO] - parameters: Parameter containing:
tensor([[ 1.2237, -0.7888,  0.5560,  2.4724,  1.8468,  1.7171,  0.5192, -2.0709,
         -1.4300,  1.3487]], requires_grad=True)
[2023-01-20 22:08:31,332][__main__][INFO] - parameters: Parameter containing:
tensor([[ 1.2368, -0.7812,  0.5435,  2.4902,  1.8733,  1.6938,  0.5171, -2.0761,
         -1.4589,  1.3339]], requires_grad=True)
[2023-01-20 22:08:31,511][__main__][INFO] - parameters: Parameter containing:
tensor([[ 1.2365, -0.7607,  0.5405,  2.4951,  1.8910,  1.6644,  0.5077, -2.0817,
         -1.4781,  1.3164]], requires_grad=True)
[2023-01-20 22:08:31,680][__main__][INFO] - parameters: Parameter containing:
tensor([[ 1.2531, -0.7629,  0.5211,  2.5085,  1.9108,  1.6567,  0.5027, -2.0802,
         -1.4954,  1.3054]], requires_grad=True)
[2023-01-20 22:08:31,854][__main__][INFO] - parameters: Parameter containing:
tensor([[ 1.2592, -0.7532,  0.5075,  2.5097,  1.9093,  1.6464,  0.4838, -2.0708,
         -1.4960,  1.2819]], requires_grad=True)
[2023-01-20 22:08:32,026][__main__][INFO] - parameters: Parameter containing:
tensor([[ 1.2654, -0.7365,  0.5111,  2.5168,  1.8865,  1.6542,  0.4638, -2.0681,
         -1.4712,  1.2619]], requires_grad=True)
[2023-01-20 22:08:32,199][__main__][INFO] - parameters: Parameter containing:
tensor([[ 1.2714, -0.7305,  0.5120,  2.5197,  1.8746,  1.6538,  0.4569, -2.0558,
         -1.4534,  1.2490]], requires_grad=True)
[2023-01-20 22:08:32,380][__main__][INFO] - parameters: Parameter containing:
tensor([[ 1.2712, -0.7192,  0.5194,  2.5168,  1.8566,  1.6541,  0.4446, -2.0349,
         -1.4267,  1.2342]], requires_grad=True)
[2023-01-20 22:08:32,555][__main__][INFO] - parameters: Parameter containing:
tensor([[ 1.2592, -0.6868,  0.5450,  2.4968,  1.8161,  1.6449,  0.4258, -2.0048,
         -1.3675,  1.2026]], requires_grad=True)
[2023-01-20 22:08:32,717][__main__][INFO] - parameters: Parameter containing:
tensor([[ 1.2557, -0.6541,  0.5679,  2.4822,  1.7671,  1.6454,  0.3998, -1.9762,
         -1.3047,  1.1703]], requires_grad=True)
[2023-01-20 22:08:32,886][__main__][INFO] - parameters: Parameter containing:
tensor([[ 1.2432, -0.6197,  0.5923,  2.4816,  1.7360,  1.6340,  0.3717, -1.9420,
         -1.2586,  1.1595]], requires_grad=True)
[2023-01-20 22:08:33,062][__main__][INFO] - parameters: Parameter containing:
tensor([[ 1.2315, -0.5920,  0.6128,  2.4785,  1.7080,  1.6262,  0.3495, -1.9104,
         -1.2159,  1.1497]], requires_grad=True)
[2023-01-20 22:08:33,241][__main__][INFO] - parameters: Parameter containing:
tensor([[ 1.2281, -0.5743,  0.6192,  2.4713,  1.6832,  1.6209,  0.3326, -1.8880,
         -1.1854,  1.1476]], requires_grad=True)
[2023-01-20 22:08:33,414][__main__][INFO] - parameters: Parameter containing:
tensor([[ 1.2280, -0.5593,  0.6231,  2.4625,  1.6547,  1.6193,  0.3180, -1.8681,
         -1.1516,  1.1506]], requires_grad=True)
[2023-01-20 22:08:33,593][__main__][INFO] - parameters: Parameter containing:
tensor([[ 1.2215, -0.5486,  0.6267,  2.4436,  1.6310,  1.6177,  0.3082, -1.8508,
         -1.1167,  1.1593]], requires_grad=True)
[2023-01-20 22:08:33,765][__main__][INFO] - parameters: Parameter containing:
tensor([[ 1.2142, -0.5344,  0.6352,  2.4217,  1.6102,  1.6091,  0.3061, -1.8280,
         -1.0805,  1.1651]], requires_grad=True)
[2023-01-20 22:08:33,931][__main__][INFO] - parameters: Parameter containing:
tensor([[ 1.2147, -0.5238,  0.6394,  2.3932,  1.5842,  1.6064,  0.3028, -1.8029,
         -1.0386,  1.1827]], requires_grad=True)
[2023-01-20 22:08:34,101][__main__][INFO] - parameters: Parameter containing:
tensor([[ 1.1865, -0.5072,  0.6249,  2.3096,  1.5641,  1.5574,  0.3309, -1.7834,
         -1.0029,  1.1834]], requires_grad=True)
[2023-01-20 22:08:34,268][__main__][INFO] - parameters: Parameter containing:
tensor([[ 1.1517, -0.4908,  0.6060,  2.2233,  1.5505,  1.5033,  0.3572, -1.7628,
         -0.9830,  1.1759]], requires_grad=True)
[2023-01-20 22:08:34,440][__main__][INFO] - parameters: Parameter containing:
tensor([[ 1.1137, -0.4702,  0.6000,  2.1505,  1.5402,  1.4534,  0.3769, -1.7386,
         -0.9627,  1.1685]], requires_grad=True)
[2023-01-20 22:08:34,606][__main__][INFO] - parameters: Parameter containing:
tensor([[ 1.0800, -0.4493,  0.5884,  2.0875,  1.5362,  1.4028,  0.3875, -1.7122,
         -0.9558,  1.1603]], requires_grad=True)
[2023-01-20 22:08:34,794][__main__][INFO] - parameters: Parameter containing:
tensor([[ 1.0447, -0.4394,  0.5656,  2.0111,  1.5229,  1.3625,  0.4018, -1.7052,
         -0.9530,  1.1671]], requires_grad=True)
[2023-01-20 22:08:34,963][__main__][INFO] - parameters: Parameter containing:
tensor([[ 1.0096, -0.4197,  0.5611,  1.9422,  1.5020,  1.3322,  0.4158, -1.7078,
         -0.9375,  1.1784]], requires_grad=True)
[2023-01-20 22:08:35,133][__main__][INFO] - parameters: Parameter containing:
tensor([[ 0.9907, -0.4003,  0.5542,  1.8951,  1.4953,  1.2856,  0.4310, -1.7134,
         -0.9350,  1.1873]], requires_grad=True)
[2023-01-20 22:08:35,308][__main__][INFO] - parameters: Parameter containing:
tensor([[ 0.9865, -0.3851,  0.5441,  1.8636,  1.4902,  1.2478,  0.4438, -1.7160,
         -0.9334,  1.1973]], requires_grad=True)
[2023-01-20 22:08:35,481][__main__][INFO] - parameters: Parameter containing:
tensor([[ 0.9889, -0.3721,  0.5359,  1.8389,  1.4839,  1.2069,  0.4549, -1.6991,
         -0.9266,  1.2047]], requires_grad=True)
[2023-01-20 22:08:35,651][__main__][INFO] - parameters: Parameter containing:
tensor([[ 0.9896, -0.3466,  0.5390,  1.8217,  1.4693,  1.1670,  0.4503, -1.6800,
         -0.9091,  1.2033]], requires_grad=True)
[2023-01-20 22:08:35,817][__main__][INFO] - parameters: Parameter containing:
tensor([[ 1.0034, -0.3223,  0.5488,  1.8104,  1.4456,  1.1431,  0.4553, -1.6717,
         -0.8728,  1.2124]], requires_grad=True)
[2023-01-20 22:08:36,002][__main__][INFO] - parameters: Parameter containing:
tensor([[ 1.0321, -0.3038,  0.5474,  1.8028,  1.4258,  1.1174,  0.4609, -1.6652,
         -0.8406,  1.2175]], requires_grad=True)
[2023-01-20 22:08:36,170][__main__][INFO] - parameters: Parameter containing:
tensor([[ 1.0664, -0.2909,  0.5438,  1.8039,  1.4040,  1.1078,  0.4623, -1.6620,
         -0.8074,  1.2247]], requires_grad=True)
[2023-01-20 22:08:36,341][__main__][INFO] - parameters: Parameter containing:
tensor([[ 1.1045, -0.2796,  0.5326,  1.8026,  1.3765,  1.1048,  0.4574, -1.6615,
         -0.7753,  1.2285]], requires_grad=True)
[2023-01-20 22:08:36,505][__main__][INFO] - parameters: Parameter containing:
tensor([[ 1.1580, -0.3325,  0.4739,  1.8065,  1.4122,  1.0890,  0.5025, -1.6413,
         -0.7978,  1.2610]], requires_grad=True)
[2023-01-20 22:08:36,677][__main__][INFO] - parameters: Parameter containing:
tensor([[ 1.2017, -0.3815,  0.4247,  1.8084,  1.4519,  1.0675,  0.5534, -1.6212,
         -0.8147,  1.2946]], requires_grad=True)
[2023-01-20 22:08:36,851][__main__][INFO] - parameters: Parameter containing:
tensor([[ 1.2453, -0.4233,  0.3752,  1.8090,  1.4855,  1.0383,  0.6007, -1.6046,
         -0.8343,  1.3256]], requires_grad=True)
[2023-01-20 22:08:37,017][__main__][INFO] - parameters: Parameter containing:
tensor([[ 1.2910, -0.4613,  0.3276,  1.8098,  1.5120,  1.0126,  0.6369, -1.5912,
         -0.8478,  1.3565]], requires_grad=True)
[2023-01-20 22:08:37,204][__main__][INFO] - parameters: Parameter containing:
tensor([[ 1.3398, -0.4932,  0.2870,  1.8051,  1.5336,  0.9875,  0.6745, -1.5771,
         -0.8565,  1.3831]], requires_grad=True)
[2023-01-20 22:08:37,377][__main__][INFO] - parameters: Parameter containing:
tensor([[ 1.3874, -0.5263,  0.2477,  1.8060,  1.5549,  0.9647,  0.7151, -1.5687,
         -0.8683,  1.4167]], requires_grad=True)
[2023-01-20 22:08:37,548][__main__][INFO] - parameters: Parameter containing:
tensor([[ 1.4258, -0.5498,  0.2141,  1.7924,  1.5764,  0.9289,  0.7575, -1.5664,
         -0.8797,  1.4477]], requires_grad=True)
[2023-01-20 22:08:37,716][__main__][INFO] - parameters: Parameter containing:
tensor([[ 1.4554, -0.5640,  0.1901,  1.7904,  1.6087,  0.8917,  0.7990, -1.5772,
         -0.9029,  1.4743]], requires_grad=True)
[2023-01-20 22:08:37,880][__main__][INFO] - parameters: Parameter containing:
tensor([[ 1.4788, -0.5767,  0.1734,  1.7996,  1.6371,  0.8670,  0.8339, -1.5897,
         -0.9219,  1.4982]], requires_grad=True)
[2023-01-20 22:08:38,055][__main__][INFO] - parameters: Parameter containing:
tensor([[ 1.5203, -0.5823,  0.1560,  1.8137,  1.6639,  0.8419,  0.8540, -1.5793,
         -0.9370,  1.5012]], requires_grad=True)
[2023-01-20 22:08:38,228][__main__][INFO] - parameters: Parameter containing:
tensor([[ 1.5557, -0.5786,  0.1412,  1.8267,  1.6876,  0.8165,  0.8634, -1.5785,
         -0.9561,  1.5047]], requires_grad=True)
[2023-01-20 22:08:38,430][__main__][INFO] - parameters: Parameter containing:
tensor([[ 1.5800, -0.5702,  0.1367,  1.8350,  1.7140,  0.7855,  0.8775, -1.5725,
         -0.9723,  1.5004]], requires_grad=True)
[2023-01-20 22:08:38,596][__main__][INFO] - parameters: Parameter containing:
tensor([[ 1.6007, -0.5638,  0.1362,  1.8415,  1.7413,  0.7552,  0.8913, -1.5498,
         -0.9846,  1.4898]], requires_grad=True)
[2023-01-20 22:08:38,765][__main__][INFO] - parameters: Parameter containing:
tensor([[ 1.6168, -0.5724,  0.1242,  1.8368,  1.7782,  0.7153,  0.9153, -1.5206,
         -1.0068,  1.4974]], requires_grad=True)
[2023-01-20 22:08:38,935][__main__][INFO] - parameters: Parameter containing:
tensor([[ 1.6249, -0.5849,  0.1069,  1.8273,  1.8201,  0.6721,  0.9367, -1.4945,
         -1.0382,  1.5067]], requires_grad=True)
[2023-01-20 22:08:39,111][__main__][INFO] - parameters: Parameter containing:
tensor([[ 1.6228, -0.5842,  0.1032,  1.8114,  1.8542,  0.6305,  0.9575, -1.4797,
         -1.0646,  1.5147]], requires_grad=True)
[2023-01-20 22:08:39,283][__main__][INFO] - parameters: Parameter containing:
tensor([[ 1.6076, -0.5808,  0.1119,  1.7872,  1.8832,  0.5960,  0.9844, -1.4731,
         -1.0848,  1.5227]], requires_grad=True)
[2023-01-20 22:08:39,463][__main__][INFO] - parameters: Parameter containing:
tensor([[ 1.5951, -0.5754,  0.1182,  1.7626,  1.9046,  0.5631,  0.9997, -1.4603,
         -1.1030,  1.5248]], requires_grad=True)
[2023-01-20 22:08:39,648][__main__][INFO] - parameters: Parameter containing:
tensor([[ 1.6019, -0.5779,  0.1105,  1.7547,  1.9238,  0.5407,  1.0100, -1.4529,
         -1.1230,  1.5300]], requires_grad=True)
[2023-01-20 22:08:39,826][__main__][INFO] - parameters: Parameter containing:
tensor([[ 1.6197, -0.5879,  0.0917,  1.7651,  1.9365,  0.5436,  1.0091, -1.4507,
         -1.1434,  1.5369]], requires_grad=True)
[2023-01-20 22:08:39,997][__main__][INFO] - parameters: Parameter containing:
tensor([[ 1.6292, -0.5933,  0.0791,  1.7816,  1.9491,  0.5465,  0.9976, -1.4464,
         -1.1686,  1.5398]], requires_grad=True)
[2023-01-20 22:08:40,164][__main__][INFO] - parameters: Parameter containing:
tensor([[ 1.6406, -0.5960,  0.0616,  1.7947,  1.9594,  0.5443,  0.9834, -1.4396,
         -1.1950,  1.5332]], requires_grad=True)
[2023-01-20 22:08:40,332][__main__][INFO] - parameters: Parameter containing:
tensor([[ 1.6626, -0.5950,  0.0445,  1.8113,  1.9667,  0.5396,  0.9681, -1.4306,
         -1.2175,  1.5240]], requires_grad=True)
[2023-01-20 22:08:40,500][__main__][INFO] - parameters: Parameter containing:
tensor([[ 1.6829, -0.6035,  0.0239,  1.8318,  1.9707,  0.5495,  0.9563, -1.4294,
         -1.2374,  1.5208]], requires_grad=True)
[2023-01-20 22:08:40,670][__main__][INFO] - parameters: Parameter containing:
tensor([[ 1.6949, -0.5954,  0.0107,  1.8312,  1.9711,  0.5426,  0.9378, -1.4244,
         -1.2515,  1.5097]], requires_grad=True)
[2023-01-20 22:08:40,852][__main__][INFO] - parameters: Parameter containing:
tensor([[ 1.7139e+00, -5.8792e-01, -1.7861e-03,  1.8423e+00,  1.9716e+00,
          5.4219e-01,  9.1809e-01, -1.4190e+00, -1.2691e+00,  1.4975e+00]],
       requires_grad=True)
[2023-01-20 22:08:41,025][__main__][INFO] - parameters: Parameter containing:
tensor([[ 1.7241, -0.5883, -0.0168,  1.8526,  1.9898,  0.5305,  0.9092, -1.4151,
         -1.2932,  1.4816]], requires_grad=True)
[2023-01-20 22:08:41,196][__main__][INFO] - parameters: Parameter containing:
tensor([[ 1.7300, -0.5855, -0.0275,  1.8601,  2.0067,  0.5198,  0.9008, -1.4094,
         -1.3096,  1.4638]], requires_grad=True)
[2023-01-20 22:08:41,378][__main__][INFO] - parameters: Parameter containing:
tensor([[ 1.7312, -0.5830, -0.0299,  1.8719,  2.0216,  0.5161,  0.8965, -1.3967,
         -1.3175,  1.4544]], requires_grad=True)
[2023-01-20 22:08:41,550][__main__][INFO] - parameters: Parameter containing:
tensor([[ 1.7393, -0.5751, -0.0295,  1.8808,  2.0239,  0.5150,  0.8922, -1.3828,
         -1.3125,  1.4284]], requires_grad=True)
[2023-01-20 22:08:41,722][__main__][INFO] - parameters: Parameter containing:
tensor([[ 1.7399, -0.5617, -0.0246,  1.8752,  2.0212,  0.5071,  0.8893, -1.3660,
         -1.3007,  1.3878]], requires_grad=True)
[2023-01-20 22:08:41,887][__main__][INFO] - parameters: Parameter containing:
tensor([[ 1.7464, -0.5434, -0.0105,  1.8575,  2.0122,  0.4871,  0.8995, -1.3364,
         -1.2703,  1.3271]], requires_grad=True)
[2023-01-20 22:08:42,072][__main__][INFO] - parameters: Parameter containing:
tensor([[ 1.7497e+00, -5.2583e-01, -1.3345e-03,  1.8380e+00,  2.0027e+00,
          4.7033e-01,  9.0020e-01, -1.3051e+00, -1.2471e+00,  1.2680e+00]],
       requires_grad=True)
[2023-01-20 22:08:42,242][__main__][INFO] - parameters: Parameter containing:
tensor([[ 1.7359, -0.5116,  0.0165,  1.8310,  2.0000,  0.4616,  0.8990, -1.2747,
         -1.2310,  1.2155]], requires_grad=True)
[2023-01-20 22:08:42,418][__main__][INFO] - parameters: Parameter containing:
tensor([[ 1.7411, -0.5039,  0.0234,  1.8420,  1.9965,  0.4650,  0.8880, -1.2380,
         -1.2199,  1.1654]], requires_grad=True)
[2023-01-20 22:08:42,586][__main__][INFO] - parameters: Parameter containing:
tensor([[ 1.7329, -0.4957,  0.0372,  1.8488,  1.9960,  0.4680,  0.8832, -1.2057,
         -1.2058,  1.1233]], requires_grad=True)
[2023-01-20 22:08:42,760][__main__][INFO] - parameters: Parameter containing:
tensor([[ 1.7442, -0.4866,  0.0385,  1.8501,  1.9894,  0.4655,  0.8807, -1.1827,
         -1.1916,  1.0810]], requires_grad=True)
[2023-01-20 22:08:42,928][__main__][INFO] - parameters: Parameter containing:
tensor([[ 1.7513, -0.4737,  0.0442,  1.8495,  1.9784,  0.4552,  0.8785, -1.1667,
         -1.1718,  1.0538]], requires_grad=True)
[2023-01-20 22:08:43,095][__main__][INFO] - parameters: Parameter containing:
tensor([[ 1.7532, -0.4546,  0.0474,  1.8339,  1.9628,  0.4324,  0.8737, -1.1533,
         -1.1540,  1.0159]], requires_grad=True)
[2023-01-20 22:08:43,280][__main__][INFO] - parameters: Parameter containing:
tensor([[ 1.7470, -0.4389,  0.0512,  1.8102,  1.9487,  0.4098,  0.8692, -1.1338,
         -1.1364,  0.9712]], requires_grad=True)
[2023-01-20 22:08:43,453][__main__][INFO] - parameters: Parameter containing:
tensor([[ 1.7347, -0.4264,  0.0636,  1.8008,  1.9512,  0.3726,  0.8662, -1.0930,
         -1.1226,  0.9403]], requires_grad=True)
[2023-01-20 22:08:43,608][__main__][INFO] - parameters: Parameter containing:
tensor([[ 1.7432, -0.4056,  0.0800,  1.8041,  1.9460,  0.3375,  0.8597, -1.0583,
         -1.1030,  0.9059]], requires_grad=True)
[2023-01-20 22:08:43,778][__main__][INFO] - parameters: Parameter containing:
tensor([[ 1.7574, -0.3765,  0.0939,  1.8002,  1.9401,  0.2927,  0.8510, -1.0350,
         -1.0876,  0.8758]], requires_grad=True)
[2023-01-20 22:08:43,951][__main__][INFO] - parameters: Parameter containing:
tensor([[ 1.7544, -0.3639,  0.0990,  1.7847,  1.9335,  0.2632,  0.8418, -1.0031,
         -1.0723,  0.8496]], requires_grad=True)
[2023-01-20 22:08:44,122][__main__][INFO] - parameters: Parameter containing:
tensor([[ 1.7317, -0.3508,  0.1183,  1.7657,  1.9271,  0.2442,  0.8384, -0.9778,
         -1.0558,  0.8314]], requires_grad=True)
[2023-01-20 22:08:44,285][__main__][INFO] - parameters: Parameter containing:
tensor([[ 1.7109, -0.3297,  0.1477,  1.7717,  1.9332,  0.2213,  0.8297, -0.9490,
         -1.0485,  0.7999]], requires_grad=True)
[2023-01-20 22:08:44,468][__main__][INFO] - parameters: Parameter containing:
tensor([[ 1.6796, -0.3115,  0.1750,  1.7658,  1.9415,  0.1964,  0.8234, -0.9181,
         -1.0411,  0.7694]], requires_grad=True)
[2023-01-20 22:08:44,641][__main__][INFO] - parameters: Parameter containing:
tensor([[ 1.6562, -0.2915,  0.2043,  1.7640,  1.9632,  0.1578,  0.8284, -0.8863,
         -1.0373,  0.7308]], requires_grad=True)
[2023-01-20 22:08:44,813][__main__][INFO] - parameters: Parameter containing:
tensor([[ 1.6228, -0.2756,  0.2304,  1.7683,  1.9912,  0.1259,  0.8305, -0.8622,
         -1.0475,  0.6984]], requires_grad=True)
[2023-01-20 22:08:44,983][__main__][INFO] - parameters: Parameter containing:
tensor([[ 1.5932, -0.2585,  0.2563,  1.7624,  2.0153,  0.0945,  0.8375, -0.8358,
         -1.0554,  0.6611]], requires_grad=True)
[2023-01-20 22:08:45,152][__main__][INFO] - parameters: Parameter containing:
tensor([[ 1.5730, -0.2428,  0.2734,  1.7507,  2.0263,  0.0691,  0.8450, -0.8201,
         -1.0547,  0.6394]], requires_grad=True)
[2023-01-20 22:08:45,317][__main__][INFO] - parameters: Parameter containing:
tensor([[ 1.5577, -0.2249,  0.2927,  1.7436,  2.0400,  0.0446,  0.8532, -0.8011,
         -1.0501,  0.6072]], requires_grad=True)
[2023-01-20 22:08:45,490][__main__][INFO] - parameters: Parameter containing:
tensor([[ 1.5393e+00, -1.9912e-01,  3.3537e-01,  1.7388e+00,  2.0715e+00,
          2.0580e-03,  8.8721e-01, -7.7997e-01, -1.0470e+00,  5.8630e-01]],
       requires_grad=True)
[2023-01-20 22:08:45,669][__main__][INFO] - parameters: Parameter containing:
tensor([[ 1.5377, -0.1817,  0.3730,  1.7557,  2.1041, -0.0278,  0.9159, -0.7685,
         -1.0484,  0.5752]], requires_grad=True)
[2023-01-20 22:08:45,843][__main__][INFO] - parameters: Parameter containing:
tensor([[ 1.5436, -0.1664,  0.4002,  1.7684,  2.1316, -0.0565,  0.9491, -0.7767,
         -1.0492,  0.5702]], requires_grad=True)
[2023-01-20 22:08:46,010][__main__][INFO] - parameters: Parameter containing:
tensor([[ 1.5576, -0.1600,  0.4239,  1.7854,  2.1586, -0.0755,  0.9872, -0.7777,
         -1.0482,  0.5582]], requires_grad=True)
[2023-01-20 22:08:46,183][__main__][INFO] - parameters: Parameter containing:
tensor([[ 1.5794, -0.1606,  0.4424,  1.8087,  2.1789, -0.0783,  1.0267, -0.7948,
         -1.0427,  0.5572]], requires_grad=True)
[2023-01-20 22:08:46,358][__main__][INFO] - parameters: Parameter containing:
tensor([[ 1.6045, -0.1640,  0.4598,  1.8450,  2.1948, -0.0732,  1.0591, -0.8103,
         -1.0336,  0.5595]], requires_grad=True)
[2023-01-20 22:08:46,525][__main__][INFO] - parameters: Parameter containing:
tensor([[ 1.6376, -0.1747,  0.4725,  1.8778,  2.2052, -0.0628,  1.0936, -0.8139,
         -1.0136,  0.5629]], requires_grad=True)
[2023-01-20 22:08:46,693][__main__][INFO] - parameters: Parameter containing:
tensor([[ 1.6663, -0.1876,  0.4881,  1.9155,  2.2183, -0.0505,  1.1278, -0.8157,
         -0.9915,  0.5759]], requires_grad=True)
[2023-01-20 22:08:46,882][__main__][INFO] - parameters: Parameter containing:
tensor([[ 1.6923, -0.2009,  0.5029,  1.9380,  2.2270, -0.0456,  1.1695, -0.8208,
         -0.9609,  0.5973]], requires_grad=True)
[2023-01-20 22:08:47,050][__main__][INFO] - parameters: Parameter containing:
tensor([[ 1.7172, -0.2162,  0.5186,  1.9521,  2.2273, -0.0396,  1.2145, -0.8279,
         -0.9199,  0.6291]], requires_grad=True)
[2023-01-20 22:08:47,223][__main__][INFO] - parameters: Parameter containing:
tensor([[ 1.7343, -0.2281,  0.5329,  1.9591,  2.2317, -0.0414,  1.2605, -0.8429,
         -0.8888,  0.6597]], requires_grad=True)
[2023-01-20 22:08:47,394][__main__][INFO] - parameters: Parameter containing:
tensor([[ 1.7600, -0.2405,  0.5407,  1.9637,  2.2314, -0.0382,  1.3013, -0.8441,
         -0.8535,  0.6792]], requires_grad=True)
[2023-01-20 22:08:47,565][__main__][INFO] - parameters: Parameter containing:
tensor([[ 1.7719, -0.2453,  0.5552,  1.9604,  2.2264, -0.0315,  1.3382, -0.8527,
         -0.8210,  0.6923]], requires_grad=True)
[2023-01-20 22:08:47,731][__main__][INFO] - parameters: Parameter containing:
tensor([[ 1.7817, -0.2526,  0.5700,  1.9665,  2.2227, -0.0164,  1.3628, -0.8525,
         -0.7908,  0.7032]], requires_grad=True)
[2023-01-20 22:08:47,898][__main__][INFO] - parameters: Parameter containing:
tensor([[ 1.7814, -0.2477,  0.5942,  1.9839,  2.2235, -0.0089,  1.3686, -0.8472,
         -0.7741,  0.7052]], requires_grad=True)
[2023-01-20 22:08:48,089][__main__][INFO] - parameters: Parameter containing:
tensor([[ 1.7803e+00, -2.4675e-01,  6.1297e-01,  2.0116e+00,  2.2253e+00,
          1.0957e-03,  1.3752e+00, -8.4930e-01, -7.6712e-01,  6.9973e-01]],
       requires_grad=True)
[2023-01-20 22:08:48,258][__main__][INFO] - parameters: Parameter containing:
tensor([[ 1.7407e+00, -2.4831e-01,  6.3857e-01,  2.0393e+00,  2.2407e+00,
          1.6624e-04,  1.3771e+00, -8.4473e-01, -7.7826e-01,  7.2549e-01]],
       requires_grad=True)
[2023-01-20 22:08:48,426][__main__][INFO] - parameters: Parameter containing:
tensor([[ 1.7155, -0.2379,  0.6556,  2.0477,  2.2531, -0.0179,  1.3762, -0.8369,
         -0.7960,  0.7376]], requires_grad=True)
[2023-01-20 22:08:48,602][__main__][INFO] - parameters: Parameter containing:
tensor([[ 1.7030, -0.2201,  0.6700,  2.0701,  2.2657, -0.0392,  1.3649, -0.8323,
         -0.8186,  0.7424]], requires_grad=True)
[2023-01-20 22:08:48,766][__main__][INFO] - parameters: Parameter containing:
tensor([[ 1.6895, -0.2082,  0.6794,  2.0816,  2.2740, -0.0576,  1.3560, -0.8306,
         -0.8365,  0.7590]], requires_grad=True)
[2023-01-20 22:08:48,938][__main__][INFO] - parameters: Parameter containing:
tensor([[ 1.6842, -0.1974,  0.6920,  2.0945,  2.2765, -0.0680,  1.3502, -0.8226,
         -0.8422,  0.7758]], requires_grad=True)
[2023-01-20 22:08:49,104][__main__][INFO] - parameters: Parameter containing:
tensor([[ 1.6887, -0.1853,  0.6995,  2.1064,  2.2781, -0.0750,  1.3407, -0.8172,
         -0.8482,  0.7868]], requires_grad=True)
[2023-01-20 22:08:49,272][__main__][INFO] - parameters: Parameter containing:
tensor([[ 1.6978, -0.1705,  0.7016,  2.1175,  2.2809, -0.0872,  1.3273, -0.8178,
         -0.8611,  0.8021]], requires_grad=True)
[2023-01-20 22:08:49,452][__main__][INFO] - parameters: Parameter containing:
tensor([[ 1.7129, -0.1472,  0.7066,  2.1293,  2.2775, -0.1013,  1.3021, -0.8097,
         -0.8687,  0.8127]], requires_grad=True)
[2023-01-20 22:08:49,634][__main__][INFO] - parameters: Parameter containing:
tensor([[ 1.7127, -0.1239,  0.7241,  2.1264,  2.2731, -0.1174,  1.2895, -0.7930,
         -0.8580,  0.8198]], requires_grad=True)
[2023-01-20 22:08:49,824][__main__][INFO] - parameters: Parameter containing:
tensor([[ 1.7009, -0.1026,  0.7433,  2.1119,  2.2558, -0.1248,  1.2811, -0.7969,
         -0.8386,  0.8451]], requires_grad=True)
[2023-01-20 22:08:50,010][__main__][INFO] - parameters: Parameter containing:
tensor([[ 1.6965, -0.0756,  0.7599,  2.0954,  2.2383, -0.1360,  1.2723, -0.8010,
         -0.8235,  0.8635]], requires_grad=True)
[2023-01-20 22:08:50,195][__main__][INFO] - parameters: Parameter containing:
tensor([[ 1.6924, -0.0428,  0.7784,  2.0887,  2.2247, -0.1554,  1.2454, -0.7830,
         -0.8117,  0.8624]], requires_grad=True)
[2023-01-20 22:08:50,374][__main__][INFO] - parameters: Parameter containing:
tensor([[ 1.6870, -0.0068,  0.7954,  2.0782,  2.2164, -0.1880,  1.2187, -0.7614,
         -0.8042,  0.8618]], requires_grad=True)
[2023-01-20 22:08:50,563][__main__][INFO] - parameters: Parameter containing:
tensor([[ 1.6817,  0.0211,  0.8086,  2.0701,  2.2180, -0.2235,  1.2044, -0.7461,
         -0.8057,  0.8588]], requires_grad=True)
[2023-01-20 22:08:50,724][__main__][INFO] - parameters: Parameter containing:
tensor([[ 1.6767,  0.0507,  0.8267,  2.0633,  2.2207, -0.2531,  1.1921, -0.7372,
         -0.8035,  0.8533]], requires_grad=True)
[2023-01-20 22:08:50,881][__main__][INFO] - parameters: Parameter containing:
tensor([[ 1.6736,  0.0777,  0.8359,  2.0622,  2.2241, -0.2828,  1.1729, -0.7327,
         -0.8066,  0.8381]], requires_grad=True)
[2023-01-20 22:08:51,047][__main__][INFO] - parameters: Parameter containing:
tensor([[ 1.6595,  0.1106,  0.8609,  2.0536,  2.2317, -0.3141,  1.1684, -0.7389,
         -0.8066,  0.8212]], requires_grad=True)
[2023-01-20 22:08:51,221][__main__][INFO] - parameters: Parameter containing:
tensor([[ 1.6458,  0.1305,  0.8823,  2.0443,  2.2352, -0.3205,  1.1754, -0.7561,
         -0.7980,  0.8235]], requires_grad=True)
[2023-01-20 22:08:51,397][__main__][INFO] - parameters: Parameter containing:
tensor([[ 1.6448,  0.1529,  0.9002,  2.0417,  2.2277, -0.3200,  1.1780, -0.7848,
         -0.7846,  0.8242]], requires_grad=True)
[2023-01-20 22:08:51,569][__main__][INFO] - parameters: Parameter containing:
tensor([[ 1.6462,  0.1681,  0.9152,  2.0245,  2.2175, -0.3166,  1.1987, -0.8138,
         -0.7580,  0.8284]], requires_grad=True)
