[2023-01-03 15:01:22,959][__main__][INFO] - Optimizing for thin...
[2023-01-03 15:01:22,961][__main__][INFO] - Phase: regular
[2023-01-03 15:01:53,260][__main__][INFO] - Phase: inverse
[2023-01-03 15:02:19,745][__main__][INFO] - Optimizing for big forhead...
[2023-01-03 15:02:19,748][__main__][INFO] - Phase: regular
[2023-01-03 15:02:46,487][__main__][INFO] - Phase: inverse
[2023-01-03 15:03:12,738][__main__][INFO] - Optimizing for big eyes...
[2023-01-03 15:03:12,743][__main__][INFO] - Phase: regular
[2023-01-03 15:03:39,242][__main__][INFO] - Phase: inverse
[2023-01-03 15:04:05,962][__main__][INFO] - Optimizing for big nose...
[2023-01-03 15:04:05,967][__main__][INFO] - Phase: regular
[2023-01-03 15:04:32,429][__main__][INFO] - Phase: inverse
[2023-01-03 15:04:59,063][__main__][INFO] - Optimizing for big mouth...
[2023-01-03 15:04:59,068][__main__][INFO] - Phase: regular
[2023-01-03 15:05:25,900][__main__][INFO] - Phase: inverse
[2023-01-03 15:05:53,108][__main__][INFO] - Optimizing for ears sticking-out...
[2023-01-03 15:05:53,115][__main__][INFO] - Phase: regular
[2023-01-03 15:06:20,131][__main__][INFO] - Phase: inverse
[2023-01-03 15:06:47,062][__main__][INFO] - Optimizing for big eyebrows...
[2023-01-03 15:06:47,067][__main__][INFO] - Phase: regular
[2023-01-03 15:07:13,671][__main__][INFO] - Phase: inverse
[2023-01-03 15:07:40,277][__main__][INFO] - Optimizing for thin lips...
[2023-01-03 15:07:40,282][__main__][INFO] - Phase: regular
[2023-01-03 15:08:07,229][__main__][INFO] - Phase: inverse
[2023-01-03 15:08:33,716][__main__][INFO] - Optimizing for small chin...
[2023-01-03 15:08:33,722][__main__][INFO] - Phase: regular
[2023-01-03 15:09:00,459][__main__][INFO] - Phase: inverse
[2023-01-03 15:09:27,270][__main__][INFO] - Optimizing for long neck...
[2023-01-03 15:09:27,275][__main__][INFO] - Phase: regular
[2023-01-03 15:09:53,817][__main__][INFO] - Phase: inverse
[2023-01-03 15:10:20,502][__main__][INFO] - Optimizing for fat...
[2023-01-03 15:10:20,507][__main__][INFO] - Phase: regular
[2023-01-03 15:10:47,036][__main__][INFO] - Phase: inverse
[2023-01-03 15:11:13,519][__main__][INFO] - Optimizing for chubby cheeks...
[2023-01-03 15:11:13,524][__main__][INFO] - Phase: regular
[2023-01-03 15:11:40,663][__main__][INFO] - Phase: inverse
[2023-01-03 15:12:07,966][__main__][INFO] - Optimizing for long head...
[2023-01-03 15:12:07,972][__main__][INFO] - Phase: regular
[2023-01-03 15:12:35,422][__main__][INFO] - Phase: inverse
