[2022-12-30 20:04:02,283][__main__][INFO] - Optimizing for thin...
[2022-12-30 20:04:02,286][__main__][INFO] - Phase: regular
[2022-12-30 20:04:21,413][__main__][INFO] - Phase: inverse
[2022-12-30 20:04:36,343][__main__][INFO] - Optimizing for muscular...
[2022-12-30 20:04:36,358][__main__][INFO] - Phase: regular
[2022-12-30 20:04:52,901][__main__][INFO] - Phase: inverse
[2022-12-30 20:05:08,534][__main__][INFO] - Optimizing for short...
[2022-12-30 20:05:08,549][__main__][INFO] - Phase: regular
[2022-12-30 20:05:24,664][__main__][INFO] - Phase: inverse
[2022-12-30 20:05:41,709][__main__][INFO] - Optimizing for long legs...
[2022-12-30 20:05:41,715][__main__][INFO] - Phase: regular
[2022-12-30 20:05:58,474][__main__][INFO] - Phase: inverse
[2022-12-30 20:06:14,062][__main__][INFO] - Optimizing for narrow waist...
[2022-12-30 20:06:14,074][__main__][INFO] - Phase: regular
[2022-12-30 20:06:30,131][__main__][INFO] - Phase: inverse
[2022-12-30 20:06:46,644][__main__][INFO] - Optimizing for skinny...
[2022-12-30 20:06:46,650][__main__][INFO] - Phase: regular
[2022-12-30 20:07:02,758][__main__][INFO] - Phase: inverse
[2022-12-30 20:07:19,196][__main__][INFO] - Optimizing for tall...
[2022-12-30 20:07:19,208][__main__][INFO] - Phase: regular
[2022-12-30 20:07:35,752][__main__][INFO] - Phase: inverse
[2022-12-30 20:07:52,344][__main__][INFO] - Optimizing for rectangular...
[2022-12-30 20:07:52,352][__main__][INFO] - Phase: regular
[2022-12-30 20:08:09,358][__main__][INFO] - Phase: inverse
[2022-12-30 20:08:26,508][__main__][INFO] - Optimizing for pear shaped...
[2022-12-30 20:08:26,518][__main__][INFO] - Phase: regular
[2022-12-30 20:08:42,932][__main__][INFO] - Phase: inverse
[2022-12-30 20:09:00,340][__main__][INFO] - Optimizing for average...
[2022-12-30 20:09:00,351][__main__][INFO] - Phase: regular
[2022-12-30 20:09:16,311][__main__][INFO] - Phase: inverse
[2022-12-30 20:09:32,753][__main__][INFO] - Optimizing for big...
[2022-12-30 20:09:32,761][__main__][INFO] - Phase: regular
[2022-12-30 20:09:49,116][__main__][INFO] - Phase: inverse
[2022-12-30 20:10:06,389][__main__][INFO] - Optimizing for curvy...
[2022-12-30 20:10:06,405][__main__][INFO] - Phase: regular
[2022-12-30 20:10:23,399][__main__][INFO] - Phase: inverse
[2022-12-30 20:10:40,218][__main__][INFO] - Optimizing for lean...
[2022-12-30 20:10:40,229][__main__][INFO] - Phase: regular
[2022-12-30 20:10:56,031][__main__][INFO] - Phase: inverse
[2022-12-30 20:11:12,463][__main__][INFO] - Optimizing for masculine...
[2022-12-30 20:11:12,480][__main__][INFO] - Phase: regular
[2022-12-30 20:11:28,507][__main__][INFO] - Phase: inverse
[2022-12-30 20:11:44,894][__main__][INFO] - Optimizing for proportioned...
[2022-12-30 20:11:44,904][__main__][INFO] - Phase: regular
[2022-12-30 20:12:02,165][__main__][INFO] - Phase: inverse
[2022-12-30 20:12:18,700][__main__][INFO] - Optimizing for stocky...
[2022-12-30 20:12:18,715][__main__][INFO] - Phase: regular
[2022-12-30 20:12:35,001][__main__][INFO] - Phase: inverse
[2022-12-30 20:12:51,843][__main__][INFO] - Optimizing for sexy...
[2022-12-30 20:12:51,859][__main__][INFO] - Phase: regular
[2022-12-30 20:13:09,451][__main__][INFO] - Phase: inverse
[2022-12-30 20:13:26,302][__main__][INFO] - Optimizing for sturdy...
[2022-12-30 20:13:26,310][__main__][INFO] - Phase: regular
[2022-12-30 20:13:43,196][__main__][INFO] - Phase: inverse
[2022-12-30 20:14:01,262][__main__][INFO] - Optimizing for broad shoulders...
[2022-12-30 20:14:01,269][__main__][INFO] - Phase: regular
[2022-12-30 20:14:18,898][__main__][INFO] - Phase: inverse
[2022-12-30 20:14:35,797][__main__][INFO] - Optimizing for fit...
[2022-12-30 20:14:35,807][__main__][INFO] - Phase: regular
[2022-12-30 20:14:53,194][__main__][INFO] - Phase: inverse
[2022-12-30 20:15:10,422][__main__][INFO] - Optimizing for round apple...
[2022-12-30 20:15:10,433][__main__][INFO] - Phase: regular
[2022-12-30 20:15:27,298][__main__][INFO] - Phase: inverse
[2022-12-30 20:15:45,399][__main__][INFO] - Optimizing for built...
[2022-12-30 20:15:45,408][__main__][INFO] - Phase: regular
[2022-12-30 20:16:02,841][__main__][INFO] - Phase: inverse
[2022-12-30 20:16:19,738][__main__][INFO] - Optimizing for heavyset...
[2022-12-30 20:16:19,749][__main__][INFO] - Phase: regular
[2022-12-30 20:16:36,286][__main__][INFO] - Phase: inverse
[2022-12-30 20:16:53,625][__main__][INFO] - Optimizing for petite...
[2022-12-30 20:16:53,633][__main__][INFO] - Phase: regular
[2022-12-30 20:17:09,875][__main__][INFO] - Phase: inverse
[2022-12-30 20:17:25,961][__main__][INFO] - Optimizing for small...
[2022-12-30 20:17:25,970][__main__][INFO] - Phase: regular
[2022-12-30 20:17:42,587][__main__][INFO] - Phase: inverse
