[2023-01-03 10:29:36,940][__main__][INFO] - Optimizing for thin...
[2023-01-03 10:29:36,941][__main__][INFO] - File /home/nadav2/dev/data/CLIP2Shape/outs/vertices_heatmap/optimizations/smplx_multiview/thin/thin.npy already exists. Skipping...
[2023-01-03 10:29:36,941][__main__][INFO] - File /home/nadav2/dev/data/CLIP2Shape/outs/vertices_heatmap/optimizations/smplx_multiview/thin/thin_inverse.npy already exists. Skipping...
[2023-01-03 10:29:36,941][__main__][INFO] - Optimizing for muscular...
[2023-01-03 10:29:36,941][__main__][INFO] - Phase: regular
[2023-01-03 10:30:13,480][__main__][INFO] - Phase: inverse
[2023-01-03 10:30:46,668][__main__][INFO] - Optimizing for short...
[2023-01-03 10:30:46,672][__main__][INFO] - Phase: regular
[2023-01-03 10:31:18,845][__main__][INFO] - Phase: inverse
[2023-01-03 10:31:52,873][__main__][INFO] - Optimizing for long legs...
[2023-01-03 10:31:52,875][__main__][INFO] - Phase: regular
[2023-01-03 10:32:27,095][__main__][INFO] - Phase: inverse
[2023-01-03 10:33:01,509][__main__][INFO] - Optimizing for narrow waist...
[2023-01-03 10:33:01,509][__main__][INFO] - Phase: regular
[2023-01-03 10:33:35,994][__main__][INFO] - Phase: inverse
[2023-01-03 10:34:11,178][__main__][INFO] - Optimizing for skinny...
[2023-01-03 10:34:11,178][__main__][INFO] - Phase: regular
[2023-01-03 10:34:44,722][__main__][INFO] - Phase: inverse
[2023-01-03 10:35:19,354][__main__][INFO] - Optimizing for tall...
[2023-01-03 10:35:19,354][__main__][INFO] - Phase: regular
[2023-01-03 10:35:53,227][__main__][INFO] - Phase: inverse
[2023-01-03 10:36:26,629][__main__][INFO] - Optimizing for rectangular...
[2023-01-03 10:36:26,630][__main__][INFO] - Phase: regular
[2023-01-03 10:36:59,875][__main__][INFO] - Phase: inverse
[2023-01-03 10:37:34,097][__main__][INFO] - Optimizing for pear shaped...
[2023-01-03 10:37:34,097][__main__][INFO] - Phase: regular
[2023-01-03 10:38:05,924][__main__][INFO] - Phase: inverse
[2023-01-03 10:38:38,954][__main__][INFO] - Optimizing for average...
[2023-01-03 10:38:38,955][__main__][INFO] - Phase: regular
[2023-01-03 10:39:11,860][__main__][INFO] - Phase: inverse
[2023-01-03 10:39:43,117][__main__][INFO] - Optimizing for big...
[2023-01-03 10:39:43,118][__main__][INFO] - Phase: regular
[2023-01-03 10:40:14,736][__main__][INFO] - Phase: inverse
[2023-01-03 10:40:46,705][__main__][INFO] - Optimizing for curvy...
[2023-01-03 10:40:46,705][__main__][INFO] - Phase: regular
[2023-01-03 10:41:18,030][__main__][INFO] - Phase: inverse
[2023-01-03 10:41:50,425][__main__][INFO] - Optimizing for lean...
[2023-01-03 10:41:50,426][__main__][INFO] - Phase: regular
[2023-01-03 10:42:22,176][__main__][INFO] - Phase: inverse
[2023-01-03 10:42:53,907][__main__][INFO] - Optimizing for masculine...
[2023-01-03 10:42:53,907][__main__][INFO] - Phase: regular
[2023-01-03 10:43:25,868][__main__][INFO] - Phase: inverse
[2023-01-03 10:43:57,421][__main__][INFO] - Optimizing for proportioned...
[2023-01-03 10:43:57,422][__main__][INFO] - Phase: regular
[2023-01-03 10:44:29,390][__main__][INFO] - Phase: inverse
[2023-01-03 10:45:07,346][__main__][INFO] - Optimizing for stocky...
[2023-01-03 10:45:07,346][__main__][INFO] - Phase: regular
[2023-01-03 10:45:43,559][__main__][INFO] - Phase: inverse
[2023-01-03 10:46:20,414][__main__][INFO] - Optimizing for sexy...
[2023-01-03 10:46:20,414][__main__][INFO] - Phase: regular
[2023-01-03 10:46:56,291][__main__][INFO] - Phase: inverse
[2023-01-03 10:47:32,285][__main__][INFO] - Optimizing for sturdy...
[2023-01-03 10:47:32,285][__main__][INFO] - Phase: regular
[2023-01-03 10:48:08,969][__main__][INFO] - Phase: inverse
[2023-01-03 10:48:46,091][__main__][INFO] - Optimizing for broad shoulders...
[2023-01-03 10:48:46,093][__main__][INFO] - Phase: regular
[2023-01-03 10:49:21,992][__main__][INFO] - Phase: inverse
[2023-01-03 10:49:58,112][__main__][INFO] - Optimizing for fit...
[2023-01-03 10:49:58,113][__main__][INFO] - Phase: regular
[2023-01-03 10:50:33,182][__main__][INFO] - Phase: inverse
[2023-01-03 10:51:07,121][__main__][INFO] - Optimizing for round apple...
[2023-01-03 10:51:07,122][__main__][INFO] - Phase: regular
[2023-01-03 10:51:40,223][__main__][INFO] - Phase: inverse
[2023-01-03 10:52:13,790][__main__][INFO] - Optimizing for built...
[2023-01-03 10:52:13,791][__main__][INFO] - Phase: regular
[2023-01-03 10:52:46,933][__main__][INFO] - Phase: inverse
[2023-01-03 10:53:20,484][__main__][INFO] - Optimizing for heavyset...
[2023-01-03 10:53:20,485][__main__][INFO] - Phase: regular
[2023-01-03 10:53:51,757][__main__][INFO] - Phase: inverse
[2023-01-03 10:54:23,842][__main__][INFO] - Optimizing for petite...
[2023-01-03 10:54:23,842][__main__][INFO] - Phase: regular
[2023-01-03 10:54:55,840][__main__][INFO] - Phase: inverse
[2023-01-03 10:55:28,861][__main__][INFO] - Optimizing for small...
[2023-01-03 10:55:28,861][__main__][INFO] - Phase: regular
[2023-01-03 10:56:02,575][__main__][INFO] - Phase: inverse
