[2023-02-24 16:13:55,579][__main__][INFO] - Starting optimization for smplx betas
[2023-02-24 16:13:55,579][__main__][INFO] - labels: [['fat'], ['long torso']]
[2023-02-24 16:13:55,580][__main__][INFO] - Optimizing 7.png
[2023-02-24 16:13:55,580][__main__][INFO] - Writing video to /home/nadav2/dev/data/CLIP2Shape/outs/sliders_vs_blendshapes/smplx_male/descriptors_ablations/smplx_male_2_descriptors/7.mp4
[2023-02-24 16:13:58,016][__main__][INFO] - Finished optimizing 7.png
[2023-02-24 16:13:58,016][__main__][INFO] - Pred sliders values {'fat': -4.175952, 'long torso': 3.1598036}
[2023-02-24 16:13:58,016][__main__][INFO] - Geometric distance: [0.01507032010704279]
[2023-02-24 16:13:58,016][__main__][INFO] - Optimizing 2.png
[2023-02-24 16:13:58,017][__main__][INFO] - Writing video to /home/nadav2/dev/data/CLIP2Shape/outs/sliders_vs_blendshapes/smplx_male/descriptors_ablations/smplx_male_2_descriptors/2.mp4
[2023-02-24 16:13:58,168][__main__][INFO] - Finished optimizing 2.png
[2023-02-24 16:13:58,168][__main__][INFO] - Pred sliders values {'fat': -4.2000055, 'long torso': 3.4281588}
[2023-02-24 16:13:58,168][__main__][INFO] - Geometric distance: [0.01507032010704279, 0.02521393820643425]
[2023-02-24 16:13:58,168][__main__][INFO] - Optimizing 9.png
[2023-02-24 16:13:58,168][__main__][INFO] - Writing video to /home/nadav2/dev/data/CLIP2Shape/outs/sliders_vs_blendshapes/smplx_male/descriptors_ablations/smplx_male_2_descriptors/9.mp4
[2023-02-24 16:13:58,744][__main__][INFO] - Finished optimizing 9.png
[2023-02-24 16:13:58,744][__main__][INFO] - Pred sliders values {'fat': -0.6933004, 'long torso': 2.2051497}
[2023-02-24 16:13:58,744][__main__][INFO] - Geometric distance: [0.01507032010704279, 0.02521393820643425, 0.09571291506290436]
[2023-02-24 16:13:58,744][__main__][INFO] - Optimizing 0.png
[2023-02-24 16:13:58,744][__main__][INFO] - Writing video to /home/nadav2/dev/data/CLIP2Shape/outs/sliders_vs_blendshapes/smplx_male/descriptors_ablations/smplx_male_2_descriptors/0.mp4
[2023-02-24 16:14:00,166][__main__][INFO] - Finished optimizing 0.png
[2023-02-24 16:14:00,166][__main__][INFO] - Pred sliders values {'fat': 9.865315, 'long torso': -6.720478}
[2023-02-24 16:14:00,166][__main__][INFO] - Geometric distance: [0.01507032010704279, 0.02521393820643425, 0.09571291506290436, 0.01975877210497856]
[2023-02-24 16:14:00,166][__main__][INFO] - Optimizing 6.png
[2023-02-24 16:14:00,166][__main__][INFO] - Writing video to /home/nadav2/dev/data/CLIP2Shape/outs/sliders_vs_blendshapes/smplx_male/descriptors_ablations/smplx_male_2_descriptors/6.mp4
[2023-02-24 16:14:01,096][__main__][INFO] - Finished optimizing 6.png
[2023-02-24 16:14:01,096][__main__][INFO] - Pred sliders values {'fat': 3.4062374, 'long torso': 0.30552104}
[2023-02-24 16:14:01,096][__main__][INFO] - Geometric distance: [0.01507032010704279, 0.02521393820643425, 0.09571291506290436, 0.01975877210497856, 0.033117588609457016]
[2023-02-24 16:14:01,096][__main__][INFO] - Optimizing 4.png
[2023-02-24 16:14:01,096][__main__][INFO] - Writing video to /home/nadav2/dev/data/CLIP2Shape/outs/sliders_vs_blendshapes/smplx_male/descriptors_ablations/smplx_male_2_descriptors/4.mp4
[2023-02-24 16:14:01,961][__main__][INFO] - Finished optimizing 4.png
[2023-02-24 16:14:01,961][__main__][INFO] - Pred sliders values {'fat': 5.8149195, 'long torso': 0.15744756}
[2023-02-24 16:14:01,961][__main__][INFO] - Geometric distance: [0.01507032010704279, 0.02521393820643425, 0.09571291506290436, 0.01975877210497856, 0.033117588609457016, 0.057626232504844666]
[2023-02-24 16:14:01,961][__main__][INFO] - Optimizing 1.png
[2023-02-24 16:14:01,961][__main__][INFO] - Writing video to /home/nadav2/dev/data/CLIP2Shape/outs/sliders_vs_blendshapes/smplx_male/descriptors_ablations/smplx_male_2_descriptors/1.mp4
[2023-02-24 16:14:02,578][__main__][INFO] - Finished optimizing 1.png
[2023-02-24 16:14:02,578][__main__][INFO] - Pred sliders values {'fat': 0.92559725, 'long torso': 5.6734743}
[2023-02-24 16:14:02,578][__main__][INFO] - Geometric distance: [0.01507032010704279, 0.02521393820643425, 0.09571291506290436, 0.01975877210497856, 0.033117588609457016, 0.057626232504844666, 0.052827078849077225]
[2023-02-24 16:14:02,578][__main__][INFO] - Optimizing 3.png
[2023-02-24 16:14:02,578][__main__][INFO] - Writing video to /home/nadav2/dev/data/CLIP2Shape/outs/sliders_vs_blendshapes/smplx_male/descriptors_ablations/smplx_male_2_descriptors/3.mp4
[2023-02-24 16:14:02,767][__main__][INFO] - Finished optimizing 3.png
[2023-02-24 16:14:02,767][__main__][INFO] - Pred sliders values {'fat': 0.69253856, 'long torso': 5.5550895}
[2023-02-24 16:14:02,767][__main__][INFO] - Geometric distance: [0.01507032010704279, 0.02521393820643425, 0.09571291506290436, 0.01975877210497856, 0.033117588609457016, 0.057626232504844666, 0.052827078849077225, 0.01509665697813034]
[2023-02-24 16:14:02,768][__main__][INFO] - Optimizing 5.png
[2023-02-24 16:14:02,768][__main__][INFO] - Writing video to /home/nadav2/dev/data/CLIP2Shape/outs/sliders_vs_blendshapes/smplx_male/descriptors_ablations/smplx_male_2_descriptors/5.mp4
[2023-02-24 16:14:02,921][__main__][INFO] - Finished optimizing 5.png
[2023-02-24 16:14:02,922][__main__][INFO] - Pred sliders values {'fat': 2.9055634, 'long torso': 2.508215}
[2023-02-24 16:14:02,922][__main__][INFO] - Geometric distance: [0.01507032010704279, 0.02521393820643425, 0.09571291506290436, 0.01975877210497856, 0.033117588609457016, 0.057626232504844666, 0.052827078849077225, 0.01509665697813034, 0.021077031269669533]
[2023-02-24 16:14:02,944][__main__][INFO] - Starting optimization for smplx betas
[2023-02-24 16:14:02,945][__main__][INFO] - labels: [['fat'], ['rectangular'], ['fit'], ['long torso'], ['petite']]
[2023-02-24 16:14:02,945][__main__][INFO] - Optimizing 7.png
[2023-02-24 16:14:02,945][__main__][INFO] - Writing video to /home/nadav2/dev/data/CLIP2Shape/outs/sliders_vs_blendshapes/smplx_male/descriptors_ablations/smplx_male_5_descriptors/7.mp4
[2023-02-24 16:14:07,220][__main__][INFO] - Finished optimizing 7.png
[2023-02-24 16:14:07,220][__main__][INFO] - Pred sliders values {'fat': -0.51436025, 'rectangular': 20.697897, 'fit': 1.55919, 'long torso': 12.908921, 'petite': -2.7688062}
[2023-02-24 16:14:07,220][__main__][INFO] - Geometric distance: [0.02043014019727707]
[2023-02-24 16:14:07,220][__main__][INFO] - Optimizing 2.png
[2023-02-24 16:14:07,220][__main__][INFO] - Writing video to /home/nadav2/dev/data/CLIP2Shape/outs/sliders_vs_blendshapes/smplx_male/descriptors_ablations/smplx_male_5_descriptors/2.mp4
[2023-02-24 16:14:13,040][__main__][INFO] - Finished optimizing 2.png
[2023-02-24 16:14:13,040][__main__][INFO] - Pred sliders values {'fat': 9.866252, 'rectangular': 42.21773, 'fit': 43.266045, 'long torso': 16.379833, 'petite': 10.022967}
[2023-02-24 16:14:13,040][__main__][INFO] - Geometric distance: [0.02043014019727707, 0.01920131966471672]
[2023-02-24 16:14:13,040][__main__][INFO] - Optimizing 9.png
[2023-02-24 16:14:13,040][__main__][INFO] - Writing video to /home/nadav2/dev/data/CLIP2Shape/outs/sliders_vs_blendshapes/smplx_male/descriptors_ablations/smplx_male_5_descriptors/9.mp4
