[2023-02-25 11:45:10,921][choosing_descriptors][INFO] - There are total of 29 descriptors
[2023-02-25 11:45:10,922][choosing_descriptors][INFO] - There are 5 descriptors with no cluster
[2023-02-25 11:45:10,923][choosing_descriptors][INFO] - Keeping []
[2023-02-25 11:45:10,923][choosing_descriptors][INFO] - Working on cluster 0
[2023-02-25 11:45:10,924][choosing_descriptors][INFO] - 0 most variance descriptor - fat
[2023-02-25 11:45:10,924][choosing_descriptors][INFO] - Adding fat to chosen descriptors
[2023-02-25 11:45:10,924][choosing_descriptors][INFO] - 1 most variance descriptor - pear shaped
[2023-02-25 11:45:10,925][choosing_descriptors][INFO] - pear shaped is correlated with fat with corr 0.9616705784413739
[2023-02-25 11:45:10,925][choosing_descriptors][INFO] - 2 most variance descriptor - curvy
[2023-02-25 11:45:10,925][choosing_descriptors][INFO] - curvy is correlated with fat with corr 0.9266046966818501
[2023-02-25 11:45:10,925][choosing_descriptors][INFO] - 3 most variance descriptor - long legs
[2023-02-25 11:45:10,926][choosing_descriptors][INFO] - long legs is correlated with fat with corr -0.813951888539338
[2023-02-25 11:45:10,926][choosing_descriptors][INFO] - 4 most variance descriptor - big
[2023-02-25 11:45:10,927][choosing_descriptors][INFO] - big is correlated with fat with corr 0.9731373103351822
[2023-02-25 11:45:10,927][choosing_descriptors][INFO] - 5 most variance descriptor - heavyset
[2023-02-25 11:45:10,928][choosing_descriptors][INFO] - heavyset is correlated with fat with corr 0.9814392175402243
[2023-02-25 11:45:10,928][choosing_descriptors][INFO] - 6 most variance descriptor - stocky
[2023-02-25 11:45:10,929][choosing_descriptors][INFO] - stocky is correlated with fat with corr 0.8519994107617093
[2023-02-25 11:45:10,929][choosing_descriptors][INFO] - 7 most variance descriptor - round apple
[2023-02-25 11:45:10,930][choosing_descriptors][INFO] - round apple is correlated with fat with corr 0.9342264295231081
[2023-02-25 11:45:10,930][choosing_descriptors][INFO] - 8 most variance descriptor - short legs
[2023-02-25 11:45:10,931][choosing_descriptors][INFO] - short legs is correlated with fat with corr -0.6763108298081136
[2023-02-25 11:45:10,931][choosing_descriptors][INFO] - 9 most variance descriptor - lean
[2023-02-25 11:45:10,932][choosing_descriptors][INFO] - lean is correlated with fat with corr 0.7017970408837239
[2023-02-25 11:45:10,932][choosing_descriptors][INFO] - 10 most variance descriptor - narrow waist
[2023-02-25 11:45:10,933][choosing_descriptors][INFO] - narrow waist is correlated with fat with corr 0.6713093399863208
[2023-02-25 11:45:10,933][choosing_descriptors][INFO] - 11 most variance descriptor - sturdy
[2023-02-25 11:45:10,933][choosing_descriptors][INFO] - sturdy is correlated with fat with corr 0.8131826537810817
[2023-02-25 11:45:10,933][choosing_descriptors][INFO] - 12 most variance descriptor - muscular
[2023-02-25 11:45:10,934][choosing_descriptors][INFO] - Adding muscular to chosen descriptors
[2023-02-25 11:45:10,934][choosing_descriptors][INFO] - 13 most variance descriptor - short
[2023-02-25 11:45:10,935][choosing_descriptors][INFO] - Adding short to chosen descriptors
[2023-02-25 11:45:10,935][choosing_descriptors][INFO] - 14 most variance descriptor - rectangular
[2023-02-25 11:45:10,937][choosing_descriptors][INFO] - Adding rectangular to chosen descriptors
[2023-02-25 11:45:10,938][choosing_descriptors][INFO] - 15 most variance descriptor - fit
[2023-02-25 11:45:10,939][choosing_descriptors][INFO] - fit is correlated with muscular with corr 0.6867438370880028
[2023-02-25 11:45:10,939][choosing_descriptors][INFO] - 16 most variance descriptor - proportioned
[2023-02-25 11:45:10,942][choosing_descriptors][INFO] - Adding proportioned to chosen descriptors
[2023-02-25 11:45:10,942][choosing_descriptors][INFO] - currently chosen descriptors: {'fat': {'variance': 1.3424149605586844}, 'muscular': {'variance': 0.0631597559429532}, 'short': {'variance': 0.06224508036424467}, 'rectangular': {'variance': 0.060694360983826204}, 'proportioned': {'variance': 0.051173179444146316}}
[2023-02-25 11:45:10,942][choosing_descriptors][INFO] - Finished cluster 0
[2023-02-25 11:45:10,942][choosing_descriptors][INFO] - Working on cluster 1
[2023-02-25 11:45:10,943][choosing_descriptors][INFO] - 0 most variance descriptor - long torso
[2023-02-25 11:45:10,943][choosing_descriptors][INFO] - Adding long torso to chosen descriptors
[2023-02-25 11:45:10,943][choosing_descriptors][INFO] - 1 most variance descriptor - long
[2023-02-25 11:45:10,944][choosing_descriptors][INFO] - long is correlated with long torso with corr 0.8689949153373556
[2023-02-25 11:45:10,944][choosing_descriptors][INFO] - 2 most variance descriptor - short torso
[2023-02-25 11:45:10,944][choosing_descriptors][INFO] - short torso is correlated with long torso with corr 0.6910622423950147
[2023-02-25 11:45:10,945][choosing_descriptors][INFO] - currently chosen descriptors: {'long torso': {'variance': 0.14417044263778034}}
[2023-02-25 11:45:10,945][choosing_descriptors][INFO] - Finished cluster 1
[2023-02-25 11:45:10,945][choosing_descriptors][INFO] - Working on cluster 2
[2023-02-25 11:45:10,945][choosing_descriptors][INFO] - 0 most variance descriptor - tall
[2023-02-25 11:45:10,945][choosing_descriptors][INFO] - Adding tall to chosen descriptors
[2023-02-25 11:45:10,945][choosing_descriptors][INFO] - 1 most variance descriptor - petite
[2023-02-25 11:45:10,946][choosing_descriptors][INFO] - Adding petite to chosen descriptors
[2023-02-25 11:45:10,946][choosing_descriptors][INFO] - 2 most variance descriptor - small
[2023-02-25 11:45:10,948][choosing_descriptors][INFO] - Adding small to chosen descriptors
[2023-02-25 11:45:10,948][choosing_descriptors][INFO] - 3 most variance descriptor - skinny
[2023-02-25 11:45:10,949][choosing_descriptors][INFO] - skinny is correlated with tall with corr 0.7125695527485595
[2023-02-25 11:45:10,949][choosing_descriptors][INFO] - currently chosen descriptors: {'tall': {'variance': 0.1404763882882836}, 'petite': {'variance': 0.10703590650008335}, 'small': {'variance': 0.0845765688172099}}
[2023-02-25 11:45:10,949][choosing_descriptors][INFO] - Finished cluster 2
[2023-02-25 11:45:10,949][choosing_descriptors][INFO] - There are 9 chosen descriptors in initial filter
[2023-02-25 11:45:10,949][choosing_descriptors][INFO] - chosen descriptors: [['fat', 'muscular', 'short', 'rectangular', 'proportioned'], ['long torso'], ['tall', 'petite', 'small']]
[2023-02-25 11:45:10,949][choosing_descriptors][INFO] - Final filter
[2023-02-25 11:45:10,951][choosing_descriptors][INFO] - Descriptor long torso has variance 0.14417044263778034
[2023-02-25 11:45:10,952][choosing_descriptors][INFO] - Descriptor long torso is correlated with proportioned with correlation 0.7103940672841167
[2023-02-25 11:45:10,952][choosing_descriptors][INFO] - Removing proportioned because it is correlated with long torso
[2023-02-25 11:45:11,917][choosing_descriptors][INFO] - Descriptor long torso is correlated with tall with correlation 0.9016607694002744
[2023-02-25 11:45:11,917][choosing_descriptors][INFO] - Removing tall because it is correlated with long torso
[2023-02-25 11:45:11,918][choosing_descriptors][INFO] - Descriptor petite has variance 0.10703590650008335
[2023-02-25 11:45:11,918][choosing_descriptors][INFO] - Descriptor petite is correlated with short with correlation 0.6467010961623146
[2023-02-25 11:45:11,919][choosing_descriptors][INFO] - Removing short because it is correlated with petite
[2023-02-25 11:45:11,983][choosing_descriptors][INFO] - Descriptor small has variance 0.0845765688172099
[2023-02-25 11:45:11,986][choosing_descriptors][INFO] - Descriptor muscular has variance 0.0631597559429532
[2023-02-25 11:45:11,987][choosing_descriptors][INFO] - Descriptor rectangular has variance 0.060694360983826204
[2023-02-25 11:45:11,990][choosing_descriptors][INFO] - Too many descriptors (6) - reducing
