[2023-02-07 18:57:17,410][choosing_descriptors][INFO] - There are total of 24 descriptors
[2023-02-07 18:57:17,411][choosing_descriptors][INFO] - Keeping ['muscular', 'big', 'long torso']
[2023-02-07 18:57:17,412][choosing_descriptors][INFO] - Working on cluster 0
[2023-02-07 18:57:17,413][choosing_descriptors][INFO] - 0 most variance descriptor - long legs
[2023-02-07 18:57:17,413][choosing_descriptors][INFO] - long legs is correlated with muscular with corr 0.642975867496906
[2023-02-07 18:57:17,414][choosing_descriptors][INFO] - 1 most variance descriptor - pear shaped
[2023-02-07 18:57:17,415][choosing_descriptors][INFO] - pear shaped is correlated with long torso with corr -0.6819709577289425
[2023-02-07 18:57:17,415][choosing_descriptors][INFO] - 2 most variance descriptor - petite
[2023-02-07 18:57:17,415][choosing_descriptors][INFO] - petite is correlated with muscular with corr 0.7297219623197917
[2023-02-07 18:57:17,416][choosing_descriptors][INFO] - 3 most variance descriptor - curvy
[2023-02-07 18:57:17,417][choosing_descriptors][INFO] - Adding curvy to chosen descriptors
[2023-02-07 18:57:17,417][choosing_descriptors][INFO] - long torso already chosen
[2023-02-07 18:57:17,417][choosing_descriptors][INFO] - 5 most variance descriptor - stocky
[2023-02-07 18:57:17,419][choosing_descriptors][INFO] - Adding stocky to chosen descriptors
[2023-02-07 18:57:17,419][choosing_descriptors][INFO] - 6 most variance descriptor - skinny
[2023-02-07 18:57:17,419][choosing_descriptors][INFO] - skinny is correlated with muscular with corr 0.6893712482391238
[2023-02-07 18:57:17,420][choosing_descriptors][INFO] - 7 most variance descriptor - short
[2023-02-07 18:57:17,420][choosing_descriptors][INFO] - short is correlated with muscular with corr 0.7677433060792132
[2023-02-07 18:57:17,420][choosing_descriptors][INFO] - 8 most variance descriptor - short legs
[2023-02-07 18:57:17,421][choosing_descriptors][INFO] - short legs is correlated with muscular with corr 0.6414495578890684
[2023-02-07 18:57:17,421][choosing_descriptors][INFO] - 9 most variance descriptor - short torso
[2023-02-07 18:57:17,422][choosing_descriptors][INFO] - short torso is correlated with long torso with corr 0.9314299362656769
[2023-02-07 18:57:17,422][choosing_descriptors][INFO] - 10 most variance descriptor - small
[2023-02-07 18:57:17,424][choosing_descriptors][INFO] - Adding small to chosen descriptors
[2023-02-07 18:57:17,424][choosing_descriptors][INFO] - 11 most variance descriptor - round apple
[2023-02-07 18:57:17,428][choosing_descriptors][INFO] - round apple is correlated with small with corr 0.7779891746972311
[2023-02-07 18:57:17,428][choosing_descriptors][INFO] - 12 most variance descriptor - lean
[2023-02-07 18:57:17,430][choosing_descriptors][INFO] - Adding lean to chosen descriptors
[2023-02-07 18:57:17,430][choosing_descriptors][INFO] - muscular already chosen
[2023-02-07 18:57:17,430][choosing_descriptors][INFO] - 14 most variance descriptor - fit
[2023-02-07 18:57:17,431][choosing_descriptors][INFO] - fit is correlated with muscular with corr 0.8105060151511482
[2023-02-07 18:57:17,431][choosing_descriptors][INFO] - 15 most variance descriptor - sturdy
[2023-02-07 18:57:17,433][choosing_descriptors][INFO] - sturdy is correlated with stocky with corr 0.6923270424139079
[2023-02-07 18:57:17,433][choosing_descriptors][INFO] - 16 most variance descriptor - proportioned
[2023-02-07 18:57:17,434][choosing_descriptors][INFO] - proportioned is correlated with long torso with corr 0.6455200140055443
[2023-02-07 18:57:17,434][choosing_descriptors][INFO] - currently chosen descriptors: {'muscular': {'variance': 0.0791416796050072}, 'long torso': {'variance': 0.1549449347427875}, 'curvy': {'variance': 0.2031263402633777}, 'stocky': {'variance': 0.14804563489479133}, 'small': {'variance': 0.10449822789779754}, 'lean': {'variance': 0.08041552088543405}}
[2023-02-07 18:57:17,434][choosing_descriptors][INFO] - Finished cluster 0
[2023-02-07 18:57:17,435][choosing_descriptors][INFO] - Working on cluster 1
[2023-02-07 18:57:17,435][choosing_descriptors][INFO] - 0 most variance descriptor - fat
[2023-02-07 18:57:17,436][choosing_descriptors][INFO] - fat is correlated with big with corr 0.9582606590779498
[2023-02-07 18:57:17,436][choosing_descriptors][INFO] - big already chosen
[2023-02-07 18:57:17,436][choosing_descriptors][INFO] - 2 most variance descriptor - heavyset
[2023-02-07 18:57:17,437][choosing_descriptors][INFO] - heavyset is correlated with big with corr 0.8644198624869593
[2023-02-07 18:57:17,437][choosing_descriptors][INFO] - 3 most variance descriptor - tall
[2023-02-07 18:57:17,437][choosing_descriptors][INFO] - Adding tall to chosen descriptors
[2023-02-07 18:57:17,438][choosing_descriptors][INFO] - 4 most variance descriptor - rectangular
[2023-02-07 18:57:17,439][choosing_descriptors][INFO] - Adding rectangular to chosen descriptors
[2023-02-07 18:57:17,439][choosing_descriptors][INFO] - 5 most variance descriptor - long
[2023-02-07 18:57:17,440][choosing_descriptors][INFO] - long is correlated with tall with corr 0.7890032844924143
[2023-02-07 18:57:17,440][choosing_descriptors][INFO] - 6 most variance descriptor - narrow waist
[2023-02-07 18:57:17,441][choosing_descriptors][INFO] - Adding narrow waist to chosen descriptors
[2023-02-07 18:57:17,442][choosing_descriptors][INFO] - currently chosen descriptors: {'big': {'variance': 0.23673253972569852}, 'tall': {'variance': 0.10229257962289515}, 'rectangular': {'variance': 0.08618068913596198}, 'narrow waist': {'variance': 0.06268055690329936}}
[2023-02-07 18:57:17,442][choosing_descriptors][INFO] - Finished cluster 1
[2023-02-07 18:57:17,442][choosing_descriptors][INFO] - There are 10 chosen descriptors in initial filter
[2023-02-07 18:57:17,442][choosing_descriptors][INFO] - chosen descriptors: [['muscular', 'long torso', 'curvy', 'stocky', 'small', 'lean'], ['big', 'tall', 'rectangular', 'narrow waist']]
[2023-02-07 18:57:17,442][choosing_descriptors][INFO] - Final filter
[2023-02-07 18:57:17,444][choosing_descriptors][INFO] - Descriptor curvy has variance 0.2031263402633777
[2023-02-07 18:57:17,445][choosing_descriptors][INFO] - Descriptor curvy is correlated with big with correlation 0.600816365865602
[2023-02-07 18:57:17,445][choosing_descriptors][INFO] - Removing curvy because big is already chosen
[2023-02-07 18:57:18,411][choosing_descriptors][INFO] - Descriptor long torso has variance 0.1549449347427875
[2023-02-07 18:57:18,412][choosing_descriptors][INFO] - Descriptor long torso is correlated with tall with correlation 0.7484652730083621
[2023-02-07 18:57:18,412][choosing_descriptors][INFO] - Removing tall because it is correlated with long torso
[2023-02-07 18:57:18,412][choosing_descriptors][INFO] - Descriptor long torso is correlated with rectangular with correlation 0.6895169816102731
[2023-02-07 18:57:18,412][choosing_descriptors][INFO] - Removing rectangular because it is correlated with long torso
[2023-02-07 18:57:18,427][choosing_descriptors][INFO] - Descriptor stocky has variance 0.14804563489479133
[2023-02-07 18:57:18,428][choosing_descriptors][INFO] - Descriptor stocky is correlated with big with correlation 0.8135351714411505
[2023-02-07 18:57:18,428][choosing_descriptors][INFO] - Removing stocky because big is already chosen
[2023-02-07 18:57:18,428][choosing_descriptors][INFO] - Descriptor small has variance 0.10449822789779754
[2023-02-07 18:57:18,429][choosing_descriptors][INFO] - Descriptor small is correlated with big with correlation 0.7207341694407982
[2023-02-07 18:57:18,429][choosing_descriptors][INFO] - Removing small because big is already chosen
[2023-02-07 18:57:18,493][choosing_descriptors][INFO] - Removing small because it is an antonym of big
[2023-02-07 18:57:18,493][choosing_descriptors][INFO] - Descriptor lean has variance 0.08041552088543405
[2023-02-07 18:57:18,494][choosing_descriptors][INFO] - Descriptor muscular has variance 0.0791416796050072
[2023-02-07 18:57:18,495][choosing_descriptors][INFO] - Descriptor muscular is correlated with tall with correlation 0.6083917838306692
[2023-02-07 18:57:18,495][choosing_descriptors][INFO] - Descriptor muscular is correlated with rectangular with correlation 0.6144130720784252
[2023-02-07 18:57:18,496][choosing_descriptors][INFO] - Descriptor narrow waist has variance 0.06268055690329936
