[2023-02-17 17:07:20,512][__main__][INFO] - Starting descriptors ablation for smplx female model
[2023-02-17 17:07:20,513][__main__][INFO] - Starting with 2 descriptors
[2023-02-17 17:07:24,478][__main__][INFO] - Chosen descriptors: ['fat', 'petite']
[2023-02-17 17:07:24,478][__main__][INFO] - Starting training
[2023-02-17 17:07:24,479][__main__][INFO] - Starting evaluation
[2023-02-17 17:07:28,907][clip2mesh.data_management.data_observation.evaluate_performance][INFO] - IOU: 0.42754868270332186 | Overlap: 0.3458448955747042
[2023-02-17 17:07:28,912][__main__][INFO] - Finished with 2 descriptors
[2023-02-17 17:07:28,912][__main__][INFO] - Starting with 5 descriptors
[2023-02-17 17:07:31,972][__main__][INFO] - Chosen descriptors: ['fat', 'short', 'pear shaped', 'petite', 'narrow waist']
[2023-02-17 17:07:31,973][__main__][INFO] - Starting training
[2023-02-17 17:07:31,974][__main__][INFO] - Starting evaluation
[2023-02-17 17:07:35,816][clip2mesh.data_management.data_observation.evaluate_performance][INFO] - IOU: 0.460672012218404 | Overlap: 0.7232480789081317
[2023-02-17 17:07:35,820][__main__][INFO] - Finished with 5 descriptors
[2023-02-17 17:07:35,820][__main__][INFO] - Starting with 10 descriptors
[2023-02-17 17:07:38,725][__main__][INFO] - Chosen descriptors: ['fat', 'short', 'pear shaped', 'curvy', 'big', 'heavyset', 'long legs', 'hourglass', 'petite', 'narrow waist']
[2023-02-17 17:07:38,725][__main__][INFO] - Starting training
[2023-02-17 17:07:38,726][__main__][INFO] - Starting evaluation
[2023-02-17 17:07:45,707][clip2mesh.data_management.data_observation.evaluate_performance][INFO] - IOU: 0.4943680794196258 | Overlap: 0.8362216178609829
[2023-02-17 17:07:45,710][__main__][INFO] - Finished with 10 descriptors
[2023-02-17 17:07:45,710][__main__][INFO] - Starting with 15 descriptors
[2023-02-17 17:07:48,783][__main__][INFO] - Chosen descriptors: ['fat', 'short', 'pear shaped', 'curvy', 'big', 'heavyset', 'long legs', 'hourglass', 'average', 'sexy', 'fit', 'petite', 'narrow waist', 'proportioned', 'skinny']
[2023-02-17 17:07:48,783][__main__][INFO] - Starting training
[2023-02-17 17:07:48,785][__main__][INFO] - Starting evaluation
[2023-02-17 17:07:59,618][clip2mesh.data_management.data_observation.evaluate_performance][INFO] - IOU: 0.7662275677739595 | Overlap: 0.8429803798830227
[2023-02-17 17:07:59,621][__main__][INFO] - Finished with 15 descriptors
[2023-02-17 17:07:59,622][__main__][INFO] - Starting with 20 descriptors
[2023-02-17 17:08:02,683][__main__][INFO] - Chosen descriptors: ['fat', 'short', 'pear shaped', 'curvy', 'big', 'heavyset', 'long legs', 'hourglass', 'average', 'sexy', 'fit', 'petite', 'narrow waist', 'proportioned', 'skinny']
[2023-02-17 17:08:02,683][__main__][INFO] - Starting training
[2023-02-17 17:08:02,684][__main__][INFO] - Starting evaluation
[2023-02-17 17:08:14,238][clip2mesh.data_management.data_observation.evaluate_performance][INFO] - IOU: 0.7662275677739595 | Overlap: 0.8429803798830227
[2023-02-17 17:08:14,241][__main__][INFO] - Finished with 20 descriptors
[2023-02-17 17:08:14,241][__main__][INFO] - Finished descriptors ablation for smplx female
