[2023-01-29 18:22:07,895][__main__][INFO] - Processing 3_female.jpg...

[2023-01-29 18:22:07,896][__main__][INFO] - Video already exists, skipping...
[2023-01-29 18:22:07,897][__main__][INFO] - Processing 6_male.jpg...

[2023-01-29 18:22:07,897][__main__][INFO] - Video already exists, skipping...
[2023-01-29 18:22:07,897][__main__][INFO] - Processing 5_female.jpg...

[2023-01-29 18:22:07,897][__main__][INFO] - Video already exists, skipping...
[2023-01-29 18:22:07,897][__main__][INFO] - Processing 18_female.jpg...

[2023-01-29 18:22:07,898][__main__][INFO] - Video already exists, skipping...
[2023-01-29 18:22:07,898][__main__][INFO] - Processing 20_male.jpg...

[2023-01-29 18:22:07,898][__main__][INFO] - Video already exists, skipping...
[2023-01-29 18:22:07,898][__main__][INFO] - Processing 8_male.jpg...

[2023-01-29 18:22:07,899][__main__][INFO] - Video already exists, skipping...
[2023-01-29 18:22:07,899][__main__][INFO] - Processing 12_female.jpg...

[2023-01-29 18:22:07,899][__main__][INFO] - Video already exists, skipping...
[2023-01-29 18:22:07,899][__main__][INFO] - Processing 11_male.jpg...

[2023-01-29 18:22:07,900][__main__][INFO] - Video already exists, skipping...
[2023-01-29 18:22:07,900][__main__][INFO] - Processing 0_female.jpg...

[2023-01-29 18:22:07,900][__main__][INFO] - Video already exists, skipping...
[2023-01-29 18:22:07,900][__main__][INFO] - Processing test_image2shape.png...

[2023-01-29 18:22:07,900][__main__][INFO] - Video already exists, skipping...
[2023-01-29 18:22:07,901][__main__][INFO] - Processing 19_male.jpg...

[2023-01-29 18:22:07,901][__main__][INFO] - Video already exists, skipping...
[2023-01-29 18:22:07,901][__main__][INFO] - Processing 15_female.jpg...

[2023-01-29 18:22:07,901][__main__][INFO] - Video already exists, skipping...
[2023-01-29 18:22:07,901][__main__][INFO] - Processing fat_woman.jpeg...

[2023-01-29 18:22:07,901][__main__][INFO] - Video already exists, skipping...
[2023-01-29 18:22:07,902][__main__][INFO] - Processing 13_female.jpg...

[2023-01-29 18:22:07,902][__main__][INFO] - Video already exists, skipping...
[2023-01-29 18:22:07,902][__main__][INFO] - Processing the_rock.jpeg...

[2023-01-29 18:22:07,902][__main__][INFO] - Video already exists, skipping...
[2023-01-29 18:22:07,902][__main__][INFO] - Processing lizzo.jpg...

[2023-01-29 18:22:07,903][__main__][INFO] - Video already exists, skipping...
[2023-01-29 18:22:07,903][__main__][INFO] - Processing zju_mocap.jpg...

[2023-01-29 18:22:07,903][__main__][INFO] - Video already exists, skipping...
[2023-01-29 18:22:07,903][__main__][INFO] - Processing 4_male.jpg...

[2023-01-29 18:22:07,904][__main__][INFO] - Video already exists, skipping...
[2023-01-29 18:22:07,904][__main__][INFO] - Processing 16_male.jpg...

[2023-01-29 18:22:07,904][__main__][INFO] - Video already exists, skipping...
[2023-01-29 18:22:07,904][__main__][INFO] - Processing 21_male.jpg...

[2023-01-29 18:22:07,904][__main__][INFO] - Video already exists, skipping...
[2023-01-29 18:22:07,904][__main__][INFO] - Processing 14_male.jpg...

[2023-01-29 18:22:07,905][__main__][INFO] - Video already exists, skipping...
[2023-01-29 18:22:07,905][__main__][INFO] - Processing 7_female.jpg...

[2023-01-29 18:22:07,905][__main__][INFO] - Video already exists, skipping...
[2023-01-29 18:22:07,905][__main__][INFO] - Processing 1_female.jpg...

[2023-01-29 18:22:07,905][__main__][INFO] - Video already exists, skipping...
[2023-01-29 18:22:07,905][__main__][INFO] - Processing 9_female.jpg...

[2023-01-29 18:22:07,906][__main__][INFO] - Video already exists, skipping...
[2023-01-29 18:22:07,906][__main__][INFO] - Processing 10_male.jpg...

[2023-01-29 18:22:07,906][__main__][INFO] - Video already exists, skipping...
[2023-01-29 18:22:07,906][__main__][INFO] - Processing 17_female.jpg...

[2023-01-29 18:22:07,906][__main__][INFO] - Video already exists, skipping...
[2023-01-29 18:22:07,906][__main__][INFO] - Processing 2_female.jpg...

[2023-01-29 18:22:07,907][__main__][INFO] - Video already exists, skipping...
