[2023-01-20 22:02:35,746][__main__][INFO] - parameters: Parameter containing:
tensor([[0.6740, 0.5622, 0.9020, 0.7946, 0.4317, 0.4372, 0.9255, 0.8509, 0.2001,
         0.0642]], requires_grad=True)
[2023-01-20 22:02:35,980][__main__][INFO] - parameters: Parameter containing:
tensor([[0.6832, 0.5666, 0.8974, 0.8029, 0.4227, 0.4376, 0.9155, 0.8538, 0.2032,
         0.0557]], requires_grad=True)
[2023-01-20 22:02:36,169][__main__][INFO] - parameters: Parameter containing:
tensor([[0.6928, 0.5642, 0.8900, 0.8119, 0.4163, 0.4410, 0.9076, 0.8513, 0.2005,
         0.0535]], requires_grad=True)
[2023-01-20 22:02:36,365][__main__][INFO] - parameters: Parameter containing:
tensor([[0.6998, 0.5589, 0.8823, 0.8188, 0.4129, 0.4472, 0.9017, 0.8474, 0.1960,
         0.0549]], requires_grad=True)
[2023-01-20 22:02:36,553][__main__][INFO] - parameters: Parameter containing:
tensor([[0.7040, 0.5545, 0.8758, 0.8224, 0.4131, 0.4491, 0.8951, 0.8468, 0.1907,
         0.0554]], requires_grad=True)
[2023-01-20 22:02:36,729][__main__][INFO] - parameters: Parameter containing:
tensor([[0.7042, 0.5529, 0.8732, 0.8217, 0.4144, 0.4474, 0.8917, 0.8498, 0.1877,
         0.0536]], requires_grad=True)
[2023-01-20 22:02:36,921][__main__][INFO] - parameters: Parameter containing:
tensor([[0.7022, 0.5536, 0.8737, 0.8187, 0.4118, 0.4439, 0.8894, 0.8546, 0.1880,
         0.0508]], requires_grad=True)
[2023-01-20 22:02:37,104][__main__][INFO] - parameters: Parameter containing:
tensor([[0.6984, 0.5554, 0.8759, 0.8142, 0.4102, 0.4391, 0.8899, 0.8598, 0.1893,
         0.0480]], requires_grad=True)
[2023-01-20 22:02:37,300][__main__][INFO] - parameters: Parameter containing:
tensor([[0.6941, 0.5591, 0.8791, 0.8090, 0.4052, 0.4352, 0.8878, 0.8630, 0.1917,
         0.0437]], requires_grad=True)
[2023-01-20 22:02:37,486][__main__][INFO] - parameters: Parameter containing:
tensor([[0.6887, 0.5597, 0.8816, 0.8027, 0.4044, 0.4320, 0.8907, 0.8634, 0.1899,
         0.0443]], requires_grad=True)
[2023-01-20 22:02:37,711][__main__][INFO] - parameters: Parameter containing:
tensor([[0.6837, 0.5585, 0.8827, 0.7975, 0.4039, 0.4308, 0.8928, 0.8643, 0.1871,
         0.0454]], requires_grad=True)
[2023-01-20 22:02:37,897][__main__][INFO] - parameters: Parameter containing:
tensor([[0.6802, 0.5568, 0.8827, 0.7950, 0.4033, 0.4304, 0.8940, 0.8647, 0.1838,
         0.0471]], requires_grad=True)
[2023-01-20 22:02:38,084][__main__][INFO] - parameters: Parameter containing:
tensor([[0.6792, 0.5542, 0.8809, 0.7953, 0.4026, 0.4316, 0.8934, 0.8657, 0.1799,
         0.0492]], requires_grad=True)
[2023-01-20 22:02:38,296][__main__][INFO] - parameters: Parameter containing:
tensor([[0.6804, 0.5543, 0.8784, 0.7948, 0.4007, 0.4287, 0.8928, 0.8675, 0.1749,
         0.0471]], requires_grad=True)
[2023-01-20 22:02:38,486][__main__][INFO] - parameters: Parameter containing:
tensor([[0.6824, 0.5553, 0.8760, 0.7958, 0.3968, 0.4270, 0.8903, 0.8677, 0.1699,
         0.0456]], requires_grad=True)
[2023-01-20 22:02:38,657][__main__][INFO] - parameters: Parameter containing:
tensor([[0.6849, 0.5574, 0.8736, 0.7975, 0.3913, 0.4255, 0.8864, 0.8661, 0.1651,
         0.0440]], requires_grad=True)
[2023-01-20 22:02:38,827][__main__][INFO] - parameters: Parameter containing:
tensor([[0.6865, 0.5602, 0.8719, 0.7983, 0.3855, 0.4229, 0.8825, 0.8639, 0.1609,
         0.0427]], requires_grad=True)
[2023-01-20 22:02:39,037][__main__][INFO] - parameters: Parameter containing:
tensor([[0.6877, 0.5614, 0.8701, 0.7983, 0.3822, 0.4197, 0.8817, 0.8617, 0.1559,
         0.0436]], requires_grad=True)
[2023-01-20 22:02:39,217][__main__][INFO] - parameters: Parameter containing:
tensor([[0.6890, 0.5607, 0.8679, 0.7984, 0.3802, 0.4173, 0.8829, 0.8598, 0.1511,
         0.0455]], requires_grad=True)
[2023-01-20 22:02:39,391][__main__][INFO] - parameters: Parameter containing:
tensor([[0.6895, 0.5602, 0.8676, 0.7991, 0.3790, 0.4151, 0.8853, 0.8587, 0.1475,
         0.0476]], requires_grad=True)
[2023-01-20 22:02:39,591][__main__][INFO] - parameters: Parameter containing:
tensor([[0.6886, 0.5603, 0.8692, 0.7993, 0.3785, 0.4126, 0.8895, 0.8564, 0.1441,
         0.0505]], requires_grad=True)
[2023-01-20 22:02:39,769][__main__][INFO] - parameters: Parameter containing:
tensor([[0.6871, 0.5605, 0.8715, 0.7995, 0.3777, 0.4109, 0.8932, 0.8545, 0.1417,
         0.0534]], requires_grad=True)
[2023-01-20 22:02:39,944][__main__][INFO] - parameters: Parameter containing:
tensor([[0.6860, 0.5591, 0.8729, 0.8011, 0.3774, 0.4108, 0.8969, 0.8525, 0.1393,
         0.0573]], requires_grad=True)
[2023-01-20 22:02:40,133][__main__][INFO] - parameters: Parameter containing:
tensor([[0.6849, 0.5573, 0.8738, 0.8024, 0.3765, 0.4111, 0.9001, 0.8502, 0.1369,
         0.0610]], requires_grad=True)
[2023-01-20 22:02:40,317][__main__][INFO] - parameters: Parameter containing:
tensor([[0.6835, 0.5554, 0.8743, 0.8038, 0.3743, 0.4117, 0.9017, 0.8480, 0.1352,
         0.0637]], requires_grad=True)
[2023-01-20 22:02:40,497][__main__][INFO] - parameters: Parameter containing:
tensor([[0.6827, 0.5531, 0.8743, 0.8053, 0.3708, 0.4128, 0.9022, 0.8459, 0.1343,
         0.0654]], requires_grad=True)
[2023-01-20 22:02:40,671][__main__][INFO] - parameters: Parameter containing:
tensor([[0.6818, 0.5506, 0.8742, 0.8076, 0.3665, 0.4146, 0.9014, 0.8444, 0.1343,
         0.0683]], requires_grad=True)
[2023-01-20 22:02:40,857][__main__][INFO] - parameters: Parameter containing:
tensor([[0.6811, 0.5483, 0.8744, 0.8113, 0.3616, 0.4173, 0.8992, 0.8430, 0.1353,
         0.0730]], requires_grad=True)
[2023-01-20 22:02:41,024][__main__][INFO] - parameters: Parameter containing:
tensor([[0.6809, 0.5468, 0.8748, 0.8161, 0.3566, 0.4201, 0.8958, 0.8424, 0.1367,
         0.0778]], requires_grad=True)
[2023-01-20 22:02:41,194][__main__][INFO] - parameters: Parameter containing:
tensor([[0.6816, 0.5459, 0.8752, 0.8218, 0.3517, 0.4228, 0.8918, 0.8429, 0.1386,
         0.0829]], requires_grad=True)
[2023-01-20 22:02:41,415][__main__][INFO] - parameters: Parameter containing:
tensor([[0.6823, 0.5457, 0.8758, 0.8275, 0.3471, 0.4245, 0.8874, 0.8444, 0.1404,
         0.0866]], requires_grad=True)
[2023-01-20 22:02:41,583][__main__][INFO] - parameters: Parameter containing:
tensor([[0.6825, 0.5459, 0.8766, 0.8326, 0.3422, 0.4255, 0.8830, 0.8460, 0.1423,
         0.0893]], requires_grad=True)
[2023-01-20 22:02:41,765][__main__][INFO] - parameters: Parameter containing:
tensor([[0.6821, 0.5465, 0.8777, 0.8355, 0.3368, 0.4256, 0.8791, 0.8473, 0.1446,
         0.0908]], requires_grad=True)
[2023-01-20 22:02:41,943][__main__][INFO] - parameters: Parameter containing:
tensor([[0.6806, 0.5481, 0.8795, 0.8367, 0.3304, 0.4253, 0.8749, 0.8474, 0.1473,
         0.0925]], requires_grad=True)
[2023-01-20 22:02:42,134][__main__][INFO] - parameters: Parameter containing:
tensor([[0.6797, 0.5480, 0.8803, 0.8374, 0.3253, 0.4247, 0.8728, 0.8479, 0.1491,
         0.0947]], requires_grad=True)
[2023-01-20 22:02:42,316][__main__][INFO] - parameters: Parameter containing:
tensor([[0.6804, 0.5454, 0.8791, 0.8383, 0.3224, 0.4247, 0.8731, 0.8487, 0.1499,
         0.0983]], requires_grad=True)
[2023-01-20 22:02:42,483][__main__][INFO] - parameters: Parameter containing:
tensor([[0.6809, 0.5431, 0.8786, 0.8383, 0.3196, 0.4243, 0.8744, 0.8484, 0.1505,
         0.1024]], requires_grad=True)
[2023-01-20 22:02:42,662][__main__][INFO] - parameters: Parameter containing:
tensor([[0.6808, 0.5416, 0.8788, 0.8376, 0.3163, 0.4234, 0.8752, 0.8485, 0.1515,
         0.1059]], requires_grad=True)
[2023-01-20 22:02:42,838][__main__][INFO] - parameters: Parameter containing:
tensor([[0.6803, 0.5413, 0.8798, 0.8368, 0.3132, 0.4212, 0.8756, 0.8502, 0.1527,
         0.1079]], requires_grad=True)
[2023-01-20 22:02:43,032][__main__][INFO] - parameters: Parameter containing:
tensor([[0.6805, 0.5415, 0.8810, 0.8362, 0.3099, 0.4185, 0.8760, 0.8523, 0.1543,
         0.1091]], requires_grad=True)
[2023-01-20 22:02:43,233][__main__][INFO] - parameters: Parameter containing:
tensor([[0.6814, 0.5421, 0.8819, 0.8353, 0.3065, 0.4156, 0.8766, 0.8534, 0.1553,
         0.1106]], requires_grad=True)
[2023-01-20 22:02:43,408][__main__][INFO] - parameters: Parameter containing:
tensor([[0.6817, 0.5432, 0.8830, 0.8329, 0.3024, 0.4121, 0.8777, 0.8528, 0.1553,
         0.1126]], requires_grad=True)
[2023-01-20 22:02:43,587][__main__][INFO] - parameters: Parameter containing:
tensor([[0.6819, 0.5442, 0.8838, 0.8303, 0.2986, 0.4087, 0.8790, 0.8509, 0.1541,
         0.1146]], requires_grad=True)
[2023-01-20 22:02:43,788][__main__][INFO] - parameters: Parameter containing:
tensor([[0.6822, 0.5446, 0.8844, 0.8284, 0.2954, 0.4056, 0.8804, 0.8483, 0.1518,
         0.1167]], requires_grad=True)
[2023-01-20 22:02:43,973][__main__][INFO] - parameters: Parameter containing:
tensor([[0.6828, 0.5434, 0.8837, 0.8268, 0.2938, 0.4028, 0.8826, 0.8468, 0.1484,
         0.1192]], requires_grad=True)
[2023-01-20 22:02:44,160][__main__][INFO] - parameters: Parameter containing:
tensor([[0.6833, 0.5430, 0.8834, 0.8259, 0.2915, 0.3999, 0.8830, 0.8459, 0.1448,
         0.1217]], requires_grad=True)
[2023-01-20 22:02:44,363][__main__][INFO] - parameters: Parameter containing:
tensor([[0.6841, 0.5434, 0.8830, 0.8255, 0.2883, 0.3966, 0.8822, 0.8453, 0.1412,
         0.1234]], requires_grad=True)
[2023-01-20 22:02:44,552][__main__][INFO] - parameters: Parameter containing:
tensor([[0.6845, 0.5441, 0.8829, 0.8245, 0.2846, 0.3933, 0.8809, 0.8452, 0.1386,
         0.1249]], requires_grad=True)
[2023-01-20 22:02:44,737][__main__][INFO] - parameters: Parameter containing:
tensor([[0.6843, 0.5449, 0.8824, 0.8239, 0.2820, 0.3894, 0.8788, 0.8456, 0.1352,
         0.1259]], requires_grad=True)
[2023-01-20 22:02:44,924][__main__][INFO] - parameters: Parameter containing:
tensor([[0.6846, 0.5452, 0.8815, 0.8231, 0.2791, 0.3858, 0.8767, 0.8463, 0.1320,
         0.1260]], requires_grad=True)
[2023-01-20 22:02:45,112][__main__][INFO] - parameters: Parameter containing:
tensor([[0.6848, 0.5451, 0.8809, 0.8220, 0.2766, 0.3825, 0.8752, 0.8474, 0.1293,
         0.1257]], requires_grad=True)
[2023-01-20 22:02:45,303][__main__][INFO] - parameters: Parameter containing:
tensor([[0.6840, 0.5442, 0.8807, 0.8218, 0.2755, 0.3798, 0.8742, 0.8492, 0.1265,
         0.1270]], requires_grad=True)
[2023-01-20 22:02:45,485][__main__][INFO] - parameters: Parameter containing:
tensor([[0.6830, 0.5433, 0.8812, 0.8219, 0.2748, 0.3772, 0.8735, 0.8515, 0.1243,
         0.1273]], requires_grad=True)
[2023-01-20 22:02:45,683][__main__][INFO] - parameters: Parameter containing:
tensor([[0.6814, 0.5417, 0.8822, 0.8227, 0.2743, 0.3759, 0.8727, 0.8549, 0.1231,
         0.1289]], requires_grad=True)
[2023-01-20 22:02:45,874][__main__][INFO] - parameters: Parameter containing:
tensor([[0.6811, 0.5404, 0.8831, 0.8243, 0.2745, 0.3741, 0.8725, 0.8582, 0.1223,
         0.1304]], requires_grad=True)
[2023-01-20 22:02:46,039][__main__][INFO] - parameters: Parameter containing:
tensor([[0.6827, 0.5400, 0.8838, 0.8271, 0.2732, 0.3733, 0.8716, 0.8601, 0.1223,
         0.1316]], requires_grad=True)
[2023-01-20 22:02:46,211][__main__][INFO] - parameters: Parameter containing:
tensor([[0.6839, 0.5403, 0.8854, 0.8302, 0.2712, 0.3729, 0.8707, 0.8592, 0.1225,
         0.1332]], requires_grad=True)
[2023-01-20 22:02:46,397][__main__][INFO] - parameters: Parameter containing:
tensor([[0.6843, 0.5413, 0.8880, 0.8329, 0.2678, 0.3729, 0.8692, 0.8574, 0.1236,
         0.1343]], requires_grad=True)
[2023-01-20 22:02:46,596][__main__][INFO] - parameters: Parameter containing:
tensor([[0.6842, 0.5409, 0.8899, 0.8348, 0.2649, 0.3731, 0.8684, 0.8561, 0.1247,
         0.1363]], requires_grad=True)
[2023-01-20 22:02:46,779][__main__][INFO] - parameters: Parameter containing:
tensor([[0.6842, 0.5386, 0.8902, 0.8352, 0.2622, 0.3736, 0.8687, 0.8556, 0.1258,
         0.1393]], requires_grad=True)
[2023-01-20 22:02:46,988][__main__][INFO] - parameters: Parameter containing:
tensor([[0.6842, 0.5352, 0.8899, 0.8347, 0.2596, 0.3743, 0.8696, 0.8566, 0.1277,
         0.1425]], requires_grad=True)
[2023-01-20 22:02:47,176][__main__][INFO] - parameters: Parameter containing:
tensor([[0.6841, 0.5331, 0.8906, 0.8342, 0.2555, 0.3747, 0.8694, 0.8570, 0.1301,
         0.1443]], requires_grad=True)
[2023-01-20 22:02:47,346][__main__][INFO] - parameters: Parameter containing:
tensor([[0.6844, 0.5315, 0.8917, 0.8333, 0.2499, 0.3752, 0.8687, 0.8575, 0.1334,
         0.1454]], requires_grad=True)
[2023-01-20 22:02:47,526][__main__][INFO] - parameters: Parameter containing:
tensor([[0.6841, 0.5317, 0.8936, 0.8330, 0.2452, 0.3734, 0.8671, 0.8580, 0.1352,
         0.1442]], requires_grad=True)
[2023-01-20 22:02:47,713][__main__][INFO] - parameters: Parameter containing:
tensor([[0.6833, 0.5338, 0.8960, 0.8324, 0.2400, 0.3698, 0.8645, 0.8582, 0.1360,
         0.1410]], requires_grad=True)
[2023-01-20 22:02:47,893][__main__][INFO] - parameters: Parameter containing:
tensor([[0.6846, 0.5340, 0.8956, 0.8319, 0.2356, 0.3670, 0.8631, 0.8571, 0.1351,
         0.1391]], requires_grad=True)
[2023-01-20 22:02:48,100][__main__][INFO] - parameters: Parameter containing:
tensor([[0.6872, 0.5322, 0.8933, 0.8318, 0.2323, 0.3652, 0.8633, 0.8558, 0.1332,
         0.1391]], requires_grad=True)
[2023-01-20 22:02:48,292][__main__][INFO] - parameters: Parameter containing:
tensor([[0.6881, 0.5309, 0.8924, 0.8306, 0.2284, 0.3634, 0.8634, 0.8544, 0.1319,
         0.1393]], requires_grad=True)
[2023-01-20 22:02:48,464][__main__][INFO] - parameters: Parameter containing:
tensor([[0.6865, 0.5319, 0.8941, 0.8274, 0.2235, 0.3603, 0.8637, 0.8516, 0.1310,
         0.1375]], requires_grad=True)
[2023-01-20 22:02:48,652][__main__][INFO] - parameters: Parameter containing:
tensor([[0.6849, 0.5330, 0.8958, 0.8244, 0.2191, 0.3570, 0.8638, 0.8493, 0.1300,
         0.1341]], requires_grad=True)
[2023-01-20 22:02:48,866][__main__][INFO] - parameters: Parameter containing:
tensor([[0.6848, 0.5326, 0.8960, 0.8224, 0.2158, 0.3553, 0.8646, 0.8456, 0.1275,
         0.1327]], requires_grad=True)
[2023-01-20 22:02:49,037][__main__][INFO] - parameters: Parameter containing:
tensor([[0.6861, 0.5306, 0.8952, 0.8217, 0.2133, 0.3554, 0.8660, 0.8422, 0.1245,
         0.1328]], requires_grad=True)
[2023-01-20 22:02:49,223][__main__][INFO] - parameters: Parameter containing:
tensor([[0.6874, 0.5279, 0.8942, 0.8211, 0.2111, 0.3562, 0.8670, 0.8401, 0.1217,
         0.1330]], requires_grad=True)
[2023-01-20 22:02:49,437][__main__][INFO] - parameters: Parameter containing:
tensor([[0.6871, 0.5263, 0.8957, 0.8215, 0.2097, 0.3563, 0.8684, 0.8391, 0.1201,
         0.1333]], requires_grad=True)
[2023-01-20 22:02:49,621][__main__][INFO] - parameters: Parameter containing:
tensor([[0.6863, 0.5264, 0.8987, 0.8216, 0.2079, 0.3549, 0.8697, 0.8382, 0.1194,
         0.1313]], requires_grad=True)
[2023-01-20 22:02:49,802][__main__][INFO] - parameters: Parameter containing:
tensor([[0.6853, 0.5262, 0.9017, 0.8227, 0.2068, 0.3534, 0.8701, 0.8397, 0.1192,
         0.1297]], requires_grad=True)
[2023-01-20 22:02:49,991][__main__][INFO] - parameters: Parameter containing:
tensor([[0.6864, 0.5258, 0.9027, 0.8242, 0.2048, 0.3526, 0.8690, 0.8420, 0.1190,
         0.1280]], requires_grad=True)
[2023-01-20 22:02:50,179][__main__][INFO] - parameters: Parameter containing:
tensor([[0.6885, 0.5247, 0.9022, 0.8254, 0.2018, 0.3523, 0.8669, 0.8450, 0.1188,
         0.1254]], requires_grad=True)
[2023-01-20 22:02:50,360][__main__][INFO] - parameters: Parameter containing:
tensor([[0.6895, 0.5237, 0.9020, 0.8261, 0.1990, 0.3517, 0.8643, 0.8489, 0.1187,
         0.1226]], requires_grad=True)
[2023-01-20 22:02:50,526][__main__][INFO] - parameters: Parameter containing:
tensor([[0.6881, 0.5240, 0.9033, 0.8270, 0.1979, 0.3493, 0.8614, 0.8526, 0.1171,
         0.1198]], requires_grad=True)
[2023-01-20 22:02:50,716][__main__][INFO] - parameters: Parameter containing:
tensor([[0.6860, 0.5236, 0.9044, 0.8269, 0.1965, 0.3477, 0.8587, 0.8557, 0.1159,
         0.1181]], requires_grad=True)
[2023-01-20 22:02:50,899][__main__][INFO] - parameters: Parameter containing:
tensor([[0.6854, 0.5221, 0.9043, 0.8286, 0.1964, 0.3469, 0.8570, 0.8577, 0.1137,
         0.1187]], requires_grad=True)
[2023-01-20 22:02:51,068][__main__][INFO] - parameters: Parameter containing:
tensor([[0.6861, 0.5206, 0.9035, 0.8307, 0.1959, 0.3464, 0.8557, 0.8593, 0.1120,
         0.1194]], requires_grad=True)
[2023-01-20 22:02:51,252][__main__][INFO] - parameters: Parameter containing:
tensor([[0.6877, 0.5199, 0.9027, 0.8323, 0.1931, 0.3467, 0.8542, 0.8583, 0.1116,
         0.1204]], requires_grad=True)
[2023-01-20 22:02:51,428][__main__][INFO] - parameters: Parameter containing:
tensor([[0.6876, 0.5201, 0.9039, 0.8335, 0.1906, 0.3467, 0.8538, 0.8559, 0.1117,
         0.1230]], requires_grad=True)
[2023-01-20 22:02:51,623][__main__][INFO] - parameters: Parameter containing:
tensor([[0.6862, 0.5216, 0.9067, 0.8337, 0.1877, 0.3462, 0.8542, 0.8520, 0.1127,
         0.1258]], requires_grad=True)
[2023-01-20 22:02:51,794][__main__][INFO] - parameters: Parameter containing:
tensor([[0.6860, 0.5220, 0.9080, 0.8324, 0.1841, 0.3463, 0.8557, 0.8481, 0.1146,
         0.1291]], requires_grad=True)
[2023-01-20 22:02:51,965][__main__][INFO] - parameters: Parameter containing:
tensor([[0.6880, 0.5207, 0.9072, 0.8319, 0.1811, 0.3474, 0.8583, 0.8436, 0.1155,
         0.1327]], requires_grad=True)
[2023-01-20 22:02:52,148][__main__][INFO] - parameters: Parameter containing:
tensor([[0.6895, 0.5192, 0.9063, 0.8310, 0.1782, 0.3484, 0.8603, 0.8406, 0.1168,
         0.1358]], requires_grad=True)
[2023-01-20 22:02:52,327][__main__][INFO] - parameters: Parameter containing:
tensor([[0.6895, 0.5188, 0.9066, 0.8294, 0.1756, 0.3481, 0.8618, 0.8376, 0.1176,
         0.1380]], requires_grad=True)
[2023-01-20 22:02:52,519][__main__][INFO] - parameters: Parameter containing:
tensor([[0.6886, 0.5195, 0.9077, 0.8277, 0.1738, 0.3463, 0.8626, 0.8354, 0.1179,
         0.1386]], requires_grad=True)
[2023-01-20 22:02:52,710][__main__][INFO] - parameters: Parameter containing:
tensor([[0.6875, 0.5201, 0.9088, 0.8265, 0.1723, 0.3442, 0.8629, 0.8331, 0.1180,
         0.1384]], requires_grad=True)
[2023-01-20 22:02:52,913][__main__][INFO] - parameters: Parameter containing:
tensor([[0.6874, 0.5207, 0.9089, 0.8258, 0.1703, 0.3422, 0.8619, 0.8324, 0.1179,
         0.1364]], requires_grad=True)
[2023-01-20 22:02:53,096][__main__][INFO] - parameters: Parameter containing:
tensor([[0.6888, 0.5208, 0.9078, 0.8257, 0.1681, 0.3404, 0.8602, 0.8327, 0.1169,
         0.1333]], requires_grad=True)
[2023-01-20 22:02:53,283][__main__][INFO] - parameters: Parameter containing:
tensor([[0.6893, 0.5213, 0.9067, 0.8263, 0.1678, 0.3366, 0.8579, 0.8346, 0.1141,
         0.1285]], requires_grad=True)
[2023-01-20 22:02:53,468][__main__][INFO] - parameters: Parameter containing:
tensor([[0.6895, 0.5216, 0.9055, 0.8260, 0.1677, 0.3320, 0.8561, 0.8369, 0.1111,
         0.1230]], requires_grad=True)
[2023-01-20 22:02:53,692][__main__][INFO] - parameters: Parameter containing:
tensor([[0.6889, 0.5217, 0.9051, 0.8258, 0.1677, 0.3280, 0.8543, 0.8397, 0.1088,
         0.1177]], requires_grad=True)
[2023-01-20 22:02:53,875][__main__][INFO] - parameters: Parameter containing:
tensor([[0.6876, 0.5208, 0.9049, 0.8256, 0.1682, 0.3250, 0.8529, 0.8428, 0.1069,
         0.1143]], requires_grad=True)
[2023-01-20 22:02:54,068][__main__][INFO] - parameters: Parameter containing:
tensor([[0.6866, 0.5193, 0.9043, 0.8249, 0.1686, 0.3226, 0.8522, 0.8455, 0.1049,
         0.1123]], requires_grad=True)
[2023-01-20 22:02:54,285][__main__][INFO] - parameters: Parameter containing:
tensor([[0.6866, 0.5167, 0.9032, 0.8260, 0.1697, 0.3219, 0.8523, 0.8473, 0.1036,
         0.1123]], requires_grad=True)
[2023-01-20 22:02:54,465][__main__][INFO] - parameters: Parameter containing:
tensor([[0.6875, 0.5155, 0.9032, 0.8268, 0.1694, 0.3213, 0.8538, 0.8467, 0.1039,
         0.1118]], requires_grad=True)
[2023-01-20 22:02:54,657][__main__][INFO] - parameters: Parameter containing:
tensor([[0.6876, 0.5152, 0.9048, 0.8274, 0.1688, 0.3206, 0.8563, 0.8446, 0.1050,
         0.1117]], requires_grad=True)
[2023-01-20 22:02:54,858][__main__][INFO] - parameters: Parameter containing:
tensor([[0.6871, 0.5157, 0.9076, 0.8280, 0.1674, 0.3205, 0.8588, 0.8418, 0.1069,
         0.1121]], requires_grad=True)
[2023-01-20 22:02:55,041][__main__][INFO] - parameters: Parameter containing:
tensor([[0.6880, 0.5159, 0.9092, 0.8289, 0.1648, 0.3212, 0.8602, 0.8391, 0.1090,
         0.1114]], requires_grad=True)
[2023-01-20 22:02:55,242][__main__][INFO] - parameters: Parameter containing:
tensor([[0.6885, 0.5152, 0.9100, 0.8299, 0.1621, 0.3231, 0.8607, 0.8369, 0.1105,
         0.1112]], requires_grad=True)
[2023-01-20 22:02:55,453][__main__][INFO] - parameters: Parameter containing:
tensor([[0.6888, 0.5140, 0.9102, 0.8308, 0.1594, 0.3258, 0.8600, 0.8351, 0.1117,
         0.1120]], requires_grad=True)
[2023-01-20 22:02:55,649][__main__][INFO] - parameters: Parameter containing:
tensor([[0.6886, 0.5133, 0.9101, 0.8317, 0.1574, 0.3277, 0.8579, 0.8336, 0.1116,
         0.1127]], requires_grad=True)
[2023-01-20 22:02:55,835][__main__][INFO] - parameters: Parameter containing:
tensor([[0.6884, 0.5131, 0.9100, 0.8323, 0.1552, 0.3290, 0.8549, 0.8328, 0.1116,
         0.1125]], requires_grad=True)
[2023-01-20 22:02:56,022][__main__][INFO] - parameters: Parameter containing:
tensor([[0.6876, 0.5135, 0.9102, 0.8310, 0.1529, 0.3286, 0.8521, 0.8329, 0.1115,
         0.1109]], requires_grad=True)
[2023-01-20 22:02:56,202][__main__][INFO] - parameters: Parameter containing:
tensor([[0.6874, 0.5139, 0.9099, 0.8294, 0.1507, 0.3278, 0.8494, 0.8335, 0.1118,
         0.1088]], requires_grad=True)
[2023-01-20 22:02:56,370][__main__][INFO] - parameters: Parameter containing:
tensor([[0.6877, 0.5142, 0.9093, 0.8282, 0.1494, 0.3264, 0.8470, 0.8350, 0.1116,
         0.1073]], requires_grad=True)
[2023-01-20 22:02:56,561][__main__][INFO] - parameters: Parameter containing:
tensor([[0.6881, 0.5148, 0.9095, 0.8265, 0.1487, 0.3242, 0.8467, 0.8362, 0.1119,
         0.1053]], requires_grad=True)
[2023-01-20 22:02:56,748][__main__][INFO] - parameters: Parameter containing:
tensor([[0.6901, 0.5151, 0.9091, 0.8248, 0.1480, 0.3223, 0.8480, 0.8355, 0.1115,
         0.1011]], requires_grad=True)
[2023-01-20 22:02:56,925][__main__][INFO] - parameters: Parameter containing:
tensor([[0.6894, 0.5153, 0.9112, 0.8245, 0.1491, 0.3206, 0.8497, 0.8370, 0.1123,
         0.1004]], requires_grad=True)
[2023-01-20 22:02:57,102][__main__][INFO] - parameters: Parameter containing:
tensor([[0.6894, 0.5143, 0.9121, 0.8239, 0.1508, 0.3197, 0.8527, 0.8369, 0.1112,
         0.1003]], requires_grad=True)
[2023-01-20 22:02:57,313][__main__][INFO] - parameters: Parameter containing:
tensor([[0.6894, 0.5122, 0.9120, 0.8230, 0.1526, 0.3194, 0.8558, 0.8362, 0.1090,
         0.1012]], requires_grad=True)
[2023-01-20 22:02:57,509][__main__][INFO] - parameters: Parameter containing:
tensor([[0.6890, 0.5105, 0.9117, 0.8213, 0.1536, 0.3194, 0.8576, 0.8353, 0.1066,
         0.1019]], requires_grad=True)
[2023-01-20 22:02:57,691][__main__][INFO] - parameters: Parameter containing:
tensor([[0.6888, 0.5089, 0.9111, 0.8210, 0.1548, 0.3196, 0.8584, 0.8349, 0.1037,
         0.1033]], requires_grad=True)
[2023-01-20 22:02:57,895][__main__][INFO] - parameters: Parameter containing:
tensor([[0.6890, 0.5090, 0.9113, 0.8214, 0.1553, 0.3188, 0.8580, 0.8351, 0.1010,
         0.1037]], requires_grad=True)
[2023-01-20 22:02:58,079][__main__][INFO] - parameters: Parameter containing:
tensor([[0.6895, 0.5106, 0.9119, 0.8223, 0.1558, 0.3163, 0.8570, 0.8352, 0.0975,
         0.1024]], requires_grad=True)
[2023-01-20 22:02:58,266][__main__][INFO] - parameters: Parameter containing:
tensor([[0.6894, 0.5134, 0.9129, 0.8230, 0.1557, 0.3131, 0.8551, 0.8354, 0.0937,
         0.1002]], requires_grad=True)
[2023-01-20 22:02:58,459][__main__][INFO] - parameters: Parameter containing:
tensor([[0.6894, 0.5150, 0.9132, 0.8222, 0.1540, 0.3111, 0.8532, 0.8360, 0.0910,
         0.0989]], requires_grad=True)
[2023-01-20 22:02:58,641][__main__][INFO] - parameters: Parameter containing:
tensor([[0.6893, 0.5161, 0.9130, 0.8212, 0.1513, 0.3107, 0.8508, 0.8356, 0.0888,
         0.0979]], requires_grad=True)
[2023-01-20 22:02:58,818][__main__][INFO] - parameters: Parameter containing:
tensor([[0.6894, 0.5157, 0.9122, 0.8209, 0.1478, 0.3128, 0.8484, 0.8342, 0.0876,
         0.0993]], requires_grad=True)
[2023-01-20 22:02:59,002][__main__][INFO] - parameters: Parameter containing:
tensor([[0.6896, 0.5150, 0.9116, 0.8214, 0.1443, 0.3157, 0.8465, 0.8315, 0.0862,
         0.1009]], requires_grad=True)
[2023-01-20 22:02:59,192][__main__][INFO] - parameters: Parameter containing:
tensor([[0.6873, 0.5146, 0.9132, 0.8244, 0.1443, 0.3177, 0.8446, 0.8307, 0.0840,
         0.1051]], requires_grad=True)
[2023-01-20 22:02:59,375][__main__][INFO] - parameters: Parameter containing:
tensor([[0.6875, 0.5140, 0.9140, 0.8294, 0.1438, 0.3211, 0.8431, 0.8287, 0.0827,
         0.1102]], requires_grad=True)
[2023-01-20 22:02:59,569][__main__][INFO] - parameters: Parameter containing:
tensor([[0.6897, 0.5135, 0.9140, 0.8342, 0.1416, 0.3248, 0.8416, 0.8267, 0.0830,
         0.1138]], requires_grad=True)
[2023-01-20 22:02:59,758][__main__][INFO] - parameters: Parameter containing:
tensor([[0.6902, 0.5140, 0.9158, 0.8365, 0.1397, 0.3268, 0.8417, 0.8256, 0.0849,
         0.1178]], requires_grad=True)
[2023-01-20 22:02:59,949][__main__][INFO] - parameters: Parameter containing:
tensor([[0.6900, 0.5153, 0.9188, 0.8370, 0.1369, 0.3281, 0.8421, 0.8244, 0.0882,
         0.1202]], requires_grad=True)
[2023-01-20 22:03:00,128][__main__][INFO] - parameters: Parameter containing:
tensor([[0.6899, 0.5158, 0.9209, 0.8361, 0.1343, 0.3293, 0.8426, 0.8234, 0.0909,
         0.1221]], requires_grad=True)
[2023-01-20 22:03:00,331][__main__][INFO] - parameters: Parameter containing:
tensor([[0.6902, 0.5143, 0.9217, 0.8350, 0.1319, 0.3316, 0.8441, 0.8209, 0.0922,
         0.1257]], requires_grad=True)
[2023-01-20 22:03:00,528][__main__][INFO] - parameters: Parameter containing:
tensor([[0.6909, 0.5120, 0.9216, 0.8337, 0.1297, 0.3339, 0.8452, 0.8193, 0.0926,
         0.1296]], requires_grad=True)
[2023-01-20 22:03:00,719][__main__][INFO] - parameters: Parameter containing:
tensor([[0.6904, 0.5112, 0.9214, 0.8320, 0.1296, 0.3329, 0.8447, 0.8192, 0.0905,
         0.1318]], requires_grad=True)
[2023-01-20 22:03:00,892][__main__][INFO] - parameters: Parameter containing:
tensor([[0.6896, 0.5116, 0.9220, 0.8305, 0.1299, 0.3304, 0.8421, 0.8222, 0.0884,
         0.1324]], requires_grad=True)
[2023-01-20 22:03:01,073][__main__][INFO] - parameters: Parameter containing:
tensor([[0.6897, 0.5117, 0.9219, 0.8304, 0.1305, 0.3281, 0.8383, 0.8259, 0.0855,
         0.1328]], requires_grad=True)
[2023-01-20 22:03:01,287][__main__][INFO] - parameters: Parameter containing:
tensor([[0.6907, 0.5115, 0.9213, 0.8306, 0.1308, 0.3264, 0.8346, 0.8294, 0.0826,
         0.1325]], requires_grad=True)
[2023-01-20 22:03:01,465][__main__][INFO] - parameters: Parameter containing:
tensor([[0.6910, 0.5119, 0.9218, 0.8312, 0.1316, 0.3243, 0.8313, 0.8327, 0.0795,
         0.1317]], requires_grad=True)
[2023-01-20 22:03:01,666][__main__][INFO] - parameters: Parameter containing:
tensor([[0.6906, 0.5122, 0.9231, 0.8307, 0.1318, 0.3229, 0.8290, 0.8352, 0.0776,
         0.1311]], requires_grad=True)
[2023-01-20 22:03:01,840][__main__][INFO] - parameters: Parameter containing:
tensor([[0.6905, 0.5118, 0.9236, 0.8298, 0.1326, 0.3217, 0.8277, 0.8367, 0.0751,
         0.1311]], requires_grad=True)
[2023-01-20 22:03:02,017][__main__][INFO] - parameters: Parameter containing:
tensor([[0.6911, 0.5102, 0.9231, 0.8287, 0.1332, 0.3217, 0.8276, 0.8366, 0.0728,
         0.1313]], requires_grad=True)
[2023-01-20 22:03:02,196][__main__][INFO] - parameters: Parameter containing:
tensor([[0.6921, 0.5093, 0.9233, 0.8276, 0.1328, 0.3221, 0.8280, 0.8350, 0.0712,
         0.1303]], requires_grad=True)
[2023-01-20 22:03:02,400][__main__][INFO] - parameters: Parameter containing:
tensor([[0.6912, 0.5085, 0.9252, 0.8252, 0.1332, 0.3223, 0.8304, 0.8337, 0.0711,
         0.1306]], requires_grad=True)
[2023-01-20 22:03:02,573][__main__][INFO] - parameters: Parameter containing:
tensor([[0.6909, 0.5078, 0.9270, 0.8228, 0.1330, 0.3230, 0.8327, 0.8319, 0.0716,
         0.1304]], requires_grad=True)
[2023-01-20 22:03:02,763][__main__][INFO] - parameters: Parameter containing:
tensor([[0.6917, 0.5073, 0.9278, 0.8208, 0.1322, 0.3237, 0.8342, 0.8301, 0.0720,
         0.1300]], requires_grad=True)
[2023-01-20 22:03:02,940][__main__][INFO] - parameters: Parameter containing:
tensor([[0.6931, 0.5069, 0.9282, 0.8210, 0.1318, 0.3247, 0.8341, 0.8292, 0.0719,
         0.1297]], requires_grad=True)
[2023-01-20 22:03:03,118][__main__][INFO] - parameters: Parameter containing:
tensor([[0.6943, 0.5067, 0.9285, 0.8210, 0.1309, 0.3260, 0.8331, 0.8288, 0.0719,
         0.1286]], requires_grad=True)
[2023-01-20 22:03:03,299][__main__][INFO] - parameters: Parameter containing:
tensor([[0.6932, 0.5077, 0.9300, 0.8195, 0.1311, 0.3248, 0.8321, 0.8294, 0.0712,
         0.1269]], requires_grad=True)
[2023-01-20 22:03:03,500][__main__][INFO] - parameters: Parameter containing:
tensor([[0.6925, 0.5089, 0.9311, 0.8182, 0.1298, 0.3246, 0.8297, 0.8292, 0.0707,
         0.1239]], requires_grad=True)
[2023-01-20 22:03:03,688][__main__][INFO] - parameters: Parameter containing:
tensor([[0.6925, 0.5100, 0.9307, 0.8176, 0.1298, 0.3235, 0.8273, 0.8286, 0.0676,
         0.1201]], requires_grad=True)
[2023-01-20 22:03:03,858][__main__][INFO] - parameters: Parameter containing:
tensor([[0.6936, 0.5095, 0.9287, 0.8175, 0.1302, 0.3236, 0.8252, 0.8272, 0.0631,
         0.1173]], requires_grad=True)
[2023-01-20 22:03:04,058][__main__][INFO] - parameters: Parameter containing:
tensor([[0.6934, 0.5086, 0.9277, 0.8185, 0.1324, 0.3239, 0.8238, 0.8261, 0.0585,
         0.1160]], requires_grad=True)
[2023-01-20 22:03:04,239][__main__][INFO] - parameters: Parameter containing:
tensor([[0.6923, 0.5093, 0.9278, 0.8169, 0.1346, 0.3216, 0.8239, 0.8256, 0.0548,
         0.1119]], requires_grad=True)
[2023-01-20 22:03:04,412][__main__][INFO] - parameters: Parameter containing:
tensor([[0.6921, 0.5101, 0.9281, 0.8149, 0.1354, 0.3199, 0.8248, 0.8240, 0.0525,
         0.1069]], requires_grad=True)
[2023-01-20 22:03:04,579][__main__][INFO] - parameters: Parameter containing:
tensor([[0.6932, 0.5108, 0.9278, 0.8130, 0.1350, 0.3195, 0.8262, 0.8210, 0.0509,
         0.1014]], requires_grad=True)
[2023-01-20 22:03:04,782][__main__][INFO] - parameters: Parameter containing:
tensor([[0.6936, 0.5123, 0.9288, 0.8104, 0.1340, 0.3188, 0.8280, 0.8177, 0.0501,
         0.0964]], requires_grad=True)
[2023-01-20 22:03:04,959][__main__][INFO] - parameters: Parameter containing:
tensor([[0.6935, 0.5132, 0.9293, 0.8083, 0.1336, 0.3185, 0.8290, 0.8140, 0.0478,
         0.0923]], requires_grad=True)
[2023-01-20 22:03:05,143][__main__][INFO] - parameters: Parameter containing:
tensor([[0.6933, 0.5129, 0.9294, 0.8063, 0.1327, 0.3193, 0.8297, 0.8103, 0.0457,
         0.0896]], requires_grad=True)
[2023-01-20 22:03:05,362][__main__][INFO] - parameters: Parameter containing:
tensor([[0.6935, 0.5130, 0.9293, 0.8050, 0.1317, 0.3196, 0.8293, 0.8071, 0.0430,
         0.0871]], requires_grad=True)
[2023-01-20 22:03:05,538][__main__][INFO] - parameters: Parameter containing:
tensor([[0.6942, 0.5133, 0.9293, 0.8053, 0.1309, 0.3196, 0.8274, 0.8054, 0.0405,
         0.0844]], requires_grad=True)
[2023-01-20 22:03:05,709][__main__][INFO] - parameters: Parameter containing:
tensor([[0.6940, 0.5140, 0.9298, 0.8048, 0.1298, 0.3185, 0.8250, 0.8054, 0.0382,
         0.0817]], requires_grad=True)
[2023-01-20 22:03:05,900][__main__][INFO] - parameters: Parameter containing:
tensor([[0.6939, 0.5136, 0.9301, 0.8044, 0.1303, 0.3171, 0.8239, 0.8057, 0.0349,
         0.0803]], requires_grad=True)
[2023-01-20 22:03:06,134][__main__][INFO] - parameters: Parameter containing:
tensor([[0.6939, 0.5130, 0.9305, 0.8050, 0.1309, 0.3161, 0.8223, 0.8066, 0.0318,
         0.0790]], requires_grad=True)
[2023-01-20 22:03:06,361][__main__][INFO] - parameters: Parameter containing:
tensor([[0.6942, 0.5122, 0.9312, 0.8072, 0.1316, 0.3163, 0.8205, 0.8073, 0.0291,
         0.0781]], requires_grad=True)
[2023-01-20 22:03:06,583][__main__][INFO] - parameters: Parameter containing:
tensor([[0.6935, 0.5124, 0.9334, 0.8096, 0.1329, 0.3156, 0.8190, 0.8083, 0.0269,
         0.0767]], requires_grad=True)
[2023-01-20 22:03:06,812][__main__][INFO] - parameters: Parameter containing:
tensor([[0.6936, 0.5126, 0.9347, 0.8118, 0.1340, 0.3147, 0.8178, 0.8079, 0.0233,
         0.0757]], requires_grad=True)
[2023-01-20 22:03:06,995][__main__][INFO] - parameters: Parameter containing:
tensor([[0.6937, 0.5123, 0.9349, 0.8131, 0.1350, 0.3141, 0.8173, 0.8065, 0.0190,
         0.0752]], requires_grad=True)
[2023-01-20 22:03:07,196][__main__][INFO] - parameters: Parameter containing:
tensor([[0.6941, 0.5117, 0.9347, 0.8143, 0.1352, 0.3141, 0.8166, 0.8039, 0.0145,
         0.0752]], requires_grad=True)
[2023-01-20 22:03:07,385][__main__][INFO] - parameters: Parameter containing:
tensor([[0.6936, 0.5121, 0.9353, 0.8148, 0.1344, 0.3136, 0.8153, 0.8017, 0.0109,
         0.0750]], requires_grad=True)
[2023-01-20 22:03:07,552][__main__][INFO] - parameters: Parameter containing:
tensor([[0.6930, 0.5131, 0.9364, 0.8157, 0.1331, 0.3130, 0.8129, 0.8001, 0.0079,
         0.0749]], requires_grad=True)
[2023-01-20 22:03:07,738][__main__][INFO] - parameters: Parameter containing:
tensor([[0.6936, 0.5141, 0.9364, 0.8172, 0.1313, 0.3127, 0.8100, 0.7980, 0.0043,
         0.0753]], requires_grad=True)
[2023-01-20 22:03:07,931][__main__][INFO] - parameters: Parameter containing:
tensor([[0.6945, 0.5135, 0.9360, 0.8188, 0.1300, 0.3134, 0.8085, 0.7959, 0.0014,
         0.0773]], requires_grad=True)
[2023-01-20 22:03:08,136][__main__][INFO] - parameters: Parameter containing:
tensor([[6.9386e-01, 5.1386e-01, 9.3740e-01, 8.1882e-01, 1.2810e-01, 3.1298e-01,
         8.0763e-01, 7.9580e-01, 7.2458e-04, 7.9384e-02]], requires_grad=True)
[2023-01-20 22:03:08,324][__main__][INFO] - parameters: Parameter containing:
tensor([[ 6.9351e-01,  5.1350e-01,  9.3859e-01,  8.1872e-01,  1.2665e-01,
          3.1270e-01,  8.0762e-01,  7.9580e-01, -9.3991e-05,  8.2383e-02]],
       requires_grad=True)
[2023-01-20 22:03:08,518][__main__][INFO] - parameters: Parameter containing:
tensor([[ 0.6941,  0.5121,  0.9390,  0.8212,  0.1269,  0.3136,  0.8075,  0.7955,
         -0.0017,  0.0860]], requires_grad=True)
[2023-01-20 22:03:08,720][__main__][INFO] - parameters: Parameter containing:
tensor([[ 0.6946,  0.5119,  0.9403,  0.8226,  0.1253,  0.3144,  0.8064,  0.7960,
         -0.0014,  0.0886]], requires_grad=True)
[2023-01-20 22:03:08,913][__main__][INFO] - parameters: Parameter containing:
tensor([[6.9437e-01, 5.1253e-01, 9.4204e-01, 8.2234e-01, 1.2188e-01, 3.1506e-01,
         8.0471e-01, 7.9686e-01, 7.5666e-04, 8.9913e-02]], requires_grad=True)
[2023-01-20 22:03:09,099][__main__][INFO] - parameters: Parameter containing:
tensor([[6.9441e-01, 5.1179e-01, 9.4285e-01, 8.2204e-01, 1.2017e-01, 3.1574e-01,
         8.0426e-01, 7.9716e-01, 8.3378e-04, 9.2315e-02]], requires_grad=True)
[2023-01-20 22:03:09,272][__main__][INFO] - parameters: Parameter containing:
tensor([[ 6.9426e-01,  5.0955e-01,  9.4317e-01,  8.2269e-01,  1.2068e-01,
          3.1686e-01,  8.0481e-01,  7.9775e-01, -3.5093e-04,  9.7286e-02]],
       requires_grad=True)
[2023-01-20 22:03:09,468][__main__][INFO] - parameters: Parameter containing:
tensor([[ 0.6939,  0.5092,  0.9433,  0.8233,  0.1219,  0.3154,  0.8036,  0.7996,
         -0.0027,  0.1007]], requires_grad=True)
[2023-01-20 22:03:09,654][__main__][INFO] - parameters: Parameter containing:
tensor([[ 0.6951,  0.5097,  0.9428,  0.8231,  0.1207,  0.3142,  0.8011,  0.8018,
         -0.0035,  0.1017]], requires_grad=True)
[2023-01-20 22:03:09,838][__main__][INFO] - parameters: Parameter containing:
tensor([[ 0.6947,  0.5107,  0.9436,  0.8218,  0.1188,  0.3134,  0.7987,  0.8040,
         -0.0029,  0.1028]], requires_grad=True)
[2023-01-20 22:03:10,042][__main__][INFO] - parameters: Parameter containing:
tensor([[ 0.6942,  0.5103,  0.9435,  0.8198,  0.1181,  0.3130,  0.7981,  0.8050,
         -0.0041,  0.1048]], requires_grad=True)
[2023-01-20 22:03:10,236][__main__][INFO] - parameters: Parameter containing:
tensor([[ 0.6942,  0.5092,  0.9432,  0.8188,  0.1183,  0.3135,  0.7984,  0.8050,
         -0.0060,  0.1083]], requires_grad=True)
[2023-01-20 22:03:10,427][__main__][INFO] - parameters: Parameter containing:
tensor([[ 0.6958,  0.5094,  0.9428,  0.8168,  0.1162,  0.3140,  0.7987,  0.8041,
         -0.0063,  0.1087]], requires_grad=True)
[2023-01-20 22:03:10,622][__main__][INFO] - parameters: Parameter containing:
tensor([[ 0.6957,  0.5097,  0.9442,  0.8148,  0.1145,  0.3149,  0.7994,  0.8039,
         -0.0048,  0.1102]], requires_grad=True)
[2023-01-20 22:03:10,820][__main__][INFO] - parameters: Parameter containing:
tensor([[ 0.6952,  0.5107,  0.9469,  0.8126,  0.1123,  0.3159,  0.8006,  0.8036,
         -0.0021,  0.1111]], requires_grad=True)
[2023-01-20 22:03:11,003][__main__][INFO] - parameters: Parameter containing:
tensor([[ 0.6959,  0.5096,  0.9475,  0.8118,  0.1122,  0.3177,  0.8025,  0.8031,
         -0.0017,  0.1138]], requires_grad=True)
[2023-01-20 22:03:11,169][__main__][INFO] - parameters: Parameter containing:
tensor([[ 0.6979,  0.5076,  0.9471,  0.8130,  0.1127,  0.3206,  0.8039,  0.8022,
         -0.0027,  0.1167]], requires_grad=True)
[2023-01-20 22:03:11,358][__main__][INFO] - parameters: Parameter containing:
tensor([[ 0.6966,  0.5086,  0.9492,  0.8131,  0.1140,  0.3198,  0.8034,  0.8041,
         -0.0036,  0.1181]], requires_grad=True)
[2023-01-20 22:03:11,533][__main__][INFO] - parameters: Parameter containing:
tensor([[ 0.6951,  0.5108,  0.9507,  0.8127,  0.1147,  0.3178,  0.8012,  0.8059,
         -0.0058,  0.1179]], requires_grad=True)
[2023-01-20 22:03:11,703][__main__][INFO] - parameters: Parameter containing:
tensor([[ 0.6958,  0.5117,  0.9501,  0.8126,  0.1159,  0.3163,  0.7999,  0.8073,
         -0.0094,  0.1187]], requires_grad=True)
[2023-01-20 22:03:11,879][__main__][INFO] - parameters: Parameter containing:
tensor([[ 0.6974,  0.5111,  0.9481,  0.8124,  0.1186,  0.3148,  0.8002,  0.8079,
         -0.0154,  0.1206]], requires_grad=True)
[2023-01-20 22:03:12,075][__main__][INFO] - parameters: Parameter containing:
tensor([[ 0.6982,  0.5102,  0.9462,  0.8123,  0.1206,  0.3144,  0.7993,  0.8088,
         -0.0206,  0.1229]], requires_grad=True)
[2023-01-20 22:03:12,262][__main__][INFO] - parameters: Parameter containing:
tensor([[ 0.6976,  0.5105,  0.9463,  0.8112,  0.1217,  0.3139,  0.7985,  0.8094,
         -0.0242,  0.1241]], requires_grad=True)
[2023-01-20 22:03:12,448][__main__][INFO] - parameters: Parameter containing:
tensor([[ 0.6958,  0.5127,  0.9475,  0.8099,  0.1242,  0.3110,  0.7979,  0.8099,
         -0.0282,  0.1225]], requires_grad=True)
[2023-01-20 22:03:12,638][__main__][INFO] - parameters: Parameter containing:
tensor([[ 0.6943,  0.5143,  0.9482,  0.8092,  0.1260,  0.3095,  0.7961,  0.8103,
         -0.0316,  0.1221]], requires_grad=True)
[2023-01-20 22:03:12,829][__main__][INFO] - parameters: Parameter containing:
tensor([[ 0.6952,  0.5158,  0.9468,  0.8088,  0.1265,  0.3088,  0.7939,  0.8088,
         -0.0356,  0.1214]], requires_grad=True)
[2023-01-20 22:03:13,010][__main__][INFO] - parameters: Parameter containing:
tensor([[ 0.6970,  0.5165,  0.9445,  0.8098,  0.1277,  0.3092,  0.7914,  0.8061,
         -0.0403,  0.1224]], requires_grad=True)
[2023-01-20 22:03:13,195][__main__][INFO] - parameters: Parameter containing:
tensor([[ 0.6975,  0.5176,  0.9439,  0.8109,  0.1287,  0.3101,  0.7893,  0.8034,
         -0.0434,  0.1236]], requires_grad=True)
[2023-01-20 22:03:13,397][__main__][INFO] - parameters: Parameter containing:
tensor([[ 0.6960,  0.5189,  0.9450,  0.8106,  0.1294,  0.3110,  0.7881,  0.8017,
         -0.0446,  0.1245]], requires_grad=True)
[2023-01-20 22:03:13,583][__main__][INFO] - parameters: Parameter containing:
tensor([[ 0.6938,  0.5198,  0.9462,  0.8090,  0.1309,  0.3111,  0.7885,  0.8002,
         -0.0464,  0.1258]], requires_grad=True)
[2023-01-20 22:03:13,766][__main__][INFO] - parameters: Parameter containing:
tensor([[ 0.6953,  0.5178,  0.9443,  0.8096,  0.1344,  0.3120,  0.7912,  0.7993,
         -0.0491,  0.1285]], requires_grad=True)
[2023-01-20 22:03:13,953][__main__][INFO] - parameters: Parameter containing:
tensor([[ 0.6964,  0.5165,  0.9437,  0.8094,  0.1374,  0.3121,  0.7943,  0.8004,
         -0.0495,  0.1309]], requires_grad=True)
[2023-01-20 22:03:14,145][__main__][INFO] - parameters: Parameter containing:
tensor([[ 0.6960,  0.5166,  0.9452,  0.8080,  0.1397,  0.3110,  0.7972,  0.8032,
         -0.0475,  0.1324]], requires_grad=True)
[2023-01-20 22:03:14,332][__main__][INFO] - parameters: Parameter containing:
tensor([[ 0.6974,  0.5180,  0.9463,  0.8048,  0.1386,  0.3097,  0.7995,  0.8055,
         -0.0435,  0.1294]], requires_grad=True)
[2023-01-20 22:03:14,542][__main__][INFO] - parameters: Parameter containing:
tensor([[ 0.6980,  0.5194,  0.9481,  0.8021,  0.1373,  0.3091,  0.8008,  0.8078,
         -0.0389,  0.1267]], requires_grad=True)
[2023-01-20 22:03:14,747][__main__][INFO] - parameters: Parameter containing:
tensor([[ 0.6984,  0.5196,  0.9490,  0.8003,  0.1355,  0.3110,  0.8004,  0.8092,
         -0.0352,  0.1248]], requires_grad=True)
[2023-01-20 22:03:14,921][__main__][INFO] - parameters: Parameter containing:
tensor([[ 0.6986,  0.5189,  0.9491,  0.7986,  0.1332,  0.3143,  0.7988,  0.8098,
         -0.0327,  0.1238]], requires_grad=True)
[2023-01-20 22:03:15,110][__main__][INFO] - parameters: Parameter containing:
tensor([[ 0.6986,  0.5167,  0.9482,  0.7971,  0.1318,  0.3187,  0.7976,  0.8095,
         -0.0320,  0.1241]], requires_grad=True)
[2023-01-20 22:03:15,294][__main__][INFO] - parameters: Parameter containing:
tensor([[ 0.6981,  0.5141,  0.9478,  0.7956,  0.1310,  0.3232,  0.7971,  0.8091,
         -0.0311,  0.1250]], requires_grad=True)
[2023-01-20 22:03:15,489][__main__][INFO] - parameters: Parameter containing:
tensor([[ 0.6967,  0.5132,  0.9488,  0.7938,  0.1297,  0.3261,  0.7956,  0.8101,
         -0.0287,  0.1253]], requires_grad=True)
[2023-01-20 22:03:15,679][__main__][INFO] - parameters: Parameter containing:
tensor([[ 0.6966,  0.5125,  0.9497,  0.7930,  0.1291,  0.3281,  0.7953,  0.8116,
         -0.0258,  0.1257]], requires_grad=True)
[2023-01-20 22:03:15,866][__main__][INFO] - parameters: Parameter containing:
tensor([[ 0.6994,  0.5118,  0.9492,  0.7928,  0.1276,  0.3300,  0.7954,  0.8135,
         -0.0228,  0.1257]], requires_grad=True)
[2023-01-20 22:03:16,045][__main__][INFO] - parameters: Parameter containing:
tensor([[ 0.7001,  0.5123,  0.9510,  0.7924,  0.1268,  0.3307,  0.7958,  0.8152,
         -0.0191,  0.1255]], requires_grad=True)
[2023-01-20 22:03:16,240][__main__][INFO] - parameters: Parameter containing:
tensor([[ 0.7000,  0.5131,  0.9536,  0.7922,  0.1270,  0.3308,  0.7966,  0.8160,
         -0.0167,  0.1255]], requires_grad=True)
[2023-01-20 22:03:16,415][__main__][INFO] - parameters: Parameter containing:
tensor([[ 0.6990,  0.5127,  0.9556,  0.7925,  0.1283,  0.3317,  0.7973,  0.8160,
         -0.0161,  0.1273]], requires_grad=True)
[2023-01-20 22:03:16,603][__main__][INFO] - parameters: Parameter containing:
tensor([[ 0.6985,  0.5104,  0.9561,  0.7938,  0.1307,  0.3342,  0.7982,  0.8153,
         -0.0169,  0.1307]], requires_grad=True)
[2023-01-20 22:03:16,807][__main__][INFO] - parameters: Parameter containing:
tensor([[ 0.6995,  0.5082,  0.9558,  0.7965,  0.1317,  0.3380,  0.7975,  0.8143,
         -0.0173,  0.1334]], requires_grad=True)
[2023-01-20 22:03:16,982][__main__][INFO] - parameters: Parameter containing:
tensor([[ 0.6994,  0.5078,  0.9559,  0.7992,  0.1329,  0.3398,  0.7947,  0.8144,
         -0.0184,  0.1352]], requires_grad=True)
[2023-01-20 22:03:17,166][__main__][INFO] - parameters: Parameter containing:
tensor([[ 0.6990,  0.5085,  0.9569,  0.8020,  0.1326,  0.3412,  0.7904,  0.8153,
         -0.0181,  0.1363]], requires_grad=True)
[2023-01-20 22:03:17,340][__main__][INFO] - parameters: Parameter containing:
tensor([[ 0.6987,  0.5091,  0.9576,  0.8048,  0.1322,  0.3427,  0.7861,  0.8153,
         -0.0187,  0.1379]], requires_grad=True)
[2023-01-20 22:03:17,522][__main__][INFO] - parameters: Parameter containing:
tensor([[ 0.6995,  0.5085,  0.9566,  0.8071,  0.1320,  0.3445,  0.7826,  0.8142,
         -0.0205,  0.1402]], requires_grad=True)
[2023-01-20 22:03:17,717][__main__][INFO] - parameters: Parameter containing:
tensor([[ 0.6993,  0.5079,  0.9566,  0.8082,  0.1316,  0.3461,  0.7801,  0.8135,
         -0.0215,  0.1422]], requires_grad=True)
[2023-01-20 22:03:17,918][__main__][INFO] - parameters: Parameter containing:
tensor([[ 0.6981,  0.5078,  0.9582,  0.8077,  0.1308,  0.3469,  0.7795,  0.8134,
         -0.0205,  0.1438]], requires_grad=True)
[2023-01-20 22:03:18,137][__main__][INFO] - parameters: Parameter containing:
tensor([[ 0.6974,  0.5076,  0.9595,  0.8074,  0.1303,  0.3474,  0.7794,  0.8135,
         -0.0194,  0.1456]], requires_grad=True)
[2023-01-20 22:03:18,328][__main__][INFO] - parameters: Parameter containing:
tensor([[ 0.6984,  0.5070,  0.9592,  0.8070,  0.1297,  0.3475,  0.7797,  0.8137,
         -0.0193,  0.1478]], requires_grad=True)
[2023-01-20 22:03:18,510][__main__][INFO] - parameters: Parameter containing:
tensor([[ 0.6992,  0.5068,  0.9590,  0.8074,  0.1309,  0.3459,  0.7805,  0.8150,
         -0.0197,  0.1495]], requires_grad=True)
[2023-01-20 22:03:18,704][__main__][INFO] - parameters: Parameter containing:
tensor([[ 0.6997,  0.5071,  0.9592,  0.8077,  0.1324,  0.3436,  0.7813,  0.8160,
         -0.0205,  0.1511]], requires_grad=True)
