[2023-01-19 22:07:55,254][__main__][INFO] - parameters: Parameter containing:
tensor([[ 0.4000, -0.4000, -0.4000,  0.4000,  0.4000,  0.4000, -0.4000, -0.4000,
         -0.4000,  0.4000]], requires_grad=True)
[2023-01-19 22:07:55,825][__main__][INFO] - parameters: Parameter containing:
tensor([[ 0.1484, -0.7057, -0.2922,  0.5789,  0.7809,  0.4172, -0.1383, -0.1791,
         -0.4217,  0.7910]], requires_grad=True)
[2023-01-19 22:07:56,126][__main__][INFO] - parameters: Parameter containing:
tensor([[ 0.1135, -1.0181, -0.4229,  0.8627,  0.8569,  0.5820, -0.1632,  0.0939,
         -0.3860,  0.8121]], requires_grad=True)
[2023-01-19 22:07:56,438][__main__][INFO] - parameters: Parameter containing:
tensor([[ 0.1509, -1.1580, -0.4663,  1.1837,  0.8233,  0.7972, -0.2382,  0.2786,
         -0.1531,  0.6467]], requires_grad=True)
[2023-01-19 22:07:56,738][__main__][INFO] - parameters: Parameter containing:
tensor([[ 0.2235, -1.1907, -0.4932,  1.3312,  0.6846,  1.0755, -0.3645,  0.1855,
          0.1406,  0.4467]], requires_grad=True)
[2023-01-19 22:07:57,046][__main__][INFO] - parameters: Parameter containing:
tensor([[ 0.1981, -1.1181, -0.3728,  1.3864,  0.6773,  1.0984, -0.3046,  0.3146,
          0.4269,  0.2884]], requires_grad=True)
[2023-01-19 22:07:57,351][__main__][INFO] - parameters: Parameter containing:
tensor([[ 0.1039, -1.0730, -0.2191,  1.3917,  0.7416,  1.0815, -0.1868,  0.3049,
          0.6292,  0.2763]], requires_grad=True)
[2023-01-19 22:07:57,668][__main__][INFO] - parameters: Parameter containing:
tensor([[-0.0196, -0.9344, -0.0482,  1.4557,  0.8043,  0.9856, -0.1182,  0.3057,
          0.6859,  0.2198]], requires_grad=True)
[2023-01-19 22:07:57,980][__main__][INFO] - parameters: Parameter containing:
tensor([[ 0.0129, -0.9603, -0.0710,  1.4208,  0.8023,  0.9383, -0.1219,  0.2319,
          0.6189,  0.3122]], requires_grad=True)
[2023-01-19 22:07:58,274][__main__][INFO] - parameters: Parameter containing:
tensor([[-0.0041, -0.9400, -0.0660,  1.3449,  0.7792,  0.8837, -0.1397,  0.2266,
          0.6126,  0.3319]], requires_grad=True)
[2023-01-19 22:07:58,553][__main__][INFO] - parameters: Parameter containing:
tensor([[-0.0212, -0.9132, -0.0449,  1.2463,  0.7708,  0.8148, -0.1050,  0.0832,
          0.5392,  0.4754]], requires_grad=True)
[2023-01-19 22:07:58,850][__main__][INFO] - parameters: Parameter containing:
tensor([[ 0.0358, -0.9407, -0.0720,  1.2471,  0.7532,  0.7983, -0.0917, -0.0741,
          0.4252,  0.6210]], requires_grad=True)
[2023-01-19 22:07:59,157][__main__][INFO] - parameters: Parameter containing:
tensor([[ 0.0457, -0.9623, -0.0800,  1.2323,  0.7155,  0.7952, -0.1047, -0.2124,
          0.3743,  0.7032]], requires_grad=True)
[2023-01-19 22:07:59,461][__main__][INFO] - parameters: Parameter containing:
tensor([[ 0.0823, -0.9606, -0.0994,  1.2749,  0.6551,  0.8010, -0.1492, -0.3982,
          0.2893,  0.7703]], requires_grad=True)
[2023-01-19 22:07:59,757][__main__][INFO] - parameters: Parameter containing:
tensor([[ 0.0827, -1.0047, -0.1122,  1.2996,  0.6399,  0.8356, -0.1832, -0.5718,
          0.2391,  0.8775]], requires_grad=True)
[2023-01-19 22:08:00,074][__main__][INFO] - parameters: Parameter containing:
tensor([[ 0.1161, -1.0572, -0.1379,  1.4438,  0.6547,  0.8850, -0.2400, -0.7085,
          0.1710,  0.9223]], requires_grad=True)
[2023-01-19 22:08:00,376][__main__][INFO] - parameters: Parameter containing:
tensor([[ 0.1611, -1.1209, -0.1798,  1.5785,  0.6751,  0.9183, -0.3078, -0.8295,
          0.0645,  0.9863]], requires_grad=True)
[2023-01-19 22:08:00,660][__main__][INFO] - parameters: Parameter containing:
tensor([[ 0.1670, -1.1615, -0.1894,  1.6076,  0.6883,  0.9061, -0.3435, -0.8419,
          0.0512,  1.0732]], requires_grad=True)
[2023-01-19 22:08:00,961][__main__][INFO] - parameters: Parameter containing:
tensor([[ 0.1332, -1.1653, -0.1546,  1.6116,  0.7818,  0.8102, -0.3053, -0.8260,
          0.0148,  1.1540]], requires_grad=True)
[2023-01-19 22:08:01,259][__main__][INFO] - parameters: Parameter containing:
tensor([[ 0.0987, -1.1114, -0.1169,  1.6403,  0.8200,  0.7086, -0.3230, -0.8306,
         -0.0425,  1.1578]], requires_grad=True)
[2023-01-19 22:08:01,553][__main__][INFO] - parameters: Parameter containing:
tensor([[ 0.0308, -1.0308, -0.0637,  1.6212,  0.7921,  0.6170, -0.3505, -0.8419,
         -0.0445,  1.1839]], requires_grad=True)
[2023-01-19 22:08:01,852][__main__][INFO] - parameters: Parameter containing:
tensor([[-0.0235, -0.9672, -0.0561,  1.5500,  0.7122,  0.5344, -0.4454, -0.7729,
         -0.0197,  1.1773]], requires_grad=True)
[2023-01-19 22:08:02,156][__main__][INFO] - parameters: Parameter containing:
tensor([[-0.0405, -0.9395, -0.0674,  1.5078,  0.7039,  0.4509, -0.5045, -0.6982,
         -0.0687,  1.1278]], requires_grad=True)
[2023-01-19 22:08:02,444][__main__][INFO] - parameters: Parameter containing:
tensor([[-0.0942, -0.9078, -0.0540,  1.4690,  0.7142,  0.3815, -0.5304, -0.6848,
         -0.0936,  1.1081]], requires_grad=True)
[2023-01-19 22:08:02,753][__main__][INFO] - parameters: Parameter containing:
tensor([[-0.1409, -0.8303, -0.0139,  1.4169,  0.6982,  0.3475, -0.5541, -0.7148,
         -0.0811,  0.9983]], requires_grad=True)
[2023-01-19 22:08:03,057][__main__][INFO] - parameters: Parameter containing:
tensor([[-0.2048, -0.8477, -0.0336,  1.2750,  0.6634,  0.3317, -0.5780, -0.7081,
         -0.0755,  0.9650]], requires_grad=True)
[2023-01-19 22:08:03,357][__main__][INFO] - parameters: Parameter containing:
tensor([[-0.2674, -0.8546, -0.0619,  1.1490,  0.6215,  0.3217, -0.6352, -0.6656,
         -0.0870,  0.9300]], requires_grad=True)
[2023-01-19 22:08:03,662][__main__][INFO] - parameters: Parameter containing:
tensor([[-0.3558, -0.8765, -0.0810,  1.0068,  0.6020,  0.3326, -0.6630, -0.6049,
         -0.1200,  0.8691]], requires_grad=True)
[2023-01-19 22:08:03,967][__main__][INFO] - parameters: Parameter containing:
tensor([[-0.3413, -0.9756, -0.1575,  0.8738,  0.5834,  0.3533, -0.6687, -0.4952,
         -0.1416,  0.8703]], requires_grad=True)
[2023-01-19 22:08:04,268][__main__][INFO] - parameters: Parameter containing:
tensor([[-0.3110, -1.0675, -0.2021,  0.8042,  0.6300,  0.3417, -0.6045, -0.4206,
         -0.1277,  0.8893]], requires_grad=True)
[2023-01-19 22:08:04,560][__main__][INFO] - parameters: Parameter containing:
tensor([[-0.2535, -1.1793, -0.2603,  0.6907,  0.6448,  0.3699, -0.5404, -0.3556,
         -0.0924,  0.8762]], requires_grad=True)
[2023-01-19 22:08:04,881][__main__][INFO] - parameters: Parameter containing:
tensor([[-0.2475, -1.2229, -0.2874,  0.5772,  0.6542,  0.3966, -0.5049, -0.3609,
         -0.0872,  0.8383]], requires_grad=True)
[2023-01-19 22:08:05,172][__main__][INFO] - parameters: Parameter containing:
tensor([[-0.2507, -1.2286, -0.2802,  0.4346,  0.6514,  0.3754, -0.4601, -0.3520,
         -0.0503,  0.8132]], requires_grad=True)
[2023-01-19 22:08:05,470][__main__][INFO] - parameters: Parameter containing:
tensor([[-0.1867, -1.2732, -0.3248,  0.3156,  0.6334,  0.3922, -0.4402, -0.3418,
         -0.0577,  0.7594]], requires_grad=True)
[2023-01-19 22:08:05,753][__main__][INFO] - parameters: Parameter containing:
tensor([[-0.1231, -1.3100, -0.3840,  0.1885,  0.6229,  0.4034, -0.4103, -0.3827,
         -0.0943,  0.7622]], requires_grad=True)
[2023-01-19 22:08:06,063][__main__][INFO] - parameters: Parameter containing:
tensor([[-0.0841, -1.3210, -0.4068,  0.0691,  0.6214,  0.3892, -0.3753, -0.3903,
         -0.0837,  0.7518]], requires_grad=True)
[2023-01-19 22:08:06,356][__main__][INFO] - parameters: Parameter containing:
tensor([[-0.0815, -1.3050, -0.4154, -0.0528,  0.6005,  0.3624, -0.3647, -0.4504,
         -0.0693,  0.7315]], requires_grad=True)
[2023-01-19 22:08:06,665][__main__][INFO] - parameters: Parameter containing:
tensor([[-0.0882, -1.2359, -0.3843, -0.1682,  0.5569,  0.2877, -0.3483, -0.5534,
         -0.0502,  0.7827]], requires_grad=True)
[2023-01-19 22:08:06,968][__main__][INFO] - parameters: Parameter containing:
tensor([[-0.0526, -1.1804, -0.3698, -0.3091,  0.4833,  0.2268, -0.3347, -0.6107,
         -0.0074,  0.8260]], requires_grad=True)
[2023-01-19 22:08:07,277][__main__][INFO] - parameters: Parameter containing:
tensor([[-0.0720, -1.0985, -0.3023, -0.4169,  0.4835,  0.1195, -0.2997, -0.5890,
          0.0813,  0.8089]], requires_grad=True)
[2023-01-19 22:08:07,554][__main__][INFO] - parameters: Parameter containing:
tensor([[-0.0796, -1.0133, -0.2422, -0.5665,  0.4308,  0.0138, -0.2890, -0.4973,
          0.2539,  0.7896]], requires_grad=True)
[2023-01-19 22:08:07,858][__main__][INFO] - parameters: Parameter containing:
tensor([[-0.1404, -0.8746, -0.1540, -0.7340,  0.3597, -0.1031, -0.2992, -0.4249,
          0.4367,  0.7131]], requires_grad=True)
[2023-01-19 22:08:08,146][__main__][INFO] - parameters: Parameter containing:
tensor([[-0.1947, -0.6995, -0.0333, -0.8751,  0.2963, -0.2391, -0.3078, -0.3562,
          0.6290,  0.6195]], requires_grad=True)
[2023-01-19 22:08:08,438][__main__][INFO] - parameters: Parameter containing:
tensor([[-0.2297, -0.5708,  0.0644, -1.0572,  0.2233, -0.3354, -0.2818, -0.2782,
          0.8430,  0.5675]], requires_grad=True)
[2023-01-19 22:08:08,731][__main__][INFO] - parameters: Parameter containing:
tensor([[-0.2837, -0.4209,  0.1965, -1.2353,  0.1525, -0.4518, -0.2236, -0.1910,
          1.0998,  0.5051]], requires_grad=True)
[2023-01-19 22:08:09,033][__main__][INFO] - parameters: Parameter containing:
tensor([[-0.3335, -0.3324,  0.2985, -1.3636,  0.0694, -0.4838, -0.2016, -0.0911,
          1.3677,  0.4960]], requires_grad=True)
[2023-01-19 22:08:09,348][__main__][INFO] - parameters: Parameter containing:
tensor([[-0.3948, -0.2657,  0.3927, -1.5166,  0.0434, -0.5484, -0.1561,  0.0193,
          1.5897,  0.4670]], requires_grad=True)
[2023-01-19 22:08:09,643][__main__][INFO] - parameters: Parameter containing:
tensor([[-0.4147, -0.2471,  0.4063, -1.7256, -0.0429, -0.5741, -0.1516,  0.1074,
          1.7473,  0.4946]], requires_grad=True)
[2023-01-19 22:08:09,939][__main__][INFO] - parameters: Parameter containing:
tensor([[-0.4812, -0.1765,  0.4494, -1.9516, -0.1323, -0.6469, -0.1585,  0.1937,
          1.8793,  0.5088]], requires_grad=True)
[2023-01-19 22:08:10,246][__main__][INFO] - parameters: Parameter containing:
tensor([[-0.5796, -0.1043,  0.5234, -2.1547, -0.1741, -0.7405, -0.1226,  0.3074,
          1.9815,  0.5077]], requires_grad=True)
[2023-01-19 22:08:10,547][__main__][INFO] - parameters: Parameter containing:
tensor([[-0.6700, -0.0414,  0.5437, -2.3928, -0.2646, -0.7853, -0.1444,  0.3536,
          2.0275,  0.5213]], requires_grad=True)
[2023-01-19 22:08:10,845][__main__][INFO] - parameters: Parameter containing:
tensor([[-0.7529,  0.0321,  0.5712, -2.5874, -0.3472, -0.8368, -0.1584,  0.3909,
          2.0718,  0.5403]], requires_grad=True)
[2023-01-19 22:08:11,133][__main__][INFO] - parameters: Parameter containing:
tensor([[-0.8435,  0.1399,  0.6255, -2.7291, -0.4004, -0.9290, -0.1407,  0.4060,
          2.0957,  0.5653]], requires_grad=True)
[2023-01-19 22:08:11,435][__main__][INFO] - parameters: Parameter containing:
tensor([[-0.9461,  0.2079,  0.6679, -2.9134, -0.4694, -0.9763, -0.0954,  0.4526,
          2.1584,  0.5422]], requires_grad=True)
[2023-01-19 22:08:11,736][__main__][INFO] - parameters: Parameter containing:
tensor([[-1.0615,  0.2063,  0.6597, -3.1448, -0.5391, -0.9928, -0.0794,  0.4936,
          2.2272,  0.5443]], requires_grad=True)
[2023-01-19 22:08:12,024][__main__][INFO] - parameters: Parameter containing:
tensor([[-1.1167,  0.1922,  0.6034, -3.2793, -0.5456, -1.0242, -0.0832,  0.5015,
          2.1885,  0.4860]], requires_grad=True)
[2023-01-19 22:08:12,332][__main__][INFO] - parameters: Parameter containing:
tensor([[-1.0610,  0.2004,  0.5034, -3.3110, -0.5893, -1.0127, -0.1363,  0.4219,
          2.1055,  0.4163]], requires_grad=True)
[2023-01-19 22:08:12,632][__main__][INFO] - parameters: Parameter containing:
tensor([[-1.0019,  0.2478,  0.4187, -3.3672, -0.6102, -1.0776, -0.1658,  0.3632,
          2.0084,  0.3674]], requires_grad=True)
[2023-01-19 22:08:12,935][__main__][INFO] - parameters: Parameter containing:
tensor([[-0.9434,  0.3319,  0.3422, -3.4078, -0.6881, -1.1025, -0.2714,  0.3352,
          2.0135,  0.2137]], requires_grad=True)
[2023-01-19 22:08:13,236][__main__][INFO] - parameters: Parameter containing:
tensor([[-0.8593,  0.3576,  0.2241, -3.4088, -0.7234, -1.1468, -0.4244,  0.3766,
          2.0164,  0.0710]], requires_grad=True)
[2023-01-19 22:08:13,539][__main__][INFO] - parameters: Parameter containing:
tensor([[-0.7605,  0.3192,  0.0909, -3.3391, -0.6849, -1.1358, -0.5501,  0.3801,
          1.9558, -0.1157]], requires_grad=True)
[2023-01-19 22:08:13,846][__main__][INFO] - parameters: Parameter containing:
tensor([[-0.6248,  0.2282, -0.0873, -3.2869, -0.6310, -1.1012, -0.6665,  0.3717,
          1.8293, -0.2030]], requires_grad=True)
[2023-01-19 22:08:14,147][__main__][INFO] - parameters: Parameter containing:
tensor([[-0.4553,  0.1110, -0.3019, -3.2384, -0.6081, -1.0487, -0.8335,  0.3672,
          1.7070, -0.2943]], requires_grad=True)
[2023-01-19 22:08:14,454][__main__][INFO] - parameters: Parameter containing:
tensor([[-0.2419, -0.0255, -0.5401, -3.1616, -0.5961, -0.9785, -1.0274,  0.3661,
          1.5862, -0.3622]], requires_grad=True)
[2023-01-19 22:08:14,739][__main__][INFO] - parameters: Parameter containing:
tensor([[-0.0313, -0.1372, -0.7449, -3.0534, -0.6021, -0.8868, -1.2158,  0.3686,
          1.4880, -0.4237]], requires_grad=True)
[2023-01-19 22:08:15,035][__main__][INFO] - parameters: Parameter containing:
tensor([[ 0.1447, -0.2179, -0.8996, -2.9136, -0.6103, -0.7961, -1.3850,  0.4041,
          1.4387, -0.4818]], requires_grad=True)
[2023-01-19 22:08:15,333][__main__][INFO] - parameters: Parameter containing:
tensor([[ 0.2642, -0.1808, -1.0039, -2.7440, -0.6700, -0.7665, -1.6042,  0.3927,
          1.3195, -0.5202]], requires_grad=True)
[2023-01-19 22:08:15,634][__main__][INFO] - parameters: Parameter containing:
tensor([[ 0.4177, -0.1416, -1.1226, -2.5242, -0.7811, -0.6736, -1.8733,  0.3546,
          1.2383, -0.5782]], requires_grad=True)
[2023-01-19 22:08:15,929][__main__][INFO] - parameters: Parameter containing:
tensor([[ 0.5612, -0.1436, -1.2570, -2.3757, -0.8792, -0.5795, -2.1156,  0.3301,
          1.1782, -0.6251]], requires_grad=True)
[2023-01-19 22:08:16,232][__main__][INFO] - parameters: Parameter containing:
tensor([[ 0.7904, -0.2624, -1.4817, -2.2447, -0.9683, -0.4348, -2.3408,  0.2982,
          1.0639, -0.5730]], requires_grad=True)
[2023-01-19 22:08:16,523][__main__][INFO] - parameters: Parameter containing:
tensor([[ 0.9925, -0.3287, -1.6444, -2.0238, -0.9813, -0.2792, -2.5272,  0.1610,
          0.9073, -0.5760]], requires_grad=True)
[2023-01-19 22:08:16,828][__main__][INFO] - parameters: Parameter containing:
tensor([[ 1.1459, -0.3486, -1.7515, -1.9203, -1.0369, -0.1598, -2.6653,  0.0753,
          0.8436, -0.6595]], requires_grad=True)
[2023-01-19 22:08:17,133][__main__][INFO] - parameters: Parameter containing:
tensor([[ 1.2232, -0.3293, -1.8185, -1.8893, -1.0831, -0.1280, -2.7559, -0.0263,
          0.7546, -0.7296]], requires_grad=True)
[2023-01-19 22:08:17,427][__main__][INFO] - parameters: Parameter containing:
tensor([[ 1.2405, -0.3080, -1.8561, -1.8640, -1.0935, -0.1032, -2.8069, -0.1185,
          0.6631, -0.7910]], requires_grad=True)
[2023-01-19 22:08:17,705][__main__][INFO] - parameters: Parameter containing:
tensor([[ 1.3012, -0.2600, -1.8825, -1.7829, -1.0745, -0.1263, -2.8672, -0.2047,
          0.5812, -0.8935]], requires_grad=True)
[2023-01-19 22:08:18,017][__main__][INFO] - parameters: Parameter containing:
tensor([[ 1.4040, -0.2316, -1.9659, -1.7779, -1.1255, -0.1733, -2.9613, -0.2549,
          0.5011, -1.0074]], requires_grad=True)
[2023-01-19 22:08:18,340][__main__][INFO] - parameters: Parameter containing:
tensor([[ 1.4564, -0.1612, -1.9999, -1.7275, -1.1718, -0.1976, -3.0712, -0.2947,
          0.4475, -1.1429]], requires_grad=True)
[2023-01-19 22:08:18,638][__main__][INFO] - parameters: Parameter containing:
tensor([[ 1.5218, -0.0793, -2.0251, -1.6527, -1.1673, -0.2676, -3.1455, -0.3523,
          0.3632, -1.3168]], requires_grad=True)
[2023-01-19 22:08:18,943][__main__][INFO] - parameters: Parameter containing:
tensor([[ 1.6229,  0.0373, -2.0748, -1.6569, -1.2434, -0.3461, -3.2484, -0.5108,
          0.2704, -1.5958]], requires_grad=True)
[2023-01-19 22:08:19,237][__main__][INFO] - parameters: Parameter containing:
tensor([[ 1.6402,  0.2117, -2.0552, -1.7503, -1.3283, -0.4573, -3.3204, -0.6966,
          0.2474, -1.8217]], requires_grad=True)
[2023-01-19 22:08:19,575][__main__][INFO] - parameters: Parameter containing:
tensor([[ 1.6244,  0.4111, -2.0235, -1.8814, -1.4441, -0.5166, -3.4199, -0.8968,
          0.2591, -2.0695]], requires_grad=True)
[2023-01-19 22:08:19,891][__main__][INFO] - parameters: Parameter containing:
tensor([[ 1.6258,  0.5708, -2.0175, -1.9883, -1.4931, -0.5803, -3.4957, -1.0720,
          0.2473, -2.2730]], requires_grad=True)
[2023-01-19 22:08:20,196][__main__][INFO] - parameters: Parameter containing:
tensor([[ 1.5202,  0.8857, -1.8931, -2.1749, -1.7096, -0.6100, -3.6346, -1.3646,
          0.4500, -2.5696]], requires_grad=True)
[2023-01-19 22:08:20,527][__main__][INFO] - parameters: Parameter containing:
tensor([[ 1.4295,  1.1631, -1.8014, -2.4167, -1.9238, -0.6527, -3.7628, -1.6366,
          0.6463, -2.8066]], requires_grad=True)
[2023-01-19 22:08:20,840][__main__][INFO] - parameters: Parameter containing:
tensor([[ 1.3537,  1.4256, -1.6954, -2.5475, -2.0831, -0.6497, -3.8960, -1.8802,
          0.8100, -3.1206]], requires_grad=True)
[2023-01-19 22:08:21,128][__main__][INFO] - parameters: Parameter containing:
tensor([[ 1.1639,  1.6916, -1.5047, -2.6402, -2.1543, -0.6007, -3.9803, -2.1033,
          1.0526, -3.4579]], requires_grad=True)
[2023-01-19 22:08:21,448][__main__][INFO] - parameters: Parameter containing:
tensor([[ 1.0081,  1.9258, -1.3235, -2.7481, -2.2096, -0.5848, -4.0219, -2.2411,
          1.2949, -3.7589]], requires_grad=True)
[2023-01-19 22:08:21,747][__main__][INFO] - parameters: Parameter containing:
tensor([[ 0.9022,  2.1187, -1.1701, -2.8049, -2.2552, -0.5291, -4.0472, -2.3866,
          1.5158, -4.0338]], requires_grad=True)
[2023-01-19 22:08:22,032][__main__][INFO] - parameters: Parameter containing:
tensor([[ 0.7898,  2.2924, -1.0185, -2.8698, -2.2812, -0.4491, -4.0629, -2.5505,
          1.7401, -4.2721]], requires_grad=True)
[2023-01-19 22:08:22,327][__main__][INFO] - parameters: Parameter containing:
tensor([[ 0.6906,  2.4865, -0.8834, -2.9929, -2.3748, -0.4229, -4.1107, -2.6993,
          1.9707, -4.4925]], requires_grad=True)
[2023-01-19 22:08:22,622][__main__][INFO] - parameters: Parameter containing:
tensor([[ 0.5981,  2.6397, -0.7694, -3.0639, -2.4340, -0.3606, -4.1615, -2.8411,
          2.1693, -4.6693]], requires_grad=True)
[2023-01-19 22:08:22,921][__main__][INFO] - parameters: Parameter containing:
tensor([[ 0.4802,  2.7920, -0.6198, -3.1974, -2.4769, -0.3110, -4.1378, -2.9602,
          2.4048, -4.8637]], requires_grad=True)
[2023-01-19 22:08:23,224][__main__][INFO] - parameters: Parameter containing:
tensor([[ 0.3522,  2.9730, -0.4099, -3.3005, -2.4533, -0.3346, -4.0182, -3.0516,
          2.6520, -5.0635]], requires_grad=True)
[2023-01-19 22:08:23,534][__main__][INFO] - parameters: Parameter containing:
tensor([[ 0.1977,  3.1275, -0.1811, -3.3436, -2.3647, -0.3567, -3.9030, -3.0849,
          2.9018, -5.2430]], requires_grad=True)
[2023-01-19 22:08:23,823][__main__][INFO] - parameters: Parameter containing:
tensor([[ 0.0682,  3.1772, -0.0274, -3.3729, -2.2244, -0.2817, -3.7535, -3.2584,
          3.0187, -5.4138]], requires_grad=True)
[2023-01-19 22:08:24,117][__main__][INFO] - parameters: Parameter containing:
tensor([[-0.1059,  3.1919,  0.1451, -3.4533, -2.0855, -0.2182, -3.5395, -3.3924,
          3.1890, -5.5194]], requires_grad=True)
[2023-01-19 22:08:24,421][__main__][INFO] - parameters: Parameter containing:
tensor([[-0.2707,  3.2245,  0.3180, -3.5489, -1.9685, -0.1849, -3.3318, -3.4975,
          3.3707, -5.5999]], requires_grad=True)
[2023-01-19 22:08:24,721][__main__][INFO] - parameters: Parameter containing:
tensor([[-0.3845,  3.2250,  0.4715, -3.5773, -1.8261, -0.1353, -3.1178, -3.5798,
          3.5199, -5.6788]], requires_grad=True)
[2023-01-19 22:08:25,020][__main__][INFO] - parameters: Parameter containing:
tensor([[-0.5609,  3.2739,  0.7119, -3.6033, -1.6421, -0.1394, -2.8406, -3.5801,
          3.7640, -5.8014]], requires_grad=True)
[2023-01-19 22:08:25,330][__main__][INFO] - parameters: Parameter containing:
tensor([[-0.7293,  3.3163,  0.9518, -3.5093, -1.3856, -0.1340, -2.5941, -3.5383,
          3.9399, -5.9818]], requires_grad=True)
[2023-01-19 22:08:25,626][__main__][INFO] - parameters: Parameter containing:
tensor([[-0.8682,  3.3254,  1.1670, -3.4183, -1.1312, -0.1076, -2.3293, -3.4632,
          4.1027, -6.1355]], requires_grad=True)
[2023-01-19 22:08:25,912][__main__][INFO] - parameters: Parameter containing:
tensor([[-1.0302,  3.3146,  1.3715, -3.3597, -0.8937, -0.0624, -2.0772, -3.4021,
          4.2646, -6.2437]], requires_grad=True)
[2023-01-19 22:08:26,214][__main__][INFO] - parameters: Parameter containing:
tensor([[-1.2072,  3.3489,  1.6189, -3.2401, -0.6380, -0.0267, -1.8122, -3.3776,
          4.4205, -6.3654]], requires_grad=True)
[2023-01-19 22:08:26,523][__main__][INFO] - parameters: Parameter containing:
tensor([[-1.1568,  3.2735,  1.6081, -3.1378, -0.5821,  0.1154, -1.8088, -3.3905,
          4.5014, -6.4434]], requires_grad=True)
[2023-01-19 22:08:26,817][__main__][INFO] - parameters: Parameter containing:
tensor([[-1.0549,  3.0535,  1.4542, -3.0312, -0.5039,  0.3602, -1.8691, -3.5059,
          4.4011, -6.3964]], requires_grad=True)
[2023-01-19 22:08:27,110][__main__][INFO] - parameters: Parameter containing:
tensor([[-0.9867,  2.8131,  1.2991, -2.9191, -0.3741,  0.5616, -1.9257, -3.6199,
          4.2691, -6.3150]], requires_grad=True)
[2023-01-19 22:08:27,408][__main__][INFO] - parameters: Parameter containing:
tensor([[-0.9588,  2.6193,  1.1669, -2.8517, -0.2671,  0.6799, -1.9915, -3.6927,
          4.1643, -6.2213]], requires_grad=True)
[2023-01-19 22:08:27,705][__main__][INFO] - parameters: Parameter containing:
tensor([[-0.9323,  2.4083,  1.0288, -2.7995, -0.1300,  0.8012, -2.0435, -3.7536,
          4.0698, -6.1237]], requires_grad=True)
[2023-01-19 22:08:28,008][__main__][INFO] - parameters: Parameter containing:
tensor([[-0.9459,  2.2106,  0.9414, -2.7355,  0.0265,  0.9253, -2.0349, -3.7995,
          3.9977, -6.0288]], requires_grad=True)
[2023-01-19 22:08:28,300][__main__][INFO] - parameters: Parameter containing:
tensor([[-0.9541,  2.0288,  0.8589, -2.6016,  0.1807,  1.1226, -2.0533, -3.8603,
          3.9231, -6.0589]], requires_grad=True)
[2023-01-19 22:08:28,620][__main__][INFO] - parameters: Parameter containing:
tensor([[-0.9535,  1.8583,  0.7830, -2.4602,  0.3271,  1.2951, -2.0812, -3.8827,
          3.8568, -6.0701]], requires_grad=True)
[2023-01-19 22:08:28,918][__main__][INFO] - parameters: Parameter containing:
tensor([[-0.9102,  1.6957,  0.6829, -2.3718,  0.3977,  1.4805, -2.1502, -3.9383,
          3.8125, -6.0489]], requires_grad=True)
[2023-01-19 22:08:29,220][__main__][INFO] - parameters: Parameter containing:
tensor([[-0.8835,  1.5697,  0.5929, -2.3193,  0.4527,  1.6176, -2.2274, -4.0210,
          3.7670, -6.0231]], requires_grad=True)
[2023-01-19 22:08:29,519][__main__][INFO] - parameters: Parameter containing:
tensor([[-0.9334,  1.5138,  0.6148, -2.3010,  0.5631,  1.6581, -2.1850, -4.0071,
          3.7760, -5.9274]], requires_grad=True)
[2023-01-19 22:08:29,827][__main__][INFO] - parameters: Parameter containing:
tensor([[-0.9167,  1.4559,  0.6223, -2.2305,  0.6625,  1.7095, -2.1557, -3.9697,
          3.8065, -5.8441]], requires_grad=True)
[2023-01-19 22:08:30,139][__main__][INFO] - parameters: Parameter containing:
tensor([[-0.9467,  1.4721,  0.6798, -2.1182,  0.7543,  1.7180, -2.1416, -3.9674,
          3.8402, -5.8038]], requires_grad=True)
[2023-01-19 22:08:30,447][__main__][INFO] - parameters: Parameter containing:
tensor([[-0.9886,  1.5022,  0.7627, -2.0588,  0.8330,  1.7121, -2.0950, -3.9226,
          3.9343, -5.7582]], requires_grad=True)
[2023-01-19 22:08:30,746][__main__][INFO] - parameters: Parameter containing:
tensor([[-1.0147,  1.4983,  0.8081, -2.0278,  0.8985,  1.7474, -2.0519, -3.9286,
          4.0101, -5.6917]], requires_grad=True)
