[2023-01-21 21:23:30,047][__main__][INFO] - Starting descriptors ablation for flame neutral model
[2023-01-21 21:23:30,047][__main__][INFO] - Starting with 2 descriptors
[2023-01-21 21:23:31,143][choosing_descriptors][INFO] - There are total of 23 descriptors
[2023-01-21 21:23:31,145][choosing_descriptors][INFO] - Working on cluster 0
[2023-01-21 21:23:31,145][choosing_descriptors][INFO] - 0 most variance descriptor - open mouth
[2023-01-21 21:23:31,145][choosing_descriptors][INFO] - Adding open mouth to chosen descriptors
[2023-01-21 21:23:31,145][choosing_descriptors][INFO] - 1 most variance descriptor - smiling
[2023-01-21 21:23:31,146][choosing_descriptors][INFO] - Adding smiling to chosen descriptors
[2023-01-21 21:23:31,146][choosing_descriptors][INFO] - 2 most variance descriptor - happy
[2023-01-21 21:23:31,147][choosing_descriptors][INFO] - happy is correlated with open mouth with corr 0.6034115565228041
[2023-01-21 21:23:31,147][choosing_descriptors][INFO] - 3 most variance descriptor - excited
[2023-01-21 21:23:31,147][choosing_descriptors][INFO] - excited is correlated with open mouth with corr 0.76899186303275
[2023-01-21 21:23:31,147][choosing_descriptors][INFO] - 4 most variance descriptor - pensive
[2023-01-21 21:23:31,148][choosing_descriptors][INFO] - pensive is correlated with smiling with corr -0.5239707416093944
[2023-01-21 21:23:31,148][choosing_descriptors][INFO] - 5 most variance descriptor - open eyes
[2023-01-21 21:23:31,149][choosing_descriptors][INFO] - open eyes is correlated with open mouth with corr 0.7415155451481605
[2023-01-21 21:23:31,150][choosing_descriptors][INFO] - 6 most variance descriptor - sleepy
[2023-01-21 21:23:31,150][choosing_descriptors][INFO] - sleepy is correlated with open mouth with corr 0.6912988387326392
[2023-01-21 21:23:31,150][choosing_descriptors][INFO] - 7 most variance descriptor - calm
[2023-01-21 21:23:31,151][choosing_descriptors][INFO] - calm is correlated with open mouth with corr 0.682660058937869
[2023-01-21 21:23:31,151][choosing_descriptors][INFO] - 8 most variance descriptor - fearful
[2023-01-21 21:23:31,152][choosing_descriptors][INFO] - fearful is correlated with open mouth with corr 0.5960406000720171
[2023-01-21 21:23:31,152][choosing_descriptors][INFO] - 9 most variance descriptor - bored
[2023-01-21 21:23:31,152][choosing_descriptors][INFO] - bored is correlated with open mouth with corr 0.861329469121124
[2023-01-21 21:23:31,153][choosing_descriptors][INFO] - 10 most variance descriptor - relaxed
[2023-01-21 21:23:31,153][choosing_descriptors][INFO] - relaxed is correlated with open mouth with corr 0.5548844179551785
[2023-01-21 21:23:31,154][choosing_descriptors][INFO] - 11 most variance descriptor - tired
[2023-01-21 21:23:31,154][choosing_descriptors][INFO] - tired is correlated with open mouth with corr 0.6939851731235444
[2023-01-21 21:23:31,155][choosing_descriptors][INFO] - 12 most variance descriptor - worried
[2023-01-21 21:23:31,156][choosing_descriptors][INFO] - Adding worried to chosen descriptors
[2023-01-21 21:23:31,156][choosing_descriptors][INFO] - 13 most variance descriptor - nervous
[2023-01-21 21:23:31,157][choosing_descriptors][INFO] - nervous is correlated with worried with corr 0.8136514887736354
[2023-01-21 21:23:31,158][choosing_descriptors][INFO] - 14 most variance descriptor - confused
[2023-01-21 21:23:31,158][choosing_descriptors][INFO] - confused is correlated with open mouth with corr 0.6580568101446859
[2023-01-21 21:23:31,158][choosing_descriptors][INFO] - 15 most variance descriptor - disgusted
[2023-01-21 21:23:31,159][choosing_descriptors][INFO] - disgusted is correlated with open mouth with corr 0.7884596807534427
[2023-01-21 21:23:31,159][choosing_descriptors][INFO] - currently chosen descriptors: {'open mouth': {'variance': 1.9951242487537362}, 'smiling': {'variance': 1.9283539637330411}, 'worried': {'variance': 0.1832285467909967}}
[2023-01-21 21:23:31,160][choosing_descriptors][INFO] - Finished cluster 0
[2023-01-21 21:23:31,160][choosing_descriptors][INFO] - Working on cluster 1
[2023-01-21 21:23:31,160][choosing_descriptors][INFO] - 0 most variance descriptor - angry
[2023-01-21 21:23:31,161][choosing_descriptors][INFO] - Adding angry to chosen descriptors
[2023-01-21 21:23:31,161][choosing_descriptors][INFO] - 1 most variance descriptor - surprised
[2023-01-21 21:23:31,161][choosing_descriptors][INFO] - Adding surprised to chosen descriptors
[2023-01-21 21:23:31,161][choosing_descriptors][INFO] - 2 most variance descriptor - serious
[2023-01-21 21:23:31,163][choosing_descriptors][INFO] - Adding serious to chosen descriptors
[2023-01-21 21:23:31,163][choosing_descriptors][INFO] - 3 most variance descriptor - scared
[2023-01-21 21:23:31,164][choosing_descriptors][INFO] - scared is correlated with surprised with corr 0.8548306985752759
[2023-01-21 21:23:31,164][choosing_descriptors][INFO] - 4 most variance descriptor - neutral
[2023-01-21 21:23:31,165][choosing_descriptors][INFO] - neutral is correlated with surprised with corr 0.53676386862763
[2023-01-21 21:23:31,166][choosing_descriptors][INFO] - 5 most variance descriptor - sad
[2023-01-21 21:23:31,167][choosing_descriptors][INFO] - sad is correlated with surprised with corr 0.510765731739757
[2023-01-21 21:23:31,167][choosing_descriptors][INFO] - 6 most variance descriptor - raised eyebrows
[2023-01-21 21:23:31,168][choosing_descriptors][INFO] - Adding raised eyebrows to chosen descriptors
[2023-01-21 21:23:31,168][choosing_descriptors][INFO] - currently chosen descriptors: {'angry': {'variance': 0.9070730177910972}, 'surprised': {'variance': 0.5492131286431122}, 'serious': {'variance': 0.29897397606976367}, 'raised eyebrows': {'variance': 0.08350287828721445}}
[2023-01-21 21:23:31,168][choosing_descriptors][INFO] - Finished cluster 1
[2023-01-21 21:23:31,169][choosing_descriptors][INFO] - There are 7 chosen descriptors in initial filter
[2023-01-21 21:23:31,169][choosing_descriptors][INFO] - chosen descriptors: [['open mouth', 'smiling', 'worried'], ['angry', 'surprised', 'serious', 'raised eyebrows']]
[2023-01-21 21:23:31,169][choosing_descriptors][INFO] - Final filter
[2023-01-21 21:23:31,171][choosing_descriptors][INFO] - Descriptor open mouth has variance 1.9951242487537362
[2023-01-21 21:23:31,172][choosing_descriptors][INFO] - Descriptor open mouth is correlated with angry with correlation 0.7363620036460964 - removing angry
[2023-01-21 21:23:31,172][choosing_descriptors][INFO] - Descriptor open mouth is correlated with surprised with correlation 0.7687695859158153 - removing surprised
[2023-01-21 21:23:31,172][choosing_descriptors][INFO] - Descriptor smiling has variance 1.9283539637330411
[2023-01-21 21:23:31,173][choosing_descriptors][INFO] - Descriptor serious has variance 0.29897397606976367
[2023-01-21 21:23:31,174][choosing_descriptors][INFO] - Descriptor worried has variance 0.1832285467909967
[2023-01-21 21:23:31,175][choosing_descriptors][INFO] - Descriptor worried is correlated with surprised with correlation 0.6268842480392369 - removing surprised
[2023-01-21 21:23:31,175][choosing_descriptors][INFO] - Descriptor raised eyebrows has variance 0.08350287828721445
[2023-01-21 21:23:31,178][choosing_descriptors][INFO] - Too many descriptors (5) - reducing
[2023-01-21 21:23:31,178][__main__][INFO] - Chosen descriptors: ['open mouth', 'smiling']
[2023-01-21 21:23:31,178][__main__][INFO] - Starting training
[2023-01-21 21:23:31,189][clip2mesh.optimizations.train_mapper][INFO] - Instantiating callback <pytorch_lightning.callbacks.ModelCheckpoint>
[2023-01-21 21:23:31,190][clip2mesh.optimizations.train_mapper][INFO] - dataloader batch size: 2500
[2023-01-21 21:23:31,191][clip2mesh.optimizations.train_mapper][INFO] - tensorboard run name: flame_neutral_2_descriptors
[2023-01-21 21:23:31,191][clip2mesh.optimizations.train_mapper][INFO] - instantiating model
[2023-01-21 21:23:31,201][clip2mesh.optimizations.train_mapper][INFO] - training model
[2023-01-21 21:23:46,963][clip2mesh.optimizations.train_mapper][INFO] - finished training in 15.783811807632446 seconds
[2023-01-21 21:23:46,963][__main__][INFO] - Starting evaluation
[2023-01-21 21:23:48,639][clip2mesh.data_management.data_observation.evaluate_performance][INFO] - IOU: 0.06210191082802548 | Overlap: 0.49350649350649356
[2023-01-21 21:23:48,643][__main__][INFO] - Finished with 2 descriptors
[2023-01-21 21:23:48,643][__main__][INFO] - Starting with 5 descriptors
[2023-01-21 21:23:49,827][choosing_descriptors][INFO] - There are total of 23 descriptors
[2023-01-21 21:23:49,829][choosing_descriptors][INFO] - Working on cluster 0
[2023-01-21 21:23:49,830][choosing_descriptors][INFO] - 0 most variance descriptor - open mouth
[2023-01-21 21:23:49,830][choosing_descriptors][INFO] - Adding open mouth to chosen descriptors
[2023-01-21 21:23:49,830][choosing_descriptors][INFO] - 1 most variance descriptor - smiling
[2023-01-21 21:23:49,831][choosing_descriptors][INFO] - Adding smiling to chosen descriptors
[2023-01-21 21:23:49,831][choosing_descriptors][INFO] - 2 most variance descriptor - happy
[2023-01-21 21:23:49,831][choosing_descriptors][INFO] - happy is correlated with open mouth with corr 0.6034115565228041
[2023-01-21 21:23:49,832][choosing_descriptors][INFO] - 3 most variance descriptor - excited
[2023-01-21 21:23:49,832][choosing_descriptors][INFO] - excited is correlated with open mouth with corr 0.76899186303275
[2023-01-21 21:23:49,832][choosing_descriptors][INFO] - 4 most variance descriptor - pensive
[2023-01-21 21:23:49,833][choosing_descriptors][INFO] - pensive is correlated with smiling with corr -0.5239707416093944
[2023-01-21 21:23:49,833][choosing_descriptors][INFO] - 5 most variance descriptor - open eyes
[2023-01-21 21:23:49,834][choosing_descriptors][INFO] - open eyes is correlated with open mouth with corr 0.7415155451481605
[2023-01-21 21:23:49,834][choosing_descriptors][INFO] - 6 most variance descriptor - sleepy
[2023-01-21 21:23:49,834][choosing_descriptors][INFO] - sleepy is correlated with open mouth with corr 0.6912988387326392
[2023-01-21 21:23:49,835][choosing_descriptors][INFO] - 7 most variance descriptor - calm
[2023-01-21 21:23:49,835][choosing_descriptors][INFO] - calm is correlated with open mouth with corr 0.682660058937869
[2023-01-21 21:23:49,835][choosing_descriptors][INFO] - 8 most variance descriptor - fearful
[2023-01-21 21:23:49,836][choosing_descriptors][INFO] - fearful is correlated with open mouth with corr 0.5960406000720171
[2023-01-21 21:23:49,836][choosing_descriptors][INFO] - 9 most variance descriptor - bored
[2023-01-21 21:23:49,837][choosing_descriptors][INFO] - bored is correlated with open mouth with corr 0.861329469121124
[2023-01-21 21:23:49,837][choosing_descriptors][INFO] - 10 most variance descriptor - relaxed
[2023-01-21 21:23:49,837][choosing_descriptors][INFO] - relaxed is correlated with open mouth with corr 0.5548844179551785
[2023-01-21 21:23:49,837][choosing_descriptors][INFO] - 11 most variance descriptor - tired
[2023-01-21 21:23:49,838][choosing_descriptors][INFO] - tired is correlated with open mouth with corr 0.6939851731235444
[2023-01-21 21:23:49,838][choosing_descriptors][INFO] - 12 most variance descriptor - worried
[2023-01-21 21:23:49,839][choosing_descriptors][INFO] - Adding worried to chosen descriptors
[2023-01-21 21:23:49,839][choosing_descriptors][INFO] - 13 most variance descriptor - nervous
[2023-01-21 21:23:49,841][choosing_descriptors][INFO] - nervous is correlated with worried with corr 0.8136514887736354
[2023-01-21 21:23:49,841][choosing_descriptors][INFO] - 14 most variance descriptor - confused
[2023-01-21 21:23:49,842][choosing_descriptors][INFO] - confused is correlated with open mouth with corr 0.6580568101446859
[2023-01-21 21:23:49,842][choosing_descriptors][INFO] - 15 most variance descriptor - disgusted
[2023-01-21 21:23:49,842][choosing_descriptors][INFO] - disgusted is correlated with open mouth with corr 0.7884596807534427
[2023-01-21 21:23:49,843][choosing_descriptors][INFO] - currently chosen descriptors: {'open mouth': {'variance': 1.9951242487537362}, 'smiling': {'variance': 1.9283539637330411}, 'worried': {'variance': 0.1832285467909967}}
[2023-01-21 21:23:49,843][choosing_descriptors][INFO] - Finished cluster 0
[2023-01-21 21:23:49,843][choosing_descriptors][INFO] - Working on cluster 1
[2023-01-21 21:23:49,843][choosing_descriptors][INFO] - 0 most variance descriptor - angry
[2023-01-21 21:23:49,843][choosing_descriptors][INFO] - Adding angry to chosen descriptors
[2023-01-21 21:23:49,843][choosing_descriptors][INFO] - 1 most variance descriptor - surprised
[2023-01-21 21:23:49,844][choosing_descriptors][INFO] - Adding surprised to chosen descriptors
[2023-01-21 21:23:49,844][choosing_descriptors][INFO] - 2 most variance descriptor - serious
[2023-01-21 21:23:49,845][choosing_descriptors][INFO] - Adding serious to chosen descriptors
[2023-01-21 21:23:49,846][choosing_descriptors][INFO] - 3 most variance descriptor - scared
[2023-01-21 21:23:49,847][choosing_descriptors][INFO] - scared is correlated with surprised with corr 0.8548306985752759
[2023-01-21 21:23:49,847][choosing_descriptors][INFO] - 4 most variance descriptor - neutral
[2023-01-21 21:23:49,848][choosing_descriptors][INFO] - neutral is correlated with surprised with corr 0.53676386862763
[2023-01-21 21:23:49,848][choosing_descriptors][INFO] - 5 most variance descriptor - sad
[2023-01-21 21:23:49,849][choosing_descriptors][INFO] - sad is correlated with surprised with corr 0.510765731739757
[2023-01-21 21:23:49,849][choosing_descriptors][INFO] - 6 most variance descriptor - raised eyebrows
[2023-01-21 21:23:49,851][choosing_descriptors][INFO] - Adding raised eyebrows to chosen descriptors
[2023-01-21 21:23:49,851][choosing_descriptors][INFO] - currently chosen descriptors: {'angry': {'variance': 0.9070730177910972}, 'surprised': {'variance': 0.5492131286431122}, 'serious': {'variance': 0.29897397606976367}, 'raised eyebrows': {'variance': 0.08350287828721445}}
[2023-01-21 21:23:49,851][choosing_descriptors][INFO] - Finished cluster 1
[2023-01-21 21:23:49,851][choosing_descriptors][INFO] - There are 7 chosen descriptors in initial filter
[2023-01-21 21:23:49,851][choosing_descriptors][INFO] - chosen descriptors: [['open mouth', 'smiling', 'worried'], ['angry', 'surprised', 'serious', 'raised eyebrows']]
[2023-01-21 21:23:49,851][choosing_descriptors][INFO] - Final filter
[2023-01-21 21:23:49,853][choosing_descriptors][INFO] - Descriptor open mouth has variance 1.9951242487537362
[2023-01-21 21:23:49,854][choosing_descriptors][INFO] - Descriptor open mouth is correlated with angry with correlation 0.7363620036460964 - removing angry
[2023-01-21 21:23:49,854][choosing_descriptors][INFO] - Descriptor open mouth is correlated with surprised with correlation 0.7687695859158153 - removing surprised
[2023-01-21 21:23:49,854][choosing_descriptors][INFO] - Descriptor smiling has variance 1.9283539637330411
[2023-01-21 21:23:49,855][choosing_descriptors][INFO] - Descriptor serious has variance 0.29897397606976367
[2023-01-21 21:23:49,855][choosing_descriptors][INFO] - Descriptor worried has variance 0.1832285467909967
[2023-01-21 21:23:49,856][choosing_descriptors][INFO] - Descriptor worried is correlated with surprised with correlation 0.6268842480392369 - removing surprised
[2023-01-21 21:23:49,856][choosing_descriptors][INFO] - Descriptor raised eyebrows has variance 0.08350287828721445
[2023-01-21 21:23:49,858][__main__][INFO] - Chosen descriptors: ['open mouth', 'smiling', 'worried', 'serious', 'raised eyebrows']
[2023-01-21 21:23:49,859][__main__][INFO] - Starting training
[2023-01-21 21:23:49,867][clip2mesh.optimizations.train_mapper][INFO] - Instantiating callback <pytorch_lightning.callbacks.ModelCheckpoint>
[2023-01-21 21:23:49,868][clip2mesh.optimizations.train_mapper][INFO] - dataloader batch size: 2500
[2023-01-21 21:23:49,869][clip2mesh.optimizations.train_mapper][INFO] - tensorboard run name: flame_neutral_5_descriptors
[2023-01-21 21:23:49,869][clip2mesh.optimizations.train_mapper][INFO] - instantiating model
[2023-01-21 21:23:49,874][clip2mesh.optimizations.train_mapper][INFO] - training model
[2023-01-21 21:24:04,264][clip2mesh.optimizations.train_mapper][INFO] - finished training in 14.404961347579956 seconds
[2023-01-21 21:24:04,265][__main__][INFO] - Starting evaluation
[2023-01-21 21:24:07,694][clip2mesh.data_management.data_observation.evaluate_performance][INFO] - IOU: 0.13654458598726116 | Overlap: 0.626158038147139
[2023-01-21 21:24:07,697][__main__][INFO] - Finished with 5 descriptors
[2023-01-21 21:24:07,697][__main__][INFO] - Starting with 10 descriptors
[2023-01-21 21:24:08,798][choosing_descriptors][INFO] - There are total of 23 descriptors
[2023-01-21 21:24:08,799][choosing_descriptors][INFO] - Working on cluster 0
[2023-01-21 21:24:08,799][choosing_descriptors][INFO] - 0 most variance descriptor - open mouth
[2023-01-21 21:24:08,799][choosing_descriptors][INFO] - Adding open mouth to chosen descriptors
[2023-01-21 21:24:08,799][choosing_descriptors][INFO] - 1 most variance descriptor - smiling
[2023-01-21 21:24:08,800][choosing_descriptors][INFO] - Adding smiling to chosen descriptors
[2023-01-21 21:24:08,800][choosing_descriptors][INFO] - 2 most variance descriptor - happy
[2023-01-21 21:24:08,801][choosing_descriptors][INFO] - happy is correlated with open mouth with corr 0.6034115565228041
[2023-01-21 21:24:08,801][choosing_descriptors][INFO] - 3 most variance descriptor - excited
[2023-01-21 21:24:08,801][choosing_descriptors][INFO] - excited is correlated with open mouth with corr 0.76899186303275
[2023-01-21 21:24:08,801][choosing_descriptors][INFO] - 4 most variance descriptor - pensive
[2023-01-21 21:24:08,802][choosing_descriptors][INFO] - pensive is correlated with smiling with corr -0.5239707416093944
[2023-01-21 21:24:08,802][choosing_descriptors][INFO] - 5 most variance descriptor - open eyes
[2023-01-21 21:24:08,803][choosing_descriptors][INFO] - open eyes is correlated with open mouth with corr 0.7415155451481605
[2023-01-21 21:24:08,803][choosing_descriptors][INFO] - 6 most variance descriptor - sleepy
[2023-01-21 21:24:08,803][choosing_descriptors][INFO] - sleepy is correlated with open mouth with corr 0.6912988387326392
[2023-01-21 21:24:08,803][choosing_descriptors][INFO] - 7 most variance descriptor - calm
[2023-01-21 21:24:08,804][choosing_descriptors][INFO] - calm is correlated with open mouth with corr 0.682660058937869
[2023-01-21 21:24:08,804][choosing_descriptors][INFO] - 8 most variance descriptor - fearful
[2023-01-21 21:24:08,805][choosing_descriptors][INFO] - fearful is correlated with open mouth with corr 0.5960406000720171
[2023-01-21 21:24:08,805][choosing_descriptors][INFO] - 9 most variance descriptor - bored
[2023-01-21 21:24:08,805][choosing_descriptors][INFO] - bored is correlated with open mouth with corr 0.861329469121124
[2023-01-21 21:24:08,806][choosing_descriptors][INFO] - 10 most variance descriptor - relaxed
[2023-01-21 21:24:08,806][choosing_descriptors][INFO] - relaxed is correlated with open mouth with corr 0.5548844179551785
[2023-01-21 21:24:08,806][choosing_descriptors][INFO] - 11 most variance descriptor - tired
[2023-01-21 21:24:08,807][choosing_descriptors][INFO] - tired is correlated with open mouth with corr 0.6939851731235444
[2023-01-21 21:24:08,807][choosing_descriptors][INFO] - 12 most variance descriptor - worried
[2023-01-21 21:24:08,808][choosing_descriptors][INFO] - Adding worried to chosen descriptors
[2023-01-21 21:24:08,808][choosing_descriptors][INFO] - 13 most variance descriptor - nervous
[2023-01-21 21:24:08,809][choosing_descriptors][INFO] - nervous is correlated with worried with corr 0.8136514887736354
[2023-01-21 21:24:08,809][choosing_descriptors][INFO] - 14 most variance descriptor - confused
[2023-01-21 21:24:08,810][choosing_descriptors][INFO] - confused is correlated with open mouth with corr 0.6580568101446859
[2023-01-21 21:24:08,810][choosing_descriptors][INFO] - 15 most variance descriptor - disgusted
[2023-01-21 21:24:08,810][choosing_descriptors][INFO] - disgusted is correlated with open mouth with corr 0.7884596807534427
[2023-01-21 21:24:08,810][choosing_descriptors][INFO] - currently chosen descriptors: {'open mouth': {'variance': 1.9951242487537362}, 'smiling': {'variance': 1.9283539637330411}, 'worried': {'variance': 0.1832285467909967}}
[2023-01-21 21:24:08,810][choosing_descriptors][INFO] - Finished cluster 0
[2023-01-21 21:24:08,811][choosing_descriptors][INFO] - Working on cluster 1
[2023-01-21 21:24:08,811][choosing_descriptors][INFO] - 0 most variance descriptor - angry
[2023-01-21 21:24:08,811][choosing_descriptors][INFO] - Adding angry to chosen descriptors
[2023-01-21 21:24:08,811][choosing_descriptors][INFO] - 1 most variance descriptor - surprised
[2023-01-21 21:24:08,812][choosing_descriptors][INFO] - Adding surprised to chosen descriptors
[2023-01-21 21:24:08,812][choosing_descriptors][INFO] - 2 most variance descriptor - serious
[2023-01-21 21:24:08,813][choosing_descriptors][INFO] - Adding serious to chosen descriptors
[2023-01-21 21:24:08,813][choosing_descriptors][INFO] - 3 most variance descriptor - scared
[2023-01-21 21:24:08,814][choosing_descriptors][INFO] - scared is correlated with surprised with corr 0.8548306985752759
[2023-01-21 21:24:08,814][choosing_descriptors][INFO] - 4 most variance descriptor - neutral
[2023-01-21 21:24:08,815][choosing_descriptors][INFO] - neutral is correlated with surprised with corr 0.53676386862763
[2023-01-21 21:24:08,815][choosing_descriptors][INFO] - 5 most variance descriptor - sad
[2023-01-21 21:24:08,815][choosing_descriptors][INFO] - sad is correlated with surprised with corr 0.510765731739757
[2023-01-21 21:24:08,816][choosing_descriptors][INFO] - 6 most variance descriptor - raised eyebrows
[2023-01-21 21:24:08,817][choosing_descriptors][INFO] - Adding raised eyebrows to chosen descriptors
[2023-01-21 21:24:08,817][choosing_descriptors][INFO] - currently chosen descriptors: {'angry': {'variance': 0.9070730177910972}, 'surprised': {'variance': 0.5492131286431122}, 'serious': {'variance': 0.29897397606976367}, 'raised eyebrows': {'variance': 0.08350287828721445}}
[2023-01-21 21:24:08,817][choosing_descriptors][INFO] - Finished cluster 1
[2023-01-21 21:24:08,817][choosing_descriptors][INFO] - There are 7 chosen descriptors in initial filter
[2023-01-21 21:24:08,817][choosing_descriptors][INFO] - chosen descriptors: [['open mouth', 'smiling', 'worried'], ['angry', 'surprised', 'serious', 'raised eyebrows']]
[2023-01-21 21:24:08,817][choosing_descriptors][INFO] - Final filter
[2023-01-21 21:24:08,818][choosing_descriptors][INFO] - Descriptor open mouth has variance 1.9951242487537362
[2023-01-21 21:24:08,819][choosing_descriptors][INFO] - Descriptor open mouth is correlated with angry with correlation 0.7363620036460964 - removing angry
[2023-01-21 21:24:08,819][choosing_descriptors][INFO] - Descriptor open mouth is correlated with surprised with correlation 0.7687695859158153 - removing surprised
[2023-01-21 21:24:08,819][choosing_descriptors][INFO] - Descriptor smiling has variance 1.9283539637330411
[2023-01-21 21:24:08,820][choosing_descriptors][INFO] - Descriptor serious has variance 0.29897397606976367
[2023-01-21 21:24:08,821][choosing_descriptors][INFO] - Descriptor worried has variance 0.1832285467909967
[2023-01-21 21:24:08,822][choosing_descriptors][INFO] - Descriptor worried is correlated with surprised with correlation 0.6268842480392369 - removing surprised
[2023-01-21 21:24:08,822][choosing_descriptors][INFO] - Descriptor raised eyebrows has variance 0.08350287828721445
[2023-01-21 21:24:08,825][__main__][INFO] - Chosen descriptors: ['open mouth', 'smiling', 'worried', 'happy', 'excited', 'serious', 'raised eyebrows', 'angry', 'surprised', 'scared']
[2023-01-21 21:24:08,825][__main__][INFO] - Starting training
[2023-01-21 21:24:08,834][clip2mesh.optimizations.train_mapper][INFO] - Instantiating callback <pytorch_lightning.callbacks.ModelCheckpoint>
[2023-01-21 21:24:08,835][clip2mesh.optimizations.train_mapper][INFO] - dataloader batch size: 2500
[2023-01-21 21:24:08,835][clip2mesh.optimizations.train_mapper][INFO] - tensorboard run name: flame_neutral_10_descriptors
[2023-01-21 21:24:08,835][clip2mesh.optimizations.train_mapper][INFO] - instantiating model
[2023-01-21 21:24:08,840][clip2mesh.optimizations.train_mapper][INFO] - training model
[2023-01-21 21:24:23,763][clip2mesh.optimizations.train_mapper][INFO] - finished training in 14.936918020248413 seconds
[2023-01-21 21:24:23,763][__main__][INFO] - Starting evaluation
[2023-01-21 21:24:30,177][clip2mesh.data_management.data_observation.evaluate_performance][INFO] - IOU: 0.12937898089171976 | Overlap: 0.7992588017294626
[2023-01-21 21:24:30,180][__main__][INFO] - Finished with 10 descriptors
[2023-01-21 21:24:30,180][__main__][INFO] - Starting with 15 descriptors
[2023-01-21 21:24:31,247][choosing_descriptors][INFO] - There are total of 23 descriptors
[2023-01-21 21:24:31,248][choosing_descriptors][INFO] - Working on cluster 0
[2023-01-21 21:24:31,249][choosing_descriptors][INFO] - 0 most variance descriptor - open mouth
[2023-01-21 21:24:31,249][choosing_descriptors][INFO] - Adding open mouth to chosen descriptors
[2023-01-21 21:24:31,249][choosing_descriptors][INFO] - 1 most variance descriptor - smiling
[2023-01-21 21:24:31,250][choosing_descriptors][INFO] - Adding smiling to chosen descriptors
[2023-01-21 21:24:31,250][choosing_descriptors][INFO] - 2 most variance descriptor - happy
[2023-01-21 21:24:31,250][choosing_descriptors][INFO] - happy is correlated with open mouth with corr 0.6034115565228041
[2023-01-21 21:24:31,250][choosing_descriptors][INFO] - 3 most variance descriptor - excited
[2023-01-21 21:24:31,251][choosing_descriptors][INFO] - excited is correlated with open mouth with corr 0.76899186303275
[2023-01-21 21:24:31,251][choosing_descriptors][INFO] - 4 most variance descriptor - pensive
[2023-01-21 21:24:31,252][choosing_descriptors][INFO] - pensive is correlated with smiling with corr -0.5239707416093944
[2023-01-21 21:24:31,252][choosing_descriptors][INFO] - 5 most variance descriptor - open eyes
[2023-01-21 21:24:31,253][choosing_descriptors][INFO] - open eyes is correlated with open mouth with corr 0.7415155451481605
[2023-01-21 21:24:31,253][choosing_descriptors][INFO] - 6 most variance descriptor - sleepy
[2023-01-21 21:24:31,253][choosing_descriptors][INFO] - sleepy is correlated with open mouth with corr 0.6912988387326392
[2023-01-21 21:24:31,253][choosing_descriptors][INFO] - 7 most variance descriptor - calm
[2023-01-21 21:24:31,254][choosing_descriptors][INFO] - calm is correlated with open mouth with corr 0.682660058937869
[2023-01-21 21:24:31,254][choosing_descriptors][INFO] - 8 most variance descriptor - fearful
[2023-01-21 21:24:31,255][choosing_descriptors][INFO] - fearful is correlated with open mouth with corr 0.5960406000720171
[2023-01-21 21:24:31,255][choosing_descriptors][INFO] - 9 most variance descriptor - bored
[2023-01-21 21:24:31,256][choosing_descriptors][INFO] - bored is correlated with open mouth with corr 0.861329469121124
[2023-01-21 21:24:31,256][choosing_descriptors][INFO] - 10 most variance descriptor - relaxed
[2023-01-21 21:24:31,256][choosing_descriptors][INFO] - relaxed is correlated with open mouth with corr 0.5548844179551785
[2023-01-21 21:24:31,257][choosing_descriptors][INFO] - 11 most variance descriptor - tired
[2023-01-21 21:24:31,257][choosing_descriptors][INFO] - tired is correlated with open mouth with corr 0.6939851731235444
[2023-01-21 21:24:31,257][choosing_descriptors][INFO] - 12 most variance descriptor - worried
[2023-01-21 21:24:31,258][choosing_descriptors][INFO] - Adding worried to chosen descriptors
[2023-01-21 21:24:31,258][choosing_descriptors][INFO] - 13 most variance descriptor - nervous
[2023-01-21 21:24:31,259][choosing_descriptors][INFO] - nervous is correlated with worried with corr 0.8136514887736354
[2023-01-21 21:24:31,260][choosing_descriptors][INFO] - 14 most variance descriptor - confused
[2023-01-21 21:24:31,260][choosing_descriptors][INFO] - confused is correlated with open mouth with corr 0.6580568101446859
[2023-01-21 21:24:31,260][choosing_descriptors][INFO] - 15 most variance descriptor - disgusted
[2023-01-21 21:24:31,261][choosing_descriptors][INFO] - disgusted is correlated with open mouth with corr 0.7884596807534427
[2023-01-21 21:24:31,261][choosing_descriptors][INFO] - currently chosen descriptors: {'open mouth': {'variance': 1.9951242487537362}, 'smiling': {'variance': 1.9283539637330411}, 'worried': {'variance': 0.1832285467909967}}
[2023-01-21 21:24:31,261][choosing_descriptors][INFO] - Finished cluster 0
[2023-01-21 21:24:31,261][choosing_descriptors][INFO] - Working on cluster 1
[2023-01-21 21:24:31,262][choosing_descriptors][INFO] - 0 most variance descriptor - angry
[2023-01-21 21:24:31,262][choosing_descriptors][INFO] - Adding angry to chosen descriptors
[2023-01-21 21:24:31,262][choosing_descriptors][INFO] - 1 most variance descriptor - surprised
[2023-01-21 21:24:31,263][choosing_descriptors][INFO] - Adding surprised to chosen descriptors
[2023-01-21 21:24:31,263][choosing_descriptors][INFO] - 2 most variance descriptor - serious
[2023-01-21 21:24:31,264][choosing_descriptors][INFO] - Adding serious to chosen descriptors
[2023-01-21 21:24:31,264][choosing_descriptors][INFO] - 3 most variance descriptor - scared
[2023-01-21 21:24:31,265][choosing_descriptors][INFO] - scared is correlated with surprised with corr 0.8548306985752759
[2023-01-21 21:24:31,265][choosing_descriptors][INFO] - 4 most variance descriptor - neutral
[2023-01-21 21:24:31,266][choosing_descriptors][INFO] - neutral is correlated with surprised with corr 0.53676386862763
[2023-01-21 21:24:31,266][choosing_descriptors][INFO] - 5 most variance descriptor - sad
[2023-01-21 21:24:31,267][choosing_descriptors][INFO] - sad is correlated with surprised with corr 0.510765731739757
[2023-01-21 21:24:31,267][choosing_descriptors][INFO] - 6 most variance descriptor - raised eyebrows
[2023-01-21 21:24:31,268][choosing_descriptors][INFO] - Adding raised eyebrows to chosen descriptors
[2023-01-21 21:24:31,268][choosing_descriptors][INFO] - currently chosen descriptors: {'angry': {'variance': 0.9070730177910972}, 'surprised': {'variance': 0.5492131286431122}, 'serious': {'variance': 0.29897397606976367}, 'raised eyebrows': {'variance': 0.08350287828721445}}
[2023-01-21 21:24:31,268][choosing_descriptors][INFO] - Finished cluster 1
[2023-01-21 21:24:31,269][choosing_descriptors][INFO] - There are 7 chosen descriptors in initial filter
[2023-01-21 21:24:31,269][choosing_descriptors][INFO] - chosen descriptors: [['open mouth', 'smiling', 'worried'], ['angry', 'surprised', 'serious', 'raised eyebrows']]
[2023-01-21 21:24:31,269][choosing_descriptors][INFO] - Final filter
[2023-01-21 21:24:31,270][choosing_descriptors][INFO] - Descriptor open mouth has variance 1.9951242487537362
[2023-01-21 21:24:31,271][choosing_descriptors][INFO] - Descriptor open mouth is correlated with angry with correlation 0.7363620036460964 - removing angry
[2023-01-21 21:24:31,271][choosing_descriptors][INFO] - Descriptor open mouth is correlated with surprised with correlation 0.7687695859158153 - removing surprised
[2023-01-21 21:24:31,271][choosing_descriptors][INFO] - Descriptor smiling has variance 1.9283539637330411
[2023-01-21 21:24:31,272][choosing_descriptors][INFO] - Descriptor serious has variance 0.29897397606976367
[2023-01-21 21:24:31,273][choosing_descriptors][INFO] - Descriptor worried has variance 0.1832285467909967
[2023-01-21 21:24:31,274][choosing_descriptors][INFO] - Descriptor worried is correlated with surprised with correlation 0.6268842480392369 - removing surprised
[2023-01-21 21:24:31,274][choosing_descriptors][INFO] - Descriptor raised eyebrows has variance 0.08350287828721445
[2023-01-21 21:24:31,277][__main__][INFO] - Chosen descriptors: ['open mouth', 'smiling', 'worried', 'happy', 'excited', 'pensive', 'open eyes', 'sleepy', 'calm', 'fearful', 'serious', 'raised eyebrows', 'angry', 'surprised', 'scared']
[2023-01-21 21:24:31,277][__main__][INFO] - Starting training
[2023-01-21 21:24:31,286][clip2mesh.optimizations.train_mapper][INFO] - Instantiating callback <pytorch_lightning.callbacks.ModelCheckpoint>
[2023-01-21 21:24:31,287][clip2mesh.optimizations.train_mapper][INFO] - dataloader batch size: 2500
[2023-01-21 21:24:31,288][clip2mesh.optimizations.train_mapper][INFO] - tensorboard run name: flame_neutral_15_descriptors
[2023-01-21 21:24:31,288][clip2mesh.optimizations.train_mapper][INFO] - instantiating model
[2023-01-21 21:24:31,292][clip2mesh.optimizations.train_mapper][INFO] - training model
[2023-01-21 21:24:47,221][clip2mesh.optimizations.train_mapper][INFO] - finished training in 15.942813158035278 seconds
[2023-01-21 21:24:47,222][__main__][INFO] - Starting evaluation
[2023-01-21 21:24:57,150][clip2mesh.data_management.data_observation.evaluate_performance][INFO] - IOU: 0.18252388535031847 | Overlap: 0.8309054029135166
[2023-01-21 21:24:57,153][__main__][INFO] - Finished with 15 descriptors
[2023-01-21 21:24:57,153][__main__][INFO] - Starting with 20 descriptors
[2023-01-21 21:24:58,295][choosing_descriptors][INFO] - There are total of 23 descriptors
[2023-01-21 21:24:58,297][choosing_descriptors][INFO] - Working on cluster 0
[2023-01-21 21:24:58,297][choosing_descriptors][INFO] - 0 most variance descriptor - open mouth
[2023-01-21 21:24:58,297][choosing_descriptors][INFO] - Adding open mouth to chosen descriptors
[2023-01-21 21:24:58,297][choosing_descriptors][INFO] - 1 most variance descriptor - smiling
[2023-01-21 21:24:58,298][choosing_descriptors][INFO] - Adding smiling to chosen descriptors
[2023-01-21 21:24:58,298][choosing_descriptors][INFO] - 2 most variance descriptor - happy
[2023-01-21 21:24:58,299][choosing_descriptors][INFO] - happy is correlated with open mouth with corr 0.6034115565228041
[2023-01-21 21:24:58,299][choosing_descriptors][INFO] - 3 most variance descriptor - excited
[2023-01-21 21:24:58,299][choosing_descriptors][INFO] - excited is correlated with open mouth with corr 0.76899186303275
[2023-01-21 21:24:58,299][choosing_descriptors][INFO] - 4 most variance descriptor - pensive
[2023-01-21 21:24:58,300][choosing_descriptors][INFO] - pensive is correlated with smiling with corr -0.5239707416093944
[2023-01-21 21:24:58,300][choosing_descriptors][INFO] - 5 most variance descriptor - open eyes
[2023-01-21 21:24:58,301][choosing_descriptors][INFO] - open eyes is correlated with open mouth with corr 0.7415155451481605
[2023-01-21 21:24:58,301][choosing_descriptors][INFO] - 6 most variance descriptor - sleepy
[2023-01-21 21:24:58,302][choosing_descriptors][INFO] - sleepy is correlated with open mouth with corr 0.6912988387326392
[2023-01-21 21:24:58,302][choosing_descriptors][INFO] - 7 most variance descriptor - calm
[2023-01-21 21:24:58,302][choosing_descriptors][INFO] - calm is correlated with open mouth with corr 0.682660058937869
[2023-01-21 21:24:58,303][choosing_descriptors][INFO] - 8 most variance descriptor - fearful
[2023-01-21 21:24:58,303][choosing_descriptors][INFO] - fearful is correlated with open mouth with corr 0.5960406000720171
[2023-01-21 21:24:58,303][choosing_descriptors][INFO] - 9 most variance descriptor - bored
[2023-01-21 21:24:58,304][choosing_descriptors][INFO] - bored is correlated with open mouth with corr 0.861329469121124
[2023-01-21 21:24:58,304][choosing_descriptors][INFO] - 10 most variance descriptor - relaxed
[2023-01-21 21:24:58,305][choosing_descriptors][INFO] - relaxed is correlated with open mouth with corr 0.5548844179551785
[2023-01-21 21:24:58,305][choosing_descriptors][INFO] - 11 most variance descriptor - tired
[2023-01-21 21:24:58,305][choosing_descriptors][INFO] - tired is correlated with open mouth with corr 0.6939851731235444
[2023-01-21 21:24:58,305][choosing_descriptors][INFO] - 12 most variance descriptor - worried
[2023-01-21 21:24:58,306][choosing_descriptors][INFO] - Adding worried to chosen descriptors
[2023-01-21 21:24:58,306][choosing_descriptors][INFO] - 13 most variance descriptor - nervous
[2023-01-21 21:24:58,308][choosing_descriptors][INFO] - nervous is correlated with worried with corr 0.8136514887736354
[2023-01-21 21:24:58,308][choosing_descriptors][INFO] - 14 most variance descriptor - confused
[2023-01-21 21:24:58,308][choosing_descriptors][INFO] - confused is correlated with open mouth with corr 0.6580568101446859
[2023-01-21 21:24:58,309][choosing_descriptors][INFO] - 15 most variance descriptor - disgusted
[2023-01-21 21:24:58,309][choosing_descriptors][INFO] - disgusted is correlated with open mouth with corr 0.7884596807534427
[2023-01-21 21:24:58,309][choosing_descriptors][INFO] - currently chosen descriptors: {'open mouth': {'variance': 1.9951242487537362}, 'smiling': {'variance': 1.9283539637330411}, 'worried': {'variance': 0.1832285467909967}}
[2023-01-21 21:24:58,309][choosing_descriptors][INFO] - Finished cluster 0
[2023-01-21 21:24:58,309][choosing_descriptors][INFO] - Working on cluster 1
[2023-01-21 21:24:58,310][choosing_descriptors][INFO] - 0 most variance descriptor - angry
[2023-01-21 21:24:58,310][choosing_descriptors][INFO] - Adding angry to chosen descriptors
[2023-01-21 21:24:58,310][choosing_descriptors][INFO] - 1 most variance descriptor - surprised
[2023-01-21 21:24:58,311][choosing_descriptors][INFO] - Adding surprised to chosen descriptors
[2023-01-21 21:24:58,311][choosing_descriptors][INFO] - 2 most variance descriptor - serious
[2023-01-21 21:24:58,313][choosing_descriptors][INFO] - Adding serious to chosen descriptors
[2023-01-21 21:24:58,313][choosing_descriptors][INFO] - 3 most variance descriptor - scared
[2023-01-21 21:24:58,314][choosing_descriptors][INFO] - scared is correlated with surprised with corr 0.8548306985752759
[2023-01-21 21:24:58,314][choosing_descriptors][INFO] - 4 most variance descriptor - neutral
[2023-01-21 21:24:58,315][choosing_descriptors][INFO] - neutral is correlated with surprised with corr 0.53676386862763
[2023-01-21 21:24:58,315][choosing_descriptors][INFO] - 5 most variance descriptor - sad
[2023-01-21 21:24:58,317][choosing_descriptors][INFO] - sad is correlated with surprised with corr 0.510765731739757
[2023-01-21 21:24:58,317][choosing_descriptors][INFO] - 6 most variance descriptor - raised eyebrows
[2023-01-21 21:24:58,318][choosing_descriptors][INFO] - Adding raised eyebrows to chosen descriptors
[2023-01-21 21:24:58,318][choosing_descriptors][INFO] - currently chosen descriptors: {'angry': {'variance': 0.9070730177910972}, 'surprised': {'variance': 0.5492131286431122}, 'serious': {'variance': 0.29897397606976367}, 'raised eyebrows': {'variance': 0.08350287828721445}}
[2023-01-21 21:24:58,319][choosing_descriptors][INFO] - Finished cluster 1
[2023-01-21 21:24:58,319][choosing_descriptors][INFO] - There are 7 chosen descriptors in initial filter
[2023-01-21 21:24:58,319][choosing_descriptors][INFO] - chosen descriptors: [['open mouth', 'smiling', 'worried'], ['angry', 'surprised', 'serious', 'raised eyebrows']]
[2023-01-21 21:24:58,319][choosing_descriptors][INFO] - Final filter
[2023-01-21 21:24:58,320][choosing_descriptors][INFO] - Descriptor open mouth has variance 1.9951242487537362
[2023-01-21 21:24:58,321][choosing_descriptors][INFO] - Descriptor open mouth is correlated with angry with correlation 0.7363620036460964 - removing angry
[2023-01-21 21:24:58,321][choosing_descriptors][INFO] - Descriptor open mouth is correlated with surprised with correlation 0.7687695859158153 - removing surprised
[2023-01-21 21:24:58,322][choosing_descriptors][INFO] - Descriptor smiling has variance 1.9283539637330411
[2023-01-21 21:24:58,322][choosing_descriptors][INFO] - Descriptor serious has variance 0.29897397606976367
[2023-01-21 21:24:58,323][choosing_descriptors][INFO] - Descriptor worried has variance 0.1832285467909967
[2023-01-21 21:24:58,324][choosing_descriptors][INFO] - Descriptor worried is correlated with surprised with correlation 0.6268842480392369 - removing surprised
[2023-01-21 21:24:58,324][choosing_descriptors][INFO] - Descriptor raised eyebrows has variance 0.08350287828721445
[2023-01-21 21:24:58,327][__main__][INFO] - Chosen descriptors: ['open mouth', 'smiling', 'worried', 'happy', 'excited', 'pensive', 'open eyes', 'sleepy', 'calm', 'fearful', 'bored', 'relaxed', 'tired', 'nervous', 'confused', 'serious', 'raised eyebrows', 'angry', 'surprised', 'scared']
[2023-01-21 21:24:58,327][__main__][INFO] - Starting training
[2023-01-21 21:24:58,338][clip2mesh.optimizations.train_mapper][INFO] - Instantiating callback <pytorch_lightning.callbacks.ModelCheckpoint>
[2023-01-21 21:24:58,339][clip2mesh.optimizations.train_mapper][INFO] - dataloader batch size: 2500
[2023-01-21 21:24:58,339][clip2mesh.optimizations.train_mapper][INFO] - tensorboard run name: flame_neutral_20_descriptors
[2023-01-21 21:24:58,339][clip2mesh.optimizations.train_mapper][INFO] - instantiating model
[2023-01-21 21:24:58,344][clip2mesh.optimizations.train_mapper][INFO] - training model
[2023-01-21 21:25:15,878][clip2mesh.optimizations.train_mapper][INFO] - finished training in 17.549072265625 seconds
[2023-01-21 21:25:15,878][__main__][INFO] - Starting evaluation
[2023-01-21 21:25:29,272][clip2mesh.data_management.data_observation.evaluate_performance][INFO] - IOU: 0.19028662420382167 | Overlap: 0.8643201816633551
[2023-01-21 21:25:29,276][__main__][INFO] - Finished with 20 descriptors
[2023-01-21 21:25:29,636][__main__][INFO] - Finished descriptors ablation for flame neutral
