[2023-01-16 22:06:42,683][choosing_descriptors][INFO] - There are total of 26 descriptors
[2023-01-16 22:06:47,237][choosing_descriptors][INFO] - Working on cluster 0
[2023-01-16 22:06:47,237][choosing_descriptors][INFO] - 0 most covering descriptor
[2023-01-16 22:06:47,237][choosing_descriptors][INFO] - Adding curvy to chosen descriptors
[2023-01-16 22:06:47,238][choosing_descriptors][INFO] - 1 most covering descriptor
[2023-01-16 22:06:47,240][choosing_descriptors][INFO] - proportioned is correlated with curvy with iou 0.9045801526717556, skipping
[2023-01-16 22:06:47,240][choosing_descriptors][INFO] - 2 most covering descriptor
[2023-01-16 22:06:47,241][choosing_descriptors][INFO] - round apple is correlated with curvy with iou 0.7662835249042146, skipping
[2023-01-16 22:06:47,241][choosing_descriptors][INFO] - 3 most covering descriptor
[2023-01-16 22:06:47,242][choosing_descriptors][INFO] - Adding short to chosen descriptors
[2023-01-16 22:06:47,243][choosing_descriptors][INFO] - 4 most covering descriptor
[2023-01-16 22:06:47,245][choosing_descriptors][INFO] - lean is correlated with short with iou 0.7412587412587412, skipping
[2023-01-16 22:06:47,245][choosing_descriptors][INFO] - 5 most covering descriptor
[2023-01-16 22:06:47,247][choosing_descriptors][INFO] - fit is correlated with short with iou 0.7291666666666666, skipping
[2023-01-16 22:06:47,247][choosing_descriptors][INFO] - 6 most covering descriptor
[2023-01-16 22:06:47,249][choosing_descriptors][INFO] - petite is correlated with short with iou 0.7571428571428571, skipping
[2023-01-16 22:06:47,249][choosing_descriptors][INFO] - 7 most covering descriptor
[2023-01-16 22:06:47,251][choosing_descriptors][INFO] - masculine is correlated with short with iou 0.7132867132867133, skipping
[2023-01-16 22:06:47,251][choosing_descriptors][INFO] - 8 most covering descriptor
[2023-01-16 22:06:47,254][choosing_descriptors][INFO] - Adding long legs to chosen descriptors
[2023-01-16 22:06:47,254][choosing_descriptors][INFO] - 9 most covering descriptor
[2023-01-16 22:06:47,257][choosing_descriptors][INFO] - Adding sexy to chosen descriptors
[2023-01-16 22:06:47,257][choosing_descriptors][INFO] - 10 most covering descriptor
[2023-01-16 22:06:47,261][choosing_descriptors][INFO] - built is correlated with chosen descriptors, skipping
[2023-01-16 22:06:47,261][choosing_descriptors][INFO] - 11 most covering descriptor
[2023-01-16 22:06:47,264][choosing_descriptors][INFO] - Adding muscular to chosen descriptors
[2023-01-16 22:06:47,265][choosing_descriptors][INFO] - 12 most covering descriptor
[2023-01-16 22:06:47,268][choosing_descriptors][INFO] - sturdy is correlated with chosen descriptors, skipping
[2023-01-16 22:06:47,268][choosing_descriptors][INFO] - currently chosen descriptors: {'curvy': {'iou': 0.13659089100058114, 'vertex_coverage': 258}, 'short': {'iou': 0.4152997871853899, 'vertex_coverage': 127}, 'long legs': {'iou': 0.14645519271619983, 'vertex_coverage': 103}, 'sexy': {'iou': 0.4482343356320469, 'vertex_coverage': 96}, 'muscular': {'iou': 0.42206339248840197, 'vertex_coverage': 64}}
[2023-01-16 22:06:47,268][choosing_descriptors][INFO] - Finished cluster 0
[2023-01-16 22:06:47,269][choosing_descriptors][INFO] - Working on cluster 1
[2023-01-16 22:06:47,269][choosing_descriptors][INFO] - 0 most covering descriptor
[2023-01-16 22:06:47,269][choosing_descriptors][INFO] - Adding broad shoulders to chosen descriptors
[2023-01-16 22:06:47,270][choosing_descriptors][INFO] - 1 most covering descriptor
[2023-01-16 22:06:47,271][choosing_descriptors][INFO] - thin is correlated with broad shoulders with iou 0.824, skipping
[2023-01-16 22:06:47,272][choosing_descriptors][INFO] - 2 most covering descriptor
[2023-01-16 22:06:47,273][choosing_descriptors][INFO] - average is correlated with broad shoulders with iou 0.7578125, skipping
[2023-01-16 22:06:47,273][choosing_descriptors][INFO] - 3 most covering descriptor
[2023-01-16 22:06:47,275][choosing_descriptors][INFO] - skinny is correlated with broad shoulders with iou 0.8, skipping
[2023-01-16 22:06:47,275][choosing_descriptors][INFO] - 4 most covering descriptor
[2023-01-16 22:06:47,276][choosing_descriptors][INFO] - Adding narrow waist to chosen descriptors
[2023-01-16 22:06:47,276][choosing_descriptors][INFO] - 5 most covering descriptor
[2023-01-16 22:06:47,279][choosing_descriptors][INFO] - Adding tall to chosen descriptors
[2023-01-16 22:06:47,279][choosing_descriptors][INFO] - 6 most covering descriptor
[2023-01-16 22:06:47,282][choosing_descriptors][INFO] - Adding fat to chosen descriptors
[2023-01-16 22:06:47,282][choosing_descriptors][INFO] - 7 most covering descriptor
[2023-01-16 22:06:47,285][choosing_descriptors][INFO] - big is correlated with fat with iou 0.8913043478260869, skipping
[2023-01-16 22:06:47,286][choosing_descriptors][INFO] - currently chosen descriptors: {'broad shoulders': {'iou': 0.4738041780574101, 'vertex_coverage': 123}, 'narrow waist': {'iou': 0.14499363393308, 'vertex_coverage': 79}, 'tall': {'iou': 0.4405816794018499, 'vertex_coverage': 73}, 'fat': {'iou': 0.34396378328106864, 'vertex_coverage': 46}}
[2023-01-16 22:06:47,286][choosing_descriptors][INFO] - Finished cluster 1
[2023-01-16 22:06:47,286][choosing_descriptors][INFO] - Working on cluster 2
[2023-01-16 22:06:47,286][choosing_descriptors][INFO] - 0 most covering descriptor
[2023-01-16 22:06:47,286][choosing_descriptors][INFO] - Adding rectangular to chosen descriptors
[2023-01-16 22:06:47,287][choosing_descriptors][INFO] - 1 most covering descriptor
[2023-01-16 22:06:47,289][choosing_descriptors][INFO] - Adding pear shaped to chosen descriptors
[2023-01-16 22:06:47,289][choosing_descriptors][INFO] - 2 most covering descriptor
[2023-01-16 22:06:47,291][choosing_descriptors][INFO] - small is correlated with chosen descriptors, skipping
[2023-01-16 22:06:47,291][choosing_descriptors][INFO] - 3 most covering descriptor
[2023-01-16 22:06:47,294][choosing_descriptors][INFO] - Adding stocky to chosen descriptors
[2023-01-16 22:06:47,294][choosing_descriptors][INFO] - 4 most covering descriptor
[2023-01-16 22:06:47,297][choosing_descriptors][INFO] - Adding heavyset to chosen descriptors
[2023-01-16 22:06:47,297][choosing_descriptors][INFO] - currently chosen descriptors: {'rectangular': {'iou': 0.11561907297428485, 'vertex_coverage': 372}, 'pear shaped': {'iou': 0.13113449396006188, 'vertex_coverage': 250}, 'stocky': {'iou': 0.2609472485194284, 'vertex_coverage': 67}, 'heavyset': {'iou': 0.32595648913470543, 'vertex_coverage': 43}}
[2023-01-16 22:06:47,297][choosing_descriptors][INFO] - Finished cluster 2
[2023-01-16 22:06:47,298][choosing_descriptors][INFO] - There are 3 clusters
[2023-01-16 22:06:47,298][choosing_descriptors][INFO] - chosen descriptors: [dict_keys(['curvy', 'short', 'long legs', 'sexy', 'muscular']), dict_keys(['broad shoulders', 'narrow waist', 'tall', 'fat']), dict_keys(['rectangular', 'pear shaped', 'stocky', 'heavyset'])]
