[2023-01-15 21:05:52,046][__main__][INFO] - Optimizing 1509.png
[2023-01-15 21:05:52,046][__main__][INFO] - Writing video to /home/nadav2/dev/data/CLIP2Shape/outs/sliders_vs_blendshapes/smplx_male/1509.mp4
[2023-01-15 21:08:12,307][__main__][INFO] - Finished optimizing 1509.png
[2023-01-15 21:08:12,307][__main__][INFO] - Final loss: 1.231345772743225
[2023-01-15 21:08:12,308][__main__][INFO] - GT tensor([[ 0.3212, -1.0265, -0.6499, -0.0000,  1.8556, -0.0000,  0.5744,  3.6072,
          1.3437, -1.4523]], device='cuda:0')
[2023-01-15 21:08:12,309][__main__][INFO] - Pred tensor([[-0.0560, -0.9529, -0.5335, -0.5968,  0.2703, -0.2421,  0.3141,  1.0115,
          0.1307, -0.4789]], device='cuda:0', grad_fn=<AddmmBackward>)
[2023-01-15 21:08:12,309][__main__][INFO] - acctual sliders values tensor([24.2656, 20.2656, 21.7188, 25.3594, 20.9531, 26.1875, 22.7500, 22.8594,
        22.7344, 24.8750, 24.2188, 24.1719, 26.3594, 26.0781, 22.4062, 24.2500,
        24.1250, 26.2812, 23.0312, 21.2031, 24.1094, 25.1875, 22.6094, 22.7500,
        24.5469])
[2023-01-15 21:08:12,309][__main__][INFO] - Total acumulated loss: 1.231345772743225
[2023-01-15 21:08:12,309][__main__][INFO] - Optimizing 3973.png
[2023-01-15 21:08:12,309][__main__][INFO] - Writing video to /home/nadav2/dev/data/CLIP2Shape/outs/sliders_vs_blendshapes/smplx_male/3973.mp4
[2023-01-15 21:10:32,812][__main__][INFO] - Finished optimizing 3973.png
[2023-01-15 21:10:32,813][__main__][INFO] - Final loss: 2.372605800628662
[2023-01-15 21:10:32,814][__main__][INFO] - GT tensor([[-4.6025,  2.5409, -0.2164, -1.4541,  0.0000, -0.0000,  0.0000, -0.7460,
         -0.0000, -0.0000]], device='cuda:0')
[2023-01-15 21:10:32,814][__main__][INFO] - Pred tensor([[-0.5417,  0.5372,  0.3070, -0.6245,  0.1446, -0.1900,  0.4851,  0.5930,
          0.2488, -0.3339]], device='cuda:0', grad_fn=<AddmmBackward>)
[2023-01-15 21:10:32,815][__main__][INFO] - acctual sliders values tensor([24.3594, 20.9219, 23.9375, 24.6875, 21.7031, 25.1562, 21.7344, 24.3281,
        22.8125, 26.4375, 25.3594, 27.2344, 25.0312, 25.2344, 21.5469, 23.8906,
        24.4375, 26.1875, 22.9531, 21.3438, 24.5469, 24.9531, 21.1406, 22.6406,
        23.8594])
[2023-01-15 21:10:32,815][__main__][INFO] - Total acumulated loss: 3.603951573371887
[2023-01-15 21:10:32,815][__main__][INFO] - Optimizing 543.png
[2023-01-15 21:10:32,815][__main__][INFO] - Writing video to /home/nadav2/dev/data/CLIP2Shape/outs/sliders_vs_blendshapes/smplx_male/543.mp4
[2023-01-15 21:12:54,851][__main__][INFO] - Finished optimizing 543.png
[2023-01-15 21:12:54,851][__main__][INFO] - Final loss: 9.589129447937012
[2023-01-15 21:12:54,852][__main__][INFO] - GT tensor([[ -0.6590,   0.0504,   0.0000,  -4.7829,  -2.5686, -10.3214,   0.0405,
           0.8408,   2.0726,   1.2207]], device='cuda:0')
[2023-01-15 21:12:54,853][__main__][INFO] - Pred tensor([[-1.2327, -0.8573,  0.5911, -1.5833,  0.7121, -2.6455, -0.6555,  2.1873,
         -0.5496, -1.0806]], device='cuda:0', grad_fn=<AddmmBackward>)
[2023-01-15 21:12:54,854][__main__][INFO] - acctual sliders values tensor([24.0000, 20.0156, 21.8594, 24.3125, 20.5000, 24.5625, 21.7031, 24.1562,
        23.1250, 25.2812, 24.2656, 24.9375, 24.5781, 25.1562, 22.0312, 24.7344,
        24.5469, 25.9219, 23.4844, 21.0000, 24.6562, 25.4531, 21.8125, 23.0625,
        23.9062])
[2023-01-15 21:12:54,854][__main__][INFO] - Total acumulated loss: 13.193081021308899
[2023-01-15 21:12:54,854][__main__][INFO] - Optimizing 1895.png
[2023-01-15 21:12:54,854][__main__][INFO] - Writing video to /home/nadav2/dev/data/CLIP2Shape/outs/sliders_vs_blendshapes/smplx_male/1895.mp4
[2023-01-15 21:15:17,474][__main__][INFO] - Finished optimizing 1895.png
[2023-01-15 21:15:17,474][__main__][INFO] - Final loss: 0.41509246826171875
[2023-01-15 21:15:17,475][__main__][INFO] - GT tensor([[ 0.0000, -1.1057,  1.4770, -0.0000, -0.0000, -1.1179,  0.5494,  1.7504,
         -0.2256,  0.0000]], device='cuda:0')
[2023-01-15 21:15:17,476][__main__][INFO] - Pred tensor([[-0.4958, -0.1411,  0.4877, -0.5913,  0.5426, -1.9341, -0.0660,  1.7735,
         -0.2181, -0.5537]], device='cuda:0', grad_fn=<AddmmBackward>)
[2023-01-15 21:15:17,477][__main__][INFO] - acctual sliders values tensor([23.6875, 19.7656, 21.3281, 25.0000, 20.1562, 25.1562, 22.3281, 23.0781,
        22.9062, 24.6250, 23.8125, 23.9844, 25.5156, 25.6406, 22.0156, 24.1875,
        24.2188, 26.1562, 23.2969, 20.7656, 24.2188, 25.1719, 21.5000, 23.2031,
        24.0000])
[2023-01-15 21:15:17,477][__main__][INFO] - Total acumulated loss: 13.608173489570618
[2023-01-15 21:15:17,477][__main__][INFO] - Optimizing 2183.png
[2023-01-15 21:15:17,477][__main__][INFO] - Writing video to /home/nadav2/dev/data/CLIP2Shape/outs/sliders_vs_blendshapes/smplx_male/2183.mp4
[2023-01-15 21:17:40,520][__main__][INFO] - Finished optimizing 2183.png
[2023-01-15 21:17:40,520][__main__][INFO] - Final loss: 0.22516556084156036
[2023-01-15 21:17:40,521][__main__][INFO] - GT tensor([[-1.5800,  1.8768,  0.5901, -0.0000,  0.6996, -0.8423, -0.0000,  1.6530,
          0.3990, -0.5276]], device='cuda:0')
[2023-01-15 21:17:40,522][__main__][INFO] - Pred tensor([[-0.3406,  1.4417,  0.8481, -0.1807,  0.3246, -1.3245, -0.1505,  1.5941,
          0.3228, -0.3792]], device='cuda:0', grad_fn=<AddmmBackward>)
[2023-01-15 21:17:40,523][__main__][INFO] - acctual sliders values tensor([24.5938, 20.8281, 23.2656, 24.5469, 21.6719, 25.4219, 21.5156, 24.2656,
        22.9219, 26.3438, 25.3594, 26.6250, 24.8281, 25.0156, 22.1562, 23.9375,
        24.5312, 26.2656, 23.2500, 21.3594, 24.9531, 25.5469, 21.7500, 22.6875,
        24.0625])
[2023-01-15 21:17:40,523][__main__][INFO] - Total acumulated loss: 13.833339050412178
[2023-01-15 21:17:40,523][__main__][INFO] - Optimizing 1767.png
[2023-01-15 21:17:40,523][__main__][INFO] - Writing video to /home/nadav2/dev/data/CLIP2Shape/outs/sliders_vs_blendshapes/smplx_male/1767.mp4
[2023-01-15 21:20:09,572][__main__][INFO] - Finished optimizing 1767.png
[2023-01-15 21:20:09,572][__main__][INFO] - Final loss: 1.4807695150375366
[2023-01-15 21:20:09,573][__main__][INFO] - GT tensor([[ 0.0795, -0.7291, -0.0000, -2.2842,  2.5269,  2.1089,  1.0106,  0.8403,
          1.2074,  0.0000]], device='cuda:0')
[2023-01-15 21:20:09,573][__main__][INFO] - Pred tensor([[-0.6323, -0.3679, -0.2846, -0.8221,  0.2594, -0.3172,  0.5693,  1.1429,
          0.7556, -0.6589]], device='cuda:0', grad_fn=<AddmmBackward>)
[2023-01-15 21:20:09,574][__main__][INFO] - acctual sliders values tensor([24.5000, 20.5312, 21.7500, 25.3125, 20.5469, 25.4375, 23.5469, 23.0312,
        23.2969, 25.3750, 24.1250, 24.6562, 26.3750, 26.5469, 22.9062, 24.3125,
        25.0000, 26.8594, 23.7656, 21.5156, 24.6875, 25.0469, 22.7344, 23.2656,
        24.5312])
[2023-01-15 21:20:09,574][__main__][INFO] - Total acumulated loss: 15.314108565449715
[2023-01-15 21:20:09,574][__main__][INFO] - Optimizing 3756.png
[2023-01-15 21:20:09,574][__main__][INFO] - Writing video to /home/nadav2/dev/data/CLIP2Shape/outs/sliders_vs_blendshapes/smplx_male/3756.mp4
[2023-01-15 21:22:35,039][__main__][INFO] - Finished optimizing 3756.png
[2023-01-15 21:22:35,039][__main__][INFO] - Final loss: 3.4631364345550537
[2023-01-15 21:22:35,040][__main__][INFO] - GT tensor([[ 0.0336,  5.4563, -0.7722,  4.3220, -0.0000,  1.6695,  1.0966, -2.6124,
          0.8652,  2.5561]], device='cuda:0')
[2023-01-15 21:22:35,041][__main__][INFO] - Pred tensor([[ 0.8521,  3.4202, -0.8460,  1.0488, -0.0124,  0.6058,  0.1023,  0.8843,
          0.7408,  0.3804]], device='cuda:0', grad_fn=<AddmmBackward>)
[2023-01-15 21:22:35,042][__main__][INFO] - acctual sliders values tensor([24.8281, 22.9531, 25.1094, 23.9219, 23.2969, 25.9375, 21.4219, 23.8750,
        23.5781, 27.7812, 25.9688, 29.0469, 25.0312, 25.2031, 22.3906, 23.3281,
        25.3438, 25.6875, 23.5000, 21.7656, 24.4375, 23.4531, 23.1562, 23.6875,
        24.0625])
[2023-01-15 21:22:35,042][__main__][INFO] - Total acumulated loss: 18.77724500000477
[2023-01-15 21:22:35,042][__main__][INFO] - Optimizing 1734.png
[2023-01-15 21:22:35,042][__main__][INFO] - Writing video to /home/nadav2/dev/data/CLIP2Shape/outs/sliders_vs_blendshapes/smplx_male/1734.mp4
[2023-01-15 21:25:08,337][__main__][INFO] - Finished optimizing 1734.png
[2023-01-15 21:25:08,338][__main__][INFO] - Final loss: 1.2006043195724487
[2023-01-15 21:25:08,339][__main__][INFO] - GT tensor([[-0.6469, -2.0979, -0.1749,  0.5028, -0.8456, -0.7434,  0.0000, -0.6927,
          0.0000, -0.3338]], device='cuda:0')
[2023-01-15 21:25:08,340][__main__][INFO] - Pred tensor([[-0.0158,  0.6002, -1.0708,  0.3755,  0.1820,  0.2435,  0.4056,  0.3321,
          0.4678, -0.1201]], device='cuda:0', grad_fn=<AddmmBackward>)
[2023-01-15 21:25:08,341][__main__][INFO] - acctual sliders values tensor([24.2500, 20.3906, 21.5469, 25.6562, 20.3750, 25.6094, 23.3125, 22.8281,
        23.2344, 25.0938, 23.9531, 24.3750, 26.4688, 26.3281, 22.2812, 24.6719,
        24.7500, 26.9062, 23.6406, 21.1562, 24.2188, 25.3906, 22.2031, 23.1406,
        24.3906])
[2023-01-15 21:25:08,341][__main__][INFO] - Total acumulated loss: 19.977849319577217
[2023-01-15 21:25:08,341][__main__][INFO] - Optimizing 3327.png
[2023-01-15 21:25:08,341][__main__][INFO] - Writing video to /home/nadav2/dev/data/CLIP2Shape/outs/sliders_vs_blendshapes/smplx_male/3327.mp4
[2023-01-15 21:27:43,220][__main__][INFO] - Finished optimizing 3327.png
[2023-01-15 21:27:43,220][__main__][INFO] - Final loss: 0.49621888995170593
[2023-01-15 21:27:43,221][__main__][INFO] - GT tensor([[ 0.5853, -1.5298,  0.2311, -0.0000, -0.3668,  0.7293, -0.0140,  0.5679,
          0.8092, -0.6870]], device='cuda:0')
[2023-01-15 21:27:43,222][__main__][INFO] - Pred tensor([[-0.2131, -0.2835, -1.0018, -0.1693,  0.2213,  0.0409,  0.4504,  0.4605,
          0.6285, -0.3086]], device='cuda:0', grad_fn=<AddmmBackward>)
[2023-01-15 21:27:43,223][__main__][INFO] - acctual sliders values tensor([24.3750, 20.1875, 21.4375, 25.4062, 20.3594, 25.7344, 22.9688, 22.9219,
        23.1719, 25.1094, 24.0781, 24.2500, 26.1562, 26.0625, 22.7031, 24.3750,
        24.5938, 26.4531, 23.6406, 21.1406, 24.2812, 25.3906, 22.2969, 23.0938,
        24.3438])
[2023-01-15 21:27:43,223][__main__][INFO] - Total acumulated loss: 20.474068209528923
[2023-01-15 21:27:43,223][__main__][INFO] - Optimizing 1790.png
[2023-01-15 21:27:43,223][__main__][INFO] - Writing video to /home/nadav2/dev/data/CLIP2Shape/outs/sliders_vs_blendshapes/smplx_male/1790.mp4
[2023-01-15 21:30:21,394][__main__][INFO] - Finished optimizing 1790.png
[2023-01-15 21:30:21,394][__main__][INFO] - Final loss: 0.5898482203483582
[2023-01-15 21:30:21,395][__main__][INFO] - GT tensor([[-0.4681, -0.8747,  0.2002, -2.5875, -0.0026,  0.0726, -0.0000,  0.0000,
         -0.8912, -2.2653]], device='cuda:0')
[2023-01-15 21:30:21,396][__main__][INFO] - Pred tensor([[-0.6596, -1.1046, -0.6856, -1.2642,  0.0621, -0.6285, -0.0884,  0.6537,
          0.0779, -1.0807]], device='cuda:0', grad_fn=<AddmmBackward>)
[2023-01-15 21:30:21,396][__main__][INFO] - acctual sliders values tensor([23.6562, 19.7344, 21.1875, 25.1562, 20.2188, 25.0938, 22.7344, 23.1094,
        23.1250, 24.6875, 23.7500, 23.9062, 25.7188, 25.7969, 21.9688, 24.6094,
        24.1094, 26.6094, 23.3906, 20.7812, 24.1562, 25.6719, 21.2656, 23.0000,
        23.8594])
[2023-01-15 21:30:21,396][__main__][INFO] - Total acumulated loss: 21.06391642987728
[2023-01-15 21:30:21,396][__main__][INFO] - Optimizing 4036.png
[2023-01-15 21:30:21,397][__main__][INFO] - Writing video to /home/nadav2/dev/data/CLIP2Shape/outs/sliders_vs_blendshapes/smplx_male/4036.mp4
