[2023-01-19 18:55:24,038][__main__][INFO] - parameters: Parameter containing:
tensor([[ 0.0100, -0.0100, -0.0100, -0.0100, -0.0100, -0.0100, -0.0100,  0.0100,
         -0.0100, -0.0100]], requires_grad=True)
[2023-01-19 18:55:24,041][__main__][INFO] - scores: tensor([[25.0000, 25.3594, 24.2500, 23.1875, 24.4219]], device='cuda:0',
       dtype=torch.float16, grad_fn=<MmBackward>)
[2023-01-19 18:55:24,748][__main__][INFO] - parameters: Parameter containing:
tensor([[ 0.0177, -0.0196, -0.0102, -0.0155, -0.0200, -0.0197, -0.0198,  0.0098,
         -0.0028, -0.0199]], requires_grad=True)
[2023-01-19 18:55:24,749][__main__][INFO] - scores: tensor([[25.0000, 25.3750, 24.1875, 23.2188, 24.4375]], device='cuda:0',
       dtype=torch.float16, grad_fn=<MmBackward>)
[2023-01-19 18:55:24,914][__main__][INFO] - parameters: Parameter containing:
tensor([[ 0.0142, -0.0256, -0.0138, -0.0150, -0.0233, -0.0210, -0.0264,  0.0157,
          0.0018, -0.0169]], requires_grad=True)
[2023-01-19 18:55:24,915][__main__][INFO] - scores: tensor([[25.0000, 25.3906, 24.2188, 23.2500, 24.4688]], device='cuda:0',
       dtype=torch.float16, grad_fn=<MmBackward>)
[2023-01-19 18:55:25,075][__main__][INFO] - parameters: Parameter containing:
tensor([[ 0.0160, -0.0332, -0.0156, -0.0158, -0.0292, -0.0237, -0.0342,  0.0209,
          0.0071, -0.0194]], requires_grad=True)
[2023-01-19 18:55:25,076][__main__][INFO] - scores: tensor([[24.9844, 25.3750, 24.2188, 23.2656, 24.4375]], device='cuda:0',
       dtype=torch.float16, grad_fn=<MmBackward>)
[2023-01-19 18:55:25,232][__main__][INFO] - parameters: Parameter containing:
tensor([[ 0.0179, -0.0408, -0.0179, -0.0134, -0.0357, -0.0250, -0.0427,  0.0268,
          0.0130, -0.0228]], requires_grad=True)
[2023-01-19 18:55:25,233][__main__][INFO] - scores: tensor([[24.9844, 25.3750, 24.2188, 23.2656, 24.4375]], device='cuda:0',
       dtype=torch.float16, grad_fn=<MmBackward>)
[2023-01-19 18:55:25,400][__main__][INFO] - parameters: Parameter containing:
tensor([[ 0.0175, -0.0457, -0.0198, -0.0099, -0.0413, -0.0253, -0.0508,  0.0327,
          0.0199, -0.0284]], requires_grad=True)
[2023-01-19 18:55:25,401][__main__][INFO] - scores: tensor([[25.0000, 25.3594, 24.2188, 23.2500, 24.4531]], device='cuda:0',
       dtype=torch.float16, grad_fn=<MmBackward>)
[2023-01-19 18:55:25,575][__main__][INFO] - parameters: Parameter containing:
tensor([[ 0.0152, -0.0510, -0.0248, -0.0063, -0.0459, -0.0244, -0.0588,  0.0397,
          0.0212, -0.0347]], requires_grad=True)
[2023-01-19 18:55:25,576][__main__][INFO] - scores: tensor([[24.9844, 25.3594, 24.2188, 23.2500, 24.4531]], device='cuda:0',
       dtype=torch.float16, grad_fn=<MmBackward>)
[2023-01-19 18:55:25,739][__main__][INFO] - parameters: Parameter containing:
tensor([[ 0.0121, -0.0571, -0.0312, -0.0050, -0.0504, -0.0234, -0.0669,  0.0474,
          0.0186, -0.0417]], requires_grad=True)
[2023-01-19 18:55:25,740][__main__][INFO] - scores: tensor([[24.9844, 25.3594, 24.2031, 23.2656, 24.4531]], device='cuda:0',
       dtype=torch.float16, grad_fn=<MmBackward>)
[2023-01-19 18:55:25,895][__main__][INFO] - parameters: Parameter containing:
tensor([[ 0.0080, -0.0584, -0.0381, -0.0017, -0.0536, -0.0212, -0.0746,  0.0556,
          0.0146, -0.0495]], requires_grad=True)
[2023-01-19 18:55:25,896][__main__][INFO] - scores: tensor([[25.0000, 25.3750, 24.2031, 23.2344, 24.4688]], device='cuda:0',
       dtype=torch.float16, grad_fn=<MmBackward>)
[2023-01-19 18:55:26,063][__main__][INFO] - parameters: Parameter containing:
tensor([[ 0.0073, -0.0612, -0.0433,  0.0003, -0.0583, -0.0216, -0.0828,  0.0601,
          0.0134, -0.0574]], requires_grad=True)
[2023-01-19 18:55:26,064][__main__][INFO] - scores: tensor([[24.9844, 25.3594, 24.2031, 23.2344, 24.4531]], device='cuda:0',
       dtype=torch.float16, grad_fn=<MmBackward>)
[2023-01-19 18:55:26,239][__main__][INFO] - parameters: Parameter containing:
tensor([[ 0.0090, -0.0642, -0.0479,  0.0022, -0.0640, -0.0234, -0.0912,  0.0634,
          0.0121, -0.0650]], requires_grad=True)
[2023-01-19 18:55:26,241][__main__][INFO] - scores: tensor([[24.9844, 25.3594, 24.2031, 23.2344, 24.4531]], device='cuda:0',
       dtype=torch.float16, grad_fn=<MmBackward>)
[2023-01-19 18:55:26,403][__main__][INFO] - parameters: Parameter containing:
tensor([[ 0.0117, -0.0654, -0.0500,  0.0026, -0.0697, -0.0262, -0.0990,  0.0667,
          0.0109, -0.0704]], requires_grad=True)
[2023-01-19 18:55:26,404][__main__][INFO] - scores: tensor([[25.0156, 25.4062, 24.2500, 23.2812, 24.4688]], device='cuda:0',
       dtype=torch.float16, grad_fn=<MmBackward>)
[2023-01-19 18:55:26,568][__main__][INFO] - parameters: Parameter containing:
tensor([[ 0.0138, -0.0646, -0.0513,  0.0023, -0.0751, -0.0298, -0.1056,  0.0702,
          0.0085, -0.0754]], requires_grad=True)
[2023-01-19 18:55:26,569][__main__][INFO] - scores: tensor([[25.0625, 25.4219, 24.2969, 23.2500, 24.5000]], device='cuda:0',
       dtype=torch.float16, grad_fn=<MmBackward>)
[2023-01-19 18:55:26,730][__main__][INFO] - parameters: Parameter containing:
tensor([[ 0.0146, -0.0632, -0.0534,  0.0007, -0.0800, -0.0336, -0.1128,  0.0736,
          0.0043, -0.0801]], requires_grad=True)
[2023-01-19 18:55:26,731][__main__][INFO] - scores: tensor([[25.0781, 25.4219, 24.3125, 23.2188, 24.4688]], device='cuda:0',
       dtype=torch.float16, grad_fn=<MmBackward>)
[2023-01-19 18:55:26,887][__main__][INFO] - parameters: Parameter containing:
tensor([[ 0.0145, -0.0606, -0.0560, -0.0006, -0.0834, -0.0369, -0.1182,  0.0759,
         -0.0007, -0.0852]], requires_grad=True)
[2023-01-19 18:55:26,888][__main__][INFO] - scores: tensor([[25.0938, 25.4219, 24.3125, 23.2344, 24.4844]], device='cuda:0',
       dtype=torch.float16, grad_fn=<MmBackward>)
[2023-01-19 18:55:27,043][__main__][INFO] - parameters: Parameter containing:
tensor([[ 0.0134, -0.0575, -0.0598, -0.0025, -0.0853, -0.0397, -0.1226,  0.0773,
         -0.0068, -0.0910]], requires_grad=True)
[2023-01-19 18:55:27,044][__main__][INFO] - scores: tensor([[25.0625, 25.4219, 24.2969, 23.2344, 24.4844]], device='cuda:0',
       dtype=torch.float16, grad_fn=<MmBackward>)
[2023-01-19 18:55:27,197][__main__][INFO] - parameters: Parameter containing:
tensor([[ 0.0118, -0.0530, -0.0628, -0.0049, -0.0855, -0.0424, -0.1248,  0.0777,
         -0.0134, -0.0978]], requires_grad=True)
[2023-01-19 18:55:27,198][__main__][INFO] - scores: tensor([[25.0938, 25.4375, 24.3281, 23.2344, 24.5000]], device='cuda:0',
       dtype=torch.float16, grad_fn=<MmBackward>)
[2023-01-19 18:55:27,359][__main__][INFO] - parameters: Parameter containing:
tensor([[ 0.0109, -0.0486, -0.0645, -0.0087, -0.0861, -0.0461, -0.1258,  0.0792,
         -0.0195, -0.1022]], requires_grad=True)
[2023-01-19 18:55:27,360][__main__][INFO] - scores: tensor([[25.1250, 25.4531, 24.3594, 23.2656, 24.5156]], device='cuda:0',
       dtype=torch.float16, grad_fn=<MmBackward>)
[2023-01-19 18:55:27,522][__main__][INFO] - parameters: Parameter containing:
tensor([[ 0.0118, -0.0432, -0.0632, -0.0124, -0.0858, -0.0502, -0.1233,  0.0767,
         -0.0233, -0.1081]], requires_grad=True)
[2023-01-19 18:55:27,523][__main__][INFO] - scores: tensor([[25.0938, 25.4375, 24.3281, 23.2344, 24.5000]], device='cuda:0',
       dtype=torch.float16, grad_fn=<MmBackward>)
[2023-01-19 18:55:27,681][__main__][INFO] - parameters: Parameter containing:
tensor([[ 0.0135, -0.0389, -0.0622, -0.0163, -0.0853, -0.0539, -0.1199,  0.0734,
         -0.0273, -0.1140]], requires_grad=True)
[2023-01-19 18:55:27,682][__main__][INFO] - scores: tensor([[25.0625, 25.4375, 24.3281, 23.2500, 24.4688]], device='cuda:0',
       dtype=torch.float16, grad_fn=<MmBackward>)
[2023-01-19 18:55:27,841][__main__][INFO] - parameters: Parameter containing:
tensor([[ 0.0144, -0.0366, -0.0630, -0.0197, -0.0845, -0.0563, -0.1162,  0.0696,
         -0.0310, -0.1175]], requires_grad=True)
[2023-01-19 18:55:27,842][__main__][INFO] - scores: tensor([[25.0156, 25.3906, 24.2656, 23.1875, 24.4219]], device='cuda:0',
       dtype=torch.float16, grad_fn=<MmBackward>)
[2023-01-19 18:55:27,993][__main__][INFO] - parameters: Parameter containing:
tensor([[ 0.0139, -0.0342, -0.0642, -0.0210, -0.0815, -0.0554, -0.1110,  0.0675,
         -0.0336, -0.1162]], requires_grad=True)
[2023-01-19 18:55:27,994][__main__][INFO] - scores: tensor([[25.0469, 25.4219, 24.2969, 23.2188, 24.4531]], device='cuda:0',
       dtype=torch.float16, grad_fn=<MmBackward>)
[2023-01-19 18:55:28,137][__main__][INFO] - parameters: Parameter containing:
tensor([[ 0.0127, -0.0327, -0.0665, -0.0223, -0.0780, -0.0529, -0.1065,  0.0673,
         -0.0367, -0.1126]], requires_grad=True)
[2023-01-19 18:55:28,138][__main__][INFO] - scores: tensor([[25.0156, 25.3906, 24.2812, 23.1875, 24.4375]], device='cuda:0',
       dtype=torch.float16, grad_fn=<MmBackward>)
[2023-01-19 18:55:28,315][__main__][INFO] - parameters: Parameter containing:
tensor([[ 0.0132, -0.0315, -0.0683, -0.0236, -0.0754, -0.0502, -0.1029,  0.0677,
         -0.0400, -0.1085]], requires_grad=True)
[2023-01-19 18:55:28,317][__main__][INFO] - scores: tensor([[25.0312, 25.4062, 24.2812, 23.2031, 24.4531]], device='cuda:0',
       dtype=torch.float16, grad_fn=<MmBackward>)
[2023-01-19 18:55:28,492][__main__][INFO] - parameters: Parameter containing:
tensor([[ 0.0146, -0.0315, -0.0698, -0.0245, -0.0735, -0.0468, -0.1003,  0.0684,
         -0.0427, -0.1036]], requires_grad=True)
[2023-01-19 18:55:28,493][__main__][INFO] - scores: tensor([[25.0156, 25.3906, 24.2812, 23.1875, 24.4375]], device='cuda:0',
       dtype=torch.float16, grad_fn=<MmBackward>)
[2023-01-19 18:55:28,648][__main__][INFO] - parameters: Parameter containing:
tensor([[ 0.0165, -0.0330, -0.0707, -0.0251, -0.0724, -0.0431, -0.0987,  0.0697,
         -0.0436, -0.0974]], requires_grad=True)
[2023-01-19 18:55:28,650][__main__][INFO] - scores: tensor([[25.0312, 25.4062, 24.2969, 23.2031, 24.4531]], device='cuda:0',
       dtype=torch.float16, grad_fn=<MmBackward>)
[2023-01-19 18:55:28,814][__main__][INFO] - parameters: Parameter containing:
tensor([[ 0.0177, -0.0354, -0.0712, -0.0258, -0.0716, -0.0388, -0.0976,  0.0715,
         -0.0427, -0.0905]], requires_grad=True)
[2023-01-19 18:55:28,815][__main__][INFO] - scores: tensor([[25.0156, 25.3906, 24.2812, 23.1875, 24.4375]], device='cuda:0',
       dtype=torch.float16, grad_fn=<MmBackward>)
[2023-01-19 18:55:28,983][__main__][INFO] - parameters: Parameter containing:
tensor([[ 0.0180, -0.0374, -0.0710, -0.0263, -0.0702, -0.0346, -0.0959,  0.0726,
         -0.0406, -0.0836]], requires_grad=True)
[2023-01-19 18:55:28,984][__main__][INFO] - scores: tensor([[25.0469, 25.4219, 24.3125, 23.2344, 24.4688]], device='cuda:0',
       dtype=torch.float16, grad_fn=<MmBackward>)
[2023-01-19 18:55:29,154][__main__][INFO] - parameters: Parameter containing:
tensor([[ 0.0175, -0.0382, -0.0699, -0.0267, -0.0683, -0.0307, -0.0928,  0.0731,
         -0.0374, -0.0765]], requires_grad=True)
[2023-01-19 18:55:29,155][__main__][INFO] - scores: tensor([[25.0781, 25.4219, 24.3125, 23.2344, 24.4844]], device='cuda:0',
       dtype=torch.float16, grad_fn=<MmBackward>)
[2023-01-19 18:55:29,326][__main__][INFO] - parameters: Parameter containing:
tensor([[ 0.0167, -0.0387, -0.0683, -0.0272, -0.0667, -0.0272, -0.0900,  0.0737,
         -0.0336, -0.0688]], requires_grad=True)
[2023-01-19 18:55:29,327][__main__][INFO] - scores: tensor([[25.0938, 25.4531, 24.3281, 23.2500, 24.5000]], device='cuda:0',
       dtype=torch.float16, grad_fn=<MmBackward>)
[2023-01-19 18:55:29,487][__main__][INFO] - parameters: Parameter containing:
tensor([[ 0.0163, -0.0385, -0.0661, -0.0280, -0.0666, -0.0249, -0.0879,  0.0743,
         -0.0297, -0.0610]], requires_grad=True)
[2023-01-19 18:55:29,488][__main__][INFO] - scores: tensor([[25.0312, 25.4062, 24.2812, 23.2344, 24.5000]], device='cuda:0',
       dtype=torch.float16, grad_fn=<MmBackward>)
[2023-01-19 18:55:29,654][__main__][INFO] - parameters: Parameter containing:
tensor([[ 0.0166, -0.0376, -0.0642, -0.0300, -0.0686, -0.0243, -0.0879,  0.0749,
         -0.0268, -0.0546]], requires_grad=True)
[2023-01-19 18:55:29,655][__main__][INFO] - scores: tensor([[25.0625, 25.4219, 24.2812, 23.2500, 24.5156]], device='cuda:0',
       dtype=torch.float16, grad_fn=<MmBackward>)
[2023-01-19 18:55:29,806][__main__][INFO] - parameters: Parameter containing:
tensor([[ 0.0166, -0.0372, -0.0644, -0.0327, -0.0722, -0.0245, -0.0904,  0.0741,
         -0.0255, -0.0501]], requires_grad=True)
[2023-01-19 18:55:29,807][__main__][INFO] - scores: tensor([[25.0625, 25.4062, 24.2656, 23.2500, 24.5156]], device='cuda:0',
       dtype=torch.float16, grad_fn=<MmBackward>)
[2023-01-19 18:55:29,956][__main__][INFO] - parameters: Parameter containing:
tensor([[ 0.0169, -0.0365, -0.0654, -0.0349, -0.0765, -0.0254, -0.0935,  0.0711,
         -0.0249, -0.0479]], requires_grad=True)
[2023-01-19 18:55:29,957][__main__][INFO] - scores: tensor([[25.0625, 25.4219, 24.2812, 23.2500, 24.5156]], device='cuda:0',
       dtype=torch.float16, grad_fn=<MmBackward>)
[2023-01-19 18:55:30,109][__main__][INFO] - parameters: Parameter containing:
tensor([[ 0.0166, -0.0341, -0.0669, -0.0344, -0.0794, -0.0255, -0.0949,  0.0662,
         -0.0246, -0.0474]], requires_grad=True)
[2023-01-19 18:55:30,110][__main__][INFO] - scores: tensor([[25.0938, 25.4219, 24.3125, 23.2656, 24.5156]], device='cuda:0',
       dtype=torch.float16, grad_fn=<MmBackward>)
[2023-01-19 18:55:30,277][__main__][INFO] - parameters: Parameter containing:
tensor([[ 0.0158, -0.0297, -0.0677, -0.0315, -0.0804, -0.0243, -0.0943,  0.0608,
         -0.0240, -0.0477]], requires_grad=True)
[2023-01-19 18:55:30,278][__main__][INFO] - scores: tensor([[25.0625, 25.4219, 24.2969, 23.2344, 24.4844]], device='cuda:0',
       dtype=torch.float16, grad_fn=<MmBackward>)
[2023-01-19 18:55:30,437][__main__][INFO] - parameters: Parameter containing:
tensor([[ 0.0150, -0.0289, -0.0700, -0.0299, -0.0825, -0.0231, -0.0953,  0.0563,
         -0.0230, -0.0468]], requires_grad=True)
[2023-01-19 18:55:30,439][__main__][INFO] - scores: tensor([[25.0000, 25.4062, 24.2812, 23.2188, 24.4375]], device='cuda:0',
       dtype=torch.float16, grad_fn=<MmBackward>)
[2023-01-19 18:55:30,591][__main__][INFO] - parameters: Parameter containing:
tensor([[ 0.0156, -0.0295, -0.0723, -0.0298, -0.0857, -0.0224, -0.0969,  0.0531,
         -0.0220, -0.0453]], requires_grad=True)
[2023-01-19 18:55:30,592][__main__][INFO] - scores: tensor([[25.0156, 25.4219, 24.2969, 23.2344, 24.4531]], device='cuda:0',
       dtype=torch.float16, grad_fn=<MmBackward>)
[2023-01-19 18:55:30,754][__main__][INFO] - parameters: Parameter containing:
tensor([[ 0.0170, -0.0298, -0.0737, -0.0303, -0.0886, -0.0217, -0.0981,  0.0511,
         -0.0211, -0.0435]], requires_grad=True)
[2023-01-19 18:55:30,755][__main__][INFO] - scores: tensor([[25.0156, 25.4062, 24.2812, 23.2188, 24.4531]], device='cuda:0',
       dtype=torch.float16, grad_fn=<MmBackward>)
[2023-01-19 18:55:30,916][__main__][INFO] - parameters: Parameter containing:
tensor([[ 0.0183, -0.0291, -0.0736, -0.0318, -0.0911, -0.0216, -0.0989,  0.0507,
         -0.0199, -0.0411]], requires_grad=True)
[2023-01-19 18:55:30,917][__main__][INFO] - scores: tensor([[25.0625, 25.4375, 24.3281, 23.2500, 24.4688]], device='cuda:0',
       dtype=torch.float16, grad_fn=<MmBackward>)
[2023-01-19 18:55:31,076][__main__][INFO] - parameters: Parameter containing:
tensor([[ 0.0174, -0.0273, -0.0742, -0.0327, -0.0917, -0.0198, -0.0991,  0.0517,
         -0.0195, -0.0381]], requires_grad=True)
[2023-01-19 18:55:31,077][__main__][INFO] - scores: tensor([[25.0625, 25.4219, 24.3125, 23.2344, 24.4844]], device='cuda:0',
       dtype=torch.float16, grad_fn=<MmBackward>)
[2023-01-19 18:55:31,243][__main__][INFO] - parameters: Parameter containing:
tensor([[ 0.0155, -0.0256, -0.0747, -0.0339, -0.0914, -0.0176, -0.0990,  0.0534,
         -0.0192, -0.0346]], requires_grad=True)
[2023-01-19 18:55:31,244][__main__][INFO] - scores: tensor([[25.0625, 25.4375, 24.3281, 23.2344, 24.4688]], device='cuda:0',
       dtype=torch.float16, grad_fn=<MmBackward>)
[2023-01-19 18:55:31,411][__main__][INFO] - parameters: Parameter containing:
tensor([[ 0.0158, -0.0240, -0.0727, -0.0354, -0.0913, -0.0166, -0.0976,  0.0540,
         -0.0172, -0.0321]], requires_grad=True)
[2023-01-19 18:55:31,413][__main__][INFO] - scores: tensor([[25.0469, 25.4219, 24.3281, 23.2500, 24.4688]], device='cuda:0',
       dtype=torch.float16, grad_fn=<MmBackward>)
[2023-01-19 18:55:31,582][__main__][INFO] - parameters: Parameter containing:
tensor([[ 0.0166, -0.0252, -0.0716, -0.0385, -0.0920, -0.0157, -0.0971,  0.0539,
         -0.0149, -0.0289]], requires_grad=True)
[2023-01-19 18:55:31,583][__main__][INFO] - scores: tensor([[25.0156, 25.4062, 24.2812, 23.2344, 24.4531]], device='cuda:0',
       dtype=torch.float16, grad_fn=<MmBackward>)
[2023-01-19 18:55:31,747][__main__][INFO] - parameters: Parameter containing:
tensor([[ 0.0165, -0.0279, -0.0718, -0.0405, -0.0920, -0.0141, -0.0966,  0.0515,
         -0.0119, -0.0268]], requires_grad=True)
[2023-01-19 18:55:31,748][__main__][INFO] - scores: tensor([[25.0625, 25.4375, 24.3281, 23.2500, 24.4844]], device='cuda:0',
       dtype=torch.float16, grad_fn=<MmBackward>)
[2023-01-19 18:55:31,897][__main__][INFO] - parameters: Parameter containing:
tensor([[ 0.0162, -0.0296, -0.0716, -0.0408, -0.0910, -0.0121, -0.0950,  0.0473,
         -0.0086, -0.0256]], requires_grad=True)
[2023-01-19 18:55:31,898][__main__][INFO] - scores: tensor([[25.0781, 25.4219, 24.3125, 23.2500, 24.5000]], device='cuda:0',
       dtype=torch.float16, grad_fn=<MmBackward>)
[2023-01-19 18:55:32,059][__main__][INFO] - parameters: Parameter containing:
tensor([[ 0.0163, -0.0311, -0.0720, -0.0406, -0.0904, -0.0104, -0.0936,  0.0428,
         -0.0058, -0.0249]], requires_grad=True)
[2023-01-19 18:55:32,061][__main__][INFO] - scores: tensor([[25.0625, 25.4375, 24.3281, 23.2500, 24.4844]], device='cuda:0',
       dtype=torch.float16, grad_fn=<MmBackward>)
[2023-01-19 18:55:32,217][__main__][INFO] - parameters: Parameter containing:
tensor([[ 0.0164, -0.0336, -0.0741, -0.0409, -0.0909, -0.0095, -0.0932,  0.0378,
         -0.0040, -0.0252]], requires_grad=True)
[2023-01-19 18:55:32,218][__main__][INFO] - scores: tensor([[25.0469, 25.4219, 24.3125, 23.2500, 24.4844]], device='cuda:0',
       dtype=torch.float16, grad_fn=<MmBackward>)
[2023-01-19 18:55:32,392][__main__][INFO] - parameters: Parameter containing:
tensor([[ 0.0129, -0.0407, -0.0799, -0.0399, -0.0914, -0.0068, -0.0932,  0.0301,
          0.0026, -0.0213]], requires_grad=True)
[2023-01-19 18:55:32,392][__main__][INFO] - scores: tensor([[25.0469, 25.4219, 24.3125, 23.2500, 24.4844]], device='cuda:0',
       dtype=torch.float16, grad_fn=<MmBackward>)
[2023-01-19 18:55:32,542][__main__][INFO] - parameters: Parameter containing:
tensor([[ 0.0133, -0.0460, -0.0820, -0.0389, -0.0935, -0.0066, -0.0933,  0.0227,
          0.0092, -0.0203]], requires_grad=True)
[2023-01-19 18:55:32,543][__main__][INFO] - scores: tensor([[25.0312, 25.4375, 24.3281, 23.2500, 24.4688]], device='cuda:0',
       dtype=torch.float16, grad_fn=<MmBackward>)
[2023-01-19 18:55:32,713][__main__][INFO] - parameters: Parameter containing:
tensor([[ 0.0157, -0.0499, -0.0821, -0.0378, -0.0960, -0.0082, -0.0932,  0.0154,
          0.0152, -0.0224]], requires_grad=True)
[2023-01-19 18:55:32,714][__main__][INFO] - scores: tensor([[25.0312, 25.4219, 24.3281, 23.2500, 24.4688]], device='cuda:0',
       dtype=torch.float16, grad_fn=<MmBackward>)
[2023-01-19 18:55:32,889][__main__][INFO] - parameters: Parameter containing:
tensor([[ 0.0194, -0.0526, -0.0806, -0.0385, -0.1000, -0.0122, -0.0937,  0.0087,
          0.0206, -0.0261]], requires_grad=True)
[2023-01-19 18:55:32,891][__main__][INFO] - scores: tensor([[25.0469, 25.4219, 24.3125, 23.2344, 24.4844]], device='cuda:0',
       dtype=torch.float16, grad_fn=<MmBackward>)
[2023-01-19 18:55:33,051][__main__][INFO] - parameters: Parameter containing:
tensor([[ 0.0233, -0.0556, -0.0797, -0.0418, -0.1043, -0.0171, -0.0961,  0.0022,
          0.0244, -0.0302]], requires_grad=True)
[2023-01-19 18:55:33,052][__main__][INFO] - scores: tensor([[25.0625, 25.4375, 24.3281, 23.2344, 24.4844]], device='cuda:0',
       dtype=torch.float16, grad_fn=<MmBackward>)
[2023-01-19 18:55:33,203][__main__][INFO] - parameters: Parameter containing:
tensor([[ 0.0257, -0.0578, -0.0803, -0.0453, -0.1070, -0.0206, -0.0983, -0.0027,
          0.0258, -0.0334]], requires_grad=True)
[2023-01-19 18:55:33,204][__main__][INFO] - scores: tensor([[25.0781, 25.4375, 24.3438, 23.2344, 24.4688]], device='cuda:0',
       dtype=torch.float16, grad_fn=<MmBackward>)
[2023-01-19 18:55:33,367][__main__][INFO] - parameters: Parameter containing:
tensor([[ 0.0259, -0.0612, -0.0833, -0.0508, -0.1083, -0.0234, -0.0999, -0.0066,
          0.0256, -0.0355]], requires_grad=True)
[2023-01-19 18:55:33,368][__main__][INFO] - scores: tensor([[25.0781, 25.4375, 24.3438, 23.2344, 24.4688]], device='cuda:0',
       dtype=torch.float16, grad_fn=<MmBackward>)
[2023-01-19 18:55:33,518][__main__][INFO] - parameters: Parameter containing:
tensor([[ 0.0243, -0.0645, -0.0878, -0.0564, -0.1080, -0.0253, -0.1001, -0.0106,
          0.0245, -0.0378]], requires_grad=True)
[2023-01-19 18:55:33,519][__main__][INFO] - scores: tensor([[25.0469, 25.4375, 24.3438, 23.2344, 24.4688]], device='cuda:0',
       dtype=torch.float16, grad_fn=<MmBackward>)
[2023-01-19 18:55:33,699][__main__][INFO] - parameters: Parameter containing:
tensor([[ 0.0223, -0.0676, -0.0924, -0.0619, -0.1068, -0.0272, -0.0987, -0.0153,
          0.0231, -0.0403]], requires_grad=True)
[2023-01-19 18:55:33,701][__main__][INFO] - scores: tensor([[25.0469, 25.4375, 24.3438, 23.2344, 24.4688]], device='cuda:0',
       dtype=torch.float16, grad_fn=<MmBackward>)
[2023-01-19 18:55:33,857][__main__][INFO] - parameters: Parameter containing:
tensor([[ 0.0209, -0.0698, -0.0953, -0.0668, -0.1058, -0.0292, -0.0970, -0.0187,
          0.0228, -0.0417]], requires_grad=True)
[2023-01-19 18:55:33,858][__main__][INFO] - scores: tensor([[25.0469, 25.4375, 24.3281, 23.2500, 24.4844]], device='cuda:0',
       dtype=torch.float16, grad_fn=<MmBackward>)
[2023-01-19 18:55:34,010][__main__][INFO] - parameters: Parameter containing:
tensor([[ 0.0199, -0.0717, -0.0973, -0.0711, -0.1050, -0.0311, -0.0947, -0.0217,
          0.0234, -0.0422]], requires_grad=True)
[2023-01-19 18:55:34,011][__main__][INFO] - scores: tensor([[25.0312, 25.4062, 24.3125, 23.2812, 24.5000]], device='cuda:0',
       dtype=torch.float16, grad_fn=<MmBackward>)
[2023-01-19 18:55:34,179][__main__][INFO] - parameters: Parameter containing:
tensor([[ 0.0191, -0.0731, -0.0985, -0.0759, -0.1042, -0.0330, -0.0918, -0.0230,
          0.0238, -0.0416]], requires_grad=True)
[2023-01-19 18:55:34,181][__main__][INFO] - scores: tensor([[25.0312, 25.4062, 24.3125, 23.2656, 24.5156]], device='cuda:0',
       dtype=torch.float16, grad_fn=<MmBackward>)
[2023-01-19 18:55:34,340][__main__][INFO] - parameters: Parameter containing:
tensor([[ 0.0189, -0.0736, -0.0982, -0.0801, -0.1029, -0.0357, -0.0872, -0.0241,
          0.0250, -0.0407]], requires_grad=True)
[2023-01-19 18:55:34,341][__main__][INFO] - scores: tensor([[25.0156, 25.3906, 24.2969, 23.2500, 24.5000]], device='cuda:0',
       dtype=torch.float16, grad_fn=<MmBackward>)
[2023-01-19 18:55:34,491][__main__][INFO] - parameters: Parameter containing:
tensor([[ 0.0184, -0.0735, -0.0974, -0.0831, -0.1007, -0.0383, -0.0816, -0.0253,
          0.0262, -0.0395]], requires_grad=True)
[2023-01-19 18:55:34,492][__main__][INFO] - scores: tensor([[25.0156, 25.3750, 24.2969, 23.2656, 24.5000]], device='cuda:0',
       dtype=torch.float16, grad_fn=<MmBackward>)
[2023-01-19 18:55:34,649][__main__][INFO] - parameters: Parameter containing:
tensor([[ 0.0178, -0.0723, -0.0956, -0.0853, -0.0975, -0.0410, -0.0745, -0.0257,
          0.0278, -0.0376]], requires_grad=True)
[2023-01-19 18:55:34,650][__main__][INFO] - scores: tensor([[25.0156, 25.3906, 24.2969, 23.2656, 24.5000]], device='cuda:0',
       dtype=torch.float16, grad_fn=<MmBackward>)
[2023-01-19 18:55:34,808][__main__][INFO] - parameters: Parameter containing:
tensor([[ 0.0174, -0.0701, -0.0928, -0.0878, -0.0943, -0.0441, -0.0669, -0.0244,
          0.0289, -0.0348]], requires_grad=True)
[2023-01-19 18:55:34,810][__main__][INFO] - scores: tensor([[25.0312, 25.4062, 24.2969, 23.2656, 24.5156]], device='cuda:0',
       dtype=torch.float16, grad_fn=<MmBackward>)
[2023-01-19 18:55:34,987][__main__][INFO] - parameters: Parameter containing:
tensor([[ 0.0164, -0.0678, -0.0900, -0.0897, -0.0915, -0.0473, -0.0596, -0.0232,
          0.0306, -0.0325]], requires_grad=True)
[2023-01-19 18:55:34,988][__main__][INFO] - scores: tensor([[25.0312, 25.4062, 24.2656, 23.3125, 24.5312]], device='cuda:0',
       dtype=torch.float16, grad_fn=<MmBackward>)
[2023-01-19 18:55:35,153][__main__][INFO] - parameters: Parameter containing:
tensor([[ 0.0158, -0.0648, -0.0861, -0.0915, -0.0872, -0.0505, -0.0514, -0.0237,
          0.0317, -0.0315]], requires_grad=True)
[2023-01-19 18:55:35,154][__main__][INFO] - scores: tensor([[24.9688, 25.3906, 24.2656, 23.2812, 24.4844]], device='cuda:0',
       dtype=torch.float16, grad_fn=<MmBackward>)
[2023-01-19 18:55:35,320][__main__][INFO] - parameters: Parameter containing:
tensor([[ 0.0157, -0.0617, -0.0821, -0.0918, -0.0820, -0.0530, -0.0432, -0.0248,
          0.0324, -0.0312]], requires_grad=True)
[2023-01-19 18:55:35,321][__main__][INFO] - scores: tensor([[24.9844, 25.4062, 24.2656, 23.2812, 24.5000]], device='cuda:0',
       dtype=torch.float16, grad_fn=<MmBackward>)
[2023-01-19 18:55:35,478][__main__][INFO] - parameters: Parameter containing:
tensor([[ 0.0154, -0.0588, -0.0795, -0.0912, -0.0762, -0.0544, -0.0356, -0.0254,
          0.0313, -0.0317]], requires_grad=True)
[2023-01-19 18:55:35,479][__main__][INFO] - scores: tensor([[24.9844, 25.4062, 24.2500, 23.2656, 24.5000]], device='cuda:0',
       dtype=torch.float16, grad_fn=<MmBackward>)
[2023-01-19 18:55:35,627][__main__][INFO] - parameters: Parameter containing:
tensor([[ 0.0145, -0.0570, -0.0791, -0.0895, -0.0712, -0.0549, -0.0295, -0.0258,
          0.0292, -0.0325]], requires_grad=True)
[2023-01-19 18:55:35,627][__main__][INFO] - scores: tensor([[24.9375, 25.3750, 24.1875, 23.2812, 24.4375]], device='cuda:0',
       dtype=torch.float16, grad_fn=<MmBackward>)
[2023-01-19 18:55:35,795][__main__][INFO] - parameters: Parameter containing:
tensor([[ 0.0138, -0.0552, -0.0798, -0.0874, -0.0677, -0.0561, -0.0249, -0.0255,
          0.0259, -0.0336]], requires_grad=True)
[2023-01-19 18:55:35,796][__main__][INFO] - scores: tensor([[24.9375, 25.3750, 24.2031, 23.2812, 24.4375]], device='cuda:0',
       dtype=torch.float16, grad_fn=<MmBackward>)
[2023-01-19 18:55:35,949][__main__][INFO] - parameters: Parameter containing:
tensor([[ 0.0135, -0.0539, -0.0811, -0.0850, -0.0659, -0.0578, -0.0213, -0.0251,
          0.0220, -0.0347]], requires_grad=True)
[2023-01-19 18:55:35,950][__main__][INFO] - scores: tensor([[24.9219, 25.3594, 24.1875, 23.2656, 24.4375]], device='cuda:0',
       dtype=torch.float16, grad_fn=<MmBackward>)
[2023-01-19 18:55:36,111][__main__][INFO] - parameters: Parameter containing:
tensor([[ 0.0136, -0.0535, -0.0834, -0.0821, -0.0659, -0.0600, -0.0191, -0.0249,
          0.0183, -0.0362]], requires_grad=True)
[2023-01-19 18:55:36,112][__main__][INFO] - scores: tensor([[24.9375, 25.3750, 24.1875, 23.2656, 24.4375]], device='cuda:0',
       dtype=torch.float16, grad_fn=<MmBackward>)
[2023-01-19 18:55:36,280][__main__][INFO] - parameters: Parameter containing:
tensor([[ 0.0138, -0.0542, -0.0866, -0.0799, -0.0674, -0.0631, -0.0182, -0.0253,
          0.0146, -0.0380]], requires_grad=True)
[2023-01-19 18:55:36,281][__main__][INFO] - scores: tensor([[24.9375, 25.3750, 24.1875, 23.2656, 24.4375]], device='cuda:0',
       dtype=torch.float16, grad_fn=<MmBackward>)
[2023-01-19 18:55:36,450][__main__][INFO] - parameters: Parameter containing:
tensor([[ 0.0146, -0.0554, -0.0896, -0.0790, -0.0696, -0.0667, -0.0180, -0.0255,
          0.0109, -0.0394]], requires_grad=True)
[2023-01-19 18:55:36,451][__main__][INFO] - scores: tensor([[24.9844, 25.4062, 24.2656, 23.2656, 24.5000]], device='cuda:0',
       dtype=torch.float16, grad_fn=<MmBackward>)
[2023-01-19 18:55:36,607][__main__][INFO] - parameters: Parameter containing:
tensor([[ 0.0164, -0.0561, -0.0913, -0.0790, -0.0724, -0.0713, -0.0178, -0.0247,
          0.0076, -0.0403]], requires_grad=True)
[2023-01-19 18:55:36,608][__main__][INFO] - scores: tensor([[25.0000, 25.4062, 24.2969, 23.2031, 24.4844]], device='cuda:0',
       dtype=torch.float16, grad_fn=<MmBackward>)
[2023-01-19 18:55:36,756][__main__][INFO] - parameters: Parameter containing:
tensor([[ 0.0190, -0.0563, -0.0923, -0.0783, -0.0747, -0.0759, -0.0170, -0.0236,
          0.0044, -0.0410]], requires_grad=True)
[2023-01-19 18:55:36,757][__main__][INFO] - scores: tensor([[24.9688, 25.3750, 24.2969, 23.2031, 24.4688]], device='cuda:0',
       dtype=torch.float16, grad_fn=<MmBackward>)
[2023-01-19 18:55:36,929][__main__][INFO] - parameters: Parameter containing:
tensor([[ 0.0207, -0.0570, -0.0937, -0.0774, -0.0759, -0.0791, -0.0163, -0.0228,
          0.0015, -0.0412]], requires_grad=True)
[2023-01-19 18:55:36,930][__main__][INFO] - scores: tensor([[25.0000, 25.3906, 24.3125, 23.2031, 24.4844]], device='cuda:0',
       dtype=torch.float16, grad_fn=<MmBackward>)
[2023-01-19 18:55:37,095][__main__][INFO] - parameters: Parameter containing:
tensor([[ 0.0207, -0.0580, -0.0960, -0.0756, -0.0754, -0.0804, -0.0152, -0.0228,
         -0.0013, -0.0415]], requires_grad=True)
[2023-01-19 18:55:37,096][__main__][INFO] - scores: tensor([[25.0156, 25.4219, 24.3281, 23.2031, 24.4844]], device='cuda:0',
       dtype=torch.float16, grad_fn=<MmBackward>)
[2023-01-19 18:55:37,246][__main__][INFO] - parameters: Parameter containing:
tensor([[ 0.0197, -0.0594, -0.0985, -0.0734, -0.0737, -0.0807, -0.0133, -0.0234,
         -0.0031, -0.0415]], requires_grad=True)
[2023-01-19 18:55:37,247][__main__][INFO] - scores: tensor([[25.0156, 25.4219, 24.3281, 23.2031, 24.4688]], device='cuda:0',
       dtype=torch.float16, grad_fn=<MmBackward>)
[2023-01-19 18:55:37,443][__main__][INFO] - parameters: Parameter containing:
tensor([[ 0.0191, -0.0600, -0.0994, -0.0719, -0.0716, -0.0813, -0.0105, -0.0230,
         -0.0041, -0.0407]], requires_grad=True)
[2023-01-19 18:55:37,444][__main__][INFO] - scores: tensor([[25.0156, 25.4219, 24.3281, 23.2188, 24.4844]], device='cuda:0',
       dtype=torch.float16, grad_fn=<MmBackward>)
[2023-01-19 18:55:37,602][__main__][INFO] - parameters: Parameter containing:
tensor([[ 0.0196, -0.0598, -0.0982, -0.0711, -0.0695, -0.0826, -0.0064, -0.0211,
         -0.0041, -0.0393]], requires_grad=True)
[2023-01-19 18:55:37,603][__main__][INFO] - scores: tensor([[25.0156, 25.4219, 24.3281, 23.2031, 24.4844]], device='cuda:0',
       dtype=torch.float16, grad_fn=<MmBackward>)
[2023-01-19 18:55:37,760][__main__][INFO] - parameters: Parameter containing:
tensor([[ 0.0206, -0.0590, -0.0957, -0.0699, -0.0670, -0.0840, -0.0016, -0.0193,
         -0.0027, -0.0379]], requires_grad=True)
[2023-01-19 18:55:37,762][__main__][INFO] - scores: tensor([[25.0312, 25.4219, 24.3281, 23.2031, 24.4844]], device='cuda:0',
       dtype=torch.float16, grad_fn=<MmBackward>)
[2023-01-19 18:55:37,932][__main__][INFO] - parameters: Parameter containing:
tensor([[ 0.0207, -0.0593, -0.0938, -0.0694, -0.0647, -0.0851,  0.0019, -0.0179,
         -0.0007, -0.0362]], requires_grad=True)
[2023-01-19 18:55:37,933][__main__][INFO] - scores: tensor([[25.0312, 25.4375, 24.3438, 23.2188, 24.4844]], device='cuda:0',
       dtype=torch.float16, grad_fn=<MmBackward>)
[2023-01-19 18:55:38,087][__main__][INFO] - parameters: Parameter containing:
tensor([[ 0.0200, -0.0602, -0.0929, -0.0686, -0.0628, -0.0859,  0.0042, -0.0174,
          0.0014, -0.0349]], requires_grad=True)
[2023-01-19 18:55:38,088][__main__][INFO] - scores: tensor([[25.0312, 25.4375, 24.3438, 23.2188, 24.4844]], device='cuda:0',
       dtype=torch.float16, grad_fn=<MmBackward>)
[2023-01-19 18:55:38,238][__main__][INFO] - parameters: Parameter containing:
tensor([[ 0.0192, -0.0618, -0.0925, -0.0681, -0.0617, -0.0872,  0.0052, -0.0180,
          0.0036, -0.0345]], requires_grad=True)
[2023-01-19 18:55:38,239][__main__][INFO] - scores: tensor([[25.0156, 25.4375, 24.3281, 23.2188, 24.4844]], device='cuda:0',
       dtype=torch.float16, grad_fn=<MmBackward>)
[2023-01-19 18:55:38,393][__main__][INFO] - parameters: Parameter containing:
tensor([[ 0.0191, -0.0634, -0.0921, -0.0674, -0.0614, -0.0889,  0.0049, -0.0187,
          0.0057, -0.0342]], requires_grad=True)
[2023-01-19 18:55:38,393][__main__][INFO] - scores: tensor([[25.0156, 25.4219, 24.3281, 23.2188, 24.4844]], device='cuda:0',
       dtype=torch.float16, grad_fn=<MmBackward>)
[2023-01-19 18:55:38,553][__main__][INFO] - parameters: Parameter containing:
tensor([[ 0.0192, -0.0646, -0.0914, -0.0666, -0.0614, -0.0908,  0.0042, -0.0191,
          0.0074, -0.0340]], requires_grad=True)
[2023-01-19 18:55:38,553][__main__][INFO] - scores: tensor([[25.0312, 25.4375, 24.3281, 23.2188, 24.4844]], device='cuda:0',
       dtype=torch.float16, grad_fn=<MmBackward>)
[2023-01-19 18:55:38,706][__main__][INFO] - parameters: Parameter containing:
tensor([[ 0.0195, -0.0654, -0.0910, -0.0656, -0.0615, -0.0927,  0.0033, -0.0192,
          0.0082, -0.0342]], requires_grad=True)
[2023-01-19 18:55:38,707][__main__][INFO] - scores: tensor([[25.0156, 25.4219, 24.3281, 23.2188, 24.4844]], device='cuda:0',
       dtype=torch.float16, grad_fn=<MmBackward>)
[2023-01-19 18:55:38,865][__main__][INFO] - parameters: Parameter containing:
tensor([[ 0.0189, -0.0656, -0.0913, -0.0645, -0.0612, -0.0942,  0.0021, -0.0187,
          0.0078, -0.0345]], requires_grad=True)
[2023-01-19 18:55:38,866][__main__][INFO] - scores: tensor([[25.0312, 25.4219, 24.3281, 23.2188, 24.4844]], device='cuda:0',
       dtype=torch.float16, grad_fn=<MmBackward>)
[2023-01-19 18:55:39,041][__main__][INFO] - parameters: Parameter containing:
tensor([[ 0.0184, -0.0654, -0.0918, -0.0635, -0.0608, -0.0957,  0.0008, -0.0178,
          0.0068, -0.0349]], requires_grad=True)
[2023-01-19 18:55:39,042][__main__][INFO] - scores: tensor([[25.0312, 25.4219, 24.3281, 23.2188, 24.4844]], device='cuda:0',
       dtype=torch.float16, grad_fn=<MmBackward>)
[2023-01-19 18:55:39,195][__main__][INFO] - parameters: Parameter containing:
tensor([[ 0.0183, -0.0652, -0.0921, -0.0629, -0.0609, -0.0976, -0.0006, -0.0163,
          0.0054, -0.0351]], requires_grad=True)
[2023-01-19 18:55:39,196][__main__][INFO] - scores: tensor([[25.0312, 25.4219, 24.3281, 23.2188, 24.4844]], device='cuda:0',
       dtype=torch.float16, grad_fn=<MmBackward>)
[2023-01-19 18:55:39,362][__main__][INFO] - parameters: Parameter containing:
tensor([[ 0.0185, -0.0647, -0.0921, -0.0630, -0.0613, -0.0998, -0.0019, -0.0138,
          0.0040, -0.0348]], requires_grad=True)
[2023-01-19 18:55:39,363][__main__][INFO] - scores: tensor([[25.0156, 25.4219, 24.3125, 23.2188, 24.4688]], device='cuda:0',
       dtype=torch.float16, grad_fn=<MmBackward>)
[2023-01-19 18:55:39,512][__main__][INFO] - parameters: Parameter containing:
tensor([[ 0.0184, -0.0642, -0.0922, -0.0629, -0.0615, -0.1019, -0.0032, -0.0108,
          0.0023, -0.0342]], requires_grad=True)
[2023-01-19 18:55:39,513][__main__][INFO] - scores: tensor([[24.9844, 25.3906, 24.2969, 23.2031, 24.4531]], device='cuda:0',
       dtype=torch.float16, grad_fn=<MmBackward>)
[2023-01-19 18:55:39,677][__main__][INFO] - parameters: Parameter containing:
tensor([[ 0.0179, -0.0634, -0.0922, -0.0627, -0.0612, -0.1033, -0.0040, -0.0071,
          0.0008, -0.0330]], requires_grad=True)
[2023-01-19 18:55:39,678][__main__][INFO] - scores: tensor([[25.0156, 25.4062, 24.3125, 23.2031, 24.4375]], device='cuda:0',
       dtype=torch.float16, grad_fn=<MmBackward>)
[2023-01-19 18:55:39,849][__main__][INFO] - parameters: Parameter containing:
tensor([[ 0.0167, -0.0633, -0.0927, -0.0630, -0.0610, -0.1042, -0.0053, -0.0027,
         -0.0007, -0.0314]], requires_grad=True)
[2023-01-19 18:55:39,851][__main__][INFO] - scores: tensor([[25.0156, 25.4219, 24.3281, 23.2188, 24.4531]], device='cuda:0',
       dtype=torch.float16, grad_fn=<MmBackward>)
[2023-01-19 18:55:40,023][__main__][INFO] - parameters: Parameter containing:
tensor([[ 0.0165, -0.0634, -0.0926, -0.0629, -0.0605, -0.1052, -0.0063,  0.0012,
         -0.0016, -0.0304]], requires_grad=True)
[2023-01-19 18:55:40,024][__main__][INFO] - scores: tensor([[25.0000, 25.4062, 24.2969, 23.2031, 24.4531]], device='cuda:0',
       dtype=torch.float16, grad_fn=<MmBackward>)
[2023-01-19 18:55:40,177][__main__][INFO] - parameters: Parameter containing:
tensor([[ 0.0168, -0.0636, -0.0924, -0.0626, -0.0599, -0.1060, -0.0071,  0.0046,
         -0.0022, -0.0300]], requires_grad=True)
[2023-01-19 18:55:40,178][__main__][INFO] - scores: tensor([[25.0156, 25.4219, 24.3125, 23.2188, 24.4688]], device='cuda:0',
       dtype=torch.float16, grad_fn=<MmBackward>)
[2023-01-19 18:55:40,324][__main__][INFO] - parameters: Parameter containing:
tensor([[ 0.0173, -0.0643, -0.0919, -0.0621, -0.0591, -0.1067, -0.0081,  0.0071,
         -0.0023, -0.0305]], requires_grad=True)
[2023-01-19 18:55:40,324][__main__][INFO] - scores: tensor([[25.0156, 25.4219, 24.3125, 23.2344, 24.4688]], device='cuda:0',
       dtype=torch.float16, grad_fn=<MmBackward>)
[2023-01-19 18:55:40,485][__main__][INFO] - parameters: Parameter containing:
tensor([[ 0.0172, -0.0653, -0.0917, -0.0612, -0.0578, -0.1066, -0.0090,  0.0084,
         -0.0018, -0.0317]], requires_grad=True)
[2023-01-19 18:55:40,486][__main__][INFO] - scores: tensor([[25.0156, 25.4219, 24.3125, 23.2344, 24.4688]], device='cuda:0',
       dtype=torch.float16, grad_fn=<MmBackward>)
[2023-01-19 18:55:40,663][__main__][INFO] - parameters: Parameter containing:
tensor([[ 0.0175, -0.0662, -0.0911, -0.0601, -0.0563, -0.1067, -0.0095,  0.0085,
         -0.0011, -0.0343]], requires_grad=True)
[2023-01-19 18:55:40,664][__main__][INFO] - scores: tensor([[25.0156, 25.4219, 24.3125, 23.2344, 24.4688]], device='cuda:0',
       dtype=torch.float16, grad_fn=<MmBackward>)
[2023-01-19 18:55:40,835][__main__][INFO] - parameters: Parameter containing:
tensor([[ 1.7900e-02, -6.7034e-02, -9.0221e-02, -5.8924e-02, -5.4772e-02,
         -1.0686e-01, -9.9586e-03,  7.9584e-03,  2.8910e-05, -3.7445e-02]],
       requires_grad=True)
[2023-01-19 18:55:40,836][__main__][INFO] - scores: tensor([[25.0156, 25.4062, 24.3125, 23.2188, 24.4688]], device='cuda:0',
       dtype=torch.float16, grad_fn=<MmBackward>)
[2023-01-19 18:55:40,992][__main__][INFO] - parameters: Parameter containing:
tensor([[ 0.0177, -0.0680, -0.0901, -0.0586, -0.0534, -0.1070, -0.0111,  0.0083,
          0.0004, -0.0402]], requires_grad=True)
[2023-01-19 18:55:40,993][__main__][INFO] - scores: tensor([[25.0000, 25.4062, 24.2969, 23.2188, 24.4531]], device='cuda:0',
       dtype=torch.float16, grad_fn=<MmBackward>)
[2023-01-19 18:55:41,150][__main__][INFO] - parameters: Parameter containing:
tensor([[ 0.0169, -0.0690, -0.0906, -0.0597, -0.0526, -0.1074, -0.0134,  0.0104,
         -0.0005, -0.0419]], requires_grad=True)
[2023-01-19 18:55:41,151][__main__][INFO] - scores: tensor([[25.0156, 25.4219, 24.3125, 23.2344, 24.4688]], device='cuda:0',
       dtype=torch.float16, grad_fn=<MmBackward>)
[2023-01-19 18:55:41,325][__main__][INFO] - parameters: Parameter containing:
tensor([[ 0.0172, -0.0689, -0.0901, -0.0595, -0.0510, -0.1076, -0.0142,  0.0117,
         -0.0013, -0.0439]], requires_grad=True)
[2023-01-19 18:55:41,326][__main__][INFO] - scores: tensor([[25.0156, 25.4219, 24.3125, 23.2188, 24.4688]], device='cuda:0',
       dtype=torch.float16, grad_fn=<MmBackward>)
[2023-01-19 18:55:41,485][__main__][INFO] - parameters: Parameter containing:
tensor([[ 0.0181, -0.0683, -0.0889, -0.0584, -0.0490, -0.1079, -0.0141,  0.0118,
         -0.0021, -0.0463]], requires_grad=True)
[2023-01-19 18:55:41,486][__main__][INFO] - scores: tensor([[25.0156, 25.4219, 24.3125, 23.2188, 24.4688]], device='cuda:0',
       dtype=torch.float16, grad_fn=<MmBackward>)
[2023-01-19 18:55:41,644][__main__][INFO] - parameters: Parameter containing:
tensor([[ 0.0179, -0.0684, -0.0890, -0.0581, -0.0481, -0.1077, -0.0159,  0.0132,
         -0.0031, -0.0475]], requires_grad=True)
[2023-01-19 18:55:41,645][__main__][INFO] - scores: tensor([[25.0156, 25.4219, 24.3125, 23.2188, 24.4688]], device='cuda:0',
       dtype=torch.float16, grad_fn=<MmBackward>)
[2023-01-19 18:55:41,811][__main__][INFO] - parameters: Parameter containing:
tensor([[ 0.0170, -0.0689, -0.0898, -0.0580, -0.0478, -0.1074, -0.0185,  0.0149,
         -0.0041, -0.0483]], requires_grad=True)
[2023-01-19 18:55:41,812][__main__][INFO] - scores: tensor([[25.0156, 25.4219, 24.3125, 23.2344, 24.4688]], device='cuda:0',
       dtype=torch.float16, grad_fn=<MmBackward>)
[2023-01-19 18:55:41,986][__main__][INFO] - parameters: Parameter containing:
tensor([[ 0.0170, -0.0691, -0.0899, -0.0575, -0.0474, -0.1075, -0.0202,  0.0154,
         -0.0048, -0.0495]], requires_grad=True)
[2023-01-19 18:55:41,988][__main__][INFO] - scores: tensor([[25.0000, 25.4062, 24.2969, 23.2031, 24.4531]], device='cuda:0',
       dtype=torch.float16, grad_fn=<MmBackward>)
[2023-01-19 18:55:42,147][__main__][INFO] - parameters: Parameter containing:
tensor([[ 0.0181, -0.0690, -0.0894, -0.0570, -0.0469, -0.1079, -0.0210,  0.0154,
         -0.0053, -0.0502]], requires_grad=True)
[2023-01-19 18:55:42,148][__main__][INFO] - scores: tensor([[25.0000, 25.4062, 24.3125, 23.2188, 24.4688]], device='cuda:0',
       dtype=torch.float16, grad_fn=<MmBackward>)
[2023-01-19 18:55:42,305][__main__][INFO] - parameters: Parameter containing:
tensor([[ 0.0190, -0.0692, -0.0885, -0.0576, -0.0470, -0.1090, -0.0218,  0.0156,
         -0.0048, -0.0502]], requires_grad=True)
[2023-01-19 18:55:42,306][__main__][INFO] - scores: tensor([[25.0156, 25.4219, 24.3281, 23.2500, 24.4844]], device='cuda:0',
       dtype=torch.float16, grad_fn=<MmBackward>)
[2023-01-19 18:55:42,457][__main__][INFO] - parameters: Parameter containing:
tensor([[ 0.0182, -0.0697, -0.0882, -0.0585, -0.0463, -0.1092, -0.0223,  0.0155,
         -0.0039, -0.0497]], requires_grad=True)
[2023-01-19 18:55:42,458][__main__][INFO] - scores: tensor([[25.0312, 25.4375, 24.3438, 23.2656, 24.4844]], device='cuda:0',
       dtype=torch.float16, grad_fn=<MmBackward>)
[2023-01-19 18:55:42,615][__main__][INFO] - parameters: Parameter containing:
tensor([[ 0.0168, -0.0699, -0.0883, -0.0591, -0.0451, -0.1091, -0.0225,  0.0154,
         -0.0032, -0.0490]], requires_grad=True)
[2023-01-19 18:55:42,616][__main__][INFO] - scores: tensor([[25.0312, 25.4375, 24.3438, 23.2500, 24.5000]], device='cuda:0',
       dtype=torch.float16, grad_fn=<MmBackward>)
[2023-01-19 18:55:42,763][__main__][INFO] - parameters: Parameter containing:
tensor([[ 0.0162, -0.0697, -0.0876, -0.0593, -0.0439, -0.1092, -0.0222,  0.0147,
         -0.0025, -0.0488]], requires_grad=True)
[2023-01-19 18:55:42,764][__main__][INFO] - scores: tensor([[25.0000, 25.3906, 24.2969, 23.2344, 24.4688]], device='cuda:0',
       dtype=torch.float16, grad_fn=<MmBackward>)
[2023-01-19 18:55:42,917][__main__][INFO] - parameters: Parameter containing:
tensor([[ 0.0165, -0.0692, -0.0866, -0.0584, -0.0424, -0.1094, -0.0213,  0.0131,
         -0.0018, -0.0493]], requires_grad=True)
[2023-01-19 18:55:42,918][__main__][INFO] - scores: tensor([[24.9844, 25.3750, 24.2812, 23.2344, 24.4688]], device='cuda:0',
       dtype=torch.float16, grad_fn=<MmBackward>)
[2023-01-19 18:55:43,072][__main__][INFO] - parameters: Parameter containing:
tensor([[ 0.0173, -0.0690, -0.0859, -0.0587, -0.0427, -0.1105, -0.0222,  0.0133,
         -0.0019, -0.0495]], requires_grad=True)
[2023-01-19 18:55:43,073][__main__][INFO] - scores: tensor([[24.9688, 25.3750, 24.2656, 23.2344, 24.4531]], device='cuda:0',
       dtype=torch.float16, grad_fn=<MmBackward>)
[2023-01-19 18:55:43,238][__main__][INFO] - parameters: Parameter containing:
tensor([[ 0.0171, -0.0697, -0.0869, -0.0596, -0.0437, -0.1108, -0.0251,  0.0149,
         -0.0031, -0.0490]], requires_grad=True)
[2023-01-19 18:55:43,239][__main__][INFO] - scores: tensor([[24.9844, 25.3906, 24.2969, 23.2344, 24.4688]], device='cuda:0',
       dtype=torch.float16, grad_fn=<MmBackward>)
[2023-01-19 18:55:43,387][__main__][INFO] - parameters: Parameter containing:
tensor([[ 0.0170, -0.0702, -0.0879, -0.0595, -0.0443, -0.1108, -0.0275,  0.0155,
         -0.0044, -0.0491]], requires_grad=True)
[2023-01-19 18:55:43,387][__main__][INFO] - scores: tensor([[24.9844, 25.3906, 24.2969, 23.2344, 24.4688]], device='cuda:0',
       dtype=torch.float16, grad_fn=<MmBackward>)
[2023-01-19 18:55:43,535][__main__][INFO] - parameters: Parameter containing:
tensor([[ 0.0177, -0.0698, -0.0879, -0.0587, -0.0443, -0.1108, -0.0286,  0.0157,
         -0.0055, -0.0499]], requires_grad=True)
[2023-01-19 18:55:43,536][__main__][INFO] - scores: tensor([[25.0000, 25.3906, 24.2969, 23.2344, 24.4688]], device='cuda:0',
       dtype=torch.float16, grad_fn=<MmBackward>)
[2023-01-19 18:55:43,691][__main__][INFO] - parameters: Parameter containing:
tensor([[ 0.0179, -0.0689, -0.0875, -0.0573, -0.0430, -0.1100, -0.0283,  0.0154,
         -0.0066, -0.0508]], requires_grad=True)
[2023-01-19 18:55:43,692][__main__][INFO] - scores: tensor([[25.0156, 25.4062, 24.3281, 23.2500, 24.5000]], device='cuda:0',
       dtype=torch.float16, grad_fn=<MmBackward>)
[2023-01-19 18:55:43,849][__main__][INFO] - parameters: Parameter containing:
tensor([[ 0.0172, -0.0684, -0.0877, -0.0564, -0.0415, -0.1088, -0.0282,  0.0154,
         -0.0072, -0.0513]], requires_grad=True)
[2023-01-19 18:55:43,850][__main__][INFO] - scores: tensor([[25.0312, 25.4375, 24.3438, 23.2500, 24.4844]], device='cuda:0',
       dtype=torch.float16, grad_fn=<MmBackward>)
[2023-01-19 18:55:44,024][__main__][INFO] - parameters: Parameter containing:
tensor([[ 0.0165, -0.0686, -0.0879, -0.0552, -0.0400, -0.1076, -0.0281,  0.0148,
         -0.0071, -0.0521]], requires_grad=True)
[2023-01-19 18:55:44,025][__main__][INFO] - scores: tensor([[25.0000, 25.3906, 24.2969, 23.2344, 24.4844]], device='cuda:0',
       dtype=torch.float16, grad_fn=<MmBackward>)
[2023-01-19 18:55:44,190][__main__][INFO] - parameters: Parameter containing:
tensor([[ 0.0160, -0.0694, -0.0888, -0.0557, -0.0398, -0.1068, -0.0297,  0.0155,
         -0.0078, -0.0520]], requires_grad=True)
[2023-01-19 18:55:44,191][__main__][INFO] - scores: tensor([[24.9844, 25.3906, 24.2812, 23.2344, 24.4688]], device='cuda:0',
       dtype=torch.float16, grad_fn=<MmBackward>)
[2023-01-19 18:55:44,360][__main__][INFO] - parameters: Parameter containing:
tensor([[ 0.0173, -0.0695, -0.0880, -0.0552, -0.0395, -0.1069, -0.0300,  0.0157,
         -0.0075, -0.0524]], requires_grad=True)
[2023-01-19 18:55:44,361][__main__][INFO] - scores: tensor([[24.9844, 25.3750, 24.2812, 23.2344, 24.4688]], device='cuda:0',
       dtype=torch.float16, grad_fn=<MmBackward>)
[2023-01-19 18:55:44,519][__main__][INFO] - parameters: Parameter containing:
tensor([[ 0.0186, -0.0696, -0.0871, -0.0545, -0.0392, -0.1070, -0.0302,  0.0158,
         -0.0070, -0.0531]], requires_grad=True)
[2023-01-19 18:55:44,520][__main__][INFO] - scores: tensor([[24.9844, 25.3906, 24.2969, 23.2344, 24.4688]], device='cuda:0',
       dtype=torch.float16, grad_fn=<MmBackward>)
[2023-01-19 18:55:44,673][__main__][INFO] - parameters: Parameter containing:
tensor([[ 0.0190, -0.0709, -0.0872, -0.0567, -0.0404, -0.1082, -0.0322,  0.0171,
         -0.0068, -0.0531]], requires_grad=True)
[2023-01-19 18:55:44,674][__main__][INFO] - scores: tensor([[25.0312, 25.4375, 24.3594, 23.2500, 24.5156]], device='cuda:0',
       dtype=torch.float16, grad_fn=<MmBackward>)
[2023-01-19 18:55:44,813][__main__][INFO] - parameters: Parameter containing:
tensor([[ 0.0177, -0.0721, -0.0879, -0.0599, -0.0408, -0.1091, -0.0339,  0.0188,
         -0.0067, -0.0525]], requires_grad=True)
[2023-01-19 18:55:44,814][__main__][INFO] - scores: tensor([[25.0312, 25.4219, 24.3438, 23.2500, 24.5156]], device='cuda:0',
       dtype=torch.float16, grad_fn=<MmBackward>)
[2023-01-19 18:55:44,974][__main__][INFO] - parameters: Parameter containing:
tensor([[ 0.0168, -0.0727, -0.0880, -0.0622, -0.0403, -0.1099, -0.0342,  0.0196,
         -0.0066, -0.0525]], requires_grad=True)
[2023-01-19 18:55:44,974][__main__][INFO] - scores: tensor([[25.0156, 25.4062, 24.3125, 23.2500, 24.4844]], device='cuda:0',
       dtype=torch.float16, grad_fn=<MmBackward>)
[2023-01-19 18:55:45,121][__main__][INFO] - parameters: Parameter containing:
tensor([[ 0.0167, -0.0725, -0.0876, -0.0635, -0.0394, -0.1106, -0.0341,  0.0198,
         -0.0066, -0.0531]], requires_grad=True)
[2023-01-19 18:55:45,122][__main__][INFO] - scores: tensor([[25.0156, 25.4062, 24.3281, 23.2500, 24.5000]], device='cuda:0',
       dtype=torch.float16, grad_fn=<MmBackward>)
[2023-01-19 18:55:45,278][__main__][INFO] - parameters: Parameter containing:
tensor([[ 0.0174, -0.0718, -0.0870, -0.0635, -0.0383, -0.1115, -0.0334,  0.0191,
         -0.0072, -0.0544]], requires_grad=True)
[2023-01-19 18:55:45,279][__main__][INFO] - scores: tensor([[25.0000, 25.3906, 24.3125, 23.2344, 24.4844]], device='cuda:0',
       dtype=torch.float16, grad_fn=<MmBackward>)
[2023-01-19 18:55:45,425][__main__][INFO] - parameters: Parameter containing:
tensor([[ 0.0188, -0.0707, -0.0858, -0.0633, -0.0373, -0.1129, -0.0322,  0.0181,
         -0.0077, -0.0564]], requires_grad=True)
[2023-01-19 18:55:45,426][__main__][INFO] - scores: tensor([[25.0156, 25.4219, 24.3281, 23.2500, 24.5000]], device='cuda:0',
       dtype=torch.float16, grad_fn=<MmBackward>)
[2023-01-19 18:55:45,575][__main__][INFO] - parameters: Parameter containing:
tensor([[ 0.0182, -0.0703, -0.0860, -0.0627, -0.0358, -0.1129, -0.0323,  0.0162,
         -0.0081, -0.0579]], requires_grad=True)
[2023-01-19 18:55:45,575][__main__][INFO] - scores: tensor([[25.0156, 25.4219, 24.3281, 23.2500, 24.5000]], device='cuda:0',
       dtype=torch.float16, grad_fn=<MmBackward>)
[2023-01-19 18:55:45,740][__main__][INFO] - parameters: Parameter containing:
tensor([[ 0.0163, -0.0705, -0.0872, -0.0614, -0.0338, -0.1115, -0.0334,  0.0137,
         -0.0082, -0.0590]], requires_grad=True)
[2023-01-19 18:55:45,741][__main__][INFO] - scores: tensor([[25.0000, 25.3906, 24.3125, 23.2344, 24.4844]], device='cuda:0',
       dtype=torch.float16, grad_fn=<MmBackward>)
[2023-01-19 18:55:45,894][__main__][INFO] - parameters: Parameter containing:
tensor([[ 0.0156, -0.0704, -0.0879, -0.0596, -0.0320, -0.1106, -0.0338,  0.0107,
         -0.0083, -0.0604]], requires_grad=True)
[2023-01-19 18:55:45,895][__main__][INFO] - scores: tensor([[24.9844, 25.3750, 24.2812, 23.2031, 24.4688]], device='cuda:0',
       dtype=torch.float16, grad_fn=<MmBackward>)
[2023-01-19 18:55:46,062][__main__][INFO] - parameters: Parameter containing:
tensor([[ 0.0169, -0.0700, -0.0871, -0.0577, -0.0308, -0.1110, -0.0336,  0.0080,
         -0.0078, -0.0618]], requires_grad=True)
[2023-01-19 18:55:46,063][__main__][INFO] - scores: tensor([[24.9844, 25.3906, 24.2812, 23.2031, 24.4844]], device='cuda:0',
       dtype=torch.float16, grad_fn=<MmBackward>)
[2023-01-19 18:55:46,227][__main__][INFO] - parameters: Parameter containing:
tensor([[ 0.0185, -0.0697, -0.0868, -0.0568, -0.0306, -0.1121, -0.0342,  0.0066,
         -0.0084, -0.0626]], requires_grad=True)
[2023-01-19 18:55:46,228][__main__][INFO] - scores: tensor([[24.9688, 25.3750, 24.2656, 23.2031, 24.4688]], device='cuda:0',
       dtype=torch.float16, grad_fn=<MmBackward>)
[2023-01-19 18:55:46,397][__main__][INFO] - parameters: Parameter containing:
tensor([[ 0.0193, -0.0700, -0.0864, -0.0566, -0.0307, -0.1130, -0.0358,  0.0061,
         -0.0081, -0.0621]], requires_grad=True)
[2023-01-19 18:55:46,398][__main__][INFO] - scores: tensor([[24.9688, 25.3750, 24.2812, 23.2031, 24.4688]], device='cuda:0',
       dtype=torch.float16, grad_fn=<MmBackward>)
[2023-01-19 18:55:46,557][__main__][INFO] - parameters: Parameter containing:
tensor([[ 0.0183, -0.0712, -0.0871, -0.0567, -0.0304, -0.1127, -0.0384,  0.0057,
         -0.0076, -0.0608]], requires_grad=True)
[2023-01-19 18:55:46,558][__main__][INFO] - scores: tensor([[25.0000, 25.3906, 24.2969, 23.2031, 24.4844]], device='cuda:0',
       dtype=torch.float16, grad_fn=<MmBackward>)
[2023-01-19 18:55:46,722][__main__][INFO] - parameters: Parameter containing:
tensor([[ 0.0170, -0.0720, -0.0879, -0.0577, -0.0300, -0.1126, -0.0410,  0.0069,
         -0.0077, -0.0587]], requires_grad=True)
[2023-01-19 18:55:46,723][__main__][INFO] - scores: tensor([[24.9844, 25.3906, 24.2969, 23.2031, 24.4688]], device='cuda:0',
       dtype=torch.float16, grad_fn=<MmBackward>)
[2023-01-19 18:55:46,878][__main__][INFO] - parameters: Parameter containing:
tensor([[ 0.0163, -0.0728, -0.0888, -0.0598, -0.0306, -0.1133, -0.0442,  0.0093,
         -0.0087, -0.0560]], requires_grad=True)
[2023-01-19 18:55:46,879][__main__][INFO] - scores: tensor([[24.9844, 25.3750, 24.2812, 23.2031, 24.4688]], device='cuda:0',
       dtype=torch.float16, grad_fn=<MmBackward>)
[2023-01-19 18:55:47,021][__main__][INFO] - parameters: Parameter containing:
tensor([[ 0.0173, -0.0723, -0.0883, -0.0608, -0.0314, -0.1148, -0.0458,  0.0119,
         -0.0095, -0.0538]], requires_grad=True)
[2023-01-19 18:55:47,021][__main__][INFO] - scores: tensor([[25.0000, 25.4062, 24.2969, 23.2188, 24.5000]], device='cuda:0',
       dtype=torch.float16, grad_fn=<MmBackward>)
[2023-01-19 18:55:47,166][__main__][INFO] - parameters: Parameter containing:
tensor([[ 0.0187, -0.0711, -0.0872, -0.0608, -0.0311, -0.1162, -0.0459,  0.0142,
         -0.0102, -0.0517]], requires_grad=True)
[2023-01-19 18:55:47,167][__main__][INFO] - scores: tensor([[24.9844, 25.3906, 24.2812, 23.2031, 24.4688]], device='cuda:0',
       dtype=torch.float16, grad_fn=<MmBackward>)
[2023-01-19 18:55:47,321][__main__][INFO] - parameters: Parameter containing:
tensor([[ 0.0192, -0.0695, -0.0860, -0.0606, -0.0295, -0.1164, -0.0450,  0.0163,
         -0.0106, -0.0493]], requires_grad=True)
[2023-01-19 18:55:47,322][__main__][INFO] - scores: tensor([[25.0000, 25.4062, 24.3125, 23.2500, 24.4844]], device='cuda:0',
       dtype=torch.float16, grad_fn=<MmBackward>)
[2023-01-19 18:55:47,465][__main__][INFO] - parameters: Parameter containing:
tensor([[ 0.0179, -0.0692, -0.0862, -0.0611, -0.0272, -0.1156, -0.0446,  0.0176,
         -0.0109, -0.0465]], requires_grad=True)
[2023-01-19 18:55:47,466][__main__][INFO] - scores: tensor([[25.0000, 25.4062, 24.3125, 23.2344, 24.4844]], device='cuda:0',
       dtype=torch.float16, grad_fn=<MmBackward>)
[2023-01-19 18:55:47,622][__main__][INFO] - parameters: Parameter containing:
tensor([[ 0.0170, -0.0699, -0.0869, -0.0612, -0.0257, -0.1149, -0.0444,  0.0178,
         -0.0106, -0.0443]], requires_grad=True)
[2023-01-19 18:55:47,623][__main__][INFO] - scores: tensor([[25.0156, 25.4219, 24.3281, 23.2500, 24.5000]], device='cuda:0',
       dtype=torch.float16, grad_fn=<MmBackward>)
[2023-01-19 18:55:47,776][__main__][INFO] - parameters: Parameter containing:
tensor([[ 0.0168, -0.0705, -0.0875, -0.0600, -0.0247, -0.1145, -0.0441,  0.0169,
         -0.0101, -0.0434]], requires_grad=True)
[2023-01-19 18:55:47,777][__main__][INFO] - scores: tensor([[25.0000, 25.3906, 24.2812, 23.2188, 24.4844]], device='cuda:0',
       dtype=torch.float16, grad_fn=<MmBackward>)
[2023-01-19 18:55:47,943][__main__][INFO] - parameters: Parameter containing:
tensor([[ 0.0176, -0.0713, -0.0882, -0.0590, -0.0249, -0.1152, -0.0441,  0.0153,
         -0.0100, -0.0429]], requires_grad=True)
[2023-01-19 18:55:47,944][__main__][INFO] - scores: tensor([[24.9844, 25.3906, 24.2812, 23.2031, 24.4844]], device='cuda:0',
       dtype=torch.float16, grad_fn=<MmBackward>)
[2023-01-19 18:55:48,114][__main__][INFO] - parameters: Parameter containing:
tensor([[ 0.0191, -0.0716, -0.0885, -0.0574, -0.0249, -0.1159, -0.0432,  0.0134,
         -0.0100, -0.0427]], requires_grad=True)
[2023-01-19 18:55:48,115][__main__][INFO] - scores: tensor([[25.0156, 25.4062, 24.3281, 23.2500, 24.5000]], device='cuda:0',
       dtype=torch.float16, grad_fn=<MmBackward>)
[2023-01-19 18:55:48,276][__main__][INFO] - parameters: Parameter containing:
tensor([[ 0.0194, -0.0720, -0.0889, -0.0565, -0.0240, -0.1161, -0.0416,  0.0118,
         -0.0094, -0.0419]], requires_grad=True)
[2023-01-19 18:55:48,277][__main__][INFO] - scores: tensor([[25.0156, 25.4219, 24.3281, 23.2500, 24.5000]], device='cuda:0',
       dtype=torch.float16, grad_fn=<MmBackward>)
[2023-01-19 18:55:48,443][__main__][INFO] - parameters: Parameter containing:
tensor([[ 0.0189, -0.0721, -0.0892, -0.0567, -0.0220, -0.1160, -0.0397,  0.0108,
         -0.0091, -0.0405]], requires_grad=True)
[2023-01-19 18:55:48,444][__main__][INFO] - scores: tensor([[25.0156, 25.4062, 24.3281, 23.2500, 24.5000]], device='cuda:0',
       dtype=torch.float16, grad_fn=<MmBackward>)
[2023-01-19 18:55:48,616][__main__][INFO] - parameters: Parameter containing:
tensor([[ 0.0185, -0.0721, -0.0895, -0.0587, -0.0208, -0.1167, -0.0384,  0.0109,
         -0.0098, -0.0387]], requires_grad=True)
[2023-01-19 18:55:48,617][__main__][INFO] - scores: tensor([[25.0156, 25.4062, 24.3125, 23.2500, 24.4844]], device='cuda:0',
       dtype=torch.float16, grad_fn=<MmBackward>)
[2023-01-19 18:55:48,787][__main__][INFO] - parameters: Parameter containing:
tensor([[ 0.0181, -0.0722, -0.0906, -0.0614, -0.0206, -0.1181, -0.0382,  0.0122,
         -0.0114, -0.0363]], requires_grad=True)
[2023-01-19 18:55:48,788][__main__][INFO] - scores: tensor([[25.0156, 25.4062, 24.3125, 23.2500, 24.4844]], device='cuda:0',
       dtype=torch.float16, grad_fn=<MmBackward>)
[2023-01-19 18:55:48,942][__main__][INFO] - parameters: Parameter containing:
tensor([[ 0.0188, -0.0717, -0.0909, -0.0631, -0.0209, -0.1204, -0.0371,  0.0129,
         -0.0125, -0.0347]], requires_grad=True)
[2023-01-19 18:55:48,942][__main__][INFO] - scores: tensor([[25.0312, 25.4219, 24.3281, 23.2500, 24.5156]], device='cuda:0',
       dtype=torch.float16, grad_fn=<MmBackward>)
[2023-01-19 18:55:49,093][__main__][INFO] - parameters: Parameter containing:
tensor([[ 0.0192, -0.0712, -0.0913, -0.0638, -0.0208, -0.1218, -0.0362,  0.0129,
         -0.0136, -0.0335]], requires_grad=True)
[2023-01-19 18:55:49,094][__main__][INFO] - scores: tensor([[25.0000, 25.3906, 24.3125, 23.2344, 24.4844]], device='cuda:0',
       dtype=torch.float16, grad_fn=<MmBackward>)
[2023-01-19 18:55:49,256][__main__][INFO] - parameters: Parameter containing:
tensor([[ 0.0192, -0.0710, -0.0919, -0.0639, -0.0200, -0.1224, -0.0350,  0.0119,
         -0.0144, -0.0326]], requires_grad=True)
[2023-01-19 18:55:49,257][__main__][INFO] - scores: tensor([[25.0000, 25.3906, 24.3125, 23.2344, 24.4844]], device='cuda:0',
       dtype=torch.float16, grad_fn=<MmBackward>)
[2023-01-19 18:55:49,413][__main__][INFO] - parameters: Parameter containing:
tensor([[ 0.0187, -0.0711, -0.0927, -0.0637, -0.0186, -0.1222, -0.0336,  0.0104,
         -0.0148, -0.0315]], requires_grad=True)
[2023-01-19 18:55:49,414][__main__][INFO] - scores: tensor([[25.0156, 25.4219, 24.3281, 23.2500, 24.5000]], device='cuda:0',
       dtype=torch.float16, grad_fn=<MmBackward>)
[2023-01-19 18:55:49,582][__main__][INFO] - parameters: Parameter containing:
tensor([[ 0.0193, -0.0707, -0.0925, -0.0631, -0.0176, -0.1224, -0.0319,  0.0093,
         -0.0144, -0.0300]], requires_grad=True)
[2023-01-19 18:55:49,583][__main__][INFO] - scores: tensor([[25.0000, 25.3906, 24.2656, 23.2812, 24.4844]], device='cuda:0',
       dtype=torch.float16, grad_fn=<MmBackward>)
[2023-01-19 18:55:49,738][__main__][INFO] - parameters: Parameter containing:
tensor([[ 0.0195, -0.0708, -0.0926, -0.0631, -0.0165, -0.1225, -0.0310,  0.0082,
         -0.0141, -0.0287]], requires_grad=True)
[2023-01-19 18:55:49,739][__main__][INFO] - scores: tensor([[24.9844, 25.3750, 24.2500, 23.2812, 24.4688]], device='cuda:0',
       dtype=torch.float16, grad_fn=<MmBackward>)
[2023-01-19 18:55:49,892][__main__][INFO] - parameters: Parameter containing:
tensor([[ 0.0195, -0.0711, -0.0930, -0.0634, -0.0156, -0.1224, -0.0307,  0.0072,
         -0.0139, -0.0279]], requires_grad=True)
[2023-01-19 18:55:49,893][__main__][INFO] - scores: tensor([[24.9844, 25.3750, 24.2500, 23.2656, 24.4688]], device='cuda:0',
       dtype=torch.float16, grad_fn=<MmBackward>)
[2023-01-19 18:55:50,052][__main__][INFO] - parameters: Parameter containing:
tensor([[ 0.0194, -0.0718, -0.0935, -0.0636, -0.0152, -0.1225, -0.0310,  0.0059,
         -0.0134, -0.0275]], requires_grad=True)
[2023-01-19 18:55:50,053][__main__][INFO] - scores: tensor([[25.0000, 25.3906, 24.2656, 23.2812, 24.4844]], device='cuda:0',
       dtype=torch.float16, grad_fn=<MmBackward>)
[2023-01-19 18:55:50,229][__main__][INFO] - parameters: Parameter containing:
tensor([[ 0.0197, -0.0720, -0.0937, -0.0636, -0.0151, -0.1228, -0.0314,  0.0051,
         -0.0128, -0.0271]], requires_grad=True)
[2023-01-19 18:55:50,231][__main__][INFO] - scores: tensor([[25.0156, 25.4062, 24.2656, 23.2969, 24.5000]], device='cuda:0',
       dtype=torch.float16, grad_fn=<MmBackward>)
[2023-01-19 18:55:50,401][__main__][INFO] - parameters: Parameter containing:
tensor([[ 0.0200, -0.0720, -0.0936, -0.0632, -0.0153, -0.1232, -0.0317,  0.0045,
         -0.0118, -0.0268]], requires_grad=True)
[2023-01-19 18:55:50,402][__main__][INFO] - scores: tensor([[25.0000, 25.3906, 24.2656, 23.2812, 24.4844]], device='cuda:0',
       dtype=torch.float16, grad_fn=<MmBackward>)
[2023-01-19 18:55:50,574][__main__][INFO] - parameters: Parameter containing:
tensor([[ 0.0201, -0.0718, -0.0932, -0.0625, -0.0151, -0.1236, -0.0319,  0.0034,
         -0.0102, -0.0267]], requires_grad=True)
[2023-01-19 18:55:50,575][__main__][INFO] - scores: tensor([[24.9844, 25.3750, 24.2500, 23.2812, 24.4688]], device='cuda:0',
       dtype=torch.float16, grad_fn=<MmBackward>)
[2023-01-19 18:55:50,739][__main__][INFO] - parameters: Parameter containing:
tensor([[ 0.0197, -0.0716, -0.0932, -0.0616, -0.0147, -0.1235, -0.0325,  0.0022,
         -0.0090, -0.0268]], requires_grad=True)
[2023-01-19 18:55:50,740][__main__][INFO] - scores: tensor([[24.9844, 25.3906, 24.2656, 23.2812, 24.4844]], device='cuda:0',
       dtype=torch.float16, grad_fn=<MmBackward>)
[2023-01-19 18:55:50,905][__main__][INFO] - parameters: Parameter containing:
tensor([[ 0.0189, -0.0714, -0.0936, -0.0612, -0.0144, -0.1230, -0.0339,  0.0018,
         -0.0085, -0.0266]], requires_grad=True)
[2023-01-19 18:55:50,906][__main__][INFO] - scores: tensor([[25.0000, 25.3906, 24.2656, 23.2812, 24.4844]], device='cuda:0',
       dtype=torch.float16, grad_fn=<MmBackward>)
[2023-01-19 18:55:51,051][__main__][INFO] - parameters: Parameter containing:
tensor([[ 0.0193, -0.0708, -0.0933, -0.0610, -0.0153, -0.1235, -0.0357,  0.0026,
         -0.0082, -0.0261]], requires_grad=True)
[2023-01-19 18:55:51,052][__main__][INFO] - scores: tensor([[24.9844, 25.3906, 24.2500, 23.2656, 24.4844]], device='cuda:0',
       dtype=torch.float16, grad_fn=<MmBackward>)
[2023-01-19 18:55:51,205][__main__][INFO] - parameters: Parameter containing:
tensor([[ 0.0199, -0.0701, -0.0930, -0.0617, -0.0164, -0.1241, -0.0383,  0.0042,
         -0.0086, -0.0251]], requires_grad=True)
[2023-01-19 18:55:51,206][__main__][INFO] - scores: tensor([[24.9688, 25.3750, 24.2344, 23.2500, 24.4531]], device='cuda:0',
       dtype=torch.float16, grad_fn=<MmBackward>)
[2023-01-19 18:55:51,372][__main__][INFO] - parameters: Parameter containing:
tensor([[ 0.0195, -0.0696, -0.0931, -0.0620, -0.0164, -0.1233, -0.0404,  0.0058,
         -0.0088, -0.0237]], requires_grad=True)
[2023-01-19 18:55:51,373][__main__][INFO] - scores: tensor([[25.0156, 25.4062, 24.2812, 23.2969, 24.5000]], device='cuda:0',
       dtype=torch.float16, grad_fn=<MmBackward>)
[2023-01-19 18:55:51,568][__main__][INFO] - parameters: Parameter containing:
tensor([[ 0.0185, -0.0697, -0.0935, -0.0623, -0.0154, -0.1214, -0.0419,  0.0077,
         -0.0086, -0.0214]], requires_grad=True)
[2023-01-19 18:55:51,570][__main__][INFO] - scores: tensor([[24.9844, 25.3750, 24.2500, 23.2812, 24.4688]], device='cuda:0',
       dtype=torch.float16, grad_fn=<MmBackward>)
[2023-01-19 18:55:51,734][__main__][INFO] - parameters: Parameter containing:
tensor([[ 0.0192, -0.0693, -0.0928, -0.0622, -0.0154, -0.1210, -0.0424,  0.0093,
         -0.0078, -0.0202]], requires_grad=True)
[2023-01-19 18:55:51,735][__main__][INFO] - scores: tensor([[25.0156, 25.4062, 24.2812, 23.2969, 24.5156]], device='cuda:0',
       dtype=torch.float16, grad_fn=<MmBackward>)
[2023-01-19 18:55:51,892][__main__][INFO] - parameters: Parameter containing:
tensor([[ 0.0195, -0.0695, -0.0927, -0.0617, -0.0157, -0.1203, -0.0437,  0.0103,
         -0.0069, -0.0193]], requires_grad=True)
[2023-01-19 18:55:51,893][__main__][INFO] - scores: tensor([[25.0000, 25.3906, 24.2656, 23.2812, 24.4844]], device='cuda:0',
       dtype=torch.float16, grad_fn=<MmBackward>)
[2023-01-19 18:55:52,041][__main__][INFO] - parameters: Parameter containing:
tensor([[ 0.0192, -0.0702, -0.0934, -0.0610, -0.0159, -0.1193, -0.0455,  0.0109,
         -0.0063, -0.0193]], requires_grad=True)
[2023-01-19 18:55:52,042][__main__][INFO] - scores: tensor([[24.9844, 25.3750, 24.2500, 23.2812, 24.4688]], device='cuda:0',
       dtype=torch.float16, grad_fn=<MmBackward>)
[2023-01-19 18:55:52,202][__main__][INFO] - parameters: Parameter containing:
tensor([[ 0.0198, -0.0701, -0.0933, -0.0599, -0.0160, -0.1190, -0.0463,  0.0113,
         -0.0055, -0.0200]], requires_grad=True)
[2023-01-19 18:55:52,202][__main__][INFO] - scores: tensor([[24.9844, 25.3750, 24.2500, 23.2812, 24.4688]], device='cuda:0',
       dtype=torch.float16, grad_fn=<MmBackward>)
[2023-01-19 18:55:52,361][__main__][INFO] - parameters: Parameter containing:
tensor([[ 0.0203, -0.0692, -0.0929, -0.0587, -0.0158, -0.1189, -0.0468,  0.0124,
         -0.0050, -0.0211]], requires_grad=True)
[2023-01-19 18:55:52,362][__main__][INFO] - scores: tensor([[25.0000, 25.3906, 24.2656, 23.2812, 24.4844]], device='cuda:0',
       dtype=torch.float16, grad_fn=<MmBackward>)
[2023-01-19 18:55:52,519][__main__][INFO] - parameters: Parameter containing:
tensor([[ 0.0195, -0.0691, -0.0933, -0.0588, -0.0154, -0.1184, -0.0475,  0.0135,
         -0.0043, -0.0219]], requires_grad=True)
[2023-01-19 18:55:52,520][__main__][INFO] - scores: tensor([[24.9844, 25.3750, 24.2500, 23.2812, 24.4688]], device='cuda:0',
       dtype=torch.float16, grad_fn=<MmBackward>)
[2023-01-19 18:55:52,682][__main__][INFO] - parameters: Parameter containing:
tensor([[ 0.0187, -0.0696, -0.0940, -0.0602, -0.0160, -0.1189, -0.0490,  0.0146,
         -0.0036, -0.0233]], requires_grad=True)
[2023-01-19 18:55:52,682][__main__][INFO] - scores: tensor([[24.9844, 25.3906, 24.2656, 23.2812, 24.4844]], device='cuda:0',
       dtype=torch.float16, grad_fn=<MmBackward>)
[2023-01-19 18:55:52,848][__main__][INFO] - parameters: Parameter containing:
tensor([[ 0.0192, -0.0692, -0.0937, -0.0605, -0.0164, -0.1198, -0.0496,  0.0150,
         -0.0028, -0.0259]], requires_grad=True)
[2023-01-19 18:55:52,849][__main__][INFO] - scores: tensor([[25.0000, 25.3906, 24.2656, 23.2812, 24.4844]], device='cuda:0',
       dtype=torch.float16, grad_fn=<MmBackward>)
[2023-01-19 18:55:53,008][__main__][INFO] - parameters: Parameter containing:
tensor([[ 0.0206, -0.0680, -0.0924, -0.0600, -0.0163, -0.1209, -0.0490,  0.0145,
         -0.0022, -0.0298]], requires_grad=True)
[2023-01-19 18:55:53,009][__main__][INFO] - scores: tensor([[25.0000, 25.3906, 24.2656, 23.2969, 24.4844]], device='cuda:0',
       dtype=torch.float16, grad_fn=<MmBackward>)
[2023-01-19 18:55:53,151][__main__][INFO] - parameters: Parameter containing:
tensor([[ 0.0206, -0.0672, -0.0913, -0.0597, -0.0149, -0.1207, -0.0480,  0.0138,
         -0.0006, -0.0335]], requires_grad=True)
[2023-01-19 18:55:53,151][__main__][INFO] - scores: tensor([[24.9844, 25.3750, 24.2500, 23.2812, 24.4688]], device='cuda:0',
       dtype=torch.float16, grad_fn=<MmBackward>)
[2023-01-19 18:55:53,308][__main__][INFO] - parameters: Parameter containing:
tensor([[ 0.0192, -0.0674, -0.0915, -0.0611, -0.0133, -0.1200, -0.0482,  0.0130,
          0.0002, -0.0370]], requires_grad=True)
[2023-01-19 18:55:53,309][__main__][INFO] - scores: tensor([[25.0000, 25.4062, 24.2812, 23.2969, 24.4844]], device='cuda:0',
       dtype=torch.float16, grad_fn=<MmBackward>)
[2023-01-19 18:55:53,462][__main__][INFO] - parameters: Parameter containing:
tensor([[ 0.0176, -0.0686, -0.0930, -0.0636, -0.0134, -0.1197, -0.0508,  0.0123,
         -0.0003, -0.0405]], requires_grad=True)
[2023-01-19 18:55:53,463][__main__][INFO] - scores: tensor([[25.0156, 25.4062, 24.2656, 23.2969, 24.5000]], device='cuda:0',
       dtype=torch.float16, grad_fn=<MmBackward>)
[2023-01-19 18:55:53,628][__main__][INFO] - parameters: Parameter containing:
tensor([[ 0.0185, -0.0688, -0.0927, -0.0639, -0.0144, -0.1207, -0.0517,  0.0107,
          0.0004, -0.0448]], requires_grad=True)
[2023-01-19 18:55:53,629][__main__][INFO] - scores: tensor([[24.9375, 25.3594, 24.1719, 23.2656, 24.4375]], device='cuda:0',
       dtype=torch.float16, grad_fn=<MmBackward>)
[2023-01-19 18:55:53,780][__main__][INFO] - parameters: Parameter containing:
tensor([[ 0.0201, -0.0688, -0.0923, -0.0631, -0.0154, -0.1213, -0.0519,  0.0096,
          0.0007, -0.0484]], requires_grad=True)
[2023-01-19 18:55:53,781][__main__][INFO] - scores: tensor([[24.9844, 25.3906, 24.2344, 23.2656, 24.4844]], device='cuda:0',
       dtype=torch.float16, grad_fn=<MmBackward>)
[2023-01-19 18:55:53,944][__main__][INFO] - parameters: Parameter containing:
tensor([[ 0.0211, -0.0681, -0.0914, -0.0617, -0.0151, -0.1212, -0.0507,  0.0084,
          0.0017, -0.0513]], requires_grad=True)
[2023-01-19 18:55:53,945][__main__][INFO] - scores: tensor([[25.0000, 25.3906, 24.2656, 23.2969, 24.4844]], device='cuda:0',
       dtype=torch.float16, grad_fn=<MmBackward>)
[2023-01-19 18:55:54,107][__main__][INFO] - parameters: Parameter containing:
tensor([[ 0.0203, -0.0679, -0.0918, -0.0609, -0.0142, -0.1199, -0.0504,  0.0083,
          0.0022, -0.0526]], requires_grad=True)
[2023-01-19 18:55:54,108][__main__][INFO] - scores: tensor([[24.9844, 25.3906, 24.2656, 23.2812, 24.4844]], device='cuda:0',
       dtype=torch.float16, grad_fn=<MmBackward>)
[2023-01-19 18:55:54,268][__main__][INFO] - parameters: Parameter containing:
tensor([[ 0.0189, -0.0687, -0.0928, -0.0616, -0.0143, -0.1187, -0.0515,  0.0093,
          0.0028, -0.0520]], requires_grad=True)
[2023-01-19 18:55:54,269][__main__][INFO] - scores: tensor([[24.9688, 25.3750, 24.2344, 23.2500, 24.4531]], device='cuda:0',
       dtype=torch.float16, grad_fn=<MmBackward>)
[2023-01-19 18:55:54,418][__main__][INFO] - parameters: Parameter containing:
tensor([[ 0.0182, -0.0696, -0.0942, -0.0629, -0.0159, -0.1183, -0.0536,  0.0114,
          0.0023, -0.0505]], requires_grad=True)
[2023-01-19 18:55:54,420][__main__][INFO] - scores: tensor([[24.9688, 25.3750, 24.2188, 23.2500, 24.4688]], device='cuda:0',
       dtype=torch.float16, grad_fn=<MmBackward>)
[2023-01-19 18:55:54,578][__main__][INFO] - parameters: Parameter containing:
tensor([[ 0.0193, -0.0692, -0.0938, -0.0631, -0.0173, -0.1188, -0.0540,  0.0138,
          0.0025, -0.0490]], requires_grad=True)
[2023-01-19 18:55:54,579][__main__][INFO] - scores: tensor([[25.0000, 25.3906, 24.2500, 23.2656, 24.4844]], device='cuda:0',
       dtype=torch.float16, grad_fn=<MmBackward>)
[2023-01-19 18:55:54,745][__main__][INFO] - parameters: Parameter containing:
tensor([[ 0.0202, -0.0685, -0.0934, -0.0625, -0.0173, -0.1185, -0.0530,  0.0159,
          0.0025, -0.0473]], requires_grad=True)
[2023-01-19 18:55:54,746][__main__][INFO] - scores: tensor([[25.0000, 25.4062, 24.2656, 23.2969, 24.4844]], device='cuda:0',
       dtype=torch.float16, grad_fn=<MmBackward>)
[2023-01-19 18:55:54,908][__main__][INFO] - parameters: Parameter containing:
tensor([[ 0.0205, -0.0674, -0.0929, -0.0618, -0.0161, -0.1174, -0.0513,  0.0183,
          0.0025, -0.0449]], requires_grad=True)
[2023-01-19 18:55:54,909][__main__][INFO] - scores: tensor([[25.0000, 25.3906, 24.2656, 23.2812, 24.4844]], device='cuda:0',
       dtype=torch.float16, grad_fn=<MmBackward>)
[2023-01-19 18:55:55,072][__main__][INFO] - parameters: Parameter containing:
tensor([[ 0.0199, -0.0671, -0.0927, -0.0615, -0.0148, -0.1161, -0.0498,  0.0202,
          0.0036, -0.0421]], requires_grad=True)
[2023-01-19 18:55:55,074][__main__][INFO] - scores: tensor([[25.0000, 25.4062, 24.2812, 23.2812, 24.4844]], device='cuda:0',
       dtype=torch.float16, grad_fn=<MmBackward>)
[2023-01-19 18:55:55,242][__main__][INFO] - parameters: Parameter containing:
tensor([[ 0.0189, -0.0680, -0.0936, -0.0619, -0.0145, -0.1151, -0.0499,  0.0214,
          0.0044, -0.0398]], requires_grad=True)
[2023-01-19 18:55:55,242][__main__][INFO] - scores: tensor([[25.0000, 25.3906, 24.2656, 23.2812, 24.4844]], device='cuda:0',
       dtype=torch.float16, grad_fn=<MmBackward>)
[2023-01-19 18:55:55,395][__main__][INFO] - parameters: Parameter containing:
tensor([[ 0.0187, -0.0693, -0.0947, -0.0621, -0.0152, -0.1150, -0.0501,  0.0210,
          0.0048, -0.0392]], requires_grad=True)
[2023-01-19 18:55:55,396][__main__][INFO] - scores: tensor([[25.0000, 25.4062, 24.2656, 23.2812, 24.5000]], device='cuda:0',
       dtype=torch.float16, grad_fn=<MmBackward>)
[2023-01-19 18:55:55,541][__main__][INFO] - parameters: Parameter containing:
tensor([[ 0.0201, -0.0695, -0.0944, -0.0615, -0.0160, -0.1161, -0.0494,  0.0195,
          0.0054, -0.0401]], requires_grad=True)
[2023-01-19 18:55:55,542][__main__][INFO] - scores: tensor([[25.0156, 25.4062, 24.2812, 23.2969, 24.5000]], device='cuda:0',
       dtype=torch.float16, grad_fn=<MmBackward>)
[2023-01-19 18:55:55,692][__main__][INFO] - parameters: Parameter containing:
tensor([[ 0.0214, -0.0687, -0.0939, -0.0603, -0.0155, -0.1169, -0.0477,  0.0167,
          0.0054, -0.0428]], requires_grad=True)
[2023-01-19 18:55:55,692][__main__][INFO] - scores: tensor([[25.0156, 25.3906, 24.2500, 23.2812, 24.5000]], device='cuda:0',
       dtype=torch.float16, grad_fn=<MmBackward>)
[2023-01-19 18:55:55,843][__main__][INFO] - parameters: Parameter containing:
tensor([[ 0.0211, -0.0683, -0.0943, -0.0608, -0.0158, -0.1181, -0.0476,  0.0149,
          0.0050, -0.0449]], requires_grad=True)
[2023-01-19 18:55:55,844][__main__][INFO] - scores: tensor([[25.0000, 25.3750, 24.2500, 23.2812, 24.4844]], device='cuda:0',
       dtype=torch.float16, grad_fn=<MmBackward>)
[2023-01-19 18:55:56,008][__main__][INFO] - parameters: Parameter containing:
tensor([[ 0.0198, -0.0682, -0.0949, -0.0623, -0.0155, -0.1188, -0.0477,  0.0134,
          0.0047, -0.0467]], requires_grad=True)
[2023-01-19 18:55:56,009][__main__][INFO] - scores: tensor([[24.9844, 25.3750, 24.2500, 23.2812, 24.4688]], device='cuda:0',
       dtype=torch.float16, grad_fn=<MmBackward>)
[2023-01-19 18:55:56,161][__main__][INFO] - parameters: Parameter containing:
tensor([[ 0.0185, -0.0676, -0.0952, -0.0630, -0.0146, -0.1190, -0.0471,  0.0125,
          0.0043, -0.0477]], requires_grad=True)
[2023-01-19 18:55:56,162][__main__][INFO] - scores: tensor([[24.9844, 25.3750, 24.2656, 23.2812, 24.4688]], device='cuda:0',
       dtype=torch.float16, grad_fn=<MmBackward>)
[2023-01-19 18:55:56,319][__main__][INFO] - parameters: Parameter containing:
tensor([[ 0.0185, -0.0668, -0.0946, -0.0628, -0.0146, -0.1196, -0.0462,  0.0116,
          0.0047, -0.0481]], requires_grad=True)
[2023-01-19 18:55:56,320][__main__][INFO] - scores: tensor([[24.9844, 25.3906, 24.2500, 23.2656, 24.4844]], device='cuda:0',
       dtype=torch.float16, grad_fn=<MmBackward>)
[2023-01-19 18:55:56,470][__main__][INFO] - parameters: Parameter containing:
tensor([[ 0.0192, -0.0660, -0.0941, -0.0626, -0.0159, -0.1206, -0.0461,  0.0119,
          0.0046, -0.0475]], requires_grad=True)
[2023-01-19 18:55:56,470][__main__][INFO] - scores: tensor([[25.0000, 25.3906, 24.2500, 23.2656, 24.4844]], device='cuda:0',
       dtype=torch.float16, grad_fn=<MmBackward>)
[2023-01-19 18:55:56,638][__main__][INFO] - parameters: Parameter containing:
tensor([[ 0.0197, -0.0664, -0.0947, -0.0633, -0.0181, -0.1213, -0.0477,  0.0126,
          0.0039, -0.0457]], requires_grad=True)
[2023-01-19 18:55:56,639][__main__][INFO] - scores: tensor([[24.9688, 25.3750, 24.2344, 23.2500, 24.4688]], device='cuda:0',
       dtype=torch.float16, grad_fn=<MmBackward>)
[2023-01-19 18:55:56,810][__main__][INFO] - parameters: Parameter containing:
tensor([[ 0.0198, -0.0667, -0.0950, -0.0633, -0.0191, -0.1206, -0.0489,  0.0133,
          0.0039, -0.0434]], requires_grad=True)
[2023-01-19 18:55:56,811][__main__][INFO] - scores: tensor([[25.0000, 25.3906, 24.2656, 23.2812, 24.4844]], device='cuda:0',
       dtype=torch.float16, grad_fn=<MmBackward>)
[2023-01-19 18:55:56,976][__main__][INFO] - parameters: Parameter containing:
tensor([[ 0.0197, -0.0669, -0.0951, -0.0630, -0.0188, -0.1188, -0.0493,  0.0141,
          0.0044, -0.0408]], requires_grad=True)
[2023-01-19 18:55:56,977][__main__][INFO] - scores: tensor([[25.0000, 25.3906, 24.2656, 23.2969, 24.4844]], device='cuda:0',
       dtype=torch.float16, grad_fn=<MmBackward>)
[2023-01-19 18:55:57,127][__main__][INFO] - parameters: Parameter containing:
tensor([[ 0.0194, -0.0665, -0.0947, -0.0616, -0.0170, -0.1160, -0.0482,  0.0148,
          0.0049, -0.0385]], requires_grad=True)
[2023-01-19 18:55:57,128][__main__][INFO] - scores: tensor([[24.9844, 25.3750, 24.2500, 23.2812, 24.4688]], device='cuda:0',
       dtype=torch.float16, grad_fn=<MmBackward>)
[2023-01-19 18:55:57,285][__main__][INFO] - parameters: Parameter containing:
tensor([[ 0.0196, -0.0664, -0.0945, -0.0605, -0.0158, -0.1140, -0.0477,  0.0150,
          0.0054, -0.0365]], requires_grad=True)
[2023-01-19 18:55:57,286][__main__][INFO] - scores: tensor([[25.0000, 25.3906, 24.2656, 23.2969, 24.4844]], device='cuda:0',
       dtype=torch.float16, grad_fn=<MmBackward>)
[2023-01-19 18:55:57,448][__main__][INFO] - parameters: Parameter containing:
tensor([[ 0.0196, -0.0670, -0.0952, -0.0611, -0.0166, -0.1129, -0.0493,  0.0166,
          0.0049, -0.0341]], requires_grad=True)
[2023-01-19 18:55:57,448][__main__][INFO] - scores: tensor([[25.0000, 25.4062, 24.2656, 23.2969, 24.5000]], device='cuda:0',
       dtype=torch.float16, grad_fn=<MmBackward>)
[2023-01-19 18:55:57,603][__main__][INFO] - parameters: Parameter containing:
tensor([[ 0.0207, -0.0675, -0.0956, -0.0627, -0.0182, -0.1131, -0.0509,  0.0172,
          0.0041, -0.0334]], requires_grad=True)
[2023-01-19 18:55:57,604][__main__][INFO] - scores: tensor([[25.0000, 25.3906, 24.2656, 23.2812, 24.4844]], device='cuda:0',
       dtype=torch.float16, grad_fn=<MmBackward>)
[2023-01-19 18:55:57,763][__main__][INFO] - parameters: Parameter containing:
tensor([[ 0.0206, -0.0674, -0.0961, -0.0635, -0.0184, -0.1129, -0.0521,  0.0171,
          0.0031, -0.0333]], requires_grad=True)
[2023-01-19 18:55:57,764][__main__][INFO] - scores: tensor([[25.0156, 25.3906, 24.2656, 23.2812, 24.5000]], device='cuda:0',
       dtype=torch.float16, grad_fn=<MmBackward>)
[2023-01-19 18:55:57,923][__main__][INFO] - parameters: Parameter containing:
tensor([[ 0.0198, -0.0664, -0.0964, -0.0629, -0.0171, -0.1118, -0.0521,  0.0155,
          0.0024, -0.0339]], requires_grad=True)
[2023-01-19 18:55:57,923][__main__][INFO] - scores: tensor([[25.0156, 25.3906, 24.2500, 23.2812, 24.5000]], device='cuda:0',
       dtype=torch.float16, grad_fn=<MmBackward>)
[2023-01-19 18:55:58,093][__main__][INFO] - parameters: Parameter containing:
tensor([[ 0.0201, -0.0651, -0.0958, -0.0622, -0.0163, -0.1121, -0.0514,  0.0130,
          0.0020, -0.0357]], requires_grad=True)
[2023-01-19 18:55:58,094][__main__][INFO] - scores: tensor([[25.0000, 25.3906, 24.2656, 23.2812, 24.4844]], device='cuda:0',
       dtype=torch.float16, grad_fn=<MmBackward>)
[2023-01-19 18:55:58,268][__main__][INFO] - parameters: Parameter containing:
tensor([[ 0.0204, -0.0653, -0.0956, -0.0622, -0.0166, -0.1130, -0.0518,  0.0099,
          0.0030, -0.0373]], requires_grad=True)
[2023-01-19 18:55:58,269][__main__][INFO] - scores: tensor([[24.9844, 25.3906, 24.2656, 23.2812, 24.4844]], device='cuda:0',
       dtype=torch.float16, grad_fn=<MmBackward>)
[2023-01-19 18:55:58,441][__main__][INFO] - parameters: Parameter containing:
tensor([[ 0.0202, -0.0665, -0.0956, -0.0629, -0.0167, -0.1140, -0.0517,  0.0055,
          0.0051, -0.0385]], requires_grad=True)
[2023-01-19 18:55:58,442][__main__][INFO] - scores: tensor([[24.9844, 25.3906, 24.2656, 23.2812, 24.4844]], device='cuda:0',
       dtype=torch.float16, grad_fn=<MmBackward>)
[2023-01-19 18:55:58,609][__main__][INFO] - parameters: Parameter containing:
tensor([[ 0.0198, -0.0679, -0.0959, -0.0653, -0.0170, -0.1148, -0.0523,  0.0031,
          0.0064, -0.0380]], requires_grad=True)
[2023-01-19 18:55:58,610][__main__][INFO] - scores: tensor([[24.9844, 25.3750, 24.2500, 23.2812, 24.4688]], device='cuda:0',
       dtype=torch.float16, grad_fn=<MmBackward>)
[2023-01-19 18:55:58,777][__main__][INFO] - parameters: Parameter containing:
tensor([[ 0.0197, -0.0682, -0.0960, -0.0662, -0.0169, -0.1155, -0.0517,  0.0015,
          0.0073, -0.0374]], requires_grad=True)
[2023-01-19 18:55:58,778][__main__][INFO] - scores: tensor([[25.0156, 25.4062, 24.2656, 23.2969, 24.5000]], device='cuda:0',
       dtype=torch.float16, grad_fn=<MmBackward>)
[2023-01-19 18:55:58,951][__main__][INFO] - parameters: Parameter containing:
tensor([[ 1.9916e-02, -6.7621e-02, -9.5931e-02, -6.5549e-02, -1.6053e-02,
         -1.1568e-01, -4.9969e-02, -9.7379e-06,  7.9142e-03, -3.6967e-02]],
       requires_grad=True)
[2023-01-19 18:55:58,952][__main__][INFO] - scores: tensor([[25.0156, 25.4062, 24.2812, 23.2969, 24.5000]], device='cuda:0',
       dtype=torch.float16, grad_fn=<MmBackward>)
[2023-01-19 18:55:59,110][__main__][INFO] - parameters: Parameter containing:
tensor([[ 0.0205, -0.0665, -0.0963, -0.0650, -0.0157, -0.1159, -0.0487,  0.0003,
          0.0068, -0.0361]], requires_grad=True)
[2023-01-19 18:55:59,111][__main__][INFO] - scores: tensor([[24.9844, 25.3906, 24.2500, 23.2656, 24.4844]], device='cuda:0',
       dtype=torch.float16, grad_fn=<MmBackward>)
