[2023-01-20 21:57:02,003][__main__][INFO] - parameters: Parameter containing:
tensor([[ 0.0350,  0.7402,  0.0664,  0.6099,  0.0593,  0.0805, -0.0081,  0.0959,
          0.6366,  0.1328]], requires_grad=True)
[2023-01-20 21:57:02,313][__main__][INFO] - parameters: Parameter containing:
tensor([[ 0.0446,  0.7331,  0.0583,  0.6198,  0.0691,  0.0865, -0.0180,  0.0996,
          0.6302,  0.1343]], requires_grad=True)
[2023-01-20 21:57:02,584][__main__][INFO] - parameters: Parameter containing:
tensor([[ 0.0480,  0.7344,  0.0558,  0.6243,  0.0641,  0.0933, -0.0252,  0.1001,
          0.6328,  0.1308]], requires_grad=True)
[2023-01-20 21:57:02,851][__main__][INFO] - parameters: Parameter containing:
tensor([[ 0.0501,  0.7360,  0.0551,  0.6292,  0.0601,  0.0997, -0.0307,  0.0952,
          0.6345,  0.1284]], requires_grad=True)
[2023-01-20 21:57:03,122][__main__][INFO] - parameters: Parameter containing:
tensor([[ 0.0500,  0.7362,  0.0559,  0.6345,  0.0602,  0.1035, -0.0315,  0.0885,
          0.6329,  0.1288]], requires_grad=True)
[2023-01-20 21:57:03,389][__main__][INFO] - parameters: Parameter containing:
tensor([[ 0.0491,  0.7348,  0.0564,  0.6401,  0.0622,  0.1077, -0.0301,  0.0809,
          0.6297,  0.1291]], requires_grad=True)
[2023-01-20 21:57:03,633][__main__][INFO] - parameters: Parameter containing:
tensor([[ 0.0462,  0.7346,  0.0588,  0.6443,  0.0642,  0.1100, -0.0290,  0.0739,
          0.6270,  0.1290]], requires_grad=True)
[2023-01-20 21:57:03,891][__main__][INFO] - parameters: Parameter containing:
tensor([[ 0.0427,  0.7341,  0.0615,  0.6484,  0.0667,  0.1121, -0.0275,  0.0665,
          0.6241,  0.1299]], requires_grad=True)
[2023-01-20 21:57:04,146][__main__][INFO] - parameters: Parameter containing:
tensor([[ 0.0399,  0.7325,  0.0625,  0.6538,  0.0692,  0.1167, -0.0261,  0.0583,
          0.6194,  0.1315]], requires_grad=True)
[2023-01-20 21:57:04,396][__main__][INFO] - parameters: Parameter containing:
tensor([[ 0.0362,  0.7320,  0.0645,  0.6600,  0.0711,  0.1217, -0.0259,  0.0505,
          0.6154,  0.1334]], requires_grad=True)
[2023-01-20 21:57:04,667][__main__][INFO] - parameters: Parameter containing:
tensor([[ 0.0334,  0.7331,  0.0664,  0.6649,  0.0703,  0.1273, -0.0280,  0.0435,
          0.6125,  0.1354]], requires_grad=True)
[2023-01-20 21:57:04,933][__main__][INFO] - parameters: Parameter containing:
tensor([[ 0.0322,  0.7333,  0.0673,  0.6707,  0.0697,  0.1323, -0.0303,  0.0386,
          0.6092,  0.1395]], requires_grad=True)
[2023-01-20 21:57:05,181][__main__][INFO] - parameters: Parameter containing:
tensor([[ 0.0337,  0.7314,  0.0661,  0.6775,  0.0705,  0.1374, -0.0316,  0.0353,
          0.6048,  0.1451]], requires_grad=True)
[2023-01-20 21:57:05,450][__main__][INFO] - parameters: Parameter containing:
tensor([[ 0.0363,  0.7296,  0.0633,  0.6830,  0.0703,  0.1430, -0.0336,  0.0317,
          0.5999,  0.1497]], requires_grad=True)
[2023-01-20 21:57:05,710][__main__][INFO] - parameters: Parameter containing:
tensor([[ 0.0370,  0.7303,  0.0627,  0.6864,  0.0680,  0.1488, -0.0373,  0.0285,
          0.5988,  0.1505]], requires_grad=True)
[2023-01-20 21:57:05,962][__main__][INFO] - parameters: Parameter containing:
tensor([[ 0.0367,  0.7319,  0.0630,  0.6876,  0.0645,  0.1545, -0.0418,  0.0263,
          0.5996,  0.1505]], requires_grad=True)
[2023-01-20 21:57:06,224][__main__][INFO] - parameters: Parameter containing:
tensor([[ 0.0352,  0.7330,  0.0641,  0.6872,  0.0617,  0.1579, -0.0455,  0.0264,
          0.6017,  0.1510]], requires_grad=True)
[2023-01-20 21:57:06,472][__main__][INFO] - parameters: Parameter containing:
tensor([[ 0.0327,  0.7328,  0.0657,  0.6870,  0.0615,  0.1579, -0.0470,  0.0283,
          0.6023,  0.1537]], requires_grad=True)
[2023-01-20 21:57:06,721][__main__][INFO] - parameters: Parameter containing:
tensor([[ 0.0308,  0.7309,  0.0671,  0.6875,  0.0632,  0.1564, -0.0463,  0.0312,
          0.6019,  0.1577]], requires_grad=True)
[2023-01-20 21:57:06,994][__main__][INFO] - parameters: Parameter containing:
tensor([[ 0.0307,  0.7279,  0.0671,  0.6888,  0.0661,  0.1535, -0.0444,  0.0353,
          0.6000,  0.1631]], requires_grad=True)
[2023-01-20 21:57:07,249][__main__][INFO] - parameters: Parameter containing:
tensor([[ 0.0328,  0.7253,  0.0658,  0.6898,  0.0674,  0.1524, -0.0438,  0.0384,
          0.5986,  0.1677]], requires_grad=True)
[2023-01-20 21:57:07,518][__main__][INFO] - parameters: Parameter containing:
tensor([[ 0.0337,  0.7253,  0.0664,  0.6902,  0.0670,  0.1508, -0.0452,  0.0423,
          0.5994,  0.1707]], requires_grad=True)
[2023-01-20 21:57:07,785][__main__][INFO] - parameters: Parameter containing:
tensor([[ 0.0336,  0.7270,  0.0689,  0.6903,  0.0650,  0.1492, -0.0480,  0.0465,
          0.6022,  0.1728]], requires_grad=True)
[2023-01-20 21:57:08,058][__main__][INFO] - parameters: Parameter containing:
tensor([[ 0.0328,  0.7303,  0.0727,  0.6889,  0.0618,  0.1479, -0.0516,  0.0500,
          0.6066,  0.1729]], requires_grad=True)
[2023-01-20 21:57:08,326][__main__][INFO] - parameters: Parameter containing:
tensor([[ 0.0332,  0.7321,  0.0746,  0.6874,  0.0594,  0.1467, -0.0543,  0.0538,
          0.6096,  0.1739]], requires_grad=True)
[2023-01-20 21:57:08,620][__main__][INFO] - parameters: Parameter containing:
tensor([[ 0.0336,  0.7327,  0.0754,  0.6857,  0.0579,  0.1453, -0.0566,  0.0583,
          0.6115,  0.1751]], requires_grad=True)
[2023-01-20 21:57:08,883][__main__][INFO] - parameters: Parameter containing:
tensor([[ 0.0337,  0.7327,  0.0757,  0.6831,  0.0563,  0.1444, -0.0588,  0.0633,
          0.6136,  0.1761]], requires_grad=True)
[2023-01-20 21:57:09,137][__main__][INFO] - parameters: Parameter containing:
tensor([[ 0.0328,  0.7326,  0.0759,  0.6794,  0.0547,  0.1434, -0.0614,  0.0691,
          0.6159,  0.1763]], requires_grad=True)
[2023-01-20 21:57:09,411][__main__][INFO] - parameters: Parameter containing:
tensor([[ 0.0322,  0.7319,  0.0756,  0.6761,  0.0533,  0.1427, -0.0637,  0.0752,
          0.6180,  0.1765]], requires_grad=True)
[2023-01-20 21:57:09,670][__main__][INFO] - parameters: Parameter containing:
tensor([[ 0.0320,  0.7305,  0.0749,  0.6723,  0.0521,  0.1426, -0.0656,  0.0815,
          0.6201,  0.1772]], requires_grad=True)
[2023-01-20 21:57:09,921][__main__][INFO] - parameters: Parameter containing:
tensor([[ 0.0320,  0.7287,  0.0740,  0.6687,  0.0514,  0.1425, -0.0670,  0.0878,
          0.6218,  0.1780]], requires_grad=True)
[2023-01-20 21:57:10,185][__main__][INFO] - parameters: Parameter containing:
tensor([[ 0.0316,  0.7272,  0.0735,  0.6651,  0.0508,  0.1420, -0.0684,  0.0938,
          0.6233,  0.1781]], requires_grad=True)
[2023-01-20 21:57:10,444][__main__][INFO] - parameters: Parameter containing:
tensor([[ 0.0304,  0.7257,  0.0732,  0.6614,  0.0510,  0.1408, -0.0692,  0.1000,
          0.6245,  0.1777]], requires_grad=True)
