[2023-01-19 20:49:04,638][__main__][INFO] - parameters: Parameter containing:
tensor([[ 0.1000, -0.1000, -0.1000,  0.1000,  0.1000,  0.1000, -0.1000, -0.1000,
         -0.1000,  0.1000]], requires_grad=True)
[2023-01-19 20:49:05,193][__main__][INFO] - parameters: Parameter containing:
tensor([[ 0.1982, -0.1162, -0.1937,  0.0483,  0.0551,  0.1538, -0.1885, -0.1817,
         -0.0601,  0.0508]], requires_grad=True)
[2023-01-19 20:49:05,502][__main__][INFO] - parameters: Parameter containing:
tensor([[ 0.1737, -0.0963, -0.1752, -0.0079,  0.0434,  0.1317, -0.1951, -0.1222,
          0.0084, -0.0164]], requires_grad=True)
[2023-01-19 20:49:05,820][__main__][INFO] - parameters: Parameter containing:
tensor([[ 0.1298, -0.0984, -0.1451, -0.0632,  0.0710,  0.0888, -0.1522, -0.0526,
          0.0132, -0.0679]], requires_grad=True)
[2023-01-19 20:49:06,141][__main__][INFO] - parameters: Parameter containing:
tensor([[ 6.9595e-02, -8.1073e-02, -1.0754e-01, -1.2688e-01,  7.9859e-02,
          5.2353e-02, -1.2967e-01, -8.9489e-05,  2.3200e-02, -1.3749e-01]],
       requires_grad=True)
[2023-01-19 20:49:06,453][__main__][INFO] - parameters: Parameter containing:
tensor([[ 0.0117, -0.0561, -0.0594, -0.1918,  0.0794,  0.0214, -0.1063,  0.0655,
          0.0688, -0.2169]], requires_grad=True)
[2023-01-19 20:49:06,742][__main__][INFO] - parameters: Parameter containing:
tensor([[-0.0511, -0.0252, -0.0008, -0.2460,  0.0856,  0.0028, -0.0702,  0.1025,
          0.1231, -0.2872]], requires_grad=True)
[2023-01-19 20:49:07,054][__main__][INFO] - parameters: Parameter containing:
tensor([[-0.1169,  0.0092,  0.0651, -0.2858,  0.0934, -0.0178, -0.0303,  0.1422,
          0.1825, -0.3454]], requires_grad=True)
[2023-01-19 20:49:07,357][__main__][INFO] - parameters: Parameter containing:
tensor([[-0.1594,  0.0531,  0.1326, -0.2901,  0.1012, -0.0380,  0.0096,  0.1780,
          0.2468, -0.4152]], requires_grad=True)
[2023-01-19 20:49:07,677][__main__][INFO] - parameters: Parameter containing:
tensor([[-0.1857,  0.0880,  0.1887, -0.2834,  0.1071, -0.0399,  0.0412,  0.1963,
          0.3102, -0.4862]], requires_grad=True)
[2023-01-19 20:49:07,991][__main__][INFO] - parameters: Parameter containing:
tensor([[-0.2380,  0.1212,  0.2559, -0.2985,  0.1116, -0.0477,  0.0852,  0.2006,
          0.3773, -0.5324]], requires_grad=True)
[2023-01-19 20:49:08,302][__main__][INFO] - parameters: Parameter containing:
tensor([[-0.2775,  0.1505,  0.3044, -0.3176,  0.0983, -0.0484,  0.1092,  0.1971,
          0.4260, -0.5683]], requires_grad=True)
[2023-01-19 20:49:08,612][__main__][INFO] - parameters: Parameter containing:
tensor([[-0.3183,  0.1873,  0.3605, -0.3372,  0.0998, -0.0746,  0.1484,  0.1859,
          0.4692, -0.5772]], requires_grad=True)
[2023-01-19 20:49:08,916][__main__][INFO] - parameters: Parameter containing:
tensor([[-0.3478,  0.2259,  0.4141, -0.3396,  0.1087, -0.0922,  0.1844,  0.1735,
          0.5194, -0.5959]], requires_grad=True)
[2023-01-19 20:49:09,223][__main__][INFO] - parameters: Parameter containing:
tensor([[-0.3737,  0.2718,  0.4703, -0.3153,  0.1321, -0.1255,  0.2148,  0.1617,
          0.5375, -0.6261]], requires_grad=True)
[2023-01-19 20:49:09,530][__main__][INFO] - parameters: Parameter containing:
tensor([[-0.4100,  0.3321,  0.5392, -0.2790,  0.1658, -0.1731,  0.2502,  0.1461,
          0.5409, -0.6580]], requires_grad=True)
[2023-01-19 20:49:09,832][__main__][INFO] - parameters: Parameter containing:
tensor([[-0.4315,  0.3807,  0.5871, -0.2509,  0.1816, -0.2120,  0.2730,  0.1330,
          0.5452, -0.6726]], requires_grad=True)
[2023-01-19 20:49:10,138][__main__][INFO] - parameters: Parameter containing:
tensor([[-0.4488,  0.4355,  0.6264, -0.2228,  0.1827, -0.2462,  0.2730,  0.1118,
          0.5526, -0.6972]], requires_grad=True)
[2023-01-19 20:49:10,431][__main__][INFO] - parameters: Parameter containing:
tensor([[-0.4611,  0.4827,  0.6604, -0.1948,  0.1785, -0.2609,  0.2702,  0.1093,
          0.5635, -0.7308]], requires_grad=True)
[2023-01-19 20:49:10,725][__main__][INFO] - parameters: Parameter containing:
tensor([[-0.4793,  0.5350,  0.7054, -0.1625,  0.1857, -0.2770,  0.2842,  0.1112,
          0.5942, -0.7759]], requires_grad=True)
[2023-01-19 20:49:11,022][__main__][INFO] - parameters: Parameter containing:
tensor([[-0.4835,  0.5656,  0.7327, -0.1396,  0.2020, -0.3007,  0.3007,  0.1169,
          0.6075, -0.7947]], requires_grad=True)
[2023-01-19 20:49:11,350][__main__][INFO] - parameters: Parameter containing:
tensor([[-0.5015,  0.6007,  0.7673, -0.1498,  0.2262, -0.3471,  0.3317,  0.1345,
          0.6294, -0.7971]], requires_grad=True)
[2023-01-19 20:49:11,651][__main__][INFO] - parameters: Parameter containing:
tensor([[-0.5223,  0.6396,  0.8075, -0.1606,  0.2537, -0.3956,  0.3705,  0.1420,
          0.6517, -0.7949]], requires_grad=True)
[2023-01-19 20:49:11,957][__main__][INFO] - parameters: Parameter containing:
tensor([[-0.5531,  0.6766,  0.8500, -0.1733,  0.2754, -0.4415,  0.4101,  0.1560,
          0.6727, -0.7840]], requires_grad=True)
[2023-01-19 20:49:12,259][__main__][INFO] - parameters: Parameter containing:
tensor([[-0.5799,  0.7038,  0.8853, -0.1684,  0.3036, -0.4850,  0.4427,  0.1602,
          0.6703, -0.7642]], requires_grad=True)
[2023-01-19 20:49:12,559][__main__][INFO] - parameters: Parameter containing:
tensor([[-0.5920,  0.7220,  0.9154, -0.1530,  0.3343, -0.5076,  0.4814,  0.1608,
          0.6700, -0.7427]], requires_grad=True)
[2023-01-19 20:49:12,868][__main__][INFO] - parameters: Parameter containing:
tensor([[-0.5963,  0.7343,  0.9426, -0.1259,  0.3688, -0.5151,  0.5194,  0.1520,
          0.6681, -0.7311]], requires_grad=True)
[2023-01-19 20:49:13,156][__main__][INFO] - parameters: Parameter containing:
tensor([[-0.6105,  0.7664,  0.9692, -0.1152,  0.3696, -0.5334,  0.5219,  0.1450,
          0.6786, -0.7234]], requires_grad=True)
[2023-01-19 20:49:13,470][__main__][INFO] - parameters: Parameter containing:
tensor([[-0.6343,  0.7802,  0.9875, -0.1014,  0.3752, -0.5521,  0.5191,  0.1570,
          0.6813, -0.6998]], requires_grad=True)
[2023-01-19 20:49:13,765][__main__][INFO] - parameters: Parameter containing:
tensor([[-0.6434,  0.7758,  0.9902, -0.0890,  0.3908, -0.5764,  0.5218,  0.1718,
          0.6710, -0.6676]], requires_grad=True)
[2023-01-19 20:49:14,065][__main__][INFO] - parameters: Parameter containing:
tensor([[-0.6392,  0.7661,  0.9819, -0.0676,  0.4047, -0.5980,  0.5161,  0.1940,
          0.6553, -0.6312]], requires_grad=True)
[2023-01-19 20:49:14,356][__main__][INFO] - parameters: Parameter containing:
tensor([[-0.6474,  0.7597,  0.9767, -0.0284,  0.4126, -0.6099,  0.5002,  0.2106,
          0.6313, -0.5765]], requires_grad=True)
[2023-01-19 20:49:14,654][__main__][INFO] - parameters: Parameter containing:
tensor([[-0.6280,  0.7449,  0.9548,  0.0160,  0.4283, -0.6332,  0.4830,  0.2563,
          0.5878, -0.5269]], requires_grad=True)
[2023-01-19 20:49:14,932][__main__][INFO] - parameters: Parameter containing:
tensor([[-0.6384,  0.7515,  0.9604,  0.0436,  0.4404, -0.6692,  0.4762,  0.3034,
          0.5732, -0.4841]], requires_grad=True)
[2023-01-19 20:49:15,236][__main__][INFO] - parameters: Parameter containing:
tensor([[-0.6338,  0.7416,  0.9449,  0.0536,  0.4429, -0.6977,  0.4682,  0.3202,
          0.5367, -0.4287]], requires_grad=True)
[2023-01-19 20:49:15,540][__main__][INFO] - parameters: Parameter containing:
tensor([[-0.6432,  0.7409,  0.9432,  0.0649,  0.4501, -0.7302,  0.4655,  0.3344,
          0.5009, -0.3713]], requires_grad=True)
[2023-01-19 20:49:15,837][__main__][INFO] - parameters: Parameter containing:
tensor([[-0.6510,  0.7340,  0.9416,  0.0873,  0.4661, -0.7516,  0.4681,  0.3367,
          0.4571, -0.3203]], requires_grad=True)
[2023-01-19 20:49:16,112][__main__][INFO] - parameters: Parameter containing:
tensor([[-0.6719,  0.7371,  0.9545,  0.0998,  0.4719, -0.7665,  0.4822,  0.3345,
          0.4372, -0.2909]], requires_grad=True)
[2023-01-19 20:49:16,404][__main__][INFO] - parameters: Parameter containing:
tensor([[-0.6800,  0.7330,  0.9620,  0.1175,  0.4691, -0.7713,  0.4894,  0.3407,
          0.4225, -0.2477]], requires_grad=True)
[2023-01-19 20:49:16,682][__main__][INFO] - parameters: Parameter containing:
tensor([[-0.6769,  0.7238,  0.9574,  0.1343,  0.4541, -0.7632,  0.4810,  0.3421,
          0.3994, -0.2035]], requires_grad=True)
[2023-01-19 20:49:16,985][__main__][INFO] - parameters: Parameter containing:
tensor([[-0.6725,  0.7232,  0.9555,  0.1389,  0.4273, -0.7564,  0.4734,  0.3470,
          0.3882, -0.1628]], requires_grad=True)
[2023-01-19 20:49:17,277][__main__][INFO] - parameters: Parameter containing:
tensor([[-0.6639,  0.7238,  0.9521,  0.1444,  0.3927, -0.7428,  0.4669,  0.3595,
          0.3837, -0.1307]], requires_grad=True)
[2023-01-19 20:49:17,560][__main__][INFO] - parameters: Parameter containing:
tensor([[-0.6572,  0.7327,  0.9598,  0.1541,  0.3539, -0.7195,  0.4624,  0.3679,
          0.3941, -0.1117]], requires_grad=True)
[2023-01-19 20:49:17,869][__main__][INFO] - parameters: Parameter containing:
tensor([[-0.6553,  0.7357,  0.9690,  0.1584,  0.3265, -0.6939,  0.4672,  0.3606,
          0.4044, -0.0986]], requires_grad=True)
[2023-01-19 20:49:18,157][__main__][INFO] - parameters: Parameter containing:
tensor([[-0.6643,  0.7393,  0.9841,  0.1698,  0.3092, -0.6692,  0.4755,  0.3373,
          0.4108, -0.0855]], requires_grad=True)
[2023-01-19 20:49:18,474][__main__][INFO] - parameters: Parameter containing:
tensor([[-0.6606,  0.7402,  0.9880,  0.1864,  0.2854, -0.6420,  0.4702,  0.3068,
          0.4035, -0.0600]], requires_grad=True)
[2023-01-19 20:49:18,786][__main__][INFO] - parameters: Parameter containing:
tensor([[-0.6490,  0.7518,  0.9824,  0.1833,  0.2454, -0.6291,  0.4511,  0.2738,
          0.3924, -0.0456]], requires_grad=True)
[2023-01-19 20:49:19,089][__main__][INFO] - parameters: Parameter containing:
tensor([[-0.6494,  0.7594,  0.9807,  0.1690,  0.2095, -0.6219,  0.4396,  0.2511,
          0.3864, -0.0339]], requires_grad=True)
[2023-01-19 20:49:19,396][__main__][INFO] - parameters: Parameter containing:
tensor([[-0.6620,  0.7583,  0.9854,  0.1544,  0.1993, -0.6161,  0.4402,  0.2372,
          0.3857, -0.0300]], requires_grad=True)
[2023-01-19 20:49:19,666][__main__][INFO] - parameters: Parameter containing:
tensor([[-0.6568,  0.7437,  0.9721,  0.1492,  0.1947, -0.6074,  0.4317,  0.2255,
          0.3752, -0.0290]], requires_grad=True)
[2023-01-19 20:49:19,973][__main__][INFO] - parameters: Parameter containing:
tensor([[-0.6613,  0.7344,  0.9765,  0.1640,  0.2154, -0.6067,  0.4372,  0.2268,
          0.3767, -0.0344]], requires_grad=True)
[2023-01-19 20:49:20,273][__main__][INFO] - parameters: Parameter containing:
tensor([[-0.6813,  0.7493,  1.0021,  0.1757,  0.2443, -0.6309,  0.4556,  0.2416,
          0.3947, -0.0392]], requires_grad=True)
[2023-01-19 20:49:20,579][__main__][INFO] - parameters: Parameter containing:
tensor([[-0.6880,  0.7602,  1.0143,  0.1714,  0.2429, -0.6473,  0.4588,  0.2632,
          0.4227, -0.0349]], requires_grad=True)
[2023-01-19 20:49:20,883][__main__][INFO] - parameters: Parameter containing:
tensor([[-0.6823,  0.7562,  1.0159,  0.1647,  0.2380, -0.6519,  0.4671,  0.2935,
          0.4513, -0.0266]], requires_grad=True)
[2023-01-19 20:49:21,192][__main__][INFO] - parameters: Parameter containing:
tensor([[-0.6896,  0.7740,  1.0270,  0.1514,  0.2181, -0.6688,  0.4596,  0.3332,
          0.4935, -0.0129]], requires_grad=True)
[2023-01-19 20:49:21,488][__main__][INFO] - parameters: Parameter containing:
tensor([[-0.6954,  0.7882,  1.0404,  0.1299,  0.1886, -0.6734,  0.4541,  0.3755,
          0.5489,  0.0039]], requires_grad=True)
[2023-01-19 20:49:21,800][__main__][INFO] - parameters: Parameter containing:
tensor([[-0.6987,  0.7870,  1.0489,  0.1182,  0.1792, -0.6724,  0.4606,  0.4182,
          0.5935,  0.0122]], requires_grad=True)
[2023-01-19 20:49:22,115][__main__][INFO] - parameters: Parameter containing:
tensor([[-0.7055,  0.7924,  1.0568,  0.1191,  0.1713, -0.6691,  0.4489,  0.4638,
          0.6319,  0.0130]], requires_grad=True)
[2023-01-19 20:49:22,392][__main__][INFO] - parameters: Parameter containing:
tensor([[-0.7209,  0.8120,  1.0858,  0.1277,  0.1799, -0.6600,  0.4698,  0.4799,
          0.6600,  0.0129]], requires_grad=True)
[2023-01-19 20:49:22,701][__main__][INFO] - parameters: Parameter containing:
tensor([[-0.7283,  0.8169,  1.1186,  0.1473,  0.2005, -0.6519,  0.5066,  0.5268,
          0.7027,  0.0122]], requires_grad=True)
[2023-01-19 20:49:22,990][__main__][INFO] - parameters: Parameter containing:
tensor([[-0.7247,  0.8143,  1.1431,  0.1675,  0.2150, -0.6462,  0.5422,  0.5685,
          0.7441,  0.0246]], requires_grad=True)
[2023-01-19 20:49:23,289][__main__][INFO] - parameters: Parameter containing:
tensor([[-0.7120,  0.8141,  1.1594,  0.1907,  0.2195, -0.6456,  0.5649,  0.6044,
          0.7795,  0.0393]], requires_grad=True)
[2023-01-19 20:49:23,585][__main__][INFO] - parameters: Parameter containing:
tensor([[-0.6968,  0.8209,  1.1753,  0.2070,  0.2200, -0.6492,  0.5877,  0.6410,
          0.8227,  0.0464]], requires_grad=True)
[2023-01-19 20:49:23,876][__main__][INFO] - parameters: Parameter containing:
tensor([[-0.6873,  0.8192,  1.1775,  0.2122,  0.2153, -0.6479,  0.5982,  0.6662,
          0.8505,  0.0552]], requires_grad=True)
[2023-01-19 20:49:24,167][__main__][INFO] - parameters: Parameter containing:
tensor([[-0.6768,  0.8083,  1.1716,  0.2096,  0.2102, -0.6458,  0.6057,  0.6912,
          0.8746,  0.0714]], requires_grad=True)
[2023-01-19 20:49:24,471][__main__][INFO] - parameters: Parameter containing:
tensor([[-0.6729,  0.8067,  1.1698,  0.1998,  0.2010, -0.6482,  0.6123,  0.7075,
          0.9045,  0.0743]], requires_grad=True)
[2023-01-19 20:49:24,769][__main__][INFO] - parameters: Parameter containing:
tensor([[-0.6738,  0.8093,  1.1706,  0.1793,  0.1894, -0.6540,  0.6190,  0.7225,
          0.9425,  0.0713]], requires_grad=True)
[2023-01-19 20:49:25,055][__main__][INFO] - parameters: Parameter containing:
tensor([[-0.6760,  0.8066,  1.1670,  0.1650,  0.1824, -0.6602,  0.6167,  0.7438,
          0.9735,  0.0697]], requires_grad=True)
[2023-01-19 20:49:25,328][__main__][INFO] - parameters: Parameter containing:
tensor([[-0.6840,  0.8010,  1.1630,  0.1533,  0.1857, -0.6682,  0.6156,  0.7602,
          0.9942,  0.0711]], requires_grad=True)
[2023-01-19 20:49:25,624][__main__][INFO] - parameters: Parameter containing:
tensor([[-0.7010,  0.8036,  1.1609,  0.1337,  0.1845, -0.6869,  0.6024,  0.7780,
          1.0090,  0.0659]], requires_grad=True)
[2023-01-19 20:49:25,924][__main__][INFO] - parameters: Parameter containing:
tensor([[-0.7082,  0.8119,  1.1560,  0.1227,  0.1744, -0.6960,  0.5872,  0.7841,
          1.0319,  0.0667]], requires_grad=True)
[2023-01-19 20:49:26,232][__main__][INFO] - parameters: Parameter containing:
tensor([[-0.7027,  0.8188,  1.1553,  0.1307,  0.1694, -0.6938,  0.5865,  0.7829,
          1.0583,  0.0676]], requires_grad=True)
[2023-01-19 20:49:26,528][__main__][INFO] - parameters: Parameter containing:
tensor([[-0.6954,  0.8323,  1.1599,  0.1394,  0.1644, -0.6915,  0.5956,  0.7767,
          1.0884,  0.0641]], requires_grad=True)
[2023-01-19 20:49:26,813][__main__][INFO] - parameters: Parameter containing:
tensor([[-0.6913,  0.8366,  1.1568,  0.1469,  0.1610, -0.6749,  0.6022,  0.7515,
          1.1036,  0.0649]], requires_grad=True)
[2023-01-19 20:49:27,101][__main__][INFO] - parameters: Parameter containing:
tensor([[-0.7029,  0.8504,  1.1664,  0.1582,  0.1618, -0.6650,  0.6097,  0.7286,
          1.1173,  0.0614]], requires_grad=True)
[2023-01-19 20:49:27,403][__main__][INFO] - parameters: Parameter containing:
tensor([[-0.7259,  0.8783,  1.1868,  0.1572,  0.1512, -0.6681,  0.6147,  0.7120,
          1.1430,  0.0548]], requires_grad=True)
[2023-01-19 20:49:27,718][__main__][INFO] - parameters: Parameter containing:
tensor([[-0.7179,  0.8963,  1.1909,  0.1777,  0.1350, -0.6598,  0.6083,  0.7005,
          1.1677,  0.0657]], requires_grad=True)
[2023-01-19 20:49:28,016][__main__][INFO] - parameters: Parameter containing:
tensor([[-0.6899,  0.9035,  1.1860,  0.2128,  0.1121, -0.6344,  0.5951,  0.6878,
          1.1962,  0.0914]], requires_grad=True)
[2023-01-19 20:49:28,311][__main__][INFO] - parameters: Parameter containing:
tensor([[-0.6796,  0.9123,  1.1907,  0.2357,  0.0996, -0.6268,  0.5931,  0.6875,
          1.2202,  0.1031]], requires_grad=True)
[2023-01-19 20:49:28,597][__main__][INFO] - parameters: Parameter containing:
tensor([[-0.6718,  0.9170,  1.1940,  0.2526,  0.0928, -0.6325,  0.5946,  0.6932,
          1.2386,  0.1203]], requires_grad=True)
[2023-01-19 20:49:28,881][__main__][INFO] - parameters: Parameter containing:
tensor([[-0.6563,  0.9259,  1.1940,  0.2788,  0.0879, -0.6413,  0.5935,  0.6946,
          1.2441,  0.1357]], requires_grad=True)
[2023-01-19 20:49:29,176][__main__][INFO] - parameters: Parameter containing:
tensor([[-0.6477,  0.9384,  1.1989,  0.2981,  0.0871, -0.6585,  0.5993,  0.6974,
          1.2440,  0.1462]], requires_grad=True)
[2023-01-19 20:49:29,474][__main__][INFO] - parameters: Parameter containing:
tensor([[-0.6397,  0.9547,  1.2028,  0.3188,  0.0935, -0.6906,  0.6009,  0.6949,
          1.2262,  0.1475]], requires_grad=True)
[2023-01-19 20:49:29,767][__main__][INFO] - parameters: Parameter containing:
tensor([[-0.6253,  0.9583,  1.2009,  0.3490,  0.1092, -0.7114,  0.6084,  0.6875,
          1.2008,  0.1452]], requires_grad=True)
[2023-01-19 20:49:30,078][__main__][INFO] - parameters: Parameter containing:
tensor([[-0.6104,  0.9647,  1.2040,  0.3832,  0.1245, -0.7286,  0.6211,  0.6823,
          1.1857,  0.1421]], requires_grad=True)
[2023-01-19 20:49:30,376][__main__][INFO] - parameters: Parameter containing:
tensor([[-0.6002,  0.9795,  1.2125,  0.4180,  0.1374, -0.7572,  0.6312,  0.6784,
          1.1757,  0.1486]], requires_grad=True)
[2023-01-19 20:49:30,663][__main__][INFO] - parameters: Parameter containing:
tensor([[-0.6012,  0.9903,  1.2268,  0.4229,  0.1506, -0.7978,  0.6576,  0.6783,
          1.1789,  0.1691]], requires_grad=True)
[2023-01-19 20:49:30,975][__main__][INFO] - parameters: Parameter containing:
tensor([[-0.6004,  0.9948,  1.2324,  0.4134,  0.1519, -0.8309,  0.6776,  0.6806,
          1.1886,  0.1923]], requires_grad=True)
[2023-01-19 20:49:31,271][__main__][INFO] - parameters: Parameter containing:
tensor([[-0.5920,  0.9928,  1.2254,  0.3861,  0.1356, -0.8587,  0.6917,  0.6818,
          1.2063,  0.2199]], requires_grad=True)
[2023-01-19 20:49:31,573][__main__][INFO] - parameters: Parameter containing:
tensor([[-0.5818,  0.9935,  1.2194,  0.3701,  0.1208, -0.8753,  0.7025,  0.6781,
          1.2248,  0.2433]], requires_grad=True)
[2023-01-19 20:49:31,871][__main__][INFO] - parameters: Parameter containing:
tensor([[-0.5621,  0.9953,  1.2111,  0.3690,  0.1175, -0.8979,  0.7083,  0.6799,
          1.2337,  0.2522]], requires_grad=True)
[2023-01-19 20:49:32,157][__main__][INFO] - parameters: Parameter containing:
tensor([[-0.5496,  0.9968,  1.2110,  0.3768,  0.1327, -0.9249,  0.7215,  0.6843,
          1.2369,  0.2506]], requires_grad=True)
[2023-01-19 20:49:32,456][__main__][INFO] - parameters: Parameter containing:
tensor([[-0.5576,  1.0023,  1.2214,  0.3787,  0.1607, -0.9568,  0.7399,  0.6832,
          1.2294,  0.2389]], requires_grad=True)
[2023-01-19 20:49:32,745][__main__][INFO] - parameters: Parameter containing:
tensor([[-0.5662,  0.9899,  1.2216,  0.3820,  0.2003, -0.9893,  0.7539,  0.6947,
          1.2127,  0.2240]], requires_grad=True)
[2023-01-19 20:49:33,038][__main__][INFO] - parameters: Parameter containing:
tensor([[-0.5705,  0.9645,  1.2118,  0.3846,  0.2373, -1.0063,  0.7600,  0.7099,
          1.1961,  0.2090]], requires_grad=True)
[2023-01-19 20:49:33,353][__main__][INFO] - parameters: Parameter containing:
tensor([[-0.5812,  0.9507,  1.2133,  0.3943,  0.2763, -1.0308,  0.7658,  0.7314,
          1.1839,  0.1974]], requires_grad=True)
[2023-01-19 20:49:33,650][__main__][INFO] - parameters: Parameter containing:
tensor([[-0.5654,  0.9360,  1.1999,  0.4286,  0.3159, -1.0596,  0.7577,  0.7506,
          1.1618,  0.1984]], requires_grad=True)
[2023-01-19 20:49:33,955][__main__][INFO] - parameters: Parameter containing:
tensor([[-0.5595,  0.9302,  1.1881,  0.4394,  0.3482, -1.1038,  0.7457,  0.7776,
          1.1430,  0.1921]], requires_grad=True)
[2023-01-19 20:49:34,260][__main__][INFO] - parameters: Parameter containing:
tensor([[-0.5617,  0.9101,  1.1712,  0.4391,  0.3868, -1.1520,  0.7383,  0.8043,
          1.1134,  0.2036]], requires_grad=True)
[2023-01-19 20:49:34,570][__main__][INFO] - parameters: Parameter containing:
tensor([[-0.5859,  0.9027,  1.1691,  0.4157,  0.4147, -1.2015,  0.7329,  0.8380,
          1.1023,  0.2176]], requires_grad=True)
[2023-01-19 20:49:34,888][__main__][INFO] - parameters: Parameter containing:
tensor([[-0.5864,  0.8937,  1.1554,  0.3997,  0.4343, -1.2466,  0.7208,  0.8736,
          1.0970,  0.2331]], requires_grad=True)
[2023-01-19 20:49:35,173][__main__][INFO] - parameters: Parameter containing:
tensor([[-0.5879,  0.9037,  1.1576,  0.3926,  0.4576, -1.2979,  0.7184,  0.9136,
          1.1009,  0.2265]], requires_grad=True)
[2023-01-19 20:49:35,466][__main__][INFO] - parameters: Parameter containing:
tensor([[-0.5666,  0.9014,  1.1371,  0.3983,  0.4692, -1.3201,  0.6991,  0.9381,
          1.0961,  0.2201]], requires_grad=True)
[2023-01-19 20:49:35,768][__main__][INFO] - parameters: Parameter containing:
tensor([[-0.5372,  0.8876,  1.0953,  0.3974,  0.4628, -1.3213,  0.6541,  0.9475,
          1.0862,  0.2283]], requires_grad=True)
[2023-01-19 20:49:36,059][__main__][INFO] - parameters: Parameter containing:
tensor([[-0.5034,  0.8555,  1.0405,  0.3879,  0.4444, -1.3079,  0.6006,  0.9547,
          1.0652,  0.2461]], requires_grad=True)
[2023-01-19 20:49:36,346][__main__][INFO] - parameters: Parameter containing:
tensor([[-0.4832,  0.8396,  0.9965,  0.3825,  0.4313, -1.2951,  0.5467,  0.9497,
          1.0350,  0.2391]], requires_grad=True)
[2023-01-19 20:49:36,636][__main__][INFO] - parameters: Parameter containing:
tensor([[-0.4636,  0.8218,  0.9476,  0.3733,  0.4145, -1.2841,  0.4847,  0.9524,
          1.0033,  0.2283]], requires_grad=True)
[2023-01-19 20:49:36,938][__main__][INFO] - parameters: Parameter containing:
tensor([[-0.4648,  0.7996,  0.9161,  0.3542,  0.4116, -1.2773,  0.4486,  0.9628,
          0.9783,  0.2164]], requires_grad=True)
[2023-01-19 20:49:37,237][__main__][INFO] - parameters: Parameter containing:
tensor([[-0.4626,  0.7697,  0.8747,  0.3374,  0.4024, -1.2663,  0.4045,  0.9681,
          0.9485,  0.1988]], requires_grad=True)
[2023-01-19 20:49:37,548][__main__][INFO] - parameters: Parameter containing:
tensor([[-0.4479,  0.7291,  0.8190,  0.3108,  0.3903, -1.2599,  0.3603,  0.9643,
          0.8985,  0.2042]], requires_grad=True)
[2023-01-19 20:49:37,849][__main__][INFO] - parameters: Parameter containing:
tensor([[-0.4464,  0.7009,  0.7784,  0.2968,  0.3855, -1.2481,  0.3192,  0.9445,
          0.8508,  0.2003]], requires_grad=True)
[2023-01-19 20:49:38,162][__main__][INFO] - parameters: Parameter containing:
tensor([[-0.4490,  0.6729,  0.7465,  0.2867,  0.3892, -1.2328,  0.2911,  0.9200,
          0.8073,  0.1878]], requires_grad=True)
[2023-01-19 20:49:38,456][__main__][INFO] - parameters: Parameter containing:
tensor([[-0.4529,  0.6456,  0.7190,  0.2903,  0.3986, -1.2044,  0.2662,  0.8846,
          0.7629,  0.1830]], requires_grad=True)
[2023-01-19 20:49:38,756][__main__][INFO] - parameters: Parameter containing:
tensor([[-0.4560,  0.6262,  0.6951,  0.2801,  0.4001, -1.1793,  0.2471,  0.8553,
          0.7341,  0.1539]], requires_grad=True)
[2023-01-19 20:49:39,058][__main__][INFO] - parameters: Parameter containing:
tensor([[-0.4748,  0.6097,  0.6902,  0.2848,  0.4197, -1.1628,  0.2458,  0.8434,
          0.7128,  0.1300]], requires_grad=True)
[2023-01-19 20:49:39,362][__main__][INFO] - parameters: Parameter containing:
tensor([[-0.4994,  0.5919,  0.6892,  0.2861,  0.4478, -1.1492,  0.2549,  0.8340,
          0.6965,  0.1113]], requires_grad=True)
[2023-01-19 20:49:39,652][__main__][INFO] - parameters: Parameter containing:
tensor([[-0.5166,  0.5680,  0.6771,  0.2781,  0.4685, -1.1381,  0.2593,  0.8088,
          0.6655,  0.1119]], requires_grad=True)
[2023-01-19 20:49:39,955][__main__][INFO] - parameters: Parameter containing:
tensor([[-0.5332,  0.5430,  0.6610,  0.2566,  0.4867, -1.1295,  0.2688,  0.7626,
          0.6234,  0.1158]], requires_grad=True)
[2023-01-19 20:49:40,252][__main__][INFO] - parameters: Parameter containing:
tensor([[-0.5474,  0.5458,  0.6544,  0.2204,  0.4882, -1.1398,  0.2765,  0.7094,
          0.5945,  0.0915]], requires_grad=True)
[2023-01-19 20:49:40,529][__main__][INFO] - parameters: Parameter containing:
tensor([[-0.5516,  0.5521,  0.6402,  0.1799,  0.4768, -1.1529,  0.2713,  0.6543,
          0.5658,  0.0526]], requires_grad=True)
[2023-01-19 20:49:40,832][__main__][INFO] - parameters: Parameter containing:
tensor([[-0.5614,  0.5603,  0.6355,  0.1495,  0.4708, -1.1671,  0.2737,  0.6021,
          0.5414,  0.0164]], requires_grad=True)
[2023-01-19 20:49:41,121][__main__][INFO] - parameters: Parameter containing:
tensor([[-0.5667,  0.5677,  0.6334,  0.1373,  0.4661, -1.1712,  0.2727,  0.5473,
          0.5236, -0.0201]], requires_grad=True)
[2023-01-19 20:49:41,429][__main__][INFO] - parameters: Parameter containing:
tensor([[-0.5534,  0.5755,  0.6240,  0.1443,  0.4537, -1.1610,  0.2576,  0.4951,
          0.5125, -0.0671]], requires_grad=True)
[2023-01-19 20:49:41,719][__main__][INFO] - parameters: Parameter containing:
tensor([[-0.5521,  0.5871,  0.6237,  0.1532,  0.4514, -1.1522,  0.2485,  0.4376,
          0.4999, -0.1133]], requires_grad=True)
[2023-01-19 20:49:42,013][__main__][INFO] - parameters: Parameter containing:
tensor([[-0.5590,  0.6013,  0.6307,  0.1685,  0.4639, -1.1456,  0.2455,  0.3766,
          0.4837, -0.1574]], requires_grad=True)
[2023-01-19 20:49:42,294][__main__][INFO] - parameters: Parameter containing:
tensor([[-0.5655,  0.6069,  0.6404,  0.1882,  0.4750, -1.1357,  0.2467,  0.3210,
          0.4781, -0.2016]], requires_grad=True)
[2023-01-19 20:49:42,601][__main__][INFO] - parameters: Parameter containing:
tensor([[-0.5711,  0.6200,  0.6540,  0.1988,  0.4733, -1.1306,  0.2435,  0.2760,
          0.4873, -0.2463]], requires_grad=True)
[2023-01-19 20:49:42,877][__main__][INFO] - parameters: Parameter containing:
tensor([[-0.5665,  0.6297,  0.6642,  0.2235,  0.4706, -1.1140,  0.2393,  0.2278,
          0.4970, -0.2880]], requires_grad=True)
[2023-01-19 20:49:43,174][__main__][INFO] - parameters: Parameter containing:
tensor([[-0.5640,  0.6589,  0.6842,  0.2768,  0.4696, -1.0899,  0.2053,  0.1832,
          0.5054, -0.3301]], requires_grad=True)
[2023-01-19 20:49:43,475][__main__][INFO] - parameters: Parameter containing:
tensor([[-0.5465,  0.6813,  0.6905,  0.3386,  0.4613, -1.0571,  0.1576,  0.1356,
          0.5120, -0.3696]], requires_grad=True)
[2023-01-19 20:49:43,760][__main__][INFO] - parameters: Parameter containing:
tensor([[-0.5335,  0.7005,  0.6977,  0.3902,  0.4541, -1.0218,  0.1203,  0.0840,
          0.5154, -0.4093]], requires_grad=True)
[2023-01-19 20:49:44,059][__main__][INFO] - parameters: Parameter containing:
tensor([[-0.5300,  0.7202,  0.7166,  0.4390,  0.4545, -0.9850,  0.1007,  0.0404,
          0.5344, -0.4387]], requires_grad=True)
[2023-01-19 20:49:44,351][__main__][INFO] - parameters: Parameter containing:
tensor([[-5.1275e-01,  7.3029e-01,  7.2108e-01,  4.9914e-01,  4.5144e-01,
         -9.4315e-01,  7.1166e-02, -2.9977e-04,  5.3953e-01, -4.6580e-01]],
       requires_grad=True)
[2023-01-19 20:49:44,659][__main__][INFO] - parameters: Parameter containing:
tensor([[-0.5057,  0.7454,  0.7253,  0.5389,  0.4465, -0.9112,  0.0418, -0.0398,
          0.5396, -0.4878]], requires_grad=True)
[2023-01-19 20:49:44,959][__main__][INFO] - parameters: Parameter containing:
tensor([[-0.5014,  0.7635,  0.7321,  0.5670,  0.4353, -0.8877,  0.0200, -0.0818,
          0.5403, -0.4957]], requires_grad=True)
[2023-01-19 20:49:45,278][__main__][INFO] - parameters: Parameter containing:
tensor([[-4.9680e-01,  7.8344e-01,  7.3404e-01,  5.8122e-01,  4.1679e-01,
         -8.8058e-01,  4.8833e-04, -1.2453e-01,  5.3221e-01, -4.9659e-01]],
       requires_grad=True)
[2023-01-19 20:49:45,572][__main__][INFO] - parameters: Parameter containing:
tensor([[-0.4915,  0.7918,  0.7302,  0.5808,  0.4010, -0.8814, -0.0086, -0.1596,
          0.5239, -0.4808]], requires_grad=True)
[2023-01-19 20:49:45,880][__main__][INFO] - parameters: Parameter containing:
tensor([[-0.4835,  0.7893,  0.7167,  0.5677,  0.3823, -0.8890, -0.0168, -0.1881,
          0.5109, -0.4553]], requires_grad=True)
[2023-01-19 20:49:46,199][__main__][INFO] - parameters: Parameter containing:
tensor([[-0.4667,  0.7761,  0.6883,  0.5501,  0.3535, -0.8815, -0.0370, -0.2132,
          0.4995, -0.4257]], requires_grad=True)
[2023-01-19 20:49:46,507][__main__][INFO] - parameters: Parameter containing:
tensor([[-0.4671,  0.7613,  0.6755,  0.5376,  0.3442, -0.8779, -0.0407, -0.2260,
          0.4879, -0.3970]], requires_grad=True)
[2023-01-19 20:49:46,809][__main__][INFO] - parameters: Parameter containing:
tensor([[-0.4763,  0.7501,  0.6769,  0.5416,  0.3389, -0.8596, -0.0407, -0.2328,
          0.4919, -0.3785]], requires_grad=True)
[2023-01-19 20:49:47,125][__main__][INFO] - parameters: Parameter containing:
tensor([[-0.5016,  0.7536,  0.6966,  0.5521,  0.3408, -0.8415, -0.0327, -0.2420,
          0.4981, -0.3689]], requires_grad=True)
[2023-01-19 20:49:47,438][__main__][INFO] - parameters: Parameter containing:
tensor([[-0.5247,  0.7679,  0.7233,  0.5588,  0.3422, -0.8402, -0.0173, -0.2418,
          0.5081, -0.3627]], requires_grad=True)
[2023-01-19 20:49:47,741][__main__][INFO] - parameters: Parameter containing:
tensor([[-0.5470,  0.7812,  0.7490,  0.5653,  0.3459, -0.8535, -0.0031, -0.2251,
          0.5181, -0.3376]], requires_grad=True)
[2023-01-19 20:49:48,038][__main__][INFO] - parameters: Parameter containing:
tensor([[-0.5666,  0.7901,  0.7750,  0.5728,  0.3489, -0.8675,  0.0201, -0.2091,
          0.5351, -0.3125]], requires_grad=True)
[2023-01-19 20:49:48,339][__main__][INFO] - parameters: Parameter containing:
tensor([[-0.5778,  0.7820,  0.7837,  0.5792,  0.3457, -0.8738,  0.0320, -0.1932,
          0.5417, -0.2782]], requires_grad=True)
[2023-01-19 20:49:48,651][__main__][INFO] - parameters: Parameter containing:
tensor([[-0.5774,  0.7635,  0.7776,  0.5832,  0.3404, -0.8767,  0.0406, -0.1878,
          0.5356, -0.2431]], requires_grad=True)
[2023-01-19 20:49:48,961][__main__][INFO] - parameters: Parameter containing:
tensor([[-0.5674,  0.7364,  0.7643,  0.5826,  0.3365, -0.8786,  0.0531, -0.1935,
          0.5274, -0.2080]], requires_grad=True)
[2023-01-19 20:49:49,253][__main__][INFO] - parameters: Parameter containing:
tensor([[-0.5661,  0.7220,  0.7652,  0.5793,  0.3410, -0.9004,  0.0757, -0.1888,
          0.5254, -0.1655]], requires_grad=True)
[2023-01-19 20:49:49,548][__main__][INFO] - parameters: Parameter containing:
tensor([[-0.5616,  0.7069,  0.7659,  0.5754,  0.3497, -0.9307,  0.0986, -0.1774,
          0.5221, -0.1198]], requires_grad=True)
[2023-01-19 20:49:49,846][__main__][INFO] - parameters: Parameter containing:
tensor([[-0.5609,  0.6979,  0.7738,  0.5775,  0.3593, -0.9690,  0.1175, -0.1490,
          0.5319, -0.0830]], requires_grad=True)
[2023-01-19 20:49:50,141][__main__][INFO] - parameters: Parameter containing:
tensor([[-0.5665,  0.6852,  0.7909,  0.5853,  0.3886, -1.0137,  0.1502, -0.1154,
          0.5365, -0.0580]], requires_grad=True)
[2023-01-19 20:49:50,424][__main__][INFO] - parameters: Parameter containing:
tensor([[-0.5691,  0.6845,  0.8145,  0.6073,  0.4101, -1.0412,  0.1792, -0.0957,
          0.5482, -0.0512]], requires_grad=True)
[2023-01-19 20:49:50,733][__main__][INFO] - parameters: Parameter containing:
tensor([[-0.5833,  0.7087,  0.8544,  0.6367,  0.4201, -1.0712,  0.1976, -0.0752,
          0.5769, -0.0491]], requires_grad=True)
[2023-01-19 20:49:51,036][__main__][INFO] - parameters: Parameter containing:
tensor([[-0.5871,  0.7197,  0.8804,  0.6736,  0.4215, -1.0842,  0.1978, -0.0598,
          0.6030, -0.0323]], requires_grad=True)
[2023-01-19 20:49:51,332][__main__][INFO] - parameters: Parameter containing:
tensor([[-0.5958,  0.7346,  0.9078,  0.7098,  0.4284, -1.1096,  0.1976, -0.0499,
          0.6120, -0.0162]], requires_grad=True)
[2023-01-19 20:49:51,613][__main__][INFO] - parameters: Parameter containing:
tensor([[-0.6018,  0.7443,  0.9278,  0.7500,  0.4351, -1.1354,  0.1890, -0.0375,
          0.6139,  0.0161]], requires_grad=True)
[2023-01-19 20:49:51,923][__main__][INFO] - parameters: Parameter containing:
tensor([[-0.6040,  0.7522,  0.9414,  0.7901,  0.4406, -1.1645,  0.1764, -0.0241,
          0.6096,  0.0472]], requires_grad=True)
[2023-01-19 20:49:52,230][__main__][INFO] - parameters: Parameter containing:
tensor([[-0.6056,  0.7599,  0.9558,  0.8248,  0.4411, -1.1879,  0.1687, -0.0119,
          0.6126,  0.0927]], requires_grad=True)
[2023-01-19 20:49:52,508][__main__][INFO] - parameters: Parameter containing:
tensor([[-0.6094,  0.7684,  0.9669,  0.8468,  0.4441, -1.2257,  0.1678, -0.0026,
          0.6044,  0.1378]], requires_grad=True)
[2023-01-19 20:49:52,818][__main__][INFO] - parameters: Parameter containing:
tensor([[-0.6006,  0.7632,  0.9600,  0.8674,  0.4360, -1.2532,  0.1535,  0.0126,
          0.5955,  0.1876]], requires_grad=True)
[2023-01-19 20:49:53,112][__main__][INFO] - parameters: Parameter containing:
tensor([[-0.5916,  0.7476,  0.9471,  0.8905,  0.4344, -1.2776,  0.1406,  0.0276,
          0.5803,  0.2465]], requires_grad=True)
[2023-01-19 20:49:53,402][__main__][INFO] - parameters: Parameter containing:
tensor([[-0.6086,  0.8117,  0.9706,  0.9470,  0.4325, -1.3524,  0.0928, -0.0139,
          0.5053,  0.2631]], requires_grad=True)
[2023-01-19 20:49:53,685][__main__][INFO] - parameters: Parameter containing:
tensor([[-0.6108,  0.8720,  0.9799,  1.0011,  0.4145, -1.4190,  0.0366, -0.0604,
          0.4365,  0.2737]], requires_grad=True)
[2023-01-19 20:49:53,984][__main__][INFO] - parameters: Parameter containing:
tensor([[-0.6106,  0.9245,  0.9857,  1.0511,  0.4017, -1.4898, -0.0125, -0.1057,
          0.3686,  0.2910]], requires_grad=True)
[2023-01-19 20:49:54,280][__main__][INFO] - parameters: Parameter containing:
tensor([[-0.6116,  0.9734,  0.9896,  1.0888,  0.3782, -1.5551, -0.0574, -0.1526,
          0.3138,  0.3232]], requires_grad=True)
[2023-01-19 20:49:54,561][__main__][INFO] - parameters: Parameter containing:
tensor([[-0.6189,  1.0161,  0.9992,  1.1212,  0.3565, -1.6149, -0.0886, -0.1851,
          0.2706,  0.3631]], requires_grad=True)
[2023-01-19 20:49:54,830][__main__][INFO] - parameters: Parameter containing:
tensor([[-0.6071,  1.0469,  0.9884,  1.1556,  0.3150, -1.6480, -0.1379, -0.2249,
          0.2269,  0.3979]], requires_grad=True)
[2023-01-19 20:49:55,130][__main__][INFO] - parameters: Parameter containing:
tensor([[-0.6047,  1.0914,  0.9932,  1.1756,  0.2767, -1.6987, -0.1770, -0.2478,
          0.2059,  0.4285]], requires_grad=True)
[2023-01-19 20:49:55,429][__main__][INFO] - parameters: Parameter containing:
tensor([[-0.6028,  1.1295,  1.0056,  1.1979,  0.2514, -1.7458, -0.2035, -0.2573,
          0.1877,  0.4454]], requires_grad=True)
[2023-01-19 20:49:55,712][__main__][INFO] - parameters: Parameter containing:
tensor([[-0.6002,  1.1592,  1.0095,  1.2214,  0.2372, -1.7895, -0.2383, -0.2768,
          0.1558,  0.4558]], requires_grad=True)
[2023-01-19 20:49:56,009][__main__][INFO] - parameters: Parameter containing:
tensor([[-0.6088,  1.1804,  1.0145,  1.2457,  0.2385, -1.8299, -0.2694, -0.2992,
          0.1164,  0.4613]], requires_grad=True)
[2023-01-19 20:49:56,307][__main__][INFO] - parameters: Parameter containing:
tensor([[-0.6443,  1.2134,  1.0491,  1.2609,  0.2522, -1.8769, -0.2714, -0.3183,
          0.0940,  0.4660]], requires_grad=True)
[2023-01-19 20:49:56,610][__main__][INFO] - parameters: Parameter containing:
tensor([[-0.6774,  1.2446,  1.0846,  1.2864,  0.2697, -1.9130, -0.2707, -0.3340,
          0.0720,  0.4641]], requires_grad=True)
[2023-01-19 20:49:56,895][__main__][INFO] - parameters: Parameter containing:
tensor([[-0.7093,  1.2693,  1.1182,  1.3041,  0.2965, -1.9542, -0.2583, -0.3523,
          0.0504,  0.4687]], requires_grad=True)
[2023-01-19 20:49:57,206][__main__][INFO] - parameters: Parameter containing:
tensor([[-0.7386,  1.2878,  1.1421,  1.3105,  0.3120, -1.9863, -0.2509, -0.3737,
          0.0282,  0.4720]], requires_grad=True)
[2023-01-19 20:49:57,504][__main__][INFO] - parameters: Parameter containing:
tensor([[-0.7500,  1.3079,  1.1514,  1.3209,  0.3079, -2.0140, -0.2659, -0.3998,
          0.0053,  0.4740]], requires_grad=True)
[2023-01-19 20:49:57,803][__main__][INFO] - parameters: Parameter containing:
tensor([[-0.7645,  1.3205,  1.1695,  1.3295,  0.3207, -2.0542, -0.2607, -0.3987,
         -0.0040,  0.4839]], requires_grad=True)
[2023-01-19 20:49:58,086][__main__][INFO] - parameters: Parameter containing:
tensor([[-0.7795,  1.3240,  1.1770,  1.3364,  0.3417, -2.1031, -0.2641, -0.3959,
         -0.0284,  0.5019]], requires_grad=True)
[2023-01-19 20:49:58,387][__main__][INFO] - parameters: Parameter containing:
tensor([[-0.7853,  1.3093,  1.1707,  1.3424,  0.3645, -2.1350, -0.2677, -0.3954,
         -0.0552,  0.5280]], requires_grad=True)
[2023-01-19 20:49:58,695][__main__][INFO] - parameters: Parameter containing:
tensor([[-0.7905,  1.2917,  1.1584,  1.3404,  0.3858, -2.1667, -0.2723, -0.3886,
         -0.0903,  0.5510]], requires_grad=True)
[2023-01-19 20:49:58,971][__main__][INFO] - parameters: Parameter containing:
tensor([[-0.8023,  1.2752,  1.1559,  1.3381,  0.4143, -2.1938, -0.2651, -0.3802,
         -0.1128,  0.5713]], requires_grad=True)
[2023-01-19 20:49:59,269][__main__][INFO] - parameters: Parameter containing:
tensor([[-0.8026,  1.2551,  1.1515,  1.3433,  0.4414, -2.2078, -0.2541, -0.3707,
         -0.1323,  0.5954]], requires_grad=True)
[2023-01-19 20:49:59,555][__main__][INFO] - parameters: Parameter containing:
tensor([[-0.7887,  1.2401,  1.1488,  1.3568,  0.4640, -2.2081, -0.2361, -0.3838,
         -0.1427,  0.6277]], requires_grad=True)
[2023-01-19 20:49:59,859][__main__][INFO] - parameters: Parameter containing:
tensor([[-0.7690,  1.2169,  1.1352,  1.3666,  0.4834, -2.2079, -0.2232, -0.3911,
         -0.1586,  0.6645]], requires_grad=True)
[2023-01-19 20:50:00,136][__main__][INFO] - parameters: Parameter containing:
tensor([[-0.7632,  1.1980,  1.1300,  1.3609,  0.4988, -2.2043, -0.1992, -0.4048,
         -0.1592,  0.7027]], requires_grad=True)
[2023-01-19 20:50:00,440][__main__][INFO] - parameters: Parameter containing:
tensor([[-0.7587,  1.1756,  1.1192,  1.3445,  0.5064, -2.1943, -0.1841, -0.4193,
         -0.1607,  0.7381]], requires_grad=True)
[2023-01-19 20:50:00,736][__main__][INFO] - parameters: Parameter containing:
tensor([[-0.7567,  1.1479,  1.1058,  1.3298,  0.5194, -2.1853, -0.1680, -0.4338,
         -0.1757,  0.7774]], requires_grad=True)
[2023-01-19 20:50:01,028][__main__][INFO] - parameters: Parameter containing:
tensor([[-0.7588,  1.1217,  1.0964,  1.3107,  0.5253, -2.1675, -0.1512, -0.4537,
         -0.1889,  0.8177]], requires_grad=True)
[2023-01-19 20:50:01,340][__main__][INFO] - parameters: Parameter containing:
tensor([[-0.7499,  1.1029,  1.0724,  1.2914,  0.5102, -2.1510, -0.1652, -0.4825,
         -0.2084,  0.8516]], requires_grad=True)
[2023-01-19 20:50:01,626][__main__][INFO] - parameters: Parameter containing:
tensor([[-0.7393,  1.0839,  1.0463,  1.2745,  0.4952, -2.1385, -0.1822, -0.5157,
         -0.2295,  0.9013]], requires_grad=True)
[2023-01-19 20:50:01,910][__main__][INFO] - parameters: Parameter containing:
tensor([[-0.7313,  1.0652,  1.0228,  1.2514,  0.4832, -2.1378, -0.1944, -0.5500,
         -0.2388,  0.9525]], requires_grad=True)
[2023-01-19 20:50:02,205][__main__][INFO] - parameters: Parameter containing:
tensor([[-0.7200,  1.0458,  1.0028,  1.2398,  0.4811, -2.1374, -0.1995, -0.5827,
         -0.2483,  1.0033]], requires_grad=True)
[2023-01-19 20:50:02,488][__main__][INFO] - parameters: Parameter containing:
tensor([[-0.7089,  1.0203,  0.9759,  1.2262,  0.4809, -2.1298, -0.2099, -0.6140,
         -0.2671,  1.0345]], requires_grad=True)
[2023-01-19 20:50:02,771][__main__][INFO] - parameters: Parameter containing:
tensor([[-0.6977,  0.9943,  0.9426,  1.2139,  0.4719, -2.1150, -0.2333, -0.6530,
         -0.2906,  1.0614]], requires_grad=True)
[2023-01-19 20:50:03,080][__main__][INFO] - parameters: Parameter containing:
tensor([[-0.6910,  0.9676,  0.9096,  1.2135,  0.4662, -2.0948, -0.2570, -0.7010,
         -0.3209,  1.0849]], requires_grad=True)
[2023-01-19 20:50:03,386][__main__][INFO] - parameters: Parameter containing:
tensor([[-0.6964,  0.9599,  0.8916,  1.2179,  0.4460, -2.0660, -0.2939, -0.7491,
         -0.3228,  1.0967]], requires_grad=True)
[2023-01-19 20:50:03,694][__main__][INFO] - parameters: Parameter containing:
tensor([[-0.7082,  0.9607,  0.8785,  1.2285,  0.4291, -2.0390, -0.3351, -0.7906,
         -0.3260,  1.0962]], requires_grad=True)
[2023-01-19 20:50:03,981][__main__][INFO] - parameters: Parameter containing:
tensor([[-0.7223,  0.9609,  0.8670,  1.2390,  0.4185, -2.0122, -0.3711, -0.8310,
         -0.3239,  1.0902]], requires_grad=True)
[2023-01-19 20:50:04,274][__main__][INFO] - parameters: Parameter containing:
tensor([[-0.7431,  0.9656,  0.8622,  1.2503,  0.4048, -1.9790, -0.4086, -0.8774,
         -0.3189,  1.0735]], requires_grad=True)
[2023-01-19 20:50:04,559][__main__][INFO] - parameters: Parameter containing:
tensor([[-0.7637,  0.9430,  0.8535,  1.2536,  0.4112, -1.9425, -0.4233, -0.9098,
         -0.3230,  1.0677]], requires_grad=True)
[2023-01-19 20:50:04,867][__main__][INFO] - parameters: Parameter containing:
tensor([[-0.7809,  0.9189,  0.8485,  1.2593,  0.4218, -1.9116, -0.4274, -0.9330,
         -0.3233,  1.0657]], requires_grad=True)
[2023-01-19 20:50:05,163][__main__][INFO] - parameters: Parameter containing:
tensor([[-0.7849,  0.8924,  0.8370,  1.2758,  0.4348, -1.8830, -0.4380, -0.9474,
         -0.3279,  1.0669]], requires_grad=True)
[2023-01-19 20:50:05,460][__main__][INFO] - parameters: Parameter containing:
tensor([[-0.7489,  0.8525,  0.8004,  1.3016,  0.4839, -1.8408, -0.4565, -0.8565,
         -0.3704,  0.9954]], requires_grad=True)
[2023-01-19 20:50:05,767][__main__][INFO] - parameters: Parameter containing:
tensor([[-0.7151,  0.8181,  0.7674,  1.3230,  0.5213, -1.8033, -0.4767, -0.7688,
         -0.3951,  0.9233]], requires_grad=True)
[2023-01-19 20:50:06,071][__main__][INFO] - parameters: Parameter containing:
tensor([[-0.6967,  0.7969,  0.7563,  1.3418,  0.5655, -1.7792, -0.4756, -0.6856,
         -0.4062,  0.8576]], requires_grad=True)
[2023-01-19 20:50:06,364][__main__][INFO] - parameters: Parameter containing:
tensor([[-0.6631,  0.7695,  0.7324,  1.3721,  0.5967, -1.7370, -0.4831, -0.6193,
         -0.4212,  0.7945]], requires_grad=True)
[2023-01-19 20:50:06,653][__main__][INFO] - parameters: Parameter containing:
tensor([[-0.6242,  0.7320,  0.6945,  1.3944,  0.6263, -1.6971, -0.5011, -0.5602,
         -0.4477,  0.7425]], requires_grad=True)
[2023-01-19 20:50:06,952][__main__][INFO] - parameters: Parameter containing:
tensor([[-0.5850,  0.7065,  0.6585,  1.4254,  0.6390, -1.6494, -0.5390, -0.5151,
         -0.4643,  0.6893]], requires_grad=True)
[2023-01-19 20:50:07,249][__main__][INFO] - parameters: Parameter containing:
tensor([[-0.5471,  0.6832,  0.6249,  1.4704,  0.6567, -1.5998, -0.5808, -0.4751,
         -0.4928,  0.6335]], requires_grad=True)
[2023-01-19 20:50:07,549][__main__][INFO] - parameters: Parameter containing:
tensor([[-0.5016,  0.6591,  0.5829,  1.5138,  0.6699, -1.5575, -0.6275, -0.4434,
         -0.5267,  0.5829]], requires_grad=True)
[2023-01-19 20:50:07,838][__main__][INFO] - parameters: Parameter containing:
tensor([[-0.4491,  0.6276,  0.5374,  1.5657,  0.6955, -1.5193, -0.6644, -0.4170,
         -0.5688,  0.5386]], requires_grad=True)
[2023-01-19 20:50:08,146][__main__][INFO] - parameters: Parameter containing:
tensor([[-0.4146,  0.6088,  0.5104,  1.5979,  0.7219, -1.4982, -0.6895, -0.3886,
         -0.6011,  0.5006]], requires_grad=True)
[2023-01-19 20:50:08,453][__main__][INFO] - parameters: Parameter containing:
tensor([[-0.3913,  0.6053,  0.4997,  1.6266,  0.7467, -1.4831, -0.7055, -0.3652,
         -0.6119,  0.4674]], requires_grad=True)
[2023-01-19 20:50:08,753][__main__][INFO] - parameters: Parameter containing:
tensor([[-0.3728,  0.6001,  0.4820,  1.6526,  0.7665, -1.4628, -0.7334, -0.3472,
         -0.6289,  0.4436]], requires_grad=True)
[2023-01-19 20:50:09,058][__main__][INFO] - parameters: Parameter containing:
tensor([[-0.3783,  0.6075,  0.4827,  1.6617,  0.7870, -1.4578, -0.7594, -0.3148,
         -0.6267,  0.4112]], requires_grad=True)
[2023-01-19 20:50:09,364][__main__][INFO] - parameters: Parameter containing:
tensor([[-0.3932,  0.6131,  0.4927,  1.6608,  0.8095, -1.4591, -0.7710, -0.2785,
         -0.6153,  0.3880]], requires_grad=True)
[2023-01-19 20:50:09,682][__main__][INFO] - parameters: Parameter containing:
tensor([[-0.4075,  0.6140,  0.5108,  1.6683,  0.8409, -1.4656, -0.7628, -0.2454,
         -0.6040,  0.3872]], requires_grad=True)
[2023-01-19 20:50:09,997][__main__][INFO] - parameters: Parameter containing:
tensor([[-0.4265,  0.6161,  0.5401,  1.6808,  0.8811, -1.4810, -0.7360, -0.2116,
         -0.5979,  0.3905]], requires_grad=True)
[2023-01-19 20:50:10,309][__main__][INFO] - parameters: Parameter containing:
tensor([[-0.4344,  0.6058,  0.5534,  1.7018,  0.9146, -1.4838, -0.7251, -0.1842,
         -0.6070,  0.3935]], requires_grad=True)
[2023-01-19 20:50:10,614][__main__][INFO] - parameters: Parameter containing:
tensor([[-0.4445,  0.5927,  0.5656,  1.7323,  0.9577, -1.4796, -0.7153, -0.1681,
         -0.6338,  0.3923]], requires_grad=True)
[2023-01-19 20:50:10,901][__main__][INFO] - parameters: Parameter containing:
tensor([[-0.4602,  0.5918,  0.5909,  1.7652,  1.0138, -1.4862, -0.6905, -0.1575,
         -0.6623,  0.3898]], requires_grad=True)
[2023-01-19 20:50:11,187][__main__][INFO] - parameters: Parameter containing:
tensor([[-0.4822,  0.5967,  0.6214,  1.7953,  1.0686, -1.5020, -0.6608, -0.1452,
         -0.6875,  0.3879]], requires_grad=True)
[2023-01-19 20:50:11,486][__main__][INFO] - parameters: Parameter containing:
tensor([[-0.4959,  0.6034,  0.6490,  1.8341,  1.1180, -1.5115, -0.6347, -0.1314,
         -0.7128,  0.3734]], requires_grad=True)
[2023-01-19 20:50:11,786][__main__][INFO] - parameters: Parameter containing:
tensor([[-0.5011,  0.6048,  0.6637,  1.8758,  1.1542, -1.5097, -0.6273, -0.1197,
         -0.7431,  0.3545]], requires_grad=True)
[2023-01-19 20:50:12,076][__main__][INFO] - parameters: Parameter containing:
tensor([[-0.5089,  0.5985,  0.6850,  1.9256,  1.2052, -1.5024, -0.6071, -0.1000,
         -0.7611,  0.3353]], requires_grad=True)
[2023-01-19 20:50:12,373][__main__][INFO] - parameters: Parameter containing:
tensor([[-0.5032,  0.5820,  0.6876,  1.9664,  1.2386, -1.4860, -0.6018, -0.0821,
         -0.7754,  0.3270]], requires_grad=True)
[2023-01-19 20:50:12,668][__main__][INFO] - parameters: Parameter containing:
tensor([[-0.5004,  0.5736,  0.6940,  1.9862,  1.2668, -1.4854, -0.5927, -0.0548,
         -0.7774,  0.3228]], requires_grad=True)
[2023-01-19 20:50:12,967][__main__][INFO] - parameters: Parameter containing:
tensor([[-0.4934,  0.5617,  0.6922,  1.9851,  1.2954, -1.4975, -0.5824, -0.0209,
         -0.7792,  0.3215]], requires_grad=True)
[2023-01-19 20:50:13,268][__main__][INFO] - parameters: Parameter containing:
tensor([[-0.5075,  0.5724,  0.7166,  1.9606,  1.3293, -1.5420, -0.5462,  0.0234,
         -0.7565,  0.3166]], requires_grad=True)
[2023-01-19 20:50:13,569][__main__][INFO] - parameters: Parameter containing:
tensor([[-0.5326,  0.6002,  0.7532,  1.9300,  1.3601, -1.5997, -0.5111,  0.0670,
         -0.7209,  0.3057]], requires_grad=True)
[2023-01-19 20:50:13,899][__main__][INFO] - parameters: Parameter containing:
tensor([[-0.5415,  0.6008,  0.7791,  1.9184,  1.4154, -1.6469, -0.4653,  0.1137,
         -0.7167,  0.3142]], requires_grad=True)
[2023-01-19 20:50:14,193][__main__][INFO] - parameters: Parameter containing:
tensor([[-0.5411,  0.5762,  0.7856,  1.9029,  1.4770, -1.6875, -0.4194,  0.1565,
         -0.7365,  0.3348]], requires_grad=True)
[2023-01-19 20:50:14,486][__main__][INFO] - parameters: Parameter containing:
tensor([[-0.5392,  0.5503,  0.7804,  1.8889,  1.5246, -1.7251, -0.3959,  0.1941,
         -0.7718,  0.3550]], requires_grad=True)
[2023-01-19 20:50:14,780][__main__][INFO] - parameters: Parameter containing:
tensor([[-0.5374,  0.5213,  0.7719,  1.8769,  1.5748, -1.7627, -0.3746,  0.2357,
         -0.8107,  0.3781]], requires_grad=True)
[2023-01-19 20:50:15,080][__main__][INFO] - parameters: Parameter containing:
tensor([[-0.5325,  0.4808,  0.7591,  1.8720,  1.6274, -1.7853, -0.3502,  0.2743,
         -0.8532,  0.4126]], requires_grad=True)
