[2023-01-20 21:35:46,539][__main__][INFO] - parameters: Parameter containing:
tensor([[ 0.1000, -0.1000, -0.1000,  0.1000,  0.1000,  0.1000, -0.1000, -0.1000,
         -0.1000,  0.1000]], requires_grad=True)
[2023-01-20 21:35:46,780][__main__][INFO] - parameters: Parameter containing:
tensor([[ 0.1976, -0.1146, -0.1955,  0.0483,  0.0537,  0.1541, -0.1870, -0.1862,
         -0.0504,  0.0492]], requires_grad=True)
[2023-01-20 21:35:47,015][__main__][INFO] - parameters: Parameter containing:
tensor([[ 0.1713, -0.1031, -0.1760, -0.0094,  0.0420,  0.1388, -0.1718, -0.1294,
          0.0231,  0.0274]], requires_grad=True)
[2023-01-20 21:35:47,219][__main__][INFO] - parameters: Parameter containing:
tensor([[ 0.1192, -0.1290, -0.1325, -0.0120,  0.0830,  0.1015, -0.1172, -0.0556,
          0.0325,  0.0512]], requires_grad=True)
[2023-01-20 21:35:47,425][__main__][INFO] - parameters: Parameter containing:
tensor([[ 0.1005, -0.1781, -0.1205,  0.0142,  0.1228,  0.1088, -0.0740,  0.0225,
          0.0471,  0.0737]], requires_grad=True)
[2023-01-20 21:35:47,616][__main__][INFO] - parameters: Parameter containing:
tensor([[ 0.0951, -0.2221, -0.1150,  0.0279,  0.1633,  0.0885, -0.0381,  0.0934,
          0.0426,  0.1151]], requires_grad=True)
[2023-01-20 21:35:47,818][__main__][INFO] - parameters: Parameter containing:
tensor([[ 0.1019, -0.2267, -0.1152,  0.0199,  0.1701,  0.0563, -0.0356,  0.1262,
          0.0502,  0.1575]], requires_grad=True)
[2023-01-20 21:35:48,016][__main__][INFO] - parameters: Parameter containing:
tensor([[ 0.1367, -0.2424, -0.1462, -0.0024,  0.1659,  0.0437, -0.0496,  0.1623,
          0.0865,  0.2062]], requires_grad=True)
[2023-01-20 21:35:48,236][__main__][INFO] - parameters: Parameter containing:
tensor([[ 0.1745, -0.2635, -0.1824, -0.0351,  0.1520,  0.0424, -0.0675,  0.1952,
          0.1319,  0.2381]], requires_grad=True)
[2023-01-20 21:35:48,443][__main__][INFO] - parameters: Parameter containing:
tensor([[ 0.2119, -0.2871, -0.2164, -0.0712,  0.1504,  0.0352, -0.0732,  0.2199,
          0.1396,  0.2538]], requires_grad=True)
[2023-01-20 21:35:48,648][__main__][INFO] - parameters: Parameter containing:
tensor([[ 0.2216, -0.2861, -0.2144, -0.1041,  0.1527,  0.0066, -0.0622,  0.2625,
          0.1742,  0.2495]], requires_grad=True)
[2023-01-20 21:35:48,863][__main__][INFO] - parameters: Parameter containing:
tensor([[ 0.2224, -0.2693, -0.2020, -0.1575,  0.1536, -0.0424, -0.0369,  0.3048,
          0.2138,  0.2147]], requires_grad=True)
[2023-01-20 21:35:49,070][__main__][INFO] - parameters: Parameter containing:
tensor([[ 0.2235, -0.2578, -0.1961, -0.2064,  0.1542, -0.0845, -0.0138,  0.3240,
          0.2267,  0.2065]], requires_grad=True)
[2023-01-20 21:35:49,277][__main__][INFO] - parameters: Parameter containing:
tensor([[ 0.2185, -0.2411, -0.1853, -0.2616,  0.1491, -0.1345,  0.0087,  0.3506,
          0.2474,  0.1890]], requires_grad=True)
[2023-01-20 21:35:49,495][__main__][INFO] - parameters: Parameter containing:
tensor([[ 0.2329, -0.2327, -0.1948, -0.3193,  0.1304, -0.1704,  0.0172,  0.3730,
          0.2686,  0.1682]], requires_grad=True)
[2023-01-20 21:35:49,688][__main__][INFO] - parameters: Parameter containing:
tensor([[ 0.2621, -0.2475, -0.2179, -0.3866,  0.1094, -0.1927,  0.0370,  0.4039,
          0.3086,  0.1837]], requires_grad=True)
[2023-01-20 21:35:49,882][__main__][INFO] - parameters: Parameter containing:
tensor([[ 0.2872, -0.2553, -0.2399, -0.4446,  0.0857, -0.2154,  0.0467,  0.4238,
          0.3360,  0.1987]], requires_grad=True)
[2023-01-20 21:35:50,067][__main__][INFO] - parameters: Parameter containing:
tensor([[ 0.3118, -0.2717, -0.2510, -0.4909,  0.0869, -0.2357,  0.0766,  0.4471,
          0.3635,  0.2189]], requires_grad=True)
[2023-01-20 21:35:50,260][__main__][INFO] - parameters: Parameter containing:
tensor([[ 0.3314, -0.2852, -0.2521, -0.5327,  0.0862, -0.2454,  0.1076,  0.4815,
          0.4104,  0.2167]], requires_grad=True)
[2023-01-20 21:35:50,446][__main__][INFO] - parameters: Parameter containing:
tensor([[ 0.3551, -0.2995, -0.2619, -0.5874,  0.0769, -0.2611,  0.1365,  0.5022,
          0.4505,  0.2298]], requires_grad=True)
[2023-01-20 21:35:50,642][__main__][INFO] - parameters: Parameter containing:
tensor([[ 0.3863, -0.3078, -0.2690, -0.6318,  0.0693, -0.2837,  0.1632,  0.5321,
          0.4819,  0.2466]], requires_grad=True)
[2023-01-20 21:35:50,839][__main__][INFO] - parameters: Parameter containing:
tensor([[ 0.4305, -0.3392, -0.2945, -0.6720,  0.0656, -0.2909,  0.1806,  0.5704,
          0.5191,  0.2715]], requires_grad=True)
[2023-01-20 21:35:51,051][__main__][INFO] - parameters: Parameter containing:
tensor([[ 0.4589, -0.3526, -0.3151, -0.7100,  0.0566, -0.3101,  0.1844,  0.6041,
          0.5440,  0.2851]], requires_grad=True)
[2023-01-20 21:35:51,246][__main__][INFO] - parameters: Parameter containing:
tensor([[ 0.5049, -0.3839, -0.3528, -0.7424,  0.0536, -0.3237,  0.1852,  0.6313,
          0.5512,  0.3169]], requires_grad=True)
[2023-01-20 21:35:51,441][__main__][INFO] - parameters: Parameter containing:
tensor([[ 0.5425, -0.4146, -0.3829, -0.7685,  0.0479, -0.3321,  0.1901,  0.6676,
          0.5678,  0.3367]], requires_grad=True)
[2023-01-20 21:35:51,630][__main__][INFO] - parameters: Parameter containing:
tensor([[ 0.5893, -0.4547, -0.4238, -0.7754,  0.0457, -0.3174,  0.1840,  0.6988,
          0.5682,  0.3337]], requires_grad=True)
[2023-01-20 21:35:51,818][__main__][INFO] - parameters: Parameter containing:
tensor([[ 0.6322, -0.4863, -0.4524, -0.7840,  0.0512, -0.3116,  0.1922,  0.7198,
          0.5724,  0.3180]], requires_grad=True)
[2023-01-20 21:35:52,012][__main__][INFO] - parameters: Parameter containing:
tensor([[ 0.6673, -0.5109, -0.4761, -0.7925,  0.0470, -0.3009,  0.1951,  0.7552,
          0.5916,  0.2851]], requires_grad=True)
[2023-01-20 21:35:52,204][__main__][INFO] - parameters: Parameter containing:
tensor([[ 0.7196, -0.5386, -0.5057, -0.7734,  0.0359, -0.2709,  0.1840,  0.7810,
          0.6044,  0.2520]], requires_grad=True)
[2023-01-20 21:35:52,411][__main__][INFO] - parameters: Parameter containing:
tensor([[ 0.7546, -0.5689, -0.5364, -0.7731,  0.0278, -0.2543,  0.1731,  0.8160,
          0.6058,  0.2321]], requires_grad=True)
[2023-01-20 21:35:52,604][__main__][INFO] - parameters: Parameter containing:
tensor([[ 0.7978, -0.6051, -0.5763, -0.7708,  0.0221, -0.2408,  0.1586,  0.8490,
          0.5905,  0.2197]], requires_grad=True)
[2023-01-20 21:35:52,801][__main__][INFO] - parameters: Parameter containing:
tensor([[ 0.8197, -0.6294, -0.6052, -0.7883,  0.0131, -0.2449,  0.1507,  0.8872,
          0.5800,  0.1933]], requires_grad=True)
[2023-01-20 21:35:52,993][__main__][INFO] - parameters: Parameter containing:
tensor([[ 0.8471, -0.6594, -0.6432, -0.7981, -0.0036, -0.2414,  0.1300,  0.9028,
          0.5577,  0.1788]], requires_grad=True)
[2023-01-20 21:35:53,199][__main__][INFO] - parameters: Parameter containing:
tensor([[ 0.8941, -0.6914, -0.6795, -0.7965, -0.0089, -0.2404,  0.1224,  0.9165,
          0.5420,  0.1769]], requires_grad=True)
[2023-01-20 21:35:53,397][__main__][INFO] - parameters: Parameter containing:
tensor([[ 0.9615, -0.7306, -0.7277, -0.7973, -0.0160, -0.2375,  0.1178,  0.9199,
          0.5311,  0.1676]], requires_grad=True)
[2023-01-20 21:35:53,600][__main__][INFO] - parameters: Parameter containing:
tensor([[ 1.0289, -0.7724, -0.7771, -0.8014, -0.0215, -0.2343,  0.1139,  0.9336,
          0.5248,  0.1634]], requires_grad=True)
[2023-01-20 21:35:53,807][__main__][INFO] - parameters: Parameter containing:
tensor([[ 1.0729, -0.7979, -0.8083, -0.7953, -0.0260, -0.2312,  0.1125,  0.9220,
          0.5105,  0.1587]], requires_grad=True)
[2023-01-20 21:35:54,002][__main__][INFO] - parameters: Parameter containing:
tensor([[ 1.1043, -0.8224, -0.8211, -0.7926, -0.0104, -0.2372,  0.1339,  0.9243,
          0.5010,  0.1520]], requires_grad=True)
[2023-01-20 21:35:54,203][__main__][INFO] - parameters: Parameter containing:
tensor([[ 1.1090, -0.8293, -0.8080, -0.8052,  0.0128, -0.2581,  0.1759,  0.9334,
          0.5136,  0.1390]], requires_grad=True)
[2023-01-20 21:35:54,406][__main__][INFO] - parameters: Parameter containing:
tensor([[ 1.1140, -0.8417, -0.7933, -0.8095,  0.0435, -0.2711,  0.2238,  0.9472,
          0.5308,  0.1341]], requires_grad=True)
[2023-01-20 21:35:54,600][__main__][INFO] - parameters: Parameter containing:
tensor([[ 1.1262, -0.8506, -0.7790, -0.8106,  0.0674, -0.2786,  0.2691,  0.9406,
          0.5431,  0.1304]], requires_grad=True)
[2023-01-20 21:35:54,795][__main__][INFO] - parameters: Parameter containing:
tensor([[ 1.1365, -0.8548, -0.7658, -0.8195,  0.0752, -0.2862,  0.3075,  0.9378,
          0.5579,  0.1376]], requires_grad=True)
[2023-01-20 21:35:54,981][__main__][INFO] - parameters: Parameter containing:
tensor([[ 1.1425, -0.8549, -0.7522, -0.8382,  0.0787, -0.3072,  0.3486,  0.9331,
          0.5717,  0.1516]], requires_grad=True)
[2023-01-20 21:35:55,188][__main__][INFO] - parameters: Parameter containing:
tensor([[ 1.1522, -0.8536, -0.7520, -0.8934,  0.0519, -0.3402,  0.3988,  0.9177,
          0.6052,  0.1437]], requires_grad=True)
[2023-01-20 21:35:55,389][__main__][INFO] - parameters: Parameter containing:
tensor([[ 1.1632, -0.8498, -0.7591, -0.9408,  0.0102, -0.3637,  0.4308,  0.8887,
          0.6432,  0.1478]], requires_grad=True)
[2023-01-20 21:35:55,593][__main__][INFO] - parameters: Parameter containing:
tensor([[ 1.1772, -0.8328, -0.7592, -0.9793, -0.0297, -0.3902,  0.4523,  0.8618,
          0.6832,  0.1373]], requires_grad=True)
[2023-01-20 21:35:55,788][__main__][INFO] - parameters: Parameter containing:
tensor([[ 1.2024, -0.8245, -0.7659, -1.0116, -0.0672, -0.3993,  0.4669,  0.8396,
          0.7275,  0.1298]], requires_grad=True)
[2023-01-20 21:35:55,987][__main__][INFO] - parameters: Parameter containing:
tensor([[ 1.2307, -0.8082, -0.7671, -1.0471, -0.1011, -0.4142,  0.4848,  0.8442,
          0.7822,  0.1072]], requires_grad=True)
[2023-01-20 21:35:56,173][__main__][INFO] - parameters: Parameter containing:
tensor([[ 1.2380, -0.7984, -0.7566, -1.0803, -0.1122, -0.4336,  0.5189,  0.8552,
          0.8308,  0.1002]], requires_grad=True)
[2023-01-20 21:35:56,371][__main__][INFO] - parameters: Parameter containing:
tensor([[ 1.2572, -0.8111, -0.7618, -1.1171, -0.1211, -0.4368,  0.5594,  0.8561,
          0.8747,  0.1035]], requires_grad=True)
[2023-01-20 21:35:56,568][__main__][INFO] - parameters: Parameter containing:
tensor([[ 1.2553, -0.8130, -0.7405, -1.1618, -0.1187, -0.4490,  0.6203,  0.8544,
          0.9336,  0.1092]], requires_grad=True)
[2023-01-20 21:35:56,764][__main__][INFO] - parameters: Parameter containing:
tensor([[ 1.2431, -0.8176, -0.7151, -1.2062, -0.1070, -0.4514,  0.6858,  0.8336,
          0.9939,  0.1076]], requires_grad=True)
[2023-01-20 21:35:56,965][__main__][INFO] - parameters: Parameter containing:
tensor([[ 1.2239, -0.8153, -0.6783, -1.2525, -0.0907, -0.4579,  0.7551,  0.8302,
          1.0670,  0.1003]], requires_grad=True)
[2023-01-20 21:35:57,155][__main__][INFO] - parameters: Parameter containing:
tensor([[ 1.2202, -0.8113, -0.6524, -1.2844, -0.0835, -0.4516,  0.8086,  0.8196,
          1.1344,  0.0896]], requires_grad=True)
[2023-01-20 21:35:57,357][__main__][INFO] - parameters: Parameter containing:
tensor([[ 1.2142, -0.7905, -0.6222, -1.3047, -0.0797, -0.4507,  0.8470,  0.8000,
          1.1930,  0.0619]], requires_grad=True)
[2023-01-20 21:35:57,555][__main__][INFO] - parameters: Parameter containing:
tensor([[ 1.2178, -0.7775, -0.6073, -1.3282, -0.0872, -0.4537,  0.8733,  0.7909,
          1.2398,  0.0453]], requires_grad=True)
[2023-01-20 21:35:57,756][__main__][INFO] - parameters: Parameter containing:
tensor([[ 1.2234, -0.7818, -0.5995, -1.3576, -0.0734, -0.4811,  0.9139,  0.8086,
          1.2685,  0.0393]], requires_grad=True)
[2023-01-20 21:35:57,962][__main__][INFO] - parameters: Parameter containing:
tensor([[ 1.2328, -0.7938, -0.5969, -1.3881, -0.0632, -0.5106,  0.9540,  0.8243,
          1.2891,  0.0562]], requires_grad=True)
[2023-01-20 21:35:58,161][__main__][INFO] - parameters: Parameter containing:
tensor([[ 1.2506, -0.8149, -0.6023, -1.4220, -0.0527, -0.5381,  0.9955,  0.8267,
          1.2937,  0.0920]], requires_grad=True)
[2023-01-20 21:35:58,361][__main__][INFO] - parameters: Parameter containing:
tensor([[ 1.2611, -0.8284, -0.5960, -1.4445, -0.0400, -0.5543,  1.0367,  0.8246,
          1.3155,  0.1020]], requires_grad=True)
[2023-01-20 21:35:58,572][__main__][INFO] - parameters: Parameter containing:
tensor([[ 1.2598, -0.8402, -0.5828, -1.4540, -0.0126, -0.5727,  1.0728,  0.8279,
          1.3331,  0.1024]], requires_grad=True)
[2023-01-20 21:35:58,770][__main__][INFO] - parameters: Parameter containing:
tensor([[ 1.2618, -0.8468, -0.5725, -1.4698,  0.0054, -0.5885,  1.1067,  0.8218,
          1.3451,  0.0905]], requires_grad=True)
[2023-01-20 21:35:58,970][__main__][INFO] - parameters: Parameter containing:
tensor([[ 1.2545, -0.8385, -0.5518, -1.4907,  0.0129, -0.6112,  1.1360,  0.8203,
          1.3580,  0.0655]], requires_grad=True)
[2023-01-20 21:35:59,159][__main__][INFO] - parameters: Parameter containing:
tensor([[ 1.2433, -0.8239, -0.5295, -1.5256,  0.0217, -0.6423,  1.1753,  0.8085,
          1.3610,  0.0402]], requires_grad=True)
[2023-01-20 21:35:59,367][__main__][INFO] - parameters: Parameter containing:
tensor([[ 1.2423e+00, -8.1613e-01, -5.1988e-01, -1.5515e+00,  2.6706e-02,
         -6.5728e-01,  1.2034e+00,  7.9646e-01,  1.3551e+00, -3.1561e-04]],
       requires_grad=True)
[2023-01-20 21:35:59,562][__main__][INFO] - parameters: Parameter containing:
tensor([[ 1.2331, -0.7951, -0.4992, -1.5645,  0.0408, -0.6771,  1.2306,  0.7886,
          1.3516, -0.0556]], requires_grad=True)
[2023-01-20 21:35:59,755][__main__][INFO] - parameters: Parameter containing:
tensor([[ 1.2366, -0.7891, -0.4880, -1.5771,  0.0570, -0.6865,  1.2612,  0.7857,
          1.3557, -0.0995]], requires_grad=True)
[2023-01-20 21:35:59,948][__main__][INFO] - parameters: Parameter containing:
tensor([[ 1.2460, -0.7932, -0.4813, -1.5900,  0.0697, -0.6820,  1.2937,  0.7828,
          1.3755, -0.1238]], requires_grad=True)
[2023-01-20 21:36:00,150][__main__][INFO] - parameters: Parameter containing:
tensor([[ 1.2648, -0.8079, -0.4813, -1.5810,  0.0934, -0.6694,  1.3161,  0.7827,
          1.3845, -0.1542]], requires_grad=True)
[2023-01-20 21:36:00,340][__main__][INFO] - parameters: Parameter containing:
tensor([[ 1.2346, -0.7964, -0.4492, -1.5929,  0.1240, -0.7097,  1.3250,  0.8459,
          1.4203, -0.1995]], requires_grad=True)
[2023-01-20 21:36:00,542][__main__][INFO] - parameters: Parameter containing:
tensor([[ 1.2070, -0.7890, -0.4251, -1.6019,  0.1446, -0.7396,  1.3222,  0.9009,
          1.4562, -0.2323]], requires_grad=True)
[2023-01-20 21:36:00,752][__main__][INFO] - parameters: Parameter containing:
tensor([[ 1.1865, -0.7924, -0.4066, -1.6143,  0.1652, -0.7657,  1.3241,  0.9544,
          1.4831, -0.2545]], requires_grad=True)
[2023-01-20 21:36:00,945][__main__][INFO] - parameters: Parameter containing:
tensor([[ 1.1740, -0.8110, -0.4103, -1.6372,  0.1788, -0.7879,  1.3134,  0.9960,
          1.4929, -0.2628]], requires_grad=True)
[2023-01-20 21:36:01,147][__main__][INFO] - parameters: Parameter containing:
tensor([[ 1.1645, -0.8300, -0.4223, -1.6708,  0.1806, -0.8079,  1.2917,  1.0317,
          1.5066, -0.2635]], requires_grad=True)
[2023-01-20 21:36:01,339][__main__][INFO] - parameters: Parameter containing:
tensor([[ 1.1840, -0.8650, -0.4535, -1.6841,  0.1905, -0.8122,  1.2699,  1.0484,
          1.5022, -0.2773]], requires_grad=True)
[2023-01-20 21:36:01,549][__main__][INFO] - parameters: Parameter containing:
tensor([[ 1.1902, -0.8936, -0.4664, -1.7077,  0.2122, -0.8312,  1.2725,  1.0719,
          1.5069, -0.3007]], requires_grad=True)
[2023-01-20 21:36:01,748][__main__][INFO] - parameters: Parameter containing:
tensor([[ 1.2036, -0.9188, -0.4814, -1.7355,  0.2194, -0.8496,  1.2711,  1.0955,
          1.5240, -0.3256]], requires_grad=True)
[2023-01-20 21:36:01,947][__main__][INFO] - parameters: Parameter containing:
tensor([[ 1.2143, -0.9526, -0.5066, -1.7796,  0.2196, -0.8659,  1.2606,  1.1374,
          1.5560, -0.3410]], requires_grad=True)
[2023-01-20 21:36:02,150][__main__][INFO] - parameters: Parameter containing:
tensor([[ 1.2213, -0.9925, -0.5313, -1.8254,  0.2302, -0.8760,  1.2674,  1.1672,
          1.5792, -0.3447]], requires_grad=True)
[2023-01-20 21:36:02,347][__main__][INFO] - parameters: Parameter containing:
tensor([[ 1.2374, -1.0133, -0.5539, -1.8645,  0.2193, -0.8856,  1.2603,  1.1958,
          1.6026, -0.3661]], requires_grad=True)
[2023-01-20 21:36:02,547][__main__][INFO] - parameters: Parameter containing:
tensor([[ 1.2529, -1.0211, -0.5661, -1.8916,  0.2109, -0.9053,  1.2559,  1.2406,
          1.6322, -0.3875]], requires_grad=True)
[2023-01-20 21:36:02,742][__main__][INFO] - parameters: Parameter containing:
tensor([[ 1.2739, -1.0412, -0.5889, -1.9191,  0.1971, -0.9101,  1.2492,  1.2797,
          1.6569, -0.3930]], requires_grad=True)
[2023-01-20 21:36:02,933][__main__][INFO] - parameters: Parameter containing:
tensor([[ 1.2878, -1.0615, -0.6014, -1.9564,  0.1920, -0.9240,  1.2645,  1.3215,
          1.6957, -0.3932]], requires_grad=True)
[2023-01-20 21:36:03,136][__main__][INFO] - parameters: Parameter containing:
tensor([[ 1.3008, -1.0742, -0.6132, -1.9902,  0.1780, -0.9393,  1.2717,  1.3634,
          1.7307, -0.4019]], requires_grad=True)
[2023-01-20 21:36:03,342][__main__][INFO] - parameters: Parameter containing:
tensor([[ 1.3132, -1.0840, -0.6252, -2.0326,  0.1492, -0.9445,  1.2758,  1.4057,
          1.7878, -0.4065]], requires_grad=True)
[2023-01-20 21:36:03,529][__main__][INFO] - parameters: Parameter containing:
tensor([[ 1.3210, -1.0869, -0.6246, -2.0528,  0.1189, -0.9357,  1.2765,  1.4385,
          1.8474, -0.4131]], requires_grad=True)
[2023-01-20 21:36:03,724][__main__][INFO] - parameters: Parameter containing:
tensor([[ 1.3229, -1.0902, -0.6193, -2.0525,  0.0950, -0.9128,  1.2717,  1.4660,
          1.9026, -0.4199]], requires_grad=True)
[2023-01-20 21:36:03,924][__main__][INFO] - parameters: Parameter containing:
tensor([[ 1.3334, -1.0946, -0.6158, -2.0573,  0.0718, -0.8898,  1.2789,  1.4786,
          1.9473, -0.4447]], requires_grad=True)
[2023-01-20 21:36:04,126][__main__][INFO] - parameters: Parameter containing:
tensor([[ 1.3401, -1.1087, -0.6162, -2.0644,  0.0532, -0.8620,  1.2913,  1.4891,
          1.9787, -0.4680]], requires_grad=True)
[2023-01-20 21:36:04,327][__main__][INFO] - parameters: Parameter containing:
tensor([[ 1.3493, -1.1123, -0.6185, -2.0713,  0.0279, -0.8419,  1.3010,  1.4849,
          1.9998, -0.4883]], requires_grad=True)
[2023-01-20 21:36:04,530][__main__][INFO] - parameters: Parameter containing:
tensor([[ 1.3572, -1.1162, -0.6258, -2.0789, -0.0030, -0.8202,  1.3066,  1.4693,
          2.0107, -0.4958]], requires_grad=True)
[2023-01-20 21:36:04,727][__main__][INFO] - parameters: Parameter containing:
tensor([[ 1.3576, -1.1177, -0.6359, -2.0894, -0.0347, -0.7994,  1.3042,  1.4442,
          2.0008, -0.4926]], requires_grad=True)
[2023-01-20 21:36:04,919][__main__][INFO] - parameters: Parameter containing:
tensor([[ 1.3344, -1.0888, -0.6209, -2.1060, -0.0811, -0.7850,  1.2897,  1.4262,
          2.0208, -0.5110]], requires_grad=True)
[2023-01-20 21:36:05,118][__main__][INFO] - parameters: Parameter containing:
tensor([[ 1.3200, -1.0608, -0.6078, -2.1168, -0.1254, -0.7611,  1.2827,  1.3927,
          2.0440, -0.5332]], requires_grad=True)
[2023-01-20 21:36:05,320][__main__][INFO] - parameters: Parameter containing:
tensor([[ 1.2999, -1.0411, -0.5876, -2.1229, -0.1458, -0.7382,  1.2927,  1.3667,
          2.0721, -0.5599]], requires_grad=True)
[2023-01-20 21:36:05,525][__main__][INFO] - parameters: Parameter containing:
tensor([[ 1.2868, -1.0100, -0.5592, -2.1154, -0.1531, -0.7287,  1.3095,  1.3493,
          2.0988, -0.5936]], requires_grad=True)
[2023-01-20 21:36:05,751][__main__][INFO] - parameters: Parameter containing:
tensor([[ 1.2812, -0.9915, -0.5375, -2.1172, -0.1607, -0.7132,  1.3360,  1.3331,
          2.1271, -0.6253]], requires_grad=True)
[2023-01-20 21:36:05,951][__main__][INFO] - parameters: Parameter containing:
tensor([[ 1.2825, -0.9729, -0.5197, -2.1178, -0.1797, -0.6954,  1.3554,  1.3111,
          2.1557, -0.6595]], requires_grad=True)
[2023-01-20 21:36:06,152][__main__][INFO] - parameters: Parameter containing:
tensor([[ 1.2800, -0.9615, -0.5005, -2.1281, -0.1849, -0.6876,  1.3930,  1.2827,
          2.1702, -0.6794]], requires_grad=True)
[2023-01-20 21:36:06,348][__main__][INFO] - parameters: Parameter containing:
tensor([[ 1.2730, -0.9411, -0.4812, -2.1442, -0.1935, -0.6891,  1.4261,  1.2519,
          2.1695, -0.6896]], requires_grad=True)
