[2023-02-17 16:18:36,415][__main__][INFO] - Starting descriptors ablation for smplx male model
[2023-02-17 16:18:36,416][__main__][INFO] - Starting with 2 descriptors
[2023-02-17 16:18:41,914][__main__][INFO] - Chosen descriptors: ['fat', 'long torso']
[2023-02-17 16:18:41,914][__main__][INFO] - Starting training
[2023-02-17 16:18:41,944][clip2mesh.optimizations.train_mapper][INFO] - Instantiating callback <pytorch_lightning.callbacks.ModelCheckpoint>
[2023-02-17 16:18:41,946][clip2mesh.optimizations.train_mapper][INFO] - dataloader batch size: 200
[2023-02-17 16:18:41,946][clip2mesh.optimizations.train_mapper][INFO] - tensorboard run name: smplx_male_2_descriptors
[2023-02-17 16:18:41,947][clip2mesh.optimizations.train_mapper][INFO] - instantiating model
[2023-02-17 16:18:41,953][clip2mesh.optimizations.train_mapper][INFO] - training model
[2023-02-17 16:19:16,778][clip2mesh.optimizations.train_mapper][INFO] - finished training in 34.86388278007507 seconds
[2023-02-17 16:19:16,779][__main__][INFO] - Starting evaluation
[2023-02-17 16:19:19,056][clip2mesh.data_management.data_observation.evaluate_performance][INFO] - IOU: 0.9999045437189767 | Overlap: 0.5
[2023-02-17 16:19:19,059][__main__][INFO] - Finished with 2 descriptors
[2023-02-17 16:19:19,060][__main__][INFO] - Starting with 5 descriptors
[2023-02-17 16:19:23,477][__main__][INFO] - Chosen descriptors: ['fat', 'rectangular', 'fit', 'long torso', 'petite']
[2023-02-17 16:19:23,477][__main__][INFO] - Starting training
[2023-02-17 16:19:23,516][clip2mesh.optimizations.train_mapper][INFO] - Instantiating callback <pytorch_lightning.callbacks.ModelCheckpoint>
[2023-02-17 16:19:23,517][clip2mesh.optimizations.train_mapper][INFO] - dataloader batch size: 200
[2023-02-17 16:19:23,517][clip2mesh.optimizations.train_mapper][INFO] - tensorboard run name: smplx_male_5_descriptors
[2023-02-17 16:19:23,517][clip2mesh.optimizations.train_mapper][INFO] - instantiating model
[2023-02-17 16:19:23,523][clip2mesh.optimizations.train_mapper][INFO] - training model
[2023-02-17 16:19:58,908][clip2mesh.optimizations.train_mapper][INFO] - finished training in 35.42949676513672 seconds
[2023-02-17 16:19:58,908][__main__][INFO] - Starting evaluation
[2023-02-17 16:20:03,448][clip2mesh.data_management.data_observation.evaluate_performance][INFO] - IOU: 0.9999045437189767 | Overlap: 0.7999923624768488
[2023-02-17 16:20:03,451][__main__][INFO] - Finished with 5 descriptors
[2023-02-17 16:20:03,451][__main__][INFO] - Starting with 10 descriptors
[2023-02-17 16:20:08,305][__main__][INFO] - Chosen descriptors: ['fat', 'rectangular', 'fit', 'proportioned', 'pear shaped', 'curvy', 'long torso', 'petite', 'tall', 'small']
[2023-02-17 16:20:08,306][__main__][INFO] - Starting training
[2023-02-17 16:20:08,344][clip2mesh.optimizations.train_mapper][INFO] - Instantiating callback <pytorch_lightning.callbacks.ModelCheckpoint>
[2023-02-17 16:20:08,346][clip2mesh.optimizations.train_mapper][INFO] - dataloader batch size: 200
[2023-02-17 16:20:08,346][clip2mesh.optimizations.train_mapper][INFO] - tensorboard run name: smplx_male_10_descriptors
[2023-02-17 16:20:08,346][clip2mesh.optimizations.train_mapper][INFO] - instantiating model
[2023-02-17 16:20:08,351][clip2mesh.optimizations.train_mapper][INFO] - training model
[2023-02-17 16:20:48,389][clip2mesh.optimizations.train_mapper][INFO] - finished training in 40.082289695739746 seconds
[2023-02-17 16:20:48,389][__main__][INFO] - Starting evaluation
[2023-02-17 16:20:56,192][clip2mesh.data_management.data_observation.evaluate_performance][INFO] - IOU: 0.9999045437189767 | Overlap: 0.8999980906556688
[2023-02-17 16:20:56,196][__main__][INFO] - Finished with 10 descriptors
[2023-02-17 16:20:56,196][__main__][INFO] - Starting with 15 descriptors
[2023-02-17 16:21:01,962][__main__][INFO] - Chosen descriptors: ['fat', 'rectangular', 'fit', 'proportioned', 'pear shaped', 'curvy', 'long legs', 'heavyset', 'round apple', 'narrow waist', 'long torso', 'long', 'petite', 'tall', 'small']
[2023-02-17 16:21:01,962][__main__][INFO] - Starting training
[2023-02-17 16:21:02,008][clip2mesh.optimizations.train_mapper][INFO] - Instantiating callback <pytorch_lightning.callbacks.ModelCheckpoint>
[2023-02-17 16:21:02,011][clip2mesh.optimizations.train_mapper][INFO] - dataloader batch size: 200
[2023-02-17 16:21:02,011][clip2mesh.optimizations.train_mapper][INFO] - tensorboard run name: smplx_male_15_descriptors
[2023-02-17 16:21:02,012][clip2mesh.optimizations.train_mapper][INFO] - instantiating model
[2023-02-17 16:21:02,194][clip2mesh.optimizations.train_mapper][INFO] - training model
[2023-02-17 16:21:41,389][clip2mesh.optimizations.train_mapper][INFO] - finished training in 39.424625396728516 seconds
[2023-02-17 16:21:41,389][__main__][INFO] - Starting evaluation
