[2023-01-19 22:34:28,888][__main__][INFO] - Optimizing for tall...
[2023-01-19 22:34:28,889][__main__][INFO] - Phase: regular
[2023-01-19 22:35:44,717][__main__][INFO] - Phase: inverse
[2023-01-19 22:36:59,628][__main__][INFO] - Optimizing for long legs...
[2023-01-19 22:36:59,628][__main__][INFO] - Phase: regular
[2023-01-19 22:38:14,622][__main__][INFO] - Phase: inverse
[2023-01-19 22:39:30,039][__main__][INFO] - Optimizing for fat...
[2023-01-19 22:39:30,039][__main__][INFO] - Phase: regular
[2023-01-19 22:40:43,821][__main__][INFO] - Phase: inverse
[2023-01-19 22:42:01,021][__main__][INFO] - Optimizing for thin...
[2023-01-19 22:42:01,022][__main__][INFO] - Phase: regular
[2023-01-19 22:43:13,707][__main__][INFO] - Phase: inverse
[2023-01-19 22:44:26,867][__main__][INFO] - Optimizing for muscular...
[2023-01-19 22:44:26,868][__main__][INFO] - Phase: regular
[2023-01-19 22:45:39,923][__main__][INFO] - Phase: inverse
[2023-01-19 22:46:53,329][__main__][INFO] - Optimizing for short...
[2023-01-19 22:46:53,330][__main__][INFO] - Phase: regular
[2023-01-19 22:48:06,721][__main__][INFO] - Phase: inverse
[2023-01-19 22:49:19,692][__main__][INFO] - Optimizing for narrow waist...
[2023-01-19 22:49:19,693][__main__][INFO] - Phase: regular
[2023-01-19 22:50:33,041][__main__][INFO] - Phase: inverse
[2023-01-19 22:51:48,817][__main__][INFO] - Optimizing for skinny...
[2023-01-19 22:51:48,817][__main__][INFO] - Phase: regular
[2023-01-19 22:53:01,742][__main__][INFO] - Phase: inverse
[2023-01-19 22:54:14,858][__main__][INFO] - Optimizing for rectangular...
[2023-01-19 22:54:14,859][__main__][INFO] - Phase: regular
[2023-01-19 22:55:27,426][__main__][INFO] - Phase: inverse
[2023-01-19 22:56:41,114][__main__][INFO] - Optimizing for pear shaped...
[2023-01-19 22:56:41,115][__main__][INFO] - Phase: regular
[2023-01-19 22:57:53,853][__main__][INFO] - Phase: inverse
[2023-01-19 22:59:07,067][__main__][INFO] - Optimizing for average...
[2023-01-19 22:59:07,067][__main__][INFO] - Phase: regular
[2023-01-19 23:00:20,730][__main__][INFO] - Phase: inverse
[2023-01-19 23:01:33,889][__main__][INFO] - Optimizing for big...
[2023-01-19 23:01:33,890][__main__][INFO] - Phase: regular
[2023-01-19 23:02:47,096][__main__][INFO] - Phase: inverse
[2023-01-19 23:04:00,549][__main__][INFO] - Optimizing for curvy...
[2023-01-19 23:04:00,550][__main__][INFO] - Phase: regular
[2023-01-19 23:05:14,038][__main__][INFO] - Phase: inverse
[2023-01-19 23:06:26,730][__main__][INFO] - Optimizing for lean...
[2023-01-19 23:06:26,731][__main__][INFO] - Phase: regular
[2023-01-19 23:07:39,219][__main__][INFO] - Phase: inverse
[2023-01-19 23:08:51,712][__main__][INFO] - Optimizing for masculine...
[2023-01-19 23:08:51,712][__main__][INFO] - Phase: regular
[2023-01-19 23:10:04,444][__main__][INFO] - Phase: inverse
[2023-01-19 23:11:17,660][__main__][INFO] - Optimizing for proportioned...
[2023-01-19 23:11:17,661][__main__][INFO] - Phase: regular
[2023-01-19 23:12:30,411][__main__][INFO] - Phase: inverse
[2023-01-19 23:13:43,103][__main__][INFO] - Optimizing for stocky...
[2023-01-19 23:13:43,104][__main__][INFO] - Phase: regular
[2023-01-19 23:14:55,856][__main__][INFO] - Phase: inverse
[2023-01-19 23:16:08,732][__main__][INFO] - Optimizing for sexy...
[2023-01-19 23:16:08,733][__main__][INFO] - Phase: regular
[2023-01-19 23:17:21,461][__main__][INFO] - Phase: inverse
[2023-01-19 23:18:35,712][__main__][INFO] - Optimizing for sturdy...
[2023-01-19 23:18:35,713][__main__][INFO] - Phase: regular
[2023-01-19 23:19:50,760][__main__][INFO] - Phase: inverse
[2023-01-19 23:21:10,897][__main__][INFO] - Optimizing for broad shoulders...
[2023-01-19 23:21:10,897][__main__][INFO] - Phase: regular
[2023-01-19 23:22:25,952][__main__][INFO] - Phase: inverse
[2023-01-19 23:23:44,203][__main__][INFO] - Optimizing for fit...
[2023-01-19 23:23:44,204][__main__][INFO] - Phase: regular
[2023-01-19 23:25:00,165][__main__][INFO] - Phase: inverse
[2023-01-19 23:26:15,124][__main__][INFO] - Optimizing for round apple...
[2023-01-19 23:26:15,125][__main__][INFO] - Phase: regular
[2023-01-19 23:27:30,486][__main__][INFO] - Phase: inverse
[2023-01-19 23:28:44,506][__main__][INFO] - Optimizing for built...
[2023-01-19 23:28:44,507][__main__][INFO] - Phase: regular
[2023-01-19 23:30:01,156][__main__][INFO] - Phase: inverse
[2023-01-19 23:31:18,120][__main__][INFO] - Optimizing for heavyset...
[2023-01-19 23:31:18,121][__main__][INFO] - Phase: regular
[2023-01-19 23:32:35,939][__main__][INFO] - Phase: inverse
[2023-01-19 23:33:51,745][__main__][INFO] - Optimizing for petite...
[2023-01-19 23:33:51,746][__main__][INFO] - Phase: regular
[2023-01-19 23:35:08,380][__main__][INFO] - Phase: inverse
[2023-01-19 23:36:23,183][__main__][INFO] - Optimizing for small...
[2023-01-19 23:36:23,184][__main__][INFO] - Phase: regular
[2023-01-19 23:37:40,417][__main__][INFO] - Phase: inverse
