[2023-02-07 18:40:05,033][choosing_descriptors][INFO] - There are total of 24 descriptors
[2023-02-07 18:40:05,034][choosing_descriptors][INFO] - Keeping ['muscular']
[2023-02-07 18:40:05,036][choosing_descriptors][INFO] - Working on cluster 0
[2023-02-07 18:40:05,037][choosing_descriptors][INFO] - 0 most variance descriptor - long legs
[2023-02-07 18:40:05,037][choosing_descriptors][INFO] - long legs is correlated with muscular with corr 0.642975867496906
[2023-02-07 18:40:05,038][choosing_descriptors][INFO] - 1 most variance descriptor - pear shaped
[2023-02-07 18:40:05,038][choosing_descriptors][INFO] - Adding pear shaped to chosen descriptors
[2023-02-07 18:40:05,039][choosing_descriptors][INFO] - 2 most variance descriptor - petite
[2023-02-07 18:40:05,039][choosing_descriptors][INFO] - petite is correlated with muscular with corr 0.7297219623197917
[2023-02-07 18:40:05,039][choosing_descriptors][INFO] - 3 most variance descriptor - curvy
[2023-02-07 18:40:05,040][choosing_descriptors][INFO] - curvy is correlated with pear shaped with corr 0.6799476877182825
[2023-02-07 18:40:05,040][choosing_descriptors][INFO] - 4 most variance descriptor - long torso
[2023-02-07 18:40:05,041][choosing_descriptors][INFO] - long torso is correlated with pear shaped with corr -0.6819709577289425
[2023-02-07 18:40:05,042][choosing_descriptors][INFO] - 5 most variance descriptor - stocky
[2023-02-07 18:40:05,043][choosing_descriptors][INFO] - stocky is correlated with pear shaped with corr 0.7894961559471285
[2023-02-07 18:40:05,043][choosing_descriptors][INFO] - 6 most variance descriptor - skinny
[2023-02-07 18:40:05,043][choosing_descriptors][INFO] - skinny is correlated with muscular with corr 0.6893712482391238
[2023-02-07 18:40:05,044][choosing_descriptors][INFO] - 7 most variance descriptor - short
[2023-02-07 18:40:05,044][choosing_descriptors][INFO] - short is correlated with muscular with corr 0.7677433060792132
[2023-02-07 18:40:05,045][choosing_descriptors][INFO] - 8 most variance descriptor - short legs
[2023-02-07 18:40:05,045][choosing_descriptors][INFO] - short legs is correlated with muscular with corr 0.6414495578890684
[2023-02-07 18:40:05,045][choosing_descriptors][INFO] - 9 most variance descriptor - short torso
[2023-02-07 18:40:05,046][choosing_descriptors][INFO] - Adding short torso to chosen descriptors
[2023-02-07 18:40:05,046][choosing_descriptors][INFO] - 10 most variance descriptor - small
[2023-02-07 18:40:05,048][choosing_descriptors][INFO] - Adding small to chosen descriptors
[2023-02-07 18:40:05,048][choosing_descriptors][INFO] - 11 most variance descriptor - round apple
[2023-02-07 18:40:05,049][choosing_descriptors][INFO] - round apple is correlated with pear shaped with corr 0.6250244715400836
[2023-02-07 18:40:05,050][choosing_descriptors][INFO] - 12 most variance descriptor - lean
[2023-02-07 18:40:05,052][choosing_descriptors][INFO] - Adding lean to chosen descriptors
[2023-02-07 18:40:05,052][choosing_descriptors][INFO] - muscular already chosen
[2023-02-07 18:40:05,052][choosing_descriptors][INFO] - 14 most variance descriptor - fit
[2023-02-07 18:40:05,053][choosing_descriptors][INFO] - fit is correlated with muscular with corr 0.8105060151511482
[2023-02-07 18:40:05,053][choosing_descriptors][INFO] - 15 most variance descriptor - sturdy
[2023-02-07 18:40:05,055][choosing_descriptors][INFO] - sturdy is correlated with small with corr 0.7356736938585312
[2023-02-07 18:40:05,055][choosing_descriptors][INFO] - 16 most variance descriptor - proportioned
[2023-02-07 18:40:05,057][choosing_descriptors][INFO] - Adding proportioned to chosen descriptors
[2023-02-07 18:40:05,057][choosing_descriptors][INFO] - currently chosen descriptors: {'muscular': {'variance': 0.0791416796050072}, 'pear shaped': {'variance': 0.4108082303204801}, 'short torso': {'variance': 0.10776676510985433}, 'small': {'variance': 0.10449822789779754}, 'lean': {'variance': 0.08041552088543405}, 'proportioned': {'variance': 0.04597921431709876}}
[2023-02-07 18:40:05,058][choosing_descriptors][INFO] - Finished cluster 0
[2023-02-07 18:40:05,058][choosing_descriptors][INFO] - Working on cluster 1
[2023-02-07 18:40:05,058][choosing_descriptors][INFO] - 0 most variance descriptor - fat
[2023-02-07 18:40:05,058][choosing_descriptors][INFO] - Adding fat to chosen descriptors
[2023-02-07 18:40:05,058][choosing_descriptors][INFO] - 1 most variance descriptor - big
[2023-02-07 18:40:05,059][choosing_descriptors][INFO] - big is correlated with fat with corr 0.9582606590779499
[2023-02-07 18:40:05,059][choosing_descriptors][INFO] - 2 most variance descriptor - heavyset
[2023-02-07 18:40:05,060][choosing_descriptors][INFO] - heavyset is correlated with fat with corr 0.9268641247092131
[2023-02-07 18:40:05,060][choosing_descriptors][INFO] - 3 most variance descriptor - tall
[2023-02-07 18:40:05,061][choosing_descriptors][INFO] - tall is correlated with fat with corr -0.6042991383125212
[2023-02-07 18:40:05,061][choosing_descriptors][INFO] - 4 most variance descriptor - rectangular
[2023-02-07 18:40:05,061][choosing_descriptors][INFO] - Adding rectangular to chosen descriptors
[2023-02-07 18:40:05,062][choosing_descriptors][INFO] - 5 most variance descriptor - long
[2023-02-07 18:40:05,063][choosing_descriptors][INFO] - long is correlated with rectangular with corr 0.638950353317122
[2023-02-07 18:40:05,063][choosing_descriptors][INFO] - 6 most variance descriptor - narrow waist
[2023-02-07 18:40:05,065][choosing_descriptors][INFO] - Adding narrow waist to chosen descriptors
[2023-02-07 18:40:05,065][choosing_descriptors][INFO] - currently chosen descriptors: {'fat': {'variance': 0.589250367635566}, 'rectangular': {'variance': 0.08618068913596198}, 'narrow waist': {'variance': 0.06268055690329936}}
[2023-02-07 18:40:05,065][choosing_descriptors][INFO] - Finished cluster 1
[2023-02-07 18:40:05,065][choosing_descriptors][INFO] - There are 9 chosen descriptors in initial filter
[2023-02-07 18:40:05,065][choosing_descriptors][INFO] - chosen descriptors: [['muscular', 'pear shaped', 'short torso', 'small', 'lean', 'proportioned'], ['fat', 'rectangular', 'narrow waist']]
[2023-02-07 18:40:05,065][choosing_descriptors][INFO] - Final filter
[2023-02-07 18:40:05,067][choosing_descriptors][INFO] - Descriptor pear shaped has variance 0.4108082303204801
[2023-02-07 18:40:05,068][choosing_descriptors][INFO] - Descriptor pear shaped is correlated with fat with correlation 0.9344589467400911
[2023-02-07 18:40:05,068][choosing_descriptors][INFO] - Removing pear shaped because fat is already chosen
[2023-02-07 18:40:06,167][choosing_descriptors][INFO] - Descriptor short torso has variance 0.10776676510985433
[2023-02-07 18:40:06,168][choosing_descriptors][INFO] - Descriptor short torso is correlated with rectangular with correlation 0.7580185669687699
[2023-02-07 18:40:06,168][choosing_descriptors][INFO] - Removing rectangular because it is correlated with short torso
[2023-02-07 18:40:06,182][choosing_descriptors][INFO] - Descriptor small has variance 0.10449822789779754
[2023-02-07 18:40:06,183][choosing_descriptors][INFO] - Descriptor small is correlated with fat with correlation 0.6781772328354719
[2023-02-07 18:40:06,184][choosing_descriptors][INFO] - Removing small because fat is already chosen
[2023-02-07 18:40:06,185][choosing_descriptors][INFO] - Descriptor lean has variance 0.08041552088543405
[2023-02-07 18:40:06,187][choosing_descriptors][INFO] - Removing lean because it is an antonym of fat
[2023-02-07 18:40:06,187][choosing_descriptors][INFO] - Descriptor muscular has variance 0.0791416796050072
[2023-02-07 18:40:06,188][choosing_descriptors][INFO] - Descriptor muscular is correlated with rectangular with correlation 0.6144130720784252
[2023-02-07 18:40:06,188][choosing_descriptors][INFO] - Descriptor narrow waist has variance 0.06268055690329936
[2023-02-07 18:40:06,190][choosing_descriptors][INFO] - Descriptor proportioned has variance 0.04597921431709876
[2023-02-07 18:40:06,192][choosing_descriptors][INFO] - Too few descriptors (5) - increasing
[2023-02-07 18:40:06,193][choosing_descriptors][INFO] - Descriptor lean is an antonym of fat - skipping
[2023-02-07 18:40:06,195][choosing_descriptors][INFO] - Descriptor big is an antonym of small - skipping
[2023-02-07 18:40:06,196][choosing_descriptors][INFO] - Descriptor long torso is an antonym of short torso - skipping
[2023-02-07 18:40:06,198][choosing_descriptors][INFO] - Descriptor short legs is an antonym of long legs - skipping
[2023-02-07 18:40:06,200][choosing_descriptors][INFO] - Descriptor lean is an antonym of fat - skipping
