[2023-02-07 18:48:02,883][choosing_descriptors][INFO] - There are total of 24 descriptors
[2023-02-07 18:48:02,884][choosing_descriptors][INFO] - Keeping ['muscular', 'big']
[2023-02-07 18:48:02,886][choosing_descriptors][INFO] - Working on cluster 0
[2023-02-07 18:48:02,886][choosing_descriptors][INFO] - 0 most variance descriptor - long legs
[2023-02-07 18:48:02,887][choosing_descriptors][INFO] - long legs is correlated with muscular with corr 0.642975867496906
[2023-02-07 18:48:02,887][choosing_descriptors][INFO] - 1 most variance descriptor - pear shaped
[2023-02-07 18:48:02,888][choosing_descriptors][INFO] - Adding pear shaped to chosen descriptors
[2023-02-07 18:48:02,888][choosing_descriptors][INFO] - 2 most variance descriptor - petite
[2023-02-07 18:48:02,889][choosing_descriptors][INFO] - petite is correlated with muscular with corr 0.7297219623197917
[2023-02-07 18:48:02,889][choosing_descriptors][INFO] - 3 most variance descriptor - curvy
[2023-02-07 18:48:02,890][choosing_descriptors][INFO] - curvy is correlated with pear shaped with corr 0.6799476877182825
[2023-02-07 18:48:02,890][choosing_descriptors][INFO] - 4 most variance descriptor - long torso
[2023-02-07 18:48:02,891][choosing_descriptors][INFO] - long torso is correlated with pear shaped with corr -0.6819709577289425
[2023-02-07 18:48:02,892][choosing_descriptors][INFO] - 5 most variance descriptor - stocky
[2023-02-07 18:48:02,893][choosing_descriptors][INFO] - stocky is correlated with pear shaped with corr 0.7894961559471285
[2023-02-07 18:48:02,893][choosing_descriptors][INFO] - 6 most variance descriptor - skinny
[2023-02-07 18:48:02,894][choosing_descriptors][INFO] - skinny is correlated with muscular with corr 0.6893712482391238
[2023-02-07 18:48:02,894][choosing_descriptors][INFO] - 7 most variance descriptor - short
[2023-02-07 18:48:02,895][choosing_descriptors][INFO] - short is correlated with muscular with corr 0.7677433060792132
[2023-02-07 18:48:02,895][choosing_descriptors][INFO] - 8 most variance descriptor - short legs
[2023-02-07 18:48:02,896][choosing_descriptors][INFO] - short legs is correlated with muscular with corr 0.6414495578890684
[2023-02-07 18:48:02,896][choosing_descriptors][INFO] - 9 most variance descriptor - short torso
[2023-02-07 18:48:02,898][choosing_descriptors][INFO] - Adding short torso to chosen descriptors
[2023-02-07 18:48:02,898][choosing_descriptors][INFO] - 10 most variance descriptor - small
[2023-02-07 18:48:02,900][choosing_descriptors][INFO] - Adding small to chosen descriptors
[2023-02-07 18:48:02,900][choosing_descriptors][INFO] - 11 most variance descriptor - round apple
[2023-02-07 18:48:02,902][choosing_descriptors][INFO] - round apple is correlated with pear shaped with corr 0.6250244715400836
[2023-02-07 18:48:02,902][choosing_descriptors][INFO] - 12 most variance descriptor - lean
[2023-02-07 18:48:02,905][choosing_descriptors][INFO] - Adding lean to chosen descriptors
[2023-02-07 18:48:02,905][choosing_descriptors][INFO] - muscular already chosen
[2023-02-07 18:48:02,905][choosing_descriptors][INFO] - 14 most variance descriptor - fit
[2023-02-07 18:48:02,906][choosing_descriptors][INFO] - fit is correlated with muscular with corr 0.8105060151511482
[2023-02-07 18:48:02,907][choosing_descriptors][INFO] - 15 most variance descriptor - sturdy
[2023-02-07 18:48:02,910][choosing_descriptors][INFO] - sturdy is correlated with small with corr 0.7356736938585312
[2023-02-07 18:48:02,910][choosing_descriptors][INFO] - 16 most variance descriptor - proportioned
[2023-02-07 18:48:02,913][choosing_descriptors][INFO] - Adding proportioned to chosen descriptors
[2023-02-07 18:48:02,913][choosing_descriptors][INFO] - currently chosen descriptors: {'muscular': {'variance': 0.0791416796050072}, 'pear shaped': {'variance': 0.4108082303204801}, 'short torso': {'variance': 0.10776676510985433}, 'small': {'variance': 0.10449822789779754}, 'lean': {'variance': 0.08041552088543405}, 'proportioned': {'variance': 0.04597921431709876}}
[2023-02-07 18:48:02,913][choosing_descriptors][INFO] - Finished cluster 0
[2023-02-07 18:48:02,913][choosing_descriptors][INFO] - Working on cluster 1
[2023-02-07 18:48:02,914][choosing_descriptors][INFO] - 0 most variance descriptor - fat
[2023-02-07 18:48:02,915][choosing_descriptors][INFO] - fat is correlated with big with corr 0.9582606590779498
[2023-02-07 18:48:02,915][choosing_descriptors][INFO] - big already chosen
[2023-02-07 18:48:02,915][choosing_descriptors][INFO] - 2 most variance descriptor - heavyset
[2023-02-07 18:48:02,916][choosing_descriptors][INFO] - heavyset is correlated with big with corr 0.8644198624869593
[2023-02-07 18:48:02,916][choosing_descriptors][INFO] - 3 most variance descriptor - tall
[2023-02-07 18:48:02,917][choosing_descriptors][INFO] - Adding tall to chosen descriptors
[2023-02-07 18:48:02,917][choosing_descriptors][INFO] - 4 most variance descriptor - rectangular
[2023-02-07 18:48:02,918][choosing_descriptors][INFO] - Adding rectangular to chosen descriptors
[2023-02-07 18:48:02,918][choosing_descriptors][INFO] - 5 most variance descriptor - long
[2023-02-07 18:48:02,920][choosing_descriptors][INFO] - long is correlated with tall with corr 0.7890032844924143
[2023-02-07 18:48:02,920][choosing_descriptors][INFO] - 6 most variance descriptor - narrow waist
[2023-02-07 18:48:02,922][choosing_descriptors][INFO] - Adding narrow waist to chosen descriptors
[2023-02-07 18:48:02,922][choosing_descriptors][INFO] - currently chosen descriptors: {'big': {'variance': 0.23673253972569852}, 'tall': {'variance': 0.10229257962289515}, 'rectangular': {'variance': 0.08618068913596198}, 'narrow waist': {'variance': 0.06268055690329936}}
[2023-02-07 18:48:02,922][choosing_descriptors][INFO] - Finished cluster 1
[2023-02-07 18:48:02,922][choosing_descriptors][INFO] - There are 10 chosen descriptors in initial filter
[2023-02-07 18:48:02,922][choosing_descriptors][INFO] - chosen descriptors: [['muscular', 'pear shaped', 'short torso', 'small', 'lean', 'proportioned'], ['big', 'tall', 'rectangular', 'narrow waist']]
[2023-02-07 18:48:02,923][choosing_descriptors][INFO] - Final filter
[2023-02-07 18:48:02,924][choosing_descriptors][INFO] - Descriptor big has variance 0.23673253972569852
[2023-02-07 18:48:02,925][choosing_descriptors][INFO] - Descriptor big is correlated with pear shaped with correlation 0.9027563228375645
[2023-02-07 18:48:02,925][choosing_descriptors][INFO] - Removing big because pear shaped is already chosen
[2023-02-07 18:48:03,932][choosing_descriptors][INFO] - Descriptor short torso has variance 0.10776676510985433
[2023-02-07 18:48:03,933][choosing_descriptors][INFO] - Descriptor short torso is correlated with tall with correlation 0.6309546262873631
[2023-02-07 18:48:03,933][choosing_descriptors][INFO] - Removing tall because it is correlated with short torso
[2023-02-07 18:48:03,933][choosing_descriptors][INFO] - Descriptor short torso is correlated with rectangular with correlation 0.7580185669687699
[2023-02-07 18:48:03,933][choosing_descriptors][INFO] - Removing rectangular because it is correlated with short torso
[2023-02-07 18:48:04,007][choosing_descriptors][INFO] - Descriptor small has variance 0.10449822789779754
[2023-02-07 18:48:04,008][choosing_descriptors][INFO] - Descriptor small is correlated with big with correlation 0.7207341694407982
[2023-02-07 18:48:04,009][choosing_descriptors][INFO] - Descriptor lean has variance 0.08041552088543405
[2023-02-07 18:48:04,010][choosing_descriptors][INFO] - Descriptor muscular has variance 0.0791416796050072
[2023-02-07 18:48:04,011][choosing_descriptors][INFO] - Descriptor muscular is correlated with tall with correlation 0.6083917838306692
[2023-02-07 18:48:04,011][choosing_descriptors][INFO] - Descriptor muscular is correlated with rectangular with correlation 0.6144130720784252
[2023-02-07 18:48:04,012][choosing_descriptors][INFO] - Descriptor narrow waist has variance 0.06268055690329936
[2023-02-07 18:48:04,013][choosing_descriptors][INFO] - Descriptor proportioned has variance 0.04597921431709876
[2023-02-07 18:48:04,015][choosing_descriptors][INFO] - Too few descriptors (7) - increasing
[2023-02-07 18:48:04,016][choosing_descriptors][INFO] - Descriptor big is an antonym of small - skipping
[2023-02-07 18:48:04,019][choosing_descriptors][INFO] - Descriptor big is an antonym of small - skipping
[2023-02-07 18:48:04,021][choosing_descriptors][INFO] - Descriptor long torso is an antonym of short torso - skipping
[2023-02-07 18:48:04,022][choosing_descriptors][INFO] - Descriptor short is an antonym of tall - skipping
[2023-02-07 18:48:04,022][choosing_descriptors][INFO] - Descriptor short legs is an antonym of long legs - skipping
[2023-02-07 18:48:04,023][choosing_descriptors][INFO] - Descriptor heavyset is a synonym of stocky - skipping
