[2023-01-21 19:24:57,265][__main__][INFO] - Starting descriptors ablation for smplx male model
[2023-01-21 19:24:57,265][__main__][INFO] - Starting with 2 descriptors
[2023-01-21 19:25:45,431][choosing_descriptors][INFO] - There are total of 30 descriptors
[2023-01-21 19:25:45,432][choosing_descriptors][INFO] - Working on cluster 0
[2023-01-21 19:25:45,433][choosing_descriptors][INFO] - 0 most variance descriptor - pear shaped
[2023-01-21 19:25:45,433][choosing_descriptors][INFO] - Adding pear shaped to chosen descriptors
[2023-01-21 19:25:45,433][choosing_descriptors][INFO] - 1 most variance descriptor - curvy
[2023-01-21 19:25:45,434][choosing_descriptors][INFO] - curvy is correlated with pear shaped with corr 0.9145364748020889
[2023-01-21 19:25:45,434][choosing_descriptors][INFO] - 2 most variance descriptor - long legs
[2023-01-21 19:25:45,434][choosing_descriptors][INFO] - long legs is correlated with pear shaped with corr -0.793691346068293
[2023-01-21 19:25:45,435][choosing_descriptors][INFO] - 3 most variance descriptor - stocky
[2023-01-21 19:25:45,435][choosing_descriptors][INFO] - stocky is correlated with pear shaped with corr 0.8232263925888044
[2023-01-21 19:25:45,435][choosing_descriptors][INFO] - 4 most variance descriptor - round apple
[2023-01-21 19:25:45,436][choosing_descriptors][INFO] - round apple is correlated with pear shaped with corr 0.8535856183344552
[2023-01-21 19:25:45,436][choosing_descriptors][INFO] - 5 most variance descriptor - short legs
[2023-01-21 19:25:45,437][choosing_descriptors][INFO] - short legs is correlated with pear shaped with corr -0.7164806827401229
[2023-01-21 19:25:45,437][choosing_descriptors][INFO] - 6 most variance descriptor - lean
[2023-01-21 19:25:45,438][choosing_descriptors][INFO] - lean is correlated with pear shaped with corr 0.5607238762743919
[2023-01-21 19:25:45,438][choosing_descriptors][INFO] - 7 most variance descriptor - hourglass
[2023-01-21 19:25:45,439][choosing_descriptors][INFO] - hourglass is correlated with pear shaped with corr 0.6731262201326506
[2023-01-21 19:25:45,439][choosing_descriptors][INFO] - 8 most variance descriptor - masculine
[2023-01-21 19:25:45,440][choosing_descriptors][INFO] - masculine is correlated with pear shaped with corr 0.539670139992468
[2023-01-21 19:25:45,440][choosing_descriptors][INFO] - 9 most variance descriptor - short
[2023-01-21 19:25:45,441][choosing_descriptors][INFO] - Adding short to chosen descriptors
[2023-01-21 19:25:45,441][choosing_descriptors][INFO] - 10 most variance descriptor - sturdy
[2023-01-21 19:25:45,442][choosing_descriptors][INFO] - sturdy is correlated with pear shaped with corr 0.7232078641199761
[2023-01-21 19:25:45,442][choosing_descriptors][INFO] - 11 most variance descriptor - muscular
[2023-01-21 19:25:45,444][choosing_descriptors][INFO] - Adding muscular to chosen descriptors
[2023-01-21 19:25:45,444][choosing_descriptors][INFO] - 12 most variance descriptor - sexy
[2023-01-21 19:25:45,446][choosing_descriptors][INFO] - sexy is correlated with muscular with corr 0.6551833636529514
[2023-01-21 19:25:45,446][choosing_descriptors][INFO] - 13 most variance descriptor - fit
[2023-01-21 19:25:45,448][choosing_descriptors][INFO] - fit is correlated with muscular with corr 0.6838445623113133
[2023-01-21 19:25:45,448][choosing_descriptors][INFO] - 14 most variance descriptor - built
[2023-01-21 19:25:45,449][choosing_descriptors][INFO] - built is correlated with muscular with corr 0.5421772340252001
[2023-01-21 19:25:45,449][choosing_descriptors][INFO] - 15 most variance descriptor - attractive
[2023-01-21 19:25:45,451][choosing_descriptors][INFO] - Adding attractive to chosen descriptors
[2023-01-21 19:25:45,451][choosing_descriptors][INFO] - currently chosen descriptors: {'pear shaped': {'variance': 0.780879238257509}, 'short': {'variance': 0.06938209200505986}, 'muscular': {'variance': 0.06374036911359755}, 'attractive': {'variance': 0.048583782187376696}}
[2023-01-21 19:25:45,451][choosing_descriptors][INFO] - Finished cluster 0
[2023-01-21 19:25:45,451][choosing_descriptors][INFO] - Working on cluster 1
[2023-01-21 19:25:45,452][choosing_descriptors][INFO] - 0 most variance descriptor - fat
[2023-01-21 19:25:45,452][choosing_descriptors][INFO] - Adding fat to chosen descriptors
[2023-01-21 19:25:45,452][choosing_descriptors][INFO] - 1 most variance descriptor - broad shoulders
[2023-01-21 19:25:45,453][choosing_descriptors][INFO] - broad shoulders is correlated with fat with corr -0.643906648022653
[2023-01-21 19:25:45,453][choosing_descriptors][INFO] - 2 most variance descriptor - long torso
[2023-01-21 19:25:45,454][choosing_descriptors][INFO] - long torso is correlated with fat with corr -0.5852352578663853
[2023-01-21 19:25:45,454][choosing_descriptors][INFO] - 3 most variance descriptor - tall
[2023-01-21 19:25:45,455][choosing_descriptors][INFO] - tall is correlated with fat with corr -0.7038442270895775
[2023-01-21 19:25:45,455][choosing_descriptors][INFO] - 4 most variance descriptor - narrow waist
[2023-01-21 19:25:45,456][choosing_descriptors][INFO] - narrow waist is correlated with fat with corr 0.6437913262519419
[2023-01-21 19:25:45,456][choosing_descriptors][INFO] - 5 most variance descriptor - short torso
[2023-01-21 19:25:45,457][choosing_descriptors][INFO] - Adding short torso to chosen descriptors
[2023-01-21 19:25:45,457][choosing_descriptors][INFO] - currently chosen descriptors: {'fat': {'variance': 1.3484755083232844}, 'short torso': {'variance': 0.05649857395671398}}
[2023-01-21 19:25:45,458][choosing_descriptors][INFO] - Finished cluster 1
[2023-01-21 19:25:45,458][choosing_descriptors][INFO] - Working on cluster 2
[2023-01-21 19:25:45,458][choosing_descriptors][INFO] - 0 most variance descriptor - big
[2023-01-21 19:25:45,458][choosing_descriptors][INFO] - Adding big to chosen descriptors
[2023-01-21 19:25:45,458][choosing_descriptors][INFO] - 1 most variance descriptor - heavyset
[2023-01-21 19:25:45,459][choosing_descriptors][INFO] - heavyset is correlated with big with corr 0.9472362013088065
[2023-01-21 19:25:45,459][choosing_descriptors][INFO] - 2 most variance descriptor - rectangular
[2023-01-21 19:25:45,460][choosing_descriptors][INFO] - Adding rectangular to chosen descriptors
[2023-01-21 19:25:45,460][choosing_descriptors][INFO] - currently chosen descriptors: {'big': {'variance': 0.36432661932053334}, 'rectangular': {'variance': 0.05887181657916897}}
[2023-01-21 19:25:45,460][choosing_descriptors][INFO] - Finished cluster 2
[2023-01-21 19:25:45,461][choosing_descriptors][INFO] - Working on cluster 3
[2023-01-21 19:25:45,461][choosing_descriptors][INFO] - 0 most variance descriptor - long
[2023-01-21 19:25:45,461][choosing_descriptors][INFO] - Adding long to chosen descriptors
[2023-01-21 19:25:45,461][choosing_descriptors][INFO] - 1 most variance descriptor - skinny
[2023-01-21 19:25:45,462][choosing_descriptors][INFO] - skinny is correlated with long with corr 0.7973280768962225
[2023-01-21 19:25:45,463][choosing_descriptors][INFO] - 2 most variance descriptor - proportioned
[2023-01-21 19:25:45,464][choosing_descriptors][INFO] - proportioned is correlated with long with corr 0.6854087130948872
[2023-01-21 19:25:45,464][choosing_descriptors][INFO] - currently chosen descriptors: {'long': {'variance': 0.11168338977959281}}
[2023-01-21 19:25:45,464][choosing_descriptors][INFO] - Finished cluster 3
[2023-01-21 19:25:45,464][choosing_descriptors][INFO] - Working on cluster 4
[2023-01-21 19:25:45,464][choosing_descriptors][INFO] - 0 most variance descriptor - petite
[2023-01-21 19:25:45,464][choosing_descriptors][INFO] - Adding petite to chosen descriptors
[2023-01-21 19:25:45,465][choosing_descriptors][INFO] - 1 most variance descriptor - small
[2023-01-21 19:25:45,465][choosing_descriptors][INFO] - small is correlated with petite with corr 0.5321996211710347
[2023-01-21 19:25:45,466][choosing_descriptors][INFO] - currently chosen descriptors: {'petite': {'variance': 0.11860583407674312}}
[2023-01-21 19:25:45,466][choosing_descriptors][INFO] - Finished cluster 4
[2023-01-21 19:25:45,466][choosing_descriptors][INFO] - There are 10 chosen descriptors in initial filter
[2023-01-21 19:25:45,466][choosing_descriptors][INFO] - chosen descriptors: [['pear shaped', 'short', 'muscular', 'attractive'], ['fat', 'short torso'], ['big', 'rectangular'], ['long'], ['petite']]
[2023-01-21 19:25:45,466][choosing_descriptors][INFO] - Final filter
[2023-01-21 19:25:45,467][choosing_descriptors][INFO] - Descriptor fat has variance 1.3484755083232844
[2023-01-21 19:25:45,468][choosing_descriptors][INFO] - Descriptor fat is correlated with pear shaped with correlation 0.9557319179463534 - removing pear shaped
[2023-01-21 19:25:45,470][choosing_descriptors][INFO] - Descriptor fat is correlated with big with correlation 0.9721916523143959 - removing big
[2023-01-21 19:25:45,472][choosing_descriptors][INFO] - Descriptor petite has variance 0.11860583407674312
[2023-01-21 19:25:45,473][choosing_descriptors][INFO] - Descriptor petite is correlated with short with correlation 0.673362665948652 - removing short
[2023-01-21 19:25:45,476][choosing_descriptors][INFO] - Descriptor long has variance 0.11168338977959281
[2023-01-21 19:25:45,478][choosing_descriptors][INFO] - Descriptor long is correlated with short torso with correlation 0.508877071121058 - removing short torso
[2023-01-21 19:25:45,480][choosing_descriptors][INFO] - Descriptor muscular has variance 0.06374036911359755
[2023-01-21 19:25:45,481][choosing_descriptors][INFO] - Descriptor muscular is correlated with big with correlation 0.5569334598253857 - removing big
[2023-01-21 19:25:45,481][choosing_descriptors][INFO] - Descriptor muscular is correlated with rectangular with correlation 0.5344097001831697 - removing rectangular
[2023-01-21 19:25:45,483][choosing_descriptors][INFO] - Descriptor attractive has variance 0.048583782187376696
[2023-01-21 19:25:45,485][choosing_descriptors][INFO] - Descriptor attractive is correlated with rectangular with correlation 0.6019503909114071 - removing rectangular
[2023-01-21 19:25:45,487][choosing_descriptors][INFO] - Too many descriptors (5) - reducing
[2023-01-21 19:25:45,488][__main__][INFO] - Chosen descriptors: ['fat', 'petite']
[2023-01-21 19:25:45,488][__main__][INFO] - Starting training
