[2023-02-17 11:56:31,212][choosing_descriptors][INFO] - There are total of 19 descriptors
[2023-02-17 11:56:31,213][choosing_descriptors][INFO] - Keeping ['hourglass', 'pear shaped']
[2023-02-17 11:56:31,214][choosing_descriptors][INFO] - Working on cluster 0
[2023-02-17 11:56:31,215][choosing_descriptors][INFO] - 0 most variance descriptor - fat
[2023-02-17 11:56:31,215][choosing_descriptors][INFO] - fat is correlated with pear shaped with corr 0.8965023528238564
[2023-02-17 11:56:31,216][choosing_descriptors][INFO] - pear shaped already chosen
[2023-02-17 11:56:31,216][choosing_descriptors][INFO] - 2 most variance descriptor - curvy
[2023-02-17 11:56:31,216][choosing_descriptors][INFO] - curvy is correlated with pear shaped with corr 0.8639899649621858
[2023-02-17 11:56:31,217][choosing_descriptors][INFO] - 3 most variance descriptor - sexy
[2023-02-17 11:56:31,218][choosing_descriptors][INFO] - Adding sexy to chosen descriptors
[2023-02-17 11:56:31,218][choosing_descriptors][INFO] - 4 most variance descriptor - big
[2023-02-17 11:56:31,219][choosing_descriptors][INFO] - big is correlated with pear shaped with corr 0.8797527328544053
[2023-02-17 11:56:31,219][choosing_descriptors][INFO] - 5 most variance descriptor - heavyset
[2023-02-17 11:56:31,219][choosing_descriptors][INFO] - heavyset is correlated with pear shaped with corr 0.8931684858109836
[2023-02-17 11:56:31,220][choosing_descriptors][INFO] - 6 most variance descriptor - narrow waist
[2023-02-17 11:56:31,221][choosing_descriptors][INFO] - Adding narrow waist to chosen descriptors
[2023-02-17 11:56:31,221][choosing_descriptors][INFO] - 7 most variance descriptor - short
[2023-02-17 11:56:31,222][choosing_descriptors][INFO] - short is correlated with pear shaped with corr -0.6444263614981027
[2023-02-17 11:56:31,222][choosing_descriptors][INFO] - 8 most variance descriptor - fit
[2023-02-17 11:56:31,223][choosing_descriptors][INFO] - fit is correlated with sexy with corr 0.9350633988565591
[2023-02-17 11:56:31,223][choosing_descriptors][INFO] - 9 most variance descriptor - small
[2023-02-17 11:56:31,225][choosing_descriptors][INFO] - Adding small to chosen descriptors
[2023-02-17 11:56:31,226][choosing_descriptors][INFO] - 10 most variance descriptor - average
[2023-02-17 11:56:31,227][choosing_descriptors][INFO] - average is correlated with sexy with corr 0.6516693012471773
[2023-02-17 11:56:31,227][choosing_descriptors][INFO] - 11 most variance descriptor - lean
[2023-02-17 11:56:31,230][choosing_descriptors][INFO] - Adding lean to chosen descriptors
[2023-02-17 11:56:31,230][choosing_descriptors][INFO] - currently chosen descriptors: {'pear shaped': {'variance': 0.6640485790999343}, 'sexy': {'variance': 0.28269468596194386}, 'narrow waist': {'variance': 0.1393862536427073}, 'small': {'variance': 0.0869352006224297}, 'lean': {'variance': 0.06615310678103638}}
[2023-02-17 11:56:31,230][choosing_descriptors][INFO] - Finished cluster 0
[2023-02-17 11:56:31,230][choosing_descriptors][INFO] - Working on cluster 1
[2023-02-17 11:56:31,230][choosing_descriptors][INFO] - 0 most variance descriptor - long legs
[2023-02-17 11:56:31,231][choosing_descriptors][INFO] - long legs is correlated with hourglass with corr 0.7246271694143277
[2023-02-17 11:56:31,231][choosing_descriptors][INFO] - 1 most variance descriptor - petite
[2023-02-17 11:56:31,232][choosing_descriptors][INFO] - petite is correlated with hourglass with corr 0.7217928144011078
[2023-02-17 11:56:31,232][choosing_descriptors][INFO] - 2 most variance descriptor - tall
[2023-02-17 11:56:31,233][choosing_descriptors][INFO] - tall is correlated with hourglass with corr 0.759858245135984
[2023-02-17 11:56:31,233][choosing_descriptors][INFO] - 3 most variance descriptor - skinny
[2023-02-17 11:56:31,234][choosing_descriptors][INFO] - skinny is correlated with hourglass with corr 0.7332895246307615
[2023-02-17 11:56:31,234][choosing_descriptors][INFO] - 4 most variance descriptor - thin
[2023-02-17 11:56:31,235][choosing_descriptors][INFO] - thin is correlated with hourglass with corr 0.8117593061445499
[2023-02-17 11:56:31,235][choosing_descriptors][INFO] - hourglass already chosen
[2023-02-17 11:56:31,235][choosing_descriptors][INFO] - 6 most variance descriptor - proportioned
[2023-02-17 11:56:31,236][choosing_descriptors][INFO] - proportioned is correlated with hourglass with corr 0.7278910815651027
[2023-02-17 11:56:31,236][choosing_descriptors][INFO] - currently chosen descriptors: {'hourglass': {'variance': 0.13011984135228236}}
[2023-02-17 11:56:31,236][choosing_descriptors][INFO] - Finished cluster 1
[2023-02-17 11:56:31,237][choosing_descriptors][INFO] - There are 6 chosen descriptors in initial filter
[2023-02-17 11:56:31,237][choosing_descriptors][INFO] - chosen descriptors: [['pear shaped', 'sexy', 'narrow waist', 'small', 'lean'], ['hourglass']]
[2023-02-17 11:56:31,237][choosing_descriptors][INFO] - Final filter
[2023-02-17 11:56:31,238][choosing_descriptors][INFO] - Descriptor sexy has variance 0.28269468596194386
[2023-02-17 11:56:31,239][choosing_descriptors][INFO] - Descriptor sexy is correlated with hourglass with correlation 0.9135572442368555
[2023-02-17 11:56:32,292][choosing_descriptors][INFO] - Descriptor narrow waist has variance 0.1393862536427073
[2023-02-17 11:56:32,369][choosing_descriptors][INFO] - Descriptor hourglass has variance 0.13011984135228236
[2023-02-17 11:56:32,370][choosing_descriptors][INFO] - Descriptor hourglass is correlated with sexy with correlation 0.9135572442368556
[2023-02-17 11:56:32,370][choosing_descriptors][INFO] - Removing sexy because it is correlated with hourglass
[2023-02-17 11:56:32,370][choosing_descriptors][INFO] - Descriptor small has variance 0.0869352006224297
[2023-02-17 11:56:32,374][choosing_descriptors][INFO] - Descriptor lean has variance 0.06615310678103638
[2023-02-17 11:56:32,376][choosing_descriptors][INFO] - Too few descriptors (5) - increasing
