[2023-01-20 22:06:21,050][__main__][INFO] - parameters: Parameter containing:
tensor([[ 0.6014,  1.2097,  0.9395,  0.3767,  0.3840,  0.3346,  0.4507,  0.6157,
         -0.0020,  0.1036]], requires_grad=True)
[2023-01-20 22:06:21,273][__main__][INFO] - parameters: Parameter containing:
tensor([[ 0.4836,  1.3761,  1.0069,  0.6450,  0.6843,  0.0398,  0.1570,  0.8168,
         -0.1612, -0.1824]], requires_grad=True)
[2023-01-20 22:06:21,459][__main__][INFO] - parameters: Parameter containing:
tensor([[ 0.4958,  1.3393,  0.8812,  0.6129,  0.9652, -0.1215,  0.1529,  0.8801,
         -0.2174, -0.3129]], requires_grad=True)
[2023-01-20 22:06:21,647][__main__][INFO] - parameters: Parameter containing:
tensor([[ 0.6232,  1.3054,  0.7727,  0.6957,  1.0341, -0.1126,  0.2129,  0.9737,
         -0.2245, -0.5008]], requires_grad=True)
[2023-01-20 22:06:21,830][__main__][INFO] - parameters: Parameter containing:
tensor([[ 0.7920,  1.2646,  0.6286,  0.8467,  1.0863, -0.1689,  0.1878,  1.0243,
         -0.3219, -0.5922]], requires_grad=True)
[2023-01-20 22:06:22,021][__main__][INFO] - parameters: Parameter containing:
tensor([[ 0.8402,  1.2960,  0.6299,  1.0491,  1.2286, -0.2887,  0.1742,  1.1492,
         -0.4060, -0.7266]], requires_grad=True)
[2023-01-20 22:06:22,210][__main__][INFO] - parameters: Parameter containing:
tensor([[ 0.8944,  1.2551,  0.6456,  1.2815,  1.4248, -0.3089,  0.2767,  1.0997,
         -0.5573, -0.7949]], requires_grad=True)
[2023-01-20 22:06:22,395][__main__][INFO] - parameters: Parameter containing:
tensor([[ 0.8735,  1.2943,  0.7034,  1.5065,  1.6467, -0.4005,  0.3289,  1.0484,
         -0.7426, -0.9009]], requires_grad=True)
[2023-01-20 22:06:22,603][__main__][INFO] - parameters: Parameter containing:
tensor([[ 0.8794,  1.3760,  0.7372,  1.5959,  1.6928, -0.4869,  0.2885,  1.0335,
         -0.8053, -1.0227]], requires_grad=True)
[2023-01-20 22:06:22,802][__main__][INFO] - parameters: Parameter containing:
tensor([[ 0.9117,  1.4491,  0.7323,  1.6841,  1.7595, -0.5918,  0.2431,  1.0285,
         -0.8791, -1.1446]], requires_grad=True)
[2023-01-20 22:06:23,006][__main__][INFO] - parameters: Parameter containing:
tensor([[ 0.9041,  1.5644,  0.7878,  1.7695,  1.8101, -0.7255,  0.1602,  1.0721,
         -0.8836, -1.3016]], requires_grad=True)
[2023-01-20 22:06:23,198][__main__][INFO] - parameters: Parameter containing:
tensor([[ 0.8962,  1.6714,  0.8686,  1.8473,  1.8800, -0.8431,  0.1277,  1.0725,
         -0.9219, -1.4629]], requires_grad=True)
[2023-01-20 22:06:23,407][__main__][INFO] - parameters: Parameter containing:
tensor([[ 0.9014,  1.7292,  0.8787,  1.8922,  1.9736, -0.9695,  0.1146,  1.0738,
         -1.0074, -1.6148]], requires_grad=True)
[2023-01-20 22:06:23,627][__main__][INFO] - parameters: Parameter containing:
tensor([[ 0.8505,  1.8286,  0.9543,  2.0109,  2.0677, -1.1052,  0.0708,  1.0823,
         -1.0954, -1.7694]], requires_grad=True)
[2023-01-20 22:06:23,811][__main__][INFO] - parameters: Parameter containing:
tensor([[ 0.7490,  1.9546,  1.0586,  2.1203,  2.2030, -1.2840,  0.0328,  1.1319,
         -1.2154, -1.9283]], requires_grad=True)
[2023-01-20 22:06:23,999][__main__][INFO] - parameters: Parameter containing:
tensor([[ 0.6258,  2.0224,  1.1553,  2.2181,  2.3741, -1.4500,  0.0634,  1.1467,
         -1.3758, -2.0162]], requires_grad=True)
[2023-01-20 22:06:24,182][__main__][INFO] - parameters: Parameter containing:
tensor([[ 0.4413,  2.1276,  1.3020,  2.2424,  2.5312, -1.6325,  0.0724,  1.1934,
         -1.4955, -2.0955]], requires_grad=True)
[2023-01-20 22:06:24,364][__main__][INFO] - parameters: Parameter containing:
tensor([[ 0.2962,  2.2438,  1.4305,  2.3346,  2.7146, -1.8207,  0.0664,  1.1790,
         -1.6655, -2.1615]], requires_grad=True)
[2023-01-20 22:06:24,532][__main__][INFO] - parameters: Parameter containing:
tensor([[ 1.5384e-01,  2.4178e+00,  1.5712e+00,  2.4013e+00,  2.8637e+00,
         -2.0425e+00,  2.3531e-03,  1.1183e+00, -1.8172e+00, -2.2929e+00]],
       requires_grad=True)
[2023-01-20 22:06:24,726][__main__][INFO] - parameters: Parameter containing:
tensor([[ 0.0394,  2.6041,  1.7087,  2.5198,  3.0096, -2.2580, -0.1001,  1.0738,
         -1.9770, -2.4371]], requires_grad=True)
[2023-01-20 22:06:24,905][__main__][INFO] - parameters: Parameter containing:
tensor([[ 0.0190,  2.7452,  1.7694,  2.6209,  3.1158, -2.4086, -0.1986,  1.0402,
         -2.0875, -2.5632]], requires_grad=True)
[2023-01-20 22:06:25,095][__main__][INFO] - parameters: Parameter containing:
tensor([[ 1.3626e-03,  2.8576e+00,  1.8293e+00,  2.6818e+00,  3.2212e+00,
         -2.5600e+00, -2.4840e-01,  1.0178e+00, -2.1753e+00, -2.6464e+00]],
       requires_grad=True)
[2023-01-20 22:06:25,271][__main__][INFO] - parameters: Parameter containing:
tensor([[ 4.9227e-04,  2.9429e+00,  1.8572e+00,  2.7294e+00,  3.3348e+00,
         -2.7027e+00, -2.7381e-01,  9.4602e-01, -2.2988e+00, -2.7037e+00]],
       requires_grad=True)
[2023-01-20 22:06:25,466][__main__][INFO] - parameters: Parameter containing:
tensor([[-0.0315,  3.0366,  1.8849,  2.7376,  3.4729, -2.8703, -0.2462,  0.8610,
         -2.4521, -2.7785]], requires_grad=True)
[2023-01-20 22:06:25,646][__main__][INFO] - parameters: Parameter containing:
tensor([[-0.0454,  3.1380,  1.9201,  2.7473,  3.6033, -3.0289, -0.2086,  0.7380,
         -2.6064, -2.8535]], requires_grad=True)
[2023-01-20 22:06:25,822][__main__][INFO] - parameters: Parameter containing:
tensor([[-0.1023,  3.2447,  1.9854,  2.7532,  3.7045, -3.1650, -0.2134,  0.6431,
         -2.7378, -2.9400]], requires_grad=True)
[2023-01-20 22:06:26,002][__main__][INFO] - parameters: Parameter containing:
tensor([[-0.0964,  3.3347,  2.0386,  2.8047,  3.8272, -3.3014, -0.1949,  0.5870,
         -2.8580, -3.0337]], requires_grad=True)
[2023-01-20 22:06:26,171][__main__][INFO] - parameters: Parameter containing:
tensor([[-0.1756,  3.4488,  2.1242,  2.8111,  3.9381, -3.4324, -0.2350,  0.4920,
         -2.9982, -3.1449]], requires_grad=True)
[2023-01-20 22:06:26,339][__main__][INFO] - parameters: Parameter containing:
tensor([[-0.2007,  3.5906,  2.1668,  2.7647,  3.9803, -3.5636, -0.3050,  0.3611,
         -3.1435, -3.2853]], requires_grad=True)
[2023-01-20 22:06:26,561][__main__][INFO] - parameters: Parameter containing:
tensor([[-0.1772,  3.7385,  2.2065,  2.7885,  4.0711, -3.7204, -0.3137,  0.1819,
         -3.3139, -3.4002]], requires_grad=True)
[2023-01-20 22:06:26,733][__main__][INFO] - parameters: Parameter containing:
tensor([[-0.1582,  3.8755,  2.2550,  2.8466,  4.1729, -3.8618, -0.3306,  0.0126,
         -3.4967, -3.5076]], requires_grad=True)
[2023-01-20 22:06:26,903][__main__][INFO] - parameters: Parameter containing:
tensor([[-0.1227,  4.0000,  2.2881,  2.9455,  4.2821, -3.9888, -0.3882, -0.1259,
         -3.6831, -3.6330]], requires_grad=True)
[2023-01-20 22:06:27,078][__main__][INFO] - parameters: Parameter containing:
tensor([[-0.1168,  4.1171,  2.3514,  3.0337,  4.3707, -4.0689, -0.4403, -0.2822,
         -3.8497, -3.7509]], requires_grad=True)
[2023-01-20 22:06:27,252][__main__][INFO] - parameters: Parameter containing:
tensor([[-0.1622,  4.1652,  2.4074,  3.0713,  4.4486, -4.0525, -0.4449, -0.4942,
         -4.0051, -3.8313]], requires_grad=True)
[2023-01-20 22:06:27,422][__main__][INFO] - parameters: Parameter containing:
tensor([[-0.1633,  4.2240,  2.4273,  3.1660,  4.4859, -4.0080, -0.5187, -0.6989,
         -4.1481, -3.9467]], requires_grad=True)
[2023-01-20 22:06:27,615][__main__][INFO] - parameters: Parameter containing:
tensor([[-0.1565,  4.2176,  2.3589,  3.2370,  4.5319, -3.9445, -0.6075, -0.8784,
         -4.3406, -3.9985]], requires_grad=True)
[2023-01-20 22:06:27,794][__main__][INFO] - parameters: Parameter containing:
tensor([[-0.0884,  4.1540,  2.2273,  3.3483,  4.5775, -3.8381, -0.7066, -1.0205,
         -4.5473, -4.0192]], requires_grad=True)
[2023-01-20 22:06:27,961][__main__][INFO] - parameters: Parameter containing:
tensor([[-0.0624,  4.1623,  2.1599,  3.4197,  4.5581, -3.7546, -0.8376, -1.1637,
         -4.6730, -4.0795]], requires_grad=True)
[2023-01-20 22:06:28,145][__main__][INFO] - parameters: Parameter containing:
tensor([[-0.0314,  4.1346,  2.0562,  3.4699,  4.5557, -3.6509, -0.9525, -1.3160,
         -4.7929, -4.1268]], requires_grad=True)
[2023-01-20 22:06:28,313][__main__][INFO] - parameters: Parameter containing:
tensor([[ 0.0552,  4.0339,  1.9033,  3.5705,  4.6001, -3.4906, -0.9948, -1.4909,
         -4.9669, -4.1031]], requires_grad=True)
[2023-01-20 22:06:28,475][__main__][INFO] - parameters: Parameter containing:
tensor([[ 0.1084,  3.9329,  1.7416,  3.6337,  4.6009, -3.3037, -1.0672, -1.6725,
         -5.1166, -4.0813]], requires_grad=True)
[2023-01-20 22:06:28,678][__main__][INFO] - parameters: Parameter containing:
tensor([[ 0.1072,  3.8313,  1.6269,  3.6672,  4.6640, -3.1340, -1.0650, -1.8870,
         -5.2983, -4.0614]], requires_grad=True)
[2023-01-20 22:06:28,856][__main__][INFO] - parameters: Parameter containing:
tensor([[ 0.0749,  3.8012,  1.5556,  3.6542,  4.7024, -3.0345, -1.0886, -2.0572,
         -5.4309, -4.0899]], requires_grad=True)
[2023-01-20 22:06:29,034][__main__][INFO] - parameters: Parameter containing:
tensor([[ 0.0123,  3.7855,  1.5032,  3.6142,  4.7590, -2.9727, -1.0881, -2.2120,
         -5.5546, -4.1007]], requires_grad=True)
[2023-01-20 22:06:29,203][__main__][INFO] - parameters: Parameter containing:
tensor([[ 0.0154,  3.7977,  1.4380,  3.6089,  4.7858, -2.9162, -1.1006, -2.3828,
         -5.6634, -4.1008]], requires_grad=True)
[2023-01-20 22:06:29,387][__main__][INFO] - parameters: Parameter containing:
tensor([[ 0.0408,  3.7698,  1.3355,  3.5957,  4.8229, -2.8512, -1.1119, -2.5212,
         -5.7818, -4.0803]], requires_grad=True)
[2023-01-20 22:06:29,544][__main__][INFO] - parameters: Parameter containing:
tensor([[ 0.0407,  3.7284,  1.2412,  3.5572,  4.8746, -2.8161, -1.1247, -2.5893,
         -5.8895, -4.0768]], requires_grad=True)
[2023-01-20 22:06:29,728][__main__][INFO] - parameters: Parameter containing:
tensor([[ 0.0645,  3.6610,  1.1219,  3.5639,  4.9120, -2.7436, -1.1467, -2.6608,
         -6.0194, -4.0620]], requires_grad=True)
[2023-01-20 22:06:29,909][__main__][INFO] - parameters: Parameter containing:
tensor([[ 0.1324,  3.5935,  0.9535,  3.5982,  4.9432, -2.6620, -1.2044, -2.7563,
         -6.1641, -4.0441]], requires_grad=True)
[2023-01-20 22:06:30,085][__main__][INFO] - parameters: Parameter containing:
tensor([[ 0.1734,  3.5419,  0.8477,  3.6433,  4.9820, -2.5898, -1.2335, -2.8481,
         -6.2800, -4.0484]], requires_grad=True)
[2023-01-20 22:06:30,263][__main__][INFO] - parameters: Parameter containing:
tensor([[ 0.2290,  3.4646,  0.7334,  3.7399,  5.0712, -2.5167, -1.2344, -2.9373,
         -6.4209, -4.0243]], requires_grad=True)
[2023-01-20 22:06:30,454][__main__][INFO] - parameters: Parameter containing:
tensor([[ 0.2657,  3.3846,  0.6198,  3.7816,  5.1313, -2.4460, -1.2328, -3.0167,
         -6.5367, -3.9483]], requires_grad=True)
[2023-01-20 22:06:30,639][__main__][INFO] - parameters: Parameter containing:
tensor([[ 0.2820,  3.3335,  0.5257,  3.8201,  5.1840, -2.4041, -1.2762, -3.0756,
         -6.6573, -3.8941]], requires_grad=True)
[2023-01-20 22:06:30,817][__main__][INFO] - parameters: Parameter containing:
tensor([[ 0.2767,  3.2967,  0.4358,  3.8347,  5.1988, -2.3675, -1.3432, -3.1386,
         -6.7739, -3.7991]], requires_grad=True)
[2023-01-20 22:06:31,007][__main__][INFO] - parameters: Parameter containing:
tensor([[ 0.2963,  3.2935,  0.3300,  3.8535,  5.2140, -2.3758, -1.4361, -3.2006,
         -6.9114, -3.7518]], requires_grad=True)
[2023-01-20 22:06:31,199][__main__][INFO] - parameters: Parameter containing:
tensor([[ 0.3010,  3.3039,  0.2103,  3.8340,  5.2131, -2.4134, -1.5428, -3.2748,
         -7.0525, -3.7110]], requires_grad=True)
[2023-01-20 22:06:31,377][__main__][INFO] - parameters: Parameter containing:
tensor([[ 0.2705,  3.3299,  0.1426,  3.8320,  5.2236, -2.4231, -1.6668, -3.3538,
         -7.1689, -3.6973]], requires_grad=True)
[2023-01-20 22:06:31,545][__main__][INFO] - parameters: Parameter containing:
tensor([[ 0.2361,  3.3493,  0.0746,  3.8018,  5.2219, -2.4476, -1.7900, -3.3895,
         -7.2654, -3.6804]], requires_grad=True)
[2023-01-20 22:06:31,713][__main__][INFO] - parameters: Parameter containing:
tensor([[ 0.2103,  3.3780,  0.0496,  3.8027,  5.2452, -2.4712, -1.8800, -3.4329,
         -7.3394, -3.6667]], requires_grad=True)
[2023-01-20 22:06:31,908][__main__][INFO] - parameters: Parameter containing:
tensor([[ 0.1594,  3.4039,  0.0255,  3.7412,  5.2516, -2.5141, -1.9676, -3.4422,
         -7.3801, -3.6463]], requires_grad=True)
[2023-01-20 22:06:32,081][__main__][INFO] - parameters: Parameter containing:
tensor([[ 0.1217,  3.4446, -0.0109,  3.6429,  5.2399, -2.5637, -2.0416, -3.4526,
         -7.4117, -3.6349]], requires_grad=True)
[2023-01-20 22:06:32,260][__main__][INFO] - parameters: Parameter containing:
tensor([[ 0.0479,  3.5034,  0.0162,  3.5614,  5.2771, -2.6538, -2.0767, -3.4244,
         -7.4351, -3.6674]], requires_grad=True)
[2023-01-20 22:06:32,469][__main__][INFO] - parameters: Parameter containing:
tensor([[-0.0127,  3.5559,  0.0170,  3.4839,  5.2953, -2.7233, -2.1422, -3.4091,
         -7.4631, -3.6788]], requires_grad=True)
[2023-01-20 22:06:32,645][__main__][INFO] - parameters: Parameter containing:
tensor([[-0.0564,  3.6322,  0.0441,  3.4660,  5.3518, -2.8094, -2.2047, -3.4150,
         -7.5074, -3.7213]], requires_grad=True)
[2023-01-20 22:06:32,816][__main__][INFO] - parameters: Parameter containing:
tensor([[-0.0595,  3.6570,  0.0355,  3.4597,  5.3834, -2.8373, -2.2513, -3.4038,
         -7.5275, -3.7419]], requires_grad=True)
[2023-01-20 22:06:33,001][__main__][INFO] - parameters: Parameter containing:
tensor([[-0.0278,  3.7113,  0.0138,  3.4854,  5.3662, -2.8475, -2.3494, -3.3952,
         -7.5393, -3.8029]], requires_grad=True)
[2023-01-20 22:06:33,210][__main__][INFO] - parameters: Parameter containing:
tensor([[ 7.0117e-03,  3.7726e+00, -2.3667e-03,  3.5512e+00,  5.3425e+00,
         -2.8286e+00, -2.4633e+00, -3.3968e+00, -7.5360e+00, -3.9023e+00]],
       requires_grad=True)
[2023-01-20 22:06:33,391][__main__][INFO] - parameters: Parameter containing:
tensor([[ 0.0518,  3.8401, -0.0097,  3.6239,  5.3079, -2.7969, -2.5648, -3.4226,
         -7.5130, -4.0381]], requires_grad=True)
[2023-01-20 22:06:33,563][__main__][INFO] - parameters: Parameter containing:
tensor([[ 0.0873,  3.9225,  0.0127,  3.6785,  5.2744, -2.7925, -2.6487, -3.4185,
         -7.4517, -4.1693]], requires_grad=True)
[2023-01-20 22:06:33,729][__main__][INFO] - parameters: Parameter containing:
tensor([[ 0.0964,  4.0178,  0.0179,  3.6731,  5.2420, -2.8228, -2.7273, -3.4568,
         -7.4292, -4.2614]], requires_grad=True)
[2023-01-20 22:06:33,893][__main__][INFO] - parameters: Parameter containing:
tensor([[ 0.1451,  4.1033,  0.0125,  3.6955,  5.2326, -2.8663, -2.7791, -3.5032,
         -7.4132, -4.3513]], requires_grad=True)
[2023-01-20 22:06:34,058][__main__][INFO] - parameters: Parameter containing:
tensor([[ 1.6756e-01,  4.1909e+00,  4.5149e-03,  3.6786e+00,  5.1974e+00,
         -2.9194e+00, -2.8647e+00, -3.5112e+00, -7.3804e+00, -4.4586e+00]],
       requires_grad=True)
[2023-01-20 22:06:34,229][__main__][INFO] - parameters: Parameter containing:
tensor([[ 0.1574,  4.2790,  0.0348,  3.6346,  5.1562, -2.9792, -2.9289, -3.4858,
         -7.2961, -4.5682]], requires_grad=True)
[2023-01-20 22:06:34,411][__main__][INFO] - parameters: Parameter containing:
tensor([[ 0.1689,  4.3840,  0.0945,  3.6040,  5.0666, -3.0258, -2.9925, -3.4713,
         -7.1678, -4.6885]], requires_grad=True)
[2023-01-20 22:06:34,585][__main__][INFO] - parameters: Parameter containing:
tensor([[ 0.1893,  4.4870,  0.1538,  3.6052,  4.9981, -3.0368, -3.0390, -3.5029,
         -7.0557, -4.7986]], requires_grad=True)
[2023-01-20 22:06:34,758][__main__][INFO] - parameters: Parameter containing:
tensor([[ 0.2684,  4.5523,  0.1582,  3.6611,  4.9504, -3.0229, -3.0989, -3.5350,
         -6.9936, -4.8752]], requires_grad=True)
[2023-01-20 22:06:34,944][__main__][INFO] - parameters: Parameter containing:
tensor([[ 0.3726,  4.5810,  0.1245,  3.6958,  4.8668, -2.9740, -3.1664, -3.5802,
         -6.9371, -4.8949]], requires_grad=True)
[2023-01-20 22:06:35,118][__main__][INFO] - parameters: Parameter containing:
tensor([[ 0.4253,  4.6599,  0.1504,  3.7385,  4.8206, -2.9711, -3.2415, -3.6147,
         -6.8612, -4.9681]], requires_grad=True)
[2023-01-20 22:06:35,304][__main__][INFO] - parameters: Parameter containing:
tensor([[ 0.4318,  4.7609,  0.2134,  3.7465,  4.7588, -2.9775, -3.3002, -3.6731,
         -6.8019, -5.0328]], requires_grad=True)
[2023-01-20 22:06:35,528][__main__][INFO] - parameters: Parameter containing:
tensor([[ 0.4139,  4.7992,  0.2531,  3.7092,  4.7245, -2.9555, -3.3147, -3.7332,
         -6.7700, -5.0553]], requires_grad=True)
[2023-01-20 22:06:35,710][__main__][INFO] - parameters: Parameter containing:
tensor([[ 0.3313,  4.7391,  0.2976,  3.5985,  4.7980, -2.8577, -3.1419, -3.9630,
         -6.8082, -4.9853]], requires_grad=True)
[2023-01-20 22:06:35,890][__main__][INFO] - parameters: Parameter containing:
tensor([[ 0.2681,  4.6425,  0.2876,  3.4806,  4.8194, -2.7154, -3.0061, -4.1820,
         -6.8367, -4.8854]], requires_grad=True)
[2023-01-20 22:06:36,055][__main__][INFO] - parameters: Parameter containing:
tensor([[ 0.2225,  4.5605,  0.2871,  3.3656,  4.7939, -2.5563, -2.8979, -4.3681,
         -6.8149, -4.8057]], requires_grad=True)
[2023-01-20 22:06:36,279][__main__][INFO] - parameters: Parameter containing:
tensor([[ 0.1564,  4.4886,  0.2824,  3.2479,  4.7893, -2.4106, -2.7785, -4.5705,
         -6.8152, -4.7116]], requires_grad=True)
[2023-01-20 22:06:36,468][__main__][INFO] - parameters: Parameter containing:
tensor([[ 0.1176,  4.4294,  0.2410,  3.1072,  4.7652, -2.2887, -2.7086, -4.7335,
         -6.7906, -4.6532]], requires_grad=True)
[2023-01-20 22:06:36,656][__main__][INFO] - parameters: Parameter containing:
tensor([[ 0.0674,  4.3409,  0.1841,  2.9601,  4.7867, -2.1972, -2.6214, -4.8617,
         -6.7697, -4.5744]], requires_grad=True)
[2023-01-20 22:06:36,867][__main__][INFO] - parameters: Parameter containing:
tensor([[-0.0100,  4.2777,  0.1648,  2.8025,  4.8220, -2.1084, -2.5269, -5.0015,
         -6.7583, -4.5129]], requires_grad=True)
[2023-01-20 22:06:37,064][__main__][INFO] - parameters: Parameter containing:
tensor([[-0.0566,  4.2467,  0.1529,  2.6765,  4.8106, -2.0630, -2.4858, -5.0953,
         -6.7172, -4.4475]], requires_grad=True)
[2023-01-20 22:06:37,239][__main__][INFO] - parameters: Parameter containing:
tensor([[-0.0776,  4.2106,  0.1762,  2.5993,  4.8371, -1.9873, -2.3868, -5.1780,
         -6.6629, -4.3993]], requires_grad=True)
[2023-01-20 22:06:37,423][__main__][INFO] - parameters: Parameter containing:
tensor([[-0.0551,  4.1456,  0.0973,  2.5538,  4.8683, -1.9048, -2.3443, -5.2892,
         -6.7220, -4.3417]], requires_grad=True)
[2023-01-20 22:06:37,605][__main__][INFO] - parameters: Parameter containing:
tensor([[-0.0268,  4.0864,  0.0217,  2.5335,  4.9205, -1.8593, -2.3080, -5.3635,
         -6.7871, -4.3216]], requires_grad=True)
[2023-01-20 22:06:37,781][__main__][INFO] - parameters: Parameter containing:
tensor([[-0.0831,  4.0241, -0.0242,  2.4674,  4.9564, -1.8250, -2.2883, -5.4273,
         -6.8806, -4.2520]], requires_grad=True)
[2023-01-20 22:06:37,991][__main__][INFO] - parameters: Parameter containing:
tensor([[-0.1148,  3.9737, -0.0513,  2.4018,  4.9806, -1.8067, -2.2484, -5.4907,
         -6.9744, -4.1460]], requires_grad=True)
[2023-01-20 22:06:38,189][__main__][INFO] - parameters: Parameter containing:
tensor([[-0.1311,  3.9609, -0.0803,  2.3198,  4.9900, -1.8278, -2.2211, -5.5146,
         -7.0272, -4.1054]], requires_grad=True)
[2023-01-20 22:06:38,372][__main__][INFO] - parameters: Parameter containing:
tensor([[-0.1924,  3.9572, -0.0793,  2.2420,  5.0148, -1.8393, -2.1919, -5.5212,
         -7.0557, -4.0676]], requires_grad=True)
[2023-01-20 22:06:38,539][__main__][INFO] - parameters: Parameter containing:
tensor([[-0.2662,  3.9624, -0.0685,  2.1687,  5.0343, -1.8223, -2.1757, -5.5510,
         -7.0883, -4.0355]], requires_grad=True)
[2023-01-20 22:06:38,754][__main__][INFO] - parameters: Parameter containing:
tensor([[-0.3307,  3.9440, -0.0613,  2.1266,  5.0558, -1.7697, -2.1619, -5.5887,
         -7.1301, -3.9962]], requires_grad=True)
[2023-01-20 22:06:38,935][__main__][INFO] - parameters: Parameter containing:
tensor([[-0.3636,  3.9188, -0.0592,  2.1129,  5.0454, -1.6948, -2.1677, -5.6085,
         -7.1616, -3.9427]], requires_grad=True)
[2023-01-20 22:06:39,111][__main__][INFO] - parameters: Parameter containing:
tensor([[-0.3866,  3.9031, -0.0653,  2.0906,  5.0171, -1.6194, -2.1937, -5.6335,
         -7.2090, -3.8561]], requires_grad=True)
[2023-01-20 22:06:39,311][__main__][INFO] - parameters: Parameter containing:
tensor([[-0.4451,  3.9014, -0.0221,  2.0995,  5.0242, -1.5493, -2.2183, -5.6425,
         -7.2623, -3.7911]], requires_grad=True)
[2023-01-20 22:06:39,496][__main__][INFO] - parameters: Parameter containing:
tensor([[-0.4638,  3.9312,  0.0108,  2.1322,  4.9701, -1.4824, -2.2981, -5.6436,
         -7.2753, -3.7556]], requires_grad=True)
[2023-01-20 22:06:39,668][__main__][INFO] - parameters: Parameter containing:
tensor([[-0.4333,  3.9615,  0.0354,  2.1847,  4.9025, -1.4357, -2.3914, -5.6150,
         -7.2338, -3.7098]], requires_grad=True)
[2023-01-20 22:06:39,856][__main__][INFO] - parameters: Parameter containing:
tensor([[-0.3914,  4.0065,  0.0563,  2.2101,  4.7926, -1.3564, -2.4851, -5.6208,
         -7.1673, -3.6634]], requires_grad=True)
[2023-01-20 22:06:40,032][__main__][INFO] - parameters: Parameter containing:
tensor([[-0.3433,  4.0295,  0.0336,  2.2567,  4.6938, -1.2644, -2.5832, -5.6356,
         -7.1374, -3.6135]], requires_grad=True)
[2023-01-20 22:06:40,208][__main__][INFO] - parameters: Parameter containing:
tensor([[-2.9497e-01,  4.0312e+00,  2.6830e-03,  2.2719e+00,  4.5903e+00,
         -1.1832e+00, -2.6392e+00, -5.6440e+00, -7.1098e+00, -3.5194e+00]],
       requires_grad=True)
[2023-01-20 22:06:40,391][__main__][INFO] - parameters: Parameter containing:
tensor([[-0.2398,  4.0538, -0.0497,  2.2713,  4.4704, -1.1257, -2.7182, -5.6523,
         -7.1027, -3.4112]], requires_grad=True)
[2023-01-20 22:06:40,565][__main__][INFO] - parameters: Parameter containing:
tensor([[-0.1778,  4.0988, -0.1046,  2.2745,  4.2898, -1.0367, -2.8535, -5.6677,
         -7.0424, -3.3480]], requires_grad=True)
[2023-01-20 22:06:40,757][__main__][INFO] - parameters: Parameter containing:
tensor([[-0.1235,  4.1519, -0.1294,  2.2529,  4.1239, -0.9994, -2.9504, -5.6615,
         -6.9709, -3.2869]], requires_grad=True)
[2023-01-20 22:06:40,943][__main__][INFO] - parameters: Parameter containing:
tensor([[-0.0181,  4.1858, -0.2186,  2.2311,  3.9548, -0.9714, -3.0542, -5.6485,
         -6.9204, -3.2515]], requires_grad=True)
[2023-01-20 22:06:41,121][__main__][INFO] - parameters: Parameter containing:
tensor([[ 0.1177,  4.2192, -0.3159,  2.2404,  3.8211, -0.9672, -3.1330, -5.6361,
         -6.8596, -3.2252]], requires_grad=True)
[2023-01-20 22:06:41,304][__main__][INFO] - parameters: Parameter containing:
tensor([[ 0.2247,  4.2742, -0.3752,  2.2333,  3.6752, -0.9945, -3.1974, -5.6128,
         -6.7599, -3.1864]], requires_grad=True)
[2023-01-20 22:06:41,522][__main__][INFO] - parameters: Parameter containing:
tensor([[ 0.2354,  4.3355, -0.4094,  2.1462,  3.5636, -1.0667, -3.2448, -5.6051,
         -6.6806, -3.1865]], requires_grad=True)
[2023-01-20 22:06:41,703][__main__][INFO] - parameters: Parameter containing:
tensor([[ 0.2552,  4.3547, -0.4971,  1.9993,  3.4396, -1.1195, -3.2729, -5.5951,
         -6.6268, -3.2413]], requires_grad=True)
[2023-01-20 22:06:41,886][__main__][INFO] - parameters: Parameter containing:
tensor([[ 0.2716,  4.3597, -0.5560,  1.9017,  3.3557, -1.1366, -3.2724, -5.5906,
         -6.5974, -3.3217]], requires_grad=True)
[2023-01-20 22:06:42,079][__main__][INFO] - parameters: Parameter containing:
tensor([[ 0.3277,  4.3506, -0.6732,  1.8114,  3.2302, -1.1169, -3.3290, -5.5959,
         -6.5932, -3.3892]], requires_grad=True)
[2023-01-20 22:06:42,261][__main__][INFO] - parameters: Parameter containing:
tensor([[ 0.3696,  4.3768, -0.7712,  1.6995,  3.0877, -1.1285, -3.3955, -5.6113,
         -6.5768, -3.4889]], requires_grad=True)
